[ 25%] [32mBuilding CXX object CMakeFiles/imu_republisher.dir/src/imu_republisher.cpp.o[0m
[ 25%] Built target ament_cmake_python_copy_bumperbot_localization
[ 50%] [32mBuilding CXX object CMakeFiles/kalman_filter.dir/src/kalman_filter.cpp.o[0m
running egg_info
writing bumperbot_localization.egg-info/PKG-INFO
writing dependency_links to bumperbot_localization.egg-info/dependency_links.txt
writing top-level names to bumperbot_localization.egg-info/top_level.txt
reading manifest file 'bumperbot_localization.egg-info/SOURCES.txt'
writing manifest file 'bumperbot_localization.egg-info/SOURCES.txt'
[ 50%] Built target ament_cmake_python_build_bumperbot_localization_egg
[ 75%] [32m[1mLinking CXX executable imu_republisher[0m
[ 75%] Built target imu_republisher
[100%] [32m[1mLinking CXX executable kalman_filter[0m
[100%] Built target kalman_filter
-- Install configuration: ""
-- Installing: /home/ubuntu/BumperBot_V1/install/bumperbot_localization/share/bumperbot_localization/environment/pythonpath.sh
-- Installing: /home/ubuntu/BumperBot_V1/install/bumperbot_localization/share/bumperbot_localization/environment/pythonpath.dsv
-- Installing: /home/ubuntu/BumperBot_V1/install/bumperbot_localization/local/lib/python3.10/dist-packages/bumperbot_localization-0.0.0-py3.10.egg-info
-- Installing: /home/ubuntu/BumperBot_V1/install/bumperbot_localization/local/lib/python3.10/dist-packages/bumperbot_localization-0.0.0-py3.10.egg-info/PKG-INFO
-- Installing: /home/ubuntu/BumperBot_V1/install/bumperbot_localization/local/lib/python3.10/dist-packages/bumperbot_localization-0.0.0-py3.10.egg-info/SOURCES.txt
-- Installing: /home/ubuntu/BumperBot_V1/install/bumperbot_localization/local/lib/python3.10/dist-packages/bumperbot_localization-0.0.0-py3.10.egg-info/top_level.txt
-- Installing: /home/ubuntu/BumperBot_V1/install/bumperbot_localization/local/lib/python3.10/dist-packages/bumperbot_localization-0.0.0-py3.10.egg-info/dependency_links.txt
-- Installing: /home/ubuntu/BumperBot_V1/install/bumperbot_localization/local/lib/python3.10/dist-packages/bumperbot_localization
-- Installing: /home/ubuntu/BumperBot_V1/install/bumperbot_localization/local/lib/python3.10/dist-packages/bumperbot_localization/kalman_filter.py
-- Installing: /home/ubuntu/BumperBot_V1/install/bumperbot_localization/local/lib/python3.10/dist-packages/bumperbot_localization/imu_republisher.py
-- Installing: /home/ubuntu/BumperBot_V1/install/bumperbot_localization/local/lib/python3.10/dist-packages/bumperbot_localization/__init__.py
Listing '/home/ubuntu/BumperBot_V1/install/bumperbot_localization/local/lib/python3.10/dist-packages/bumperbot_localization'...
Compiling '/home/ubuntu/BumperBot_V1/install/bumperbot_localization/local/lib/python3.10/dist-packages/bumperbot_localization/__init__.py'...
Compiling '/home/ubuntu/BumperBot_V1/install/bumperbot_localization/local/lib/python3.10/dist-packages/bumperbot_localization/imu_republisher.py'...
Compiling '/home/ubuntu/BumperBot_V1/install/bumperbot_localization/local/lib/python3.10/dist-packages/bumperbot_localization/kalman_filter.py'...
-- Installing: /home/ubuntu/BumperBot_V1/install/bumperbot_localization/include/include
-- Installing: /home/ubuntu/BumperBot_V1/install/bumperbot_localization/include/include/bumperbot_localization
-- Installing: /home/ubuntu/BumperBot_V1/install/bumperbot_localization/include/include/bumperbot_localization/kalman_filter.hpp
-- Installing: /home/ubuntu/BumperBot_V1/install/bumperbot_localization/lib/bumperbot_localization/kalman_filter
-- Set runtime path of "/home/ubuntu/BumperBot_V1/install/bumperbot_localization/lib/bumperbot_localization/kalman_filter" to ""
-- Installing: /home/ubuntu/BumperBot_V1/install/bumperbot_localization/lib/bumperbot_localization/imu_republisher
-- Set runtime path of "/home/ubuntu/BumperBot_V1/install/bumperbot_localization/lib/bumperbot_localization/imu_republisher" to ""
-- Installing: /home/ubuntu/BumperBot_V1/install/bumperbot_localization/share/bumperbot_localization/launch
-- Installing: /home/ubuntu/BumperBot_V1/install/bumperbot_localization/share/bumperbot_localization/launch/local_localization.launch.py
-- Installing: /home/ubuntu/BumperBot_V1/install/bumperbot_localization/share/bumperbot_localization/config
-- Installing: /home/ubuntu/BumperBot_V1/install/bumperbot_localization/share/bumperbot_localization/config/ekf.yaml
-- Installing: /home/ubuntu/BumperBot_V1/install/bumperbot_localization/lib/bumperbot_localization/kalman_filter.py
-- Installing: /home/ubuntu/BumperBot_V1/install/bumperbot_localization/lib/bumperbot_localization/imu_republisher.py
-- Installing: /home/ubuntu/BumperBot_V1/install/bumperbot_localization/share/ament_index/resource_index/package_run_dependencies/bumperbot_localization
-- Installing: /home/ubuntu/BumperBot_V1/install/bumperbot_localization/share/ament_index/resource_index/parent_prefix_path/bumperbot_localization
-- Installing: /home/ubuntu/BumperBot_V1/install/bumperbot_localization/share/bumperbot_localization/environment/ament_prefix_path.sh
-- Installing: /home/ubuntu/BumperBot_V1/install/bumperbot_localization/share/bumperbot_localization/environment/ament_prefix_path.dsv
-- Installing: /home/ubuntu/BumperBot_V1/install/bumperbot_localization/share/bumperbot_localization/environment/path.sh
-- Installing: /home/ubuntu/BumperBot_V1/install/bumperbot_localization/share/bumperbot_localization/environment/path.dsv
-- Installing: /home/ubuntu/BumperBot_V1/install/bumperbot_localization/share/bumperbot_localization/local_setup.bash
-- Installing: /home/ubuntu/BumperBot_V1/install/bumperbot_localization/share/bumperbot_localization/local_setup.sh
-- Installing: /home/ubuntu/BumperBot_V1/install/bumperbot_localization/share/bumperbot_localization/local_setup.zsh
-- Installing: /home/ubuntu/BumperBot_V1/install/bumperbot_localization/share/bumperbot_localization/local_setup.dsv
-- Installing: /home/ubuntu/BumperBot_V1/install/bumperbot_localization/share/bumperbot_localization/package.dsv
-- Installing: /home/ubuntu/BumperBot_V1/install/bumperbot_localization/share/ament_index/resource_index/packages/bumperbot_localization
-- Installing: /home/ubuntu/BumperBot_V1/install/bumperbot_localization/share/bumperbot_localization/cmake/bumperbot_localizationConfig.cmake
-- Installing: /home/ubuntu/BumperBot_V1/install/bumperbot_localization/share/bumperbot_localization/cmake/bumperbot_localizationConfig-version.cmake
-- Installing: /home/ubuntu/BumperBot_V1/install/bumperbot_localization/share/bumperbot_localization/package.xml
