[0.109s] Invoking command in '/home/chaitanya/bumperbot_ws/build/bumperbot_localization': CMAKE_PREFIX_PATH=/opt/ros/humble /usr/bin/cmake /home/chaitanya/bumperbot_ws/src/bumperbot_localization -DCMAKE_INSTALL_PREFIX=/home/chaitanya/bumperbot_ws/install/bumperbot_localization
[0.718s] -- The C compiler identification is GNU 11.4.0
[1.605s] -- The CXX compiler identification is GNU 11.4.0
[1.680s] -- Detecting C compiler ABI info
[2.782s] -- Detecting C compiler ABI info - done
[2.846s] -- Check for working C compiler: /usr/bin/cc - skipped
[2.847s] -- Detecting C compile features
[2.848s] -- Detecting C compile features - done
[2.904s] -- Detecting CXX compiler ABI info
[4.148s] -- Detecting CXX compiler ABI info - done
[4.267s] -- Check for working CXX compiler: /usr/bin/c++ - skipped
[4.268s] -- Detecting CXX compile features
[4.270s] -- Detecting CXX compile features - done
[4.385s] -- Found ament_cmake: 1.3.11 (/opt/ros/humble/share/ament_cmake/cmake)
[6.381s] -- Found Python3: /usr/bin/python3 (found version "3.10.12") found components: Interpreter 
[8.257s] -- Found rclcpp: 16.0.12 (/opt/ros/humble/share/rclcpp/cmake)
[8.976s] -- Found rosidl_generator_c: 3.1.6 (/opt/ros/humble/share/rosidl_generator_c/cmake)
[9.224s] -- Found rosidl_adapter: 3.1.6 (/opt/ros/humble/share/rosidl_adapter/cmake)
[9.399s] -- Found rosidl_generator_cpp: 3.1.6 (/opt/ros/humble/share/rosidl_generator_cpp/cmake)
[9.723s] -- Using all available rosidl_typesupport_c: rosidl_typesupport_fastrtps_c;rosidl_typesupport_introspection_c
[10.267s] -- Using all available rosidl_typesupport_cpp: rosidl_typesupport_fastrtps_cpp;rosidl_typesupport_introspection_cpp
[11.504s] -- Found rmw_implementation_cmake: 6.1.2 (/opt/ros/humble/share/rmw_implementation_cmake/cmake)
[11.571s] -- Found rmw_fastrtps_cpp: 6.2.7 (/opt/ros/humble/share/rmw_fastrtps_cpp/cmake)
[12.652s] -- Found OpenSSL: /usr/lib/aarch64-linux-gnu/libcrypto.so (found version "3.0.2")  
[13.323s] -- Found FastRTPS: /opt/ros/humble/include  
[14.450s] -- Using RMW implementation 'rmw_fastrtps_cpp' as default
[14.714s] -- Looking for pthread.h
[16.231s] -- Looking for pthread.h - found
[16.234s] -- Performing Test CMAKE_HAVE_LIBC_PTHREAD
[17.731s] -- Performing Test CMAKE_HAVE_LIBC_PTHREAD - Success
[17.766s] -- Found Threads: TRUE  
[18.994s] -- Found rclpy: 3.3.16 (/opt/ros/humble/share/rclpy/cmake)
[19.040s] -- Found nav_msgs: 4.8.0 (/opt/ros/humble/share/nav_msgs/cmake)
[19.625s] -- Found sensor_msgs: 4.8.0 (/opt/ros/humble/share/sensor_msgs/cmake)
[23.366s] -- Configuring done
[23.900s] -- Generating done
[24.079s] -- Build files have been written to: /home/chaitanya/bumperbot_ws/build/bumperbot_localization
[24.354s] Invoked command in '/home/chaitanya/bumperbot_ws/build/bumperbot_localization' returned '0': CMAKE_PREFIX_PATH=/opt/ros/humble /usr/bin/cmake /home/chaitanya/bumperbot_ws/src/bumperbot_localization -DCMAKE_INSTALL_PREFIX=/home/chaitanya/bumperbot_ws/install/bumperbot_localization
[24.357s] Invoking command in '/home/chaitanya/bumperbot_ws/build/bumperbot_localization': CMAKE_PREFIX_PATH=/opt/ros/humble /usr/bin/cmake --build /home/chaitanya/bumperbot_ws/build/bumperbot_localization -- -j4 -l4
[25.105s] [ 25%] [32mBuilding CXX object CMakeFiles/kalman_filter.dir/src/kalman_filter.cpp.o[0m
