[0.118s] Invoking command in '/home/chaitanya/bumperbot_ws/build/bumperbot_controller': CMAKE_PREFIX_PATH=/opt/ros/humble /usr/bin/cmake /home/chaitanya/bumperbot_ws/src/bumperbot_controller -DCMAKE_INSTALL_PREFIX=/home/chaitanya/bumperbot_ws/install/bumperbot_controller
[1.495s] -- The C compiler identification is GNU 11.4.0
[2.559s] -- The CXX compiler identification is GNU 11.4.0
[2.757s] -- Detecting C compiler ABI info
[3.634s] -- Detecting C compiler ABI info - done
[3.695s] -- Check for working C compiler: /usr/bin/cc - skipped
[3.697s] -- Detecting C compile features
[3.698s] -- Detecting C compile features - done
[3.715s] -- Detecting CXX compiler ABI info
[4.530s] -- Detecting CXX compiler ABI info - done
[4.595s] -- Check for working CXX compiler: /usr/bin/c++ - skipped
[4.596s] -- Detecting CXX compile features
[4.596s] -- Detecting CXX compile features - done
[4.707s] -- Found ament_cmake: 1.3.11 (/opt/ros/humble/share/ament_cmake/cmake)
[6.625s] -- Found Python3: /usr/bin/python3 (found version "3.10.12") found components: Interpreter 
[7.937s] -- Found rclcpp: 16.0.12 (/opt/ros/humble/share/rclcpp/cmake)
[9.007s] -- Found rosidl_generator_c: 3.1.6 (/opt/ros/humble/share/rosidl_generator_c/cmake)
[9.062s] -- Found rosidl_adapter: 3.1.6 (/opt/ros/humble/share/rosidl_adapter/cmake)
[9.144s] -- Found rosidl_generator_cpp: 3.1.6 (/opt/ros/humble/share/rosidl_generator_cpp/cmake)
[9.270s] -- Using all available rosidl_typesupport_c: rosidl_typesupport_fastrtps_c;rosidl_typesupport_introspection_c
[9.413s] -- Using all available rosidl_typesupport_cpp: rosidl_typesupport_fastrtps_cpp;rosidl_typesupport_introspection_cpp
[10.001s] -- Found rmw_implementation_cmake: 6.1.2 (/opt/ros/humble/share/rmw_implementation_cmake/cmake)
[10.138s] -- Found rmw_fastrtps_cpp: 6.2.7 (/opt/ros/humble/share/rmw_fastrtps_cpp/cmake)
[11.568s] -- Found OpenSSL: /usr/lib/aarch64-linux-gnu/libcrypto.so (found version "3.0.2")  
[12.240s] -- Found FastRTPS: /opt/ros/humble/include  
[12.959s] -- Using RMW implementation 'rmw_fastrtps_cpp' as default
[13.147s] -- Looking for pthread.h
[13.973s] -- Looking for pthread.h - found
[13.976s] -- Performing Test CMAKE_HAVE_LIBC_PTHREAD
[14.721s] -- Performing Test CMAKE_HAVE_LIBC_PTHREAD - Success
[14.743s] -- Found Threads: TRUE  
[15.672s] -- Found rclpy: 3.3.16 (/opt/ros/humble/share/rclpy/cmake)
[15.732s] -- Found geometry_msgs: 4.8.0 (/opt/ros/humble/share/geometry_msgs/cmake)
[15.972s] -- Found sensor_msgs: 4.8.0 (/opt/ros/humble/share/sensor_msgs/cmake)
[16.266s] -- Found nav_msgs: 4.8.0 (/opt/ros/humble/share/nav_msgs/cmake)
[16.552s] -- Found tf2_ros: 0.25.12 (/opt/ros/humble/share/tf2_ros/cmake)
[20.047s] -- Configuring done
[20.241s] -- Generating done
[20.304s] -- Build files have been written to: /home/chaitanya/bumperbot_ws/build/bumperbot_controller
[20.405s] Invoked command in '/home/chaitanya/bumperbot_ws/build/bumperbot_controller' returned '0': CMAKE_PREFIX_PATH=/opt/ros/humble /usr/bin/cmake /home/chaitanya/bumperbot_ws/src/bumperbot_controller -DCMAKE_INSTALL_PREFIX=/home/chaitanya/bumperbot_ws/install/bumperbot_controller
[20.410s] Invoking command in '/home/chaitanya/bumperbot_ws/build/bumperbot_controller': CMAKE_PREFIX_PATH=/opt/ros/humble /usr/bin/cmake --build /home/chaitanya/bumperbot_ws/build/bumperbot_controller -- -j4 -l4
[20.911s] [ 25%] [32mBuilding CXX object CMakeFiles/simple_controller.dir/src/simple_controller.cpp.o[0m
[20.973s] [ 50%] [32mBuilding CXX object CMakeFiles/noisy_controller.dir/src/noisy_controller.cpp.o[0m
