[0.009s] Invoking command in '/home/ubuntu/BumperBot_V1/build/bumperbot_firmware': CMAKE_PREFIX_PATH=/opt/ros/humble /usr/bin/cmake --build /home/ubuntu/BumperBot_V1/build/bumperbot_firmware -- -j8 -l8
[0.052s] [35m[1mConsolidate compiler generated dependencies of target bumperbot_firmware[0m
[0.055s] [35m[1mConsolidate compiler generated dependencies of target simple_serial_transmitter[0m
[0.070s] [ 50%] Built target simple_serial_transmitter
[0.072s] [100%] Built target bumperbot_firmware
[0.079s] Invoked command in '/home/ubuntu/BumperBot_V1/build/bumperbot_firmware' returned '0': CMAKE_PREFIX_PATH=/opt/ros/humble /usr/bin/cmake --build /home/ubuntu/BumperBot_V1/build/bumperbot_firmware -- -j8 -l8
[0.080s] Invoking command in '/home/ubuntu/BumperBot_V1/build/bumperbot_firmware': CMAKE_PREFIX_PATH=/opt/ros/humble /usr/bin/cmake --install /home/ubuntu/BumperBot_V1/build/bumperbot_firmware
[0.084s] -- Install configuration: ""
[0.084s] -- Up-to-date: /home/ubuntu/BumperBot_V1/install/bumperbot_firmware/share/bumperbot_firmware/src/BumperbotHardware.xml
[0.084s] -- Up-to-date: /home/ubuntu/BumperBot_V1/install/bumperbot_firmware/lib/libbumperbot_firmware.so
[0.084s] -- Up-to-date: /home/ubuntu/BumperBot_V1/install/bumperbot_firmware/lib/bumperbot_firmware/simple_serial_transmitter
[0.084s] -- Up-to-date: /home/ubuntu/BumperBot_V1/install/bumperbot_firmware/include/include
[0.084s] -- Up-to-date: /home/ubuntu/BumperBot_V1/install/bumperbot_firmware/include/include/bumperbot_firmware
[0.084s] -- Up-to-date: /home/ubuntu/BumperBot_V1/install/bumperbot_firmware/include/include/bumperbot_firmware/bumperbot_interface.hpp
[0.084s] -- Up-to-date: /home/ubuntu/BumperBot_V1/install/bumperbot_firmware/share/launch
[0.084s] -- Up-to-date: /home/ubuntu/BumperBot_V1/install/bumperbot_firmware/share/launch/hardware_interface.launch.py
[0.084s] -- Up-to-date: /home/ubuntu/BumperBot_V1/install/bumperbot_firmware/share/bumperbot_firmware/BumperbotHardware.xml
[0.085s] -- Up-to-date: /home/ubuntu/BumperBot_V1/install/bumperbot_firmware/share/bumperbot_firmware/environment/library_path.sh
[0.085s] -- Up-to-date: /home/ubuntu/BumperBot_V1/install/bumperbot_firmware/share/bumperbot_firmware/environment/library_path.dsv
[0.085s] -- Up-to-date: /home/ubuntu/BumperBot_V1/install/bumperbot_firmware/share/ament_index/resource_index/package_run_dependencies/bumperbot_firmware
[0.085s] -- Up-to-date: /home/ubuntu/BumperBot_V1/install/bumperbot_firmware/share/ament_index/resource_index/parent_prefix_path/bumperbot_firmware
[0.085s] -- Up-to-date: /home/ubuntu/BumperBot_V1/install/bumperbot_firmware/share/bumperbot_firmware/environment/ament_prefix_path.sh
[0.085s] -- Up-to-date: /home/ubuntu/BumperBot_V1/install/bumperbot_firmware/share/bumperbot_firmware/environment/ament_prefix_path.dsv
[0.087s] -- Up-to-date: /home/ubuntu/BumperBot_V1/install/bumperbot_firmware/share/bumperbot_firmware/environment/path.sh
[0.087s] -- Up-to-date: /home/ubuntu/BumperBot_V1/install/bumperbot_firmware/share/bumperbot_firmware/environment/path.dsv
[0.087s] -- Up-to-date: /home/ubuntu/BumperBot_V1/install/bumperbot_firmware/share/bumperbot_firmware/local_setup.bash
[0.087s] -- Up-to-date: /home/ubuntu/BumperBot_V1/install/bumperbot_firmware/share/bumperbot_firmware/local_setup.sh
[0.088s] -- Up-to-date: /home/ubuntu/BumperBot_V1/install/bumperbot_firmware/share/bumperbot_firmware/local_setup.zsh
[0.088s] -- Up-to-date: /home/ubuntu/BumperBot_V1/install/bumperbot_firmware/share/bumperbot_firmware/local_setup.dsv
[0.088s] -- Installing: /home/ubuntu/BumperBot_V1/install/bumperbot_firmware/share/bumperbot_firmware/package.dsv
[0.088s] -- Up-to-date: /home/ubuntu/BumperBot_V1/install/bumperbot_firmware/share/ament_index/resource_index/packages/bumperbot_firmware
[0.088s] -- Up-to-date: /home/ubuntu/BumperBot_V1/install/bumperbot_firmware/share/ament_index/resource_index/bumperbot_firmware__pluginlib__plugin/bumperbot_firmware
[0.088s] -- Up-to-date: /home/ubuntu/BumperBot_V1/install/bumperbot_firmware/share/bumperbot_firmware/cmake/ament_cmake_export_include_directories-extras.cmake
[0.088s] -- Up-to-date: /home/ubuntu/BumperBot_V1/install/bumperbot_firmware/share/bumperbot_firmware/cmake/ament_cmake_export_libraries-extras.cmake
[0.088s] -- Up-to-date: /home/ubuntu/BumperBot_V1/install/bumperbot_firmware/share/bumperbot_firmware/cmake/ament_cmake_export_dependencies-extras.cmake
[0.088s] -- Up-to-date: /home/ubuntu/BumperBot_V1/install/bumperbot_firmware/share/bumperbot_firmware/cmake/bumperbot_firmwareConfig.cmake
[0.088s] -- Up-to-date: /home/ubuntu/BumperBot_V1/install/bumperbot_firmware/share/bumperbot_firmware/cmake/bumperbot_firmwareConfig-version.cmake
[0.088s] -- Up-to-date: /home/ubuntu/BumperBot_V1/install/bumperbot_firmware/share/bumperbot_firmware/package.xml
[0.088s] Invoked command in '/home/ubuntu/BumperBot_V1/build/bumperbot_firmware' returned '0': CMAKE_PREFIX_PATH=/opt/ros/humble /usr/bin/cmake --install /home/ubuntu/BumperBot_V1/build/bumperbot_firmware
