[0.011s] Invoking command in '/home/ubuntu/BumperBot_V1/build/bumperbot_cpp_examples': AMENT_PREFIX_PATH=/home/ubuntu/BumperBot_V1/install/bumperbot_msgs:${AMENT_PREFIX_PATH} CMAKE_PREFIX_PATH=/home/ubuntu/BumperBot_V1/install/bumperbot_msgs:/opt/ros/humble LD_LIBRARY_PATH=/home/ubuntu/BumperBot_V1/install/bumperbot_msgs/lib:${LD_LIBRARY_PATH} PYTHONPATH=/home/ubuntu/BumperBot_V1/install/bumperbot_msgs/local/lib/python3.10/dist-packages:${PYTHONPATH} /usr/bin/cmake --build /home/ubuntu/BumperBot_V1/build/bumperbot_cpp_examples -- -j8 -l8
[0.052s] [35m[1mConsolidate compiler generated dependencies of target simple_service_client[0m
[0.052s] [35m[1mConsolidate compiler generated dependencies of target simple_turtlesim_kinematics[0m
[0.052s] [35m[1mConsolidate compiler generated dependencies of target simple_tf_kinematics[0m
[0.052s] [35m[1mConsolidate compiler generated dependencies of target simple_parameter[0m
[0.053s] [35m[1mConsolidate compiler generated dependencies of target simple_subscriber[0m
[0.053s] [35m[1mConsolidate compiler generated dependencies of target simple_publisher[0m
[0.053s] [35m[1mConsolidate compiler generated dependencies of target simple_service_server[0m
[0.054s] [35m[1mConsolidate compiler generated dependencies of target simple_lifecycle_node[0m
[0.062s] [ 12%] Built target simple_parameter
[0.064s] [ 25%] Built target simple_service_client
[0.064s] [ 37%] Built target simple_lifecycle_node
[0.065s] [ 50%] Built target simple_turtlesim_kinematics
[0.066s] [ 62%] Built target simple_tf_kinematics
[0.068s] [ 75%] Built target simple_publisher
[0.072s] [100%] Built target simple_subscriber
[0.072s] [100%] Built target simple_service_server
[0.139s] Invoked command in '/home/ubuntu/BumperBot_V1/build/bumperbot_cpp_examples' returned '0': AMENT_PREFIX_PATH=/home/ubuntu/BumperBot_V1/install/bumperbot_msgs:${AMENT_PREFIX_PATH} CMAKE_PREFIX_PATH=/home/ubuntu/BumperBot_V1/install/bumperbot_msgs:/opt/ros/humble LD_LIBRARY_PATH=/home/ubuntu/BumperBot_V1/install/bumperbot_msgs/lib:${LD_LIBRARY_PATH} PYTHONPATH=/home/ubuntu/BumperBot_V1/install/bumperbot_msgs/local/lib/python3.10/dist-packages:${PYTHONPATH} /usr/bin/cmake --build /home/ubuntu/BumperBot_V1/build/bumperbot_cpp_examples -- -j8 -l8
[0.140s] Invoking command in '/home/ubuntu/BumperBot_V1/build/bumperbot_cpp_examples': AMENT_PREFIX_PATH=/home/ubuntu/BumperBot_V1/install/bumperbot_msgs:${AMENT_PREFIX_PATH} CMAKE_PREFIX_PATH=/home/ubuntu/BumperBot_V1/install/bumperbot_msgs:/opt/ros/humble LD_LIBRARY_PATH=/home/ubuntu/BumperBot_V1/install/bumperbot_msgs/lib:${LD_LIBRARY_PATH} PYTHONPATH=/home/ubuntu/BumperBot_V1/install/bumperbot_msgs/local/lib/python3.10/dist-packages:${PYTHONPATH} /usr/bin/cmake --install /home/ubuntu/BumperBot_V1/build/bumperbot_cpp_examples
[0.144s] -- Install configuration: ""
[0.144s] -- Up-to-date: /home/ubuntu/BumperBot_V1/install/bumperbot_cpp_examples/include/include
[0.144s] -- Up-to-date: /home/ubuntu/BumperBot_V1/install/bumperbot_cpp_examples/include/include/bumperbot_cpp_examples
[0.144s] -- Up-to-date: /home/ubuntu/BumperBot_V1/install/bumperbot_cpp_examples/include/include/bumperbot_cpp_examples/simple_tf_kinematics.hpp
[0.144s] -- Up-to-date: /home/ubuntu/BumperBot_V1/install/bumperbot_cpp_examples/include/include/bumperbot_cpp_examples/simple_turtlesim_kinematics.hpp
[0.144s] -- Up-to-date: /home/ubuntu/BumperBot_V1/install/bumperbot_cpp_examples/lib/bumperbot_cpp_examples/simple_publisher
[0.144s] -- Up-to-date: /home/ubuntu/BumperBot_V1/install/bumperbot_cpp_examples/lib/bumperbot_cpp_examples/simple_subscriber
[0.144s] -- Up-to-date: /home/ubuntu/BumperBot_V1/install/bumperbot_cpp_examples/lib/bumperbot_cpp_examples/simple_parameter
[0.144s] -- Up-to-date: /home/ubuntu/BumperBot_V1/install/bumperbot_cpp_examples/lib/bumperbot_cpp_examples/simple_turtlesim_kinematics
[0.144s] -- Up-to-date: /home/ubuntu/BumperBot_V1/install/bumperbot_cpp_examples/lib/bumperbot_cpp_examples/simple_service_server
[0.144s] -- Up-to-date: /home/ubuntu/BumperBot_V1/install/bumperbot_cpp_examples/lib/bumperbot_cpp_examples/simple_service_client
[0.144s] -- Up-to-date: /home/ubuntu/BumperBot_V1/install/bumperbot_cpp_examples/lib/bumperbot_cpp_examples/simple_tf_kinematics
[0.145s] -- Up-to-date: /home/ubuntu/BumperBot_V1/install/bumperbot_cpp_examples/lib/bumperbot_cpp_examples/simple_lifecycle_node
[0.145s] -- Up-to-date: /home/ubuntu/BumperBot_V1/install/bumperbot_cpp_examples/share/ament_index/resource_index/package_run_dependencies/bumperbot_cpp_examples
[0.145s] -- Up-to-date: /home/ubuntu/BumperBot_V1/install/bumperbot_cpp_examples/share/ament_index/resource_index/parent_prefix_path/bumperbot_cpp_examples
[0.145s] -- Up-to-date: /home/ubuntu/BumperBot_V1/install/bumperbot_cpp_examples/share/bumperbot_cpp_examples/environment/ament_prefix_path.sh
[0.145s] -- Up-to-date: /home/ubuntu/BumperBot_V1/install/bumperbot_cpp_examples/share/bumperbot_cpp_examples/environment/ament_prefix_path.dsv
[0.145s] -- Up-to-date: /home/ubuntu/BumperBot_V1/install/bumperbot_cpp_examples/share/bumperbot_cpp_examples/environment/path.sh
[0.145s] -- Up-to-date: /home/ubuntu/BumperBot_V1/install/bumperbot_cpp_examples/share/bumperbot_cpp_examples/environment/path.dsv
[0.145s] -- Up-to-date: /home/ubuntu/BumperBot_V1/install/bumperbot_cpp_examples/share/bumperbot_cpp_examples/local_setup.bash
[0.145s] -- Up-to-date: /home/ubuntu/BumperBot_V1/install/bumperbot_cpp_examples/share/bumperbot_cpp_examples/local_setup.sh
[0.145s] -- Up-to-date: /home/ubuntu/BumperBot_V1/install/bumperbot_cpp_examples/share/bumperbot_cpp_examples/local_setup.zsh
[0.145s] -- Up-to-date: /home/ubuntu/BumperBot_V1/install/bumperbot_cpp_examples/share/bumperbot_cpp_examples/local_setup.dsv
[0.145s] -- Installing: /home/ubuntu/BumperBot_V1/install/bumperbot_cpp_examples/share/bumperbot_cpp_examples/package.dsv
[0.145s] -- Up-to-date: /home/ubuntu/BumperBot_V1/install/bumperbot_cpp_examples/share/ament_index/resource_index/packages/bumperbot_cpp_examples
[0.145s] -- Up-to-date: /home/ubuntu/BumperBot_V1/install/bumperbot_cpp_examples/share/bumperbot_cpp_examples/cmake/bumperbot_cpp_examplesConfig.cmake
[0.145s] -- Up-to-date: /home/ubuntu/BumperBot_V1/install/bumperbot_cpp_examples/share/bumperbot_cpp_examples/cmake/bumperbot_cpp_examplesConfig-version.cmake
[0.145s] -- Up-to-date: /home/ubuntu/BumperBot_V1/install/bumperbot_cpp_examples/share/bumperbot_cpp_examples/package.xml
[0.146s] Invoked command in '/home/ubuntu/BumperBot_V1/build/bumperbot_cpp_examples' returned '0': AMENT_PREFIX_PATH=/home/ubuntu/BumperBot_V1/install/bumperbot_msgs:${AMENT_PREFIX_PATH} CMAKE_PREFIX_PATH=/home/ubuntu/BumperBot_V1/install/bumperbot_msgs:/opt/ros/humble LD_LIBRARY_PATH=/home/ubuntu/BumperBot_V1/install/bumperbot_msgs/lib:${LD_LIBRARY_PATH} PYTHONPATH=/home/ubuntu/BumperBot_V1/install/bumperbot_msgs/local/lib/python3.10/dist-packages:${PYTHONPATH} /usr/bin/cmake --install /home/ubuntu/BumperBot_V1/build/bumperbot_cpp_examples
