[0.012s] Invoking command in '/home/ubuntu/BumperBot_V1/build/bumperbot_controller': CMAKE_PREFIX_PATH=/opt/ros/humble /usr/bin/cmake /home/ubuntu/BumperBot_V1/src/bumperbot_controller -DCMAKE_INSTALL_PREFIX=/home/ubuntu/BumperBot_V1/install/bumperbot_controller
[0.099s] -- The C compiler identification is GNU 11.4.0
[0.157s] -- The CXX compiler identification is GNU 11.4.0
[0.165s] -- Detecting C compiler ABI info
[0.208s] -- Detecting C compiler ABI info - done
[0.213s] -- Check for working C compiler: /usr/bin/cc - skipped
[0.213s] -- Detecting C compile features
[0.214s] -- Detecting C compile features - done
[0.216s] -- Detecting CXX compiler ABI info
[0.260s] -- Detecting CXX compiler ABI info - done
[0.265s] -- Check for working CXX compiler: /usr/bin/c++ - skipped
[0.265s] -- Detecting CXX compile features
[0.265s] -- Detecting CXX compile features - done
[0.269s] -- Found ament_cmake: 1.3.11 (/opt/ros/humble/share/ament_cmake/cmake)
[0.392s] -- Found Python3: /usr/bin/python3 (found version "3.10.12") found components: Interpreter 
[0.467s] -- Found rclcpp: 16.0.12 (/opt/ros/humble/share/rclcpp/cmake)
[0.508s] -- Found rosidl_generator_c: 3.1.6 (/opt/ros/humble/share/rosidl_generator_c/cmake)
[0.510s] -- Found rosidl_adapter: 3.1.6 (/opt/ros/humble/share/rosidl_adapter/cmake)
[0.515s] -- Found rosidl_generator_cpp: 3.1.6 (/opt/ros/humble/share/rosidl_generator_cpp/cmake)
[0.523s] -- Using all available rosidl_typesupport_c: rosidl_typesupport_fastrtps_c;rosidl_typesupport_introspection_c
[0.532s] -- Using all available rosidl_typesupport_cpp: rosidl_typesupport_fastrtps_cpp;rosidl_typesupport_introspection_cpp
[0.563s] -- Found rmw_implementation_cmake: 6.1.2 (/opt/ros/humble/share/rmw_implementation_cmake/cmake)
[0.565s] -- Found rmw_fastrtps_cpp: 6.2.7 (/opt/ros/humble/share/rmw_fastrtps_cpp/cmake)
[0.617s] -- Found OpenSSL: /usr/lib/aarch64-linux-gnu/libcrypto.so (found version "3.0.2")  
[0.635s] -- Found FastRTPS: /opt/ros/humble/include  
[0.661s] -- Using RMW implementation 'rmw_fastrtps_cpp' as default
[0.667s] -- Looking for pthread.h
[0.738s] -- Looking for pthread.h - found
[0.738s] -- Performing Test CMAKE_HAVE_LIBC_PTHREAD
[0.770s] -- Performing Test CMAKE_HAVE_LIBC_PTHREAD - Success
[0.771s] -- Found Threads: TRUE  
[0.805s] -- Found rclpy: 3.3.16 (/opt/ros/humble/share/rclpy/cmake)
[0.805s] -- Found geometry_msgs: 4.8.0 (/opt/ros/humble/share/geometry_msgs/cmake)
[0.815s] -- Found sensor_msgs: 4.8.0 (/opt/ros/humble/share/sensor_msgs/cmake)
[0.828s] -- Found nav_msgs: 4.8.0 (/opt/ros/humble/share/nav_msgs/cmake)
[0.841s] -- Found tf2_ros: 0.25.12 (/opt/ros/humble/share/tf2_ros/cmake)
[0.997s] -- Configuring done
[1.007s] -- Generating done
[1.012s] -- Build files have been written to: /home/ubuntu/BumperBot_V1/build/bumperbot_controller
[1.017s] Invoked command in '/home/ubuntu/BumperBot_V1/build/bumperbot_controller' returned '0': CMAKE_PREFIX_PATH=/opt/ros/humble /usr/bin/cmake /home/ubuntu/BumperBot_V1/src/bumperbot_controller -DCMAKE_INSTALL_PREFIX=/home/ubuntu/BumperBot_V1/install/bumperbot_controller
[1.017s] Invoking command in '/home/ubuntu/BumperBot_V1/build/bumperbot_controller': CMAKE_PREFIX_PATH=/opt/ros/humble /usr/bin/cmake --build /home/ubuntu/BumperBot_V1/build/bumperbot_controller -- -j8 -l8
[1.053s] [ 25%] [32mBuilding CXX object CMakeFiles/simple_controller.dir/src/simple_controller.cpp.o[0m
[1.054s] [ 50%] [32mBuilding CXX object CMakeFiles/noisy_controller.dir/src/noisy_controller.cpp.o[0m
[1.057s] [ 50%] Built target ament_cmake_python_copy_bumperbot_controller
[1.203s] running egg_info
[1.204s] creating bumperbot_controller.egg-info
[1.204s] writing bumperbot_controller.egg-info/PKG-INFO
[1.204s] writing dependency_links to bumperbot_controller.egg-info/dependency_links.txt
[1.204s] writing top-level names to bumperbot_controller.egg-info/top_level.txt
[1.205s] writing manifest file 'bumperbot_controller.egg-info/SOURCES.txt'
[1.206s] reading manifest file 'bumperbot_controller.egg-info/SOURCES.txt'
[1.206s] writing manifest file 'bumperbot_controller.egg-info/SOURCES.txt'
[1.224s] [ 50%] Built target ament_cmake_python_build_bumperbot_controller_egg
