[3.058s] DEBUG:colcon:Command line arguments: ['/usr/bin/colcon', 'build', '--packages-select', 'bumperbot_decription']
[3.058s] DEBUG:colcon:Parsed command line arguments: Namespace(log_base=None, log_level=None, verb_name='build', build_base='build', install_base='install', merge_install=False, symlink_install=False, test_result_base=None, continue_on_error=False, executor='parallel', parallel_workers=4, event_handlers=None, ignore_user_meta=False, metas=['./colcon.meta'], base_paths=['.'], packages_ignore=None, packages_ignore_regex=None, paths=None, packages_up_to=None, packages_up_to_regex=None, packages_above=None, packages_above_and_dependencies=None, packages_above_depth=None, packages_select_by_dep=None, packages_skip_by_dep=None, packages_skip_up_to=None, packages_select_build_failed=False, packages_skip_build_finished=False, packages_select_test_failures=False, packages_skip_test_passed=False, packages_select=['bumperbot_decription'], packages_skip=None, packages_select_regex=None, packages_skip_regex=None, packages_start=None, packages_end=None, allow_overriding=[], cmake_args=None, cmake_target=None, cmake_target_skip_unavailable=False, cmake_clean_cache=False, cmake_clean_first=False, cmake_force_configure=False, ament_cmake_args=None, catkin_cmake_args=None, catkin_skip_building_tests=False, verb_parser=<colcon_defaults.argument_parser.defaults.DefaultArgumentsDecorator object at 0xffff8447bc70>, verb_extension=<colcon_core.verb.build.BuildVerb object at 0xffff84669000>, main=<bound method BuildVerb.main of <colcon_core.verb.build.BuildVerb object at 0xffff84669000>>)
[4.491s] Level 1:colcon.colcon_core.package_discovery:discover_packages(colcon_meta) check parameters
[4.492s] Level 1:colcon.colcon_core.package_discovery:discover_packages(recursive) check parameters
[4.493s] Level 1:colcon.colcon_core.package_discovery:discover_packages(ignore) check parameters
[4.493s] Level 1:colcon.colcon_core.package_discovery:discover_packages(path) check parameters
[4.493s] Level 1:colcon.colcon_core.package_discovery:discover_packages(colcon_meta) discover
[4.494s] Level 1:colcon.colcon_core.package_discovery:discover_packages(recursive) discover
[4.494s] INFO:colcon.colcon_core.package_discovery:Crawling recursively for packages in '/home/chaitanya/bumperbot_ws'
[4.494s] Level 1:colcon.colcon_core.package_identification:_identify(.) by extensions ['ignore', 'ignore_ament_install']
[4.495s] Level 1:colcon.colcon_core.package_identification:_identify(.) by extension 'ignore'
[4.495s] Level 1:colcon.colcon_core.package_identification:_identify(.) by extension 'ignore_ament_install'
[4.496s] Level 1:colcon.colcon_core.package_identification:_identify(.) by extensions ['colcon_pkg']
[4.496s] Level 1:colcon.colcon_core.package_identification:_identify(.) by extension 'colcon_pkg'
[4.497s] Level 1:colcon.colcon_core.package_identification:_identify(.) by extensions ['colcon_meta']
[4.497s] Level 1:colcon.colcon_core.package_identification:_identify(.) by extension 'colcon_meta'
[4.497s] Level 1:colcon.colcon_core.package_identification:_identify(.) by extensions ['ros']
[4.497s] Level 1:colcon.colcon_core.package_identification:_identify(.) by extension 'ros'
[4.580s] Level 1:colcon.colcon_core.package_identification:_identify(.) by extensions ['cmake', 'python']
[4.580s] Level 1:colcon.colcon_core.package_identification:_identify(.) by extension 'cmake'
[4.581s] Level 1:colcon.colcon_core.package_identification:_identify(.) by extension 'python'
[4.581s] Level 1:colcon.colcon_core.package_identification:_identify(.) by extensions ['python_setup_py']
[4.581s] Level 1:colcon.colcon_core.package_identification:_identify(.) by extension 'python_setup_py'
[4.582s] Level 1:colcon.colcon_core.package_identification:_identify(build) by extensions ['ignore', 'ignore_ament_install']
[4.583s] Level 1:colcon.colcon_core.package_identification:_identify(build) by extension 'ignore'
[4.583s] Level 1:colcon.colcon_core.package_identification:_identify(build) ignored
[4.584s] Level 1:colcon.colcon_core.package_identification:_identify(install) by extensions ['ignore', 'ignore_ament_install']
[4.585s] Level 1:colcon.colcon_core.package_identification:_identify(install) by extension 'ignore'
[4.585s] Level 1:colcon.colcon_core.package_identification:_identify(install) ignored
[4.586s] Level 1:colcon.colcon_core.package_identification:_identify(log) by extensions ['ignore', 'ignore_ament_install']
[4.586s] Level 1:colcon.colcon_core.package_identification:_identify(log) by extension 'ignore'
[4.587s] Level 1:colcon.colcon_core.package_identification:_identify(log) ignored
[4.587s] Level 1:colcon.colcon_core.package_identification:_identify(src) by extensions ['ignore', 'ignore_ament_install']
[4.588s] Level 1:colcon.colcon_core.package_identification:_identify(src) by extension 'ignore'
[4.589s] Level 1:colcon.colcon_core.package_identification:_identify(src) by extension 'ignore_ament_install'
[4.589s] Level 1:colcon.colcon_core.package_identification:_identify(src) by extensions ['colcon_pkg']
[4.589s] Level 1:colcon.colcon_core.package_identification:_identify(src) by extension 'colcon_pkg'
[4.590s] Level 1:colcon.colcon_core.package_identification:_identify(src) by extensions ['colcon_meta']
[4.590s] Level 1:colcon.colcon_core.package_identification:_identify(src) by extension 'colcon_meta'
[4.590s] Level 1:colcon.colcon_core.package_identification:_identify(src) by extensions ['ros']
[4.590s] Level 1:colcon.colcon_core.package_identification:_identify(src) by extension 'ros'
[4.591s] Level 1:colcon.colcon_core.package_identification:_identify(src) by extensions ['cmake', 'python']
[4.591s] Level 1:colcon.colcon_core.package_identification:_identify(src) by extension 'cmake'
[4.591s] Level 1:colcon.colcon_core.package_identification:_identify(src) by extension 'python'
[4.592s] Level 1:colcon.colcon_core.package_identification:_identify(src) by extensions ['python_setup_py']
[4.592s] Level 1:colcon.colcon_core.package_identification:_identify(src) by extension 'python_setup_py'
[4.593s] Level 1:colcon.colcon_core.package_identification:_identify(src/bumperbot_controller) by extensions ['ignore', 'ignore_ament_install']
[4.593s] Level 1:colcon.colcon_core.package_identification:_identify(src/bumperbot_controller) by extension 'ignore'
[4.594s] Level 1:colcon.colcon_core.package_identification:_identify(src/bumperbot_controller) by extension 'ignore_ament_install'
[4.594s] Level 1:colcon.colcon_core.package_identification:_identify(src/bumperbot_controller) by extensions ['colcon_pkg']
[4.595s] Level 1:colcon.colcon_core.package_identification:_identify(src/bumperbot_controller) by extension 'colcon_pkg'
[4.595s] Level 1:colcon.colcon_core.package_identification:_identify(src/bumperbot_controller) by extensions ['colcon_meta']
[4.595s] Level 1:colcon.colcon_core.package_identification:_identify(src/bumperbot_controller) by extension 'colcon_meta'
[4.595s] Level 1:colcon.colcon_core.package_identification:_identify(src/bumperbot_controller) by extensions ['ros']
[4.596s] Level 1:colcon.colcon_core.package_identification:_identify(src/bumperbot_controller) by extension 'ros'
[4.612s] DEBUG:colcon.colcon_core.package_identification:Package 'src/bumperbot_controller' with type 'ros.ament_cmake' and name 'bumperbot_controller'
[4.614s] Level 1:colcon.colcon_core.package_identification:_identify(src/bumperbot_cpp_examples) by extensions ['ignore', 'ignore_ament_install']
[4.615s] Level 1:colcon.colcon_core.package_identification:_identify(src/bumperbot_cpp_examples) by extension 'ignore'
[4.615s] Level 1:colcon.colcon_core.package_identification:_identify(src/bumperbot_cpp_examples) by extension 'ignore_ament_install'
[4.616s] Level 1:colcon.colcon_core.package_identification:_identify(src/bumperbot_cpp_examples) by extensions ['colcon_pkg']
[4.616s] Level 1:colcon.colcon_core.package_identification:_identify(src/bumperbot_cpp_examples) by extension 'colcon_pkg'
[4.617s] Level 1:colcon.colcon_core.package_identification:_identify(src/bumperbot_cpp_examples) by extensions ['colcon_meta']
[4.617s] Level 1:colcon.colcon_core.package_identification:_identify(src/bumperbot_cpp_examples) by extension 'colcon_meta'
[4.618s] Level 1:colcon.colcon_core.package_identification:_identify(src/bumperbot_cpp_examples) by extensions ['ros']
[4.618s] Level 1:colcon.colcon_core.package_identification:_identify(src/bumperbot_cpp_examples) by extension 'ros'
[4.625s] DEBUG:colcon.colcon_core.package_identification:Package 'src/bumperbot_cpp_examples' with type 'ros.ament_cmake' and name 'bumperbot_cpp_examples'
[4.627s] Level 1:colcon.colcon_core.package_identification:_identify(src/bumperbot_description) by extensions ['ignore', 'ignore_ament_install']
[4.627s] Level 1:colcon.colcon_core.package_identification:_identify(src/bumperbot_description) by extension 'ignore'
[4.628s] Level 1:colcon.colcon_core.package_identification:_identify(src/bumperbot_description) by extension 'ignore_ament_install'
[4.628s] Level 1:colcon.colcon_core.package_identification:_identify(src/bumperbot_description) by extensions ['colcon_pkg']
[4.629s] Level 1:colcon.colcon_core.package_identification:_identify(src/bumperbot_description) by extension 'colcon_pkg'
[4.629s] Level 1:colcon.colcon_core.package_identification:_identify(src/bumperbot_description) by extensions ['colcon_meta']
[4.629s] Level 1:colcon.colcon_core.package_identification:_identify(src/bumperbot_description) by extension 'colcon_meta'
[4.629s] Level 1:colcon.colcon_core.package_identification:_identify(src/bumperbot_description) by extensions ['ros']
[4.630s] Level 1:colcon.colcon_core.package_identification:_identify(src/bumperbot_description) by extension 'ros'
[4.641s] DEBUG:colcon.colcon_core.package_identification:Package 'src/bumperbot_description' with type 'ros.ament_cmake' and name 'bumperbot_description'
[4.642s] Level 1:colcon.colcon_core.package_identification:_identify(src/bumperbot_firmware) by extensions ['ignore', 'ignore_ament_install']
[4.642s] Level 1:colcon.colcon_core.package_identification:_identify(src/bumperbot_firmware) by extension 'ignore'
[4.643s] Level 1:colcon.colcon_core.package_identification:_identify(src/bumperbot_firmware) by extension 'ignore_ament_install'
[4.643s] Level 1:colcon.colcon_core.package_identification:_identify(src/bumperbot_firmware) by extensions ['colcon_pkg']
[4.644s] Level 1:colcon.colcon_core.package_identification:_identify(src/bumperbot_firmware) by extension 'colcon_pkg'
[4.644s] Level 1:colcon.colcon_core.package_identification:_identify(src/bumperbot_firmware) by extensions ['colcon_meta']
[4.644s] Level 1:colcon.colcon_core.package_identification:_identify(src/bumperbot_firmware) by extension 'colcon_meta'
[4.645s] Level 1:colcon.colcon_core.package_identification:_identify(src/bumperbot_firmware) by extensions ['ros']
[4.645s] Level 1:colcon.colcon_core.package_identification:_identify(src/bumperbot_firmware) by extension 'ros'
[4.650s] DEBUG:colcon.colcon_core.package_identification:Package 'src/bumperbot_firmware' with type 'ros.ament_cmake' and name 'bumperbot_firmware'
[4.651s] Level 1:colcon.colcon_core.package_identification:_identify(src/bumperbot_localization) by extensions ['ignore', 'ignore_ament_install']
[4.652s] Level 1:colcon.colcon_core.package_identification:_identify(src/bumperbot_localization) by extension 'ignore'
[4.652s] Level 1:colcon.colcon_core.package_identification:_identify(src/bumperbot_localization) by extension 'ignore_ament_install'
[4.653s] Level 1:colcon.colcon_core.package_identification:_identify(src/bumperbot_localization) by extensions ['colcon_pkg']
[4.653s] Level 1:colcon.colcon_core.package_identification:_identify(src/bumperbot_localization) by extension 'colcon_pkg'
[4.653s] Level 1:colcon.colcon_core.package_identification:_identify(src/bumperbot_localization) by extensions ['colcon_meta']
[4.653s] Level 1:colcon.colcon_core.package_identification:_identify(src/bumperbot_localization) by extension 'colcon_meta'
[4.654s] Level 1:colcon.colcon_core.package_identification:_identify(src/bumperbot_localization) by extensions ['ros']
[4.654s] Level 1:colcon.colcon_core.package_identification:_identify(src/bumperbot_localization) by extension 'ros'
[4.658s] DEBUG:colcon.colcon_core.package_identification:Package 'src/bumperbot_localization' with type 'ros.ament_cmake' and name 'bumperbot_localization'
[4.659s] Level 1:colcon.colcon_core.package_identification:_identify(src/bumperbot_msgs) by extensions ['ignore', 'ignore_ament_install']
[4.660s] Level 1:colcon.colcon_core.package_identification:_identify(src/bumperbot_msgs) by extension 'ignore'
[4.660s] Level 1:colcon.colcon_core.package_identification:_identify(src/bumperbot_msgs) by extension 'ignore_ament_install'
[4.661s] Level 1:colcon.colcon_core.package_identification:_identify(src/bumperbot_msgs) by extensions ['colcon_pkg']
[4.661s] Level 1:colcon.colcon_core.package_identification:_identify(src/bumperbot_msgs) by extension 'colcon_pkg'
[4.661s] Level 1:colcon.colcon_core.package_identification:_identify(src/bumperbot_msgs) by extensions ['colcon_meta']
[4.661s] Level 1:colcon.colcon_core.package_identification:_identify(src/bumperbot_msgs) by extension 'colcon_meta'
[4.662s] Level 1:colcon.colcon_core.package_identification:_identify(src/bumperbot_msgs) by extensions ['ros']
[4.662s] Level 1:colcon.colcon_core.package_identification:_identify(src/bumperbot_msgs) by extension 'ros'
[4.666s] DEBUG:colcon.colcon_core.package_identification:Package 'src/bumperbot_msgs' with type 'ros.ament_cmake' and name 'bumperbot_msgs'
[4.667s] Level 1:colcon.colcon_core.package_identification:_identify(src/bumperbot_py_examples) by extensions ['ignore', 'ignore_ament_install']
[4.668s] Level 1:colcon.colcon_core.package_identification:_identify(src/bumperbot_py_examples) by extension 'ignore'
[4.668s] Level 1:colcon.colcon_core.package_identification:_identify(src/bumperbot_py_examples) by extension 'ignore_ament_install'
[4.669s] Level 1:colcon.colcon_core.package_identification:_identify(src/bumperbot_py_examples) by extensions ['colcon_pkg']
[4.669s] Level 1:colcon.colcon_core.package_identification:_identify(src/bumperbot_py_examples) by extension 'colcon_pkg'
[4.669s] Level 1:colcon.colcon_core.package_identification:_identify(src/bumperbot_py_examples) by extensions ['colcon_meta']
[4.669s] Level 1:colcon.colcon_core.package_identification:_identify(src/bumperbot_py_examples) by extension 'colcon_meta'
[4.670s] Level 1:colcon.colcon_core.package_identification:_identify(src/bumperbot_py_examples) by extensions ['ros']
[4.670s] Level 1:colcon.colcon_core.package_identification:_identify(src/bumperbot_py_examples) by extension 'ros'
[4.676s] DEBUG:colcon.colcon_core.package_identification:Package 'src/bumperbot_py_examples' with type 'ros.ament_python' and name 'bumperbot_py_examples'
[4.677s] Level 1:colcon.colcon_core.package_discovery:discover_packages(recursive) using defaults
[4.677s] Level 1:colcon.colcon_core.package_discovery:discover_packages(ignore) discover
[4.677s] Level 1:colcon.colcon_core.package_discovery:discover_packages(ignore) using defaults
[4.677s] Level 1:colcon.colcon_core.package_discovery:discover_packages(path) discover
[4.677s] Level 1:colcon.colcon_core.package_discovery:discover_packages(path) using defaults
[4.678s] WARNING:colcon.colcon_core.package_selection:ignoring unknown package 'bumperbot_decription' in --packages-select
[4.887s] INFO:colcon.colcon_core.package_selection:Skipping not selected package 'bumperbot_controller' in 'src/bumperbot_controller'
[4.887s] INFO:colcon.colcon_core.package_selection:Skipping not selected package 'bumperbot_description' in 'src/bumperbot_description'
[4.887s] INFO:colcon.colcon_core.package_selection:Skipping not selected package 'bumperbot_firmware' in 'src/bumperbot_firmware'
[4.887s] INFO:colcon.colcon_core.package_selection:Skipping not selected package 'bumperbot_localization' in 'src/bumperbot_localization'
[4.887s] INFO:colcon.colcon_core.package_selection:Skipping not selected package 'bumperbot_msgs' in 'src/bumperbot_msgs'
[4.888s] INFO:colcon.colcon_core.package_selection:Skipping not selected package 'bumperbot_cpp_examples' in 'src/bumperbot_cpp_examples'
[4.888s] INFO:colcon.colcon_core.package_selection:Skipping not selected package 'bumperbot_py_examples' in 'src/bumperbot_py_examples'
[4.891s] Level 1:colcon.colcon_core.package_discovery:discover_packages(prefix_path) check parameters
[4.891s] Level 1:colcon.colcon_core.package_discovery:discover_packages(prefix_path) discover
[4.918s] DEBUG:colcon.colcon_installed_package_information.package_discovery:Found 326 installed packages in /opt/ros/humble
[4.927s] Level 1:colcon.colcon_core.package_discovery:discover_packages(prefix_path) using defaults
[5.356s] INFO:colcon.colcon_core.executor:Executing jobs using 'parallel' executor
[5.360s] DEBUG:colcon.colcon_parallel_executor.executor.parallel:run_until_complete
[5.360s] DEBUG:colcon.colcon_parallel_executor.executor.parallel:closing loop
[5.362s] DEBUG:colcon.colcon_parallel_executor.executor.parallel:loop closed
[5.363s] DEBUG:colcon.colcon_parallel_executor.executor.parallel:run_until_complete finished with '0'
[5.363s] DEBUG:colcon.colcon_core.event_reactor:joining thread
[5.392s] INFO:colcon.colcon_core.plugin_system:Skipping extension 'colcon_notification.desktop_notification.terminal_notifier': Not used on non-Darwin systems
[5.394s] INFO:colcon.colcon_core.plugin_system:Skipping extension 'colcon_notification.desktop_notification.win32': Not used on non-Windows systems
[5.394s] INFO:colcon.colcon_notification.desktop_notification:Sending desktop notification using 'notify2'
[5.477s] DEBUG:colcon.colcon_core.event_reactor:joined thread
[5.499s] INFO:colcon.colcon_core.plugin_system:Skipping extension 'colcon_core.shell.bat': Not used on non-Windows systems
[5.500s] INFO:colcon.colcon_core.shell:Creating prefix script '/home/chaitanya/bumperbot_ws/install/local_setup.ps1'
[5.506s] INFO:colcon.colcon_core.shell:Creating prefix util module '/home/chaitanya/bumperbot_ws/install/_local_setup_util_ps1.py'
[5.514s] INFO:colcon.colcon_core.shell:Creating prefix chain script '/home/chaitanya/bumperbot_ws/install/setup.ps1'
[5.519s] INFO:colcon.colcon_core.shell:Creating prefix script '/home/chaitanya/bumperbot_ws/install/local_setup.sh'
[5.523s] INFO:colcon.colcon_core.shell:Creating prefix util module '/home/chaitanya/bumperbot_ws/install/_local_setup_util_sh.py'
[5.528s] INFO:colcon.colcon_core.shell:Creating prefix chain script '/home/chaitanya/bumperbot_ws/install/setup.sh'
[5.535s] INFO:colcon.colcon_core.shell:Creating prefix script '/home/chaitanya/bumperbot_ws/install/local_setup.bash'
[5.538s] INFO:colcon.colcon_core.shell:Creating prefix chain script '/home/chaitanya/bumperbot_ws/install/setup.bash'
[5.545s] INFO:colcon.colcon_core.shell:Creating prefix script '/home/chaitanya/bumperbot_ws/install/local_setup.zsh'
[5.551s] INFO:colcon.colcon_core.shell:Creating prefix chain script '/home/chaitanya/bumperbot_ws/install/setup.zsh'
