[1.122s] DEBUG:colcon:Command line arguments: ['/usr/bin/colcon', 'list', '-p', '--base-paths', '/home/chaitanya/bumperbot_ws']
[1.122s] DEBUG:colcon:Parsed command line arguments: Namespace(log_base=None, log_level=None, verb_name='list', build_base='build', ignore_user_meta=False, metas=['./colcon.meta'], base_paths=['/home/chaitanya/bumperbot_ws'], packages_ignore=None, packages_ignore_regex=None, paths=None, packages_up_to=None, packages_up_to_regex=None, packages_above=None, packages_above_and_dependencies=None, packages_above_depth=None, packages_select_by_dep=None, packages_skip_by_dep=None, packages_skip_up_to=None, packages_select_build_failed=False, packages_skip_build_finished=False, packages_select_test_failures=False, packages_skip_test_passed=False, packages_select=None, packages_skip=None, packages_select_regex=None, packages_skip_regex=None, packages_start=None, packages_end=None, allow_overriding=[], topological_order=False, names_only=False, paths_only=True, topological_graph=False, topological_graph_dot=False, topological_graph_density=False, topological_graph_legend=False, topological_graph_dot_cluster=False, topological_graph_dot_include_skipped=False, verb_parser=<colcon_defaults.argument_parser.defaults.DefaultArgumentsDecorator object at 0xffffae9006d0>, verb_extension=<colcon_package_information.verb.list.ListVerb object at 0xffffaeb284f0>, main=<bound method ListVerb.main of <colcon_package_information.verb.list.ListVerb object at 0xffffaeb284f0>>)
[3.532s] Level 1:colcon.colcon_core.package_discovery:discover_packages(colcon_meta) check parameters
[3.533s] Level 1:colcon.colcon_core.package_discovery:discover_packages(recursive) check parameters
[3.534s] Level 1:colcon.colcon_core.package_discovery:discover_packages(ignore) check parameters
[3.534s] Level 1:colcon.colcon_core.package_discovery:discover_packages(path) check parameters
[3.534s] Level 1:colcon.colcon_core.package_discovery:discover_packages(recursive) discover
[3.535s] INFO:colcon.colcon_core.package_discovery:Crawling recursively for packages in '/home/chaitanya/bumperbot_ws'
[3.536s] Level 1:colcon.colcon_core.package_identification:_identify(/home/chaitanya/bumperbot_ws) by extensions ['ignore', 'ignore_ament_install']
[3.537s] Level 1:colcon.colcon_core.package_identification:_identify(/home/chaitanya/bumperbot_ws) by extension 'ignore'
[3.537s] Level 1:colcon.colcon_core.package_identification:_identify(/home/chaitanya/bumperbot_ws) by extension 'ignore_ament_install'
[3.538s] Level 1:colcon.colcon_core.package_identification:_identify(/home/chaitanya/bumperbot_ws) by extensions ['colcon_pkg']
[3.538s] Level 1:colcon.colcon_core.package_identification:_identify(/home/chaitanya/bumperbot_ws) by extension 'colcon_pkg'
[3.538s] Level 1:colcon.colcon_core.package_identification:_identify(/home/chaitanya/bumperbot_ws) by extensions ['colcon_meta']
[3.539s] Level 1:colcon.colcon_core.package_identification:_identify(/home/chaitanya/bumperbot_ws) by extension 'colcon_meta'
[3.539s] Level 1:colcon.colcon_core.package_identification:_identify(/home/chaitanya/bumperbot_ws) by extensions ['ros']
[3.539s] Level 1:colcon.colcon_core.package_identification:_identify(/home/chaitanya/bumperbot_ws) by extension 'ros'
[3.644s] Level 1:colcon.colcon_core.package_identification:_identify(/home/chaitanya/bumperbot_ws) by extensions ['cmake', 'python']
[3.645s] Level 1:colcon.colcon_core.package_identification:_identify(/home/chaitanya/bumperbot_ws) by extension 'cmake'
[3.645s] Level 1:colcon.colcon_core.package_identification:_identify(/home/chaitanya/bumperbot_ws) by extension 'python'
[3.646s] Level 1:colcon.colcon_core.package_identification:_identify(/home/chaitanya/bumperbot_ws) by extensions ['python_setup_py']
[3.647s] Level 1:colcon.colcon_core.package_identification:_identify(/home/chaitanya/bumperbot_ws) by extension 'python_setup_py'
[3.649s] Level 1:colcon.colcon_core.package_identification:_identify(/home/chaitanya/bumperbot_ws/build) by extensions ['ignore', 'ignore_ament_install']
[3.650s] Level 1:colcon.colcon_core.package_identification:_identify(/home/chaitanya/bumperbot_ws/build) by extension 'ignore'
[3.651s] Level 1:colcon.colcon_core.package_identification:_identify(/home/chaitanya/bumperbot_ws/build) by extension 'ignore_ament_install'
[3.652s] Level 1:colcon.colcon_core.package_identification:_identify(/home/chaitanya/bumperbot_ws/build) by extensions ['colcon_pkg']
[3.653s] Level 1:colcon.colcon_core.package_identification:_identify(/home/chaitanya/bumperbot_ws/build) by extension 'colcon_pkg'
[3.654s] Level 1:colcon.colcon_core.package_identification:_identify(/home/chaitanya/bumperbot_ws/build) by extensions ['colcon_meta']
[3.654s] Level 1:colcon.colcon_core.package_identification:_identify(/home/chaitanya/bumperbot_ws/build) by extension 'colcon_meta'
[3.654s] Level 1:colcon.colcon_core.package_identification:_identify(/home/chaitanya/bumperbot_ws/build) by extensions ['ros']
[3.655s] Level 1:colcon.colcon_core.package_identification:_identify(/home/chaitanya/bumperbot_ws/build) by extension 'ros'
[3.656s] Level 1:colcon.colcon_core.package_identification:_identify(/home/chaitanya/bumperbot_ws/build) by extensions ['cmake', 'python']
[3.656s] Level 1:colcon.colcon_core.package_identification:_identify(/home/chaitanya/bumperbot_ws/build) by extension 'cmake'
[3.657s] Level 1:colcon.colcon_core.package_identification:_identify(/home/chaitanya/bumperbot_ws/build) by extension 'python'
[3.658s] Level 1:colcon.colcon_core.package_identification:_identify(/home/chaitanya/bumperbot_ws/build) by extensions ['python_setup_py']
[3.658s] Level 1:colcon.colcon_core.package_identification:_identify(/home/chaitanya/bumperbot_ws/build) by extension 'python_setup_py'
[3.659s] Level 1:colcon.colcon_core.package_identification:_identify(/home/chaitanya/bumperbot_ws/build/CMakeFiles) by extensions ['ignore', 'ignore_ament_install']
[3.660s] Level 1:colcon.colcon_core.package_identification:_identify(/home/chaitanya/bumperbot_ws/build/CMakeFiles) by extension 'ignore'
[3.660s] Level 1:colcon.colcon_core.package_identification:_identify(/home/chaitanya/bumperbot_ws/build/CMakeFiles) by extension 'ignore_ament_install'
[3.661s] Level 1:colcon.colcon_core.package_identification:_identify(/home/chaitanya/bumperbot_ws/build/CMakeFiles) by extensions ['colcon_pkg']
[3.661s] Level 1:colcon.colcon_core.package_identification:_identify(/home/chaitanya/bumperbot_ws/build/CMakeFiles) by extension 'colcon_pkg'
[3.662s] Level 1:colcon.colcon_core.package_identification:_identify(/home/chaitanya/bumperbot_ws/build/CMakeFiles) by extensions ['colcon_meta']
[3.662s] Level 1:colcon.colcon_core.package_identification:_identify(/home/chaitanya/bumperbot_ws/build/CMakeFiles) by extension 'colcon_meta'
[3.663s] Level 1:colcon.colcon_core.package_identification:_identify(/home/chaitanya/bumperbot_ws/build/CMakeFiles) by extensions ['ros']
[3.663s] Level 1:colcon.colcon_core.package_identification:_identify(/home/chaitanya/bumperbot_ws/build/CMakeFiles) by extension 'ros'
[3.664s] Level 1:colcon.colcon_core.package_identification:_identify(/home/chaitanya/bumperbot_ws/build/CMakeFiles) by extensions ['cmake', 'python']
[3.664s] Level 1:colcon.colcon_core.package_identification:_identify(/home/chaitanya/bumperbot_ws/build/CMakeFiles) by extension 'cmake'
[3.665s] Level 1:colcon.colcon_core.package_identification:_identify(/home/chaitanya/bumperbot_ws/build/CMakeFiles) by extension 'python'
[3.665s] Level 1:colcon.colcon_core.package_identification:_identify(/home/chaitanya/bumperbot_ws/build/CMakeFiles) by extensions ['python_setup_py']
[3.665s] Level 1:colcon.colcon_core.package_identification:_identify(/home/chaitanya/bumperbot_ws/build/CMakeFiles) by extension 'python_setup_py'
[3.666s] Level 1:colcon.colcon_core.package_identification:_identify(/home/chaitanya/bumperbot_ws/build/CMakeFiles/3.22.1) by extensions ['ignore', 'ignore_ament_install']
[3.667s] Level 1:colcon.colcon_core.package_identification:_identify(/home/chaitanya/bumperbot_ws/build/CMakeFiles/3.22.1) by extension 'ignore'
[3.667s] Level 1:colcon.colcon_core.package_identification:_identify(/home/chaitanya/bumperbot_ws/build/CMakeFiles/3.22.1) by extension 'ignore_ament_install'
[3.668s] Level 1:colcon.colcon_core.package_identification:_identify(/home/chaitanya/bumperbot_ws/build/CMakeFiles/3.22.1) by extensions ['colcon_pkg']
[3.668s] Level 1:colcon.colcon_core.package_identification:_identify(/home/chaitanya/bumperbot_ws/build/CMakeFiles/3.22.1) by extension 'colcon_pkg'
[3.668s] Level 1:colcon.colcon_core.package_identification:_identify(/home/chaitanya/bumperbot_ws/build/CMakeFiles/3.22.1) by extensions ['colcon_meta']
[3.669s] Level 1:colcon.colcon_core.package_identification:_identify(/home/chaitanya/bumperbot_ws/build/CMakeFiles/3.22.1) by extension 'colcon_meta'
[3.669s] Level 1:colcon.colcon_core.package_identification:_identify(/home/chaitanya/bumperbot_ws/build/CMakeFiles/3.22.1) by extensions ['ros']
[3.670s] Level 1:colcon.colcon_core.package_identification:_identify(/home/chaitanya/bumperbot_ws/build/CMakeFiles/3.22.1) by extension 'ros'
[3.670s] Level 1:colcon.colcon_core.package_identification:_identify(/home/chaitanya/bumperbot_ws/build/CMakeFiles/3.22.1) by extensions ['cmake', 'python']
[3.671s] Level 1:colcon.colcon_core.package_identification:_identify(/home/chaitanya/bumperbot_ws/build/CMakeFiles/3.22.1) by extension 'cmake'
[3.671s] Level 1:colcon.colcon_core.package_identification:_identify(/home/chaitanya/bumperbot_ws/build/CMakeFiles/3.22.1) by extension 'python'
[3.671s] Level 1:colcon.colcon_core.package_identification:_identify(/home/chaitanya/bumperbot_ws/build/CMakeFiles/3.22.1) by extensions ['python_setup_py']
[3.671s] Level 1:colcon.colcon_core.package_identification:_identify(/home/chaitanya/bumperbot_ws/build/CMakeFiles/3.22.1) by extension 'python_setup_py'
[3.672s] Level 1:colcon.colcon_core.package_identification:_identify(/home/chaitanya/bumperbot_ws/build/CMakeFiles/3.22.1/CompilerIdC) by extensions ['ignore', 'ignore_ament_install']
[3.673s] Level 1:colcon.colcon_core.package_identification:_identify(/home/chaitanya/bumperbot_ws/build/CMakeFiles/3.22.1/CompilerIdC) by extension 'ignore'
[3.674s] Level 1:colcon.colcon_core.package_identification:_identify(/home/chaitanya/bumperbot_ws/build/CMakeFiles/3.22.1/CompilerIdC) by extension 'ignore_ament_install'
[3.675s] Level 1:colcon.colcon_core.package_identification:_identify(/home/chaitanya/bumperbot_ws/build/CMakeFiles/3.22.1/CompilerIdC) by extensions ['colcon_pkg']
[3.675s] Level 1:colcon.colcon_core.package_identification:_identify(/home/chaitanya/bumperbot_ws/build/CMakeFiles/3.22.1/CompilerIdC) by extension 'colcon_pkg'
[3.676s] Level 1:colcon.colcon_core.package_identification:_identify(/home/chaitanya/bumperbot_ws/build/CMakeFiles/3.22.1/CompilerIdC) by extensions ['colcon_meta']
[3.676s] Level 1:colcon.colcon_core.package_identification:_identify(/home/chaitanya/bumperbot_ws/build/CMakeFiles/3.22.1/CompilerIdC) by extension 'colcon_meta'
[3.677s] Level 1:colcon.colcon_core.package_identification:_identify(/home/chaitanya/bumperbot_ws/build/CMakeFiles/3.22.1/CompilerIdC) by extensions ['ros']
[3.677s] Level 1:colcon.colcon_core.package_identification:_identify(/home/chaitanya/bumperbot_ws/build/CMakeFiles/3.22.1/CompilerIdC) by extension 'ros'
[3.678s] Level 1:colcon.colcon_core.package_identification:_identify(/home/chaitanya/bumperbot_ws/build/CMakeFiles/3.22.1/CompilerIdC) by extensions ['cmake', 'python']
[3.678s] Level 1:colcon.colcon_core.package_identification:_identify(/home/chaitanya/bumperbot_ws/build/CMakeFiles/3.22.1/CompilerIdC) by extension 'cmake'
[3.678s] Level 1:colcon.colcon_core.package_identification:_identify(/home/chaitanya/bumperbot_ws/build/CMakeFiles/3.22.1/CompilerIdC) by extension 'python'
[3.679s] Level 1:colcon.colcon_core.package_identification:_identify(/home/chaitanya/bumperbot_ws/build/CMakeFiles/3.22.1/CompilerIdC) by extensions ['python_setup_py']
[3.679s] Level 1:colcon.colcon_core.package_identification:_identify(/home/chaitanya/bumperbot_ws/build/CMakeFiles/3.22.1/CompilerIdC) by extension 'python_setup_py'
[3.680s] Level 1:colcon.colcon_core.package_identification:_identify(/home/chaitanya/bumperbot_ws/build/CMakeFiles/3.22.1/CompilerIdC/tmp) by extensions ['ignore', 'ignore_ament_install']
[3.681s] Level 1:colcon.colcon_core.package_identification:_identify(/home/chaitanya/bumperbot_ws/build/CMakeFiles/3.22.1/CompilerIdC/tmp) by extension 'ignore'
[3.681s] Level 1:colcon.colcon_core.package_identification:_identify(/home/chaitanya/bumperbot_ws/build/CMakeFiles/3.22.1/CompilerIdC/tmp) by extension 'ignore_ament_install'
[3.682s] Level 1:colcon.colcon_core.package_identification:_identify(/home/chaitanya/bumperbot_ws/build/CMakeFiles/3.22.1/CompilerIdC/tmp) by extensions ['colcon_pkg']
[3.682s] Level 1:colcon.colcon_core.package_identification:_identify(/home/chaitanya/bumperbot_ws/build/CMakeFiles/3.22.1/CompilerIdC/tmp) by extension 'colcon_pkg'
[3.682s] Level 1:colcon.colcon_core.package_identification:_identify(/home/chaitanya/bumperbot_ws/build/CMakeFiles/3.22.1/CompilerIdC/tmp) by extensions ['colcon_meta']
[3.683s] Level 1:colcon.colcon_core.package_identification:_identify(/home/chaitanya/bumperbot_ws/build/CMakeFiles/3.22.1/CompilerIdC/tmp) by extension 'colcon_meta'
[3.683s] Level 1:colcon.colcon_core.package_identification:_identify(/home/chaitanya/bumperbot_ws/build/CMakeFiles/3.22.1/CompilerIdC/tmp) by extensions ['ros']
[3.683s] Level 1:colcon.colcon_core.package_identification:_identify(/home/chaitanya/bumperbot_ws/build/CMakeFiles/3.22.1/CompilerIdC/tmp) by extension 'ros'
[3.684s] Level 1:colcon.colcon_core.package_identification:_identify(/home/chaitanya/bumperbot_ws/build/CMakeFiles/3.22.1/CompilerIdC/tmp) by extensions ['cmake', 'python']
[3.685s] Level 1:colcon.colcon_core.package_identification:_identify(/home/chaitanya/bumperbot_ws/build/CMakeFiles/3.22.1/CompilerIdC/tmp) by extension 'cmake'
[3.685s] Level 1:colcon.colcon_core.package_identification:_identify(/home/chaitanya/bumperbot_ws/build/CMakeFiles/3.22.1/CompilerIdC/tmp) by extension 'python'
[3.686s] Level 1:colcon.colcon_core.package_identification:_identify(/home/chaitanya/bumperbot_ws/build/CMakeFiles/3.22.1/CompilerIdC/tmp) by extensions ['python_setup_py']
[3.686s] Level 1:colcon.colcon_core.package_identification:_identify(/home/chaitanya/bumperbot_ws/build/CMakeFiles/3.22.1/CompilerIdC/tmp) by extension 'python_setup_py'
[3.687s] Level 1:colcon.colcon_core.package_identification:_identify(/home/chaitanya/bumperbot_ws/build/CMakeFiles/3.22.1/CompilerIdCXX) by extensions ['ignore', 'ignore_ament_install']
[3.688s] Level 1:colcon.colcon_core.package_identification:_identify(/home/chaitanya/bumperbot_ws/build/CMakeFiles/3.22.1/CompilerIdCXX) by extension 'ignore'
[3.688s] Level 1:colcon.colcon_core.package_identification:_identify(/home/chaitanya/bumperbot_ws/build/CMakeFiles/3.22.1/CompilerIdCXX) by extension 'ignore_ament_install'
[3.689s] Level 1:colcon.colcon_core.package_identification:_identify(/home/chaitanya/bumperbot_ws/build/CMakeFiles/3.22.1/CompilerIdCXX) by extensions ['colcon_pkg']
[3.689s] Level 1:colcon.colcon_core.package_identification:_identify(/home/chaitanya/bumperbot_ws/build/CMakeFiles/3.22.1/CompilerIdCXX) by extension 'colcon_pkg'
[3.689s] Level 1:colcon.colcon_core.package_identification:_identify(/home/chaitanya/bumperbot_ws/build/CMakeFiles/3.22.1/CompilerIdCXX) by extensions ['colcon_meta']
[3.689s] Level 1:colcon.colcon_core.package_identification:_identify(/home/chaitanya/bumperbot_ws/build/CMakeFiles/3.22.1/CompilerIdCXX) by extension 'colcon_meta'
[3.690s] Level 1:colcon.colcon_core.package_identification:_identify(/home/chaitanya/bumperbot_ws/build/CMakeFiles/3.22.1/CompilerIdCXX) by extensions ['ros']
[3.690s] Level 1:colcon.colcon_core.package_identification:_identify(/home/chaitanya/bumperbot_ws/build/CMakeFiles/3.22.1/CompilerIdCXX) by extension 'ros'
[3.691s] Level 1:colcon.colcon_core.package_identification:_identify(/home/chaitanya/bumperbot_ws/build/CMakeFiles/3.22.1/CompilerIdCXX) by extensions ['cmake', 'python']
[3.691s] Level 1:colcon.colcon_core.package_identification:_identify(/home/chaitanya/bumperbot_ws/build/CMakeFiles/3.22.1/CompilerIdCXX) by extension 'cmake'
[3.691s] Level 1:colcon.colcon_core.package_identification:_identify(/home/chaitanya/bumperbot_ws/build/CMakeFiles/3.22.1/CompilerIdCXX) by extension 'python'
[3.692s] Level 1:colcon.colcon_core.package_identification:_identify(/home/chaitanya/bumperbot_ws/build/CMakeFiles/3.22.1/CompilerIdCXX) by extensions ['python_setup_py']
[3.692s] Level 1:colcon.colcon_core.package_identification:_identify(/home/chaitanya/bumperbot_ws/build/CMakeFiles/3.22.1/CompilerIdCXX) by extension 'python_setup_py'
[3.695s] Level 1:colcon.colcon_core.package_identification:_identify(/home/chaitanya/bumperbot_ws/build/CMakeFiles/3.22.1/CompilerIdCXX/tmp) by extensions ['ignore', 'ignore_ament_install']
[3.697s] Level 1:colcon.colcon_core.package_identification:_identify(/home/chaitanya/bumperbot_ws/build/CMakeFiles/3.22.1/CompilerIdCXX/tmp) by extension 'ignore'
[3.699s] Level 1:colcon.colcon_core.package_identification:_identify(/home/chaitanya/bumperbot_ws/build/CMakeFiles/3.22.1/CompilerIdCXX/tmp) by extension 'ignore_ament_install'
[3.701s] Level 1:colcon.colcon_core.package_identification:_identify(/home/chaitanya/bumperbot_ws/build/CMakeFiles/3.22.1/CompilerIdCXX/tmp) by extensions ['colcon_pkg']
[3.702s] Level 1:colcon.colcon_core.package_identification:_identify(/home/chaitanya/bumperbot_ws/build/CMakeFiles/3.22.1/CompilerIdCXX/tmp) by extension 'colcon_pkg'
[3.702s] Level 1:colcon.colcon_core.package_identification:_identify(/home/chaitanya/bumperbot_ws/build/CMakeFiles/3.22.1/CompilerIdCXX/tmp) by extensions ['colcon_meta']
[3.703s] Level 1:colcon.colcon_core.package_identification:_identify(/home/chaitanya/bumperbot_ws/build/CMakeFiles/3.22.1/CompilerIdCXX/tmp) by extension 'colcon_meta'
[3.704s] Level 1:colcon.colcon_core.package_identification:_identify(/home/chaitanya/bumperbot_ws/build/CMakeFiles/3.22.1/CompilerIdCXX/tmp) by extensions ['ros']
[3.704s] Level 1:colcon.colcon_core.package_identification:_identify(/home/chaitanya/bumperbot_ws/build/CMakeFiles/3.22.1/CompilerIdCXX/tmp) by extension 'ros'
[3.705s] Level 1:colcon.colcon_core.package_identification:_identify(/home/chaitanya/bumperbot_ws/build/CMakeFiles/3.22.1/CompilerIdCXX/tmp) by extensions ['cmake', 'python']
[3.706s] Level 1:colcon.colcon_core.package_identification:_identify(/home/chaitanya/bumperbot_ws/build/CMakeFiles/3.22.1/CompilerIdCXX/tmp) by extension 'cmake'
[3.706s] Level 1:colcon.colcon_core.package_identification:_identify(/home/chaitanya/bumperbot_ws/build/CMakeFiles/3.22.1/CompilerIdCXX/tmp) by extension 'python'
[3.706s] Level 1:colcon.colcon_core.package_identification:_identify(/home/chaitanya/bumperbot_ws/build/CMakeFiles/3.22.1/CompilerIdCXX/tmp) by extensions ['python_setup_py']
[3.707s] Level 1:colcon.colcon_core.package_identification:_identify(/home/chaitanya/bumperbot_ws/build/CMakeFiles/3.22.1/CompilerIdCXX/tmp) by extension 'python_setup_py'
[3.707s] Level 1:colcon.colcon_core.package_identification:_identify(/home/chaitanya/bumperbot_ws/build/CMakeFiles/CMakeTmp) by extensions ['ignore', 'ignore_ament_install']
[3.708s] Level 1:colcon.colcon_core.package_identification:_identify(/home/chaitanya/bumperbot_ws/build/CMakeFiles/CMakeTmp) by extension 'ignore'
[3.709s] Level 1:colcon.colcon_core.package_identification:_identify(/home/chaitanya/bumperbot_ws/build/CMakeFiles/CMakeTmp) by extension 'ignore_ament_install'
[3.709s] Level 1:colcon.colcon_core.package_identification:_identify(/home/chaitanya/bumperbot_ws/build/CMakeFiles/CMakeTmp) by extensions ['colcon_pkg']
[3.710s] Level 1:colcon.colcon_core.package_identification:_identify(/home/chaitanya/bumperbot_ws/build/CMakeFiles/CMakeTmp) by extension 'colcon_pkg'
[3.710s] Level 1:colcon.colcon_core.package_identification:_identify(/home/chaitanya/bumperbot_ws/build/CMakeFiles/CMakeTmp) by extensions ['colcon_meta']
[3.711s] Level 1:colcon.colcon_core.package_identification:_identify(/home/chaitanya/bumperbot_ws/build/CMakeFiles/CMakeTmp) by extension 'colcon_meta'
[3.711s] Level 1:colcon.colcon_core.package_identification:_identify(/home/chaitanya/bumperbot_ws/build/CMakeFiles/CMakeTmp) by extensions ['ros']
[3.711s] Level 1:colcon.colcon_core.package_identification:_identify(/home/chaitanya/bumperbot_ws/build/CMakeFiles/CMakeTmp) by extension 'ros'
[3.712s] Level 1:colcon.colcon_core.package_identification:_identify(/home/chaitanya/bumperbot_ws/build/CMakeFiles/CMakeTmp) by extensions ['cmake', 'python']
[3.712s] Level 1:colcon.colcon_core.package_identification:_identify(/home/chaitanya/bumperbot_ws/build/CMakeFiles/CMakeTmp) by extension 'cmake'
[3.712s] Level 1:colcon.colcon_core.package_identification:_identify(/home/chaitanya/bumperbot_ws/build/CMakeFiles/CMakeTmp) by extension 'python'
[3.713s] Level 1:colcon.colcon_core.package_identification:_identify(/home/chaitanya/bumperbot_ws/build/CMakeFiles/CMakeTmp) by extensions ['python_setup_py']
[3.713s] Level 1:colcon.colcon_core.package_identification:_identify(/home/chaitanya/bumperbot_ws/build/CMakeFiles/CMakeTmp) by extension 'python_setup_py'
[3.714s] Level 1:colcon.colcon_core.package_identification:_identify(/home/chaitanya/bumperbot_ws/build/CMakeFiles/ament_cmake_python_build_bumperbot_controller_egg.dir) by extensions ['ignore', 'ignore_ament_install']
[3.714s] Level 1:colcon.colcon_core.package_identification:_identify(/home/chaitanya/bumperbot_ws/build/CMakeFiles/ament_cmake_python_build_bumperbot_controller_egg.dir) by extension 'ignore'
[3.715s] Level 1:colcon.colcon_core.package_identification:_identify(/home/chaitanya/bumperbot_ws/build/CMakeFiles/ament_cmake_python_build_bumperbot_controller_egg.dir) by extension 'ignore_ament_install'
[3.715s] Level 1:colcon.colcon_core.package_identification:_identify(/home/chaitanya/bumperbot_ws/build/CMakeFiles/ament_cmake_python_build_bumperbot_controller_egg.dir) by extensions ['colcon_pkg']
[3.716s] Level 1:colcon.colcon_core.package_identification:_identify(/home/chaitanya/bumperbot_ws/build/CMakeFiles/ament_cmake_python_build_bumperbot_controller_egg.dir) by extension 'colcon_pkg'
[3.716s] Level 1:colcon.colcon_core.package_identification:_identify(/home/chaitanya/bumperbot_ws/build/CMakeFiles/ament_cmake_python_build_bumperbot_controller_egg.dir) by extensions ['colcon_meta']
[3.717s] Level 1:colcon.colcon_core.package_identification:_identify(/home/chaitanya/bumperbot_ws/build/CMakeFiles/ament_cmake_python_build_bumperbot_controller_egg.dir) by extension 'colcon_meta'
[3.718s] Level 1:colcon.colcon_core.package_identification:_identify(/home/chaitanya/bumperbot_ws/build/CMakeFiles/ament_cmake_python_build_bumperbot_controller_egg.dir) by extensions ['ros']
[3.718s] Level 1:colcon.colcon_core.package_identification:_identify(/home/chaitanya/bumperbot_ws/build/CMakeFiles/ament_cmake_python_build_bumperbot_controller_egg.dir) by extension 'ros'
[3.719s] Level 1:colcon.colcon_core.package_identification:_identify(/home/chaitanya/bumperbot_ws/build/CMakeFiles/ament_cmake_python_build_bumperbot_controller_egg.dir) by extensions ['cmake', 'python']
[3.719s] Level 1:colcon.colcon_core.package_identification:_identify(/home/chaitanya/bumperbot_ws/build/CMakeFiles/ament_cmake_python_build_bumperbot_controller_egg.dir) by extension 'cmake'
[3.719s] Level 1:colcon.colcon_core.package_identification:_identify(/home/chaitanya/bumperbot_ws/build/CMakeFiles/ament_cmake_python_build_bumperbot_controller_egg.dir) by extension 'python'
[3.720s] Level 1:colcon.colcon_core.package_identification:_identify(/home/chaitanya/bumperbot_ws/build/CMakeFiles/ament_cmake_python_build_bumperbot_controller_egg.dir) by extensions ['python_setup_py']
[3.720s] Level 1:colcon.colcon_core.package_identification:_identify(/home/chaitanya/bumperbot_ws/build/CMakeFiles/ament_cmake_python_build_bumperbot_controller_egg.dir) by extension 'python_setup_py'
[3.721s] Level 1:colcon.colcon_core.package_identification:_identify(/home/chaitanya/bumperbot_ws/build/CMakeFiles/ament_cmake_python_copy_bumperbot_controller.dir) by extensions ['ignore', 'ignore_ament_install']
[3.722s] Level 1:colcon.colcon_core.package_identification:_identify(/home/chaitanya/bumperbot_ws/build/CMakeFiles/ament_cmake_python_copy_bumperbot_controller.dir) by extension 'ignore'
[3.722s] Level 1:colcon.colcon_core.package_identification:_identify(/home/chaitanya/bumperbot_ws/build/CMakeFiles/ament_cmake_python_copy_bumperbot_controller.dir) by extension 'ignore_ament_install'
[3.722s] Level 1:colcon.colcon_core.package_identification:_identify(/home/chaitanya/bumperbot_ws/build/CMakeFiles/ament_cmake_python_copy_bumperbot_controller.dir) by extensions ['colcon_pkg']
[3.723s] Level 1:colcon.colcon_core.package_identification:_identify(/home/chaitanya/bumperbot_ws/build/CMakeFiles/ament_cmake_python_copy_bumperbot_controller.dir) by extension 'colcon_pkg'
[3.723s] Level 1:colcon.colcon_core.package_identification:_identify(/home/chaitanya/bumperbot_ws/build/CMakeFiles/ament_cmake_python_copy_bumperbot_controller.dir) by extensions ['colcon_meta']
[3.723s] Level 1:colcon.colcon_core.package_identification:_identify(/home/chaitanya/bumperbot_ws/build/CMakeFiles/ament_cmake_python_copy_bumperbot_controller.dir) by extension 'colcon_meta'
[3.723s] Level 1:colcon.colcon_core.package_identification:_identify(/home/chaitanya/bumperbot_ws/build/CMakeFiles/ament_cmake_python_copy_bumperbot_controller.dir) by extensions ['ros']
[3.723s] Level 1:colcon.colcon_core.package_identification:_identify(/home/chaitanya/bumperbot_ws/build/CMakeFiles/ament_cmake_python_copy_bumperbot_controller.dir) by extension 'ros'
[3.724s] Level 1:colcon.colcon_core.package_identification:_identify(/home/chaitanya/bumperbot_ws/build/CMakeFiles/ament_cmake_python_copy_bumperbot_controller.dir) by extensions ['cmake', 'python']
[3.724s] Level 1:colcon.colcon_core.package_identification:_identify(/home/chaitanya/bumperbot_ws/build/CMakeFiles/ament_cmake_python_copy_bumperbot_controller.dir) by extension 'cmake'
[3.725s] Level 1:colcon.colcon_core.package_identification:_identify(/home/chaitanya/bumperbot_ws/build/CMakeFiles/ament_cmake_python_copy_bumperbot_controller.dir) by extension 'python'
[3.725s] Level 1:colcon.colcon_core.package_identification:_identify(/home/chaitanya/bumperbot_ws/build/CMakeFiles/ament_cmake_python_copy_bumperbot_controller.dir) by extensions ['python_setup_py']
[3.725s] Level 1:colcon.colcon_core.package_identification:_identify(/home/chaitanya/bumperbot_ws/build/CMakeFiles/ament_cmake_python_copy_bumperbot_controller.dir) by extension 'python_setup_py'
[3.726s] Level 1:colcon.colcon_core.package_identification:_identify(/home/chaitanya/bumperbot_ws/build/CMakeFiles/bumperbot_controller_uninstall.dir) by extensions ['ignore', 'ignore_ament_install']
[3.726s] Level 1:colcon.colcon_core.package_identification:_identify(/home/chaitanya/bumperbot_ws/build/CMakeFiles/bumperbot_controller_uninstall.dir) by extension 'ignore'
[3.727s] Level 1:colcon.colcon_core.package_identification:_identify(/home/chaitanya/bumperbot_ws/build/CMakeFiles/bumperbot_controller_uninstall.dir) by extension 'ignore_ament_install'
[3.727s] Level 1:colcon.colcon_core.package_identification:_identify(/home/chaitanya/bumperbot_ws/build/CMakeFiles/bumperbot_controller_uninstall.dir) by extensions ['colcon_pkg']
[3.727s] Level 1:colcon.colcon_core.package_identification:_identify(/home/chaitanya/bumperbot_ws/build/CMakeFiles/bumperbot_controller_uninstall.dir) by extension 'colcon_pkg'
[3.727s] Level 1:colcon.colcon_core.package_identification:_identify(/home/chaitanya/bumperbot_ws/build/CMakeFiles/bumperbot_controller_uninstall.dir) by extensions ['colcon_meta']
[3.728s] Level 1:colcon.colcon_core.package_identification:_identify(/home/chaitanya/bumperbot_ws/build/CMakeFiles/bumperbot_controller_uninstall.dir) by extension 'colcon_meta'
[3.728s] Level 1:colcon.colcon_core.package_identification:_identify(/home/chaitanya/bumperbot_ws/build/CMakeFiles/bumperbot_controller_uninstall.dir) by extensions ['ros']
[3.728s] Level 1:colcon.colcon_core.package_identification:_identify(/home/chaitanya/bumperbot_ws/build/CMakeFiles/bumperbot_controller_uninstall.dir) by extension 'ros'
[3.729s] Level 1:colcon.colcon_core.package_identification:_identify(/home/chaitanya/bumperbot_ws/build/CMakeFiles/bumperbot_controller_uninstall.dir) by extensions ['cmake', 'python']
[3.729s] Level 1:colcon.colcon_core.package_identification:_identify(/home/chaitanya/bumperbot_ws/build/CMakeFiles/bumperbot_controller_uninstall.dir) by extension 'cmake'
[3.729s] Level 1:colcon.colcon_core.package_identification:_identify(/home/chaitanya/bumperbot_ws/build/CMakeFiles/bumperbot_controller_uninstall.dir) by extension 'python'
[3.730s] Level 1:colcon.colcon_core.package_identification:_identify(/home/chaitanya/bumperbot_ws/build/CMakeFiles/bumperbot_controller_uninstall.dir) by extensions ['python_setup_py']
[3.730s] Level 1:colcon.colcon_core.package_identification:_identify(/home/chaitanya/bumperbot_ws/build/CMakeFiles/bumperbot_controller_uninstall.dir) by extension 'python_setup_py'
[3.731s] Level 1:colcon.colcon_core.package_identification:_identify(/home/chaitanya/bumperbot_ws/build/CMakeFiles/noisy_controller.dir) by extensions ['ignore', 'ignore_ament_install']
[3.731s] Level 1:colcon.colcon_core.package_identification:_identify(/home/chaitanya/bumperbot_ws/build/CMakeFiles/noisy_controller.dir) by extension 'ignore'
[3.732s] Level 1:colcon.colcon_core.package_identification:_identify(/home/chaitanya/bumperbot_ws/build/CMakeFiles/noisy_controller.dir) by extension 'ignore_ament_install'
[3.732s] Level 1:colcon.colcon_core.package_identification:_identify(/home/chaitanya/bumperbot_ws/build/CMakeFiles/noisy_controller.dir) by extensions ['colcon_pkg']
[3.732s] Level 1:colcon.colcon_core.package_identification:_identify(/home/chaitanya/bumperbot_ws/build/CMakeFiles/noisy_controller.dir) by extension 'colcon_pkg'
[3.733s] Level 1:colcon.colcon_core.package_identification:_identify(/home/chaitanya/bumperbot_ws/build/CMakeFiles/noisy_controller.dir) by extensions ['colcon_meta']
[3.733s] Level 1:colcon.colcon_core.package_identification:_identify(/home/chaitanya/bumperbot_ws/build/CMakeFiles/noisy_controller.dir) by extension 'colcon_meta'
[3.733s] Level 1:colcon.colcon_core.package_identification:_identify(/home/chaitanya/bumperbot_ws/build/CMakeFiles/noisy_controller.dir) by extensions ['ros']
[3.733s] Level 1:colcon.colcon_core.package_identification:_identify(/home/chaitanya/bumperbot_ws/build/CMakeFiles/noisy_controller.dir) by extension 'ros'
[3.734s] Level 1:colcon.colcon_core.package_identification:_identify(/home/chaitanya/bumperbot_ws/build/CMakeFiles/noisy_controller.dir) by extensions ['cmake', 'python']
[3.734s] Level 1:colcon.colcon_core.package_identification:_identify(/home/chaitanya/bumperbot_ws/build/CMakeFiles/noisy_controller.dir) by extension 'cmake'
[3.734s] Level 1:colcon.colcon_core.package_identification:_identify(/home/chaitanya/bumperbot_ws/build/CMakeFiles/noisy_controller.dir) by extension 'python'
[3.735s] Level 1:colcon.colcon_core.package_identification:_identify(/home/chaitanya/bumperbot_ws/build/CMakeFiles/noisy_controller.dir) by extensions ['python_setup_py']
[3.735s] Level 1:colcon.colcon_core.package_identification:_identify(/home/chaitanya/bumperbot_ws/build/CMakeFiles/noisy_controller.dir) by extension 'python_setup_py'
[3.736s] Level 1:colcon.colcon_core.package_identification:_identify(/home/chaitanya/bumperbot_ws/build/CMakeFiles/noisy_controller.dir/src) by extensions ['ignore', 'ignore_ament_install']
[3.736s] Level 1:colcon.colcon_core.package_identification:_identify(/home/chaitanya/bumperbot_ws/build/CMakeFiles/noisy_controller.dir/src) by extension 'ignore'
[3.737s] Level 1:colcon.colcon_core.package_identification:_identify(/home/chaitanya/bumperbot_ws/build/CMakeFiles/noisy_controller.dir/src) by extension 'ignore_ament_install'
[3.737s] Level 1:colcon.colcon_core.package_identification:_identify(/home/chaitanya/bumperbot_ws/build/CMakeFiles/noisy_controller.dir/src) by extensions ['colcon_pkg']
[3.738s] Level 1:colcon.colcon_core.package_identification:_identify(/home/chaitanya/bumperbot_ws/build/CMakeFiles/noisy_controller.dir/src) by extension 'colcon_pkg'
[3.738s] Level 1:colcon.colcon_core.package_identification:_identify(/home/chaitanya/bumperbot_ws/build/CMakeFiles/noisy_controller.dir/src) by extensions ['colcon_meta']
[3.738s] Level 1:colcon.colcon_core.package_identification:_identify(/home/chaitanya/bumperbot_ws/build/CMakeFiles/noisy_controller.dir/src) by extension 'colcon_meta'
[3.738s] Level 1:colcon.colcon_core.package_identification:_identify(/home/chaitanya/bumperbot_ws/build/CMakeFiles/noisy_controller.dir/src) by extensions ['ros']
[3.739s] Level 1:colcon.colcon_core.package_identification:_identify(/home/chaitanya/bumperbot_ws/build/CMakeFiles/noisy_controller.dir/src) by extension 'ros'
[3.739s] Level 1:colcon.colcon_core.package_identification:_identify(/home/chaitanya/bumperbot_ws/build/CMakeFiles/noisy_controller.dir/src) by extensions ['cmake', 'python']
[3.739s] Level 1:colcon.colcon_core.package_identification:_identify(/home/chaitanya/bumperbot_ws/build/CMakeFiles/noisy_controller.dir/src) by extension 'cmake'
[3.740s] Level 1:colcon.colcon_core.package_identification:_identify(/home/chaitanya/bumperbot_ws/build/CMakeFiles/noisy_controller.dir/src) by extension 'python'
[3.740s] Level 1:colcon.colcon_core.package_identification:_identify(/home/chaitanya/bumperbot_ws/build/CMakeFiles/noisy_controller.dir/src) by extensions ['python_setup_py']
[3.740s] Level 1:colcon.colcon_core.package_identification:_identify(/home/chaitanya/bumperbot_ws/build/CMakeFiles/noisy_controller.dir/src) by extension 'python_setup_py'
[3.741s] Level 1:colcon.colcon_core.package_identification:_identify(/home/chaitanya/bumperbot_ws/build/CMakeFiles/simple_controller.dir) by extensions ['ignore', 'ignore_ament_install']
[3.742s] Level 1:colcon.colcon_core.package_identification:_identify(/home/chaitanya/bumperbot_ws/build/CMakeFiles/simple_controller.dir) by extension 'ignore'
[3.742s] Level 1:colcon.colcon_core.package_identification:_identify(/home/chaitanya/bumperbot_ws/build/CMakeFiles/simple_controller.dir) by extension 'ignore_ament_install'
[3.743s] Level 1:colcon.colcon_core.package_identification:_identify(/home/chaitanya/bumperbot_ws/build/CMakeFiles/simple_controller.dir) by extensions ['colcon_pkg']
[3.743s] Level 1:colcon.colcon_core.package_identification:_identify(/home/chaitanya/bumperbot_ws/build/CMakeFiles/simple_controller.dir) by extension 'colcon_pkg'
[3.744s] Level 1:colcon.colcon_core.package_identification:_identify(/home/chaitanya/bumperbot_ws/build/CMakeFiles/simple_controller.dir) by extensions ['colcon_meta']
[3.745s] Level 1:colcon.colcon_core.package_identification:_identify(/home/chaitanya/bumperbot_ws/build/CMakeFiles/simple_controller.dir) by extension 'colcon_meta'
[3.746s] Level 1:colcon.colcon_core.package_identification:_identify(/home/chaitanya/bumperbot_ws/build/CMakeFiles/simple_controller.dir) by extensions ['ros']
[3.746s] Level 1:colcon.colcon_core.package_identification:_identify(/home/chaitanya/bumperbot_ws/build/CMakeFiles/simple_controller.dir) by extension 'ros'
[3.747s] Level 1:colcon.colcon_core.package_identification:_identify(/home/chaitanya/bumperbot_ws/build/CMakeFiles/simple_controller.dir) by extensions ['cmake', 'python']
[3.747s] Level 1:colcon.colcon_core.package_identification:_identify(/home/chaitanya/bumperbot_ws/build/CMakeFiles/simple_controller.dir) by extension 'cmake'
[3.748s] Level 1:colcon.colcon_core.package_identification:_identify(/home/chaitanya/bumperbot_ws/build/CMakeFiles/simple_controller.dir) by extension 'python'
[3.749s] Level 1:colcon.colcon_core.package_identification:_identify(/home/chaitanya/bumperbot_ws/build/CMakeFiles/simple_controller.dir) by extensions ['python_setup_py']
[3.750s] Level 1:colcon.colcon_core.package_identification:_identify(/home/chaitanya/bumperbot_ws/build/CMakeFiles/simple_controller.dir) by extension 'python_setup_py'
[3.753s] Level 1:colcon.colcon_core.package_identification:_identify(/home/chaitanya/bumperbot_ws/build/CMakeFiles/simple_controller.dir/src) by extensions ['ignore', 'ignore_ament_install']
[3.754s] Level 1:colcon.colcon_core.package_identification:_identify(/home/chaitanya/bumperbot_ws/build/CMakeFiles/simple_controller.dir/src) by extension 'ignore'
[3.757s] Level 1:colcon.colcon_core.package_identification:_identify(/home/chaitanya/bumperbot_ws/build/CMakeFiles/simple_controller.dir/src) by extension 'ignore_ament_install'
[3.758s] Level 1:colcon.colcon_core.package_identification:_identify(/home/chaitanya/bumperbot_ws/build/CMakeFiles/simple_controller.dir/src) by extensions ['colcon_pkg']
[3.759s] Level 1:colcon.colcon_core.package_identification:_identify(/home/chaitanya/bumperbot_ws/build/CMakeFiles/simple_controller.dir/src) by extension 'colcon_pkg'
[3.759s] Level 1:colcon.colcon_core.package_identification:_identify(/home/chaitanya/bumperbot_ws/build/CMakeFiles/simple_controller.dir/src) by extensions ['colcon_meta']
[3.759s] Level 1:colcon.colcon_core.package_identification:_identify(/home/chaitanya/bumperbot_ws/build/CMakeFiles/simple_controller.dir/src) by extension 'colcon_meta'
[3.760s] Level 1:colcon.colcon_core.package_identification:_identify(/home/chaitanya/bumperbot_ws/build/CMakeFiles/simple_controller.dir/src) by extensions ['ros']
[3.760s] Level 1:colcon.colcon_core.package_identification:_identify(/home/chaitanya/bumperbot_ws/build/CMakeFiles/simple_controller.dir/src) by extension 'ros'
[3.760s] Level 1:colcon.colcon_core.package_identification:_identify(/home/chaitanya/bumperbot_ws/build/CMakeFiles/simple_controller.dir/src) by extensions ['cmake', 'python']
[3.761s] Level 1:colcon.colcon_core.package_identification:_identify(/home/chaitanya/bumperbot_ws/build/CMakeFiles/simple_controller.dir/src) by extension 'cmake'
[3.761s] Level 1:colcon.colcon_core.package_identification:_identify(/home/chaitanya/bumperbot_ws/build/CMakeFiles/simple_controller.dir/src) by extension 'python'
[3.761s] Level 1:colcon.colcon_core.package_identification:_identify(/home/chaitanya/bumperbot_ws/build/CMakeFiles/simple_controller.dir/src) by extensions ['python_setup_py']
[3.761s] Level 1:colcon.colcon_core.package_identification:_identify(/home/chaitanya/bumperbot_ws/build/CMakeFiles/simple_controller.dir/src) by extension 'python_setup_py'
[3.762s] Level 1:colcon.colcon_core.package_identification:_identify(/home/chaitanya/bumperbot_ws/build/CMakeFiles/uninstall.dir) by extensions ['ignore', 'ignore_ament_install']
[3.762s] Level 1:colcon.colcon_core.package_identification:_identify(/home/chaitanya/bumperbot_ws/build/CMakeFiles/uninstall.dir) by extension 'ignore'
[3.763s] Level 1:colcon.colcon_core.package_identification:_identify(/home/chaitanya/bumperbot_ws/build/CMakeFiles/uninstall.dir) by extension 'ignore_ament_install'
[3.763s] Level 1:colcon.colcon_core.package_identification:_identify(/home/chaitanya/bumperbot_ws/build/CMakeFiles/uninstall.dir) by extensions ['colcon_pkg']
[3.763s] Level 1:colcon.colcon_core.package_identification:_identify(/home/chaitanya/bumperbot_ws/build/CMakeFiles/uninstall.dir) by extension 'colcon_pkg'
[3.763s] Level 1:colcon.colcon_core.package_identification:_identify(/home/chaitanya/bumperbot_ws/build/CMakeFiles/uninstall.dir) by extensions ['colcon_meta']
[3.764s] Level 1:colcon.colcon_core.package_identification:_identify(/home/chaitanya/bumperbot_ws/build/CMakeFiles/uninstall.dir) by extension 'colcon_meta'
[3.764s] Level 1:colcon.colcon_core.package_identification:_identify(/home/chaitanya/bumperbot_ws/build/CMakeFiles/uninstall.dir) by extensions ['ros']
[3.764s] Level 1:colcon.colcon_core.package_identification:_identify(/home/chaitanya/bumperbot_ws/build/CMakeFiles/uninstall.dir) by extension 'ros'
[3.765s] Level 1:colcon.colcon_core.package_identification:_identify(/home/chaitanya/bumperbot_ws/build/CMakeFiles/uninstall.dir) by extensions ['cmake', 'python']
[3.765s] Level 1:colcon.colcon_core.package_identification:_identify(/home/chaitanya/bumperbot_ws/build/CMakeFiles/uninstall.dir) by extension 'cmake'
[3.765s] Level 1:colcon.colcon_core.package_identification:_identify(/home/chaitanya/bumperbot_ws/build/CMakeFiles/uninstall.dir) by extension 'python'
[3.765s] Level 1:colcon.colcon_core.package_identification:_identify(/home/chaitanya/bumperbot_ws/build/CMakeFiles/uninstall.dir) by extensions ['python_setup_py']
[3.766s] Level 1:colcon.colcon_core.package_identification:_identify(/home/chaitanya/bumperbot_ws/build/CMakeFiles/uninstall.dir) by extension 'python_setup_py'
[3.766s] Level 1:colcon.colcon_core.package_identification:_identify(/home/chaitanya/bumperbot_ws/build/Testing) by extensions ['ignore', 'ignore_ament_install']
[3.767s] Level 1:colcon.colcon_core.package_identification:_identify(/home/chaitanya/bumperbot_ws/build/Testing) by extension 'ignore'
[3.767s] Level 1:colcon.colcon_core.package_identification:_identify(/home/chaitanya/bumperbot_ws/build/Testing) by extension 'ignore_ament_install'
[3.767s] Level 1:colcon.colcon_core.package_identification:_identify(/home/chaitanya/bumperbot_ws/build/Testing) by extensions ['colcon_pkg']
[3.768s] Level 1:colcon.colcon_core.package_identification:_identify(/home/chaitanya/bumperbot_ws/build/Testing) by extension 'colcon_pkg'
[3.768s] Level 1:colcon.colcon_core.package_identification:_identify(/home/chaitanya/bumperbot_ws/build/Testing) by extensions ['colcon_meta']
[3.768s] Level 1:colcon.colcon_core.package_identification:_identify(/home/chaitanya/bumperbot_ws/build/Testing) by extension 'colcon_meta'
[3.768s] Level 1:colcon.colcon_core.package_identification:_identify(/home/chaitanya/bumperbot_ws/build/Testing) by extensions ['ros']
[3.769s] Level 1:colcon.colcon_core.package_identification:_identify(/home/chaitanya/bumperbot_ws/build/Testing) by extension 'ros'
[3.769s] Level 1:colcon.colcon_core.package_identification:_identify(/home/chaitanya/bumperbot_ws/build/Testing) by extensions ['cmake', 'python']
[3.770s] Level 1:colcon.colcon_core.package_identification:_identify(/home/chaitanya/bumperbot_ws/build/Testing) by extension 'cmake'
[3.770s] Level 1:colcon.colcon_core.package_identification:_identify(/home/chaitanya/bumperbot_ws/build/Testing) by extension 'python'
[3.770s] Level 1:colcon.colcon_core.package_identification:_identify(/home/chaitanya/bumperbot_ws/build/Testing) by extensions ['python_setup_py']
[3.770s] Level 1:colcon.colcon_core.package_identification:_identify(/home/chaitanya/bumperbot_ws/build/Testing) by extension 'python_setup_py'
[3.771s] Level 1:colcon.colcon_core.package_identification:_identify(/home/chaitanya/bumperbot_ws/build/Testing/20250518-1703) by extensions ['ignore', 'ignore_ament_install']
[3.771s] Level 1:colcon.colcon_core.package_identification:_identify(/home/chaitanya/bumperbot_ws/build/Testing/20250518-1703) by extension 'ignore'
[3.772s] Level 1:colcon.colcon_core.package_identification:_identify(/home/chaitanya/bumperbot_ws/build/Testing/20250518-1703) by extension 'ignore_ament_install'
[3.772s] Level 1:colcon.colcon_core.package_identification:_identify(/home/chaitanya/bumperbot_ws/build/Testing/20250518-1703) by extensions ['colcon_pkg']
[3.772s] Level 1:colcon.colcon_core.package_identification:_identify(/home/chaitanya/bumperbot_ws/build/Testing/20250518-1703) by extension 'colcon_pkg'
[3.773s] Level 1:colcon.colcon_core.package_identification:_identify(/home/chaitanya/bumperbot_ws/build/Testing/20250518-1703) by extensions ['colcon_meta']
[3.773s] Level 1:colcon.colcon_core.package_identification:_identify(/home/chaitanya/bumperbot_ws/build/Testing/20250518-1703) by extension 'colcon_meta'
[3.773s] Level 1:colcon.colcon_core.package_identification:_identify(/home/chaitanya/bumperbot_ws/build/Testing/20250518-1703) by extensions ['ros']
[3.774s] Level 1:colcon.colcon_core.package_identification:_identify(/home/chaitanya/bumperbot_ws/build/Testing/20250518-1703) by extension 'ros'
[3.774s] Level 1:colcon.colcon_core.package_identification:_identify(/home/chaitanya/bumperbot_ws/build/Testing/20250518-1703) by extensions ['cmake', 'python']
[3.775s] Level 1:colcon.colcon_core.package_identification:_identify(/home/chaitanya/bumperbot_ws/build/Testing/20250518-1703) by extension 'cmake'
[3.775s] Level 1:colcon.colcon_core.package_identification:_identify(/home/chaitanya/bumperbot_ws/build/Testing/20250518-1703) by extension 'python'
[3.776s] Level 1:colcon.colcon_core.package_identification:_identify(/home/chaitanya/bumperbot_ws/build/Testing/20250518-1703) by extensions ['python_setup_py']
[3.776s] Level 1:colcon.colcon_core.package_identification:_identify(/home/chaitanya/bumperbot_ws/build/Testing/20250518-1703) by extension 'python_setup_py'
[3.777s] Level 1:colcon.colcon_core.package_identification:_identify(/home/chaitanya/bumperbot_ws/build/Testing/20250521-0832) by extensions ['ignore', 'ignore_ament_install']
[3.777s] Level 1:colcon.colcon_core.package_identification:_identify(/home/chaitanya/bumperbot_ws/build/Testing/20250521-0832) by extension 'ignore'
[3.778s] Level 1:colcon.colcon_core.package_identification:_identify(/home/chaitanya/bumperbot_ws/build/Testing/20250521-0832) by extension 'ignore_ament_install'
[3.778s] Level 1:colcon.colcon_core.package_identification:_identify(/home/chaitanya/bumperbot_ws/build/Testing/20250521-0832) by extensions ['colcon_pkg']
[3.779s] Level 1:colcon.colcon_core.package_identification:_identify(/home/chaitanya/bumperbot_ws/build/Testing/20250521-0832) by extension 'colcon_pkg'
[3.779s] Level 1:colcon.colcon_core.package_identification:_identify(/home/chaitanya/bumperbot_ws/build/Testing/20250521-0832) by extensions ['colcon_meta']
[3.779s] Level 1:colcon.colcon_core.package_identification:_identify(/home/chaitanya/bumperbot_ws/build/Testing/20250521-0832) by extension 'colcon_meta'
[3.780s] Level 1:colcon.colcon_core.package_identification:_identify(/home/chaitanya/bumperbot_ws/build/Testing/20250521-0832) by extensions ['ros']
[3.780s] Level 1:colcon.colcon_core.package_identification:_identify(/home/chaitanya/bumperbot_ws/build/Testing/20250521-0832) by extension 'ros'
[3.781s] Level 1:colcon.colcon_core.package_identification:_identify(/home/chaitanya/bumperbot_ws/build/Testing/20250521-0832) by extensions ['cmake', 'python']
[3.782s] Level 1:colcon.colcon_core.package_identification:_identify(/home/chaitanya/bumperbot_ws/build/Testing/20250521-0832) by extension 'cmake'
[3.782s] Level 1:colcon.colcon_core.package_identification:_identify(/home/chaitanya/bumperbot_ws/build/Testing/20250521-0832) by extension 'python'
[3.783s] Level 1:colcon.colcon_core.package_identification:_identify(/home/chaitanya/bumperbot_ws/build/Testing/20250521-0832) by extensions ['python_setup_py']
[3.783s] Level 1:colcon.colcon_core.package_identification:_identify(/home/chaitanya/bumperbot_ws/build/Testing/20250521-0832) by extension 'python_setup_py'
[3.785s] Level 1:colcon.colcon_core.package_identification:_identify(/home/chaitanya/bumperbot_ws/build/Testing/Temporary) by extensions ['ignore', 'ignore_ament_install']
[3.786s] Level 1:colcon.colcon_core.package_identification:_identify(/home/chaitanya/bumperbot_ws/build/Testing/Temporary) by extension 'ignore'
[3.788s] Level 1:colcon.colcon_core.package_identification:_identify(/home/chaitanya/bumperbot_ws/build/Testing/Temporary) by extension 'ignore_ament_install'
[3.790s] Level 1:colcon.colcon_core.package_identification:_identify(/home/chaitanya/bumperbot_ws/build/Testing/Temporary) by extensions ['colcon_pkg']
[3.792s] Level 1:colcon.colcon_core.package_identification:_identify(/home/chaitanya/bumperbot_ws/build/Testing/Temporary) by extension 'colcon_pkg'
[3.794s] Level 1:colcon.colcon_core.package_identification:_identify(/home/chaitanya/bumperbot_ws/build/Testing/Temporary) by extensions ['colcon_meta']
[3.795s] Level 1:colcon.colcon_core.package_identification:_identify(/home/chaitanya/bumperbot_ws/build/Testing/Temporary) by extension 'colcon_meta'
[3.795s] Level 1:colcon.colcon_core.package_identification:_identify(/home/chaitanya/bumperbot_ws/build/Testing/Temporary) by extensions ['ros']
[3.795s] Level 1:colcon.colcon_core.package_identification:_identify(/home/chaitanya/bumperbot_ws/build/Testing/Temporary) by extension 'ros'
[3.796s] Level 1:colcon.colcon_core.package_identification:_identify(/home/chaitanya/bumperbot_ws/build/Testing/Temporary) by extensions ['cmake', 'python']
[3.796s] Level 1:colcon.colcon_core.package_identification:_identify(/home/chaitanya/bumperbot_ws/build/Testing/Temporary) by extension 'cmake'
[3.796s] Level 1:colcon.colcon_core.package_identification:_identify(/home/chaitanya/bumperbot_ws/build/Testing/Temporary) by extension 'python'
[3.797s] Level 1:colcon.colcon_core.package_identification:_identify(/home/chaitanya/bumperbot_ws/build/Testing/Temporary) by extensions ['python_setup_py']
[3.797s] Level 1:colcon.colcon_core.package_identification:_identify(/home/chaitanya/bumperbot_ws/build/Testing/Temporary) by extension 'python_setup_py'
[3.798s] Level 1:colcon.colcon_core.package_identification:_identify(/home/chaitanya/bumperbot_ws/build/ament_cmake_core) by extensions ['ignore', 'ignore_ament_install']
[3.798s] Level 1:colcon.colcon_core.package_identification:_identify(/home/chaitanya/bumperbot_ws/build/ament_cmake_core) by extension 'ignore'
[3.798s] Level 1:colcon.colcon_core.package_identification:_identify(/home/chaitanya/bumperbot_ws/build/ament_cmake_core) by extension 'ignore_ament_install'
[3.798s] Level 1:colcon.colcon_core.package_identification:_identify(/home/chaitanya/bumperbot_ws/build/ament_cmake_core) by extensions ['colcon_pkg']
[3.799s] Level 1:colcon.colcon_core.package_identification:_identify(/home/chaitanya/bumperbot_ws/build/ament_cmake_core) by extension 'colcon_pkg'
[3.799s] Level 1:colcon.colcon_core.package_identification:_identify(/home/chaitanya/bumperbot_ws/build/ament_cmake_core) by extensions ['colcon_meta']
[3.799s] Level 1:colcon.colcon_core.package_identification:_identify(/home/chaitanya/bumperbot_ws/build/ament_cmake_core) by extension 'colcon_meta'
[3.799s] Level 1:colcon.colcon_core.package_identification:_identify(/home/chaitanya/bumperbot_ws/build/ament_cmake_core) by extensions ['ros']
[3.799s] Level 1:colcon.colcon_core.package_identification:_identify(/home/chaitanya/bumperbot_ws/build/ament_cmake_core) by extension 'ros'
[3.800s] Level 1:colcon.colcon_core.package_identification:_identify(/home/chaitanya/bumperbot_ws/build/ament_cmake_core) by extensions ['cmake', 'python']
[3.800s] Level 1:colcon.colcon_core.package_identification:_identify(/home/chaitanya/bumperbot_ws/build/ament_cmake_core) by extension 'cmake'
[3.800s] Level 1:colcon.colcon_core.package_identification:_identify(/home/chaitanya/bumperbot_ws/build/ament_cmake_core) by extension 'python'
[3.800s] Level 1:colcon.colcon_core.package_identification:_identify(/home/chaitanya/bumperbot_ws/build/ament_cmake_core) by extensions ['python_setup_py']
[3.801s] Level 1:colcon.colcon_core.package_identification:_identify(/home/chaitanya/bumperbot_ws/build/ament_cmake_core) by extension 'python_setup_py'
[3.801s] Level 1:colcon.colcon_core.package_identification:_identify(/home/chaitanya/bumperbot_ws/build/ament_cmake_core/stamps) by extensions ['ignore', 'ignore_ament_install']
[3.802s] Level 1:colcon.colcon_core.package_identification:_identify(/home/chaitanya/bumperbot_ws/build/ament_cmake_core/stamps) by extension 'ignore'
[3.802s] Level 1:colcon.colcon_core.package_identification:_identify(/home/chaitanya/bumperbot_ws/build/ament_cmake_core/stamps) by extension 'ignore_ament_install'
[3.802s] Level 1:colcon.colcon_core.package_identification:_identify(/home/chaitanya/bumperbot_ws/build/ament_cmake_core/stamps) by extensions ['colcon_pkg']
[3.802s] Level 1:colcon.colcon_core.package_identification:_identify(/home/chaitanya/bumperbot_ws/build/ament_cmake_core/stamps) by extension 'colcon_pkg'
[3.802s] Level 1:colcon.colcon_core.package_identification:_identify(/home/chaitanya/bumperbot_ws/build/ament_cmake_core/stamps) by extensions ['colcon_meta']
[3.803s] Level 1:colcon.colcon_core.package_identification:_identify(/home/chaitanya/bumperbot_ws/build/ament_cmake_core/stamps) by extension 'colcon_meta'
[3.803s] Level 1:colcon.colcon_core.package_identification:_identify(/home/chaitanya/bumperbot_ws/build/ament_cmake_core/stamps) by extensions ['ros']
[3.803s] Level 1:colcon.colcon_core.package_identification:_identify(/home/chaitanya/bumperbot_ws/build/ament_cmake_core/stamps) by extension 'ros'
[3.803s] Level 1:colcon.colcon_core.package_identification:_identify(/home/chaitanya/bumperbot_ws/build/ament_cmake_core/stamps) by extensions ['cmake', 'python']
[3.804s] Level 1:colcon.colcon_core.package_identification:_identify(/home/chaitanya/bumperbot_ws/build/ament_cmake_core/stamps) by extension 'cmake'
[3.804s] Level 1:colcon.colcon_core.package_identification:_identify(/home/chaitanya/bumperbot_ws/build/ament_cmake_core/stamps) by extension 'python'
[3.804s] Level 1:colcon.colcon_core.package_identification:_identify(/home/chaitanya/bumperbot_ws/build/ament_cmake_core/stamps) by extensions ['python_setup_py']
[3.804s] Level 1:colcon.colcon_core.package_identification:_identify(/home/chaitanya/bumperbot_ws/build/ament_cmake_core/stamps) by extension 'python_setup_py'
[3.805s] Level 1:colcon.colcon_core.package_identification:_identify(/home/chaitanya/bumperbot_ws/build/ament_cmake_environment_hooks) by extensions ['ignore', 'ignore_ament_install']
[3.805s] Level 1:colcon.colcon_core.package_identification:_identify(/home/chaitanya/bumperbot_ws/build/ament_cmake_environment_hooks) by extension 'ignore'
[3.805s] Level 1:colcon.colcon_core.package_identification:_identify(/home/chaitanya/bumperbot_ws/build/ament_cmake_environment_hooks) by extension 'ignore_ament_install'
[3.806s] Level 1:colcon.colcon_core.package_identification:_identify(/home/chaitanya/bumperbot_ws/build/ament_cmake_environment_hooks) by extensions ['colcon_pkg']
[3.806s] Level 1:colcon.colcon_core.package_identification:_identify(/home/chaitanya/bumperbot_ws/build/ament_cmake_environment_hooks) by extension 'colcon_pkg'
[3.806s] Level 1:colcon.colcon_core.package_identification:_identify(/home/chaitanya/bumperbot_ws/build/ament_cmake_environment_hooks) by extensions ['colcon_meta']
[3.806s] Level 1:colcon.colcon_core.package_identification:_identify(/home/chaitanya/bumperbot_ws/build/ament_cmake_environment_hooks) by extension 'colcon_meta'
[3.807s] Level 1:colcon.colcon_core.package_identification:_identify(/home/chaitanya/bumperbot_ws/build/ament_cmake_environment_hooks) by extensions ['ros']
[3.807s] Level 1:colcon.colcon_core.package_identification:_identify(/home/chaitanya/bumperbot_ws/build/ament_cmake_environment_hooks) by extension 'ros'
[3.807s] Level 1:colcon.colcon_core.package_identification:_identify(/home/chaitanya/bumperbot_ws/build/ament_cmake_environment_hooks) by extensions ['cmake', 'python']
[3.807s] Level 1:colcon.colcon_core.package_identification:_identify(/home/chaitanya/bumperbot_ws/build/ament_cmake_environment_hooks) by extension 'cmake'
[3.807s] Level 1:colcon.colcon_core.package_identification:_identify(/home/chaitanya/bumperbot_ws/build/ament_cmake_environment_hooks) by extension 'python'
[3.808s] Level 1:colcon.colcon_core.package_identification:_identify(/home/chaitanya/bumperbot_ws/build/ament_cmake_environment_hooks) by extensions ['python_setup_py']
[3.808s] Level 1:colcon.colcon_core.package_identification:_identify(/home/chaitanya/bumperbot_ws/build/ament_cmake_environment_hooks) by extension 'python_setup_py'
[3.809s] Level 1:colcon.colcon_core.package_identification:_identify(/home/chaitanya/bumperbot_ws/build/ament_cmake_index) by extensions ['ignore', 'ignore_ament_install']
[3.810s] Level 1:colcon.colcon_core.package_identification:_identify(/home/chaitanya/bumperbot_ws/build/ament_cmake_index) by extension 'ignore'
[3.811s] Level 1:colcon.colcon_core.package_identification:_identify(/home/chaitanya/bumperbot_ws/build/ament_cmake_index) by extension 'ignore_ament_install'
[3.811s] Level 1:colcon.colcon_core.package_identification:_identify(/home/chaitanya/bumperbot_ws/build/ament_cmake_index) by extensions ['colcon_pkg']
[3.811s] Level 1:colcon.colcon_core.package_identification:_identify(/home/chaitanya/bumperbot_ws/build/ament_cmake_index) by extension 'colcon_pkg'
[3.812s] Level 1:colcon.colcon_core.package_identification:_identify(/home/chaitanya/bumperbot_ws/build/ament_cmake_index) by extensions ['colcon_meta']
[3.813s] Level 1:colcon.colcon_core.package_identification:_identify(/home/chaitanya/bumperbot_ws/build/ament_cmake_index) by extension 'colcon_meta'
[3.813s] Level 1:colcon.colcon_core.package_identification:_identify(/home/chaitanya/bumperbot_ws/build/ament_cmake_index) by extensions ['ros']
[3.814s] Level 1:colcon.colcon_core.package_identification:_identify(/home/chaitanya/bumperbot_ws/build/ament_cmake_index) by extension 'ros'
[3.814s] Level 1:colcon.colcon_core.package_identification:_identify(/home/chaitanya/bumperbot_ws/build/ament_cmake_index) by extensions ['cmake', 'python']
[3.815s] Level 1:colcon.colcon_core.package_identification:_identify(/home/chaitanya/bumperbot_ws/build/ament_cmake_index) by extension 'cmake'
[3.815s] Level 1:colcon.colcon_core.package_identification:_identify(/home/chaitanya/bumperbot_ws/build/ament_cmake_index) by extension 'python'
[3.815s] Level 1:colcon.colcon_core.package_identification:_identify(/home/chaitanya/bumperbot_ws/build/ament_cmake_index) by extensions ['python_setup_py']
[3.816s] Level 1:colcon.colcon_core.package_identification:_identify(/home/chaitanya/bumperbot_ws/build/ament_cmake_index) by extension 'python_setup_py'
[3.817s] Level 1:colcon.colcon_core.package_identification:_identify(/home/chaitanya/bumperbot_ws/build/ament_cmake_index/share) by extensions ['ignore', 'ignore_ament_install']
[3.817s] Level 1:colcon.colcon_core.package_identification:_identify(/home/chaitanya/bumperbot_ws/build/ament_cmake_index/share) by extension 'ignore'
[3.819s] Level 1:colcon.colcon_core.package_identification:_identify(/home/chaitanya/bumperbot_ws/build/ament_cmake_index/share) by extension 'ignore_ament_install'
[3.819s] Level 1:colcon.colcon_core.package_identification:_identify(/home/chaitanya/bumperbot_ws/build/ament_cmake_index/share) by extensions ['colcon_pkg']
[3.820s] Level 1:colcon.colcon_core.package_identification:_identify(/home/chaitanya/bumperbot_ws/build/ament_cmake_index/share) by extension 'colcon_pkg'
[3.820s] Level 1:colcon.colcon_core.package_identification:_identify(/home/chaitanya/bumperbot_ws/build/ament_cmake_index/share) by extensions ['colcon_meta']
[3.820s] Level 1:colcon.colcon_core.package_identification:_identify(/home/chaitanya/bumperbot_ws/build/ament_cmake_index/share) by extension 'colcon_meta'
[3.820s] Level 1:colcon.colcon_core.package_identification:_identify(/home/chaitanya/bumperbot_ws/build/ament_cmake_index/share) by extensions ['ros']
[3.821s] Level 1:colcon.colcon_core.package_identification:_identify(/home/chaitanya/bumperbot_ws/build/ament_cmake_index/share) by extension 'ros'
[3.821s] Level 1:colcon.colcon_core.package_identification:_identify(/home/chaitanya/bumperbot_ws/build/ament_cmake_index/share) by extensions ['cmake', 'python']
[3.821s] Level 1:colcon.colcon_core.package_identification:_identify(/home/chaitanya/bumperbot_ws/build/ament_cmake_index/share) by extension 'cmake'
[3.821s] Level 1:colcon.colcon_core.package_identification:_identify(/home/chaitanya/bumperbot_ws/build/ament_cmake_index/share) by extension 'python'
[3.821s] Level 1:colcon.colcon_core.package_identification:_identify(/home/chaitanya/bumperbot_ws/build/ament_cmake_index/share) by extensions ['python_setup_py']
[3.822s] Level 1:colcon.colcon_core.package_identification:_identify(/home/chaitanya/bumperbot_ws/build/ament_cmake_index/share) by extension 'python_setup_py'
[3.822s] Level 1:colcon.colcon_core.package_identification:_identify(/home/chaitanya/bumperbot_ws/build/ament_cmake_index/share/ament_index) by extensions ['ignore', 'ignore_ament_install']
[3.823s] Level 1:colcon.colcon_core.package_identification:_identify(/home/chaitanya/bumperbot_ws/build/ament_cmake_index/share/ament_index) by extension 'ignore'
[3.823s] Level 1:colcon.colcon_core.package_identification:_identify(/home/chaitanya/bumperbot_ws/build/ament_cmake_index/share/ament_index) by extension 'ignore_ament_install'
[3.823s] Level 1:colcon.colcon_core.package_identification:_identify(/home/chaitanya/bumperbot_ws/build/ament_cmake_index/share/ament_index) by extensions ['colcon_pkg']
[3.823s] Level 1:colcon.colcon_core.package_identification:_identify(/home/chaitanya/bumperbot_ws/build/ament_cmake_index/share/ament_index) by extension 'colcon_pkg'
[3.824s] Level 1:colcon.colcon_core.package_identification:_identify(/home/chaitanya/bumperbot_ws/build/ament_cmake_index/share/ament_index) by extensions ['colcon_meta']
[3.824s] Level 1:colcon.colcon_core.package_identification:_identify(/home/chaitanya/bumperbot_ws/build/ament_cmake_index/share/ament_index) by extension 'colcon_meta'
[3.824s] Level 1:colcon.colcon_core.package_identification:_identify(/home/chaitanya/bumperbot_ws/build/ament_cmake_index/share/ament_index) by extensions ['ros']
[3.825s] Level 1:colcon.colcon_core.package_identification:_identify(/home/chaitanya/bumperbot_ws/build/ament_cmake_index/share/ament_index) by extension 'ros'
[3.825s] Level 1:colcon.colcon_core.package_identification:_identify(/home/chaitanya/bumperbot_ws/build/ament_cmake_index/share/ament_index) by extensions ['cmake', 'python']
[3.825s] Level 1:colcon.colcon_core.package_identification:_identify(/home/chaitanya/bumperbot_ws/build/ament_cmake_index/share/ament_index) by extension 'cmake'
[3.826s] Level 1:colcon.colcon_core.package_identification:_identify(/home/chaitanya/bumperbot_ws/build/ament_cmake_index/share/ament_index) by extension 'python'
[3.826s] Level 1:colcon.colcon_core.package_identification:_identify(/home/chaitanya/bumperbot_ws/build/ament_cmake_index/share/ament_index) by extensions ['python_setup_py']
[3.826s] Level 1:colcon.colcon_core.package_identification:_identify(/home/chaitanya/bumperbot_ws/build/ament_cmake_index/share/ament_index) by extension 'python_setup_py'
[3.827s] Level 1:colcon.colcon_core.package_identification:_identify(/home/chaitanya/bumperbot_ws/build/ament_cmake_index/share/ament_index/resource_index) by extensions ['ignore', 'ignore_ament_install']
[3.827s] Level 1:colcon.colcon_core.package_identification:_identify(/home/chaitanya/bumperbot_ws/build/ament_cmake_index/share/ament_index/resource_index) by extension 'ignore'
[3.827s] Level 1:colcon.colcon_core.package_identification:_identify(/home/chaitanya/bumperbot_ws/build/ament_cmake_index/share/ament_index/resource_index) by extension 'ignore_ament_install'
[3.828s] Level 1:colcon.colcon_core.package_identification:_identify(/home/chaitanya/bumperbot_ws/build/ament_cmake_index/share/ament_index/resource_index) by extensions ['colcon_pkg']
[3.828s] Level 1:colcon.colcon_core.package_identification:_identify(/home/chaitanya/bumperbot_ws/build/ament_cmake_index/share/ament_index/resource_index) by extension 'colcon_pkg'
[3.828s] Level 1:colcon.colcon_core.package_identification:_identify(/home/chaitanya/bumperbot_ws/build/ament_cmake_index/share/ament_index/resource_index) by extensions ['colcon_meta']
[3.828s] Level 1:colcon.colcon_core.package_identification:_identify(/home/chaitanya/bumperbot_ws/build/ament_cmake_index/share/ament_index/resource_index) by extension 'colcon_meta'
[3.829s] Level 1:colcon.colcon_core.package_identification:_identify(/home/chaitanya/bumperbot_ws/build/ament_cmake_index/share/ament_index/resource_index) by extensions ['ros']
[3.829s] Level 1:colcon.colcon_core.package_identification:_identify(/home/chaitanya/bumperbot_ws/build/ament_cmake_index/share/ament_index/resource_index) by extension 'ros'
[3.829s] Level 1:colcon.colcon_core.package_identification:_identify(/home/chaitanya/bumperbot_ws/build/ament_cmake_index/share/ament_index/resource_index) by extensions ['cmake', 'python']
[3.829s] Level 1:colcon.colcon_core.package_identification:_identify(/home/chaitanya/bumperbot_ws/build/ament_cmake_index/share/ament_index/resource_index) by extension 'cmake'
[3.829s] Level 1:colcon.colcon_core.package_identification:_identify(/home/chaitanya/bumperbot_ws/build/ament_cmake_index/share/ament_index/resource_index) by extension 'python'
[3.830s] Level 1:colcon.colcon_core.package_identification:_identify(/home/chaitanya/bumperbot_ws/build/ament_cmake_index/share/ament_index/resource_index) by extensions ['python_setup_py']
[3.830s] Level 1:colcon.colcon_core.package_identification:_identify(/home/chaitanya/bumperbot_ws/build/ament_cmake_index/share/ament_index/resource_index) by extension 'python_setup_py'
[3.831s] Level 1:colcon.colcon_core.package_identification:_identify(/home/chaitanya/bumperbot_ws/build/ament_cmake_index/share/ament_index/resource_index/package_run_dependencies) by extensions ['ignore', 'ignore_ament_install']
[3.831s] Level 1:colcon.colcon_core.package_identification:_identify(/home/chaitanya/bumperbot_ws/build/ament_cmake_index/share/ament_index/resource_index/package_run_dependencies) by extension 'ignore'
[3.832s] Level 1:colcon.colcon_core.package_identification:_identify(/home/chaitanya/bumperbot_ws/build/ament_cmake_index/share/ament_index/resource_index/package_run_dependencies) by extension 'ignore_ament_install'
[3.832s] Level 1:colcon.colcon_core.package_identification:_identify(/home/chaitanya/bumperbot_ws/build/ament_cmake_index/share/ament_index/resource_index/package_run_dependencies) by extensions ['colcon_pkg']
[3.832s] Level 1:colcon.colcon_core.package_identification:_identify(/home/chaitanya/bumperbot_ws/build/ament_cmake_index/share/ament_index/resource_index/package_run_dependencies) by extension 'colcon_pkg'
[3.833s] Level 1:colcon.colcon_core.package_identification:_identify(/home/chaitanya/bumperbot_ws/build/ament_cmake_index/share/ament_index/resource_index/package_run_dependencies) by extensions ['colcon_meta']
[3.833s] Level 1:colcon.colcon_core.package_identification:_identify(/home/chaitanya/bumperbot_ws/build/ament_cmake_index/share/ament_index/resource_index/package_run_dependencies) by extension 'colcon_meta'
[3.833s] Level 1:colcon.colcon_core.package_identification:_identify(/home/chaitanya/bumperbot_ws/build/ament_cmake_index/share/ament_index/resource_index/package_run_dependencies) by extensions ['ros']
[3.833s] Level 1:colcon.colcon_core.package_identification:_identify(/home/chaitanya/bumperbot_ws/build/ament_cmake_index/share/ament_index/resource_index/package_run_dependencies) by extension 'ros'
[3.834s] Level 1:colcon.colcon_core.package_identification:_identify(/home/chaitanya/bumperbot_ws/build/ament_cmake_index/share/ament_index/resource_index/package_run_dependencies) by extensions ['cmake', 'python']
[3.834s] Level 1:colcon.colcon_core.package_identification:_identify(/home/chaitanya/bumperbot_ws/build/ament_cmake_index/share/ament_index/resource_index/package_run_dependencies) by extension 'cmake'
[3.834s] Level 1:colcon.colcon_core.package_identification:_identify(/home/chaitanya/bumperbot_ws/build/ament_cmake_index/share/ament_index/resource_index/package_run_dependencies) by extension 'python'
[3.834s] Level 1:colcon.colcon_core.package_identification:_identify(/home/chaitanya/bumperbot_ws/build/ament_cmake_index/share/ament_index/resource_index/package_run_dependencies) by extensions ['python_setup_py']
[3.835s] Level 1:colcon.colcon_core.package_identification:_identify(/home/chaitanya/bumperbot_ws/build/ament_cmake_index/share/ament_index/resource_index/package_run_dependencies) by extension 'python_setup_py'
[3.835s] Level 1:colcon.colcon_core.package_identification:_identify(/home/chaitanya/bumperbot_ws/build/ament_cmake_index/share/ament_index/resource_index/packages) by extensions ['ignore', 'ignore_ament_install']
[3.836s] Level 1:colcon.colcon_core.package_identification:_identify(/home/chaitanya/bumperbot_ws/build/ament_cmake_index/share/ament_index/resource_index/packages) by extension 'ignore'
[3.836s] Level 1:colcon.colcon_core.package_identification:_identify(/home/chaitanya/bumperbot_ws/build/ament_cmake_index/share/ament_index/resource_index/packages) by extension 'ignore_ament_install'
[3.836s] Level 1:colcon.colcon_core.package_identification:_identify(/home/chaitanya/bumperbot_ws/build/ament_cmake_index/share/ament_index/resource_index/packages) by extensions ['colcon_pkg']
[3.836s] Level 1:colcon.colcon_core.package_identification:_identify(/home/chaitanya/bumperbot_ws/build/ament_cmake_index/share/ament_index/resource_index/packages) by extension 'colcon_pkg'
[3.837s] Level 1:colcon.colcon_core.package_identification:_identify(/home/chaitanya/bumperbot_ws/build/ament_cmake_index/share/ament_index/resource_index/packages) by extensions ['colcon_meta']
[3.837s] Level 1:colcon.colcon_core.package_identification:_identify(/home/chaitanya/bumperbot_ws/build/ament_cmake_index/share/ament_index/resource_index/packages) by extension 'colcon_meta'
[3.837s] Level 1:colcon.colcon_core.package_identification:_identify(/home/chaitanya/bumperbot_ws/build/ament_cmake_index/share/ament_index/resource_index/packages) by extensions ['ros']
[3.838s] Level 1:colcon.colcon_core.package_identification:_identify(/home/chaitanya/bumperbot_ws/build/ament_cmake_index/share/ament_index/resource_index/packages) by extension 'ros'
[3.838s] Level 1:colcon.colcon_core.package_identification:_identify(/home/chaitanya/bumperbot_ws/build/ament_cmake_index/share/ament_index/resource_index/packages) by extensions ['cmake', 'python']
[3.838s] Level 1:colcon.colcon_core.package_identification:_identify(/home/chaitanya/bumperbot_ws/build/ament_cmake_index/share/ament_index/resource_index/packages) by extension 'cmake'
[3.839s] Level 1:colcon.colcon_core.package_identification:_identify(/home/chaitanya/bumperbot_ws/build/ament_cmake_index/share/ament_index/resource_index/packages) by extension 'python'
[3.839s] Level 1:colcon.colcon_core.package_identification:_identify(/home/chaitanya/bumperbot_ws/build/ament_cmake_index/share/ament_index/resource_index/packages) by extensions ['python_setup_py']
[3.839s] Level 1:colcon.colcon_core.package_identification:_identify(/home/chaitanya/bumperbot_ws/build/ament_cmake_index/share/ament_index/resource_index/packages) by extension 'python_setup_py'
[3.840s] Level 1:colcon.colcon_core.package_identification:_identify(/home/chaitanya/bumperbot_ws/build/ament_cmake_index/share/ament_index/resource_index/parent_prefix_path) by extensions ['ignore', 'ignore_ament_install']
[3.840s] Level 1:colcon.colcon_core.package_identification:_identify(/home/chaitanya/bumperbot_ws/build/ament_cmake_index/share/ament_index/resource_index/parent_prefix_path) by extension 'ignore'
[3.840s] Level 1:colcon.colcon_core.package_identification:_identify(/home/chaitanya/bumperbot_ws/build/ament_cmake_index/share/ament_index/resource_index/parent_prefix_path) by extension 'ignore_ament_install'
[3.841s] Level 1:colcon.colcon_core.package_identification:_identify(/home/chaitanya/bumperbot_ws/build/ament_cmake_index/share/ament_index/resource_index/parent_prefix_path) by extensions ['colcon_pkg']
[3.841s] Level 1:colcon.colcon_core.package_identification:_identify(/home/chaitanya/bumperbot_ws/build/ament_cmake_index/share/ament_index/resource_index/parent_prefix_path) by extension 'colcon_pkg'
[3.841s] Level 1:colcon.colcon_core.package_identification:_identify(/home/chaitanya/bumperbot_ws/build/ament_cmake_index/share/ament_index/resource_index/parent_prefix_path) by extensions ['colcon_meta']
[3.841s] Level 1:colcon.colcon_core.package_identification:_identify(/home/chaitanya/bumperbot_ws/build/ament_cmake_index/share/ament_index/resource_index/parent_prefix_path) by extension 'colcon_meta'
[3.841s] Level 1:colcon.colcon_core.package_identification:_identify(/home/chaitanya/bumperbot_ws/build/ament_cmake_index/share/ament_index/resource_index/parent_prefix_path) by extensions ['ros']
[3.842s] Level 1:colcon.colcon_core.package_identification:_identify(/home/chaitanya/bumperbot_ws/build/ament_cmake_index/share/ament_index/resource_index/parent_prefix_path) by extension 'ros'
[3.842s] Level 1:colcon.colcon_core.package_identification:_identify(/home/chaitanya/bumperbot_ws/build/ament_cmake_index/share/ament_index/resource_index/parent_prefix_path) by extensions ['cmake', 'python']
[3.842s] Level 1:colcon.colcon_core.package_identification:_identify(/home/chaitanya/bumperbot_ws/build/ament_cmake_index/share/ament_index/resource_index/parent_prefix_path) by extension 'cmake'
[3.842s] Level 1:colcon.colcon_core.package_identification:_identify(/home/chaitanya/bumperbot_ws/build/ament_cmake_index/share/ament_index/resource_index/parent_prefix_path) by extension 'python'
[3.843s] Level 1:colcon.colcon_core.package_identification:_identify(/home/chaitanya/bumperbot_ws/build/ament_cmake_index/share/ament_index/resource_index/parent_prefix_path) by extensions ['python_setup_py']
[3.843s] Level 1:colcon.colcon_core.package_identification:_identify(/home/chaitanya/bumperbot_ws/build/ament_cmake_index/share/ament_index/resource_index/parent_prefix_path) by extension 'python_setup_py'
[3.844s] Level 1:colcon.colcon_core.package_identification:_identify(/home/chaitanya/bumperbot_ws/build/ament_cmake_package_templates) by extensions ['ignore', 'ignore_ament_install']
[3.844s] Level 1:colcon.colcon_core.package_identification:_identify(/home/chaitanya/bumperbot_ws/build/ament_cmake_package_templates) by extension 'ignore'
[3.844s] Level 1:colcon.colcon_core.package_identification:_identify(/home/chaitanya/bumperbot_ws/build/ament_cmake_package_templates) by extension 'ignore_ament_install'
[3.845s] Level 1:colcon.colcon_core.package_identification:_identify(/home/chaitanya/bumperbot_ws/build/ament_cmake_package_templates) by extensions ['colcon_pkg']
[3.845s] Level 1:colcon.colcon_core.package_identification:_identify(/home/chaitanya/bumperbot_ws/build/ament_cmake_package_templates) by extension 'colcon_pkg'
[3.845s] Level 1:colcon.colcon_core.package_identification:_identify(/home/chaitanya/bumperbot_ws/build/ament_cmake_package_templates) by extensions ['colcon_meta']
[3.845s] Level 1:colcon.colcon_core.package_identification:_identify(/home/chaitanya/bumperbot_ws/build/ament_cmake_package_templates) by extension 'colcon_meta'
[3.845s] Level 1:colcon.colcon_core.package_identification:_identify(/home/chaitanya/bumperbot_ws/build/ament_cmake_package_templates) by extensions ['ros']
[3.846s] Level 1:colcon.colcon_core.package_identification:_identify(/home/chaitanya/bumperbot_ws/build/ament_cmake_package_templates) by extension 'ros'
[3.846s] Level 1:colcon.colcon_core.package_identification:_identify(/home/chaitanya/bumperbot_ws/build/ament_cmake_package_templates) by extensions ['cmake', 'python']
[3.846s] Level 1:colcon.colcon_core.package_identification:_identify(/home/chaitanya/bumperbot_ws/build/ament_cmake_package_templates) by extension 'cmake'
[3.846s] Level 1:colcon.colcon_core.package_identification:_identify(/home/chaitanya/bumperbot_ws/build/ament_cmake_package_templates) by extension 'python'
[3.847s] Level 1:colcon.colcon_core.package_identification:_identify(/home/chaitanya/bumperbot_ws/build/ament_cmake_package_templates) by extensions ['python_setup_py']
[3.847s] Level 1:colcon.colcon_core.package_identification:_identify(/home/chaitanya/bumperbot_ws/build/ament_cmake_package_templates) by extension 'python_setup_py'
[3.847s] Level 1:colcon.colcon_core.package_identification:_identify(/home/chaitanya/bumperbot_ws/build/ament_cmake_python) by extensions ['ignore', 'ignore_ament_install']
[3.848s] Level 1:colcon.colcon_core.package_identification:_identify(/home/chaitanya/bumperbot_ws/build/ament_cmake_python) by extension 'ignore'
[3.848s] Level 1:colcon.colcon_core.package_identification:_identify(/home/chaitanya/bumperbot_ws/build/ament_cmake_python) by extension 'ignore_ament_install'
[3.848s] Level 1:colcon.colcon_core.package_identification:_identify(/home/chaitanya/bumperbot_ws/build/ament_cmake_python) by extensions ['colcon_pkg']
[3.848s] Level 1:colcon.colcon_core.package_identification:_identify(/home/chaitanya/bumperbot_ws/build/ament_cmake_python) by extension 'colcon_pkg'
[3.849s] Level 1:colcon.colcon_core.package_identification:_identify(/home/chaitanya/bumperbot_ws/build/ament_cmake_python) by extensions ['colcon_meta']
[3.849s] Level 1:colcon.colcon_core.package_identification:_identify(/home/chaitanya/bumperbot_ws/build/ament_cmake_python) by extension 'colcon_meta'
[3.849s] Level 1:colcon.colcon_core.package_identification:_identify(/home/chaitanya/bumperbot_ws/build/ament_cmake_python) by extensions ['ros']
[3.849s] Level 1:colcon.colcon_core.package_identification:_identify(/home/chaitanya/bumperbot_ws/build/ament_cmake_python) by extension 'ros'
[3.850s] Level 1:colcon.colcon_core.package_identification:_identify(/home/chaitanya/bumperbot_ws/build/ament_cmake_python) by extensions ['cmake', 'python']
[3.850s] Level 1:colcon.colcon_core.package_identification:_identify(/home/chaitanya/bumperbot_ws/build/ament_cmake_python) by extension 'cmake'
[3.850s] Level 1:colcon.colcon_core.package_identification:_identify(/home/chaitanya/bumperbot_ws/build/ament_cmake_python) by extension 'python'
[3.850s] Level 1:colcon.colcon_core.package_identification:_identify(/home/chaitanya/bumperbot_ws/build/ament_cmake_python) by extensions ['python_setup_py']
[3.850s] Level 1:colcon.colcon_core.package_identification:_identify(/home/chaitanya/bumperbot_ws/build/ament_cmake_python) by extension 'python_setup_py'
[3.851s] Level 1:colcon.colcon_core.package_identification:_identify(/home/chaitanya/bumperbot_ws/build/ament_cmake_python/bumperbot_controller) by extensions ['ignore', 'ignore_ament_install']
[3.851s] Level 1:colcon.colcon_core.package_identification:_identify(/home/chaitanya/bumperbot_ws/build/ament_cmake_python/bumperbot_controller) by extension 'ignore'
[3.851s] Level 1:colcon.colcon_core.package_identification:_identify(/home/chaitanya/bumperbot_ws/build/ament_cmake_python/bumperbot_controller) by extension 'ignore_ament_install'
[3.852s] Level 1:colcon.colcon_core.package_identification:_identify(/home/chaitanya/bumperbot_ws/build/ament_cmake_python/bumperbot_controller) by extensions ['colcon_pkg']
[3.852s] Level 1:colcon.colcon_core.package_identification:_identify(/home/chaitanya/bumperbot_ws/build/ament_cmake_python/bumperbot_controller) by extension 'colcon_pkg'
[3.852s] Level 1:colcon.colcon_core.package_identification:_identify(/home/chaitanya/bumperbot_ws/build/ament_cmake_python/bumperbot_controller) by extensions ['colcon_meta']
[3.852s] Level 1:colcon.colcon_core.package_identification:_identify(/home/chaitanya/bumperbot_ws/build/ament_cmake_python/bumperbot_controller) by extension 'colcon_meta'
[3.853s] Level 1:colcon.colcon_core.package_identification:_identify(/home/chaitanya/bumperbot_ws/build/ament_cmake_python/bumperbot_controller) by extensions ['ros']
[3.853s] Level 1:colcon.colcon_core.package_identification:_identify(/home/chaitanya/bumperbot_ws/build/ament_cmake_python/bumperbot_controller) by extension 'ros'
[3.853s] Level 1:colcon.colcon_core.package_identification:_identify(/home/chaitanya/bumperbot_ws/build/ament_cmake_python/bumperbot_controller) by extensions ['cmake', 'python']
[3.853s] Level 1:colcon.colcon_core.package_identification:_identify(/home/chaitanya/bumperbot_ws/build/ament_cmake_python/bumperbot_controller) by extension 'cmake'
[3.853s] Level 1:colcon.colcon_core.package_identification:_identify(/home/chaitanya/bumperbot_ws/build/ament_cmake_python/bumperbot_controller) by extension 'python'
[3.854s] Level 1:colcon.colcon_core.package_identification:_identify(/home/chaitanya/bumperbot_ws/build/ament_cmake_python/bumperbot_controller) by extensions ['python_setup_py']
[3.854s] Level 1:colcon.colcon_core.package_identification:_identify(/home/chaitanya/bumperbot_ws/build/ament_cmake_python/bumperbot_controller) by extension 'python_setup_py'
[5.127s] DEBUG:colcon.colcon_core.package_identification:Package '/home/chaitanya/bumperbot_ws/build/ament_cmake_python/bumperbot_controller' with type 'python' and name 'bumperbot_controller'
[5.128s] Level 1:colcon.colcon_core.package_identification:_identify(/home/chaitanya/bumperbot_ws/build/ament_cmake_uninstall_target) by extensions ['ignore', 'ignore_ament_install']
[5.129s] Level 1:colcon.colcon_core.package_identification:_identify(/home/chaitanya/bumperbot_ws/build/ament_cmake_uninstall_target) by extension 'ignore'
[5.129s] Level 1:colcon.colcon_core.package_identification:_identify(/home/chaitanya/bumperbot_ws/build/ament_cmake_uninstall_target) by extension 'ignore_ament_install'
[5.129s] Level 1:colcon.colcon_core.package_identification:_identify(/home/chaitanya/bumperbot_ws/build/ament_cmake_uninstall_target) by extensions ['colcon_pkg']
[5.129s] Level 1:colcon.colcon_core.package_identification:_identify(/home/chaitanya/bumperbot_ws/build/ament_cmake_uninstall_target) by extension 'colcon_pkg'
[5.130s] Level 1:colcon.colcon_core.package_identification:_identify(/home/chaitanya/bumperbot_ws/build/ament_cmake_uninstall_target) by extensions ['colcon_meta']
[5.130s] Level 1:colcon.colcon_core.package_identification:_identify(/home/chaitanya/bumperbot_ws/build/ament_cmake_uninstall_target) by extension 'colcon_meta'
[5.130s] Level 1:colcon.colcon_core.package_identification:_identify(/home/chaitanya/bumperbot_ws/build/ament_cmake_uninstall_target) by extensions ['ros']
[5.130s] Level 1:colcon.colcon_core.package_identification:_identify(/home/chaitanya/bumperbot_ws/build/ament_cmake_uninstall_target) by extension 'ros'
[5.131s] Level 1:colcon.colcon_core.package_identification:_identify(/home/chaitanya/bumperbot_ws/build/ament_cmake_uninstall_target) by extensions ['cmake', 'python']
[5.131s] Level 1:colcon.colcon_core.package_identification:_identify(/home/chaitanya/bumperbot_ws/build/ament_cmake_uninstall_target) by extension 'cmake'
[5.131s] Level 1:colcon.colcon_core.package_identification:_identify(/home/chaitanya/bumperbot_ws/build/ament_cmake_uninstall_target) by extension 'python'
[5.132s] Level 1:colcon.colcon_core.package_identification:_identify(/home/chaitanya/bumperbot_ws/build/ament_cmake_uninstall_target) by extensions ['python_setup_py']
[5.132s] Level 1:colcon.colcon_core.package_identification:_identify(/home/chaitanya/bumperbot_ws/build/ament_cmake_uninstall_target) by extension 'python_setup_py'
[5.133s] Level 1:colcon.colcon_core.package_identification:_identify(/home/chaitanya/bumperbot_ws/log) by extensions ['ignore', 'ignore_ament_install']
[5.133s] Level 1:colcon.colcon_core.package_identification:_identify(/home/chaitanya/bumperbot_ws/log) by extension 'ignore'
[5.133s] Level 1:colcon.colcon_core.package_identification:_identify(/home/chaitanya/bumperbot_ws/log) ignored
[5.134s] Level 1:colcon.colcon_core.package_identification:_identify(/home/chaitanya/bumperbot_ws/src) by extensions ['ignore', 'ignore_ament_install']
[5.134s] Level 1:colcon.colcon_core.package_identification:_identify(/home/chaitanya/bumperbot_ws/src) by extension 'ignore'
[5.135s] Level 1:colcon.colcon_core.package_identification:_identify(/home/chaitanya/bumperbot_ws/src) by extension 'ignore_ament_install'
[5.135s] Level 1:colcon.colcon_core.package_identification:_identify(/home/chaitanya/bumperbot_ws/src) by extensions ['colcon_pkg']
[5.135s] Level 1:colcon.colcon_core.package_identification:_identify(/home/chaitanya/bumperbot_ws/src) by extension 'colcon_pkg'
[5.135s] Level 1:colcon.colcon_core.package_identification:_identify(/home/chaitanya/bumperbot_ws/src) by extensions ['colcon_meta']
[5.135s] Level 1:colcon.colcon_core.package_identification:_identify(/home/chaitanya/bumperbot_ws/src) by extension 'colcon_meta'
[5.136s] Level 1:colcon.colcon_core.package_identification:_identify(/home/chaitanya/bumperbot_ws/src) by extensions ['ros']
[5.136s] Level 1:colcon.colcon_core.package_identification:_identify(/home/chaitanya/bumperbot_ws/src) by extension 'ros'
[5.136s] Level 1:colcon.colcon_core.package_identification:_identify(/home/chaitanya/bumperbot_ws/src) by extensions ['cmake', 'python']
[5.137s] Level 1:colcon.colcon_core.package_identification:_identify(/home/chaitanya/bumperbot_ws/src) by extension 'cmake'
[5.137s] Level 1:colcon.colcon_core.package_identification:_identify(/home/chaitanya/bumperbot_ws/src) by extension 'python'
[5.137s] Level 1:colcon.colcon_core.package_identification:_identify(/home/chaitanya/bumperbot_ws/src) by extensions ['python_setup_py']
[5.137s] Level 1:colcon.colcon_core.package_identification:_identify(/home/chaitanya/bumperbot_ws/src) by extension 'python_setup_py'
[5.138s] Level 1:colcon.colcon_core.package_identification:_identify(/home/chaitanya/bumperbot_ws/src/bumperbot_controller) by extensions ['ignore', 'ignore_ament_install']
[5.138s] Level 1:colcon.colcon_core.package_identification:_identify(/home/chaitanya/bumperbot_ws/src/bumperbot_controller) by extension 'ignore'
[5.139s] Level 1:colcon.colcon_core.package_identification:_identify(/home/chaitanya/bumperbot_ws/src/bumperbot_controller) by extension 'ignore_ament_install'
[5.139s] Level 1:colcon.colcon_core.package_identification:_identify(/home/chaitanya/bumperbot_ws/src/bumperbot_controller) by extensions ['colcon_pkg']
[5.139s] Level 1:colcon.colcon_core.package_identification:_identify(/home/chaitanya/bumperbot_ws/src/bumperbot_controller) by extension 'colcon_pkg'
[5.139s] Level 1:colcon.colcon_core.package_identification:_identify(/home/chaitanya/bumperbot_ws/src/bumperbot_controller) by extensions ['colcon_meta']
[5.139s] Level 1:colcon.colcon_core.package_identification:_identify(/home/chaitanya/bumperbot_ws/src/bumperbot_controller) by extension 'colcon_meta'
[5.140s] Level 1:colcon.colcon_core.package_identification:_identify(/home/chaitanya/bumperbot_ws/src/bumperbot_controller) by extensions ['ros']
[5.140s] Level 1:colcon.colcon_core.package_identification:_identify(/home/chaitanya/bumperbot_ws/src/bumperbot_controller) by extension 'ros'
[5.162s] DEBUG:colcon.colcon_core.package_identification:Package '/home/chaitanya/bumperbot_ws/src/bumperbot_controller' with type 'ros.ament_cmake' and name 'bumperbot_controller'
[5.163s] Level 1:colcon.colcon_core.package_identification:_identify(/home/chaitanya/bumperbot_ws/src/bumperbot_cpp_examples) by extensions ['ignore', 'ignore_ament_install']
[5.163s] Level 1:colcon.colcon_core.package_identification:_identify(/home/chaitanya/bumperbot_ws/src/bumperbot_cpp_examples) by extension 'ignore'
[5.164s] Level 1:colcon.colcon_core.package_identification:_identify(/home/chaitanya/bumperbot_ws/src/bumperbot_cpp_examples) by extension 'ignore_ament_install'
[5.164s] Level 1:colcon.colcon_core.package_identification:_identify(/home/chaitanya/bumperbot_ws/src/bumperbot_cpp_examples) by extensions ['colcon_pkg']
[5.164s] Level 1:colcon.colcon_core.package_identification:_identify(/home/chaitanya/bumperbot_ws/src/bumperbot_cpp_examples) by extension 'colcon_pkg'
[5.165s] Level 1:colcon.colcon_core.package_identification:_identify(/home/chaitanya/bumperbot_ws/src/bumperbot_cpp_examples) by extensions ['colcon_meta']
[5.165s] Level 1:colcon.colcon_core.package_identification:_identify(/home/chaitanya/bumperbot_ws/src/bumperbot_cpp_examples) by extension 'colcon_meta'
[5.165s] Level 1:colcon.colcon_core.package_identification:_identify(/home/chaitanya/bumperbot_ws/src/bumperbot_cpp_examples) by extensions ['ros']
[5.165s] Level 1:colcon.colcon_core.package_identification:_identify(/home/chaitanya/bumperbot_ws/src/bumperbot_cpp_examples) by extension 'ros'
[5.170s] DEBUG:colcon.colcon_core.package_identification:Package '/home/chaitanya/bumperbot_ws/src/bumperbot_cpp_examples' with type 'ros.ament_cmake' and name 'bumperbot_cpp_examples'
[5.171s] Level 1:colcon.colcon_core.package_identification:_identify(/home/chaitanya/bumperbot_ws/src/bumperbot_description) by extensions ['ignore', 'ignore_ament_install']
[5.172s] Level 1:colcon.colcon_core.package_identification:_identify(/home/chaitanya/bumperbot_ws/src/bumperbot_description) by extension 'ignore'
[5.172s] Level 1:colcon.colcon_core.package_identification:_identify(/home/chaitanya/bumperbot_ws/src/bumperbot_description) by extension 'ignore_ament_install'
[5.172s] Level 1:colcon.colcon_core.package_identification:_identify(/home/chaitanya/bumperbot_ws/src/bumperbot_description) by extensions ['colcon_pkg']
[5.173s] Level 1:colcon.colcon_core.package_identification:_identify(/home/chaitanya/bumperbot_ws/src/bumperbot_description) by extension 'colcon_pkg'
[5.173s] Level 1:colcon.colcon_core.package_identification:_identify(/home/chaitanya/bumperbot_ws/src/bumperbot_description) by extensions ['colcon_meta']
[5.173s] Level 1:colcon.colcon_core.package_identification:_identify(/home/chaitanya/bumperbot_ws/src/bumperbot_description) by extension 'colcon_meta'
[5.173s] Level 1:colcon.colcon_core.package_identification:_identify(/home/chaitanya/bumperbot_ws/src/bumperbot_description) by extensions ['ros']
[5.173s] Level 1:colcon.colcon_core.package_identification:_identify(/home/chaitanya/bumperbot_ws/src/bumperbot_description) by extension 'ros'
[5.183s] DEBUG:colcon.colcon_core.package_identification:Package '/home/chaitanya/bumperbot_ws/src/bumperbot_description' with type 'ros.ament_cmake' and name 'bumperbot_description'
[5.184s] Level 1:colcon.colcon_core.package_identification:_identify(/home/chaitanya/bumperbot_ws/src/bumperbot_firmware) by extensions ['ignore', 'ignore_ament_install']
[5.184s] Level 1:colcon.colcon_core.package_identification:_identify(/home/chaitanya/bumperbot_ws/src/bumperbot_firmware) by extension 'ignore'
[5.184s] Level 1:colcon.colcon_core.package_identification:_identify(/home/chaitanya/bumperbot_ws/src/bumperbot_firmware) by extension 'ignore_ament_install'
[5.185s] Level 1:colcon.colcon_core.package_identification:_identify(/home/chaitanya/bumperbot_ws/src/bumperbot_firmware) by extensions ['colcon_pkg']
[5.185s] Level 1:colcon.colcon_core.package_identification:_identify(/home/chaitanya/bumperbot_ws/src/bumperbot_firmware) by extension 'colcon_pkg'
[5.185s] Level 1:colcon.colcon_core.package_identification:_identify(/home/chaitanya/bumperbot_ws/src/bumperbot_firmware) by extensions ['colcon_meta']
[5.185s] Level 1:colcon.colcon_core.package_identification:_identify(/home/chaitanya/bumperbot_ws/src/bumperbot_firmware) by extension 'colcon_meta'
[5.185s] Level 1:colcon.colcon_core.package_identification:_identify(/home/chaitanya/bumperbot_ws/src/bumperbot_firmware) by extensions ['ros']
[5.186s] Level 1:colcon.colcon_core.package_identification:_identify(/home/chaitanya/bumperbot_ws/src/bumperbot_firmware) by extension 'ros'
[5.188s] DEBUG:colcon.colcon_core.package_identification:Package '/home/chaitanya/bumperbot_ws/src/bumperbot_firmware' with type 'ros.ament_cmake' and name 'bumperbot_firmware'
[5.189s] Level 1:colcon.colcon_core.package_identification:_identify(/home/chaitanya/bumperbot_ws/src/bumperbot_localization) by extensions ['ignore', 'ignore_ament_install']
[5.189s] Level 1:colcon.colcon_core.package_identification:_identify(/home/chaitanya/bumperbot_ws/src/bumperbot_localization) by extension 'ignore'
[5.190s] Level 1:colcon.colcon_core.package_identification:_identify(/home/chaitanya/bumperbot_ws/src/bumperbot_localization) by extension 'ignore_ament_install'
[5.190s] Level 1:colcon.colcon_core.package_identification:_identify(/home/chaitanya/bumperbot_ws/src/bumperbot_localization) by extensions ['colcon_pkg']
[5.190s] Level 1:colcon.colcon_core.package_identification:_identify(/home/chaitanya/bumperbot_ws/src/bumperbot_localization) by extension 'colcon_pkg'
[5.190s] Level 1:colcon.colcon_core.package_identification:_identify(/home/chaitanya/bumperbot_ws/src/bumperbot_localization) by extensions ['colcon_meta']
[5.190s] Level 1:colcon.colcon_core.package_identification:_identify(/home/chaitanya/bumperbot_ws/src/bumperbot_localization) by extension 'colcon_meta'
[5.191s] Level 1:colcon.colcon_core.package_identification:_identify(/home/chaitanya/bumperbot_ws/src/bumperbot_localization) by extensions ['ros']
[5.191s] Level 1:colcon.colcon_core.package_identification:_identify(/home/chaitanya/bumperbot_ws/src/bumperbot_localization) by extension 'ros'
[5.195s] DEBUG:colcon.colcon_core.package_identification:Package '/home/chaitanya/bumperbot_ws/src/bumperbot_localization' with type 'ros.ament_cmake' and name 'bumperbot_localization'
[5.196s] Level 1:colcon.colcon_core.package_identification:_identify(/home/chaitanya/bumperbot_ws/src/bumperbot_msgs) by extensions ['ignore', 'ignore_ament_install']
[5.196s] Level 1:colcon.colcon_core.package_identification:_identify(/home/chaitanya/bumperbot_ws/src/bumperbot_msgs) by extension 'ignore'
[5.196s] Level 1:colcon.colcon_core.package_identification:_identify(/home/chaitanya/bumperbot_ws/src/bumperbot_msgs) by extension 'ignore_ament_install'
[5.197s] Level 1:colcon.colcon_core.package_identification:_identify(/home/chaitanya/bumperbot_ws/src/bumperbot_msgs) by extensions ['colcon_pkg']
[5.197s] Level 1:colcon.colcon_core.package_identification:_identify(/home/chaitanya/bumperbot_ws/src/bumperbot_msgs) by extension 'colcon_pkg'
[5.197s] Level 1:colcon.colcon_core.package_identification:_identify(/home/chaitanya/bumperbot_ws/src/bumperbot_msgs) by extensions ['colcon_meta']
[5.197s] Level 1:colcon.colcon_core.package_identification:_identify(/home/chaitanya/bumperbot_ws/src/bumperbot_msgs) by extension 'colcon_meta'
[5.197s] Level 1:colcon.colcon_core.package_identification:_identify(/home/chaitanya/bumperbot_ws/src/bumperbot_msgs) by extensions ['ros']
[5.198s] Level 1:colcon.colcon_core.package_identification:_identify(/home/chaitanya/bumperbot_ws/src/bumperbot_msgs) by extension 'ros'
[5.201s] DEBUG:colcon.colcon_core.package_identification:Package '/home/chaitanya/bumperbot_ws/src/bumperbot_msgs' with type 'ros.ament_cmake' and name 'bumperbot_msgs'
[5.201s] Level 1:colcon.colcon_core.package_identification:_identify(/home/chaitanya/bumperbot_ws/src/bumperbot_py_examples) by extensions ['ignore', 'ignore_ament_install']
[5.202s] Level 1:colcon.colcon_core.package_identification:_identify(/home/chaitanya/bumperbot_ws/src/bumperbot_py_examples) by extension 'ignore'
[5.202s] Level 1:colcon.colcon_core.package_identification:_identify(/home/chaitanya/bumperbot_ws/src/bumperbot_py_examples) by extension 'ignore_ament_install'
[5.202s] Level 1:colcon.colcon_core.package_identification:_identify(/home/chaitanya/bumperbot_ws/src/bumperbot_py_examples) by extensions ['colcon_pkg']
[5.202s] Level 1:colcon.colcon_core.package_identification:_identify(/home/chaitanya/bumperbot_ws/src/bumperbot_py_examples) by extension 'colcon_pkg'
[5.203s] Level 1:colcon.colcon_core.package_identification:_identify(/home/chaitanya/bumperbot_ws/src/bumperbot_py_examples) by extensions ['colcon_meta']
[5.203s] Level 1:colcon.colcon_core.package_identification:_identify(/home/chaitanya/bumperbot_ws/src/bumperbot_py_examples) by extension 'colcon_meta'
[5.203s] Level 1:colcon.colcon_core.package_identification:_identify(/home/chaitanya/bumperbot_ws/src/bumperbot_py_examples) by extensions ['ros']
[5.203s] Level 1:colcon.colcon_core.package_identification:_identify(/home/chaitanya/bumperbot_ws/src/bumperbot_py_examples) by extension 'ros'
[5.209s] DEBUG:colcon.colcon_core.package_identification:Package '/home/chaitanya/bumperbot_ws/src/bumperbot_py_examples' with type 'ros.ament_python' and name 'bumperbot_py_examples'
[5.209s] Level 1:colcon.colcon_core.package_discovery:discover_packages(recursive) using defaults
