[0.202s] Invoking command in '/home/chaitanya/bumperbot_ws/build/bumperbot_description': CMAKE_PREFIX_PATH=${CMAKE_PREFIX_PATH}:/home/chaitanya/bumperbot_ws/install/bumperbot_py_examples:/opt/ros/humble /usr/bin/cmake --build /home/chaitanya/bumperbot_ws/build/bumperbot_description -- -j4 -l4
[0.752s] Invoked command in '/home/chaitanya/bumperbot_ws/build/bumperbot_description' returned '0': CMAKE_PREFIX_PATH=${CMAKE_PREFIX_PATH}:/home/chaitanya/bumperbot_ws/install/bumperbot_py_examples:/opt/ros/humble /usr/bin/cmake --build /home/chaitanya/bumperbot_ws/build/bumperbot_description -- -j4 -l4
[0.890s] Invoking command in '/home/chaitanya/bumperbot_ws/build/bumperbot_description': CMAKE_PREFIX_PATH=${CMAKE_PREFIX_PATH}:/home/chaitanya/bumperbot_ws/install/bumperbot_py_examples:/opt/ros/humble /usr/bin/cmake --install /home/chaitanya/bumperbot_ws/build/bumperbot_description
[0.988s] -- Install configuration: ""
[0.990s] -- Up-to-date: /home/chaitanya/bumperbot_ws/install/bumperbot_description/share/bumperbot_description/launch
[0.991s] -- Up-to-date: /home/chaitanya/bumperbot_ws/install/bumperbot_description/share/bumperbot_description/launch/display.launch.py
[0.993s] -- Up-to-date: /home/chaitanya/bumperbot_ws/install/bumperbot_description/share/bumperbot_description/launch/gazebo.launch.py
[0.996s] -- Up-to-date: /home/chaitanya/bumperbot_ws/install/bumperbot_description/share/bumperbot_description/meshes
[1.004s] -- Up-to-date: /home/chaitanya/bumperbot_ws/install/bumperbot_description/share/bumperbot_description/meshes/caster_front_link.STL
[1.018s] -- Up-to-date: /home/chaitanya/bumperbot_ws/install/bumperbot_description/share/bumperbot_description/meshes/caster_rear_link.STL
[1.019s] -- Up-to-date: /home/chaitanya/bumperbot_ws/install/bumperbot_description/share/bumperbot_description/meshes/wheel_left_link.STL
[1.019s] -- Up-to-date: /home/chaitanya/bumperbot_ws/install/bumperbot_description/share/bumperbot_description/meshes/base_link.STL
[1.026s] -- Up-to-date: /home/chaitanya/bumperbot_ws/install/bumperbot_description/share/bumperbot_description/meshes/wheel_right_link.STL
[1.033s] -- Up-to-date: /home/chaitanya/bumperbot_ws/install/bumperbot_description/share/bumperbot_description/meshes/imu_link.STL
[1.034s] -- Up-to-date: /home/chaitanya/bumperbot_ws/install/bumperbot_description/share/bumperbot_description/urdf
[1.034s] -- Up-to-date: /home/chaitanya/bumperbot_ws/install/bumperbot_description/share/bumperbot_description/urdf/bumperbot_gazebo.xacro
[1.035s] -- Up-to-date: /home/chaitanya/bumperbot_ws/install/bumperbot_description/share/bumperbot_description/urdf/bumperbot_ros2_control.xacro
[1.035s] -- Up-to-date: /home/chaitanya/bumperbot_ws/install/bumperbot_description/share/bumperbot_description/urdf/bumperbot.urdf.xacro
[1.036s] -- Up-to-date: /home/chaitanya/bumperbot_ws/install/bumperbot_description/share/bumperbot_description/rviz
[1.036s] -- Up-to-date: /home/chaitanya/bumperbot_ws/install/bumperbot_description/share/bumperbot_description/rviz/display.rviz
[1.036s] -- Up-to-date: /home/chaitanya/bumperbot_ws/install/bumperbot_description/share/ament_index/resource_index/package_run_dependencies/bumperbot_description
[1.037s] -- Up-to-date: /home/chaitanya/bumperbot_ws/install/bumperbot_description/share/ament_index/resource_index/parent_prefix_path/bumperbot_description
[1.037s] -- Up-to-date: /home/chaitanya/bumperbot_ws/install/bumperbot_description/share/bumperbot_description/environment/ament_prefix_path.sh
[1.079s] -- Up-to-date: /home/chaitanya/bumperbot_ws/install/bumperbot_description/share/bumperbot_description/environment/ament_prefix_path.dsv
[1.080s] -- Up-to-date: /home/chaitanya/bumperbot_ws/install/bumperbot_description/share/bumperbot_description/environment/path.sh
[1.082s] -- Up-to-date: /home/chaitanya/bumperbot_ws/install/bumperbot_description/share/bumperbot_description/environment/path.dsv
[1.084s] -- Up-to-date: /home/chaitanya/bumperbot_ws/install/bumperbot_description/share/bumperbot_description/local_setup.bash
[1.103s] -- Up-to-date: /home/chaitanya/bumperbot_ws/install/bumperbot_description/share/bumperbot_description/local_setup.sh
[1.108s] -- Up-to-date: /home/chaitanya/bumperbot_ws/install/bumperbot_description/share/bumperbot_description/local_setup.zsh
[1.110s] -- Up-to-date: /home/chaitanya/bumperbot_ws/install/bumperbot_description/share/bumperbot_description/local_setup.dsv
[1.111s] -- Installing: /home/chaitanya/bumperbot_ws/install/bumperbot_description/share/bumperbot_description/package.dsv
[1.111s] -- Up-to-date: /home/chaitanya/bumperbot_ws/install/bumperbot_description/share/ament_index/resource_index/packages/bumperbot_description
[1.112s] -- Up-to-date: /home/chaitanya/bumperbot_ws/install/bumperbot_description/share/bumperbot_description/cmake/bumperbot_descriptionConfig.cmake
[1.112s] -- Up-to-date: /home/chaitanya/bumperbot_ws/install/bumperbot_description/share/bumperbot_description/cmake/bumperbot_descriptionConfig-version.cmake
[1.113s] -- Up-to-date: /home/chaitanya/bumperbot_ws/install/bumperbot_description/share/bumperbot_description/package.xml
[1.114s] Invoked command in '/home/chaitanya/bumperbot_ws/build/bumperbot_description' returned '0': CMAKE_PREFIX_PATH=${CMAKE_PREFIX_PATH}:/home/chaitanya/bumperbot_ws/install/bumperbot_py_examples:/opt/ros/humble /usr/bin/cmake --install /home/chaitanya/bumperbot_ws/build/bumperbot_description
