[0.011s] Invoking command in '/home/ubuntu/BumperBot_V1/build/bumperbot_localization': CMAKE_PREFIX_PATH=/opt/ros/humble /usr/bin/cmake /home/ubuntu/BumperBot_V1/src/bumperbot_localization -DCMAKE_INSTALL_PREFIX=/home/ubuntu/BumperBot_V1/install/bumperbot_localization
[0.097s] -- The C compiler identification is GNU 11.4.0
[0.150s] -- The CXX compiler identification is GNU 11.4.0
[0.156s] -- Detecting C compiler ABI info
[0.197s] -- Detecting C compiler ABI info - done
[0.209s] -- Check for working C compiler: /usr/bin/cc - skipped
[0.209s] -- Detecting C compile features
[0.210s] -- Detecting C compile features - done
[0.214s] -- Detecting CXX compiler ABI info
[0.254s] -- Detecting CXX compiler ABI info - done
[0.259s] -- Check for working CXX compiler: /usr/bin/c++ - skipped
[0.260s] -- Detecting CXX compile features
[0.260s] -- Detecting CXX compile features - done
[0.263s] -- Found ament_cmake: 1.3.11 (/opt/ros/humble/share/ament_cmake/cmake)
[0.346s] -- Found Python3: /usr/bin/python3 (found version "3.10.12") found components: Interpreter 
[0.428s] -- Found rclcpp: 16.0.12 (/opt/ros/humble/share/rclcpp/cmake)
[0.474s] -- Found rosidl_generator_c: 3.1.6 (/opt/ros/humble/share/rosidl_generator_c/cmake)
[0.478s] -- Found rosidl_adapter: 3.1.6 (/opt/ros/humble/share/rosidl_adapter/cmake)
[0.484s] -- Found rosidl_generator_cpp: 3.1.6 (/opt/ros/humble/share/rosidl_generator_cpp/cmake)
[0.508s] -- Using all available rosidl_typesupport_c: rosidl_typesupport_fastrtps_c;rosidl_typesupport_introspection_c
[0.522s] -- Using all available rosidl_typesupport_cpp: rosidl_typesupport_fastrtps_cpp;rosidl_typesupport_introspection_cpp
[0.558s] -- Found rmw_implementation_cmake: 6.1.2 (/opt/ros/humble/share/rmw_implementation_cmake/cmake)
[0.560s] -- Found rmw_fastrtps_cpp: 6.2.7 (/opt/ros/humble/share/rmw_fastrtps_cpp/cmake)
[0.610s] -- Found OpenSSL: /usr/lib/aarch64-linux-gnu/libcrypto.so (found version "3.0.2")  
[0.629s] -- Found FastRTPS: /opt/ros/humble/include  
[0.655s] -- Using RMW implementation 'rmw_fastrtps_cpp' as default
[0.662s] -- Looking for pthread.h
[0.710s] -- Looking for pthread.h - found
[0.710s] -- Performing Test CMAKE_HAVE_LIBC_PTHREAD
[0.758s] -- Performing Test CMAKE_HAVE_LIBC_PTHREAD - Success
[0.759s] -- Found Threads: TRUE  
[0.797s] -- Found rclpy: 3.3.16 (/opt/ros/humble/share/rclpy/cmake)
[0.798s] -- Found nav_msgs: 4.8.0 (/opt/ros/humble/share/nav_msgs/cmake)
[0.820s] -- Found sensor_msgs: 4.8.0 (/opt/ros/humble/share/sensor_msgs/cmake)
[0.955s] -- Configuring done
[0.963s] -- Generating done
[0.966s] -- Build files have been written to: /home/ubuntu/BumperBot_V1/build/bumperbot_localization
[0.971s] Invoked command in '/home/ubuntu/BumperBot_V1/build/bumperbot_localization' returned '0': CMAKE_PREFIX_PATH=/opt/ros/humble /usr/bin/cmake /home/ubuntu/BumperBot_V1/src/bumperbot_localization -DCMAKE_INSTALL_PREFIX=/home/ubuntu/BumperBot_V1/install/bumperbot_localization
[0.972s] Invoking command in '/home/ubuntu/BumperBot_V1/build/bumperbot_localization': CMAKE_PREFIX_PATH=/opt/ros/humble /usr/bin/cmake --build /home/ubuntu/BumperBot_V1/build/bumperbot_localization -- -j8 -l8
[1.010s] [ 50%] [32mBuilding CXX object CMakeFiles/kalman_filter.dir/src/kalman_filter.cpp.o[0m
[1.010s] [ 50%] [32mBuilding CXX object CMakeFiles/imu_republisher.dir/src/imu_republisher.cpp.o[0m
[1.029s] [ 50%] Built target ament_cmake_python_copy_bumperbot_localization
[1.186s] running egg_info
[1.186s] creating bumperbot_localization.egg-info
[1.186s] writing bumperbot_localization.egg-info/PKG-INFO
[1.186s] writing dependency_links to bumperbot_localization.egg-info/dependency_links.txt
[1.187s] writing top-level names to bumperbot_localization.egg-info/top_level.txt
[1.187s] writing manifest file 'bumperbot_localization.egg-info/SOURCES.txt'
[1.189s] reading manifest file 'bumperbot_localization.egg-info/SOURCES.txt'
[1.190s] writing manifest file 'bumperbot_localization.egg-info/SOURCES.txt'
[1.212s] [ 50%] Built target ament_cmake_python_build_bumperbot_localization_egg
