[0.151s] Invoking command in '/home/chaitanya/bumperbot_ws/build/bumperbot_localization': CMAKE_PREFIX_PATH=/opt/ros/humble /usr/bin/cmake --build /home/chaitanya/bumperbot_ws/build/bumperbot_localization -- -j4 -l4
[1.104s] [ 50%] Built target kalman_filter
[1.613s] [ 50%] Built target ament_cmake_python_copy_bumperbot_localization
[1.874s] [100%] Built target imu_republisher
[5.390s] running egg_info
[5.394s] writing bumperbot_localization.egg-info/PKG-INFO
[5.396s] writing dependency_links to bumperbot_localization.egg-info/dependency_links.txt
[5.397s] writing top-level names to bumperbot_localization.egg-info/top_level.txt
[5.412s] reading manifest file 'bumperbot_localization.egg-info/SOURCES.txt'
[5.425s] writing manifest file 'bumperbot_localization.egg-info/SOURCES.txt'
[5.733s] [100%] Built target ament_cmake_python_build_bumperbot_localization_egg
[5.891s] Invoked command in '/home/chaitanya/bumperbot_ws/build/bumperbot_localization' returned '0': CMAKE_PREFIX_PATH=/opt/ros/humble /usr/bin/cmake --build /home/chaitanya/bumperbot_ws/build/bumperbot_localization -- -j4 -l4
[5.896s] Invoking command in '/home/chaitanya/bumperbot_ws/build/bumperbot_localization': CMAKE_PREFIX_PATH=/opt/ros/humble /usr/bin/cmake --install /home/chaitanya/bumperbot_ws/build/bumperbot_localization
[5.948s] -- Install configuration: ""
[5.949s] -- Up-to-date: /home/chaitanya/bumperbot_ws/install/bumperbot_localization/share/bumperbot_localization/environment/pythonpath.sh
[5.950s] -- Up-to-date: /home/chaitanya/bumperbot_ws/install/bumperbot_localization/share/bumperbot_localization/environment/pythonpath.dsv
[5.976s] -- Up-to-date: /home/chaitanya/bumperbot_ws/install/bumperbot_localization/local/lib/python3.10/dist-packages/bumperbot_localization-0.0.0-py3.10.egg-info
[5.977s] -- Installing: /home/chaitanya/bumperbot_ws/install/bumperbot_localization/local/lib/python3.10/dist-packages/bumperbot_localization-0.0.0-py3.10.egg-info/PKG-INFO
[5.978s] -- Installing: /home/chaitanya/bumperbot_ws/install/bumperbot_localization/local/lib/python3.10/dist-packages/bumperbot_localization-0.0.0-py3.10.egg-info/top_level.txt
[5.979s] -- Installing: /home/chaitanya/bumperbot_ws/install/bumperbot_localization/local/lib/python3.10/dist-packages/bumperbot_localization-0.0.0-py3.10.egg-info/dependency_links.txt
[5.995s] -- Installing: /home/chaitanya/bumperbot_ws/install/bumperbot_localization/local/lib/python3.10/dist-packages/bumperbot_localization-0.0.0-py3.10.egg-info/SOURCES.txt
[5.998s] -- Up-to-date: /home/chaitanya/bumperbot_ws/install/bumperbot_localization/local/lib/python3.10/dist-packages/bumperbot_localization
[5.999s] -- Up-to-date: /home/chaitanya/bumperbot_ws/install/bumperbot_localization/local/lib/python3.10/dist-packages/bumperbot_localization/kalman_filter.py
[5.999s] -- Up-to-date: /home/chaitanya/bumperbot_ws/install/bumperbot_localization/local/lib/python3.10/dist-packages/bumperbot_localization/__init__.py
[6.000s] -- Up-to-date: /home/chaitanya/bumperbot_ws/install/bumperbot_localization/local/lib/python3.10/dist-packages/bumperbot_localization/imu_republisher.py
[6.493s] Listing '/home/chaitanya/bumperbot_ws/install/bumperbot_localization/local/lib/python3.10/dist-packages/bumperbot_localization'...
[6.542s] -- Up-to-date: /home/chaitanya/bumperbot_ws/install/bumperbot_localization/include/include
[6.545s] -- Up-to-date: /home/chaitanya/bumperbot_ws/install/bumperbot_localization/include/include/bumperbot_localization
[6.550s] -- Up-to-date: /home/chaitanya/bumperbot_ws/install/bumperbot_localization/include/include/bumperbot_localization/kalman_filter.hpp
[6.561s] -- Up-to-date: /home/chaitanya/bumperbot_ws/install/bumperbot_localization/lib/bumperbot_localization/kalman_filter
[6.569s] -- Up-to-date: /home/chaitanya/bumperbot_ws/install/bumperbot_localization/lib/bumperbot_localization/imu_republisher
[6.583s] -- Up-to-date: /home/chaitanya/bumperbot_ws/install/bumperbot_localization/share/bumperbot_localization/launch
[6.590s] -- Up-to-date: /home/chaitanya/bumperbot_ws/install/bumperbot_localization/share/bumperbot_localization/launch/local_localization.launch.py
[6.591s] -- Up-to-date: /home/chaitanya/bumperbot_ws/install/bumperbot_localization/share/bumperbot_localization/config
[6.593s] -- Up-to-date: /home/chaitanya/bumperbot_ws/install/bumperbot_localization/share/bumperbot_localization/config/ekf.yaml
[6.596s] -- Up-to-date: /home/chaitanya/bumperbot_ws/install/bumperbot_localization/lib/bumperbot_localization/kalman_filter.py
[6.597s] -- Up-to-date: /home/chaitanya/bumperbot_ws/install/bumperbot_localization/lib/bumperbot_localization/imu_republisher.py
[6.597s] -- Up-to-date: /home/chaitanya/bumperbot_ws/install/bumperbot_localization/share/ament_index/resource_index/package_run_dependencies/bumperbot_localization
[6.598s] -- Up-to-date: /home/chaitanya/bumperbot_ws/install/bumperbot_localization/share/ament_index/resource_index/parent_prefix_path/bumperbot_localization
[6.599s] -- Up-to-date: /home/chaitanya/bumperbot_ws/install/bumperbot_localization/share/bumperbot_localization/environment/ament_prefix_path.sh
[6.599s] -- Up-to-date: /home/chaitanya/bumperbot_ws/install/bumperbot_localization/share/bumperbot_localization/environment/ament_prefix_path.dsv
[6.610s] -- Up-to-date: /home/chaitanya/bumperbot_ws/install/bumperbot_localization/share/bumperbot_localization/environment/path.sh
[6.611s] -- Up-to-date: /home/chaitanya/bumperbot_ws/install/bumperbot_localization/share/bumperbot_localization/environment/path.dsv
[6.612s] -- Up-to-date: /home/chaitanya/bumperbot_ws/install/bumperbot_localization/share/bumperbot_localization/local_setup.bash
[6.623s] -- Up-to-date: /home/chaitanya/bumperbot_ws/install/bumperbot_localization/share/bumperbot_localization/local_setup.sh
[6.625s] -- Up-to-date: /home/chaitanya/bumperbot_ws/install/bumperbot_localization/share/bumperbot_localization/local_setup.zsh
[6.626s] -- Up-to-date: /home/chaitanya/bumperbot_ws/install/bumperbot_localization/share/bumperbot_localization/local_setup.dsv
[6.637s] -- Installing: /home/chaitanya/bumperbot_ws/install/bumperbot_localization/share/bumperbot_localization/package.dsv
[6.639s] -- Up-to-date: /home/chaitanya/bumperbot_ws/install/bumperbot_localization/share/ament_index/resource_index/packages/bumperbot_localization
[6.640s] -- Up-to-date: /home/chaitanya/bumperbot_ws/install/bumperbot_localization/share/bumperbot_localization/cmake/bumperbot_localizationConfig.cmake
[6.641s] -- Up-to-date: /home/chaitanya/bumperbot_ws/install/bumperbot_localization/share/bumperbot_localization/cmake/bumperbot_localizationConfig-version.cmake
[6.642s] -- Up-to-date: /home/chaitanya/bumperbot_ws/install/bumperbot_localization/share/bumperbot_localization/package.xml
[6.689s] Invoked command in '/home/chaitanya/bumperbot_ws/build/bumperbot_localization' returned '0': CMAKE_PREFIX_PATH=/opt/ros/humble /usr/bin/cmake --install /home/chaitanya/bumperbot_ws/build/bumperbot_localization
