[2.007s] DEBUG:colcon:Command line arguments: ['/usr/bin/colcon', 'list', '-p', '--base-paths', '/home/chaitanya/bumperbot_ws']
[2.008s] DEBUG:colcon:Parsed command line arguments: Namespace(log_base=None, log_level=None, verb_name='list', build_base='build', ignore_user_meta=False, metas=['./colcon.meta'], base_paths=['/home/chaitanya/bumperbot_ws'], packages_ignore=None, packages_ignore_regex=None, paths=None, packages_up_to=None, packages_up_to_regex=None, packages_above=None, packages_above_and_dependencies=None, packages_above_depth=None, packages_select_by_dep=None, packages_skip_by_dep=None, packages_skip_up_to=None, packages_select_build_failed=False, packages_skip_build_finished=False, packages_select_test_failures=False, packages_skip_test_passed=False, packages_select=None, packages_skip=None, packages_select_regex=None, packages_skip_regex=None, packages_start=None, packages_end=None, allow_overriding=[], topological_order=False, names_only=False, paths_only=True, topological_graph=False, topological_graph_dot=False, topological_graph_density=False, topological_graph_legend=False, topological_graph_dot_cluster=False, topological_graph_dot_include_skipped=False, verb_parser=<colcon_defaults.argument_parser.defaults.DefaultArgumentsDecorator object at 0xffffafed06d0>, verb_extension=<colcon_package_information.verb.list.ListVerb object at 0xffffb00fc4f0>, main=<bound method ListVerb.main of <colcon_package_information.verb.list.ListVerb object at 0xffffb00fc4f0>>)
[5.317s] Level 1:colcon.colcon_core.package_discovery:discover_packages(colcon_meta) check parameters
[5.318s] Level 1:colcon.colcon_core.package_discovery:discover_packages(recursive) check parameters
[5.319s] Level 1:colcon.colcon_core.package_discovery:discover_packages(ignore) check parameters
[5.320s] Level 1:colcon.colcon_core.package_discovery:discover_packages(path) check parameters
[5.321s] Level 1:colcon.colcon_core.package_discovery:discover_packages(recursive) discover
[5.322s] INFO:colcon.colcon_core.package_discovery:Crawling recursively for packages in '/home/chaitanya/bumperbot_ws'
[5.323s] Level 1:colcon.colcon_core.package_identification:_identify(/home/chaitanya/bumperbot_ws) by extensions ['ignore', 'ignore_ament_install']
[5.325s] Level 1:colcon.colcon_core.package_identification:_identify(/home/chaitanya/bumperbot_ws) by extension 'ignore'
[5.329s] Level 1:colcon.colcon_core.package_identification:_identify(/home/chaitanya/bumperbot_ws) by extension 'ignore_ament_install'
[5.334s] Level 1:colcon.colcon_core.package_identification:_identify(/home/chaitanya/bumperbot_ws) by extensions ['colcon_pkg']
[5.343s] Level 1:colcon.colcon_core.package_identification:_identify(/home/chaitanya/bumperbot_ws) by extension 'colcon_pkg'
[5.359s] Level 1:colcon.colcon_core.package_identification:_identify(/home/chaitanya/bumperbot_ws) by extensions ['colcon_meta']
[5.360s] Level 1:colcon.colcon_core.package_identification:_identify(/home/chaitanya/bumperbot_ws) by extension 'colcon_meta'
[5.361s] Level 1:colcon.colcon_core.package_identification:_identify(/home/chaitanya/bumperbot_ws) by extensions ['ros']
[5.378s] Level 1:colcon.colcon_core.package_identification:_identify(/home/chaitanya/bumperbot_ws) by extension 'ros'
[5.715s] Level 1:colcon.colcon_core.package_identification:_identify(/home/chaitanya/bumperbot_ws) by extensions ['cmake', 'python']
[5.716s] Level 1:colcon.colcon_core.package_identification:_identify(/home/chaitanya/bumperbot_ws) by extension 'cmake'
[5.716s] Level 1:colcon.colcon_core.package_identification:_identify(/home/chaitanya/bumperbot_ws) by extension 'python'
[5.717s] Level 1:colcon.colcon_core.package_identification:_identify(/home/chaitanya/bumperbot_ws) by extensions ['python_setup_py']
[5.718s] Level 1:colcon.colcon_core.package_identification:_identify(/home/chaitanya/bumperbot_ws) by extension 'python_setup_py'
[5.723s] Level 1:colcon.colcon_core.package_identification:_identify(/home/chaitanya/bumperbot_ws/log) by extensions ['ignore', 'ignore_ament_install']
[5.724s] Level 1:colcon.colcon_core.package_identification:_identify(/home/chaitanya/bumperbot_ws/log) by extension 'ignore'
[5.726s] Level 1:colcon.colcon_core.package_identification:_identify(/home/chaitanya/bumperbot_ws/log) ignored
[5.727s] Level 1:colcon.colcon_core.package_identification:_identify(/home/chaitanya/bumperbot_ws/src) by extensions ['ignore', 'ignore_ament_install']
[5.728s] Level 1:colcon.colcon_core.package_identification:_identify(/home/chaitanya/bumperbot_ws/src) by extension 'ignore'
[5.728s] Level 1:colcon.colcon_core.package_identification:_identify(/home/chaitanya/bumperbot_ws/src) by extension 'ignore_ament_install'
[5.729s] Level 1:colcon.colcon_core.package_identification:_identify(/home/chaitanya/bumperbot_ws/src) by extensions ['colcon_pkg']
[5.729s] Level 1:colcon.colcon_core.package_identification:_identify(/home/chaitanya/bumperbot_ws/src) by extension 'colcon_pkg'
[5.730s] Level 1:colcon.colcon_core.package_identification:_identify(/home/chaitanya/bumperbot_ws/src) by extensions ['colcon_meta']
[5.730s] Level 1:colcon.colcon_core.package_identification:_identify(/home/chaitanya/bumperbot_ws/src) by extension 'colcon_meta'
[5.731s] Level 1:colcon.colcon_core.package_identification:_identify(/home/chaitanya/bumperbot_ws/src) by extensions ['ros']
[5.731s] Level 1:colcon.colcon_core.package_identification:_identify(/home/chaitanya/bumperbot_ws/src) by extension 'ros'
[5.732s] Level 1:colcon.colcon_core.package_identification:_identify(/home/chaitanya/bumperbot_ws/src) by extensions ['cmake', 'python']
[5.733s] Level 1:colcon.colcon_core.package_identification:_identify(/home/chaitanya/bumperbot_ws/src) by extension 'cmake'
[5.733s] Level 1:colcon.colcon_core.package_identification:_identify(/home/chaitanya/bumperbot_ws/src) by extension 'python'
[5.734s] Level 1:colcon.colcon_core.package_identification:_identify(/home/chaitanya/bumperbot_ws/src) by extensions ['python_setup_py']
[5.734s] Level 1:colcon.colcon_core.package_identification:_identify(/home/chaitanya/bumperbot_ws/src) by extension 'python_setup_py'
[5.736s] Level 1:colcon.colcon_core.package_identification:_identify(/home/chaitanya/bumperbot_ws/src/bumperbot_controller) by extensions ['ignore', 'ignore_ament_install']
[5.736s] Level 1:colcon.colcon_core.package_identification:_identify(/home/chaitanya/bumperbot_ws/src/bumperbot_controller) by extension 'ignore'
[5.737s] Level 1:colcon.colcon_core.package_identification:_identify(/home/chaitanya/bumperbot_ws/src/bumperbot_controller) by extension 'ignore_ament_install'
[5.739s] Level 1:colcon.colcon_core.package_identification:_identify(/home/chaitanya/bumperbot_ws/src/bumperbot_controller) by extensions ['colcon_pkg']
[5.740s] Level 1:colcon.colcon_core.package_identification:_identify(/home/chaitanya/bumperbot_ws/src/bumperbot_controller) by extension 'colcon_pkg'
[5.743s] Level 1:colcon.colcon_core.package_identification:_identify(/home/chaitanya/bumperbot_ws/src/bumperbot_controller) by extensions ['colcon_meta']
[5.744s] Level 1:colcon.colcon_core.package_identification:_identify(/home/chaitanya/bumperbot_ws/src/bumperbot_controller) by extension 'colcon_meta'
[5.744s] Level 1:colcon.colcon_core.package_identification:_identify(/home/chaitanya/bumperbot_ws/src/bumperbot_controller) by extensions ['ros']
[5.745s] Level 1:colcon.colcon_core.package_identification:_identify(/home/chaitanya/bumperbot_ws/src/bumperbot_controller) by extension 'ros'
[5.769s] DEBUG:colcon.colcon_core.package_identification:Package '/home/chaitanya/bumperbot_ws/src/bumperbot_controller' with type 'ros.ament_cmake' and name 'bumperbot_controller'
[5.770s] Level 1:colcon.colcon_core.package_identification:_identify(/home/chaitanya/bumperbot_ws/src/bumperbot_cpp_examples) by extensions ['ignore', 'ignore_ament_install']
[5.771s] Level 1:colcon.colcon_core.package_identification:_identify(/home/chaitanya/bumperbot_ws/src/bumperbot_cpp_examples) by extension 'ignore'
[5.772s] Level 1:colcon.colcon_core.package_identification:_identify(/home/chaitanya/bumperbot_ws/src/bumperbot_cpp_examples) by extension 'ignore_ament_install'
[5.772s] Level 1:colcon.colcon_core.package_identification:_identify(/home/chaitanya/bumperbot_ws/src/bumperbot_cpp_examples) by extensions ['colcon_pkg']
[5.773s] Level 1:colcon.colcon_core.package_identification:_identify(/home/chaitanya/bumperbot_ws/src/bumperbot_cpp_examples) by extension 'colcon_pkg'
[5.773s] Level 1:colcon.colcon_core.package_identification:_identify(/home/chaitanya/bumperbot_ws/src/bumperbot_cpp_examples) by extensions ['colcon_meta']
[5.774s] Level 1:colcon.colcon_core.package_identification:_identify(/home/chaitanya/bumperbot_ws/src/bumperbot_cpp_examples) by extension 'colcon_meta'
[5.775s] Level 1:colcon.colcon_core.package_identification:_identify(/home/chaitanya/bumperbot_ws/src/bumperbot_cpp_examples) by extensions ['ros']
[5.775s] Level 1:colcon.colcon_core.package_identification:_identify(/home/chaitanya/bumperbot_ws/src/bumperbot_cpp_examples) by extension 'ros'
[5.785s] DEBUG:colcon.colcon_core.package_identification:Package '/home/chaitanya/bumperbot_ws/src/bumperbot_cpp_examples' with type 'ros.ament_cmake' and name 'bumperbot_cpp_examples'
[5.787s] Level 1:colcon.colcon_core.package_identification:_identify(/home/chaitanya/bumperbot_ws/src/bumperbot_description) by extensions ['ignore', 'ignore_ament_install']
[5.787s] Level 1:colcon.colcon_core.package_identification:_identify(/home/chaitanya/bumperbot_ws/src/bumperbot_description) by extension 'ignore'
[5.788s] Level 1:colcon.colcon_core.package_identification:_identify(/home/chaitanya/bumperbot_ws/src/bumperbot_description) by extension 'ignore_ament_install'
[5.789s] Level 1:colcon.colcon_core.package_identification:_identify(/home/chaitanya/bumperbot_ws/src/bumperbot_description) by extensions ['colcon_pkg']
[5.790s] Level 1:colcon.colcon_core.package_identification:_identify(/home/chaitanya/bumperbot_ws/src/bumperbot_description) by extension 'colcon_pkg'
[5.790s] Level 1:colcon.colcon_core.package_identification:_identify(/home/chaitanya/bumperbot_ws/src/bumperbot_description) by extensions ['colcon_meta']
[5.791s] Level 1:colcon.colcon_core.package_identification:_identify(/home/chaitanya/bumperbot_ws/src/bumperbot_description) by extension 'colcon_meta'
[5.791s] Level 1:colcon.colcon_core.package_identification:_identify(/home/chaitanya/bumperbot_ws/src/bumperbot_description) by extensions ['ros']
[5.792s] Level 1:colcon.colcon_core.package_identification:_identify(/home/chaitanya/bumperbot_ws/src/bumperbot_description) by extension 'ros'
[5.814s] DEBUG:colcon.colcon_core.package_identification:Package '/home/chaitanya/bumperbot_ws/src/bumperbot_description' with type 'ros.ament_cmake' and name 'bumperbot_description'
[5.815s] Level 1:colcon.colcon_core.package_identification:_identify(/home/chaitanya/bumperbot_ws/src/bumperbot_localization) by extensions ['ignore', 'ignore_ament_install']
[5.816s] Level 1:colcon.colcon_core.package_identification:_identify(/home/chaitanya/bumperbot_ws/src/bumperbot_localization) by extension 'ignore'
[5.817s] Level 1:colcon.colcon_core.package_identification:_identify(/home/chaitanya/bumperbot_ws/src/bumperbot_localization) by extension 'ignore_ament_install'
[5.817s] Level 1:colcon.colcon_core.package_identification:_identify(/home/chaitanya/bumperbot_ws/src/bumperbot_localization) by extensions ['colcon_pkg']
[5.818s] Level 1:colcon.colcon_core.package_identification:_identify(/home/chaitanya/bumperbot_ws/src/bumperbot_localization) by extension 'colcon_pkg'
[5.818s] Level 1:colcon.colcon_core.package_identification:_identify(/home/chaitanya/bumperbot_ws/src/bumperbot_localization) by extensions ['colcon_meta']
[5.820s] Level 1:colcon.colcon_core.package_identification:_identify(/home/chaitanya/bumperbot_ws/src/bumperbot_localization) by extension 'colcon_meta'
[5.821s] Level 1:colcon.colcon_core.package_identification:_identify(/home/chaitanya/bumperbot_ws/src/bumperbot_localization) by extensions ['ros']
[5.824s] Level 1:colcon.colcon_core.package_identification:_identify(/home/chaitanya/bumperbot_ws/src/bumperbot_localization) by extension 'ros'
[5.829s] DEBUG:colcon.colcon_core.package_identification:Package '/home/chaitanya/bumperbot_ws/src/bumperbot_localization' with type 'ros.ament_cmake' and name 'bumperbot_localization'
[5.831s] Level 1:colcon.colcon_core.package_identification:_identify(/home/chaitanya/bumperbot_ws/src/bumperbot_msgs) by extensions ['ignore', 'ignore_ament_install']
[5.832s] Level 1:colcon.colcon_core.package_identification:_identify(/home/chaitanya/bumperbot_ws/src/bumperbot_msgs) by extension 'ignore'
[5.832s] Level 1:colcon.colcon_core.package_identification:_identify(/home/chaitanya/bumperbot_ws/src/bumperbot_msgs) by extension 'ignore_ament_install'
[5.833s] Level 1:colcon.colcon_core.package_identification:_identify(/home/chaitanya/bumperbot_ws/src/bumperbot_msgs) by extensions ['colcon_pkg']
[5.834s] Level 1:colcon.colcon_core.package_identification:_identify(/home/chaitanya/bumperbot_ws/src/bumperbot_msgs) by extension 'colcon_pkg'
[5.834s] Level 1:colcon.colcon_core.package_identification:_identify(/home/chaitanya/bumperbot_ws/src/bumperbot_msgs) by extensions ['colcon_meta']
[5.835s] Level 1:colcon.colcon_core.package_identification:_identify(/home/chaitanya/bumperbot_ws/src/bumperbot_msgs) by extension 'colcon_meta'
[5.835s] Level 1:colcon.colcon_core.package_identification:_identify(/home/chaitanya/bumperbot_ws/src/bumperbot_msgs) by extensions ['ros']
[5.836s] Level 1:colcon.colcon_core.package_identification:_identify(/home/chaitanya/bumperbot_ws/src/bumperbot_msgs) by extension 'ros'
[5.844s] DEBUG:colcon.colcon_core.package_identification:Package '/home/chaitanya/bumperbot_ws/src/bumperbot_msgs' with type 'ros.ament_cmake' and name 'bumperbot_msgs'
[5.845s] Level 1:colcon.colcon_core.package_identification:_identify(/home/chaitanya/bumperbot_ws/src/bumperbot_py_examples) by extensions ['ignore', 'ignore_ament_install']
[5.846s] Level 1:colcon.colcon_core.package_identification:_identify(/home/chaitanya/bumperbot_ws/src/bumperbot_py_examples) by extension 'ignore'
[5.847s] Level 1:colcon.colcon_core.package_identification:_identify(/home/chaitanya/bumperbot_ws/src/bumperbot_py_examples) by extension 'ignore_ament_install'
[5.847s] Level 1:colcon.colcon_core.package_identification:_identify(/home/chaitanya/bumperbot_ws/src/bumperbot_py_examples) by extensions ['colcon_pkg']
[5.849s] Level 1:colcon.colcon_core.package_identification:_identify(/home/chaitanya/bumperbot_ws/src/bumperbot_py_examples) by extension 'colcon_pkg'
[5.850s] Level 1:colcon.colcon_core.package_identification:_identify(/home/chaitanya/bumperbot_ws/src/bumperbot_py_examples) by extensions ['colcon_meta']
[5.850s] Level 1:colcon.colcon_core.package_identification:_identify(/home/chaitanya/bumperbot_ws/src/bumperbot_py_examples) by extension 'colcon_meta'
[5.852s] Level 1:colcon.colcon_core.package_identification:_identify(/home/chaitanya/bumperbot_ws/src/bumperbot_py_examples) by extensions ['ros']
[5.853s] Level 1:colcon.colcon_core.package_identification:_identify(/home/chaitanya/bumperbot_ws/src/bumperbot_py_examples) by extension 'ros'
[5.861s] DEBUG:colcon.colcon_core.package_identification:Package '/home/chaitanya/bumperbot_ws/src/bumperbot_py_examples' with type 'ros.ament_python' and name 'bumperbot_py_examples'
[5.863s] Level 1:colcon.colcon_core.package_discovery:discover_packages(recursive) using defaults
