[0.179s] Invoking command in '/home/chaitanya/bumperbot_ws/build/bumperbot_msgs': CMAKE_PREFIX_PATH=/opt/ros/humble /usr/bin/cmake --build /home/chaitanya/bumperbot_ws/build/bumperbot_msgs -- -j4 -l4
[0.881s] [  2%] Built target bumperbot_msgs__cpp
[1.301s] [  2%] Built target ament_cmake_python_copy_bumperbot_msgs
[1.465s] [ 12%] Built target bumperbot_msgs__rosidl_typesupport_fastrtps_cpp
[1.722s] [ 23%] Built target bumperbot_msgs__rosidl_typesupport_introspection_cpp
[5.747s] running egg_info
[5.767s] writing bumperbot_msgs.egg-info/PKG-INFO
[5.768s] writing dependency_links to bumperbot_msgs.egg-info/dependency_links.txt
[5.777s] writing top-level names to bumperbot_msgs.egg-info/top_level.txt
[5.787s] reading manifest file 'bumperbot_msgs.egg-info/SOURCES.txt'
[5.807s] writing manifest file 'bumperbot_msgs.egg-info/SOURCES.txt'
[6.043s] [ 23%] Built target ament_cmake_python_build_bumperbot_msgs_egg
[6.376s] [ 33%] Built target bumperbot_msgs__rosidl_typesupport_cpp
[6.696s] [ 43%] Built target bumperbot_msgs__rosidl_generator_c
[6.980s] [ 53%] Built target bumperbot_msgs__rosidl_typesupport_fastrtps_c
[7.364s] [ 64%] Built target bumperbot_msgs__rosidl_typesupport_c
[7.626s] [ 74%] Built target bumperbot_msgs__rosidl_typesupport_introspection_c
[7.909s] [ 74%] Built target bumperbot_msgs
[8.238s] [ 76%] Built target bumperbot_msgs__py
[8.555s] [ 84%] Built target bumperbot_msgs__rosidl_generator_py
[8.786s] [ 89%] Built target bumperbot_msgs__rosidl_typesupport_fastrtps_c__pyext
[9.208s] [ 94%] Built target bumperbot_msgs__rosidl_typesupport_c__pyext
[9.410s] [100%] Built target bumperbot_msgs__rosidl_typesupport_introspection_c__pyext
[9.544s] Invoked command in '/home/chaitanya/bumperbot_ws/build/bumperbot_msgs' returned '0': CMAKE_PREFIX_PATH=/opt/ros/humble /usr/bin/cmake --build /home/chaitanya/bumperbot_ws/build/bumperbot_msgs -- -j4 -l4
[9.557s] Invoking command in '/home/chaitanya/bumperbot_ws/build/bumperbot_msgs': CMAKE_PREFIX_PATH=/opt/ros/humble /usr/bin/cmake --install /home/chaitanya/bumperbot_ws/build/bumperbot_msgs
[9.685s] -- Install configuration: ""
[9.688s] -- Up-to-date: /home/chaitanya/bumperbot_ws/install/bumperbot_msgs/share/ament_index/resource_index/rosidl_interfaces/bumperbot_msgs
[9.692s] -- Up-to-date: /home/chaitanya/bumperbot_ws/install/bumperbot_msgs/include/bumperbot_msgs/bumperbot_msgs
[9.700s] -- Up-to-date: /home/chaitanya/bumperbot_ws/install/bumperbot_msgs/include/bumperbot_msgs/bumperbot_msgs/srv
[9.703s] -- Up-to-date: /home/chaitanya/bumperbot_ws/install/bumperbot_msgs/include/bumperbot_msgs/bumperbot_msgs/srv/detail
[9.705s] -- Up-to-date: /home/chaitanya/bumperbot_ws/install/bumperbot_msgs/include/bumperbot_msgs/bumperbot_msgs/srv/detail/add_two_ints__functions.c
[9.711s] -- Up-to-date: /home/chaitanya/bumperbot_ws/install/bumperbot_msgs/include/bumperbot_msgs/bumperbot_msgs/srv/detail/add_two_ints__functions.h
[9.713s] -- Up-to-date: /home/chaitanya/bumperbot_ws/install/bumperbot_msgs/include/bumperbot_msgs/bumperbot_msgs/srv/detail/get_transform__functions.c
[9.719s] -- Up-to-date: /home/chaitanya/bumperbot_ws/install/bumperbot_msgs/include/bumperbot_msgs/bumperbot_msgs/srv/detail/add_two_ints__type_support.h
[9.724s] -- Up-to-date: /home/chaitanya/bumperbot_ws/install/bumperbot_msgs/include/bumperbot_msgs/bumperbot_msgs/srv/detail/get_transform__type_support.h
[9.726s] -- Up-to-date: /home/chaitanya/bumperbot_ws/install/bumperbot_msgs/include/bumperbot_msgs/bumperbot_msgs/srv/detail/add_two_ints__struct.h
[9.728s] -- Up-to-date: /home/chaitanya/bumperbot_ws/install/bumperbot_msgs/include/bumperbot_msgs/bumperbot_msgs/srv/detail/get_transform__functions.h
[9.730s] -- Up-to-date: /home/chaitanya/bumperbot_ws/install/bumperbot_msgs/include/bumperbot_msgs/bumperbot_msgs/srv/detail/get_transform__struct.h
[9.732s] -- Up-to-date: /home/chaitanya/bumperbot_ws/install/bumperbot_msgs/include/bumperbot_msgs/bumperbot_msgs/srv/get_transform.h
[9.738s] -- Up-to-date: /home/chaitanya/bumperbot_ws/install/bumperbot_msgs/include/bumperbot_msgs/bumperbot_msgs/srv/add_two_ints.h
[9.751s] -- Up-to-date: /home/chaitanya/bumperbot_ws/install/bumperbot_msgs/include/bumperbot_msgs/bumperbot_msgs/msg
[9.753s] -- Up-to-date: /home/chaitanya/bumperbot_ws/install/bumperbot_msgs/include/bumperbot_msgs/bumperbot_msgs/msg/rosidl_generator_c__visibility_control.h
[9.755s] -- Up-to-date: /home/chaitanya/bumperbot_ws/install/bumperbot_msgs/share/bumperbot_msgs/environment/library_path.sh
[9.756s] -- Up-to-date: /home/chaitanya/bumperbot_ws/install/bumperbot_msgs/share/bumperbot_msgs/environment/library_path.dsv
[9.770s] -- Up-to-date: /home/chaitanya/bumperbot_ws/install/bumperbot_msgs/lib/libbumperbot_msgs__rosidl_generator_c.so
[9.771s] -- Up-to-date: /home/chaitanya/bumperbot_ws/install/bumperbot_msgs/include/bumperbot_msgs/bumperbot_msgs
[9.772s] -- Up-to-date: /home/chaitanya/bumperbot_ws/install/bumperbot_msgs/include/bumperbot_msgs/bumperbot_msgs/srv
[9.773s] -- Up-to-date: /home/chaitanya/bumperbot_ws/install/bumperbot_msgs/include/bumperbot_msgs/bumperbot_msgs/srv/detail
[9.774s] -- Up-to-date: /home/chaitanya/bumperbot_ws/install/bumperbot_msgs/include/bumperbot_msgs/bumperbot_msgs/srv/detail/get_transform__rosidl_typesupport_fastrtps_c.h
[9.775s] -- Up-to-date: /home/chaitanya/bumperbot_ws/install/bumperbot_msgs/include/bumperbot_msgs/bumperbot_msgs/srv/detail/add_two_ints__rosidl_typesupport_fastrtps_c.h
[9.775s] -- Up-to-date: /home/chaitanya/bumperbot_ws/install/bumperbot_msgs/include/bumperbot_msgs/bumperbot_msgs/msg
[9.781s] -- Up-to-date: /home/chaitanya/bumperbot_ws/install/bumperbot_msgs/include/bumperbot_msgs/bumperbot_msgs/msg/rosidl_typesupport_fastrtps_c__visibility_control.h
[9.795s] -- Up-to-date: /home/chaitanya/bumperbot_ws/install/bumperbot_msgs/lib/libbumperbot_msgs__rosidl_typesupport_fastrtps_c.so
[9.801s] -- Up-to-date: /home/chaitanya/bumperbot_ws/install/bumperbot_msgs/include/bumperbot_msgs/bumperbot_msgs
[9.802s] -- Up-to-date: /home/chaitanya/bumperbot_ws/install/bumperbot_msgs/include/bumperbot_msgs/bumperbot_msgs/srv
[9.803s] -- Up-to-date: /home/chaitanya/bumperbot_ws/install/bumperbot_msgs/include/bumperbot_msgs/bumperbot_msgs/srv/add_two_ints.hpp
[9.804s] -- Up-to-date: /home/chaitanya/bumperbot_ws/install/bumperbot_msgs/include/bumperbot_msgs/bumperbot_msgs/srv/detail
[9.813s] -- Up-to-date: /home/chaitanya/bumperbot_ws/install/bumperbot_msgs/include/bumperbot_msgs/bumperbot_msgs/srv/detail/add_two_ints__traits.hpp
[9.814s] -- Up-to-date: /home/chaitanya/bumperbot_ws/install/bumperbot_msgs/include/bumperbot_msgs/bumperbot_msgs/srv/detail/get_transform__struct.hpp
[9.815s] -- Up-to-date: /home/chaitanya/bumperbot_ws/install/bumperbot_msgs/include/bumperbot_msgs/bumperbot_msgs/srv/detail/add_two_ints__builder.hpp
[9.816s] -- Up-to-date: /home/chaitanya/bumperbot_ws/install/bumperbot_msgs/include/bumperbot_msgs/bumperbot_msgs/srv/detail/get_transform__builder.hpp
[9.816s] -- Up-to-date: /home/chaitanya/bumperbot_ws/install/bumperbot_msgs/include/bumperbot_msgs/bumperbot_msgs/srv/detail/get_transform__type_support.hpp
[9.817s] -- Up-to-date: /home/chaitanya/bumperbot_ws/install/bumperbot_msgs/include/bumperbot_msgs/bumperbot_msgs/srv/detail/get_transform__traits.hpp
[9.828s] -- Up-to-date: /home/chaitanya/bumperbot_ws/install/bumperbot_msgs/include/bumperbot_msgs/bumperbot_msgs/srv/detail/add_two_ints__type_support.hpp
[9.830s] -- Up-to-date: /home/chaitanya/bumperbot_ws/install/bumperbot_msgs/include/bumperbot_msgs/bumperbot_msgs/srv/detail/add_two_ints__struct.hpp
[9.830s] -- Up-to-date: /home/chaitanya/bumperbot_ws/install/bumperbot_msgs/include/bumperbot_msgs/bumperbot_msgs/srv/get_transform.hpp
[9.831s] -- Up-to-date: /home/chaitanya/bumperbot_ws/install/bumperbot_msgs/include/bumperbot_msgs/bumperbot_msgs/msg
[9.832s] -- Up-to-date: /home/chaitanya/bumperbot_ws/install/bumperbot_msgs/include/bumperbot_msgs/bumperbot_msgs/msg/rosidl_generator_cpp__visibility_control.hpp
[9.833s] -- Up-to-date: /home/chaitanya/bumperbot_ws/install/bumperbot_msgs/include/bumperbot_msgs/bumperbot_msgs
[9.843s] -- Up-to-date: /home/chaitanya/bumperbot_ws/install/bumperbot_msgs/include/bumperbot_msgs/bumperbot_msgs/srv
[9.854s] -- Up-to-date: /home/chaitanya/bumperbot_ws/install/bumperbot_msgs/include/bumperbot_msgs/bumperbot_msgs/srv/detail
[9.855s] -- Up-to-date: /home/chaitanya/bumperbot_ws/install/bumperbot_msgs/include/bumperbot_msgs/bumperbot_msgs/srv/detail/get_transform__rosidl_typesupport_fastrtps_cpp.hpp
[9.856s] -- Up-to-date: /home/chaitanya/bumperbot_ws/install/bumperbot_msgs/include/bumperbot_msgs/bumperbot_msgs/srv/detail/add_two_ints__rosidl_typesupport_fastrtps_cpp.hpp
[9.857s] -- Up-to-date: /home/chaitanya/bumperbot_ws/install/bumperbot_msgs/include/bumperbot_msgs/bumperbot_msgs/srv/detail/dds_fastrtps
[9.869s] -- Up-to-date: /home/chaitanya/bumperbot_ws/install/bumperbot_msgs/include/bumperbot_msgs/bumperbot_msgs/msg
[9.870s] -- Up-to-date: /home/chaitanya/bumperbot_ws/install/bumperbot_msgs/include/bumperbot_msgs/bumperbot_msgs/msg/rosidl_typesupport_fastrtps_cpp__visibility_control.h
[9.870s] -- Up-to-date: /home/chaitanya/bumperbot_ws/install/bumperbot_msgs/lib/libbumperbot_msgs__rosidl_typesupport_fastrtps_cpp.so
[9.871s] -- Up-to-date: /home/chaitanya/bumperbot_ws/install/bumperbot_msgs/include/bumperbot_msgs/bumperbot_msgs
[9.872s] -- Up-to-date: /home/chaitanya/bumperbot_ws/install/bumperbot_msgs/include/bumperbot_msgs/bumperbot_msgs/srv
[9.873s] -- Up-to-date: /home/chaitanya/bumperbot_ws/install/bumperbot_msgs/include/bumperbot_msgs/bumperbot_msgs/srv/detail
[9.873s] -- Up-to-date: /home/chaitanya/bumperbot_ws/install/bumperbot_msgs/include/bumperbot_msgs/bumperbot_msgs/srv/detail/add_two_ints__rosidl_typesupport_introspection_c.h
[9.874s] -- Up-to-date: /home/chaitanya/bumperbot_ws/install/bumperbot_msgs/include/bumperbot_msgs/bumperbot_msgs/srv/detail/add_two_ints__type_support.c
[9.875s] -- Up-to-date: /home/chaitanya/bumperbot_ws/install/bumperbot_msgs/include/bumperbot_msgs/bumperbot_msgs/srv/detail/get_transform__rosidl_typesupport_introspection_c.h
[9.875s] -- Up-to-date: /home/chaitanya/bumperbot_ws/install/bumperbot_msgs/include/bumperbot_msgs/bumperbot_msgs/srv/detail/get_transform__type_support.c
[9.876s] -- Up-to-date: /home/chaitanya/bumperbot_ws/install/bumperbot_msgs/include/bumperbot_msgs/bumperbot_msgs/msg
[9.877s] -- Up-to-date: /home/chaitanya/bumperbot_ws/install/bumperbot_msgs/include/bumperbot_msgs/bumperbot_msgs/msg/rosidl_typesupport_introspection_c__visibility_control.h
[9.896s] -- Up-to-date: /home/chaitanya/bumperbot_ws/install/bumperbot_msgs/lib/libbumperbot_msgs__rosidl_typesupport_introspection_c.so
[9.896s] -- Up-to-date: /home/chaitanya/bumperbot_ws/install/bumperbot_msgs/lib/libbumperbot_msgs__rosidl_typesupport_c.so
[9.897s] -- Up-to-date: /home/chaitanya/bumperbot_ws/install/bumperbot_msgs/include/bumperbot_msgs/bumperbot_msgs
[9.898s] -- Up-to-date: /home/chaitanya/bumperbot_ws/install/bumperbot_msgs/include/bumperbot_msgs/bumperbot_msgs/srv
[9.899s] -- Up-to-date: /home/chaitanya/bumperbot_ws/install/bumperbot_msgs/include/bumperbot_msgs/bumperbot_msgs/srv/detail
[9.900s] -- Up-to-date: /home/chaitanya/bumperbot_ws/install/bumperbot_msgs/include/bumperbot_msgs/bumperbot_msgs/srv/detail/add_two_ints__rosidl_typesupport_introspection_cpp.hpp
[9.905s] -- Up-to-date: /home/chaitanya/bumperbot_ws/install/bumperbot_msgs/include/bumperbot_msgs/bumperbot_msgs/srv/detail/get_transform__rosidl_typesupport_introspection_cpp.hpp
[9.907s] -- Up-to-date: /home/chaitanya/bumperbot_ws/install/bumperbot_msgs/include/bumperbot_msgs/bumperbot_msgs/srv/detail/add_two_ints__type_support.cpp
[9.908s] -- Up-to-date: /home/chaitanya/bumperbot_ws/install/bumperbot_msgs/include/bumperbot_msgs/bumperbot_msgs/srv/detail/get_transform__type_support.cpp
[9.925s] -- Up-to-date: /home/chaitanya/bumperbot_ws/install/bumperbot_msgs/lib/libbumperbot_msgs__rosidl_typesupport_introspection_cpp.so
[9.926s] -- Up-to-date: /home/chaitanya/bumperbot_ws/install/bumperbot_msgs/lib/libbumperbot_msgs__rosidl_typesupport_cpp.so
[9.930s] -- Up-to-date: /home/chaitanya/bumperbot_ws/install/bumperbot_msgs/share/bumperbot_msgs/environment/pythonpath.sh
[9.931s] -- Up-to-date: /home/chaitanya/bumperbot_ws/install/bumperbot_msgs/share/bumperbot_msgs/environment/pythonpath.dsv
[9.937s] -- Up-to-date: /home/chaitanya/bumperbot_ws/install/bumperbot_msgs/local/lib/python3.10/dist-packages/bumperbot_msgs-0.0.0-py3.10.egg-info
[9.938s] -- Installing: /home/chaitanya/bumperbot_ws/install/bumperbot_msgs/local/lib/python3.10/dist-packages/bumperbot_msgs-0.0.0-py3.10.egg-info/PKG-INFO
[9.942s] -- Installing: /home/chaitanya/bumperbot_ws/install/bumperbot_msgs/local/lib/python3.10/dist-packages/bumperbot_msgs-0.0.0-py3.10.egg-info/top_level.txt
[9.946s] -- Installing: /home/chaitanya/bumperbot_ws/install/bumperbot_msgs/local/lib/python3.10/dist-packages/bumperbot_msgs-0.0.0-py3.10.egg-info/dependency_links.txt
[9.949s] -- Installing: /home/chaitanya/bumperbot_ws/install/bumperbot_msgs/local/lib/python3.10/dist-packages/bumperbot_msgs-0.0.0-py3.10.egg-info/SOURCES.txt
[9.957s] -- Up-to-date: /home/chaitanya/bumperbot_ws/install/bumperbot_msgs/local/lib/python3.10/dist-packages/bumperbot_msgs
[9.960s] -- Up-to-date: /home/chaitanya/bumperbot_ws/install/bumperbot_msgs/local/lib/python3.10/dist-packages/bumperbot_msgs/bumperbot_msgs_s__rosidl_typesupport_fastrtps_c.cpython-310-aarch64-linux-gnu.so
[9.962s] -- Up-to-date: /home/chaitanya/bumperbot_ws/install/bumperbot_msgs/local/lib/python3.10/dist-packages/bumperbot_msgs/srv
[9.964s] -- Up-to-date: /home/chaitanya/bumperbot_ws/install/bumperbot_msgs/local/lib/python3.10/dist-packages/bumperbot_msgs/srv/_get_transform.py
[9.967s] -- Up-to-date: /home/chaitanya/bumperbot_ws/install/bumperbot_msgs/local/lib/python3.10/dist-packages/bumperbot_msgs/srv/_get_transform_s.c
[9.969s] -- Up-to-date: /home/chaitanya/bumperbot_ws/install/bumperbot_msgs/local/lib/python3.10/dist-packages/bumperbot_msgs/srv/_add_two_ints_s.c
[9.970s] -- Up-to-date: /home/chaitanya/bumperbot_ws/install/bumperbot_msgs/local/lib/python3.10/dist-packages/bumperbot_msgs/srv/__init__.py
[9.974s] -- Up-to-date: /home/chaitanya/bumperbot_ws/install/bumperbot_msgs/local/lib/python3.10/dist-packages/bumperbot_msgs/srv/_add_two_ints.py
[9.979s] -- Up-to-date: /home/chaitanya/bumperbot_ws/install/bumperbot_msgs/local/lib/python3.10/dist-packages/bumperbot_msgs/bumperbot_msgs_s__rosidl_typesupport_introspection_c.cpython-310-aarch64-linux-gnu.so
[9.980s] -- Up-to-date: /home/chaitanya/bumperbot_ws/install/bumperbot_msgs/local/lib/python3.10/dist-packages/bumperbot_msgs/__init__.py
[9.985s] -- Up-to-date: /home/chaitanya/bumperbot_ws/install/bumperbot_msgs/local/lib/python3.10/dist-packages/bumperbot_msgs/_bumperbot_msgs_s.ep.rosidl_typesupport_introspection_c.c
[9.986s] -- Up-to-date: /home/chaitanya/bumperbot_ws/install/bumperbot_msgs/local/lib/python3.10/dist-packages/bumperbot_msgs/libbumperbot_msgs__rosidl_generator_py.so
[9.986s] -- Up-to-date: /home/chaitanya/bumperbot_ws/install/bumperbot_msgs/local/lib/python3.10/dist-packages/bumperbot_msgs/_bumperbot_msgs_s.ep.rosidl_typesupport_fastrtps_c.c
[9.991s] -- Up-to-date: /home/chaitanya/bumperbot_ws/install/bumperbot_msgs/local/lib/python3.10/dist-packages/bumperbot_msgs/bumperbot_msgs_s__rosidl_typesupport_c.cpython-310-aarch64-linux-gnu.so
[9.992s] -- Up-to-date: /home/chaitanya/bumperbot_ws/install/bumperbot_msgs/local/lib/python3.10/dist-packages/bumperbot_msgs/_bumperbot_msgs_s.ep.rosidl_typesupport_c.c
[10.266s] Listing '/home/chaitanya/bumperbot_ws/install/bumperbot_msgs/local/lib/python3.10/dist-packages/bumperbot_msgs'...
[10.267s] Listing '/home/chaitanya/bumperbot_ws/install/bumperbot_msgs/local/lib/python3.10/dist-packages/bumperbot_msgs/srv'...
[10.341s] -- Up-to-date: /home/chaitanya/bumperbot_ws/install/bumperbot_msgs/local/lib/python3.10/dist-packages/bumperbot_msgs/bumperbot_msgs_s__rosidl_typesupport_fastrtps_c.cpython-310-aarch64-linux-gnu.so
[10.349s] -- Up-to-date: /home/chaitanya/bumperbot_ws/install/bumperbot_msgs/local/lib/python3.10/dist-packages/bumperbot_msgs/bumperbot_msgs_s__rosidl_typesupport_introspection_c.cpython-310-aarch64-linux-gnu.so
[10.357s] -- Up-to-date: /home/chaitanya/bumperbot_ws/install/bumperbot_msgs/local/lib/python3.10/dist-packages/bumperbot_msgs/bumperbot_msgs_s__rosidl_typesupport_c.cpython-310-aarch64-linux-gnu.so
[10.368s] -- Up-to-date: /home/chaitanya/bumperbot_ws/install/bumperbot_msgs/lib/libbumperbot_msgs__rosidl_generator_py.so
[10.378s] -- Up-to-date: /home/chaitanya/bumperbot_ws/install/bumperbot_msgs/share/bumperbot_msgs/srv/AddTwoInts.idl
[10.379s] -- Up-to-date: /home/chaitanya/bumperbot_ws/install/bumperbot_msgs/share/bumperbot_msgs/srv/GetTransform.idl
[10.380s] -- Up-to-date: /home/chaitanya/bumperbot_ws/install/bumperbot_msgs/share/bumperbot_msgs/srv/AddTwoInts.srv
[10.380s] -- Up-to-date: /home/chaitanya/bumperbot_ws/install/bumperbot_msgs/share/bumperbot_msgs/srv/AddTwoInts_Request.msg
[10.382s] -- Up-to-date: /home/chaitanya/bumperbot_ws/install/bumperbot_msgs/share/bumperbot_msgs/srv/AddTwoInts_Response.msg
[10.383s] -- Up-to-date: /home/chaitanya/bumperbot_ws/install/bumperbot_msgs/share/bumperbot_msgs/srv/GetTransform.srv
[10.383s] -- Up-to-date: /home/chaitanya/bumperbot_ws/install/bumperbot_msgs/share/bumperbot_msgs/srv/GetTransform_Request.msg
[10.388s] -- Up-to-date: /home/chaitanya/bumperbot_ws/install/bumperbot_msgs/share/bumperbot_msgs/srv/GetTransform_Response.msg
[10.389s] -- Up-to-date: /home/chaitanya/bumperbot_ws/install/bumperbot_msgs/share/ament_index/resource_index/package_run_dependencies/bumperbot_msgs
[10.401s] -- Up-to-date: /home/chaitanya/bumperbot_ws/install/bumperbot_msgs/share/ament_index/resource_index/parent_prefix_path/bumperbot_msgs
[10.406s] -- Up-to-date: /home/chaitanya/bumperbot_ws/install/bumperbot_msgs/share/bumperbot_msgs/environment/ament_prefix_path.sh
[10.416s] -- Up-to-date: /home/chaitanya/bumperbot_ws/install/bumperbot_msgs/share/bumperbot_msgs/environment/ament_prefix_path.dsv
[10.417s] -- Up-to-date: /home/chaitanya/bumperbot_ws/install/bumperbot_msgs/share/bumperbot_msgs/environment/path.sh
[10.418s] -- Up-to-date: /home/chaitanya/bumperbot_ws/install/bumperbot_msgs/share/bumperbot_msgs/environment/path.dsv
[10.419s] -- Up-to-date: /home/chaitanya/bumperbot_ws/install/bumperbot_msgs/share/bumperbot_msgs/local_setup.bash
[10.419s] -- Up-to-date: /home/chaitanya/bumperbot_ws/install/bumperbot_msgs/share/bumperbot_msgs/local_setup.sh
[10.441s] -- Up-to-date: /home/chaitanya/bumperbot_ws/install/bumperbot_msgs/share/bumperbot_msgs/local_setup.zsh
[10.442s] -- Up-to-date: /home/chaitanya/bumperbot_ws/install/bumperbot_msgs/share/bumperbot_msgs/local_setup.dsv
[10.443s] -- Installing: /home/chaitanya/bumperbot_ws/install/bumperbot_msgs/share/bumperbot_msgs/package.dsv
[10.444s] -- Up-to-date: /home/chaitanya/bumperbot_ws/install/bumperbot_msgs/share/ament_index/resource_index/packages/bumperbot_msgs
[10.445s] -- Up-to-date: /home/chaitanya/bumperbot_ws/install/bumperbot_msgs/share/bumperbot_msgs/cmake/export_bumperbot_msgs__rosidl_generator_cExport.cmake
[10.446s] -- Up-to-date: /home/chaitanya/bumperbot_ws/install/bumperbot_msgs/share/bumperbot_msgs/cmake/export_bumperbot_msgs__rosidl_generator_cExport-noconfig.cmake
[10.447s] -- Up-to-date: /home/chaitanya/bumperbot_ws/install/bumperbot_msgs/share/bumperbot_msgs/cmake/export_bumperbot_msgs__rosidl_typesupport_fastrtps_cExport.cmake
[10.447s] -- Up-to-date: /home/chaitanya/bumperbot_ws/install/bumperbot_msgs/share/bumperbot_msgs/cmake/export_bumperbot_msgs__rosidl_typesupport_fastrtps_cExport-noconfig.cmake
[10.448s] -- Up-to-date: /home/chaitanya/bumperbot_ws/install/bumperbot_msgs/share/bumperbot_msgs/cmake/export_bumperbot_msgs__rosidl_generator_cppExport.cmake
[10.472s] -- Up-to-date: /home/chaitanya/bumperbot_ws/install/bumperbot_msgs/share/bumperbot_msgs/cmake/export_bumperbot_msgs__rosidl_typesupport_fastrtps_cppExport.cmake
[10.474s] -- Up-to-date: /home/chaitanya/bumperbot_ws/install/bumperbot_msgs/share/bumperbot_msgs/cmake/export_bumperbot_msgs__rosidl_typesupport_fastrtps_cppExport-noconfig.cmake
[10.477s] -- Up-to-date: /home/chaitanya/bumperbot_ws/install/bumperbot_msgs/share/bumperbot_msgs/cmake/bumperbot_msgs__rosidl_typesupport_introspection_cExport.cmake
[10.477s] -- Up-to-date: /home/chaitanya/bumperbot_ws/install/bumperbot_msgs/share/bumperbot_msgs/cmake/bumperbot_msgs__rosidl_typesupport_introspection_cExport-noconfig.cmake
[10.479s] -- Up-to-date: /home/chaitanya/bumperbot_ws/install/bumperbot_msgs/share/bumperbot_msgs/cmake/bumperbot_msgs__rosidl_typesupport_cExport.cmake
[10.481s] -- Up-to-date: /home/chaitanya/bumperbot_ws/install/bumperbot_msgs/share/bumperbot_msgs/cmake/bumperbot_msgs__rosidl_typesupport_cExport-noconfig.cmake
[10.493s] -- Up-to-date: /home/chaitanya/bumperbot_ws/install/bumperbot_msgs/share/bumperbot_msgs/cmake/bumperbot_msgs__rosidl_typesupport_introspection_cppExport.cmake
[10.502s] -- Up-to-date: /home/chaitanya/bumperbot_ws/install/bumperbot_msgs/share/bumperbot_msgs/cmake/bumperbot_msgs__rosidl_typesupport_introspection_cppExport-noconfig.cmake
[10.502s] -- Up-to-date: /home/chaitanya/bumperbot_ws/install/bumperbot_msgs/share/bumperbot_msgs/cmake/bumperbot_msgs__rosidl_typesupport_cppExport.cmake
[10.503s] -- Up-to-date: /home/chaitanya/bumperbot_ws/install/bumperbot_msgs/share/bumperbot_msgs/cmake/bumperbot_msgs__rosidl_typesupport_cppExport-noconfig.cmake
[10.504s] -- Up-to-date: /home/chaitanya/bumperbot_ws/install/bumperbot_msgs/share/bumperbot_msgs/cmake/export_bumperbot_msgs__rosidl_generator_pyExport.cmake
[10.505s] -- Up-to-date: /home/chaitanya/bumperbot_ws/install/bumperbot_msgs/share/bumperbot_msgs/cmake/export_bumperbot_msgs__rosidl_generator_pyExport-noconfig.cmake
[10.506s] -- Up-to-date: /home/chaitanya/bumperbot_ws/install/bumperbot_msgs/share/bumperbot_msgs/cmake/rosidl_cmake-extras.cmake
[10.507s] -- Up-to-date: /home/chaitanya/bumperbot_ws/install/bumperbot_msgs/share/bumperbot_msgs/cmake/ament_cmake_export_dependencies-extras.cmake
[10.508s] -- Up-to-date: /home/chaitanya/bumperbot_ws/install/bumperbot_msgs/share/bumperbot_msgs/cmake/ament_cmake_export_include_directories-extras.cmake
[10.509s] -- Up-to-date: /home/chaitanya/bumperbot_ws/install/bumperbot_msgs/share/bumperbot_msgs/cmake/ament_cmake_export_libraries-extras.cmake
[10.510s] -- Up-to-date: /home/chaitanya/bumperbot_ws/install/bumperbot_msgs/share/bumperbot_msgs/cmake/ament_cmake_export_targets-extras.cmake
[10.511s] -- Up-to-date: /home/chaitanya/bumperbot_ws/install/bumperbot_msgs/share/bumperbot_msgs/cmake/rosidl_cmake_export_typesupport_targets-extras.cmake
[10.511s] -- Up-to-date: /home/chaitanya/bumperbot_ws/install/bumperbot_msgs/share/bumperbot_msgs/cmake/rosidl_cmake_export_typesupport_libraries-extras.cmake
[10.512s] -- Up-to-date: /home/chaitanya/bumperbot_ws/install/bumperbot_msgs/share/bumperbot_msgs/cmake/bumperbot_msgsConfig.cmake
[10.513s] -- Up-to-date: /home/chaitanya/bumperbot_ws/install/bumperbot_msgs/share/bumperbot_msgs/cmake/bumperbot_msgsConfig-version.cmake
[10.514s] -- Up-to-date: /home/chaitanya/bumperbot_ws/install/bumperbot_msgs/share/bumperbot_msgs/package.xml
[10.547s] Invoked command in '/home/chaitanya/bumperbot_ws/build/bumperbot_msgs' returned '0': CMAKE_PREFIX_PATH=/opt/ros/humble /usr/bin/cmake --install /home/chaitanya/bumperbot_ws/build/bumperbot_msgs
