[0.144s] DEBUG:colcon:Command line arguments: ['/usr/bin/colcon', 'build']
[0.144s] DEBUG:colcon:Parsed command line arguments: Namespace(log_base=None, log_level=None, verb_name='build', build_base='build', install_base='install', merge_install=False, symlink_install=False, test_result_base=None, continue_on_error=False, executor='parallel', parallel_workers=8, event_handlers=None, ignore_user_meta=False, metas=['./colcon.meta'], base_paths=['.'], packages_ignore=None, packages_ignore_regex=None, paths=None, packages_up_to=None, packages_up_to_regex=None, packages_above=None, packages_above_and_dependencies=None, packages_above_depth=None, packages_select_by_dep=None, packages_skip_by_dep=None, packages_skip_up_to=None, packages_select_build_failed=False, packages_skip_build_finished=False, packages_select_test_failures=False, packages_skip_test_passed=False, packages_select=None, packages_skip=None, packages_select_regex=None, packages_skip_regex=None, packages_start=None, packages_end=None, allow_overriding=[], cmake_args=None, cmake_target=None, cmake_target_skip_unavailable=False, cmake_clean_cache=False, cmake_clean_first=False, cmake_force_configure=False, ament_cmake_args=None, catkin_cmake_args=None, catkin_skip_building_tests=False, mixin_files=None, mixin=None, verb_parser=<colcon_mixin.mixin.mixin_argument.MixinArgumentDecorator object at 0xffff0fe35cc0>, verb_extension=<colcon_core.verb.build.BuildVerb object at 0xffff0fe041c0>, main=<bound method BuildVerb.main of <colcon_core.verb.build.BuildVerb object at 0xffff0fe041c0>>, mixin_verb=('build',))
[0.278s] Level 1:colcon.colcon_core.package_discovery:discover_packages(colcon_meta) check parameters
[0.278s] Level 1:colcon.colcon_core.package_discovery:discover_packages(recursive) check parameters
[0.278s] Level 1:colcon.colcon_core.package_discovery:discover_packages(ignore) check parameters
[0.278s] Level 1:colcon.colcon_core.package_discovery:discover_packages(path) check parameters
[0.278s] Level 1:colcon.colcon_core.package_discovery:discover_packages(colcon_meta) discover
[0.278s] Level 1:colcon.colcon_core.package_discovery:discover_packages(recursive) discover
[0.278s] INFO:colcon.colcon_core.package_discovery:Crawling recursively for packages in '/home/ubuntu/BumperBot_V1'
[0.278s] Level 1:colcon.colcon_core.package_identification:_identify(.) by extensions ['ignore', 'ignore_ament_install']
[0.278s] Level 1:colcon.colcon_core.package_identification:_identify(.) by extension 'ignore'
[0.278s] Level 1:colcon.colcon_core.package_identification:_identify(.) by extension 'ignore_ament_install'
[0.278s] Level 1:colcon.colcon_core.package_identification:_identify(.) by extensions ['colcon_pkg']
[0.278s] Level 1:colcon.colcon_core.package_identification:_identify(.) by extension 'colcon_pkg'
[0.278s] Level 1:colcon.colcon_core.package_identification:_identify(.) by extensions ['colcon_meta']
[0.278s] Level 1:colcon.colcon_core.package_identification:_identify(.) by extension 'colcon_meta'
[0.278s] Level 1:colcon.colcon_core.package_identification:_identify(.) by extensions ['ros']
[0.278s] Level 1:colcon.colcon_core.package_identification:_identify(.) by extension 'ros'
[0.286s] Level 1:colcon.colcon_core.package_identification:_identify(.) by extensions ['cmake', 'python']
[0.286s] Level 1:colcon.colcon_core.package_identification:_identify(.) by extension 'cmake'
[0.286s] Level 1:colcon.colcon_core.package_identification:_identify(.) by extension 'python'
[0.286s] Level 1:colcon.colcon_core.package_identification:_identify(.) by extensions ['python_setup_py']
[0.286s] Level 1:colcon.colcon_core.package_identification:_identify(.) by extension 'python_setup_py'
[0.286s] Level 1:colcon.colcon_core.package_identification:_identify(build) by extensions ['ignore', 'ignore_ament_install']
[0.286s] Level 1:colcon.colcon_core.package_identification:_identify(build) by extension 'ignore'
[0.286s] Level 1:colcon.colcon_core.package_identification:_identify(build) ignored
[0.286s] Level 1:colcon.colcon_core.package_identification:_identify(install) by extensions ['ignore', 'ignore_ament_install']
[0.286s] Level 1:colcon.colcon_core.package_identification:_identify(install) by extension 'ignore'
[0.286s] Level 1:colcon.colcon_core.package_identification:_identify(install) ignored
[0.286s] Level 1:colcon.colcon_core.package_identification:_identify(log) by extensions ['ignore', 'ignore_ament_install']
[0.286s] Level 1:colcon.colcon_core.package_identification:_identify(log) by extension 'ignore'
[0.286s] Level 1:colcon.colcon_core.package_identification:_identify(log) ignored
[0.286s] Level 1:colcon.colcon_core.package_identification:_identify(src) by extensions ['ignore', 'ignore_ament_install']
[0.286s] Level 1:colcon.colcon_core.package_identification:_identify(src) by extension 'ignore'
[0.286s] Level 1:colcon.colcon_core.package_identification:_identify(src) by extension 'ignore_ament_install'
[0.286s] Level 1:colcon.colcon_core.package_identification:_identify(src) by extensions ['colcon_pkg']
[0.286s] Level 1:colcon.colcon_core.package_identification:_identify(src) by extension 'colcon_pkg'
[0.286s] Level 1:colcon.colcon_core.package_identification:_identify(src) by extensions ['colcon_meta']
[0.286s] Level 1:colcon.colcon_core.package_identification:_identify(src) by extension 'colcon_meta'
[0.286s] Level 1:colcon.colcon_core.package_identification:_identify(src) by extensions ['ros']
[0.286s] Level 1:colcon.colcon_core.package_identification:_identify(src) by extension 'ros'
[0.286s] Level 1:colcon.colcon_core.package_identification:_identify(src) by extensions ['cmake', 'python']
[0.286s] Level 1:colcon.colcon_core.package_identification:_identify(src) by extension 'cmake'
[0.286s] Level 1:colcon.colcon_core.package_identification:_identify(src) by extension 'python'
[0.286s] Level 1:colcon.colcon_core.package_identification:_identify(src) by extensions ['python_setup_py']
[0.286s] Level 1:colcon.colcon_core.package_identification:_identify(src) by extension 'python_setup_py'
[0.286s] Level 1:colcon.colcon_core.package_identification:_identify(src/bumperbot_controller) by extensions ['ignore', 'ignore_ament_install']
[0.286s] Level 1:colcon.colcon_core.package_identification:_identify(src/bumperbot_controller) by extension 'ignore'
[0.286s] Level 1:colcon.colcon_core.package_identification:_identify(src/bumperbot_controller) by extension 'ignore_ament_install'
[0.286s] Level 1:colcon.colcon_core.package_identification:_identify(src/bumperbot_controller) by extensions ['colcon_pkg']
[0.286s] Level 1:colcon.colcon_core.package_identification:_identify(src/bumperbot_controller) by extension 'colcon_pkg'
[0.287s] Level 1:colcon.colcon_core.package_identification:_identify(src/bumperbot_controller) by extensions ['colcon_meta']
[0.287s] Level 1:colcon.colcon_core.package_identification:_identify(src/bumperbot_controller) by extension 'colcon_meta'
[0.287s] Level 1:colcon.colcon_core.package_identification:_identify(src/bumperbot_controller) by extensions ['ros']
[0.287s] Level 1:colcon.colcon_core.package_identification:_identify(src/bumperbot_controller) by extension 'ros'
[0.289s] DEBUG:colcon.colcon_core.package_identification:Package 'src/bumperbot_controller' with type 'ros.ament_cmake' and name 'bumperbot_controller'
[0.289s] Level 1:colcon.colcon_core.package_identification:_identify(src/bumperbot_cpp_examples) by extensions ['ignore', 'ignore_ament_install']
[0.289s] Level 1:colcon.colcon_core.package_identification:_identify(src/bumperbot_cpp_examples) by extension 'ignore'
[0.289s] Level 1:colcon.colcon_core.package_identification:_identify(src/bumperbot_cpp_examples) by extension 'ignore_ament_install'
[0.289s] Level 1:colcon.colcon_core.package_identification:_identify(src/bumperbot_cpp_examples) by extensions ['colcon_pkg']
[0.289s] Level 1:colcon.colcon_core.package_identification:_identify(src/bumperbot_cpp_examples) by extension 'colcon_pkg'
[0.289s] Level 1:colcon.colcon_core.package_identification:_identify(src/bumperbot_cpp_examples) by extensions ['colcon_meta']
[0.289s] Level 1:colcon.colcon_core.package_identification:_identify(src/bumperbot_cpp_examples) by extension 'colcon_meta'
[0.289s] Level 1:colcon.colcon_core.package_identification:_identify(src/bumperbot_cpp_examples) by extensions ['ros']
[0.289s] Level 1:colcon.colcon_core.package_identification:_identify(src/bumperbot_cpp_examples) by extension 'ros'
[0.290s] DEBUG:colcon.colcon_core.package_identification:Package 'src/bumperbot_cpp_examples' with type 'ros.ament_cmake' and name 'bumperbot_cpp_examples'
[0.290s] Level 1:colcon.colcon_core.package_identification:_identify(src/bumperbot_description) by extensions ['ignore', 'ignore_ament_install']
[0.290s] Level 1:colcon.colcon_core.package_identification:_identify(src/bumperbot_description) by extension 'ignore'
[0.290s] Level 1:colcon.colcon_core.package_identification:_identify(src/bumperbot_description) by extension 'ignore_ament_install'
[0.290s] Level 1:colcon.colcon_core.package_identification:_identify(src/bumperbot_description) by extensions ['colcon_pkg']
[0.290s] Level 1:colcon.colcon_core.package_identification:_identify(src/bumperbot_description) by extension 'colcon_pkg'
[0.290s] Level 1:colcon.colcon_core.package_identification:_identify(src/bumperbot_description) by extensions ['colcon_meta']
[0.290s] Level 1:colcon.colcon_core.package_identification:_identify(src/bumperbot_description) by extension 'colcon_meta'
[0.290s] Level 1:colcon.colcon_core.package_identification:_identify(src/bumperbot_description) by extensions ['ros']
[0.290s] Level 1:colcon.colcon_core.package_identification:_identify(src/bumperbot_description) by extension 'ros'
[0.291s] DEBUG:colcon.colcon_core.package_identification:Package 'src/bumperbot_description' with type 'ros.ament_cmake' and name 'bumperbot_description'
[0.291s] Level 1:colcon.colcon_core.package_identification:_identify(src/bumperbot_firmware) by extensions ['ignore', 'ignore_ament_install']
[0.291s] Level 1:colcon.colcon_core.package_identification:_identify(src/bumperbot_firmware) by extension 'ignore'
[0.291s] Level 1:colcon.colcon_core.package_identification:_identify(src/bumperbot_firmware) by extension 'ignore_ament_install'
[0.291s] Level 1:colcon.colcon_core.package_identification:_identify(src/bumperbot_firmware) by extensions ['colcon_pkg']
[0.291s] Level 1:colcon.colcon_core.package_identification:_identify(src/bumperbot_firmware) by extension 'colcon_pkg'
[0.291s] Level 1:colcon.colcon_core.package_identification:_identify(src/bumperbot_firmware) by extensions ['colcon_meta']
[0.291s] Level 1:colcon.colcon_core.package_identification:_identify(src/bumperbot_firmware) by extension 'colcon_meta'
[0.291s] Level 1:colcon.colcon_core.package_identification:_identify(src/bumperbot_firmware) by extensions ['ros']
[0.291s] Level 1:colcon.colcon_core.package_identification:_identify(src/bumperbot_firmware) by extension 'ros'
[0.292s] DEBUG:colcon.colcon_core.package_identification:Package 'src/bumperbot_firmware' with type 'ros.ament_cmake' and name 'bumperbot_firmware'
[0.292s] Level 1:colcon.colcon_core.package_identification:_identify(src/bumperbot_localization) by extensions ['ignore', 'ignore_ament_install']
[0.292s] Level 1:colcon.colcon_core.package_identification:_identify(src/bumperbot_localization) by extension 'ignore'
[0.292s] Level 1:colcon.colcon_core.package_identification:_identify(src/bumperbot_localization) by extension 'ignore_ament_install'
[0.292s] Level 1:colcon.colcon_core.package_identification:_identify(src/bumperbot_localization) by extensions ['colcon_pkg']
[0.292s] Level 1:colcon.colcon_core.package_identification:_identify(src/bumperbot_localization) by extension 'colcon_pkg'
[0.292s] Level 1:colcon.colcon_core.package_identification:_identify(src/bumperbot_localization) by extensions ['colcon_meta']
[0.292s] Level 1:colcon.colcon_core.package_identification:_identify(src/bumperbot_localization) by extension 'colcon_meta'
[0.292s] Level 1:colcon.colcon_core.package_identification:_identify(src/bumperbot_localization) by extensions ['ros']
[0.292s] Level 1:colcon.colcon_core.package_identification:_identify(src/bumperbot_localization) by extension 'ros'
[0.292s] DEBUG:colcon.colcon_core.package_identification:Package 'src/bumperbot_localization' with type 'ros.ament_cmake' and name 'bumperbot_localization'
[0.292s] Level 1:colcon.colcon_core.package_identification:_identify(src/bumperbot_msgs) by extensions ['ignore', 'ignore_ament_install']
[0.292s] Level 1:colcon.colcon_core.package_identification:_identify(src/bumperbot_msgs) by extension 'ignore'
[0.293s] Level 1:colcon.colcon_core.package_identification:_identify(src/bumperbot_msgs) by extension 'ignore_ament_install'
[0.293s] Level 1:colcon.colcon_core.package_identification:_identify(src/bumperbot_msgs) by extensions ['colcon_pkg']
[0.293s] Level 1:colcon.colcon_core.package_identification:_identify(src/bumperbot_msgs) by extension 'colcon_pkg'
[0.293s] Level 1:colcon.colcon_core.package_identification:_identify(src/bumperbot_msgs) by extensions ['colcon_meta']
[0.293s] Level 1:colcon.colcon_core.package_identification:_identify(src/bumperbot_msgs) by extension 'colcon_meta'
[0.293s] Level 1:colcon.colcon_core.package_identification:_identify(src/bumperbot_msgs) by extensions ['ros']
[0.293s] Level 1:colcon.colcon_core.package_identification:_identify(src/bumperbot_msgs) by extension 'ros'
[0.293s] DEBUG:colcon.colcon_core.package_identification:Package 'src/bumperbot_msgs' with type 'ros.ament_cmake' and name 'bumperbot_msgs'
[0.293s] Level 1:colcon.colcon_core.package_identification:_identify(src/bumperbot_py_examples) by extensions ['ignore', 'ignore_ament_install']
[0.293s] Level 1:colcon.colcon_core.package_identification:_identify(src/bumperbot_py_examples) by extension 'ignore'
[0.293s] Level 1:colcon.colcon_core.package_identification:_identify(src/bumperbot_py_examples) by extension 'ignore_ament_install'
[0.293s] Level 1:colcon.colcon_core.package_identification:_identify(src/bumperbot_py_examples) by extensions ['colcon_pkg']
[0.293s] Level 1:colcon.colcon_core.package_identification:_identify(src/bumperbot_py_examples) by extension 'colcon_pkg'
[0.293s] Level 1:colcon.colcon_core.package_identification:_identify(src/bumperbot_py_examples) by extensions ['colcon_meta']
[0.293s] Level 1:colcon.colcon_core.package_identification:_identify(src/bumperbot_py_examples) by extension 'colcon_meta'
[0.293s] Level 1:colcon.colcon_core.package_identification:_identify(src/bumperbot_py_examples) by extensions ['ros']
[0.293s] Level 1:colcon.colcon_core.package_identification:_identify(src/bumperbot_py_examples) by extension 'ros'
[0.294s] DEBUG:colcon.colcon_core.package_identification:Package 'src/bumperbot_py_examples' with type 'ros.ament_python' and name 'bumperbot_py_examples'
[0.294s] Level 1:colcon.colcon_core.package_discovery:discover_packages(recursive) using defaults
[0.294s] Level 1:colcon.colcon_core.package_discovery:discover_packages(ignore) discover
[0.294s] Level 1:colcon.colcon_core.package_discovery:discover_packages(ignore) using defaults
[0.294s] Level 1:colcon.colcon_core.package_discovery:discover_packages(path) discover
[0.294s] Level 1:colcon.colcon_core.package_discovery:discover_packages(path) using defaults
[0.315s] Level 1:colcon.colcon_core.package_discovery:discover_packages(prefix_path) check parameters
[0.315s] Level 1:colcon.colcon_core.package_discovery:discover_packages(prefix_path) discover
[0.317s] DEBUG:colcon.colcon_installed_package_information.package_discovery:Found 313 installed packages in /opt/ros/humble
[0.318s] Level 1:colcon.colcon_core.package_discovery:discover_packages(prefix_path) using defaults
[0.341s] Level 5:colcon.colcon_core.verb:set package 'bumperbot_controller' build argument 'cmake_args' from command line to 'None'
[0.341s] Level 5:colcon.colcon_core.verb:set package 'bumperbot_controller' build argument 'cmake_target' from command line to 'None'
[0.341s] Level 5:colcon.colcon_core.verb:set package 'bumperbot_controller' build argument 'cmake_target_skip_unavailable' from command line to 'False'
[0.341s] Level 5:colcon.colcon_core.verb:set package 'bumperbot_controller' build argument 'cmake_clean_cache' from command line to 'False'
[0.341s] Level 5:colcon.colcon_core.verb:set package 'bumperbot_controller' build argument 'cmake_clean_first' from command line to 'False'
[0.341s] Level 5:colcon.colcon_core.verb:set package 'bumperbot_controller' build argument 'cmake_force_configure' from command line to 'False'
[0.341s] Level 5:colcon.colcon_core.verb:set package 'bumperbot_controller' build argument 'ament_cmake_args' from command line to 'None'
[0.341s] Level 5:colcon.colcon_core.verb:set package 'bumperbot_controller' build argument 'catkin_cmake_args' from command line to 'None'
[0.341s] Level 5:colcon.colcon_core.verb:set package 'bumperbot_controller' build argument 'catkin_skip_building_tests' from command line to 'False'
[0.341s] DEBUG:colcon.colcon_core.verb:Building package 'bumperbot_controller' with the following arguments: {'ament_cmake_args': None, 'build_base': '/home/ubuntu/BumperBot_V1/build/bumperbot_controller', 'catkin_cmake_args': None, 'catkin_skip_building_tests': False, 'cmake_args': None, 'cmake_clean_cache': False, 'cmake_clean_first': False, 'cmake_force_configure': False, 'cmake_target': None, 'cmake_target_skip_unavailable': False, 'install_base': '/home/ubuntu/BumperBot_V1/install/bumperbot_controller', 'merge_install': False, 'path': '/home/ubuntu/BumperBot_V1/src/bumperbot_controller', 'symlink_install': False, 'test_result_base': None}
[0.341s] Level 5:colcon.colcon_core.verb:set package 'bumperbot_description' build argument 'cmake_args' from command line to 'None'
[0.341s] Level 5:colcon.colcon_core.verb:set package 'bumperbot_description' build argument 'cmake_target' from command line to 'None'
[0.341s] Level 5:colcon.colcon_core.verb:set package 'bumperbot_description' build argument 'cmake_target_skip_unavailable' from command line to 'False'
[0.341s] Level 5:colcon.colcon_core.verb:set package 'bumperbot_description' build argument 'cmake_clean_cache' from command line to 'False'
[0.341s] Level 5:colcon.colcon_core.verb:set package 'bumperbot_description' build argument 'cmake_clean_first' from command line to 'False'
[0.341s] Level 5:colcon.colcon_core.verb:set package 'bumperbot_description' build argument 'cmake_force_configure' from command line to 'False'
[0.341s] Level 5:colcon.colcon_core.verb:set package 'bumperbot_description' build argument 'ament_cmake_args' from command line to 'None'
[0.341s] Level 5:colcon.colcon_core.verb:set package 'bumperbot_description' build argument 'catkin_cmake_args' from command line to 'None'
[0.341s] Level 5:colcon.colcon_core.verb:set package 'bumperbot_description' build argument 'catkin_skip_building_tests' from command line to 'False'
[0.341s] DEBUG:colcon.colcon_core.verb:Building package 'bumperbot_description' with the following arguments: {'ament_cmake_args': None, 'build_base': '/home/ubuntu/BumperBot_V1/build/bumperbot_description', 'catkin_cmake_args': None, 'catkin_skip_building_tests': False, 'cmake_args': None, 'cmake_clean_cache': False, 'cmake_clean_first': False, 'cmake_force_configure': False, 'cmake_target': None, 'cmake_target_skip_unavailable': False, 'install_base': '/home/ubuntu/BumperBot_V1/install/bumperbot_description', 'merge_install': False, 'path': '/home/ubuntu/BumperBot_V1/src/bumperbot_description', 'symlink_install': False, 'test_result_base': None}
[0.341s] Level 5:colcon.colcon_core.verb:set package 'bumperbot_firmware' build argument 'cmake_args' from command line to 'None'
[0.341s] Level 5:colcon.colcon_core.verb:set package 'bumperbot_firmware' build argument 'cmake_target' from command line to 'None'
[0.341s] Level 5:colcon.colcon_core.verb:set package 'bumperbot_firmware' build argument 'cmake_target_skip_unavailable' from command line to 'False'
[0.341s] Level 5:colcon.colcon_core.verb:set package 'bumperbot_firmware' build argument 'cmake_clean_cache' from command line to 'False'
[0.341s] Level 5:colcon.colcon_core.verb:set package 'bumperbot_firmware' build argument 'cmake_clean_first' from command line to 'False'
[0.341s] Level 5:colcon.colcon_core.verb:set package 'bumperbot_firmware' build argument 'cmake_force_configure' from command line to 'False'
[0.341s] Level 5:colcon.colcon_core.verb:set package 'bumperbot_firmware' build argument 'ament_cmake_args' from command line to 'None'
[0.341s] Level 5:colcon.colcon_core.verb:set package 'bumperbot_firmware' build argument 'catkin_cmake_args' from command line to 'None'
[0.341s] Level 5:colcon.colcon_core.verb:set package 'bumperbot_firmware' build argument 'catkin_skip_building_tests' from command line to 'False'
[0.341s] DEBUG:colcon.colcon_core.verb:Building package 'bumperbot_firmware' with the following arguments: {'ament_cmake_args': None, 'build_base': '/home/ubuntu/BumperBot_V1/build/bumperbot_firmware', 'catkin_cmake_args': None, 'catkin_skip_building_tests': False, 'cmake_args': None, 'cmake_clean_cache': False, 'cmake_clean_first': False, 'cmake_force_configure': False, 'cmake_target': None, 'cmake_target_skip_unavailable': False, 'install_base': '/home/ubuntu/BumperBot_V1/install/bumperbot_firmware', 'merge_install': False, 'path': '/home/ubuntu/BumperBot_V1/src/bumperbot_firmware', 'symlink_install': False, 'test_result_base': None}
[0.342s] Level 5:colcon.colcon_core.verb:set package 'bumperbot_localization' build argument 'cmake_args' from command line to 'None'
[0.342s] Level 5:colcon.colcon_core.verb:set package 'bumperbot_localization' build argument 'cmake_target' from command line to 'None'
[0.342s] Level 5:colcon.colcon_core.verb:set package 'bumperbot_localization' build argument 'cmake_target_skip_unavailable' from command line to 'False'
[0.342s] Level 5:colcon.colcon_core.verb:set package 'bumperbot_localization' build argument 'cmake_clean_cache' from command line to 'False'
[0.342s] Level 5:colcon.colcon_core.verb:set package 'bumperbot_localization' build argument 'cmake_clean_first' from command line to 'False'
[0.342s] Level 5:colcon.colcon_core.verb:set package 'bumperbot_localization' build argument 'cmake_force_configure' from command line to 'False'
[0.342s] Level 5:colcon.colcon_core.verb:set package 'bumperbot_localization' build argument 'ament_cmake_args' from command line to 'None'
[0.342s] Level 5:colcon.colcon_core.verb:set package 'bumperbot_localization' build argument 'catkin_cmake_args' from command line to 'None'
[0.342s] Level 5:colcon.colcon_core.verb:set package 'bumperbot_localization' build argument 'catkin_skip_building_tests' from command line to 'False'
[0.342s] DEBUG:colcon.colcon_core.verb:Building package 'bumperbot_localization' with the following arguments: {'ament_cmake_args': None, 'build_base': '/home/ubuntu/BumperBot_V1/build/bumperbot_localization', 'catkin_cmake_args': None, 'catkin_skip_building_tests': False, 'cmake_args': None, 'cmake_clean_cache': False, 'cmake_clean_first': False, 'cmake_force_configure': False, 'cmake_target': None, 'cmake_target_skip_unavailable': False, 'install_base': '/home/ubuntu/BumperBot_V1/install/bumperbot_localization', 'merge_install': False, 'path': '/home/ubuntu/BumperBot_V1/src/bumperbot_localization', 'symlink_install': False, 'test_result_base': None}
[0.342s] Level 5:colcon.colcon_core.verb:set package 'bumperbot_msgs' build argument 'cmake_args' from command line to 'None'
[0.342s] Level 5:colcon.colcon_core.verb:set package 'bumperbot_msgs' build argument 'cmake_target' from command line to 'None'
[0.342s] Level 5:colcon.colcon_core.verb:set package 'bumperbot_msgs' build argument 'cmake_target_skip_unavailable' from command line to 'False'
[0.342s] Level 5:colcon.colcon_core.verb:set package 'bumperbot_msgs' build argument 'cmake_clean_cache' from command line to 'False'
[0.342s] Level 5:colcon.colcon_core.verb:set package 'bumperbot_msgs' build argument 'cmake_clean_first' from command line to 'False'
[0.342s] Level 5:colcon.colcon_core.verb:set package 'bumperbot_msgs' build argument 'cmake_force_configure' from command line to 'False'
[0.342s] Level 5:colcon.colcon_core.verb:set package 'bumperbot_msgs' build argument 'ament_cmake_args' from command line to 'None'
[0.342s] Level 5:colcon.colcon_core.verb:set package 'bumperbot_msgs' build argument 'catkin_cmake_args' from command line to 'None'
[0.342s] Level 5:colcon.colcon_core.verb:set package 'bumperbot_msgs' build argument 'catkin_skip_building_tests' from command line to 'False'
[0.342s] DEBUG:colcon.colcon_core.verb:Building package 'bumperbot_msgs' with the following arguments: {'ament_cmake_args': None, 'build_base': '/home/ubuntu/BumperBot_V1/build/bumperbot_msgs', 'catkin_cmake_args': None, 'catkin_skip_building_tests': False, 'cmake_args': None, 'cmake_clean_cache': False, 'cmake_clean_first': False, 'cmake_force_configure': False, 'cmake_target': None, 'cmake_target_skip_unavailable': False, 'install_base': '/home/ubuntu/BumperBot_V1/install/bumperbot_msgs', 'merge_install': False, 'path': '/home/ubuntu/BumperBot_V1/src/bumperbot_msgs', 'symlink_install': False, 'test_result_base': None}
[0.342s] Level 5:colcon.colcon_core.verb:set package 'bumperbot_cpp_examples' build argument 'cmake_args' from command line to 'None'
[0.342s] Level 5:colcon.colcon_core.verb:set package 'bumperbot_cpp_examples' build argument 'cmake_target' from command line to 'None'
[0.342s] Level 5:colcon.colcon_core.verb:set package 'bumperbot_cpp_examples' build argument 'cmake_target_skip_unavailable' from command line to 'False'
[0.342s] Level 5:colcon.colcon_core.verb:set package 'bumperbot_cpp_examples' build argument 'cmake_clean_cache' from command line to 'False'
[0.342s] Level 5:colcon.colcon_core.verb:set package 'bumperbot_cpp_examples' build argument 'cmake_clean_first' from command line to 'False'
[0.342s] Level 5:colcon.colcon_core.verb:set package 'bumperbot_cpp_examples' build argument 'cmake_force_configure' from command line to 'False'
[0.342s] Level 5:colcon.colcon_core.verb:set package 'bumperbot_cpp_examples' build argument 'ament_cmake_args' from command line to 'None'
[0.342s] Level 5:colcon.colcon_core.verb:set package 'bumperbot_cpp_examples' build argument 'catkin_cmake_args' from command line to 'None'
[0.342s] Level 5:colcon.colcon_core.verb:set package 'bumperbot_cpp_examples' build argument 'catkin_skip_building_tests' from command line to 'False'
[0.342s] DEBUG:colcon.colcon_core.verb:Building package 'bumperbot_cpp_examples' with the following arguments: {'ament_cmake_args': None, 'build_base': '/home/ubuntu/BumperBot_V1/build/bumperbot_cpp_examples', 'catkin_cmake_args': None, 'catkin_skip_building_tests': False, 'cmake_args': None, 'cmake_clean_cache': False, 'cmake_clean_first': False, 'cmake_force_configure': False, 'cmake_target': None, 'cmake_target_skip_unavailable': False, 'install_base': '/home/ubuntu/BumperBot_V1/install/bumperbot_cpp_examples', 'merge_install': False, 'path': '/home/ubuntu/BumperBot_V1/src/bumperbot_cpp_examples', 'symlink_install': False, 'test_result_base': None}
[0.342s] Level 5:colcon.colcon_core.verb:set package 'bumperbot_py_examples' build argument 'cmake_args' from command line to 'None'
[0.342s] Level 5:colcon.colcon_core.verb:set package 'bumperbot_py_examples' build argument 'cmake_target' from command line to 'None'
[0.342s] Level 5:colcon.colcon_core.verb:set package 'bumperbot_py_examples' build argument 'cmake_target_skip_unavailable' from command line to 'False'
[0.342s] Level 5:colcon.colcon_core.verb:set package 'bumperbot_py_examples' build argument 'cmake_clean_cache' from command line to 'False'
[0.342s] Level 5:colcon.colcon_core.verb:set package 'bumperbot_py_examples' build argument 'cmake_clean_first' from command line to 'False'
[0.342s] Level 5:colcon.colcon_core.verb:set package 'bumperbot_py_examples' build argument 'cmake_force_configure' from command line to 'False'
[0.342s] Level 5:colcon.colcon_core.verb:set package 'bumperbot_py_examples' build argument 'ament_cmake_args' from command line to 'None'
[0.342s] Level 5:colcon.colcon_core.verb:set package 'bumperbot_py_examples' build argument 'catkin_cmake_args' from command line to 'None'
[0.342s] Level 5:colcon.colcon_core.verb:set package 'bumperbot_py_examples' build argument 'catkin_skip_building_tests' from command line to 'False'
[0.342s] DEBUG:colcon.colcon_core.verb:Building package 'bumperbot_py_examples' with the following arguments: {'ament_cmake_args': None, 'build_base': '/home/ubuntu/BumperBot_V1/build/bumperbot_py_examples', 'catkin_cmake_args': None, 'catkin_skip_building_tests': False, 'cmake_args': None, 'cmake_clean_cache': False, 'cmake_clean_first': False, 'cmake_force_configure': False, 'cmake_target': None, 'cmake_target_skip_unavailable': False, 'install_base': '/home/ubuntu/BumperBot_V1/install/bumperbot_py_examples', 'merge_install': False, 'path': '/home/ubuntu/BumperBot_V1/src/bumperbot_py_examples', 'symlink_install': False, 'test_result_base': None}
[0.342s] INFO:colcon.colcon_core.executor:Executing jobs using 'parallel' executor
[0.343s] DEBUG:colcon.colcon_parallel_executor.executor.parallel:run_until_complete
[0.343s] INFO:colcon.colcon_ros.task.ament_cmake.build:Building ROS package in '/home/ubuntu/BumperBot_V1/src/bumperbot_msgs' with build type 'ament_cmake'
[0.343s] INFO:colcon.colcon_cmake.task.cmake.build:Building CMake package in '/home/ubuntu/BumperBot_V1/src/bumperbot_msgs'
[0.346s] INFO:colcon.colcon_core.plugin_system:Skipping extension 'colcon_core.shell.bat': Not used on non-Windows systems
[0.346s] INFO:colcon.colcon_core.shell:Skip shell extension 'powershell' for command environment: Not usable outside of PowerShell
[0.346s] DEBUG:colcon.colcon_core.shell:Skip shell extension 'dsv' for command environment
[0.347s] INFO:colcon.colcon_ros.task.ament_cmake.build:Building ROS package in '/home/ubuntu/BumperBot_V1/src/bumperbot_controller' with build type 'ament_cmake'
[0.347s] INFO:colcon.colcon_cmake.task.cmake.build:Building CMake package in '/home/ubuntu/BumperBot_V1/src/bumperbot_controller'
[0.348s] INFO:colcon.colcon_core.shell:Skip shell extension 'powershell' for command environment: Not usable outside of PowerShell
[0.349s] DEBUG:colcon.colcon_core.shell:Skip shell extension 'dsv' for command environment
[0.355s] INFO:colcon.colcon_ros.task.ament_cmake.build:Building ROS package in '/home/ubuntu/BumperBot_V1/src/bumperbot_description' with build type 'ament_cmake'
[0.355s] INFO:colcon.colcon_cmake.task.cmake.build:Building CMake package in '/home/ubuntu/BumperBot_V1/src/bumperbot_description'
[0.355s] INFO:colcon.colcon_core.shell:Skip shell extension 'powershell' for command environment: Not usable outside of PowerShell
[0.355s] DEBUG:colcon.colcon_core.shell:Skip shell extension 'dsv' for command environment
[0.356s] INFO:colcon.colcon_ros.task.ament_cmake.build:Building ROS package in '/home/ubuntu/BumperBot_V1/src/bumperbot_firmware' with build type 'ament_cmake'
[0.356s] INFO:colcon.colcon_cmake.task.cmake.build:Building CMake package in '/home/ubuntu/BumperBot_V1/src/bumperbot_firmware'
[0.356s] INFO:colcon.colcon_core.shell:Skip shell extension 'powershell' for command environment: Not usable outside of PowerShell
[0.356s] DEBUG:colcon.colcon_core.shell:Skip shell extension 'dsv' for command environment
[0.358s] INFO:colcon.colcon_ros.task.ament_cmake.build:Building ROS package in '/home/ubuntu/BumperBot_V1/src/bumperbot_localization' with build type 'ament_cmake'
[0.358s] INFO:colcon.colcon_cmake.task.cmake.build:Building CMake package in '/home/ubuntu/BumperBot_V1/src/bumperbot_localization'
[0.358s] INFO:colcon.colcon_core.shell:Skip shell extension 'powershell' for command environment: Not usable outside of PowerShell
[0.358s] DEBUG:colcon.colcon_core.shell:Skip shell extension 'dsv' for command environment
[0.364s] DEBUG:colcon.colcon_core.event_handler.log_command:Invoking command in '/home/ubuntu/BumperBot_V1/build/bumperbot_msgs': CMAKE_PREFIX_PATH=/opt/ros/humble /usr/bin/cmake --build /home/ubuntu/BumperBot_V1/build/bumperbot_msgs -- -j8 -l8
[0.367s] DEBUG:colcon.colcon_core.event_handler.log_command:Invoking command in '/home/ubuntu/BumperBot_V1/build/bumperbot_controller': CMAKE_PREFIX_PATH=/opt/ros/humble /usr/bin/cmake --build /home/ubuntu/BumperBot_V1/build/bumperbot_controller -- -j8 -l8
[0.368s] DEBUG:colcon.colcon_core.event_handler.log_command:Invoking command in '/home/ubuntu/BumperBot_V1/build/bumperbot_description': CMAKE_PREFIX_PATH=/opt/ros/humble /usr/bin/cmake --build /home/ubuntu/BumperBot_V1/build/bumperbot_description -- -j8 -l8
[0.370s] DEBUG:colcon.colcon_core.event_handler.log_command:Invoking command in '/home/ubuntu/BumperBot_V1/build/bumperbot_firmware': CMAKE_PREFIX_PATH=/opt/ros/humble /usr/bin/cmake --build /home/ubuntu/BumperBot_V1/build/bumperbot_firmware -- -j8 -l8
[0.373s] DEBUG:colcon.colcon_core.event_handler.log_command:Invoking command in '/home/ubuntu/BumperBot_V1/build/bumperbot_localization': CMAKE_PREFIX_PATH=/opt/ros/humble /usr/bin/cmake --build /home/ubuntu/BumperBot_V1/build/bumperbot_localization -- -j8 -l8
[0.395s] DEBUG:colcon.colcon_core.event_handler.log_command:Invoked command in '/home/ubuntu/BumperBot_V1/build/bumperbot_description' returned '0': CMAKE_PREFIX_PATH=/opt/ros/humble /usr/bin/cmake --build /home/ubuntu/BumperBot_V1/build/bumperbot_description -- -j8 -l8
[0.400s] DEBUG:colcon.colcon_core.event_handler.log_command:Invoking command in '/home/ubuntu/BumperBot_V1/build/bumperbot_description': CMAKE_PREFIX_PATH=/opt/ros/humble /usr/bin/cmake --install /home/ubuntu/BumperBot_V1/build/bumperbot_description
[0.409s] Level 1:colcon.colcon_core.environment:create_environment_scripts_only(bumperbot_description)
[0.410s] DEBUG:colcon.colcon_core.event_handler.log_command:Invoked command in '/home/ubuntu/BumperBot_V1/build/bumperbot_description' returned '0': CMAKE_PREFIX_PATH=/opt/ros/humble /usr/bin/cmake --install /home/ubuntu/BumperBot_V1/build/bumperbot_description
[0.413s] Level 1:colcon.colcon_core.environment:checking '/home/ubuntu/BumperBot_V1/install/bumperbot_description' for CMake module files
[0.414s] Level 1:colcon.colcon_core.environment:checking '/home/ubuntu/BumperBot_V1/install/bumperbot_description' for CMake config files
[0.415s] Level 1:colcon.colcon_core.shell:create_environment_hook('bumperbot_description', 'cmake_prefix_path')
[0.416s] INFO:colcon.colcon_core.shell:Creating environment hook '/home/ubuntu/BumperBot_V1/install/bumperbot_description/share/bumperbot_description/hook/cmake_prefix_path.ps1'
[0.418s] INFO:colcon.colcon_core.shell:Creating environment descriptor '/home/ubuntu/BumperBot_V1/install/bumperbot_description/share/bumperbot_description/hook/cmake_prefix_path.dsv'
[0.419s] INFO:colcon.colcon_core.shell:Creating environment hook '/home/ubuntu/BumperBot_V1/install/bumperbot_description/share/bumperbot_description/hook/cmake_prefix_path.sh'
[0.421s] Level 1:colcon.colcon_core.environment:checking '/home/ubuntu/BumperBot_V1/install/bumperbot_description/bin'
[0.422s] Level 1:colcon.colcon_core.environment:checking '/home/ubuntu/BumperBot_V1/install/bumperbot_description/lib/pkgconfig/bumperbot_description.pc'
[0.422s] Level 1:colcon.colcon_core.environment:checking '/home/ubuntu/BumperBot_V1/install/bumperbot_description/lib/python3.10/site-packages'
[0.423s] Level 1:colcon.colcon_core.environment:checking '/home/ubuntu/BumperBot_V1/install/bumperbot_description/bin'
[0.423s] INFO:colcon.colcon_core.shell:Creating package script '/home/ubuntu/BumperBot_V1/install/bumperbot_description/share/bumperbot_description/package.ps1'
[0.426s] INFO:colcon.colcon_core.shell:Creating package descriptor '/home/ubuntu/BumperBot_V1/install/bumperbot_description/share/bumperbot_description/package.dsv'
[0.427s] INFO:colcon.colcon_core.shell:Creating package script '/home/ubuntu/BumperBot_V1/install/bumperbot_description/share/bumperbot_description/package.sh'
[0.428s] INFO:colcon.colcon_core.shell:Creating package script '/home/ubuntu/BumperBot_V1/install/bumperbot_description/share/bumperbot_description/package.bash'
[0.430s] INFO:colcon.colcon_core.shell:Creating package script '/home/ubuntu/BumperBot_V1/install/bumperbot_description/share/bumperbot_description/package.zsh'
[0.432s] Level 1:colcon.colcon_core.environment:create_file_with_runtime_dependencies(/home/ubuntu/BumperBot_V1/install/bumperbot_description/share/colcon-core/packages/bumperbot_description)
[0.434s] Level 1:colcon.colcon_core.environment:create_environment_scripts_only(bumperbot_description)
[0.434s] Level 1:colcon.colcon_core.environment:checking '/home/ubuntu/BumperBot_V1/install/bumperbot_description' for CMake module files
[0.435s] Level 1:colcon.colcon_core.environment:checking '/home/ubuntu/BumperBot_V1/install/bumperbot_description' for CMake config files
[0.435s] Level 1:colcon.colcon_core.shell:create_environment_hook('bumperbot_description', 'cmake_prefix_path')
[0.435s] INFO:colcon.colcon_core.shell:Creating environment hook '/home/ubuntu/BumperBot_V1/install/bumperbot_description/share/bumperbot_description/hook/cmake_prefix_path.ps1'
[0.436s] INFO:colcon.colcon_core.shell:Creating environment descriptor '/home/ubuntu/BumperBot_V1/install/bumperbot_description/share/bumperbot_description/hook/cmake_prefix_path.dsv'
[0.437s] INFO:colcon.colcon_core.shell:Creating environment hook '/home/ubuntu/BumperBot_V1/install/bumperbot_description/share/bumperbot_description/hook/cmake_prefix_path.sh'
[0.438s] Level 1:colcon.colcon_core.environment:checking '/home/ubuntu/BumperBot_V1/install/bumperbot_description/bin'
[0.439s] Level 1:colcon.colcon_core.environment:checking '/home/ubuntu/BumperBot_V1/install/bumperbot_description/lib/pkgconfig/bumperbot_description.pc'
[0.439s] Level 1:colcon.colcon_core.environment:checking '/home/ubuntu/BumperBot_V1/install/bumperbot_description/lib/python3.10/site-packages'
[0.440s] Level 1:colcon.colcon_core.environment:checking '/home/ubuntu/BumperBot_V1/install/bumperbot_description/bin'
[0.440s] INFO:colcon.colcon_core.shell:Creating package script '/home/ubuntu/BumperBot_V1/install/bumperbot_description/share/bumperbot_description/package.ps1'
[0.442s] INFO:colcon.colcon_core.shell:Creating package descriptor '/home/ubuntu/BumperBot_V1/install/bumperbot_description/share/bumperbot_description/package.dsv'
[0.443s] INFO:colcon.colcon_core.shell:Creating package script '/home/ubuntu/BumperBot_V1/install/bumperbot_description/share/bumperbot_description/package.sh'
[0.443s] INFO:colcon.colcon_core.shell:Creating package script '/home/ubuntu/BumperBot_V1/install/bumperbot_description/share/bumperbot_description/package.bash'
[0.444s] INFO:colcon.colcon_core.shell:Creating package script '/home/ubuntu/BumperBot_V1/install/bumperbot_description/share/bumperbot_description/package.zsh'
[0.444s] Level 1:colcon.colcon_core.environment:create_file_with_runtime_dependencies(/home/ubuntu/BumperBot_V1/install/bumperbot_description/share/colcon-core/packages/bumperbot_description)
[3.086s] DEBUG:colcon.colcon_core.event_handler.log_command:Invoked command in '/home/ubuntu/BumperBot_V1/build/bumperbot_msgs' returned '0': CMAKE_PREFIX_PATH=/opt/ros/humble /usr/bin/cmake --build /home/ubuntu/BumperBot_V1/build/bumperbot_msgs -- -j8 -l8
[3.088s] DEBUG:colcon.colcon_core.event_handler.log_command:Invoking command in '/home/ubuntu/BumperBot_V1/build/bumperbot_msgs': CMAKE_PREFIX_PATH=/opt/ros/humble /usr/bin/cmake --install /home/ubuntu/BumperBot_V1/build/bumperbot_msgs
[3.179s] Level 1:colcon.colcon_core.environment:create_environment_scripts_only(bumperbot_msgs)
[3.180s] Level 1:colcon.colcon_core.environment:checking '/home/ubuntu/BumperBot_V1/install/bumperbot_msgs' for CMake module files
[3.180s] Level 1:colcon.colcon_core.environment:checking '/home/ubuntu/BumperBot_V1/install/bumperbot_msgs' for CMake config files
[3.181s] Level 1:colcon.colcon_core.shell:create_environment_hook('bumperbot_msgs', 'cmake_prefix_path')
[3.182s] INFO:colcon.colcon_core.shell:Creating environment hook '/home/ubuntu/BumperBot_V1/install/bumperbot_msgs/share/bumperbot_msgs/hook/cmake_prefix_path.ps1'
[3.183s] INFO:colcon.colcon_core.shell:Creating environment descriptor '/home/ubuntu/BumperBot_V1/install/bumperbot_msgs/share/bumperbot_msgs/hook/cmake_prefix_path.dsv'
[3.183s] INFO:colcon.colcon_core.shell:Creating environment hook '/home/ubuntu/BumperBot_V1/install/bumperbot_msgs/share/bumperbot_msgs/hook/cmake_prefix_path.sh'
[3.183s] Level 1:colcon.colcon_core.environment:checking '/home/ubuntu/BumperBot_V1/install/bumperbot_msgs/lib'
[3.184s] Level 1:colcon.colcon_core.shell:create_environment_hook('bumperbot_msgs', 'ld_library_path_lib')
[3.184s] INFO:colcon.colcon_core.shell:Creating environment hook '/home/ubuntu/BumperBot_V1/install/bumperbot_msgs/share/bumperbot_msgs/hook/ld_library_path_lib.ps1'
[3.185s] INFO:colcon.colcon_core.shell:Creating environment descriptor '/home/ubuntu/BumperBot_V1/install/bumperbot_msgs/share/bumperbot_msgs/hook/ld_library_path_lib.dsv'
[3.185s] INFO:colcon.colcon_core.shell:Creating environment hook '/home/ubuntu/BumperBot_V1/install/bumperbot_msgs/share/bumperbot_msgs/hook/ld_library_path_lib.sh'
[3.185s] Level 1:colcon.colcon_core.environment:checking '/home/ubuntu/BumperBot_V1/install/bumperbot_msgs/bin'
[3.185s] Level 1:colcon.colcon_core.environment:checking '/home/ubuntu/BumperBot_V1/install/bumperbot_msgs/lib/pkgconfig/bumperbot_msgs.pc'
[3.186s] Level 1:colcon.colcon_core.environment:checking '/home/ubuntu/BumperBot_V1/install/bumperbot_msgs/lib/python3.10/site-packages'
[3.186s] Level 1:colcon.colcon_core.environment:checking '/home/ubuntu/BumperBot_V1/install/bumperbot_msgs/bin'
[3.187s] INFO:colcon.colcon_core.shell:Creating package script '/home/ubuntu/BumperBot_V1/install/bumperbot_msgs/share/bumperbot_msgs/package.ps1'
[3.187s] INFO:colcon.colcon_core.shell:Creating package descriptor '/home/ubuntu/BumperBot_V1/install/bumperbot_msgs/share/bumperbot_msgs/package.dsv'
[3.188s] INFO:colcon.colcon_core.shell:Creating package script '/home/ubuntu/BumperBot_V1/install/bumperbot_msgs/share/bumperbot_msgs/package.sh'
[3.188s] INFO:colcon.colcon_core.shell:Creating package script '/home/ubuntu/BumperBot_V1/install/bumperbot_msgs/share/bumperbot_msgs/package.bash'
[3.189s] INFO:colcon.colcon_core.shell:Creating package script '/home/ubuntu/BumperBot_V1/install/bumperbot_msgs/share/bumperbot_msgs/package.zsh'
[3.189s] Level 1:colcon.colcon_core.environment:create_file_with_runtime_dependencies(/home/ubuntu/BumperBot_V1/install/bumperbot_msgs/share/colcon-core/packages/bumperbot_msgs)
[3.190s] Level 1:colcon.colcon_core.environment:create_environment_scripts_only(bumperbot_msgs)
[3.190s] Level 1:colcon.colcon_core.environment:checking '/home/ubuntu/BumperBot_V1/install/bumperbot_msgs' for CMake module files
[3.191s] Level 1:colcon.colcon_core.environment:checking '/home/ubuntu/BumperBot_V1/install/bumperbot_msgs' for CMake config files
[3.192s] Level 1:colcon.colcon_core.shell:create_environment_hook('bumperbot_msgs', 'cmake_prefix_path')
[3.194s] DEBUG:colcon.colcon_core.event_handler.log_command:Invoked command in '/home/ubuntu/BumperBot_V1/build/bumperbot_msgs' returned '0': CMAKE_PREFIX_PATH=/opt/ros/humble /usr/bin/cmake --install /home/ubuntu/BumperBot_V1/build/bumperbot_msgs
[3.195s] INFO:colcon.colcon_core.shell:Creating environment hook '/home/ubuntu/BumperBot_V1/install/bumperbot_msgs/share/bumperbot_msgs/hook/cmake_prefix_path.ps1'
[3.196s] INFO:colcon.colcon_core.shell:Creating environment descriptor '/home/ubuntu/BumperBot_V1/install/bumperbot_msgs/share/bumperbot_msgs/hook/cmake_prefix_path.dsv'
[3.196s] INFO:colcon.colcon_core.shell:Creating environment hook '/home/ubuntu/BumperBot_V1/install/bumperbot_msgs/share/bumperbot_msgs/hook/cmake_prefix_path.sh'
[3.197s] Level 1:colcon.colcon_core.environment:checking '/home/ubuntu/BumperBot_V1/install/bumperbot_msgs/lib'
[3.197s] Level 1:colcon.colcon_core.shell:create_environment_hook('bumperbot_msgs', 'ld_library_path_lib')
[3.198s] INFO:colcon.colcon_core.shell:Creating environment hook '/home/ubuntu/BumperBot_V1/install/bumperbot_msgs/share/bumperbot_msgs/hook/ld_library_path_lib.ps1'
[3.198s] INFO:colcon.colcon_core.shell:Creating environment descriptor '/home/ubuntu/BumperBot_V1/install/bumperbot_msgs/share/bumperbot_msgs/hook/ld_library_path_lib.dsv'
[3.199s] INFO:colcon.colcon_core.shell:Creating environment hook '/home/ubuntu/BumperBot_V1/install/bumperbot_msgs/share/bumperbot_msgs/hook/ld_library_path_lib.sh'
[3.200s] Level 1:colcon.colcon_core.environment:checking '/home/ubuntu/BumperBot_V1/install/bumperbot_msgs/bin'
[3.200s] Level 1:colcon.colcon_core.environment:checking '/home/ubuntu/BumperBot_V1/install/bumperbot_msgs/lib/pkgconfig/bumperbot_msgs.pc'
[3.200s] Level 1:colcon.colcon_core.environment:checking '/home/ubuntu/BumperBot_V1/install/bumperbot_msgs/lib/python3.10/site-packages'
[3.200s] Level 1:colcon.colcon_core.environment:checking '/home/ubuntu/BumperBot_V1/install/bumperbot_msgs/bin'
[3.201s] INFO:colcon.colcon_core.shell:Creating package script '/home/ubuntu/BumperBot_V1/install/bumperbot_msgs/share/bumperbot_msgs/package.ps1'
[3.202s] INFO:colcon.colcon_core.shell:Creating package descriptor '/home/ubuntu/BumperBot_V1/install/bumperbot_msgs/share/bumperbot_msgs/package.dsv'
[3.203s] INFO:colcon.colcon_core.shell:Creating package script '/home/ubuntu/BumperBot_V1/install/bumperbot_msgs/share/bumperbot_msgs/package.sh'
[3.203s] INFO:colcon.colcon_core.shell:Creating package script '/home/ubuntu/BumperBot_V1/install/bumperbot_msgs/share/bumperbot_msgs/package.bash'
[3.204s] INFO:colcon.colcon_core.shell:Creating package script '/home/ubuntu/BumperBot_V1/install/bumperbot_msgs/share/bumperbot_msgs/package.zsh'
[3.204s] Level 1:colcon.colcon_core.environment:create_file_with_runtime_dependencies(/home/ubuntu/BumperBot_V1/install/bumperbot_msgs/share/colcon-core/packages/bumperbot_msgs)
[3.204s] INFO:colcon.colcon_ros.task.ament_cmake.build:Building ROS package in '/home/ubuntu/BumperBot_V1/src/bumperbot_cpp_examples' with build type 'ament_cmake'
[3.205s] INFO:colcon.colcon_cmake.task.cmake.build:Building CMake package in '/home/ubuntu/BumperBot_V1/src/bumperbot_cpp_examples'
[3.205s] INFO:colcon.colcon_core.shell:Skip shell extension 'powershell' for command environment: Not usable outside of PowerShell
[3.206s] DEBUG:colcon.colcon_core.shell:Skip shell extension 'dsv' for command environment
[3.210s] INFO:colcon.colcon_ros.task.ament_python.build:Building ROS package in '/home/ubuntu/BumperBot_V1/src/bumperbot_py_examples' with build type 'ament_python'
[3.211s] Level 1:colcon.colcon_core.shell:create_environment_hook('bumperbot_py_examples', 'ament_prefix_path')
[3.211s] INFO:colcon.colcon_core.shell:Creating environment hook '/home/ubuntu/BumperBot_V1/install/bumperbot_py_examples/share/bumperbot_py_examples/hook/ament_prefix_path.ps1'
[3.213s] INFO:colcon.colcon_core.shell:Creating environment descriptor '/home/ubuntu/BumperBot_V1/install/bumperbot_py_examples/share/bumperbot_py_examples/hook/ament_prefix_path.dsv'
[3.214s] INFO:colcon.colcon_core.shell:Creating environment hook '/home/ubuntu/BumperBot_V1/install/bumperbot_py_examples/share/bumperbot_py_examples/hook/ament_prefix_path.sh'
[3.214s] INFO:colcon.colcon_core.shell:Skip shell extension 'powershell' for command environment: Not usable outside of PowerShell
[3.215s] DEBUG:colcon.colcon_core.shell:Skip shell extension 'dsv' for command environment
[3.601s] INFO:colcon.colcon_core.task.python.build:Building Python package in '/home/ubuntu/BumperBot_V1/src/bumperbot_py_examples'
[3.602s] INFO:colcon.colcon_core.shell:Skip shell extension 'powershell' for command environment: Not usable outside of PowerShell
[3.602s] DEBUG:colcon.colcon_core.shell:Skip shell extension 'dsv' for command environment
[3.608s] DEBUG:colcon.colcon_core.event_handler.log_command:Invoking command in '/home/ubuntu/BumperBot_V1/build/bumperbot_cpp_examples': AMENT_PREFIX_PATH=/home/ubuntu/BumperBot_V1/install/bumperbot_msgs:${AMENT_PREFIX_PATH} CMAKE_PREFIX_PATH=/home/ubuntu/BumperBot_V1/install/bumperbot_msgs:/opt/ros/humble LD_LIBRARY_PATH=/home/ubuntu/BumperBot_V1/install/bumperbot_msgs/lib:${LD_LIBRARY_PATH} PYTHONPATH=/home/ubuntu/BumperBot_V1/install/bumperbot_msgs/local/lib/python3.10/dist-packages:${PYTHONPATH} /usr/bin/cmake /home/ubuntu/BumperBot_V1/src/bumperbot_cpp_examples -DCMAKE_INSTALL_PREFIX=/home/ubuntu/BumperBot_V1/install/bumperbot_cpp_examples
[4.227s] DEBUG:colcon.colcon_core.event_handler.log_command:Invoking command in '/home/ubuntu/BumperBot_V1/src/bumperbot_py_examples': AMENT_PREFIX_PATH=/home/ubuntu/BumperBot_V1/install/bumperbot_msgs:${AMENT_PREFIX_PATH} CMAKE_PREFIX_PATH=/home/ubuntu/BumperBot_V1/install/bumperbot_msgs LD_LIBRARY_PATH=/home/ubuntu/BumperBot_V1/install/bumperbot_msgs/lib:${LD_LIBRARY_PATH} PYTHONPATH=/home/ubuntu/BumperBot_V1/build/bumperbot_py_examples/prefix_override:/usr/lib/python3/dist-packages/colcon_core/task/python/colcon_distutils_commands:/home/ubuntu/BumperBot_V1/install/bumperbot_py_examples/lib/python3.10/site-packages:/home/ubuntu/BumperBot_V1/install/bumperbot_msgs/local/lib/python3.10/dist-packages:${PYTHONPATH} /usr/bin/python3 -W ignore:setup.py install is deprecated -W ignore:easy_install command is deprecated setup.py egg_info --egg-base ../../build/bumperbot_py_examples build --build-base /home/ubuntu/BumperBot_V1/build/bumperbot_py_examples/build install --record /home/ubuntu/BumperBot_V1/build/bumperbot_py_examples/install.log --single-version-externally-managed install_data
[4.661s] Level 1:colcon.colcon_core.environment:checking '/home/ubuntu/BumperBot_V1/install/bumperbot_py_examples' for CMake module files
[4.662s] Level 1:colcon.colcon_core.environment:checking '/home/ubuntu/BumperBot_V1/install/bumperbot_py_examples' for CMake config files
[4.663s] Level 1:colcon.colcon_core.environment:checking '/home/ubuntu/BumperBot_V1/install/bumperbot_py_examples/lib'
[4.663s] Level 1:colcon.colcon_core.environment:checking '/home/ubuntu/BumperBot_V1/install/bumperbot_py_examples/bin'
[4.663s] Level 1:colcon.colcon_core.environment:checking '/home/ubuntu/BumperBot_V1/install/bumperbot_py_examples/lib/pkgconfig/bumperbot_py_examples.pc'
[4.664s] Level 1:colcon.colcon_core.environment:checking '/home/ubuntu/BumperBot_V1/install/bumperbot_py_examples/lib/python3.10/site-packages'
[4.664s] Level 1:colcon.colcon_core.shell:create_environment_hook('bumperbot_py_examples', 'pythonpath')
[4.663s] DEBUG:colcon.colcon_core.event_handler.log_command:Invoked command in '/home/ubuntu/BumperBot_V1/src/bumperbot_py_examples' returned '0': AMENT_PREFIX_PATH=/home/ubuntu/BumperBot_V1/install/bumperbot_msgs:${AMENT_PREFIX_PATH} CMAKE_PREFIX_PATH=/home/ubuntu/BumperBot_V1/install/bumperbot_msgs LD_LIBRARY_PATH=/home/ubuntu/BumperBot_V1/install/bumperbot_msgs/lib:${LD_LIBRARY_PATH} PYTHONPATH=/home/ubuntu/BumperBot_V1/build/bumperbot_py_examples/prefix_override:/usr/lib/python3/dist-packages/colcon_core/task/python/colcon_distutils_commands:/home/ubuntu/BumperBot_V1/install/bumperbot_py_examples/lib/python3.10/site-packages:/home/ubuntu/BumperBot_V1/install/bumperbot_msgs/local/lib/python3.10/dist-packages:${PYTHONPATH} /usr/bin/python3 -W ignore:setup.py install is deprecated -W ignore:easy_install command is deprecated setup.py egg_info --egg-base ../../build/bumperbot_py_examples build --build-base /home/ubuntu/BumperBot_V1/build/bumperbot_py_examples/build install --record /home/ubuntu/BumperBot_V1/build/bumperbot_py_examples/install.log --single-version-externally-managed install_data
[4.665s] INFO:colcon.colcon_core.shell:Creating environment hook '/home/ubuntu/BumperBot_V1/install/bumperbot_py_examples/share/bumperbot_py_examples/hook/pythonpath.ps1'
[4.666s] INFO:colcon.colcon_core.shell:Creating environment descriptor '/home/ubuntu/BumperBot_V1/install/bumperbot_py_examples/share/bumperbot_py_examples/hook/pythonpath.dsv'
[4.667s] INFO:colcon.colcon_core.shell:Creating environment hook '/home/ubuntu/BumperBot_V1/install/bumperbot_py_examples/share/bumperbot_py_examples/hook/pythonpath.sh'
[4.668s] Level 1:colcon.colcon_core.environment:checking '/home/ubuntu/BumperBot_V1/install/bumperbot_py_examples/bin'
[4.668s] Level 1:colcon.colcon_core.environment:create_environment_scripts_only(bumperbot_py_examples)
[4.669s] INFO:colcon.colcon_core.shell:Creating package script '/home/ubuntu/BumperBot_V1/install/bumperbot_py_examples/share/bumperbot_py_examples/package.ps1'
[4.670s] INFO:colcon.colcon_core.shell:Creating package descriptor '/home/ubuntu/BumperBot_V1/install/bumperbot_py_examples/share/bumperbot_py_examples/package.dsv'
[4.671s] INFO:colcon.colcon_core.shell:Creating package script '/home/ubuntu/BumperBot_V1/install/bumperbot_py_examples/share/bumperbot_py_examples/package.sh'
[4.671s] INFO:colcon.colcon_core.shell:Creating package script '/home/ubuntu/BumperBot_V1/install/bumperbot_py_examples/share/bumperbot_py_examples/package.bash'
[4.671s] INFO:colcon.colcon_core.shell:Creating package script '/home/ubuntu/BumperBot_V1/install/bumperbot_py_examples/share/bumperbot_py_examples/package.zsh'
[4.672s] Level 1:colcon.colcon_core.environment:create_file_with_runtime_dependencies(/home/ubuntu/BumperBot_V1/install/bumperbot_py_examples/share/colcon-core/packages/bumperbot_py_examples)
[5.481s] DEBUG:colcon.colcon_core.event_handler.log_command:Invoked command in '/home/ubuntu/BumperBot_V1/build/bumperbot_cpp_examples' returned '0': AMENT_PREFIX_PATH=/home/ubuntu/BumperBot_V1/install/bumperbot_msgs:${AMENT_PREFIX_PATH} CMAKE_PREFIX_PATH=/home/ubuntu/BumperBot_V1/install/bumperbot_msgs:/opt/ros/humble LD_LIBRARY_PATH=/home/ubuntu/BumperBot_V1/install/bumperbot_msgs/lib:${LD_LIBRARY_PATH} PYTHONPATH=/home/ubuntu/BumperBot_V1/install/bumperbot_msgs/local/lib/python3.10/dist-packages:${PYTHONPATH} /usr/bin/cmake /home/ubuntu/BumperBot_V1/src/bumperbot_cpp_examples -DCMAKE_INSTALL_PREFIX=/home/ubuntu/BumperBot_V1/install/bumperbot_cpp_examples
[5.482s] DEBUG:colcon.colcon_core.event_handler.log_command:Invoking command in '/home/ubuntu/BumperBot_V1/build/bumperbot_cpp_examples': AMENT_PREFIX_PATH=/home/ubuntu/BumperBot_V1/install/bumperbot_msgs:${AMENT_PREFIX_PATH} CMAKE_PREFIX_PATH=/home/ubuntu/BumperBot_V1/install/bumperbot_msgs:/opt/ros/humble LD_LIBRARY_PATH=/home/ubuntu/BumperBot_V1/install/bumperbot_msgs/lib:${LD_LIBRARY_PATH} PYTHONPATH=/home/ubuntu/BumperBot_V1/install/bumperbot_msgs/local/lib/python3.10/dist-packages:${PYTHONPATH} /usr/bin/cmake --build /home/ubuntu/BumperBot_V1/build/bumperbot_cpp_examples -- -j8 -l8
[6.316s] DEBUG:colcon.colcon_core.event_handler.log_command:Invoked command in '/home/ubuntu/BumperBot_V1/build/bumperbot_firmware' returned '0': CMAKE_PREFIX_PATH=/opt/ros/humble /usr/bin/cmake --build /home/ubuntu/BumperBot_V1/build/bumperbot_firmware -- -j8 -l8
[6.319s] DEBUG:colcon.colcon_core.event_handler.log_command:Invoking command in '/home/ubuntu/BumperBot_V1/build/bumperbot_firmware': CMAKE_PREFIX_PATH=/opt/ros/humble /usr/bin/cmake --install /home/ubuntu/BumperBot_V1/build/bumperbot_firmware
[6.344s] Level 1:colcon.colcon_core.environment:create_environment_scripts_only(bumperbot_firmware)
[6.345s] Level 1:colcon.colcon_core.environment:checking '/home/ubuntu/BumperBot_V1/install/bumperbot_firmware' for CMake module files
[6.346s] Level 1:colcon.colcon_core.environment:checking '/home/ubuntu/BumperBot_V1/install/bumperbot_firmware' for CMake config files
[6.347s] Level 1:colcon.colcon_core.shell:create_environment_hook('bumperbot_firmware', 'cmake_prefix_path')
[6.345s] DEBUG:colcon.colcon_core.event_handler.log_command:Invoked command in '/home/ubuntu/BumperBot_V1/build/bumperbot_firmware' returned '0': CMAKE_PREFIX_PATH=/opt/ros/humble /usr/bin/cmake --install /home/ubuntu/BumperBot_V1/build/bumperbot_firmware
[6.347s] INFO:colcon.colcon_core.shell:Creating environment hook '/home/ubuntu/BumperBot_V1/install/bumperbot_firmware/share/bumperbot_firmware/hook/cmake_prefix_path.ps1'
[6.349s] INFO:colcon.colcon_core.shell:Creating environment descriptor '/home/ubuntu/BumperBot_V1/install/bumperbot_firmware/share/bumperbot_firmware/hook/cmake_prefix_path.dsv'
[6.349s] INFO:colcon.colcon_core.shell:Creating environment hook '/home/ubuntu/BumperBot_V1/install/bumperbot_firmware/share/bumperbot_firmware/hook/cmake_prefix_path.sh'
[6.350s] Level 1:colcon.colcon_core.environment:checking '/home/ubuntu/BumperBot_V1/install/bumperbot_firmware/lib'
[6.351s] Level 1:colcon.colcon_core.shell:create_environment_hook('bumperbot_firmware', 'ld_library_path_lib')
[6.351s] INFO:colcon.colcon_core.shell:Creating environment hook '/home/ubuntu/BumperBot_V1/install/bumperbot_firmware/share/bumperbot_firmware/hook/ld_library_path_lib.ps1'
[6.352s] INFO:colcon.colcon_core.shell:Creating environment descriptor '/home/ubuntu/BumperBot_V1/install/bumperbot_firmware/share/bumperbot_firmware/hook/ld_library_path_lib.dsv'
[6.352s] INFO:colcon.colcon_core.shell:Creating environment hook '/home/ubuntu/BumperBot_V1/install/bumperbot_firmware/share/bumperbot_firmware/hook/ld_library_path_lib.sh'
[6.353s] Level 1:colcon.colcon_core.environment:checking '/home/ubuntu/BumperBot_V1/install/bumperbot_firmware/bin'
[6.353s] Level 1:colcon.colcon_core.environment:checking '/home/ubuntu/BumperBot_V1/install/bumperbot_firmware/lib/pkgconfig/bumperbot_firmware.pc'
[6.354s] Level 1:colcon.colcon_core.environment:checking '/home/ubuntu/BumperBot_V1/install/bumperbot_firmware/lib/python3.10/site-packages'
[6.354s] Level 1:colcon.colcon_core.environment:checking '/home/ubuntu/BumperBot_V1/install/bumperbot_firmware/bin'
[6.355s] INFO:colcon.colcon_core.shell:Creating package script '/home/ubuntu/BumperBot_V1/install/bumperbot_firmware/share/bumperbot_firmware/package.ps1'
[6.356s] INFO:colcon.colcon_core.shell:Creating package descriptor '/home/ubuntu/BumperBot_V1/install/bumperbot_firmware/share/bumperbot_firmware/package.dsv'
[6.357s] INFO:colcon.colcon_core.shell:Creating package script '/home/ubuntu/BumperBot_V1/install/bumperbot_firmware/share/bumperbot_firmware/package.sh'
[6.358s] INFO:colcon.colcon_core.shell:Creating package script '/home/ubuntu/BumperBot_V1/install/bumperbot_firmware/share/bumperbot_firmware/package.bash'
[6.358s] INFO:colcon.colcon_core.shell:Creating package script '/home/ubuntu/BumperBot_V1/install/bumperbot_firmware/share/bumperbot_firmware/package.zsh'
[6.359s] Level 1:colcon.colcon_core.environment:create_file_with_runtime_dependencies(/home/ubuntu/BumperBot_V1/install/bumperbot_firmware/share/colcon-core/packages/bumperbot_firmware)
[6.361s] Level 1:colcon.colcon_core.environment:create_environment_scripts_only(bumperbot_firmware)
[6.368s] Level 1:colcon.colcon_core.environment:checking '/home/ubuntu/BumperBot_V1/install/bumperbot_firmware' for CMake module files
[6.369s] Level 1:colcon.colcon_core.environment:checking '/home/ubuntu/BumperBot_V1/install/bumperbot_firmware' for CMake config files
[6.369s] Level 1:colcon.colcon_core.shell:create_environment_hook('bumperbot_firmware', 'cmake_prefix_path')
[6.370s] INFO:colcon.colcon_core.shell:Creating environment hook '/home/ubuntu/BumperBot_V1/install/bumperbot_firmware/share/bumperbot_firmware/hook/cmake_prefix_path.ps1'
[6.371s] INFO:colcon.colcon_core.shell:Creating environment descriptor '/home/ubuntu/BumperBot_V1/install/bumperbot_firmware/share/bumperbot_firmware/hook/cmake_prefix_path.dsv'
[6.372s] INFO:colcon.colcon_core.shell:Creating environment hook '/home/ubuntu/BumperBot_V1/install/bumperbot_firmware/share/bumperbot_firmware/hook/cmake_prefix_path.sh'
[6.373s] Level 1:colcon.colcon_core.environment:checking '/home/ubuntu/BumperBot_V1/install/bumperbot_firmware/lib'
[6.373s] Level 1:colcon.colcon_core.shell:create_environment_hook('bumperbot_firmware', 'ld_library_path_lib')
[6.374s] INFO:colcon.colcon_core.shell:Creating environment hook '/home/ubuntu/BumperBot_V1/install/bumperbot_firmware/share/bumperbot_firmware/hook/ld_library_path_lib.ps1'
[6.375s] INFO:colcon.colcon_core.shell:Creating environment descriptor '/home/ubuntu/BumperBot_V1/install/bumperbot_firmware/share/bumperbot_firmware/hook/ld_library_path_lib.dsv'
[6.379s] INFO:colcon.colcon_core.shell:Creating environment hook '/home/ubuntu/BumperBot_V1/install/bumperbot_firmware/share/bumperbot_firmware/hook/ld_library_path_lib.sh'
[6.380s] Level 1:colcon.colcon_core.environment:checking '/home/ubuntu/BumperBot_V1/install/bumperbot_firmware/bin'
[6.381s] Level 1:colcon.colcon_core.environment:checking '/home/ubuntu/BumperBot_V1/install/bumperbot_firmware/lib/pkgconfig/bumperbot_firmware.pc'
[6.381s] Level 1:colcon.colcon_core.environment:checking '/home/ubuntu/BumperBot_V1/install/bumperbot_firmware/lib/python3.10/site-packages'
[6.382s] Level 1:colcon.colcon_core.environment:checking '/home/ubuntu/BumperBot_V1/install/bumperbot_firmware/bin'
[6.383s] INFO:colcon.colcon_core.shell:Creating package script '/home/ubuntu/BumperBot_V1/install/bumperbot_firmware/share/bumperbot_firmware/package.ps1'
[6.385s] INFO:colcon.colcon_core.shell:Creating package descriptor '/home/ubuntu/BumperBot_V1/install/bumperbot_firmware/share/bumperbot_firmware/package.dsv'
[6.398s] INFO:colcon.colcon_core.shell:Creating package script '/home/ubuntu/BumperBot_V1/install/bumperbot_firmware/share/bumperbot_firmware/package.sh'
[6.399s] INFO:colcon.colcon_core.shell:Creating package script '/home/ubuntu/BumperBot_V1/install/bumperbot_firmware/share/bumperbot_firmware/package.bash'
[6.400s] INFO:colcon.colcon_core.shell:Creating package script '/home/ubuntu/BumperBot_V1/install/bumperbot_firmware/share/bumperbot_firmware/package.zsh'
[6.400s] Level 1:colcon.colcon_core.environment:create_file_with_runtime_dependencies(/home/ubuntu/BumperBot_V1/install/bumperbot_firmware/share/colcon-core/packages/bumperbot_firmware)
[12.438s] DEBUG:colcon.colcon_core.event_handler.log_command:Invoked command in '/home/ubuntu/BumperBot_V1/build/bumperbot_localization' returned '0': CMAKE_PREFIX_PATH=/opt/ros/humble /usr/bin/cmake --build /home/ubuntu/BumperBot_V1/build/bumperbot_localization -- -j8 -l8
[12.440s] DEBUG:colcon.colcon_core.event_handler.log_command:Invoking command in '/home/ubuntu/BumperBot_V1/build/bumperbot_localization': CMAKE_PREFIX_PATH=/opt/ros/humble /usr/bin/cmake --install /home/ubuntu/BumperBot_V1/build/bumperbot_localization
[12.533s] Level 1:colcon.colcon_core.environment:create_environment_scripts_only(bumperbot_localization)
[12.534s] Level 1:colcon.colcon_core.environment:checking '/home/ubuntu/BumperBot_V1/install/bumperbot_localization' for CMake module files
[12.534s] DEBUG:colcon.colcon_core.event_handler.log_command:Invoked command in '/home/ubuntu/BumperBot_V1/build/bumperbot_localization' returned '0': CMAKE_PREFIX_PATH=/opt/ros/humble /usr/bin/cmake --install /home/ubuntu/BumperBot_V1/build/bumperbot_localization
[12.535s] Level 1:colcon.colcon_core.environment:checking '/home/ubuntu/BumperBot_V1/install/bumperbot_localization' for CMake config files
[12.535s] Level 1:colcon.colcon_core.shell:create_environment_hook('bumperbot_localization', 'cmake_prefix_path')
[12.536s] INFO:colcon.colcon_core.shell:Creating environment hook '/home/ubuntu/BumperBot_V1/install/bumperbot_localization/share/bumperbot_localization/hook/cmake_prefix_path.ps1'
[12.537s] INFO:colcon.colcon_core.shell:Creating environment descriptor '/home/ubuntu/BumperBot_V1/install/bumperbot_localization/share/bumperbot_localization/hook/cmake_prefix_path.dsv'
[12.539s] INFO:colcon.colcon_core.shell:Creating environment hook '/home/ubuntu/BumperBot_V1/install/bumperbot_localization/share/bumperbot_localization/hook/cmake_prefix_path.sh'
[12.540s] Level 1:colcon.colcon_core.environment:checking '/home/ubuntu/BumperBot_V1/install/bumperbot_localization/lib'
[12.540s] Level 1:colcon.colcon_core.environment:checking '/home/ubuntu/BumperBot_V1/install/bumperbot_localization/bin'
[12.540s] Level 1:colcon.colcon_core.environment:checking '/home/ubuntu/BumperBot_V1/install/bumperbot_localization/lib/pkgconfig/bumperbot_localization.pc'
[12.540s] Level 1:colcon.colcon_core.environment:checking '/home/ubuntu/BumperBot_V1/install/bumperbot_localization/lib/python3.10/site-packages'
[12.540s] Level 1:colcon.colcon_core.environment:checking '/home/ubuntu/BumperBot_V1/install/bumperbot_localization/bin'
[12.541s] INFO:colcon.colcon_core.shell:Creating package script '/home/ubuntu/BumperBot_V1/install/bumperbot_localization/share/bumperbot_localization/package.ps1'
[12.542s] INFO:colcon.colcon_core.shell:Creating package descriptor '/home/ubuntu/BumperBot_V1/install/bumperbot_localization/share/bumperbot_localization/package.dsv'
[12.542s] INFO:colcon.colcon_core.shell:Creating package script '/home/ubuntu/BumperBot_V1/install/bumperbot_localization/share/bumperbot_localization/package.sh'
[12.542s] INFO:colcon.colcon_core.shell:Creating package script '/home/ubuntu/BumperBot_V1/install/bumperbot_localization/share/bumperbot_localization/package.bash'
[12.543s] INFO:colcon.colcon_core.shell:Creating package script '/home/ubuntu/BumperBot_V1/install/bumperbot_localization/share/bumperbot_localization/package.zsh'
[12.543s] Level 1:colcon.colcon_core.environment:create_file_with_runtime_dependencies(/home/ubuntu/BumperBot_V1/install/bumperbot_localization/share/colcon-core/packages/bumperbot_localization)
[12.544s] Level 1:colcon.colcon_core.environment:create_environment_scripts_only(bumperbot_localization)
[12.544s] Level 1:colcon.colcon_core.environment:checking '/home/ubuntu/BumperBot_V1/install/bumperbot_localization' for CMake module files
[12.545s] Level 1:colcon.colcon_core.environment:checking '/home/ubuntu/BumperBot_V1/install/bumperbot_localization' for CMake config files
[12.545s] Level 1:colcon.colcon_core.shell:create_environment_hook('bumperbot_localization', 'cmake_prefix_path')
[12.546s] INFO:colcon.colcon_core.shell:Creating environment hook '/home/ubuntu/BumperBot_V1/install/bumperbot_localization/share/bumperbot_localization/hook/cmake_prefix_path.ps1'
[12.546s] INFO:colcon.colcon_core.shell:Creating environment descriptor '/home/ubuntu/BumperBot_V1/install/bumperbot_localization/share/bumperbot_localization/hook/cmake_prefix_path.dsv'
[12.547s] INFO:colcon.colcon_core.shell:Creating environment hook '/home/ubuntu/BumperBot_V1/install/bumperbot_localization/share/bumperbot_localization/hook/cmake_prefix_path.sh'
[12.547s] Level 1:colcon.colcon_core.environment:checking '/home/ubuntu/BumperBot_V1/install/bumperbot_localization/lib'
[12.547s] Level 1:colcon.colcon_core.environment:checking '/home/ubuntu/BumperBot_V1/install/bumperbot_localization/bin'
[12.547s] Level 1:colcon.colcon_core.environment:checking '/home/ubuntu/BumperBot_V1/install/bumperbot_localization/lib/pkgconfig/bumperbot_localization.pc'
[12.548s] Level 1:colcon.colcon_core.environment:checking '/home/ubuntu/BumperBot_V1/install/bumperbot_localization/lib/python3.10/site-packages'
[12.548s] Level 1:colcon.colcon_core.environment:checking '/home/ubuntu/BumperBot_V1/install/bumperbot_localization/bin'
[12.548s] INFO:colcon.colcon_core.shell:Creating package script '/home/ubuntu/BumperBot_V1/install/bumperbot_localization/share/bumperbot_localization/package.ps1'
[12.549s] INFO:colcon.colcon_core.shell:Creating package descriptor '/home/ubuntu/BumperBot_V1/install/bumperbot_localization/share/bumperbot_localization/package.dsv'
[12.549s] INFO:colcon.colcon_core.shell:Creating package script '/home/ubuntu/BumperBot_V1/install/bumperbot_localization/share/bumperbot_localization/package.sh'
[12.550s] INFO:colcon.colcon_core.shell:Creating package script '/home/ubuntu/BumperBot_V1/install/bumperbot_localization/share/bumperbot_localization/package.bash'
[12.551s] INFO:colcon.colcon_core.shell:Creating package script '/home/ubuntu/BumperBot_V1/install/bumperbot_localization/share/bumperbot_localization/package.zsh'
[12.551s] Level 1:colcon.colcon_core.environment:create_file_with_runtime_dependencies(/home/ubuntu/BumperBot_V1/install/bumperbot_localization/share/colcon-core/packages/bumperbot_localization)
[13.628s] DEBUG:colcon.colcon_core.event_handler.log_command:Invoked command in '/home/ubuntu/BumperBot_V1/build/bumperbot_controller' returned '0': CMAKE_PREFIX_PATH=/opt/ros/humble /usr/bin/cmake --build /home/ubuntu/BumperBot_V1/build/bumperbot_controller -- -j8 -l8
[13.630s] DEBUG:colcon.colcon_core.event_handler.log_command:Invoking command in '/home/ubuntu/BumperBot_V1/build/bumperbot_controller': CMAKE_PREFIX_PATH=/opt/ros/humble /usr/bin/cmake --install /home/ubuntu/BumperBot_V1/build/bumperbot_controller
[13.691s] Level 1:colcon.colcon_core.environment:create_environment_scripts_only(bumperbot_controller)
[13.692s] Level 1:colcon.colcon_core.environment:checking '/home/ubuntu/BumperBot_V1/install/bumperbot_controller' for CMake module files
[13.694s] DEBUG:colcon.colcon_core.event_handler.log_command:Invoked command in '/home/ubuntu/BumperBot_V1/build/bumperbot_controller' returned '0': CMAKE_PREFIX_PATH=/opt/ros/humble /usr/bin/cmake --install /home/ubuntu/BumperBot_V1/build/bumperbot_controller
[13.695s] Level 1:colcon.colcon_core.environment:checking '/home/ubuntu/BumperBot_V1/install/bumperbot_controller' for CMake config files
[13.696s] Level 1:colcon.colcon_core.shell:create_environment_hook('bumperbot_controller', 'cmake_prefix_path')
[13.696s] INFO:colcon.colcon_core.shell:Creating environment hook '/home/ubuntu/BumperBot_V1/install/bumperbot_controller/share/bumperbot_controller/hook/cmake_prefix_path.ps1'
[13.697s] INFO:colcon.colcon_core.shell:Creating environment descriptor '/home/ubuntu/BumperBot_V1/install/bumperbot_controller/share/bumperbot_controller/hook/cmake_prefix_path.dsv'
[13.697s] INFO:colcon.colcon_core.shell:Creating environment hook '/home/ubuntu/BumperBot_V1/install/bumperbot_controller/share/bumperbot_controller/hook/cmake_prefix_path.sh'
[13.698s] Level 1:colcon.colcon_core.environment:checking '/home/ubuntu/BumperBot_V1/install/bumperbot_controller/lib'
[13.698s] Level 1:colcon.colcon_core.environment:checking '/home/ubuntu/BumperBot_V1/install/bumperbot_controller/bin'
[13.698s] Level 1:colcon.colcon_core.environment:checking '/home/ubuntu/BumperBot_V1/install/bumperbot_controller/lib/pkgconfig/bumperbot_controller.pc'
[13.699s] Level 1:colcon.colcon_core.environment:checking '/home/ubuntu/BumperBot_V1/install/bumperbot_controller/lib/python3.10/site-packages'
[13.699s] Level 1:colcon.colcon_core.environment:checking '/home/ubuntu/BumperBot_V1/install/bumperbot_controller/bin'
[13.700s] INFO:colcon.colcon_core.shell:Creating package script '/home/ubuntu/BumperBot_V1/install/bumperbot_controller/share/bumperbot_controller/package.ps1'
[13.700s] INFO:colcon.colcon_core.shell:Creating package descriptor '/home/ubuntu/BumperBot_V1/install/bumperbot_controller/share/bumperbot_controller/package.dsv'
[13.701s] INFO:colcon.colcon_core.shell:Creating package script '/home/ubuntu/BumperBot_V1/install/bumperbot_controller/share/bumperbot_controller/package.sh'
[13.702s] INFO:colcon.colcon_core.shell:Creating package script '/home/ubuntu/BumperBot_V1/install/bumperbot_controller/share/bumperbot_controller/package.bash'
[13.702s] INFO:colcon.colcon_core.shell:Creating package script '/home/ubuntu/BumperBot_V1/install/bumperbot_controller/share/bumperbot_controller/package.zsh'
[13.703s] Level 1:colcon.colcon_core.environment:create_file_with_runtime_dependencies(/home/ubuntu/BumperBot_V1/install/bumperbot_controller/share/colcon-core/packages/bumperbot_controller)
[13.704s] Level 1:colcon.colcon_core.environment:create_environment_scripts_only(bumperbot_controller)
[13.704s] Level 1:colcon.colcon_core.environment:checking '/home/ubuntu/BumperBot_V1/install/bumperbot_controller' for CMake module files
[13.705s] Level 1:colcon.colcon_core.environment:checking '/home/ubuntu/BumperBot_V1/install/bumperbot_controller' for CMake config files
[13.705s] Level 1:colcon.colcon_core.shell:create_environment_hook('bumperbot_controller', 'cmake_prefix_path')
[13.706s] INFO:colcon.colcon_core.shell:Creating environment hook '/home/ubuntu/BumperBot_V1/install/bumperbot_controller/share/bumperbot_controller/hook/cmake_prefix_path.ps1'
[13.706s] INFO:colcon.colcon_core.shell:Creating environment descriptor '/home/ubuntu/BumperBot_V1/install/bumperbot_controller/share/bumperbot_controller/hook/cmake_prefix_path.dsv'
[13.706s] INFO:colcon.colcon_core.shell:Creating environment hook '/home/ubuntu/BumperBot_V1/install/bumperbot_controller/share/bumperbot_controller/hook/cmake_prefix_path.sh'
[13.707s] Level 1:colcon.colcon_core.environment:checking '/home/ubuntu/BumperBot_V1/install/bumperbot_controller/lib'
[13.707s] Level 1:colcon.colcon_core.environment:checking '/home/ubuntu/BumperBot_V1/install/bumperbot_controller/bin'
[13.707s] Level 1:colcon.colcon_core.environment:checking '/home/ubuntu/BumperBot_V1/install/bumperbot_controller/lib/pkgconfig/bumperbot_controller.pc'
[13.707s] Level 1:colcon.colcon_core.environment:checking '/home/ubuntu/BumperBot_V1/install/bumperbot_controller/lib/python3.10/site-packages'
[13.708s] Level 1:colcon.colcon_core.environment:checking '/home/ubuntu/BumperBot_V1/install/bumperbot_controller/bin'
[13.708s] INFO:colcon.colcon_core.shell:Creating package script '/home/ubuntu/BumperBot_V1/install/bumperbot_controller/share/bumperbot_controller/package.ps1'
[13.708s] INFO:colcon.colcon_core.shell:Creating package descriptor '/home/ubuntu/BumperBot_V1/install/bumperbot_controller/share/bumperbot_controller/package.dsv'
[13.709s] INFO:colcon.colcon_core.shell:Creating package script '/home/ubuntu/BumperBot_V1/install/bumperbot_controller/share/bumperbot_controller/package.sh'
[13.709s] INFO:colcon.colcon_core.shell:Creating package script '/home/ubuntu/BumperBot_V1/install/bumperbot_controller/share/bumperbot_controller/package.bash'
[13.710s] INFO:colcon.colcon_core.shell:Creating package script '/home/ubuntu/BumperBot_V1/install/bumperbot_controller/share/bumperbot_controller/package.zsh'
[13.710s] Level 1:colcon.colcon_core.environment:create_file_with_runtime_dependencies(/home/ubuntu/BumperBot_V1/install/bumperbot_controller/share/colcon-core/packages/bumperbot_controller)
[14.479s] DEBUG:colcon.colcon_core.event_handler.log_command:Invoked command in '/home/ubuntu/BumperBot_V1/build/bumperbot_cpp_examples' returned '0': AMENT_PREFIX_PATH=/home/ubuntu/BumperBot_V1/install/bumperbot_msgs:${AMENT_PREFIX_PATH} CMAKE_PREFIX_PATH=/home/ubuntu/BumperBot_V1/install/bumperbot_msgs:/opt/ros/humble LD_LIBRARY_PATH=/home/ubuntu/BumperBot_V1/install/bumperbot_msgs/lib:${LD_LIBRARY_PATH} PYTHONPATH=/home/ubuntu/BumperBot_V1/install/bumperbot_msgs/local/lib/python3.10/dist-packages:${PYTHONPATH} /usr/bin/cmake --build /home/ubuntu/BumperBot_V1/build/bumperbot_cpp_examples -- -j8 -l8
[14.481s] DEBUG:colcon.colcon_core.event_handler.log_command:Invoking command in '/home/ubuntu/BumperBot_V1/build/bumperbot_cpp_examples': AMENT_PREFIX_PATH=/home/ubuntu/BumperBot_V1/install/bumperbot_msgs:${AMENT_PREFIX_PATH} CMAKE_PREFIX_PATH=/home/ubuntu/BumperBot_V1/install/bumperbot_msgs:/opt/ros/humble LD_LIBRARY_PATH=/home/ubuntu/BumperBot_V1/install/bumperbot_msgs/lib:${LD_LIBRARY_PATH} PYTHONPATH=/home/ubuntu/BumperBot_V1/install/bumperbot_msgs/local/lib/python3.10/dist-packages:${PYTHONPATH} /usr/bin/cmake --install /home/ubuntu/BumperBot_V1/build/bumperbot_cpp_examples
[14.511s] Level 1:colcon.colcon_core.environment:create_environment_scripts_only(bumperbot_cpp_examples)
[14.512s] Level 1:colcon.colcon_core.environment:checking '/home/ubuntu/BumperBot_V1/install/bumperbot_cpp_examples' for CMake module files
[14.512s] DEBUG:colcon.colcon_core.event_handler.log_command:Invoked command in '/home/ubuntu/BumperBot_V1/build/bumperbot_cpp_examples' returned '0': AMENT_PREFIX_PATH=/home/ubuntu/BumperBot_V1/install/bumperbot_msgs:${AMENT_PREFIX_PATH} CMAKE_PREFIX_PATH=/home/ubuntu/BumperBot_V1/install/bumperbot_msgs:/opt/ros/humble LD_LIBRARY_PATH=/home/ubuntu/BumperBot_V1/install/bumperbot_msgs/lib:${LD_LIBRARY_PATH} PYTHONPATH=/home/ubuntu/BumperBot_V1/install/bumperbot_msgs/local/lib/python3.10/dist-packages:${PYTHONPATH} /usr/bin/cmake --install /home/ubuntu/BumperBot_V1/build/bumperbot_cpp_examples
[14.512s] Level 1:colcon.colcon_core.environment:checking '/home/ubuntu/BumperBot_V1/install/bumperbot_cpp_examples' for CMake config files
[14.513s] Level 1:colcon.colcon_core.shell:create_environment_hook('bumperbot_cpp_examples', 'cmake_prefix_path')
[14.513s] INFO:colcon.colcon_core.shell:Creating environment hook '/home/ubuntu/BumperBot_V1/install/bumperbot_cpp_examples/share/bumperbot_cpp_examples/hook/cmake_prefix_path.ps1'
[14.513s] INFO:colcon.colcon_core.shell:Creating environment descriptor '/home/ubuntu/BumperBot_V1/install/bumperbot_cpp_examples/share/bumperbot_cpp_examples/hook/cmake_prefix_path.dsv'
[14.514s] INFO:colcon.colcon_core.shell:Creating environment hook '/home/ubuntu/BumperBot_V1/install/bumperbot_cpp_examples/share/bumperbot_cpp_examples/hook/cmake_prefix_path.sh'
[14.514s] Level 1:colcon.colcon_core.environment:checking '/home/ubuntu/BumperBot_V1/install/bumperbot_cpp_examples/lib'
[14.514s] Level 1:colcon.colcon_core.environment:checking '/home/ubuntu/BumperBot_V1/install/bumperbot_cpp_examples/bin'
[14.514s] Level 1:colcon.colcon_core.environment:checking '/home/ubuntu/BumperBot_V1/install/bumperbot_cpp_examples/lib/pkgconfig/bumperbot_cpp_examples.pc'
[14.515s] Level 1:colcon.colcon_core.environment:checking '/home/ubuntu/BumperBot_V1/install/bumperbot_cpp_examples/lib/python3.10/site-packages'
[14.515s] Level 1:colcon.colcon_core.environment:checking '/home/ubuntu/BumperBot_V1/install/bumperbot_cpp_examples/bin'
[14.515s] INFO:colcon.colcon_core.shell:Creating package script '/home/ubuntu/BumperBot_V1/install/bumperbot_cpp_examples/share/bumperbot_cpp_examples/package.ps1'
[14.516s] INFO:colcon.colcon_core.shell:Creating package descriptor '/home/ubuntu/BumperBot_V1/install/bumperbot_cpp_examples/share/bumperbot_cpp_examples/package.dsv'
[14.516s] INFO:colcon.colcon_core.shell:Creating package script '/home/ubuntu/BumperBot_V1/install/bumperbot_cpp_examples/share/bumperbot_cpp_examples/package.sh'
[14.517s] INFO:colcon.colcon_core.shell:Creating package script '/home/ubuntu/BumperBot_V1/install/bumperbot_cpp_examples/share/bumperbot_cpp_examples/package.bash'
[14.517s] INFO:colcon.colcon_core.shell:Creating package script '/home/ubuntu/BumperBot_V1/install/bumperbot_cpp_examples/share/bumperbot_cpp_examples/package.zsh'
[14.517s] Level 1:colcon.colcon_core.environment:create_file_with_runtime_dependencies(/home/ubuntu/BumperBot_V1/install/bumperbot_cpp_examples/share/colcon-core/packages/bumperbot_cpp_examples)
[14.518s] Level 1:colcon.colcon_core.environment:create_environment_scripts_only(bumperbot_cpp_examples)
[14.518s] Level 1:colcon.colcon_core.environment:checking '/home/ubuntu/BumperBot_V1/install/bumperbot_cpp_examples' for CMake module files
[14.519s] Level 1:colcon.colcon_core.environment:checking '/home/ubuntu/BumperBot_V1/install/bumperbot_cpp_examples' for CMake config files
[14.519s] Level 1:colcon.colcon_core.shell:create_environment_hook('bumperbot_cpp_examples', 'cmake_prefix_path')
[14.519s] INFO:colcon.colcon_core.shell:Creating environment hook '/home/ubuntu/BumperBot_V1/install/bumperbot_cpp_examples/share/bumperbot_cpp_examples/hook/cmake_prefix_path.ps1'
[14.520s] INFO:colcon.colcon_core.shell:Creating environment descriptor '/home/ubuntu/BumperBot_V1/install/bumperbot_cpp_examples/share/bumperbot_cpp_examples/hook/cmake_prefix_path.dsv'
[14.520s] INFO:colcon.colcon_core.shell:Creating environment hook '/home/ubuntu/BumperBot_V1/install/bumperbot_cpp_examples/share/bumperbot_cpp_examples/hook/cmake_prefix_path.sh'
[14.520s] Level 1:colcon.colcon_core.environment:checking '/home/ubuntu/BumperBot_V1/install/bumperbot_cpp_examples/lib'
[14.520s] Level 1:colcon.colcon_core.environment:checking '/home/ubuntu/BumperBot_V1/install/bumperbot_cpp_examples/bin'
[14.520s] Level 1:colcon.colcon_core.environment:checking '/home/ubuntu/BumperBot_V1/install/bumperbot_cpp_examples/lib/pkgconfig/bumperbot_cpp_examples.pc'
[14.521s] Level 1:colcon.colcon_core.environment:checking '/home/ubuntu/BumperBot_V1/install/bumperbot_cpp_examples/lib/python3.10/site-packages'
[14.521s] Level 1:colcon.colcon_core.environment:checking '/home/ubuntu/BumperBot_V1/install/bumperbot_cpp_examples/bin'
[14.521s] INFO:colcon.colcon_core.shell:Creating package script '/home/ubuntu/BumperBot_V1/install/bumperbot_cpp_examples/share/bumperbot_cpp_examples/package.ps1'
[14.522s] INFO:colcon.colcon_core.shell:Creating package descriptor '/home/ubuntu/BumperBot_V1/install/bumperbot_cpp_examples/share/bumperbot_cpp_examples/package.dsv'
[14.522s] INFO:colcon.colcon_core.shell:Creating package script '/home/ubuntu/BumperBot_V1/install/bumperbot_cpp_examples/share/bumperbot_cpp_examples/package.sh'
[14.523s] INFO:colcon.colcon_core.shell:Creating package script '/home/ubuntu/BumperBot_V1/install/bumperbot_cpp_examples/share/bumperbot_cpp_examples/package.bash'
[14.523s] INFO:colcon.colcon_core.shell:Creating package script '/home/ubuntu/BumperBot_V1/install/bumperbot_cpp_examples/share/bumperbot_cpp_examples/package.zsh'
[14.523s] Level 1:colcon.colcon_core.environment:create_file_with_runtime_dependencies(/home/ubuntu/BumperBot_V1/install/bumperbot_cpp_examples/share/colcon-core/packages/bumperbot_cpp_examples)
[14.524s] DEBUG:colcon.colcon_parallel_executor.executor.parallel:closing loop
[14.524s] DEBUG:colcon.colcon_parallel_executor.executor.parallel:loop closed
[14.524s] DEBUG:colcon.colcon_parallel_executor.executor.parallel:run_until_complete finished with '0'
[14.524s] DEBUG:colcon.colcon_core.event_reactor:joining thread
[14.535s] INFO:colcon.colcon_core.plugin_system:Skipping extension 'colcon_notification.desktop_notification.terminal_notifier': Not used on non-Darwin systems
[14.535s] INFO:colcon.colcon_core.plugin_system:Skipping extension 'colcon_notification.desktop_notification.win32': Not used on non-Windows systems
[14.535s] INFO:colcon.colcon_notification.desktop_notification:Sending desktop notification using 'notify2'
[14.547s] DEBUG:colcon.colcon_core.event_reactor:joined thread
[14.547s] INFO:colcon.colcon_core.shell:Creating prefix script '/home/ubuntu/BumperBot_V1/install/local_setup.ps1'
[14.548s] INFO:colcon.colcon_core.shell:Creating prefix util module '/home/ubuntu/BumperBot_V1/install/_local_setup_util_ps1.py'
[14.549s] INFO:colcon.colcon_core.shell:Creating prefix chain script '/home/ubuntu/BumperBot_V1/install/setup.ps1'
[14.550s] INFO:colcon.colcon_core.shell:Creating prefix script '/home/ubuntu/BumperBot_V1/install/local_setup.sh'
[14.551s] INFO:colcon.colcon_core.shell:Creating prefix util module '/home/ubuntu/BumperBot_V1/install/_local_setup_util_sh.py'
[14.551s] INFO:colcon.colcon_core.shell:Creating prefix chain script '/home/ubuntu/BumperBot_V1/install/setup.sh'
[14.552s] INFO:colcon.colcon_core.shell:Creating prefix script '/home/ubuntu/BumperBot_V1/install/local_setup.bash'
[14.552s] INFO:colcon.colcon_core.shell:Creating prefix chain script '/home/ubuntu/BumperBot_V1/install/setup.bash'
[14.553s] INFO:colcon.colcon_core.shell:Creating prefix script '/home/ubuntu/BumperBot_V1/install/local_setup.zsh'
[14.553s] INFO:colcon.colcon_core.shell:Creating prefix chain script '/home/ubuntu/BumperBot_V1/install/setup.zsh'
