[0.191s] Invoking command in '/home/chaitanya/bumperbot_ws/build/bumperbot_controller': CMAKE_PREFIX_PATH=/opt/ros/humble /usr/bin/cmake --build /home/chaitanya/bumperbot_ws/build/bumperbot_controller -- -j4 -l4
[1.055s] [ 50%] Built target simple_controller
[1.399s] [ 50%] Built target ament_cmake_python_copy_bumperbot_controller
[1.680s] [100%] Built target noisy_controller
[4.558s] running egg_info
[4.572s] writing bumperbot_controller.egg-info/PKG-INFO
[4.577s] writing dependency_links to bumperbot_controller.egg-info/dependency_links.txt
[4.584s] writing top-level names to bumperbot_controller.egg-info/top_level.txt
[4.641s] reading manifest file 'bumperbot_controller.egg-info/SOURCES.txt'
[4.650s] writing manifest file 'bumperbot_controller.egg-info/SOURCES.txt'
[5.061s] [100%] Built target ament_cmake_python_build_bumperbot_controller_egg
[5.199s] Invoked command in '/home/chaitanya/bumperbot_ws/build/bumperbot_controller' returned '0': CMAKE_PREFIX_PATH=/opt/ros/humble /usr/bin/cmake --build /home/chaitanya/bumperbot_ws/build/bumperbot_controller -- -j4 -l4
[5.223s] Invoking command in '/home/chaitanya/bumperbot_ws/build/bumperbot_controller': CMAKE_PREFIX_PATH=/opt/ros/humble /usr/bin/cmake --install /home/chaitanya/bumperbot_ws/build/bumperbot_controller
[5.401s] -- Install configuration: ""
[5.410s] -- Up-to-date: /home/chaitanya/bumperbot_ws/install/bumperbot_controller/share/bumperbot_controller/environment/pythonpath.sh
[5.425s] -- Up-to-date: /home/chaitanya/bumperbot_ws/install/bumperbot_controller/share/bumperbot_controller/environment/pythonpath.dsv
[5.435s] -- Up-to-date: /home/chaitanya/bumperbot_ws/install/bumperbot_controller/local/lib/python3.10/dist-packages/bumperbot_controller-0.0.0-py3.10.egg-info
[5.437s] -- Installing: /home/chaitanya/bumperbot_ws/install/bumperbot_controller/local/lib/python3.10/dist-packages/bumperbot_controller-0.0.0-py3.10.egg-info/PKG-INFO
[5.453s] -- Installing: /home/chaitanya/bumperbot_ws/install/bumperbot_controller/local/lib/python3.10/dist-packages/bumperbot_controller-0.0.0-py3.10.egg-info/top_level.txt
[5.456s] -- Installing: /home/chaitanya/bumperbot_ws/install/bumperbot_controller/local/lib/python3.10/dist-packages/bumperbot_controller-0.0.0-py3.10.egg-info/dependency_links.txt
[5.465s] -- Installing: /home/chaitanya/bumperbot_ws/install/bumperbot_controller/local/lib/python3.10/dist-packages/bumperbot_controller-0.0.0-py3.10.egg-info/SOURCES.txt
[5.475s] -- Up-to-date: /home/chaitanya/bumperbot_ws/install/bumperbot_controller/local/lib/python3.10/dist-packages/bumperbot_controller
[5.477s] -- Up-to-date: /home/chaitanya/bumperbot_ws/install/bumperbot_controller/local/lib/python3.10/dist-packages/bumperbot_controller/simple_controller.py
[5.483s] -- Up-to-date: /home/chaitanya/bumperbot_ws/install/bumperbot_controller/local/lib/python3.10/dist-packages/bumperbot_controller/__init__.py
[5.488s] -- Up-to-date: /home/chaitanya/bumperbot_ws/install/bumperbot_controller/local/lib/python3.10/dist-packages/bumperbot_controller/noisy_controller.py
[5.940s] Listing '/home/chaitanya/bumperbot_ws/install/bumperbot_controller/local/lib/python3.10/dist-packages/bumperbot_controller'...
[5.989s] -- Up-to-date: /home/chaitanya/bumperbot_ws/install/bumperbot_controller/include/include
[5.990s] -- Up-to-date: /home/chaitanya/bumperbot_ws/install/bumperbot_controller/include/include/bumperbot_controller
[5.991s] -- Up-to-date: /home/chaitanya/bumperbot_ws/install/bumperbot_controller/include/include/bumperbot_controller/noisy_controller.hpp
[5.991s] -- Up-to-date: /home/chaitanya/bumperbot_ws/install/bumperbot_controller/include/include/bumperbot_controller/simple_controller.hpp
[6.003s] -- Up-to-date: /home/chaitanya/bumperbot_ws/install/bumperbot_controller/lib/bumperbot_controller/simple_controller
[6.015s] -- Up-to-date: /home/chaitanya/bumperbot_ws/install/bumperbot_controller/lib/bumperbot_controller/noisy_controller
[6.015s] -- Up-to-date: /home/chaitanya/bumperbot_ws/install/bumperbot_controller/share/bumperbot_controller/launch
[6.016s] -- Up-to-date: /home/chaitanya/bumperbot_ws/install/bumperbot_controller/share/bumperbot_controller/launch/controller.launch.py
[6.017s] -- Up-to-date: /home/chaitanya/bumperbot_ws/install/bumperbot_controller/share/bumperbot_controller/launch/joystick_teleop.launch.py
[6.019s] -- Up-to-date: /home/chaitanya/bumperbot_ws/install/bumperbot_controller/share/bumperbot_controller/config
[6.026s] -- Up-to-date: /home/chaitanya/bumperbot_ws/install/bumperbot_controller/share/bumperbot_controller/config/joy_teleop.yaml
[6.032s] -- Up-to-date: /home/chaitanya/bumperbot_ws/install/bumperbot_controller/share/bumperbot_controller/config/joy_config.yaml
[6.032s] -- Up-to-date: /home/chaitanya/bumperbot_ws/install/bumperbot_controller/share/bumperbot_controller/config/bumperbot_controllers.yaml
[6.033s] -- Up-to-date: /home/chaitanya/bumperbot_ws/install/bumperbot_controller/lib/bumperbot_controller/simple_controller.py
[6.034s] -- Up-to-date: /home/chaitanya/bumperbot_ws/install/bumperbot_controller/lib/bumperbot_controller/noisy_controller.py
[6.035s] -- Up-to-date: /home/chaitanya/bumperbot_ws/install/bumperbot_controller/share/ament_index/resource_index/package_run_dependencies/bumperbot_controller
[6.035s] -- Up-to-date: /home/chaitanya/bumperbot_ws/install/bumperbot_controller/share/ament_index/resource_index/parent_prefix_path/bumperbot_controller
[6.036s] -- Up-to-date: /home/chaitanya/bumperbot_ws/install/bumperbot_controller/share/bumperbot_controller/environment/ament_prefix_path.sh
[6.036s] -- Up-to-date: /home/chaitanya/bumperbot_ws/install/bumperbot_controller/share/bumperbot_controller/environment/ament_prefix_path.dsv
[6.092s] -- Up-to-date: /home/chaitanya/bumperbot_ws/install/bumperbot_controller/share/bumperbot_controller/environment/path.sh
[6.093s] -- Up-to-date: /home/chaitanya/bumperbot_ws/install/bumperbot_controller/share/bumperbot_controller/environment/path.dsv
[6.094s] -- Up-to-date: /home/chaitanya/bumperbot_ws/install/bumperbot_controller/share/bumperbot_controller/local_setup.bash
[6.099s] -- Up-to-date: /home/chaitanya/bumperbot_ws/install/bumperbot_controller/share/bumperbot_controller/local_setup.sh
[6.102s] -- Up-to-date: /home/chaitanya/bumperbot_ws/install/bumperbot_controller/share/bumperbot_controller/local_setup.zsh
[6.122s] -- Up-to-date: /home/chaitanya/bumperbot_ws/install/bumperbot_controller/share/bumperbot_controller/local_setup.dsv
[6.123s] -- Installing: /home/chaitanya/bumperbot_ws/install/bumperbot_controller/share/bumperbot_controller/package.dsv
[6.124s] -- Up-to-date: /home/chaitanya/bumperbot_ws/install/bumperbot_controller/share/ament_index/resource_index/packages/bumperbot_controller
[6.124s] -- Up-to-date: /home/chaitanya/bumperbot_ws/install/bumperbot_controller/share/bumperbot_controller/cmake/bumperbot_controllerConfig.cmake
[6.125s] -- Up-to-date: /home/chaitanya/bumperbot_ws/install/bumperbot_controller/share/bumperbot_controller/cmake/bumperbot_controllerConfig-version.cmake
[6.125s] -- Up-to-date: /home/chaitanya/bumperbot_ws/install/bumperbot_controller/share/bumperbot_controller/package.xml
[6.141s] Invoked command in '/home/chaitanya/bumperbot_ws/build/bumperbot_controller' returned '0': CMAKE_PREFIX_PATH=/opt/ros/humble /usr/bin/cmake --install /home/chaitanya/bumperbot_ws/build/bumperbot_controller
