[0.264s] Invoking command in '/home/chaitanya/bumperbot_ws/build/bumperbot_controller': CMAKE_PREFIX_PATH=/opt/ros/humble /usr/bin/cmake --build /home/chaitanya/bumperbot_ws/build/bumperbot_controller -- -j4 -l4
[1.366s] [35m[1mConsolidate compiler generated dependencies of target simple_controller[0m
[1.398s] [35m[1mConsolidate compiler generated dependencies of target noisy_controller[0m
[1.460s] [  0%] Built target ament_cmake_python_copy_bumperbot_controller
[2.068s] [ 50%] Built target noisy_controller
[2.098s] [100%] Built target simple_controller
[4.567s] running egg_info
[4.572s] writing bumperbot_controller.egg-info/PKG-INFO
[4.575s] writing dependency_links to bumperbot_controller.egg-info/dependency_links.txt
[4.578s] writing top-level names to bumperbot_controller.egg-info/top_level.txt
[4.622s] reading manifest file 'bumperbot_controller.egg-info/SOURCES.txt'
[4.644s] writing manifest file 'bumperbot_controller.egg-info/SOURCES.txt'
[5.190s] [100%] Built target ament_cmake_python_build_bumperbot_controller_egg
[5.339s] Invoked command in '/home/chaitanya/bumperbot_ws/build/bumperbot_controller' returned '0': CMAKE_PREFIX_PATH=/opt/ros/humble /usr/bin/cmake --build /home/chaitanya/bumperbot_ws/build/bumperbot_controller -- -j4 -l4
[5.484s] Invoking command in '/home/chaitanya/bumperbot_ws/build/bumperbot_controller': CMAKE_PREFIX_PATH=/opt/ros/humble /usr/bin/cmake --install /home/chaitanya/bumperbot_ws/build/bumperbot_controller
[5.565s] -- Install configuration: ""
[5.575s] -- Up-to-date: /home/chaitanya/bumperbot_ws/install/bumperbot_controller/share/bumperbot_controller/environment/pythonpath.sh
[5.579s] -- Up-to-date: /home/chaitanya/bumperbot_ws/install/bumperbot_controller/share/bumperbot_controller/environment/pythonpath.dsv
[5.585s] -- Up-to-date: /home/chaitanya/bumperbot_ws/install/bumperbot_controller/local/lib/python3.10/dist-packages/bumperbot_controller-0.0.0-py3.10.egg-info
[5.590s] -- Installing: /home/chaitanya/bumperbot_ws/install/bumperbot_controller/local/lib/python3.10/dist-packages/bumperbot_controller-0.0.0-py3.10.egg-info/PKG-INFO
[5.595s] -- Installing: /home/chaitanya/bumperbot_ws/install/bumperbot_controller/local/lib/python3.10/dist-packages/bumperbot_controller-0.0.0-py3.10.egg-info/top_level.txt
[5.602s] -- Installing: /home/chaitanya/bumperbot_ws/install/bumperbot_controller/local/lib/python3.10/dist-packages/bumperbot_controller-0.0.0-py3.10.egg-info/dependency_links.txt
[5.610s] -- Installing: /home/chaitanya/bumperbot_ws/install/bumperbot_controller/local/lib/python3.10/dist-packages/bumperbot_controller-0.0.0-py3.10.egg-info/SOURCES.txt
[5.631s] -- Up-to-date: /home/chaitanya/bumperbot_ws/install/bumperbot_controller/local/lib/python3.10/dist-packages/bumperbot_controller
[5.634s] -- Up-to-date: /home/chaitanya/bumperbot_ws/install/bumperbot_controller/local/lib/python3.10/dist-packages/bumperbot_controller/simple_controller.py
[5.637s] -- Up-to-date: /home/chaitanya/bumperbot_ws/install/bumperbot_controller/local/lib/python3.10/dist-packages/bumperbot_controller/__init__.py
[5.640s] -- Up-to-date: /home/chaitanya/bumperbot_ws/install/bumperbot_controller/local/lib/python3.10/dist-packages/bumperbot_controller/noisy_controller.py
[6.115s] Listing '/home/chaitanya/bumperbot_ws/install/bumperbot_controller/local/lib/python3.10/dist-packages/bumperbot_controller'...
[6.367s] -- Up-to-date: /home/chaitanya/bumperbot_ws/install/bumperbot_controller/include/include
[6.367s] -- Up-to-date: /home/chaitanya/bumperbot_ws/install/bumperbot_controller/include/include/bumperbot_controller
[6.368s] -- Up-to-date: /home/chaitanya/bumperbot_ws/install/bumperbot_controller/include/include/bumperbot_controller/noisy_controller.hpp
[6.368s] -- Up-to-date: /home/chaitanya/bumperbot_ws/install/bumperbot_controller/include/include/bumperbot_controller/simple_controller.hpp
[6.368s] -- Up-to-date: /home/chaitanya/bumperbot_ws/install/bumperbot_controller/lib/bumperbot_controller/simple_controller
[6.369s] -- Up-to-date: /home/chaitanya/bumperbot_ws/install/bumperbot_controller/lib/bumperbot_controller/noisy_controller
[6.369s] -- Up-to-date: /home/chaitanya/bumperbot_ws/install/bumperbot_controller/share/bumperbot_controller/launch
[6.385s] -- Up-to-date: /home/chaitanya/bumperbot_ws/install/bumperbot_controller/share/bumperbot_controller/launch/controller.launch.py
[6.388s] -- Up-to-date: /home/chaitanya/bumperbot_ws/install/bumperbot_controller/share/bumperbot_controller/launch/joystick_teleop.launch.py
[6.419s] -- Up-to-date: /home/chaitanya/bumperbot_ws/install/bumperbot_controller/share/bumperbot_controller/config
[6.422s] -- Up-to-date: /home/chaitanya/bumperbot_ws/install/bumperbot_controller/share/bumperbot_controller/config/joy_teleop.yaml
[6.422s] -- Up-to-date: /home/chaitanya/bumperbot_ws/install/bumperbot_controller/share/bumperbot_controller/config/joy_config.yaml
[6.438s] -- Up-to-date: /home/chaitanya/bumperbot_ws/install/bumperbot_controller/share/bumperbot_controller/config/bumperbot_controllers.yaml
[6.449s] -- Up-to-date: /home/chaitanya/bumperbot_ws/install/bumperbot_controller/lib/bumperbot_controller/simple_controller.py
[6.449s] -- Up-to-date: /home/chaitanya/bumperbot_ws/install/bumperbot_controller/lib/bumperbot_controller/noisy_controller.py
[6.452s] -- Up-to-date: /home/chaitanya/bumperbot_ws/install/bumperbot_controller/share/ament_index/resource_index/package_run_dependencies/bumperbot_controller
[6.452s] -- Up-to-date: /home/chaitanya/bumperbot_ws/install/bumperbot_controller/share/ament_index/resource_index/parent_prefix_path/bumperbot_controller
[6.452s] -- Up-to-date: /home/chaitanya/bumperbot_ws/install/bumperbot_controller/share/bumperbot_controller/environment/ament_prefix_path.sh
[6.453s] -- Up-to-date: /home/chaitanya/bumperbot_ws/install/bumperbot_controller/share/bumperbot_controller/environment/ament_prefix_path.dsv
[6.454s] -- Up-to-date: /home/chaitanya/bumperbot_ws/install/bumperbot_controller/share/bumperbot_controller/environment/path.sh
[6.454s] -- Up-to-date: /home/chaitanya/bumperbot_ws/install/bumperbot_controller/share/bumperbot_controller/environment/path.dsv
[6.507s] -- Up-to-date: /home/chaitanya/bumperbot_ws/install/bumperbot_controller/share/bumperbot_controller/local_setup.bash
[6.509s] -- Up-to-date: /home/chaitanya/bumperbot_ws/install/bumperbot_controller/share/bumperbot_controller/local_setup.sh
[6.510s] -- Up-to-date: /home/chaitanya/bumperbot_ws/install/bumperbot_controller/share/bumperbot_controller/local_setup.zsh
[6.514s] -- Up-to-date: /home/chaitanya/bumperbot_ws/install/bumperbot_controller/share/bumperbot_controller/local_setup.dsv
[6.515s] -- Installing: /home/chaitanya/bumperbot_ws/install/bumperbot_controller/share/bumperbot_controller/package.dsv
[6.516s] -- Up-to-date: /home/chaitanya/bumperbot_ws/install/bumperbot_controller/share/ament_index/resource_index/packages/bumperbot_controller
[6.524s] -- Up-to-date: /home/chaitanya/bumperbot_ws/install/bumperbot_controller/share/bumperbot_controller/cmake/bumperbot_controllerConfig.cmake
[6.525s] -- Up-to-date: /home/chaitanya/bumperbot_ws/install/bumperbot_controller/share/bumperbot_controller/cmake/bumperbot_controllerConfig-version.cmake
[6.530s] -- Up-to-date: /home/chaitanya/bumperbot_ws/install/bumperbot_controller/share/bumperbot_controller/package.xml
[6.534s] Invoked command in '/home/chaitanya/bumperbot_ws/build/bumperbot_controller' returned '0': CMAKE_PREFIX_PATH=/opt/ros/humble /usr/bin/cmake --install /home/chaitanya/bumperbot_ws/build/bumperbot_controller
