[0.205s] Invoking command in '/home/chaitanya/bumperbot_ws/build/bumperbot_localization': CMAKE_PREFIX_PATH=${CMAKE_PREFIX_PATH}:/home/chaitanya/bumperbot_ws/install/bumperbot_py_examples:/opt/ros/humble /usr/bin/cmake --build /home/chaitanya/bumperbot_ws/build/bumperbot_localization -- -j4 -l4
[1.088s] [ 50%] Built target kalman_filter
[1.403s] [ 50%] Built target ament_cmake_python_copy_bumperbot_localization
[1.965s] [100%] Built target imu_republisher
[6.219s] running egg_info
[6.225s] writing bumperbot_localization.egg-info/PKG-INFO
[6.226s] writing dependency_links to bumperbot_localization.egg-info/dependency_links.txt
[6.226s] writing top-level names to bumperbot_localization.egg-info/top_level.txt
[6.238s] reading manifest file 'bumperbot_localization.egg-info/SOURCES.txt'
[6.274s] writing manifest file 'bumperbot_localization.egg-info/SOURCES.txt'
[6.462s] [100%] Built target ament_cmake_python_build_bumperbot_localization_egg
[6.606s] Invoked command in '/home/chaitanya/bumperbot_ws/build/bumperbot_localization' returned '0': CMAKE_PREFIX_PATH=${CMAKE_PREFIX_PATH}:/home/chaitanya/bumperbot_ws/install/bumperbot_py_examples:/opt/ros/humble /usr/bin/cmake --build /home/chaitanya/bumperbot_ws/build/bumperbot_localization -- -j4 -l4
[6.654s] Invoking command in '/home/chaitanya/bumperbot_ws/build/bumperbot_localization': CMAKE_PREFIX_PATH=${CMAKE_PREFIX_PATH}:/home/chaitanya/bumperbot_ws/install/bumperbot_py_examples:/opt/ros/humble /usr/bin/cmake --install /home/chaitanya/bumperbot_ws/build/bumperbot_localization
[6.805s] -- Install configuration: ""
[6.806s] -- Up-to-date: /home/chaitanya/bumperbot_ws/install/bumperbot_localization/share/bumperbot_localization/environment/pythonpath.sh
[6.806s] -- Up-to-date: /home/chaitanya/bumperbot_ws/install/bumperbot_localization/share/bumperbot_localization/environment/pythonpath.dsv
[6.811s] -- Up-to-date: /home/chaitanya/bumperbot_ws/install/bumperbot_localization/local/lib/python3.10/dist-packages/bumperbot_localization-0.0.0-py3.10.egg-info
[6.813s] -- Installing: /home/chaitanya/bumperbot_ws/install/bumperbot_localization/local/lib/python3.10/dist-packages/bumperbot_localization-0.0.0-py3.10.egg-info/PKG-INFO
[6.814s] -- Installing: /home/chaitanya/bumperbot_ws/install/bumperbot_localization/local/lib/python3.10/dist-packages/bumperbot_localization-0.0.0-py3.10.egg-info/top_level.txt
[6.831s] -- Installing: /home/chaitanya/bumperbot_ws/install/bumperbot_localization/local/lib/python3.10/dist-packages/bumperbot_localization-0.0.0-py3.10.egg-info/dependency_links.txt
[6.834s] -- Installing: /home/chaitanya/bumperbot_ws/install/bumperbot_localization/local/lib/python3.10/dist-packages/bumperbot_localization-0.0.0-py3.10.egg-info/SOURCES.txt
[6.853s] -- Up-to-date: /home/chaitanya/bumperbot_ws/install/bumperbot_localization/local/lib/python3.10/dist-packages/bumperbot_localization
[6.854s] -- Up-to-date: /home/chaitanya/bumperbot_ws/install/bumperbot_localization/local/lib/python3.10/dist-packages/bumperbot_localization/kalman_filter.py
[6.854s] -- Up-to-date: /home/chaitanya/bumperbot_ws/install/bumperbot_localization/local/lib/python3.10/dist-packages/bumperbot_localization/__init__.py
[6.855s] -- Up-to-date: /home/chaitanya/bumperbot_ws/install/bumperbot_localization/local/lib/python3.10/dist-packages/bumperbot_localization/imu_republisher.py
[7.455s] Listing '/home/chaitanya/bumperbot_ws/install/bumperbot_localization/local/lib/python3.10/dist-packages/bumperbot_localization'...
[7.511s] -- Up-to-date: /home/chaitanya/bumperbot_ws/install/bumperbot_localization/include/include
[7.519s] -- Up-to-date: /home/chaitanya/bumperbot_ws/install/bumperbot_localization/include/include/bumperbot_localization
[7.527s] -- Up-to-date: /home/chaitanya/bumperbot_ws/install/bumperbot_localization/include/include/bumperbot_localization/kalman_filter.hpp
[7.530s] -- Up-to-date: /home/chaitanya/bumperbot_ws/install/bumperbot_localization/lib/bumperbot_localization/kalman_filter
[7.549s] -- Up-to-date: /home/chaitanya/bumperbot_ws/install/bumperbot_localization/lib/bumperbot_localization/imu_republisher
[7.551s] -- Up-to-date: /home/chaitanya/bumperbot_ws/install/bumperbot_localization/share/bumperbot_localization/launch
[7.557s] -- Up-to-date: /home/chaitanya/bumperbot_ws/install/bumperbot_localization/share/bumperbot_localization/launch/local_localization.launch.py
[7.559s] -- Up-to-date: /home/chaitanya/bumperbot_ws/install/bumperbot_localization/share/bumperbot_localization/config
[7.560s] -- Up-to-date: /home/chaitanya/bumperbot_ws/install/bumperbot_localization/share/bumperbot_localization/config/ekf.yaml
[7.568s] -- Up-to-date: /home/chaitanya/bumperbot_ws/install/bumperbot_localization/lib/bumperbot_localization/kalman_filter.py
[7.569s] -- Up-to-date: /home/chaitanya/bumperbot_ws/install/bumperbot_localization/lib/bumperbot_localization/imu_republisher.py
[7.575s] -- Up-to-date: /home/chaitanya/bumperbot_ws/install/bumperbot_localization/share/ament_index/resource_index/package_run_dependencies/bumperbot_localization
[7.576s] -- Up-to-date: /home/chaitanya/bumperbot_ws/install/bumperbot_localization/share/ament_index/resource_index/parent_prefix_path/bumperbot_localization
[7.578s] -- Up-to-date: /home/chaitanya/bumperbot_ws/install/bumperbot_localization/share/bumperbot_localization/environment/ament_prefix_path.sh
[7.596s] -- Up-to-date: /home/chaitanya/bumperbot_ws/install/bumperbot_localization/share/bumperbot_localization/environment/ament_prefix_path.dsv
[7.600s] -- Up-to-date: /home/chaitanya/bumperbot_ws/install/bumperbot_localization/share/bumperbot_localization/environment/path.sh
[7.607s] -- Up-to-date: /home/chaitanya/bumperbot_ws/install/bumperbot_localization/share/bumperbot_localization/environment/path.dsv
[7.608s] -- Up-to-date: /home/chaitanya/bumperbot_ws/install/bumperbot_localization/share/bumperbot_localization/local_setup.bash
[7.609s] -- Up-to-date: /home/chaitanya/bumperbot_ws/install/bumperbot_localization/share/bumperbot_localization/local_setup.sh
[7.611s] -- Up-to-date: /home/chaitanya/bumperbot_ws/install/bumperbot_localization/share/bumperbot_localization/local_setup.zsh
[7.618s] -- Up-to-date: /home/chaitanya/bumperbot_ws/install/bumperbot_localization/share/bumperbot_localization/local_setup.dsv
[7.618s] -- Installing: /home/chaitanya/bumperbot_ws/install/bumperbot_localization/share/bumperbot_localization/package.dsv
[7.631s] -- Up-to-date: /home/chaitanya/bumperbot_ws/install/bumperbot_localization/share/ament_index/resource_index/packages/bumperbot_localization
[7.631s] -- Up-to-date: /home/chaitanya/bumperbot_ws/install/bumperbot_localization/share/bumperbot_localization/cmake/bumperbot_localizationConfig.cmake
[7.632s] -- Up-to-date: /home/chaitanya/bumperbot_ws/install/bumperbot_localization/share/bumperbot_localization/cmake/bumperbot_localizationConfig-version.cmake
[7.632s] -- Up-to-date: /home/chaitanya/bumperbot_ws/install/bumperbot_localization/share/bumperbot_localization/package.xml
[7.690s] Invoked command in '/home/chaitanya/bumperbot_ws/build/bumperbot_localization' returned '0': CMAKE_PREFIX_PATH=${CMAKE_PREFIX_PATH}:/home/chaitanya/bumperbot_ws/install/bumperbot_py_examples:/opt/ros/humble /usr/bin/cmake --install /home/chaitanya/bumperbot_ws/build/bumperbot_localization
