[0.137s] Invoking command in '/home/chaitanya/bumperbot_ws/build/bumperbot_controller': CMAKE_PREFIX_PATH=/opt/ros/humble /usr/bin/cmake /home/chaitanya/bumperbot_ws/src/bumperbot_controller -DCMAKE_INSTALL_PREFIX=/home/chaitanya/bumperbot_ws/install/bumperbot_controller
[1.617s] -- The C compiler identification is GNU 11.4.0
[2.542s] -- The CXX compiler identification is GNU 11.4.0
[2.623s] -- Detecting C compiler ABI info
[3.414s] -- Detecting C compiler ABI info - done
[3.499s] -- Check for working C compiler: /usr/bin/cc - skipped
[3.504s] -- Detecting C compile features
[3.508s] -- Detecting C compile features - done
[3.582s] -- Detecting CXX compiler ABI info
[4.618s] -- Detecting CXX compiler ABI info - done
[4.729s] -- Check for working CXX compiler: /usr/bin/c++ - skipped
[4.729s] -- Detecting CXX compile features
[4.730s] -- Detecting CXX compile features - done
[4.929s] -- Found ament_cmake: 1.3.11 (/opt/ros/humble/share/ament_cmake/cmake)
[6.377s] -- Found Python3: /usr/bin/python3 (found version "3.10.12") found components: Interpreter 
[7.967s] -- Found rclcpp: 16.0.12 (/opt/ros/humble/share/rclcpp/cmake)
[8.827s] -- Found rosidl_generator_c: 3.1.6 (/opt/ros/humble/share/rosidl_generator_c/cmake)
[8.889s] -- Found rosidl_adapter: 3.1.6 (/opt/ros/humble/share/rosidl_adapter/cmake)
[8.974s] -- Found rosidl_generator_cpp: 3.1.6 (/opt/ros/humble/share/rosidl_generator_cpp/cmake)
[9.065s] -- Using all available rosidl_typesupport_c: rosidl_typesupport_fastrtps_c;rosidl_typesupport_introspection_c
[9.278s] -- Using all available rosidl_typesupport_cpp: rosidl_typesupport_fastrtps_cpp;rosidl_typesupport_introspection_cpp
[9.861s] -- Found rmw_implementation_cmake: 6.1.2 (/opt/ros/humble/share/rmw_implementation_cmake/cmake)
[9.927s] -- Found rmw_fastrtps_cpp: 6.2.7 (/opt/ros/humble/share/rmw_fastrtps_cpp/cmake)
[11.411s] -- Found OpenSSL: /usr/lib/aarch64-linux-gnu/libcrypto.so (found version "3.0.2")  
[11.964s] -- Found FastRTPS: /opt/ros/humble/include  
[12.589s] -- Using RMW implementation 'rmw_fastrtps_cpp' as default
[12.859s] -- Looking for pthread.h
[13.829s] -- Looking for pthread.h - found
[13.832s] -- Performing Test CMAKE_HAVE_LIBC_PTHREAD
[15.066s] -- Performing Test CMAKE_HAVE_LIBC_PTHREAD - Success
[15.084s] -- Found Threads: TRUE  
[15.682s] -- Found rclpy: 3.3.16 (/opt/ros/humble/share/rclpy/cmake)
[15.707s] -- Found geometry_msgs: 4.8.0 (/opt/ros/humble/share/geometry_msgs/cmake)
[15.899s] -- Found sensor_msgs: 4.8.0 (/opt/ros/humble/share/sensor_msgs/cmake)
[16.150s] -- Found nav_msgs: 4.8.0 (/opt/ros/humble/share/nav_msgs/cmake)
[16.470s] -- Found tf2_ros: 0.25.12 (/opt/ros/humble/share/tf2_ros/cmake)
[20.506s] -- Configuring done
[20.822s] -- Generating done
[20.938s] -- Build files have been written to: /home/chaitanya/bumperbot_ws/build/bumperbot_controller
[21.057s] Invoked command in '/home/chaitanya/bumperbot_ws/build/bumperbot_controller' returned '0': CMAKE_PREFIX_PATH=/opt/ros/humble /usr/bin/cmake /home/chaitanya/bumperbot_ws/src/bumperbot_controller -DCMAKE_INSTALL_PREFIX=/home/chaitanya/bumperbot_ws/install/bumperbot_controller
[21.058s] Invoking command in '/home/chaitanya/bumperbot_ws/build/bumperbot_controller': CMAKE_PREFIX_PATH=/opt/ros/humble /usr/bin/cmake --build /home/chaitanya/bumperbot_ws/build/bumperbot_controller -- -j4 -l4
[21.831s] [ 25%] [32mBuilding CXX object CMakeFiles/noisy_controller.dir/src/noisy_controller.cpp.o[0m
[21.855s] [ 50%] [32mBuilding CXX object CMakeFiles/simple_controller.dir/src/simple_controller.cpp.o[0m
[22.166s] [ 50%] Built target ament_cmake_python_copy_bumperbot_controller
