[0.011s] Invoking command in '/home/ubuntu/BumperBot_V1/build/bumperbot_firmware': CMAKE_PREFIX_PATH=/opt/ros/humble /usr/bin/cmake /home/ubuntu/BumperBot_V1/src/bumperbot_firmware -DCMAKE_INSTALL_PREFIX=/home/ubuntu/BumperBot_V1/install/bumperbot_firmware
[0.094s] -- The C compiler identification is GNU 11.4.0
[0.169s] -- The CXX compiler identification is GNU 11.4.0
[0.177s] -- Detecting C compiler ABI info
[0.226s] -- Detecting C compiler ABI info - done
[0.238s] -- Check for working C compiler: /usr/bin/cc - skipped
[0.238s] -- Detecting C compile features
[0.238s] -- Detecting C compile features - done
[0.243s] -- Detecting CXX compiler ABI info
[0.297s] -- Detecting CXX compiler ABI info - done
[0.308s] -- Check for working CXX compiler: /usr/bin/c++ - skipped
[0.309s] -- Detecting CXX compile features
[0.309s] -- Detecting CXX compile features - done
[0.312s] -- Found ament_cmake: 1.3.11 (/opt/ros/humble/share/ament_cmake/cmake)
[0.408s] -- Found Python3: /usr/bin/python3 (found version "3.10.12") found components: Interpreter 
[0.465s] -- Found rclcpp: 16.0.12 (/opt/ros/humble/share/rclcpp/cmake)
[0.504s] -- Found rosidl_generator_c: 3.1.6 (/opt/ros/humble/share/rosidl_generator_c/cmake)
[0.507s] -- Found rosidl_adapter: 3.1.6 (/opt/ros/humble/share/rosidl_adapter/cmake)
[0.512s] -- Found rosidl_generator_cpp: 3.1.6 (/opt/ros/humble/share/rosidl_generator_cpp/cmake)
[0.519s] -- Using all available rosidl_typesupport_c: rosidl_typesupport_fastrtps_c;rosidl_typesupport_introspection_c
[0.528s] -- Using all available rosidl_typesupport_cpp: rosidl_typesupport_fastrtps_cpp;rosidl_typesupport_introspection_cpp
[0.560s] -- Found rmw_implementation_cmake: 6.1.2 (/opt/ros/humble/share/rmw_implementation_cmake/cmake)
[0.562s] -- Found rmw_fastrtps_cpp: 6.2.7 (/opt/ros/humble/share/rmw_fastrtps_cpp/cmake)
[0.613s] -- Found OpenSSL: /usr/lib/aarch64-linux-gnu/libcrypto.so (found version "3.0.2")  
[0.631s] -- Found FastRTPS: /opt/ros/humble/include  
[0.657s] -- Using RMW implementation 'rmw_fastrtps_cpp' as default
[0.664s] -- Looking for pthread.h
[0.703s] -- Looking for pthread.h - found
[0.703s] -- Performing Test CMAKE_HAVE_LIBC_PTHREAD
[0.768s] -- Performing Test CMAKE_HAVE_LIBC_PTHREAD - Success
[0.769s] -- Found Threads: TRUE  
[0.804s] -- Found hardware_interface: 2.50.0 (/opt/ros/humble/share/hardware_interface/cmake)
[0.914s] -- Found PkgConfig: /usr/bin/pkg-config (found version "0.29.2") 
[0.914s] -- Checking for module 'libserial'
[0.918s] --   Found libserial, version 1.0.0
[0.990s] -- Configuring done
[1.020s] -- Generating done
[1.024s] -- Build files have been written to: /home/ubuntu/BumperBot_V1/build/bumperbot_firmware
[1.028s] Invoked command in '/home/ubuntu/BumperBot_V1/build/bumperbot_firmware' returned '0': CMAKE_PREFIX_PATH=/opt/ros/humble /usr/bin/cmake /home/ubuntu/BumperBot_V1/src/bumperbot_firmware -DCMAKE_INSTALL_PREFIX=/home/ubuntu/BumperBot_V1/install/bumperbot_firmware
[1.030s] Invoking command in '/home/ubuntu/BumperBot_V1/build/bumperbot_firmware': CMAKE_PREFIX_PATH=/opt/ros/humble /usr/bin/cmake --build /home/ubuntu/BumperBot_V1/build/bumperbot_firmware -- -j8 -l8
[1.071s] [ 25%] [32mBuilding CXX object CMakeFiles/simple_serial_transmitter.dir/src/transmitter.cpp.o[0m
[1.075s] [ 50%] [32mBuilding CXX object CMakeFiles/bumperbot_firmware.dir/src/BumperbotHardware.cpp.o[0m
