[0.134s] Invoking command in '/home/chaitanya/bumperbot_ws/build/bumperbot_msgs': CMAKE_PREFIX_PATH=/opt/ros/humble /usr/bin/cmake /home/chaitanya/bumperbot_ws/src/bumperbot_msgs -DCMAKE_INSTALL_PREFIX=/home/chaitanya/bumperbot_ws/install/bumperbot_msgs
[1.619s] -- The C compiler identification is GNU 11.4.0
[2.605s] -- The CXX compiler identification is GNU 11.4.0
[2.797s] -- Detecting C compiler ABI info
[3.581s] -- Detecting C compiler ABI info - done
[3.678s] -- Check for working C compiler: /usr/bin/cc - skipped
[3.694s] -- Detecting C compile features
[3.694s] -- Detecting C compile features - done
[3.750s] -- Detecting CXX compiler ABI info
[4.627s] -- Detecting CXX compiler ABI info - done
[4.684s] -- Check for working CXX compiler: /usr/bin/c++ - skipped
[4.684s] -- Detecting CXX compile features
[4.685s] -- Detecting CXX compile features - done
[4.754s] -- Found ament_cmake: 1.3.11 (/opt/ros/humble/share/ament_cmake/cmake)
[6.592s] -- Found Python3: /usr/bin/python3 (found version "3.10.12") found components: Interpreter 
[7.995s] -- Found geometry_msgs: 4.8.0 (/opt/ros/humble/share/geometry_msgs/cmake)
[9.024s] -- Found rosidl_generator_c: 3.1.6 (/opt/ros/humble/share/rosidl_generator_c/cmake)
[9.115s] -- Found rosidl_adapter: 3.1.6 (/opt/ros/humble/share/rosidl_adapter/cmake)
[9.192s] -- Found rosidl_generator_cpp: 3.1.6 (/opt/ros/humble/share/rosidl_generator_cpp/cmake)
[9.309s] -- Using all available rosidl_typesupport_c: rosidl_typesupport_fastrtps_c;rosidl_typesupport_introspection_c
[9.456s] -- Using all available rosidl_typesupport_cpp: rosidl_typesupport_fastrtps_cpp;rosidl_typesupport_introspection_cpp
[9.755s] -- Found rosidl_default_generators: 1.2.0 (/opt/ros/humble/share/rosidl_default_generators/cmake)
[12.524s] -- Found ament_cmake_ros: 0.10.0 (/opt/ros/humble/share/ament_cmake_ros/cmake)
[17.279s] -- Using all available rosidl_typesupport_c: rosidl_typesupport_fastrtps_c;rosidl_typesupport_introspection_c
[19.007s] -- Using all available rosidl_typesupport_cpp: rosidl_typesupport_fastrtps_cpp;rosidl_typesupport_introspection_cpp
[19.231s] -- Found PythonInterp: /usr/bin/python3 (found suitable version "3.10.12", minimum required is "3.6") 
[19.309s] -- Found python_cmake_module: 0.10.0 (/opt/ros/humble/share/python_cmake_module/cmake)
[19.680s] -- Found PythonLibs: /usr/lib/aarch64-linux-gnu/libpython3.10.so (found suitable version "3.10.12", minimum required is "3.5") 
[19.683s] -- Using PYTHON_EXECUTABLE: /usr/bin/python3
[19.685s] -- Using PYTHON_INCLUDE_DIRS: /usr/include/python3.10
[19.688s] -- Using PYTHON_LIBRARIES: /usr/lib/aarch64-linux-gnu/libpython3.10.so
[19.968s] -- Found PythonExtra: .so  
[20.878s] -- Configuring done
[21.447s] -- Generating done
[21.518s] -- Build files have been written to: /home/chaitanya/bumperbot_ws/build/bumperbot_msgs
[21.640s] Invoked command in '/home/chaitanya/bumperbot_ws/build/bumperbot_msgs' returned '0': CMAKE_PREFIX_PATH=/opt/ros/humble /usr/bin/cmake /home/chaitanya/bumperbot_ws/src/bumperbot_msgs -DCMAKE_INSTALL_PREFIX=/home/chaitanya/bumperbot_ws/install/bumperbot_msgs
[21.642s] Invoking command in '/home/chaitanya/bumperbot_ws/build/bumperbot_msgs': CMAKE_PREFIX_PATH=/opt/ros/humble /usr/bin/cmake --build /home/chaitanya/bumperbot_ws/build/bumperbot_msgs -- -j4 -l4
[22.106s] [  2%] [34m[1mGenerating C code for ROS interfaces[0m
[22.309s] [  5%] [34m[1mGenerating C++ code for ROS interfaces[0m
[27.312s] [  5%] Built target bumperbot_msgs__cpp
[29.036s] [  7%] [32mBuilding C object CMakeFiles/bumperbot_msgs__rosidl_generator_c.dir/rosidl_generator_c/bumperbot_msgs/srv/detail/add_two_ints__functions.c.o[0m
[29.764s] [ 10%] [32mBuilding C object CMakeFiles/bumperbot_msgs__rosidl_generator_c.dir/rosidl_generator_c/bumperbot_msgs/srv/detail/get_transform__functions.c.o[0m
[30.702s] [ 12%] [32m[1mLinking C shared library libbumperbot_msgs__rosidl_generator_c.so[0m
[31.354s] [ 12%] Built target bumperbot_msgs__rosidl_generator_c
[31.524s] [ 15%] [34m[1mGenerating C++ type support for eProsima Fast-RTPS[0m
[37.096s] [ 17%] [32mBuilding CXX object CMakeFiles/bumperbot_msgs__rosidl_typesupport_fastrtps_cpp.dir/rosidl_typesupport_fastrtps_cpp/bumperbot_msgs/srv/detail/dds_fastrtps/add_two_ints__type_support.cpp.o[0m
[43.577s] [ 20%] [32mBuilding CXX object CMakeFiles/bumperbot_msgs__rosidl_typesupport_fastrtps_cpp.dir/rosidl_typesupport_fastrtps_cpp/bumperbot_msgs/srv/detail/dds_fastrtps/get_transform__type_support.cpp.o[0m
