[0.188s] Invoking command in '/home/chaitanya/bumperbot_ws/build/bumperbot_firmware': CMAKE_PREFIX_PATH=/opt/ros/humble /usr/bin/cmake /home/chaitanya/bumperbot_ws/src/bumperbot_firmware -DCMAKE_INSTALL_PREFIX=/home/chaitanya/bumperbot_ws/install/bumperbot_firmware
[1.546s] -- The C compiler identification is GNU 11.4.0
[2.453s] -- The CXX compiler identification is GNU 11.4.0
[2.568s] -- Detecting C compiler ABI info
[3.516s] -- Detecting C compiler ABI info - done
[3.566s] -- Check for working C compiler: /usr/bin/cc - skipped
[3.567s] -- Detecting C compile features
[3.567s] -- Detecting C compile features - done
[3.579s] -- Detecting CXX compiler ABI info
[4.507s] -- Detecting CXX compiler ABI info - done
[4.581s] -- Check for working CXX compiler: /usr/bin/c++ - skipped
[4.608s] -- Detecting CXX compile features
[4.611s] -- Detecting CXX compile features - done
[4.883s] -- Found ament_cmake: 1.3.11 (/opt/ros/humble/share/ament_cmake/cmake)
[6.396s] -- Found Python3: /usr/bin/python3 (found version "3.10.12") found components: Interpreter 
[7.914s] -- Found rclcpp: 16.0.12 (/opt/ros/humble/share/rclcpp/cmake)
[8.502s] -- Found rosidl_generator_c: 3.1.6 (/opt/ros/humble/share/rosidl_generator_c/cmake)
[8.564s] -- Found rosidl_adapter: 3.1.6 (/opt/ros/humble/share/rosidl_adapter/cmake)
[8.644s] -- Found rosidl_generator_cpp: 3.1.6 (/opt/ros/humble/share/rosidl_generator_cpp/cmake)
[8.824s] -- Using all available rosidl_typesupport_c: rosidl_typesupport_fastrtps_c;rosidl_typesupport_introspection_c
[9.102s] -- Using all available rosidl_typesupport_cpp: rosidl_typesupport_fastrtps_cpp;rosidl_typesupport_introspection_cpp
[9.809s] -- Found rmw_implementation_cmake: 6.1.2 (/opt/ros/humble/share/rmw_implementation_cmake/cmake)
[9.875s] -- Found rmw_fastrtps_cpp: 6.2.7 (/opt/ros/humble/share/rmw_fastrtps_cpp/cmake)
[11.253s] -- Found OpenSSL: /usr/lib/aarch64-linux-gnu/libcrypto.so (found version "3.0.2")  
[11.818s] -- Found FastRTPS: /opt/ros/humble/include  
[12.706s] -- Using RMW implementation 'rmw_fastrtps_cpp' as default
[12.799s] -- Looking for pthread.h
[13.630s] -- Looking for pthread.h - found
[13.634s] -- Performing Test CMAKE_HAVE_LIBC_PTHREAD
[14.838s] -- Performing Test CMAKE_HAVE_LIBC_PTHREAD - Success
[14.869s] -- Found Threads: TRUE  
[15.688s] -- Found hardware_interface: 2.50.0 (/opt/ros/humble/share/hardware_interface/cmake)
[18.945s] -- Found PkgConfig: /usr/bin/pkg-config (found version "0.29.2") 
[18.957s] -- Checking for module 'libserial'
[19.169s] --   Found libserial, version 1.0.0
[20.480s] -- Configuring done
[21.034s] -- Generating done
[21.106s] -- Build files have been written to: /home/chaitanya/bumperbot_ws/build/bumperbot_firmware
[21.231s] Invoked command in '/home/chaitanya/bumperbot_ws/build/bumperbot_firmware' returned '0': CMAKE_PREFIX_PATH=/opt/ros/humble /usr/bin/cmake /home/chaitanya/bumperbot_ws/src/bumperbot_firmware -DCMAKE_INSTALL_PREFIX=/home/chaitanya/bumperbot_ws/install/bumperbot_firmware
[21.233s] Invoking command in '/home/chaitanya/bumperbot_ws/build/bumperbot_firmware': CMAKE_PREFIX_PATH=/opt/ros/humble /usr/bin/cmake --build /home/chaitanya/bumperbot_ws/build/bumperbot_firmware -- -j4 -l4
[21.990s] [ 25%] [32mBuilding CXX object CMakeFiles/bumperbot_firmware.dir/src/BumperbotHardware.cpp.o[0m
[22.113s] [ 50%] [32mBuilding CXX object CMakeFiles/simple_serial_transmitter.dir/src/transmitter.cpp.o[0m
