[0.871s] DEBUG:colcon:Command line arguments: ['/usr/bin/colcon', 'list', '-p', '--base-paths', '/home/chaitanya/bumperbot_ws']
[0.872s] DEBUG:colcon:Parsed command line arguments: Namespace(log_base=None, log_level=None, verb_name='list', build_base='build', ignore_user_meta=False, metas=['./colcon.meta'], base_paths=['/home/chaitanya/bumperbot_ws'], packages_ignore=None, packages_ignore_regex=None, paths=None, packages_up_to=None, packages_up_to_regex=None, packages_above=None, packages_above_and_dependencies=None, packages_above_depth=None, packages_select_by_dep=None, packages_skip_by_dep=None, packages_skip_up_to=None, packages_select_build_failed=False, packages_skip_build_finished=False, packages_select_test_failures=False, packages_skip_test_passed=False, packages_select=None, packages_skip=None, packages_select_regex=None, packages_skip_regex=None, packages_start=None, packages_end=None, allow_overriding=[], topological_order=False, names_only=False, paths_only=True, topological_graph=False, topological_graph_dot=False, topological_graph_density=False, topological_graph_legend=False, topological_graph_dot_cluster=False, topological_graph_dot_include_skipped=False, verb_parser=<colcon_defaults.argument_parser.defaults.DefaultArgumentsDecorator object at 0xffff947306d0>, verb_extension=<colcon_package_information.verb.list.ListVerb object at 0xffff949584f0>, main=<bound method ListVerb.main of <colcon_package_information.verb.list.ListVerb object at 0xffff949584f0>>)
[3.315s] Level 1:colcon.colcon_core.package_discovery:discover_packages(colcon_meta) check parameters
[3.317s] Level 1:colcon.colcon_core.package_discovery:discover_packages(recursive) check parameters
[3.317s] Level 1:colcon.colcon_core.package_discovery:discover_packages(ignore) check parameters
[3.317s] Level 1:colcon.colcon_core.package_discovery:discover_packages(path) check parameters
[3.317s] Level 1:colcon.colcon_core.package_discovery:discover_packages(recursive) discover
[3.318s] INFO:colcon.colcon_core.package_discovery:Crawling recursively for packages in '/home/chaitanya/bumperbot_ws'
[3.319s] Level 1:colcon.colcon_core.package_identification:_identify(/home/chaitanya/bumperbot_ws) by extensions ['ignore', 'ignore_ament_install']
[3.321s] Level 1:colcon.colcon_core.package_identification:_identify(/home/chaitanya/bumperbot_ws) by extension 'ignore'
[3.323s] Level 1:colcon.colcon_core.package_identification:_identify(/home/chaitanya/bumperbot_ws) by extension 'ignore_ament_install'
[3.326s] Level 1:colcon.colcon_core.package_identification:_identify(/home/chaitanya/bumperbot_ws) by extensions ['colcon_pkg']
[3.329s] Level 1:colcon.colcon_core.package_identification:_identify(/home/chaitanya/bumperbot_ws) by extension 'colcon_pkg'
[3.330s] Level 1:colcon.colcon_core.package_identification:_identify(/home/chaitanya/bumperbot_ws) by extensions ['colcon_meta']
[3.331s] Level 1:colcon.colcon_core.package_identification:_identify(/home/chaitanya/bumperbot_ws) by extension 'colcon_meta'
[3.332s] Level 1:colcon.colcon_core.package_identification:_identify(/home/chaitanya/bumperbot_ws) by extensions ['ros']
[3.333s] Level 1:colcon.colcon_core.package_identification:_identify(/home/chaitanya/bumperbot_ws) by extension 'ros'
[3.413s] Level 1:colcon.colcon_core.package_identification:_identify(/home/chaitanya/bumperbot_ws) by extensions ['cmake', 'python']
[3.413s] Level 1:colcon.colcon_core.package_identification:_identify(/home/chaitanya/bumperbot_ws) by extension 'cmake'
[3.414s] Level 1:colcon.colcon_core.package_identification:_identify(/home/chaitanya/bumperbot_ws) by extension 'python'
[3.416s] Level 1:colcon.colcon_core.package_identification:_identify(/home/chaitanya/bumperbot_ws) by extensions ['python_setup_py']
[3.416s] Level 1:colcon.colcon_core.package_identification:_identify(/home/chaitanya/bumperbot_ws) by extension 'python_setup_py'
[3.418s] Level 1:colcon.colcon_core.package_identification:_identify(/home/chaitanya/bumperbot_ws/build) by extensions ['ignore', 'ignore_ament_install']
[3.420s] Level 1:colcon.colcon_core.package_identification:_identify(/home/chaitanya/bumperbot_ws/build) by extension 'ignore'
[3.421s] Level 1:colcon.colcon_core.package_identification:_identify(/home/chaitanya/bumperbot_ws/build) by extension 'ignore_ament_install'
[3.422s] Level 1:colcon.colcon_core.package_identification:_identify(/home/chaitanya/bumperbot_ws/build) by extensions ['colcon_pkg']
[3.423s] Level 1:colcon.colcon_core.package_identification:_identify(/home/chaitanya/bumperbot_ws/build) by extension 'colcon_pkg'
[3.424s] Level 1:colcon.colcon_core.package_identification:_identify(/home/chaitanya/bumperbot_ws/build) by extensions ['colcon_meta']
[3.425s] Level 1:colcon.colcon_core.package_identification:_identify(/home/chaitanya/bumperbot_ws/build) by extension 'colcon_meta'
[3.426s] Level 1:colcon.colcon_core.package_identification:_identify(/home/chaitanya/bumperbot_ws/build) by extensions ['ros']
[3.427s] Level 1:colcon.colcon_core.package_identification:_identify(/home/chaitanya/bumperbot_ws/build) by extension 'ros'
[3.428s] Level 1:colcon.colcon_core.package_identification:_identify(/home/chaitanya/bumperbot_ws/build) by extensions ['cmake', 'python']
[3.429s] Level 1:colcon.colcon_core.package_identification:_identify(/home/chaitanya/bumperbot_ws/build) by extension 'cmake'
[3.430s] Level 1:colcon.colcon_core.package_identification:_identify(/home/chaitanya/bumperbot_ws/build) by extension 'python'
[3.431s] Level 1:colcon.colcon_core.package_identification:_identify(/home/chaitanya/bumperbot_ws/build) by extensions ['python_setup_py']
[3.432s] Level 1:colcon.colcon_core.package_identification:_identify(/home/chaitanya/bumperbot_ws/build) by extension 'python_setup_py'
[3.434s] Level 1:colcon.colcon_core.package_identification:_identify(/home/chaitanya/bumperbot_ws/build/CMakeFiles) by extensions ['ignore', 'ignore_ament_install']
[3.435s] Level 1:colcon.colcon_core.package_identification:_identify(/home/chaitanya/bumperbot_ws/build/CMakeFiles) by extension 'ignore'
[3.436s] Level 1:colcon.colcon_core.package_identification:_identify(/home/chaitanya/bumperbot_ws/build/CMakeFiles) by extension 'ignore_ament_install'
[3.437s] Level 1:colcon.colcon_core.package_identification:_identify(/home/chaitanya/bumperbot_ws/build/CMakeFiles) by extensions ['colcon_pkg']
[3.438s] Level 1:colcon.colcon_core.package_identification:_identify(/home/chaitanya/bumperbot_ws/build/CMakeFiles) by extension 'colcon_pkg'
[3.439s] Level 1:colcon.colcon_core.package_identification:_identify(/home/chaitanya/bumperbot_ws/build/CMakeFiles) by extensions ['colcon_meta']
[3.440s] Level 1:colcon.colcon_core.package_identification:_identify(/home/chaitanya/bumperbot_ws/build/CMakeFiles) by extension 'colcon_meta'
[3.441s] Level 1:colcon.colcon_core.package_identification:_identify(/home/chaitanya/bumperbot_ws/build/CMakeFiles) by extensions ['ros']
[3.441s] Level 1:colcon.colcon_core.package_identification:_identify(/home/chaitanya/bumperbot_ws/build/CMakeFiles) by extension 'ros'
[3.443s] Level 1:colcon.colcon_core.package_identification:_identify(/home/chaitanya/bumperbot_ws/build/CMakeFiles) by extensions ['cmake', 'python']
[3.444s] Level 1:colcon.colcon_core.package_identification:_identify(/home/chaitanya/bumperbot_ws/build/CMakeFiles) by extension 'cmake'
[3.445s] Level 1:colcon.colcon_core.package_identification:_identify(/home/chaitanya/bumperbot_ws/build/CMakeFiles) by extension 'python'
[3.446s] Level 1:colcon.colcon_core.package_identification:_identify(/home/chaitanya/bumperbot_ws/build/CMakeFiles) by extensions ['python_setup_py']
[3.447s] Level 1:colcon.colcon_core.package_identification:_identify(/home/chaitanya/bumperbot_ws/build/CMakeFiles) by extension 'python_setup_py'
[3.449s] Level 1:colcon.colcon_core.package_identification:_identify(/home/chaitanya/bumperbot_ws/build/CMakeFiles/3.22.1) by extensions ['ignore', 'ignore_ament_install']
[3.450s] Level 1:colcon.colcon_core.package_identification:_identify(/home/chaitanya/bumperbot_ws/build/CMakeFiles/3.22.1) by extension 'ignore'
[3.451s] Level 1:colcon.colcon_core.package_identification:_identify(/home/chaitanya/bumperbot_ws/build/CMakeFiles/3.22.1) by extension 'ignore_ament_install'
[3.452s] Level 1:colcon.colcon_core.package_identification:_identify(/home/chaitanya/bumperbot_ws/build/CMakeFiles/3.22.1) by extensions ['colcon_pkg']
[3.454s] Level 1:colcon.colcon_core.package_identification:_identify(/home/chaitanya/bumperbot_ws/build/CMakeFiles/3.22.1) by extension 'colcon_pkg'
[3.456s] Level 1:colcon.colcon_core.package_identification:_identify(/home/chaitanya/bumperbot_ws/build/CMakeFiles/3.22.1) by extensions ['colcon_meta']
[3.457s] Level 1:colcon.colcon_core.package_identification:_identify(/home/chaitanya/bumperbot_ws/build/CMakeFiles/3.22.1) by extension 'colcon_meta'
[3.458s] Level 1:colcon.colcon_core.package_identification:_identify(/home/chaitanya/bumperbot_ws/build/CMakeFiles/3.22.1) by extensions ['ros']
[3.459s] Level 1:colcon.colcon_core.package_identification:_identify(/home/chaitanya/bumperbot_ws/build/CMakeFiles/3.22.1) by extension 'ros'
[3.461s] Level 1:colcon.colcon_core.package_identification:_identify(/home/chaitanya/bumperbot_ws/build/CMakeFiles/3.22.1) by extensions ['cmake', 'python']
[3.462s] Level 1:colcon.colcon_core.package_identification:_identify(/home/chaitanya/bumperbot_ws/build/CMakeFiles/3.22.1) by extension 'cmake'
[3.463s] Level 1:colcon.colcon_core.package_identification:_identify(/home/chaitanya/bumperbot_ws/build/CMakeFiles/3.22.1) by extension 'python'
[3.464s] Level 1:colcon.colcon_core.package_identification:_identify(/home/chaitanya/bumperbot_ws/build/CMakeFiles/3.22.1) by extensions ['python_setup_py']
[3.465s] Level 1:colcon.colcon_core.package_identification:_identify(/home/chaitanya/bumperbot_ws/build/CMakeFiles/3.22.1) by extension 'python_setup_py'
[3.467s] Level 1:colcon.colcon_core.package_identification:_identify(/home/chaitanya/bumperbot_ws/build/CMakeFiles/3.22.1/CompilerIdC) by extensions ['ignore', 'ignore_ament_install']
[3.468s] Level 1:colcon.colcon_core.package_identification:_identify(/home/chaitanya/bumperbot_ws/build/CMakeFiles/3.22.1/CompilerIdC) by extension 'ignore'
[3.469s] Level 1:colcon.colcon_core.package_identification:_identify(/home/chaitanya/bumperbot_ws/build/CMakeFiles/3.22.1/CompilerIdC) by extension 'ignore_ament_install'
[3.471s] Level 1:colcon.colcon_core.package_identification:_identify(/home/chaitanya/bumperbot_ws/build/CMakeFiles/3.22.1/CompilerIdC) by extensions ['colcon_pkg']
[3.472s] Level 1:colcon.colcon_core.package_identification:_identify(/home/chaitanya/bumperbot_ws/build/CMakeFiles/3.22.1/CompilerIdC) by extension 'colcon_pkg'
[3.473s] Level 1:colcon.colcon_core.package_identification:_identify(/home/chaitanya/bumperbot_ws/build/CMakeFiles/3.22.1/CompilerIdC) by extensions ['colcon_meta']
[3.474s] Level 1:colcon.colcon_core.package_identification:_identify(/home/chaitanya/bumperbot_ws/build/CMakeFiles/3.22.1/CompilerIdC) by extension 'colcon_meta'
[3.475s] Level 1:colcon.colcon_core.package_identification:_identify(/home/chaitanya/bumperbot_ws/build/CMakeFiles/3.22.1/CompilerIdC) by extensions ['ros']
[3.476s] Level 1:colcon.colcon_core.package_identification:_identify(/home/chaitanya/bumperbot_ws/build/CMakeFiles/3.22.1/CompilerIdC) by extension 'ros'
[3.477s] Level 1:colcon.colcon_core.package_identification:_identify(/home/chaitanya/bumperbot_ws/build/CMakeFiles/3.22.1/CompilerIdC) by extensions ['cmake', 'python']
[3.478s] Level 1:colcon.colcon_core.package_identification:_identify(/home/chaitanya/bumperbot_ws/build/CMakeFiles/3.22.1/CompilerIdC) by extension 'cmake'
[3.479s] Level 1:colcon.colcon_core.package_identification:_identify(/home/chaitanya/bumperbot_ws/build/CMakeFiles/3.22.1/CompilerIdC) by extension 'python'
[3.479s] Level 1:colcon.colcon_core.package_identification:_identify(/home/chaitanya/bumperbot_ws/build/CMakeFiles/3.22.1/CompilerIdC) by extensions ['python_setup_py']
[3.480s] Level 1:colcon.colcon_core.package_identification:_identify(/home/chaitanya/bumperbot_ws/build/CMakeFiles/3.22.1/CompilerIdC) by extension 'python_setup_py'
[3.485s] Level 1:colcon.colcon_core.package_identification:_identify(/home/chaitanya/bumperbot_ws/build/CMakeFiles/3.22.1/CompilerIdC/tmp) by extensions ['ignore', 'ignore_ament_install']
[3.486s] Level 1:colcon.colcon_core.package_identification:_identify(/home/chaitanya/bumperbot_ws/build/CMakeFiles/3.22.1/CompilerIdC/tmp) by extension 'ignore'
[3.486s] Level 1:colcon.colcon_core.package_identification:_identify(/home/chaitanya/bumperbot_ws/build/CMakeFiles/3.22.1/CompilerIdC/tmp) by extension 'ignore_ament_install'
[3.487s] Level 1:colcon.colcon_core.package_identification:_identify(/home/chaitanya/bumperbot_ws/build/CMakeFiles/3.22.1/CompilerIdC/tmp) by extensions ['colcon_pkg']
[3.489s] Level 1:colcon.colcon_core.package_identification:_identify(/home/chaitanya/bumperbot_ws/build/CMakeFiles/3.22.1/CompilerIdC/tmp) by extension 'colcon_pkg'
[3.490s] Level 1:colcon.colcon_core.package_identification:_identify(/home/chaitanya/bumperbot_ws/build/CMakeFiles/3.22.1/CompilerIdC/tmp) by extensions ['colcon_meta']
[3.490s] Level 1:colcon.colcon_core.package_identification:_identify(/home/chaitanya/bumperbot_ws/build/CMakeFiles/3.22.1/CompilerIdC/tmp) by extension 'colcon_meta'
[3.492s] Level 1:colcon.colcon_core.package_identification:_identify(/home/chaitanya/bumperbot_ws/build/CMakeFiles/3.22.1/CompilerIdC/tmp) by extensions ['ros']
[3.492s] Level 1:colcon.colcon_core.package_identification:_identify(/home/chaitanya/bumperbot_ws/build/CMakeFiles/3.22.1/CompilerIdC/tmp) by extension 'ros'
[3.493s] Level 1:colcon.colcon_core.package_identification:_identify(/home/chaitanya/bumperbot_ws/build/CMakeFiles/3.22.1/CompilerIdC/tmp) by extensions ['cmake', 'python']
[3.494s] Level 1:colcon.colcon_core.package_identification:_identify(/home/chaitanya/bumperbot_ws/build/CMakeFiles/3.22.1/CompilerIdC/tmp) by extension 'cmake'
[3.494s] Level 1:colcon.colcon_core.package_identification:_identify(/home/chaitanya/bumperbot_ws/build/CMakeFiles/3.22.1/CompilerIdC/tmp) by extension 'python'
[3.495s] Level 1:colcon.colcon_core.package_identification:_identify(/home/chaitanya/bumperbot_ws/build/CMakeFiles/3.22.1/CompilerIdC/tmp) by extensions ['python_setup_py']
[3.495s] Level 1:colcon.colcon_core.package_identification:_identify(/home/chaitanya/bumperbot_ws/build/CMakeFiles/3.22.1/CompilerIdC/tmp) by extension 'python_setup_py'
[3.496s] Level 1:colcon.colcon_core.package_identification:_identify(/home/chaitanya/bumperbot_ws/build/CMakeFiles/3.22.1/CompilerIdCXX) by extensions ['ignore', 'ignore_ament_install']
[3.497s] Level 1:colcon.colcon_core.package_identification:_identify(/home/chaitanya/bumperbot_ws/build/CMakeFiles/3.22.1/CompilerIdCXX) by extension 'ignore'
[3.498s] Level 1:colcon.colcon_core.package_identification:_identify(/home/chaitanya/bumperbot_ws/build/CMakeFiles/3.22.1/CompilerIdCXX) by extension 'ignore_ament_install'
[3.498s] Level 1:colcon.colcon_core.package_identification:_identify(/home/chaitanya/bumperbot_ws/build/CMakeFiles/3.22.1/CompilerIdCXX) by extensions ['colcon_pkg']
[3.499s] Level 1:colcon.colcon_core.package_identification:_identify(/home/chaitanya/bumperbot_ws/build/CMakeFiles/3.22.1/CompilerIdCXX) by extension 'colcon_pkg'
[3.499s] Level 1:colcon.colcon_core.package_identification:_identify(/home/chaitanya/bumperbot_ws/build/CMakeFiles/3.22.1/CompilerIdCXX) by extensions ['colcon_meta']
[3.499s] Level 1:colcon.colcon_core.package_identification:_identify(/home/chaitanya/bumperbot_ws/build/CMakeFiles/3.22.1/CompilerIdCXX) by extension 'colcon_meta'
[3.500s] Level 1:colcon.colcon_core.package_identification:_identify(/home/chaitanya/bumperbot_ws/build/CMakeFiles/3.22.1/CompilerIdCXX) by extensions ['ros']
[3.501s] Level 1:colcon.colcon_core.package_identification:_identify(/home/chaitanya/bumperbot_ws/build/CMakeFiles/3.22.1/CompilerIdCXX) by extension 'ros'
[3.501s] Level 1:colcon.colcon_core.package_identification:_identify(/home/chaitanya/bumperbot_ws/build/CMakeFiles/3.22.1/CompilerIdCXX) by extensions ['cmake', 'python']
[3.502s] Level 1:colcon.colcon_core.package_identification:_identify(/home/chaitanya/bumperbot_ws/build/CMakeFiles/3.22.1/CompilerIdCXX) by extension 'cmake'
[3.502s] Level 1:colcon.colcon_core.package_identification:_identify(/home/chaitanya/bumperbot_ws/build/CMakeFiles/3.22.1/CompilerIdCXX) by extension 'python'
[3.503s] Level 1:colcon.colcon_core.package_identification:_identify(/home/chaitanya/bumperbot_ws/build/CMakeFiles/3.22.1/CompilerIdCXX) by extensions ['python_setup_py']
[3.503s] Level 1:colcon.colcon_core.package_identification:_identify(/home/chaitanya/bumperbot_ws/build/CMakeFiles/3.22.1/CompilerIdCXX) by extension 'python_setup_py'
[3.504s] Level 1:colcon.colcon_core.package_identification:_identify(/home/chaitanya/bumperbot_ws/build/CMakeFiles/3.22.1/CompilerIdCXX/tmp) by extensions ['ignore', 'ignore_ament_install']
[3.505s] Level 1:colcon.colcon_core.package_identification:_identify(/home/chaitanya/bumperbot_ws/build/CMakeFiles/3.22.1/CompilerIdCXX/tmp) by extension 'ignore'
[3.506s] Level 1:colcon.colcon_core.package_identification:_identify(/home/chaitanya/bumperbot_ws/build/CMakeFiles/3.22.1/CompilerIdCXX/tmp) by extension 'ignore_ament_install'
[3.506s] Level 1:colcon.colcon_core.package_identification:_identify(/home/chaitanya/bumperbot_ws/build/CMakeFiles/3.22.1/CompilerIdCXX/tmp) by extensions ['colcon_pkg']
[3.507s] Level 1:colcon.colcon_core.package_identification:_identify(/home/chaitanya/bumperbot_ws/build/CMakeFiles/3.22.1/CompilerIdCXX/tmp) by extension 'colcon_pkg'
[3.507s] Level 1:colcon.colcon_core.package_identification:_identify(/home/chaitanya/bumperbot_ws/build/CMakeFiles/3.22.1/CompilerIdCXX/tmp) by extensions ['colcon_meta']
[3.508s] Level 1:colcon.colcon_core.package_identification:_identify(/home/chaitanya/bumperbot_ws/build/CMakeFiles/3.22.1/CompilerIdCXX/tmp) by extension 'colcon_meta'
[3.508s] Level 1:colcon.colcon_core.package_identification:_identify(/home/chaitanya/bumperbot_ws/build/CMakeFiles/3.22.1/CompilerIdCXX/tmp) by extensions ['ros']
[3.509s] Level 1:colcon.colcon_core.package_identification:_identify(/home/chaitanya/bumperbot_ws/build/CMakeFiles/3.22.1/CompilerIdCXX/tmp) by extension 'ros'
[3.510s] Level 1:colcon.colcon_core.package_identification:_identify(/home/chaitanya/bumperbot_ws/build/CMakeFiles/3.22.1/CompilerIdCXX/tmp) by extensions ['cmake', 'python']
[3.510s] Level 1:colcon.colcon_core.package_identification:_identify(/home/chaitanya/bumperbot_ws/build/CMakeFiles/3.22.1/CompilerIdCXX/tmp) by extension 'cmake'
[3.510s] Level 1:colcon.colcon_core.package_identification:_identify(/home/chaitanya/bumperbot_ws/build/CMakeFiles/3.22.1/CompilerIdCXX/tmp) by extension 'python'
[3.511s] Level 1:colcon.colcon_core.package_identification:_identify(/home/chaitanya/bumperbot_ws/build/CMakeFiles/3.22.1/CompilerIdCXX/tmp) by extensions ['python_setup_py']
[3.511s] Level 1:colcon.colcon_core.package_identification:_identify(/home/chaitanya/bumperbot_ws/build/CMakeFiles/3.22.1/CompilerIdCXX/tmp) by extension 'python_setup_py'
[3.512s] Level 1:colcon.colcon_core.package_identification:_identify(/home/chaitanya/bumperbot_ws/build/CMakeFiles/CMakeTmp) by extensions ['ignore', 'ignore_ament_install']
[3.513s] Level 1:colcon.colcon_core.package_identification:_identify(/home/chaitanya/bumperbot_ws/build/CMakeFiles/CMakeTmp) by extension 'ignore'
[3.515s] Level 1:colcon.colcon_core.package_identification:_identify(/home/chaitanya/bumperbot_ws/build/CMakeFiles/CMakeTmp) by extension 'ignore_ament_install'
[3.518s] Level 1:colcon.colcon_core.package_identification:_identify(/home/chaitanya/bumperbot_ws/build/CMakeFiles/CMakeTmp) by extensions ['colcon_pkg']
[3.519s] Level 1:colcon.colcon_core.package_identification:_identify(/home/chaitanya/bumperbot_ws/build/CMakeFiles/CMakeTmp) by extension 'colcon_pkg'
[3.520s] Level 1:colcon.colcon_core.package_identification:_identify(/home/chaitanya/bumperbot_ws/build/CMakeFiles/CMakeTmp) by extensions ['colcon_meta']
[3.521s] Level 1:colcon.colcon_core.package_identification:_identify(/home/chaitanya/bumperbot_ws/build/CMakeFiles/CMakeTmp) by extension 'colcon_meta'
[3.522s] Level 1:colcon.colcon_core.package_identification:_identify(/home/chaitanya/bumperbot_ws/build/CMakeFiles/CMakeTmp) by extensions ['ros']
[3.523s] Level 1:colcon.colcon_core.package_identification:_identify(/home/chaitanya/bumperbot_ws/build/CMakeFiles/CMakeTmp) by extension 'ros'
[3.524s] Level 1:colcon.colcon_core.package_identification:_identify(/home/chaitanya/bumperbot_ws/build/CMakeFiles/CMakeTmp) by extensions ['cmake', 'python']
[3.524s] Level 1:colcon.colcon_core.package_identification:_identify(/home/chaitanya/bumperbot_ws/build/CMakeFiles/CMakeTmp) by extension 'cmake'
[3.525s] Level 1:colcon.colcon_core.package_identification:_identify(/home/chaitanya/bumperbot_ws/build/CMakeFiles/CMakeTmp) by extension 'python'
[3.526s] Level 1:colcon.colcon_core.package_identification:_identify(/home/chaitanya/bumperbot_ws/build/CMakeFiles/CMakeTmp) by extensions ['python_setup_py']
[3.526s] Level 1:colcon.colcon_core.package_identification:_identify(/home/chaitanya/bumperbot_ws/build/CMakeFiles/CMakeTmp) by extension 'python_setup_py'
[3.527s] Level 1:colcon.colcon_core.package_identification:_identify(/home/chaitanya/bumperbot_ws/build/CMakeFiles/ament_cmake_python_build_bumperbot_controller_egg.dir) by extensions ['ignore', 'ignore_ament_install']
[3.529s] Level 1:colcon.colcon_core.package_identification:_identify(/home/chaitanya/bumperbot_ws/build/CMakeFiles/ament_cmake_python_build_bumperbot_controller_egg.dir) by extension 'ignore'
[3.540s] Level 1:colcon.colcon_core.package_identification:_identify(/home/chaitanya/bumperbot_ws/build/CMakeFiles/ament_cmake_python_build_bumperbot_controller_egg.dir) by extension 'ignore_ament_install'
[3.540s] Level 1:colcon.colcon_core.package_identification:_identify(/home/chaitanya/bumperbot_ws/build/CMakeFiles/ament_cmake_python_build_bumperbot_controller_egg.dir) by extensions ['colcon_pkg']
[3.541s] Level 1:colcon.colcon_core.package_identification:_identify(/home/chaitanya/bumperbot_ws/build/CMakeFiles/ament_cmake_python_build_bumperbot_controller_egg.dir) by extension 'colcon_pkg'
[3.542s] Level 1:colcon.colcon_core.package_identification:_identify(/home/chaitanya/bumperbot_ws/build/CMakeFiles/ament_cmake_python_build_bumperbot_controller_egg.dir) by extensions ['colcon_meta']
[3.542s] Level 1:colcon.colcon_core.package_identification:_identify(/home/chaitanya/bumperbot_ws/build/CMakeFiles/ament_cmake_python_build_bumperbot_controller_egg.dir) by extension 'colcon_meta'
[3.543s] Level 1:colcon.colcon_core.package_identification:_identify(/home/chaitanya/bumperbot_ws/build/CMakeFiles/ament_cmake_python_build_bumperbot_controller_egg.dir) by extensions ['ros']
[3.543s] Level 1:colcon.colcon_core.package_identification:_identify(/home/chaitanya/bumperbot_ws/build/CMakeFiles/ament_cmake_python_build_bumperbot_controller_egg.dir) by extension 'ros'
[3.553s] Level 1:colcon.colcon_core.package_identification:_identify(/home/chaitanya/bumperbot_ws/build/CMakeFiles/ament_cmake_python_build_bumperbot_controller_egg.dir) by extensions ['cmake', 'python']
[3.553s] Level 1:colcon.colcon_core.package_identification:_identify(/home/chaitanya/bumperbot_ws/build/CMakeFiles/ament_cmake_python_build_bumperbot_controller_egg.dir) by extension 'cmake'
[3.554s] Level 1:colcon.colcon_core.package_identification:_identify(/home/chaitanya/bumperbot_ws/build/CMakeFiles/ament_cmake_python_build_bumperbot_controller_egg.dir) by extension 'python'
[3.554s] Level 1:colcon.colcon_core.package_identification:_identify(/home/chaitanya/bumperbot_ws/build/CMakeFiles/ament_cmake_python_build_bumperbot_controller_egg.dir) by extensions ['python_setup_py']
[3.554s] Level 1:colcon.colcon_core.package_identification:_identify(/home/chaitanya/bumperbot_ws/build/CMakeFiles/ament_cmake_python_build_bumperbot_controller_egg.dir) by extension 'python_setup_py'
[3.563s] Level 1:colcon.colcon_core.package_identification:_identify(/home/chaitanya/bumperbot_ws/build/CMakeFiles/ament_cmake_python_copy_bumperbot_controller.dir) by extensions ['ignore', 'ignore_ament_install']
[3.564s] Level 1:colcon.colcon_core.package_identification:_identify(/home/chaitanya/bumperbot_ws/build/CMakeFiles/ament_cmake_python_copy_bumperbot_controller.dir) by extension 'ignore'
[3.566s] Level 1:colcon.colcon_core.package_identification:_identify(/home/chaitanya/bumperbot_ws/build/CMakeFiles/ament_cmake_python_copy_bumperbot_controller.dir) by extension 'ignore_ament_install'
[3.567s] Level 1:colcon.colcon_core.package_identification:_identify(/home/chaitanya/bumperbot_ws/build/CMakeFiles/ament_cmake_python_copy_bumperbot_controller.dir) by extensions ['colcon_pkg']
[3.567s] Level 1:colcon.colcon_core.package_identification:_identify(/home/chaitanya/bumperbot_ws/build/CMakeFiles/ament_cmake_python_copy_bumperbot_controller.dir) by extension 'colcon_pkg'
[3.568s] Level 1:colcon.colcon_core.package_identification:_identify(/home/chaitanya/bumperbot_ws/build/CMakeFiles/ament_cmake_python_copy_bumperbot_controller.dir) by extensions ['colcon_meta']
[3.569s] Level 1:colcon.colcon_core.package_identification:_identify(/home/chaitanya/bumperbot_ws/build/CMakeFiles/ament_cmake_python_copy_bumperbot_controller.dir) by extension 'colcon_meta'
[3.571s] Level 1:colcon.colcon_core.package_identification:_identify(/home/chaitanya/bumperbot_ws/build/CMakeFiles/ament_cmake_python_copy_bumperbot_controller.dir) by extensions ['ros']
[3.572s] Level 1:colcon.colcon_core.package_identification:_identify(/home/chaitanya/bumperbot_ws/build/CMakeFiles/ament_cmake_python_copy_bumperbot_controller.dir) by extension 'ros'
[3.574s] Level 1:colcon.colcon_core.package_identification:_identify(/home/chaitanya/bumperbot_ws/build/CMakeFiles/ament_cmake_python_copy_bumperbot_controller.dir) by extensions ['cmake', 'python']
[3.574s] Level 1:colcon.colcon_core.package_identification:_identify(/home/chaitanya/bumperbot_ws/build/CMakeFiles/ament_cmake_python_copy_bumperbot_controller.dir) by extension 'cmake'
[3.576s] Level 1:colcon.colcon_core.package_identification:_identify(/home/chaitanya/bumperbot_ws/build/CMakeFiles/ament_cmake_python_copy_bumperbot_controller.dir) by extension 'python'
[3.577s] Level 1:colcon.colcon_core.package_identification:_identify(/home/chaitanya/bumperbot_ws/build/CMakeFiles/ament_cmake_python_copy_bumperbot_controller.dir) by extensions ['python_setup_py']
[3.577s] Level 1:colcon.colcon_core.package_identification:_identify(/home/chaitanya/bumperbot_ws/build/CMakeFiles/ament_cmake_python_copy_bumperbot_controller.dir) by extension 'python_setup_py'
[3.578s] Level 1:colcon.colcon_core.package_identification:_identify(/home/chaitanya/bumperbot_ws/build/CMakeFiles/bumperbot_controller_uninstall.dir) by extensions ['ignore', 'ignore_ament_install']
[3.581s] Level 1:colcon.colcon_core.package_identification:_identify(/home/chaitanya/bumperbot_ws/build/CMakeFiles/bumperbot_controller_uninstall.dir) by extension 'ignore'
[3.582s] Level 1:colcon.colcon_core.package_identification:_identify(/home/chaitanya/bumperbot_ws/build/CMakeFiles/bumperbot_controller_uninstall.dir) by extension 'ignore_ament_install'
[3.583s] Level 1:colcon.colcon_core.package_identification:_identify(/home/chaitanya/bumperbot_ws/build/CMakeFiles/bumperbot_controller_uninstall.dir) by extensions ['colcon_pkg']
[3.584s] Level 1:colcon.colcon_core.package_identification:_identify(/home/chaitanya/bumperbot_ws/build/CMakeFiles/bumperbot_controller_uninstall.dir) by extension 'colcon_pkg'
[3.584s] Level 1:colcon.colcon_core.package_identification:_identify(/home/chaitanya/bumperbot_ws/build/CMakeFiles/bumperbot_controller_uninstall.dir) by extensions ['colcon_meta']
[3.584s] Level 1:colcon.colcon_core.package_identification:_identify(/home/chaitanya/bumperbot_ws/build/CMakeFiles/bumperbot_controller_uninstall.dir) by extension 'colcon_meta'
[3.585s] Level 1:colcon.colcon_core.package_identification:_identify(/home/chaitanya/bumperbot_ws/build/CMakeFiles/bumperbot_controller_uninstall.dir) by extensions ['ros']
[3.585s] Level 1:colcon.colcon_core.package_identification:_identify(/home/chaitanya/bumperbot_ws/build/CMakeFiles/bumperbot_controller_uninstall.dir) by extension 'ros'
[3.586s] Level 1:colcon.colcon_core.package_identification:_identify(/home/chaitanya/bumperbot_ws/build/CMakeFiles/bumperbot_controller_uninstall.dir) by extensions ['cmake', 'python']
[3.587s] Level 1:colcon.colcon_core.package_identification:_identify(/home/chaitanya/bumperbot_ws/build/CMakeFiles/bumperbot_controller_uninstall.dir) by extension 'cmake'
[3.587s] Level 1:colcon.colcon_core.package_identification:_identify(/home/chaitanya/bumperbot_ws/build/CMakeFiles/bumperbot_controller_uninstall.dir) by extension 'python'
[3.588s] Level 1:colcon.colcon_core.package_identification:_identify(/home/chaitanya/bumperbot_ws/build/CMakeFiles/bumperbot_controller_uninstall.dir) by extensions ['python_setup_py']
[3.589s] Level 1:colcon.colcon_core.package_identification:_identify(/home/chaitanya/bumperbot_ws/build/CMakeFiles/bumperbot_controller_uninstall.dir) by extension 'python_setup_py'
[3.590s] Level 1:colcon.colcon_core.package_identification:_identify(/home/chaitanya/bumperbot_ws/build/CMakeFiles/noisy_controller.dir) by extensions ['ignore', 'ignore_ament_install']
[3.593s] Level 1:colcon.colcon_core.package_identification:_identify(/home/chaitanya/bumperbot_ws/build/CMakeFiles/noisy_controller.dir) by extension 'ignore'
[3.594s] Level 1:colcon.colcon_core.package_identification:_identify(/home/chaitanya/bumperbot_ws/build/CMakeFiles/noisy_controller.dir) by extension 'ignore_ament_install'
[3.596s] Level 1:colcon.colcon_core.package_identification:_identify(/home/chaitanya/bumperbot_ws/build/CMakeFiles/noisy_controller.dir) by extensions ['colcon_pkg']
[3.597s] Level 1:colcon.colcon_core.package_identification:_identify(/home/chaitanya/bumperbot_ws/build/CMakeFiles/noisy_controller.dir) by extension 'colcon_pkg'
[3.597s] Level 1:colcon.colcon_core.package_identification:_identify(/home/chaitanya/bumperbot_ws/build/CMakeFiles/noisy_controller.dir) by extensions ['colcon_meta']
[3.598s] Level 1:colcon.colcon_core.package_identification:_identify(/home/chaitanya/bumperbot_ws/build/CMakeFiles/noisy_controller.dir) by extension 'colcon_meta'
[3.598s] Level 1:colcon.colcon_core.package_identification:_identify(/home/chaitanya/bumperbot_ws/build/CMakeFiles/noisy_controller.dir) by extensions ['ros']
[3.601s] Level 1:colcon.colcon_core.package_identification:_identify(/home/chaitanya/bumperbot_ws/build/CMakeFiles/noisy_controller.dir) by extension 'ros'
[3.603s] Level 1:colcon.colcon_core.package_identification:_identify(/home/chaitanya/bumperbot_ws/build/CMakeFiles/noisy_controller.dir) by extensions ['cmake', 'python']
[3.604s] Level 1:colcon.colcon_core.package_identification:_identify(/home/chaitanya/bumperbot_ws/build/CMakeFiles/noisy_controller.dir) by extension 'cmake'
[3.605s] Level 1:colcon.colcon_core.package_identification:_identify(/home/chaitanya/bumperbot_ws/build/CMakeFiles/noisy_controller.dir) by extension 'python'
[3.606s] Level 1:colcon.colcon_core.package_identification:_identify(/home/chaitanya/bumperbot_ws/build/CMakeFiles/noisy_controller.dir) by extensions ['python_setup_py']
[3.607s] Level 1:colcon.colcon_core.package_identification:_identify(/home/chaitanya/bumperbot_ws/build/CMakeFiles/noisy_controller.dir) by extension 'python_setup_py'
[3.609s] Level 1:colcon.colcon_core.package_identification:_identify(/home/chaitanya/bumperbot_ws/build/CMakeFiles/noisy_controller.dir/src) by extensions ['ignore', 'ignore_ament_install']
[3.612s] Level 1:colcon.colcon_core.package_identification:_identify(/home/chaitanya/bumperbot_ws/build/CMakeFiles/noisy_controller.dir/src) by extension 'ignore'
[3.614s] Level 1:colcon.colcon_core.package_identification:_identify(/home/chaitanya/bumperbot_ws/build/CMakeFiles/noisy_controller.dir/src) by extension 'ignore_ament_install'
[3.618s] Level 1:colcon.colcon_core.package_identification:_identify(/home/chaitanya/bumperbot_ws/build/CMakeFiles/noisy_controller.dir/src) by extensions ['colcon_pkg']
[3.619s] Level 1:colcon.colcon_core.package_identification:_identify(/home/chaitanya/bumperbot_ws/build/CMakeFiles/noisy_controller.dir/src) by extension 'colcon_pkg'
[3.621s] Level 1:colcon.colcon_core.package_identification:_identify(/home/chaitanya/bumperbot_ws/build/CMakeFiles/noisy_controller.dir/src) by extensions ['colcon_meta']
[3.622s] Level 1:colcon.colcon_core.package_identification:_identify(/home/chaitanya/bumperbot_ws/build/CMakeFiles/noisy_controller.dir/src) by extension 'colcon_meta'
[3.623s] Level 1:colcon.colcon_core.package_identification:_identify(/home/chaitanya/bumperbot_ws/build/CMakeFiles/noisy_controller.dir/src) by extensions ['ros']
[3.624s] Level 1:colcon.colcon_core.package_identification:_identify(/home/chaitanya/bumperbot_ws/build/CMakeFiles/noisy_controller.dir/src) by extension 'ros'
[3.626s] Level 1:colcon.colcon_core.package_identification:_identify(/home/chaitanya/bumperbot_ws/build/CMakeFiles/noisy_controller.dir/src) by extensions ['cmake', 'python']
[3.626s] Level 1:colcon.colcon_core.package_identification:_identify(/home/chaitanya/bumperbot_ws/build/CMakeFiles/noisy_controller.dir/src) by extension 'cmake'
[3.627s] Level 1:colcon.colcon_core.package_identification:_identify(/home/chaitanya/bumperbot_ws/build/CMakeFiles/noisy_controller.dir/src) by extension 'python'
[3.629s] Level 1:colcon.colcon_core.package_identification:_identify(/home/chaitanya/bumperbot_ws/build/CMakeFiles/noisy_controller.dir/src) by extensions ['python_setup_py']
[3.631s] Level 1:colcon.colcon_core.package_identification:_identify(/home/chaitanya/bumperbot_ws/build/CMakeFiles/noisy_controller.dir/src) by extension 'python_setup_py'
[3.637s] Level 1:colcon.colcon_core.package_identification:_identify(/home/chaitanya/bumperbot_ws/build/CMakeFiles/simple_controller.dir) by extensions ['ignore', 'ignore_ament_install']
[3.638s] Level 1:colcon.colcon_core.package_identification:_identify(/home/chaitanya/bumperbot_ws/build/CMakeFiles/simple_controller.dir) by extension 'ignore'
[3.639s] Level 1:colcon.colcon_core.package_identification:_identify(/home/chaitanya/bumperbot_ws/build/CMakeFiles/simple_controller.dir) by extension 'ignore_ament_install'
[3.641s] Level 1:colcon.colcon_core.package_identification:_identify(/home/chaitanya/bumperbot_ws/build/CMakeFiles/simple_controller.dir) by extensions ['colcon_pkg']
[3.641s] Level 1:colcon.colcon_core.package_identification:_identify(/home/chaitanya/bumperbot_ws/build/CMakeFiles/simple_controller.dir) by extension 'colcon_pkg'
[3.643s] Level 1:colcon.colcon_core.package_identification:_identify(/home/chaitanya/bumperbot_ws/build/CMakeFiles/simple_controller.dir) by extensions ['colcon_meta']
[3.644s] Level 1:colcon.colcon_core.package_identification:_identify(/home/chaitanya/bumperbot_ws/build/CMakeFiles/simple_controller.dir) by extension 'colcon_meta'
[3.645s] Level 1:colcon.colcon_core.package_identification:_identify(/home/chaitanya/bumperbot_ws/build/CMakeFiles/simple_controller.dir) by extensions ['ros']
[3.646s] Level 1:colcon.colcon_core.package_identification:_identify(/home/chaitanya/bumperbot_ws/build/CMakeFiles/simple_controller.dir) by extension 'ros'
[3.648s] Level 1:colcon.colcon_core.package_identification:_identify(/home/chaitanya/bumperbot_ws/build/CMakeFiles/simple_controller.dir) by extensions ['cmake', 'python']
[3.649s] Level 1:colcon.colcon_core.package_identification:_identify(/home/chaitanya/bumperbot_ws/build/CMakeFiles/simple_controller.dir) by extension 'cmake'
[3.650s] Level 1:colcon.colcon_core.package_identification:_identify(/home/chaitanya/bumperbot_ws/build/CMakeFiles/simple_controller.dir) by extension 'python'
[3.653s] Level 1:colcon.colcon_core.package_identification:_identify(/home/chaitanya/bumperbot_ws/build/CMakeFiles/simple_controller.dir) by extensions ['python_setup_py']
[3.654s] Level 1:colcon.colcon_core.package_identification:_identify(/home/chaitanya/bumperbot_ws/build/CMakeFiles/simple_controller.dir) by extension 'python_setup_py'
[3.659s] Level 1:colcon.colcon_core.package_identification:_identify(/home/chaitanya/bumperbot_ws/build/CMakeFiles/simple_controller.dir/src) by extensions ['ignore', 'ignore_ament_install']
[3.661s] Level 1:colcon.colcon_core.package_identification:_identify(/home/chaitanya/bumperbot_ws/build/CMakeFiles/simple_controller.dir/src) by extension 'ignore'
[3.663s] Level 1:colcon.colcon_core.package_identification:_identify(/home/chaitanya/bumperbot_ws/build/CMakeFiles/simple_controller.dir/src) by extension 'ignore_ament_install'
[3.664s] Level 1:colcon.colcon_core.package_identification:_identify(/home/chaitanya/bumperbot_ws/build/CMakeFiles/simple_controller.dir/src) by extensions ['colcon_pkg']
[3.665s] Level 1:colcon.colcon_core.package_identification:_identify(/home/chaitanya/bumperbot_ws/build/CMakeFiles/simple_controller.dir/src) by extension 'colcon_pkg'
[3.666s] Level 1:colcon.colcon_core.package_identification:_identify(/home/chaitanya/bumperbot_ws/build/CMakeFiles/simple_controller.dir/src) by extensions ['colcon_meta']
[3.667s] Level 1:colcon.colcon_core.package_identification:_identify(/home/chaitanya/bumperbot_ws/build/CMakeFiles/simple_controller.dir/src) by extension 'colcon_meta'
[3.669s] Level 1:colcon.colcon_core.package_identification:_identify(/home/chaitanya/bumperbot_ws/build/CMakeFiles/simple_controller.dir/src) by extensions ['ros']
[3.670s] Level 1:colcon.colcon_core.package_identification:_identify(/home/chaitanya/bumperbot_ws/build/CMakeFiles/simple_controller.dir/src) by extension 'ros'
[3.674s] Level 1:colcon.colcon_core.package_identification:_identify(/home/chaitanya/bumperbot_ws/build/CMakeFiles/simple_controller.dir/src) by extensions ['cmake', 'python']
[3.677s] Level 1:colcon.colcon_core.package_identification:_identify(/home/chaitanya/bumperbot_ws/build/CMakeFiles/simple_controller.dir/src) by extension 'cmake'
[3.679s] Level 1:colcon.colcon_core.package_identification:_identify(/home/chaitanya/bumperbot_ws/build/CMakeFiles/simple_controller.dir/src) by extension 'python'
[3.680s] Level 1:colcon.colcon_core.package_identification:_identify(/home/chaitanya/bumperbot_ws/build/CMakeFiles/simple_controller.dir/src) by extensions ['python_setup_py']
[3.680s] Level 1:colcon.colcon_core.package_identification:_identify(/home/chaitanya/bumperbot_ws/build/CMakeFiles/simple_controller.dir/src) by extension 'python_setup_py'
[3.683s] Level 1:colcon.colcon_core.package_identification:_identify(/home/chaitanya/bumperbot_ws/build/CMakeFiles/uninstall.dir) by extensions ['ignore', 'ignore_ament_install']
[3.684s] Level 1:colcon.colcon_core.package_identification:_identify(/home/chaitanya/bumperbot_ws/build/CMakeFiles/uninstall.dir) by extension 'ignore'
[3.685s] Level 1:colcon.colcon_core.package_identification:_identify(/home/chaitanya/bumperbot_ws/build/CMakeFiles/uninstall.dir) by extension 'ignore_ament_install'
[3.686s] Level 1:colcon.colcon_core.package_identification:_identify(/home/chaitanya/bumperbot_ws/build/CMakeFiles/uninstall.dir) by extensions ['colcon_pkg']
[3.686s] Level 1:colcon.colcon_core.package_identification:_identify(/home/chaitanya/bumperbot_ws/build/CMakeFiles/uninstall.dir) by extension 'colcon_pkg'
[3.687s] Level 1:colcon.colcon_core.package_identification:_identify(/home/chaitanya/bumperbot_ws/build/CMakeFiles/uninstall.dir) by extensions ['colcon_meta']
[3.687s] Level 1:colcon.colcon_core.package_identification:_identify(/home/chaitanya/bumperbot_ws/build/CMakeFiles/uninstall.dir) by extension 'colcon_meta'
[3.688s] Level 1:colcon.colcon_core.package_identification:_identify(/home/chaitanya/bumperbot_ws/build/CMakeFiles/uninstall.dir) by extensions ['ros']
[3.688s] Level 1:colcon.colcon_core.package_identification:_identify(/home/chaitanya/bumperbot_ws/build/CMakeFiles/uninstall.dir) by extension 'ros'
[3.689s] Level 1:colcon.colcon_core.package_identification:_identify(/home/chaitanya/bumperbot_ws/build/CMakeFiles/uninstall.dir) by extensions ['cmake', 'python']
[3.690s] Level 1:colcon.colcon_core.package_identification:_identify(/home/chaitanya/bumperbot_ws/build/CMakeFiles/uninstall.dir) by extension 'cmake'
[3.691s] Level 1:colcon.colcon_core.package_identification:_identify(/home/chaitanya/bumperbot_ws/build/CMakeFiles/uninstall.dir) by extension 'python'
[3.692s] Level 1:colcon.colcon_core.package_identification:_identify(/home/chaitanya/bumperbot_ws/build/CMakeFiles/uninstall.dir) by extensions ['python_setup_py']
[3.692s] Level 1:colcon.colcon_core.package_identification:_identify(/home/chaitanya/bumperbot_ws/build/CMakeFiles/uninstall.dir) by extension 'python_setup_py'
[3.695s] Level 1:colcon.colcon_core.package_identification:_identify(/home/chaitanya/bumperbot_ws/build/Testing) by extensions ['ignore', 'ignore_ament_install']
[3.696s] Level 1:colcon.colcon_core.package_identification:_identify(/home/chaitanya/bumperbot_ws/build/Testing) by extension 'ignore'
[3.698s] Level 1:colcon.colcon_core.package_identification:_identify(/home/chaitanya/bumperbot_ws/build/Testing) by extension 'ignore_ament_install'
[3.700s] Level 1:colcon.colcon_core.package_identification:_identify(/home/chaitanya/bumperbot_ws/build/Testing) by extensions ['colcon_pkg']
[3.701s] Level 1:colcon.colcon_core.package_identification:_identify(/home/chaitanya/bumperbot_ws/build/Testing) by extension 'colcon_pkg'
[3.702s] Level 1:colcon.colcon_core.package_identification:_identify(/home/chaitanya/bumperbot_ws/build/Testing) by extensions ['colcon_meta']
[3.703s] Level 1:colcon.colcon_core.package_identification:_identify(/home/chaitanya/bumperbot_ws/build/Testing) by extension 'colcon_meta'
[3.704s] Level 1:colcon.colcon_core.package_identification:_identify(/home/chaitanya/bumperbot_ws/build/Testing) by extensions ['ros']
[3.704s] Level 1:colcon.colcon_core.package_identification:_identify(/home/chaitanya/bumperbot_ws/build/Testing) by extension 'ros'
[3.705s] Level 1:colcon.colcon_core.package_identification:_identify(/home/chaitanya/bumperbot_ws/build/Testing) by extensions ['cmake', 'python']
[3.706s] Level 1:colcon.colcon_core.package_identification:_identify(/home/chaitanya/bumperbot_ws/build/Testing) by extension 'cmake'
[3.706s] Level 1:colcon.colcon_core.package_identification:_identify(/home/chaitanya/bumperbot_ws/build/Testing) by extension 'python'
[3.707s] Level 1:colcon.colcon_core.package_identification:_identify(/home/chaitanya/bumperbot_ws/build/Testing) by extensions ['python_setup_py']
[3.707s] Level 1:colcon.colcon_core.package_identification:_identify(/home/chaitanya/bumperbot_ws/build/Testing) by extension 'python_setup_py'
[3.709s] Level 1:colcon.colcon_core.package_identification:_identify(/home/chaitanya/bumperbot_ws/build/Testing/20250518-1703) by extensions ['ignore', 'ignore_ament_install']
[3.712s] Level 1:colcon.colcon_core.package_identification:_identify(/home/chaitanya/bumperbot_ws/build/Testing/20250518-1703) by extension 'ignore'
[3.716s] Level 1:colcon.colcon_core.package_identification:_identify(/home/chaitanya/bumperbot_ws/build/Testing/20250518-1703) by extension 'ignore_ament_install'
[3.718s] Level 1:colcon.colcon_core.package_identification:_identify(/home/chaitanya/bumperbot_ws/build/Testing/20250518-1703) by extensions ['colcon_pkg']
[3.718s] Level 1:colcon.colcon_core.package_identification:_identify(/home/chaitanya/bumperbot_ws/build/Testing/20250518-1703) by extension 'colcon_pkg'
[3.720s] Level 1:colcon.colcon_core.package_identification:_identify(/home/chaitanya/bumperbot_ws/build/Testing/20250518-1703) by extensions ['colcon_meta']
[3.721s] Level 1:colcon.colcon_core.package_identification:_identify(/home/chaitanya/bumperbot_ws/build/Testing/20250518-1703) by extension 'colcon_meta'
[3.722s] Level 1:colcon.colcon_core.package_identification:_identify(/home/chaitanya/bumperbot_ws/build/Testing/20250518-1703) by extensions ['ros']
[3.723s] Level 1:colcon.colcon_core.package_identification:_identify(/home/chaitanya/bumperbot_ws/build/Testing/20250518-1703) by extension 'ros'
[3.724s] Level 1:colcon.colcon_core.package_identification:_identify(/home/chaitanya/bumperbot_ws/build/Testing/20250518-1703) by extensions ['cmake', 'python']
[3.725s] Level 1:colcon.colcon_core.package_identification:_identify(/home/chaitanya/bumperbot_ws/build/Testing/20250518-1703) by extension 'cmake'
[3.726s] Level 1:colcon.colcon_core.package_identification:_identify(/home/chaitanya/bumperbot_ws/build/Testing/20250518-1703) by extension 'python'
[3.727s] Level 1:colcon.colcon_core.package_identification:_identify(/home/chaitanya/bumperbot_ws/build/Testing/20250518-1703) by extensions ['python_setup_py']
[3.728s] Level 1:colcon.colcon_core.package_identification:_identify(/home/chaitanya/bumperbot_ws/build/Testing/20250518-1703) by extension 'python_setup_py'
[3.731s] Level 1:colcon.colcon_core.package_identification:_identify(/home/chaitanya/bumperbot_ws/build/Testing/Temporary) by extensions ['ignore', 'ignore_ament_install']
[3.734s] Level 1:colcon.colcon_core.package_identification:_identify(/home/chaitanya/bumperbot_ws/build/Testing/Temporary) by extension 'ignore'
[3.738s] Level 1:colcon.colcon_core.package_identification:_identify(/home/chaitanya/bumperbot_ws/build/Testing/Temporary) by extension 'ignore_ament_install'
[3.739s] Level 1:colcon.colcon_core.package_identification:_identify(/home/chaitanya/bumperbot_ws/build/Testing/Temporary) by extensions ['colcon_pkg']
[3.740s] Level 1:colcon.colcon_core.package_identification:_identify(/home/chaitanya/bumperbot_ws/build/Testing/Temporary) by extension 'colcon_pkg'
[3.741s] Level 1:colcon.colcon_core.package_identification:_identify(/home/chaitanya/bumperbot_ws/build/Testing/Temporary) by extensions ['colcon_meta']
[3.742s] Level 1:colcon.colcon_core.package_identification:_identify(/home/chaitanya/bumperbot_ws/build/Testing/Temporary) by extension 'colcon_meta'
[3.743s] Level 1:colcon.colcon_core.package_identification:_identify(/home/chaitanya/bumperbot_ws/build/Testing/Temporary) by extensions ['ros']
[3.744s] Level 1:colcon.colcon_core.package_identification:_identify(/home/chaitanya/bumperbot_ws/build/Testing/Temporary) by extension 'ros'
[3.746s] Level 1:colcon.colcon_core.package_identification:_identify(/home/chaitanya/bumperbot_ws/build/Testing/Temporary) by extensions ['cmake', 'python']
[3.747s] Level 1:colcon.colcon_core.package_identification:_identify(/home/chaitanya/bumperbot_ws/build/Testing/Temporary) by extension 'cmake'
[3.748s] Level 1:colcon.colcon_core.package_identification:_identify(/home/chaitanya/bumperbot_ws/build/Testing/Temporary) by extension 'python'
[3.749s] Level 1:colcon.colcon_core.package_identification:_identify(/home/chaitanya/bumperbot_ws/build/Testing/Temporary) by extensions ['python_setup_py']
[3.761s] Level 1:colcon.colcon_core.package_identification:_identify(/home/chaitanya/bumperbot_ws/build/Testing/Temporary) by extension 'python_setup_py'
[3.763s] Level 1:colcon.colcon_core.package_identification:_identify(/home/chaitanya/bumperbot_ws/build/ament_cmake_core) by extensions ['ignore', 'ignore_ament_install']
[3.767s] Level 1:colcon.colcon_core.package_identification:_identify(/home/chaitanya/bumperbot_ws/build/ament_cmake_core) by extension 'ignore'
[3.768s] Level 1:colcon.colcon_core.package_identification:_identify(/home/chaitanya/bumperbot_ws/build/ament_cmake_core) by extension 'ignore_ament_install'
[3.771s] Level 1:colcon.colcon_core.package_identification:_identify(/home/chaitanya/bumperbot_ws/build/ament_cmake_core) by extensions ['colcon_pkg']
[3.772s] Level 1:colcon.colcon_core.package_identification:_identify(/home/chaitanya/bumperbot_ws/build/ament_cmake_core) by extension 'colcon_pkg'
[3.774s] Level 1:colcon.colcon_core.package_identification:_identify(/home/chaitanya/bumperbot_ws/build/ament_cmake_core) by extensions ['colcon_meta']
[3.776s] Level 1:colcon.colcon_core.package_identification:_identify(/home/chaitanya/bumperbot_ws/build/ament_cmake_core) by extension 'colcon_meta'
[3.779s] Level 1:colcon.colcon_core.package_identification:_identify(/home/chaitanya/bumperbot_ws/build/ament_cmake_core) by extensions ['ros']
[3.781s] Level 1:colcon.colcon_core.package_identification:_identify(/home/chaitanya/bumperbot_ws/build/ament_cmake_core) by extension 'ros'
[3.784s] Level 1:colcon.colcon_core.package_identification:_identify(/home/chaitanya/bumperbot_ws/build/ament_cmake_core) by extensions ['cmake', 'python']
[3.791s] Level 1:colcon.colcon_core.package_identification:_identify(/home/chaitanya/bumperbot_ws/build/ament_cmake_core) by extension 'cmake'
[3.800s] Level 1:colcon.colcon_core.package_identification:_identify(/home/chaitanya/bumperbot_ws/build/ament_cmake_core) by extension 'python'
[3.801s] Level 1:colcon.colcon_core.package_identification:_identify(/home/chaitanya/bumperbot_ws/build/ament_cmake_core) by extensions ['python_setup_py']
[3.804s] Level 1:colcon.colcon_core.package_identification:_identify(/home/chaitanya/bumperbot_ws/build/ament_cmake_core) by extension 'python_setup_py'
[3.814s] Level 1:colcon.colcon_core.package_identification:_identify(/home/chaitanya/bumperbot_ws/build/ament_cmake_core/stamps) by extensions ['ignore', 'ignore_ament_install']
[3.815s] Level 1:colcon.colcon_core.package_identification:_identify(/home/chaitanya/bumperbot_ws/build/ament_cmake_core/stamps) by extension 'ignore'
[3.818s] Level 1:colcon.colcon_core.package_identification:_identify(/home/chaitanya/bumperbot_ws/build/ament_cmake_core/stamps) by extension 'ignore_ament_install'
[3.820s] Level 1:colcon.colcon_core.package_identification:_identify(/home/chaitanya/bumperbot_ws/build/ament_cmake_core/stamps) by extensions ['colcon_pkg']
[3.821s] Level 1:colcon.colcon_core.package_identification:_identify(/home/chaitanya/bumperbot_ws/build/ament_cmake_core/stamps) by extension 'colcon_pkg'
[3.822s] Level 1:colcon.colcon_core.package_identification:_identify(/home/chaitanya/bumperbot_ws/build/ament_cmake_core/stamps) by extensions ['colcon_meta']
[3.823s] Level 1:colcon.colcon_core.package_identification:_identify(/home/chaitanya/bumperbot_ws/build/ament_cmake_core/stamps) by extension 'colcon_meta'
[3.825s] Level 1:colcon.colcon_core.package_identification:_identify(/home/chaitanya/bumperbot_ws/build/ament_cmake_core/stamps) by extensions ['ros']
[3.826s] Level 1:colcon.colcon_core.package_identification:_identify(/home/chaitanya/bumperbot_ws/build/ament_cmake_core/stamps) by extension 'ros'
[3.828s] Level 1:colcon.colcon_core.package_identification:_identify(/home/chaitanya/bumperbot_ws/build/ament_cmake_core/stamps) by extensions ['cmake', 'python']
[3.829s] Level 1:colcon.colcon_core.package_identification:_identify(/home/chaitanya/bumperbot_ws/build/ament_cmake_core/stamps) by extension 'cmake'
[3.831s] Level 1:colcon.colcon_core.package_identification:_identify(/home/chaitanya/bumperbot_ws/build/ament_cmake_core/stamps) by extension 'python'
[3.834s] Level 1:colcon.colcon_core.package_identification:_identify(/home/chaitanya/bumperbot_ws/build/ament_cmake_core/stamps) by extensions ['python_setup_py']
[3.835s] Level 1:colcon.colcon_core.package_identification:_identify(/home/chaitanya/bumperbot_ws/build/ament_cmake_core/stamps) by extension 'python_setup_py'
[3.837s] Level 1:colcon.colcon_core.package_identification:_identify(/home/chaitanya/bumperbot_ws/build/ament_cmake_environment_hooks) by extensions ['ignore', 'ignore_ament_install']
[3.839s] Level 1:colcon.colcon_core.package_identification:_identify(/home/chaitanya/bumperbot_ws/build/ament_cmake_environment_hooks) by extension 'ignore'
[3.840s] Level 1:colcon.colcon_core.package_identification:_identify(/home/chaitanya/bumperbot_ws/build/ament_cmake_environment_hooks) by extension 'ignore_ament_install'
[3.841s] Level 1:colcon.colcon_core.package_identification:_identify(/home/chaitanya/bumperbot_ws/build/ament_cmake_environment_hooks) by extensions ['colcon_pkg']
[3.842s] Level 1:colcon.colcon_core.package_identification:_identify(/home/chaitanya/bumperbot_ws/build/ament_cmake_environment_hooks) by extension 'colcon_pkg'
[3.844s] Level 1:colcon.colcon_core.package_identification:_identify(/home/chaitanya/bumperbot_ws/build/ament_cmake_environment_hooks) by extensions ['colcon_meta']
[3.845s] Level 1:colcon.colcon_core.package_identification:_identify(/home/chaitanya/bumperbot_ws/build/ament_cmake_environment_hooks) by extension 'colcon_meta'
[3.847s] Level 1:colcon.colcon_core.package_identification:_identify(/home/chaitanya/bumperbot_ws/build/ament_cmake_environment_hooks) by extensions ['ros']
[3.850s] Level 1:colcon.colcon_core.package_identification:_identify(/home/chaitanya/bumperbot_ws/build/ament_cmake_environment_hooks) by extension 'ros'
[3.854s] Level 1:colcon.colcon_core.package_identification:_identify(/home/chaitanya/bumperbot_ws/build/ament_cmake_environment_hooks) by extensions ['cmake', 'python']
[3.856s] Level 1:colcon.colcon_core.package_identification:_identify(/home/chaitanya/bumperbot_ws/build/ament_cmake_environment_hooks) by extension 'cmake'
[3.857s] Level 1:colcon.colcon_core.package_identification:_identify(/home/chaitanya/bumperbot_ws/build/ament_cmake_environment_hooks) by extension 'python'
[3.859s] Level 1:colcon.colcon_core.package_identification:_identify(/home/chaitanya/bumperbot_ws/build/ament_cmake_environment_hooks) by extensions ['python_setup_py']
[3.860s] Level 1:colcon.colcon_core.package_identification:_identify(/home/chaitanya/bumperbot_ws/build/ament_cmake_environment_hooks) by extension 'python_setup_py'
[3.862s] Level 1:colcon.colcon_core.package_identification:_identify(/home/chaitanya/bumperbot_ws/build/ament_cmake_index) by extensions ['ignore', 'ignore_ament_install']
[3.863s] Level 1:colcon.colcon_core.package_identification:_identify(/home/chaitanya/bumperbot_ws/build/ament_cmake_index) by extension 'ignore'
[3.864s] Level 1:colcon.colcon_core.package_identification:_identify(/home/chaitanya/bumperbot_ws/build/ament_cmake_index) by extension 'ignore_ament_install'
[3.865s] Level 1:colcon.colcon_core.package_identification:_identify(/home/chaitanya/bumperbot_ws/build/ament_cmake_index) by extensions ['colcon_pkg']
[3.866s] Level 1:colcon.colcon_core.package_identification:_identify(/home/chaitanya/bumperbot_ws/build/ament_cmake_index) by extension 'colcon_pkg'
[3.868s] Level 1:colcon.colcon_core.package_identification:_identify(/home/chaitanya/bumperbot_ws/build/ament_cmake_index) by extensions ['colcon_meta']
[3.870s] Level 1:colcon.colcon_core.package_identification:_identify(/home/chaitanya/bumperbot_ws/build/ament_cmake_index) by extension 'colcon_meta'
[3.872s] Level 1:colcon.colcon_core.package_identification:_identify(/home/chaitanya/bumperbot_ws/build/ament_cmake_index) by extensions ['ros']
[3.873s] Level 1:colcon.colcon_core.package_identification:_identify(/home/chaitanya/bumperbot_ws/build/ament_cmake_index) by extension 'ros'
[3.876s] Level 1:colcon.colcon_core.package_identification:_identify(/home/chaitanya/bumperbot_ws/build/ament_cmake_index) by extensions ['cmake', 'python']
[3.879s] Level 1:colcon.colcon_core.package_identification:_identify(/home/chaitanya/bumperbot_ws/build/ament_cmake_index) by extension 'cmake'
[3.882s] Level 1:colcon.colcon_core.package_identification:_identify(/home/chaitanya/bumperbot_ws/build/ament_cmake_index) by extension 'python'
[3.884s] Level 1:colcon.colcon_core.package_identification:_identify(/home/chaitanya/bumperbot_ws/build/ament_cmake_index) by extensions ['python_setup_py']
[3.885s] Level 1:colcon.colcon_core.package_identification:_identify(/home/chaitanya/bumperbot_ws/build/ament_cmake_index) by extension 'python_setup_py'
[3.886s] Level 1:colcon.colcon_core.package_identification:_identify(/home/chaitanya/bumperbot_ws/build/ament_cmake_index/share) by extensions ['ignore', 'ignore_ament_install']
[3.886s] Level 1:colcon.colcon_core.package_identification:_identify(/home/chaitanya/bumperbot_ws/build/ament_cmake_index/share) by extension 'ignore'
[3.887s] Level 1:colcon.colcon_core.package_identification:_identify(/home/chaitanya/bumperbot_ws/build/ament_cmake_index/share) by extension 'ignore_ament_install'
[3.888s] Level 1:colcon.colcon_core.package_identification:_identify(/home/chaitanya/bumperbot_ws/build/ament_cmake_index/share) by extensions ['colcon_pkg']
[3.890s] Level 1:colcon.colcon_core.package_identification:_identify(/home/chaitanya/bumperbot_ws/build/ament_cmake_index/share) by extension 'colcon_pkg'
[3.891s] Level 1:colcon.colcon_core.package_identification:_identify(/home/chaitanya/bumperbot_ws/build/ament_cmake_index/share) by extensions ['colcon_meta']
[3.891s] Level 1:colcon.colcon_core.package_identification:_identify(/home/chaitanya/bumperbot_ws/build/ament_cmake_index/share) by extension 'colcon_meta'
[3.891s] Level 1:colcon.colcon_core.package_identification:_identify(/home/chaitanya/bumperbot_ws/build/ament_cmake_index/share) by extensions ['ros']
[3.892s] Level 1:colcon.colcon_core.package_identification:_identify(/home/chaitanya/bumperbot_ws/build/ament_cmake_index/share) by extension 'ros'
[3.893s] Level 1:colcon.colcon_core.package_identification:_identify(/home/chaitanya/bumperbot_ws/build/ament_cmake_index/share) by extensions ['cmake', 'python']
[3.893s] Level 1:colcon.colcon_core.package_identification:_identify(/home/chaitanya/bumperbot_ws/build/ament_cmake_index/share) by extension 'cmake'
[3.894s] Level 1:colcon.colcon_core.package_identification:_identify(/home/chaitanya/bumperbot_ws/build/ament_cmake_index/share) by extension 'python'
[3.894s] Level 1:colcon.colcon_core.package_identification:_identify(/home/chaitanya/bumperbot_ws/build/ament_cmake_index/share) by extensions ['python_setup_py']
[3.894s] Level 1:colcon.colcon_core.package_identification:_identify(/home/chaitanya/bumperbot_ws/build/ament_cmake_index/share) by extension 'python_setup_py'
[3.895s] Level 1:colcon.colcon_core.package_identification:_identify(/home/chaitanya/bumperbot_ws/build/ament_cmake_index/share/ament_index) by extensions ['ignore', 'ignore_ament_install']
[3.896s] Level 1:colcon.colcon_core.package_identification:_identify(/home/chaitanya/bumperbot_ws/build/ament_cmake_index/share/ament_index) by extension 'ignore'
[3.897s] Level 1:colcon.colcon_core.package_identification:_identify(/home/chaitanya/bumperbot_ws/build/ament_cmake_index/share/ament_index) by extension 'ignore_ament_install'
[3.898s] Level 1:colcon.colcon_core.package_identification:_identify(/home/chaitanya/bumperbot_ws/build/ament_cmake_index/share/ament_index) by extensions ['colcon_pkg']
[3.898s] Level 1:colcon.colcon_core.package_identification:_identify(/home/chaitanya/bumperbot_ws/build/ament_cmake_index/share/ament_index) by extension 'colcon_pkg'
[3.898s] Level 1:colcon.colcon_core.package_identification:_identify(/home/chaitanya/bumperbot_ws/build/ament_cmake_index/share/ament_index) by extensions ['colcon_meta']
[3.899s] Level 1:colcon.colcon_core.package_identification:_identify(/home/chaitanya/bumperbot_ws/build/ament_cmake_index/share/ament_index) by extension 'colcon_meta'
[3.899s] Level 1:colcon.colcon_core.package_identification:_identify(/home/chaitanya/bumperbot_ws/build/ament_cmake_index/share/ament_index) by extensions ['ros']
[3.899s] Level 1:colcon.colcon_core.package_identification:_identify(/home/chaitanya/bumperbot_ws/build/ament_cmake_index/share/ament_index) by extension 'ros'
[3.900s] Level 1:colcon.colcon_core.package_identification:_identify(/home/chaitanya/bumperbot_ws/build/ament_cmake_index/share/ament_index) by extensions ['cmake', 'python']
[3.900s] Level 1:colcon.colcon_core.package_identification:_identify(/home/chaitanya/bumperbot_ws/build/ament_cmake_index/share/ament_index) by extension 'cmake'
[3.901s] Level 1:colcon.colcon_core.package_identification:_identify(/home/chaitanya/bumperbot_ws/build/ament_cmake_index/share/ament_index) by extension 'python'
[3.901s] Level 1:colcon.colcon_core.package_identification:_identify(/home/chaitanya/bumperbot_ws/build/ament_cmake_index/share/ament_index) by extensions ['python_setup_py']
[3.901s] Level 1:colcon.colcon_core.package_identification:_identify(/home/chaitanya/bumperbot_ws/build/ament_cmake_index/share/ament_index) by extension 'python_setup_py'
[3.902s] Level 1:colcon.colcon_core.package_identification:_identify(/home/chaitanya/bumperbot_ws/build/ament_cmake_index/share/ament_index/resource_index) by extensions ['ignore', 'ignore_ament_install']
[3.903s] Level 1:colcon.colcon_core.package_identification:_identify(/home/chaitanya/bumperbot_ws/build/ament_cmake_index/share/ament_index/resource_index) by extension 'ignore'
[3.904s] Level 1:colcon.colcon_core.package_identification:_identify(/home/chaitanya/bumperbot_ws/build/ament_cmake_index/share/ament_index/resource_index) by extension 'ignore_ament_install'
[3.904s] Level 1:colcon.colcon_core.package_identification:_identify(/home/chaitanya/bumperbot_ws/build/ament_cmake_index/share/ament_index/resource_index) by extensions ['colcon_pkg']
[3.909s] Level 1:colcon.colcon_core.package_identification:_identify(/home/chaitanya/bumperbot_ws/build/ament_cmake_index/share/ament_index/resource_index) by extension 'colcon_pkg'
[3.910s] Level 1:colcon.colcon_core.package_identification:_identify(/home/chaitanya/bumperbot_ws/build/ament_cmake_index/share/ament_index/resource_index) by extensions ['colcon_meta']
[3.911s] Level 1:colcon.colcon_core.package_identification:_identify(/home/chaitanya/bumperbot_ws/build/ament_cmake_index/share/ament_index/resource_index) by extension 'colcon_meta'
[3.919s] Level 1:colcon.colcon_core.package_identification:_identify(/home/chaitanya/bumperbot_ws/build/ament_cmake_index/share/ament_index/resource_index) by extensions ['ros']
[3.920s] Level 1:colcon.colcon_core.package_identification:_identify(/home/chaitanya/bumperbot_ws/build/ament_cmake_index/share/ament_index/resource_index) by extension 'ros'
[3.922s] Level 1:colcon.colcon_core.package_identification:_identify(/home/chaitanya/bumperbot_ws/build/ament_cmake_index/share/ament_index/resource_index) by extensions ['cmake', 'python']
[3.923s] Level 1:colcon.colcon_core.package_identification:_identify(/home/chaitanya/bumperbot_ws/build/ament_cmake_index/share/ament_index/resource_index) by extension 'cmake'
[3.924s] Level 1:colcon.colcon_core.package_identification:_identify(/home/chaitanya/bumperbot_ws/build/ament_cmake_index/share/ament_index/resource_index) by extension 'python'
[3.924s] Level 1:colcon.colcon_core.package_identification:_identify(/home/chaitanya/bumperbot_ws/build/ament_cmake_index/share/ament_index/resource_index) by extensions ['python_setup_py']
[3.932s] Level 1:colcon.colcon_core.package_identification:_identify(/home/chaitanya/bumperbot_ws/build/ament_cmake_index/share/ament_index/resource_index) by extension 'python_setup_py'
[3.937s] Level 1:colcon.colcon_core.package_identification:_identify(/home/chaitanya/bumperbot_ws/build/ament_cmake_index/share/ament_index/resource_index/package_run_dependencies) by extensions ['ignore', 'ignore_ament_install']
[3.939s] Level 1:colcon.colcon_core.package_identification:_identify(/home/chaitanya/bumperbot_ws/build/ament_cmake_index/share/ament_index/resource_index/package_run_dependencies) by extension 'ignore'
[3.940s] Level 1:colcon.colcon_core.package_identification:_identify(/home/chaitanya/bumperbot_ws/build/ament_cmake_index/share/ament_index/resource_index/package_run_dependencies) by extension 'ignore_ament_install'
[3.941s] Level 1:colcon.colcon_core.package_identification:_identify(/home/chaitanya/bumperbot_ws/build/ament_cmake_index/share/ament_index/resource_index/package_run_dependencies) by extensions ['colcon_pkg']
[3.941s] Level 1:colcon.colcon_core.package_identification:_identify(/home/chaitanya/bumperbot_ws/build/ament_cmake_index/share/ament_index/resource_index/package_run_dependencies) by extension 'colcon_pkg'
[3.942s] Level 1:colcon.colcon_core.package_identification:_identify(/home/chaitanya/bumperbot_ws/build/ament_cmake_index/share/ament_index/resource_index/package_run_dependencies) by extensions ['colcon_meta']
[3.942s] Level 1:colcon.colcon_core.package_identification:_identify(/home/chaitanya/bumperbot_ws/build/ament_cmake_index/share/ament_index/resource_index/package_run_dependencies) by extension 'colcon_meta'
[3.943s] Level 1:colcon.colcon_core.package_identification:_identify(/home/chaitanya/bumperbot_ws/build/ament_cmake_index/share/ament_index/resource_index/package_run_dependencies) by extensions ['ros']
[3.943s] Level 1:colcon.colcon_core.package_identification:_identify(/home/chaitanya/bumperbot_ws/build/ament_cmake_index/share/ament_index/resource_index/package_run_dependencies) by extension 'ros'
[3.944s] Level 1:colcon.colcon_core.package_identification:_identify(/home/chaitanya/bumperbot_ws/build/ament_cmake_index/share/ament_index/resource_index/package_run_dependencies) by extensions ['cmake', 'python']
[3.944s] Level 1:colcon.colcon_core.package_identification:_identify(/home/chaitanya/bumperbot_ws/build/ament_cmake_index/share/ament_index/resource_index/package_run_dependencies) by extension 'cmake'
[3.945s] Level 1:colcon.colcon_core.package_identification:_identify(/home/chaitanya/bumperbot_ws/build/ament_cmake_index/share/ament_index/resource_index/package_run_dependencies) by extension 'python'
[3.945s] Level 1:colcon.colcon_core.package_identification:_identify(/home/chaitanya/bumperbot_ws/build/ament_cmake_index/share/ament_index/resource_index/package_run_dependencies) by extensions ['python_setup_py']
[3.952s] Level 1:colcon.colcon_core.package_identification:_identify(/home/chaitanya/bumperbot_ws/build/ament_cmake_index/share/ament_index/resource_index/package_run_dependencies) by extension 'python_setup_py'
[3.955s] Level 1:colcon.colcon_core.package_identification:_identify(/home/chaitanya/bumperbot_ws/build/ament_cmake_index/share/ament_index/resource_index/packages) by extensions ['ignore', 'ignore_ament_install']
[3.958s] Level 1:colcon.colcon_core.package_identification:_identify(/home/chaitanya/bumperbot_ws/build/ament_cmake_index/share/ament_index/resource_index/packages) by extension 'ignore'
[3.960s] Level 1:colcon.colcon_core.package_identification:_identify(/home/chaitanya/bumperbot_ws/build/ament_cmake_index/share/ament_index/resource_index/packages) by extension 'ignore_ament_install'
[3.961s] Level 1:colcon.colcon_core.package_identification:_identify(/home/chaitanya/bumperbot_ws/build/ament_cmake_index/share/ament_index/resource_index/packages) by extensions ['colcon_pkg']
[3.962s] Level 1:colcon.colcon_core.package_identification:_identify(/home/chaitanya/bumperbot_ws/build/ament_cmake_index/share/ament_index/resource_index/packages) by extension 'colcon_pkg'
[3.963s] Level 1:colcon.colcon_core.package_identification:_identify(/home/chaitanya/bumperbot_ws/build/ament_cmake_index/share/ament_index/resource_index/packages) by extensions ['colcon_meta']
[3.964s] Level 1:colcon.colcon_core.package_identification:_identify(/home/chaitanya/bumperbot_ws/build/ament_cmake_index/share/ament_index/resource_index/packages) by extension 'colcon_meta'
[3.970s] Level 1:colcon.colcon_core.package_identification:_identify(/home/chaitanya/bumperbot_ws/build/ament_cmake_index/share/ament_index/resource_index/packages) by extensions ['ros']
[3.975s] Level 1:colcon.colcon_core.package_identification:_identify(/home/chaitanya/bumperbot_ws/build/ament_cmake_index/share/ament_index/resource_index/packages) by extension 'ros'
[3.977s] Level 1:colcon.colcon_core.package_identification:_identify(/home/chaitanya/bumperbot_ws/build/ament_cmake_index/share/ament_index/resource_index/packages) by extensions ['cmake', 'python']
[3.978s] Level 1:colcon.colcon_core.package_identification:_identify(/home/chaitanya/bumperbot_ws/build/ament_cmake_index/share/ament_index/resource_index/packages) by extension 'cmake'
[3.979s] Level 1:colcon.colcon_core.package_identification:_identify(/home/chaitanya/bumperbot_ws/build/ament_cmake_index/share/ament_index/resource_index/packages) by extension 'python'
[3.980s] Level 1:colcon.colcon_core.package_identification:_identify(/home/chaitanya/bumperbot_ws/build/ament_cmake_index/share/ament_index/resource_index/packages) by extensions ['python_setup_py']
[3.981s] Level 1:colcon.colcon_core.package_identification:_identify(/home/chaitanya/bumperbot_ws/build/ament_cmake_index/share/ament_index/resource_index/packages) by extension 'python_setup_py'
[3.982s] Level 1:colcon.colcon_core.package_identification:_identify(/home/chaitanya/bumperbot_ws/build/ament_cmake_index/share/ament_index/resource_index/parent_prefix_path) by extensions ['ignore', 'ignore_ament_install']
[3.983s] Level 1:colcon.colcon_core.package_identification:_identify(/home/chaitanya/bumperbot_ws/build/ament_cmake_index/share/ament_index/resource_index/parent_prefix_path) by extension 'ignore'
[3.984s] Level 1:colcon.colcon_core.package_identification:_identify(/home/chaitanya/bumperbot_ws/build/ament_cmake_index/share/ament_index/resource_index/parent_prefix_path) by extension 'ignore_ament_install'
[3.985s] Level 1:colcon.colcon_core.package_identification:_identify(/home/chaitanya/bumperbot_ws/build/ament_cmake_index/share/ament_index/resource_index/parent_prefix_path) by extensions ['colcon_pkg']
[3.987s] Level 1:colcon.colcon_core.package_identification:_identify(/home/chaitanya/bumperbot_ws/build/ament_cmake_index/share/ament_index/resource_index/parent_prefix_path) by extension 'colcon_pkg'
[3.991s] Level 1:colcon.colcon_core.package_identification:_identify(/home/chaitanya/bumperbot_ws/build/ament_cmake_index/share/ament_index/resource_index/parent_prefix_path) by extensions ['colcon_meta']
[3.992s] Level 1:colcon.colcon_core.package_identification:_identify(/home/chaitanya/bumperbot_ws/build/ament_cmake_index/share/ament_index/resource_index/parent_prefix_path) by extension 'colcon_meta'
[3.995s] Level 1:colcon.colcon_core.package_identification:_identify(/home/chaitanya/bumperbot_ws/build/ament_cmake_index/share/ament_index/resource_index/parent_prefix_path) by extensions ['ros']
[3.995s] Level 1:colcon.colcon_core.package_identification:_identify(/home/chaitanya/bumperbot_ws/build/ament_cmake_index/share/ament_index/resource_index/parent_prefix_path) by extension 'ros'
[3.996s] Level 1:colcon.colcon_core.package_identification:_identify(/home/chaitanya/bumperbot_ws/build/ament_cmake_index/share/ament_index/resource_index/parent_prefix_path) by extensions ['cmake', 'python']
[3.996s] Level 1:colcon.colcon_core.package_identification:_identify(/home/chaitanya/bumperbot_ws/build/ament_cmake_index/share/ament_index/resource_index/parent_prefix_path) by extension 'cmake'
[3.997s] Level 1:colcon.colcon_core.package_identification:_identify(/home/chaitanya/bumperbot_ws/build/ament_cmake_index/share/ament_index/resource_index/parent_prefix_path) by extension 'python'
[3.997s] Level 1:colcon.colcon_core.package_identification:_identify(/home/chaitanya/bumperbot_ws/build/ament_cmake_index/share/ament_index/resource_index/parent_prefix_path) by extensions ['python_setup_py']
[3.997s] Level 1:colcon.colcon_core.package_identification:_identify(/home/chaitanya/bumperbot_ws/build/ament_cmake_index/share/ament_index/resource_index/parent_prefix_path) by extension 'python_setup_py'
[3.998s] Level 1:colcon.colcon_core.package_identification:_identify(/home/chaitanya/bumperbot_ws/build/ament_cmake_package_templates) by extensions ['ignore', 'ignore_ament_install']
[3.999s] Level 1:colcon.colcon_core.package_identification:_identify(/home/chaitanya/bumperbot_ws/build/ament_cmake_package_templates) by extension 'ignore'
[3.999s] Level 1:colcon.colcon_core.package_identification:_identify(/home/chaitanya/bumperbot_ws/build/ament_cmake_package_templates) by extension 'ignore_ament_install'
[3.999s] Level 1:colcon.colcon_core.package_identification:_identify(/home/chaitanya/bumperbot_ws/build/ament_cmake_package_templates) by extensions ['colcon_pkg']
[4.000s] Level 1:colcon.colcon_core.package_identification:_identify(/home/chaitanya/bumperbot_ws/build/ament_cmake_package_templates) by extension 'colcon_pkg'
[4.000s] Level 1:colcon.colcon_core.package_identification:_identify(/home/chaitanya/bumperbot_ws/build/ament_cmake_package_templates) by extensions ['colcon_meta']
[4.000s] Level 1:colcon.colcon_core.package_identification:_identify(/home/chaitanya/bumperbot_ws/build/ament_cmake_package_templates) by extension 'colcon_meta'
[4.001s] Level 1:colcon.colcon_core.package_identification:_identify(/home/chaitanya/bumperbot_ws/build/ament_cmake_package_templates) by extensions ['ros']
[4.001s] Level 1:colcon.colcon_core.package_identification:_identify(/home/chaitanya/bumperbot_ws/build/ament_cmake_package_templates) by extension 'ros'
[4.002s] Level 1:colcon.colcon_core.package_identification:_identify(/home/chaitanya/bumperbot_ws/build/ament_cmake_package_templates) by extensions ['cmake', 'python']
[4.002s] Level 1:colcon.colcon_core.package_identification:_identify(/home/chaitanya/bumperbot_ws/build/ament_cmake_package_templates) by extension 'cmake'
[4.003s] Level 1:colcon.colcon_core.package_identification:_identify(/home/chaitanya/bumperbot_ws/build/ament_cmake_package_templates) by extension 'python'
[4.003s] Level 1:colcon.colcon_core.package_identification:_identify(/home/chaitanya/bumperbot_ws/build/ament_cmake_package_templates) by extensions ['python_setup_py']
[4.004s] Level 1:colcon.colcon_core.package_identification:_identify(/home/chaitanya/bumperbot_ws/build/ament_cmake_package_templates) by extension 'python_setup_py'
[4.008s] Level 1:colcon.colcon_core.package_identification:_identify(/home/chaitanya/bumperbot_ws/build/ament_cmake_python) by extensions ['ignore', 'ignore_ament_install']
[4.010s] Level 1:colcon.colcon_core.package_identification:_identify(/home/chaitanya/bumperbot_ws/build/ament_cmake_python) by extension 'ignore'
[4.010s] Level 1:colcon.colcon_core.package_identification:_identify(/home/chaitanya/bumperbot_ws/build/ament_cmake_python) by extension 'ignore_ament_install'
[4.011s] Level 1:colcon.colcon_core.package_identification:_identify(/home/chaitanya/bumperbot_ws/build/ament_cmake_python) by extensions ['colcon_pkg']
[4.011s] Level 1:colcon.colcon_core.package_identification:_identify(/home/chaitanya/bumperbot_ws/build/ament_cmake_python) by extension 'colcon_pkg'
[4.012s] Level 1:colcon.colcon_core.package_identification:_identify(/home/chaitanya/bumperbot_ws/build/ament_cmake_python) by extensions ['colcon_meta']
[4.012s] Level 1:colcon.colcon_core.package_identification:_identify(/home/chaitanya/bumperbot_ws/build/ament_cmake_python) by extension 'colcon_meta'
[4.016s] Level 1:colcon.colcon_core.package_identification:_identify(/home/chaitanya/bumperbot_ws/build/ament_cmake_python) by extensions ['ros']
[4.018s] Level 1:colcon.colcon_core.package_identification:_identify(/home/chaitanya/bumperbot_ws/build/ament_cmake_python) by extension 'ros'
[4.019s] Level 1:colcon.colcon_core.package_identification:_identify(/home/chaitanya/bumperbot_ws/build/ament_cmake_python) by extensions ['cmake', 'python']
[4.019s] Level 1:colcon.colcon_core.package_identification:_identify(/home/chaitanya/bumperbot_ws/build/ament_cmake_python) by extension 'cmake'
[4.019s] Level 1:colcon.colcon_core.package_identification:_identify(/home/chaitanya/bumperbot_ws/build/ament_cmake_python) by extension 'python'
[4.020s] Level 1:colcon.colcon_core.package_identification:_identify(/home/chaitanya/bumperbot_ws/build/ament_cmake_python) by extensions ['python_setup_py']
[4.020s] Level 1:colcon.colcon_core.package_identification:_identify(/home/chaitanya/bumperbot_ws/build/ament_cmake_python) by extension 'python_setup_py'
[4.022s] Level 1:colcon.colcon_core.package_identification:_identify(/home/chaitanya/bumperbot_ws/build/ament_cmake_python/bumperbot_controller) by extensions ['ignore', 'ignore_ament_install']
[4.022s] Level 1:colcon.colcon_core.package_identification:_identify(/home/chaitanya/bumperbot_ws/build/ament_cmake_python/bumperbot_controller) by extension 'ignore'
[4.023s] Level 1:colcon.colcon_core.package_identification:_identify(/home/chaitanya/bumperbot_ws/build/ament_cmake_python/bumperbot_controller) by extension 'ignore_ament_install'
[4.023s] Level 1:colcon.colcon_core.package_identification:_identify(/home/chaitanya/bumperbot_ws/build/ament_cmake_python/bumperbot_controller) by extensions ['colcon_pkg']
[4.024s] Level 1:colcon.colcon_core.package_identification:_identify(/home/chaitanya/bumperbot_ws/build/ament_cmake_python/bumperbot_controller) by extension 'colcon_pkg'
[4.024s] Level 1:colcon.colcon_core.package_identification:_identify(/home/chaitanya/bumperbot_ws/build/ament_cmake_python/bumperbot_controller) by extensions ['colcon_meta']
[4.025s] Level 1:colcon.colcon_core.package_identification:_identify(/home/chaitanya/bumperbot_ws/build/ament_cmake_python/bumperbot_controller) by extension 'colcon_meta'
[4.027s] Level 1:colcon.colcon_core.package_identification:_identify(/home/chaitanya/bumperbot_ws/build/ament_cmake_python/bumperbot_controller) by extensions ['ros']
[4.028s] Level 1:colcon.colcon_core.package_identification:_identify(/home/chaitanya/bumperbot_ws/build/ament_cmake_python/bumperbot_controller) by extension 'ros'
[4.030s] Level 1:colcon.colcon_core.package_identification:_identify(/home/chaitanya/bumperbot_ws/build/ament_cmake_python/bumperbot_controller) by extensions ['cmake', 'python']
[4.032s] Level 1:colcon.colcon_core.package_identification:_identify(/home/chaitanya/bumperbot_ws/build/ament_cmake_python/bumperbot_controller) by extension 'cmake'
[4.033s] Level 1:colcon.colcon_core.package_identification:_identify(/home/chaitanya/bumperbot_ws/build/ament_cmake_python/bumperbot_controller) by extension 'python'
[4.034s] Level 1:colcon.colcon_core.package_identification:_identify(/home/chaitanya/bumperbot_ws/build/ament_cmake_python/bumperbot_controller) by extensions ['python_setup_py']
[4.034s] Level 1:colcon.colcon_core.package_identification:_identify(/home/chaitanya/bumperbot_ws/build/ament_cmake_python/bumperbot_controller) by extension 'python_setup_py'
[6.433s] DEBUG:colcon.colcon_core.package_identification:Package '/home/chaitanya/bumperbot_ws/build/ament_cmake_python/bumperbot_controller' with type 'python' and name 'bumperbot_controller'
[6.434s] Level 1:colcon.colcon_core.package_identification:_identify(/home/chaitanya/bumperbot_ws/build/ament_cmake_uninstall_target) by extensions ['ignore', 'ignore_ament_install']
[6.435s] Level 1:colcon.colcon_core.package_identification:_identify(/home/chaitanya/bumperbot_ws/build/ament_cmake_uninstall_target) by extension 'ignore'
[6.435s] Level 1:colcon.colcon_core.package_identification:_identify(/home/chaitanya/bumperbot_ws/build/ament_cmake_uninstall_target) by extension 'ignore_ament_install'
[6.436s] Level 1:colcon.colcon_core.package_identification:_identify(/home/chaitanya/bumperbot_ws/build/ament_cmake_uninstall_target) by extensions ['colcon_pkg']
[6.436s] Level 1:colcon.colcon_core.package_identification:_identify(/home/chaitanya/bumperbot_ws/build/ament_cmake_uninstall_target) by extension 'colcon_pkg'
[6.437s] Level 1:colcon.colcon_core.package_identification:_identify(/home/chaitanya/bumperbot_ws/build/ament_cmake_uninstall_target) by extensions ['colcon_meta']
[6.437s] Level 1:colcon.colcon_core.package_identification:_identify(/home/chaitanya/bumperbot_ws/build/ament_cmake_uninstall_target) by extension 'colcon_meta'
[6.438s] Level 1:colcon.colcon_core.package_identification:_identify(/home/chaitanya/bumperbot_ws/build/ament_cmake_uninstall_target) by extensions ['ros']
[6.438s] Level 1:colcon.colcon_core.package_identification:_identify(/home/chaitanya/bumperbot_ws/build/ament_cmake_uninstall_target) by extension 'ros'
[6.439s] Level 1:colcon.colcon_core.package_identification:_identify(/home/chaitanya/bumperbot_ws/build/ament_cmake_uninstall_target) by extensions ['cmake', 'python']
[6.439s] Level 1:colcon.colcon_core.package_identification:_identify(/home/chaitanya/bumperbot_ws/build/ament_cmake_uninstall_target) by extension 'cmake'
[6.440s] Level 1:colcon.colcon_core.package_identification:_identify(/home/chaitanya/bumperbot_ws/build/ament_cmake_uninstall_target) by extension 'python'
[6.442s] Level 1:colcon.colcon_core.package_identification:_identify(/home/chaitanya/bumperbot_ws/build/ament_cmake_uninstall_target) by extensions ['python_setup_py']
[6.443s] Level 1:colcon.colcon_core.package_identification:_identify(/home/chaitanya/bumperbot_ws/build/ament_cmake_uninstall_target) by extension 'python_setup_py'
[6.448s] Level 1:colcon.colcon_core.package_identification:_identify(/home/chaitanya/bumperbot_ws/log) by extensions ['ignore', 'ignore_ament_install']
[6.450s] Level 1:colcon.colcon_core.package_identification:_identify(/home/chaitanya/bumperbot_ws/log) by extension 'ignore'
[6.451s] Level 1:colcon.colcon_core.package_identification:_identify(/home/chaitanya/bumperbot_ws/log) ignored
[6.452s] Level 1:colcon.colcon_core.package_identification:_identify(/home/chaitanya/bumperbot_ws/src) by extensions ['ignore', 'ignore_ament_install']
[6.453s] Level 1:colcon.colcon_core.package_identification:_identify(/home/chaitanya/bumperbot_ws/src) by extension 'ignore'
[6.454s] Level 1:colcon.colcon_core.package_identification:_identify(/home/chaitanya/bumperbot_ws/src) by extension 'ignore_ament_install'
[6.454s] Level 1:colcon.colcon_core.package_identification:_identify(/home/chaitanya/bumperbot_ws/src) by extensions ['colcon_pkg']
[6.454s] Level 1:colcon.colcon_core.package_identification:_identify(/home/chaitanya/bumperbot_ws/src) by extension 'colcon_pkg'
[6.455s] Level 1:colcon.colcon_core.package_identification:_identify(/home/chaitanya/bumperbot_ws/src) by extensions ['colcon_meta']
[6.455s] Level 1:colcon.colcon_core.package_identification:_identify(/home/chaitanya/bumperbot_ws/src) by extension 'colcon_meta'
[6.456s] Level 1:colcon.colcon_core.package_identification:_identify(/home/chaitanya/bumperbot_ws/src) by extensions ['ros']
[6.456s] Level 1:colcon.colcon_core.package_identification:_identify(/home/chaitanya/bumperbot_ws/src) by extension 'ros'
[6.457s] Level 1:colcon.colcon_core.package_identification:_identify(/home/chaitanya/bumperbot_ws/src) by extensions ['cmake', 'python']
[6.457s] Level 1:colcon.colcon_core.package_identification:_identify(/home/chaitanya/bumperbot_ws/src) by extension 'cmake'
[6.457s] Level 1:colcon.colcon_core.package_identification:_identify(/home/chaitanya/bumperbot_ws/src) by extension 'python'
[6.458s] Level 1:colcon.colcon_core.package_identification:_identify(/home/chaitanya/bumperbot_ws/src) by extensions ['python_setup_py']
[6.458s] Level 1:colcon.colcon_core.package_identification:_identify(/home/chaitanya/bumperbot_ws/src) by extension 'python_setup_py'
[6.460s] Level 1:colcon.colcon_core.package_identification:_identify(/home/chaitanya/bumperbot_ws/src/bumperbot_controller) by extensions ['ignore', 'ignore_ament_install']
[6.464s] Level 1:colcon.colcon_core.package_identification:_identify(/home/chaitanya/bumperbot_ws/src/bumperbot_controller) by extension 'ignore'
[6.466s] Level 1:colcon.colcon_core.package_identification:_identify(/home/chaitanya/bumperbot_ws/src/bumperbot_controller) by extension 'ignore_ament_install'
[6.468s] Level 1:colcon.colcon_core.package_identification:_identify(/home/chaitanya/bumperbot_ws/src/bumperbot_controller) by extensions ['colcon_pkg']
[6.469s] Level 1:colcon.colcon_core.package_identification:_identify(/home/chaitanya/bumperbot_ws/src/bumperbot_controller) by extension 'colcon_pkg'
[6.470s] Level 1:colcon.colcon_core.package_identification:_identify(/home/chaitanya/bumperbot_ws/src/bumperbot_controller) by extensions ['colcon_meta']
[6.470s] Level 1:colcon.colcon_core.package_identification:_identify(/home/chaitanya/bumperbot_ws/src/bumperbot_controller) by extension 'colcon_meta'
[6.471s] Level 1:colcon.colcon_core.package_identification:_identify(/home/chaitanya/bumperbot_ws/src/bumperbot_controller) by extensions ['ros']
[6.471s] Level 1:colcon.colcon_core.package_identification:_identify(/home/chaitanya/bumperbot_ws/src/bumperbot_controller) by extension 'ros'
[6.492s] DEBUG:colcon.colcon_core.package_identification:Package '/home/chaitanya/bumperbot_ws/src/bumperbot_controller' with type 'ros.ament_cmake' and name 'bumperbot_controller'
[6.493s] Level 1:colcon.colcon_core.package_identification:_identify(/home/chaitanya/bumperbot_ws/src/bumperbot_cpp_examples) by extensions ['ignore', 'ignore_ament_install']
[6.494s] Level 1:colcon.colcon_core.package_identification:_identify(/home/chaitanya/bumperbot_ws/src/bumperbot_cpp_examples) by extension 'ignore'
[6.494s] Level 1:colcon.colcon_core.package_identification:_identify(/home/chaitanya/bumperbot_ws/src/bumperbot_cpp_examples) by extension 'ignore_ament_install'
[6.495s] Level 1:colcon.colcon_core.package_identification:_identify(/home/chaitanya/bumperbot_ws/src/bumperbot_cpp_examples) by extensions ['colcon_pkg']
[6.495s] Level 1:colcon.colcon_core.package_identification:_identify(/home/chaitanya/bumperbot_ws/src/bumperbot_cpp_examples) by extension 'colcon_pkg'
[6.495s] Level 1:colcon.colcon_core.package_identification:_identify(/home/chaitanya/bumperbot_ws/src/bumperbot_cpp_examples) by extensions ['colcon_meta']
[6.496s] Level 1:colcon.colcon_core.package_identification:_identify(/home/chaitanya/bumperbot_ws/src/bumperbot_cpp_examples) by extension 'colcon_meta'
[6.497s] Level 1:colcon.colcon_core.package_identification:_identify(/home/chaitanya/bumperbot_ws/src/bumperbot_cpp_examples) by extensions ['ros']
[6.497s] Level 1:colcon.colcon_core.package_identification:_identify(/home/chaitanya/bumperbot_ws/src/bumperbot_cpp_examples) by extension 'ros'
[6.504s] DEBUG:colcon.colcon_core.package_identification:Package '/home/chaitanya/bumperbot_ws/src/bumperbot_cpp_examples' with type 'ros.ament_cmake' and name 'bumperbot_cpp_examples'
[6.508s] Level 1:colcon.colcon_core.package_identification:_identify(/home/chaitanya/bumperbot_ws/src/bumperbot_description) by extensions ['ignore', 'ignore_ament_install']
[6.509s] Level 1:colcon.colcon_core.package_identification:_identify(/home/chaitanya/bumperbot_ws/src/bumperbot_description) by extension 'ignore'
[6.510s] Level 1:colcon.colcon_core.package_identification:_identify(/home/chaitanya/bumperbot_ws/src/bumperbot_description) by extension 'ignore_ament_install'
[6.511s] Level 1:colcon.colcon_core.package_identification:_identify(/home/chaitanya/bumperbot_ws/src/bumperbot_description) by extensions ['colcon_pkg']
[6.512s] Level 1:colcon.colcon_core.package_identification:_identify(/home/chaitanya/bumperbot_ws/src/bumperbot_description) by extension 'colcon_pkg'
[6.513s] Level 1:colcon.colcon_core.package_identification:_identify(/home/chaitanya/bumperbot_ws/src/bumperbot_description) by extensions ['colcon_meta']
[6.514s] Level 1:colcon.colcon_core.package_identification:_identify(/home/chaitanya/bumperbot_ws/src/bumperbot_description) by extension 'colcon_meta'
[6.515s] Level 1:colcon.colcon_core.package_identification:_identify(/home/chaitanya/bumperbot_ws/src/bumperbot_description) by extensions ['ros']
[6.515s] Level 1:colcon.colcon_core.package_identification:_identify(/home/chaitanya/bumperbot_ws/src/bumperbot_description) by extension 'ros'
[6.534s] DEBUG:colcon.colcon_core.package_identification:Package '/home/chaitanya/bumperbot_ws/src/bumperbot_description' with type 'ros.ament_cmake' and name 'bumperbot_description'
[6.535s] Level 1:colcon.colcon_core.package_identification:_identify(/home/chaitanya/bumperbot_ws/src/bumperbot_firmware) by extensions ['ignore', 'ignore_ament_install']
[6.536s] Level 1:colcon.colcon_core.package_identification:_identify(/home/chaitanya/bumperbot_ws/src/bumperbot_firmware) by extension 'ignore'
[6.537s] Level 1:colcon.colcon_core.package_identification:_identify(/home/chaitanya/bumperbot_ws/src/bumperbot_firmware) by extension 'ignore_ament_install'
[6.538s] Level 1:colcon.colcon_core.package_identification:_identify(/home/chaitanya/bumperbot_ws/src/bumperbot_firmware) by extensions ['colcon_pkg']
[6.539s] Level 1:colcon.colcon_core.package_identification:_identify(/home/chaitanya/bumperbot_ws/src/bumperbot_firmware) by extension 'colcon_pkg'
[6.540s] Level 1:colcon.colcon_core.package_identification:_identify(/home/chaitanya/bumperbot_ws/src/bumperbot_firmware) by extensions ['colcon_meta']
[6.542s] Level 1:colcon.colcon_core.package_identification:_identify(/home/chaitanya/bumperbot_ws/src/bumperbot_firmware) by extension 'colcon_meta'
[6.545s] Level 1:colcon.colcon_core.package_identification:_identify(/home/chaitanya/bumperbot_ws/src/bumperbot_firmware) by extensions ['ros']
[6.548s] Level 1:colcon.colcon_core.package_identification:_identify(/home/chaitanya/bumperbot_ws/src/bumperbot_firmware) by extension 'ros'
[6.552s] DEBUG:colcon.colcon_core.package_identification:Package '/home/chaitanya/bumperbot_ws/src/bumperbot_firmware' with type 'ros.ament_cmake' and name 'bumperbot_firmware'
[6.553s] Level 1:colcon.colcon_core.package_identification:_identify(/home/chaitanya/bumperbot_ws/src/bumperbot_localization) by extensions ['ignore', 'ignore_ament_install']
[6.554s] Level 1:colcon.colcon_core.package_identification:_identify(/home/chaitanya/bumperbot_ws/src/bumperbot_localization) by extension 'ignore'
[6.555s] Level 1:colcon.colcon_core.package_identification:_identify(/home/chaitanya/bumperbot_ws/src/bumperbot_localization) by extension 'ignore_ament_install'
[6.555s] Level 1:colcon.colcon_core.package_identification:_identify(/home/chaitanya/bumperbot_ws/src/bumperbot_localization) by extensions ['colcon_pkg']
[6.556s] Level 1:colcon.colcon_core.package_identification:_identify(/home/chaitanya/bumperbot_ws/src/bumperbot_localization) by extension 'colcon_pkg'
[6.557s] Level 1:colcon.colcon_core.package_identification:_identify(/home/chaitanya/bumperbot_ws/src/bumperbot_localization) by extensions ['colcon_meta']
[6.557s] Level 1:colcon.colcon_core.package_identification:_identify(/home/chaitanya/bumperbot_ws/src/bumperbot_localization) by extension 'colcon_meta'
[6.558s] Level 1:colcon.colcon_core.package_identification:_identify(/home/chaitanya/bumperbot_ws/src/bumperbot_localization) by extensions ['ros']
[6.559s] Level 1:colcon.colcon_core.package_identification:_identify(/home/chaitanya/bumperbot_ws/src/bumperbot_localization) by extension 'ros'
[6.570s] DEBUG:colcon.colcon_core.package_identification:Package '/home/chaitanya/bumperbot_ws/src/bumperbot_localization' with type 'ros.ament_cmake' and name 'bumperbot_localization'
[6.571s] Level 1:colcon.colcon_core.package_identification:_identify(/home/chaitanya/bumperbot_ws/src/bumperbot_msgs) by extensions ['ignore', 'ignore_ament_install']
[6.572s] Level 1:colcon.colcon_core.package_identification:_identify(/home/chaitanya/bumperbot_ws/src/bumperbot_msgs) by extension 'ignore'
[6.573s] Level 1:colcon.colcon_core.package_identification:_identify(/home/chaitanya/bumperbot_ws/src/bumperbot_msgs) by extension 'ignore_ament_install'
[6.574s] Level 1:colcon.colcon_core.package_identification:_identify(/home/chaitanya/bumperbot_ws/src/bumperbot_msgs) by extensions ['colcon_pkg']
[6.575s] Level 1:colcon.colcon_core.package_identification:_identify(/home/chaitanya/bumperbot_ws/src/bumperbot_msgs) by extension 'colcon_pkg'
[6.575s] Level 1:colcon.colcon_core.package_identification:_identify(/home/chaitanya/bumperbot_ws/src/bumperbot_msgs) by extensions ['colcon_meta']
[6.576s] Level 1:colcon.colcon_core.package_identification:_identify(/home/chaitanya/bumperbot_ws/src/bumperbot_msgs) by extension 'colcon_meta'
[6.577s] Level 1:colcon.colcon_core.package_identification:_identify(/home/chaitanya/bumperbot_ws/src/bumperbot_msgs) by extensions ['ros']
[6.578s] Level 1:colcon.colcon_core.package_identification:_identify(/home/chaitanya/bumperbot_ws/src/bumperbot_msgs) by extension 'ros'
[6.583s] DEBUG:colcon.colcon_core.package_identification:Package '/home/chaitanya/bumperbot_ws/src/bumperbot_msgs' with type 'ros.ament_cmake' and name 'bumperbot_msgs'
[6.587s] Level 1:colcon.colcon_core.package_identification:_identify(/home/chaitanya/bumperbot_ws/src/bumperbot_py_examples) by extensions ['ignore', 'ignore_ament_install']
[6.589s] Level 1:colcon.colcon_core.package_identification:_identify(/home/chaitanya/bumperbot_ws/src/bumperbot_py_examples) by extension 'ignore'
[6.590s] Level 1:colcon.colcon_core.package_identification:_identify(/home/chaitanya/bumperbot_ws/src/bumperbot_py_examples) by extension 'ignore_ament_install'
[6.591s] Level 1:colcon.colcon_core.package_identification:_identify(/home/chaitanya/bumperbot_ws/src/bumperbot_py_examples) by extensions ['colcon_pkg']
[6.592s] Level 1:colcon.colcon_core.package_identification:_identify(/home/chaitanya/bumperbot_ws/src/bumperbot_py_examples) by extension 'colcon_pkg'
[6.592s] Level 1:colcon.colcon_core.package_identification:_identify(/home/chaitanya/bumperbot_ws/src/bumperbot_py_examples) by extensions ['colcon_meta']
[6.593s] Level 1:colcon.colcon_core.package_identification:_identify(/home/chaitanya/bumperbot_ws/src/bumperbot_py_examples) by extension 'colcon_meta'
[6.594s] Level 1:colcon.colcon_core.package_identification:_identify(/home/chaitanya/bumperbot_ws/src/bumperbot_py_examples) by extensions ['ros']
[6.595s] Level 1:colcon.colcon_core.package_identification:_identify(/home/chaitanya/bumperbot_ws/src/bumperbot_py_examples) by extension 'ros'
[6.600s] DEBUG:colcon.colcon_core.package_identification:Package '/home/chaitanya/bumperbot_ws/src/bumperbot_py_examples' with type 'ros.ament_python' and name 'bumperbot_py_examples'
[6.602s] Level 1:colcon.colcon_core.package_discovery:discover_packages(recursive) using defaults
