[1.090s] DEBUG:colcon:Command line arguments: ['/usr/bin/colcon', 'build', '--packages-select', 'bumperbot_firmware']
[1.090s] DEBUG:colcon:Parsed command line arguments: Namespace(log_base=None, log_level=None, verb_name='build', build_base='build', install_base='install', merge_install=False, symlink_install=False, test_result_base=None, continue_on_error=False, executor='parallel', parallel_workers=4, event_handlers=None, ignore_user_meta=False, metas=['./colcon.meta'], base_paths=['.'], packages_ignore=None, packages_ignore_regex=None, paths=None, packages_up_to=None, packages_up_to_regex=None, packages_above=None, packages_above_and_dependencies=None, packages_above_depth=None, packages_select_by_dep=None, packages_skip_by_dep=None, packages_skip_up_to=None, packages_select_build_failed=False, packages_skip_build_finished=False, packages_select_test_failures=False, packages_skip_test_passed=False, packages_select=['bumperbot_firmware'], packages_skip=None, packages_select_regex=None, packages_skip_regex=None, packages_start=None, packages_end=None, allow_overriding=[], cmake_args=None, cmake_target=None, cmake_target_skip_unavailable=False, cmake_clean_cache=False, cmake_clean_first=False, cmake_force_configure=False, ament_cmake_args=None, catkin_cmake_args=None, catkin_skip_building_tests=False, verb_parser=<colcon_defaults.argument_parser.defaults.DefaultArgumentsDecorator object at 0xffff8d5bbca0>, verb_extension=<colcon_core.verb.build.BuildVerb object at 0xffff8d7a9030>, main=<bound method BuildVerb.main of <colcon_core.verb.build.BuildVerb object at 0xffff8d7a9030>>)
[2.391s] Level 1:colcon.colcon_core.package_discovery:discover_packages(colcon_meta) check parameters
[2.392s] Level 1:colcon.colcon_core.package_discovery:discover_packages(recursive) check parameters
[2.392s] Level 1:colcon.colcon_core.package_discovery:discover_packages(ignore) check parameters
[2.392s] Level 1:colcon.colcon_core.package_discovery:discover_packages(path) check parameters
[2.392s] Level 1:colcon.colcon_core.package_discovery:discover_packages(colcon_meta) discover
[2.393s] Level 1:colcon.colcon_core.package_discovery:discover_packages(recursive) discover
[2.393s] INFO:colcon.colcon_core.package_discovery:Crawling recursively for packages in '/home/chaitanya/bumperbot_ws'
[2.393s] Level 1:colcon.colcon_core.package_identification:_identify(.) by extensions ['ignore', 'ignore_ament_install']
[2.394s] Level 1:colcon.colcon_core.package_identification:_identify(.) by extension 'ignore'
[2.394s] Level 1:colcon.colcon_core.package_identification:_identify(.) by extension 'ignore_ament_install'
[2.395s] Level 1:colcon.colcon_core.package_identification:_identify(.) by extensions ['colcon_pkg']
[2.395s] Level 1:colcon.colcon_core.package_identification:_identify(.) by extension 'colcon_pkg'
[2.395s] Level 1:colcon.colcon_core.package_identification:_identify(.) by extensions ['colcon_meta']
[2.395s] Level 1:colcon.colcon_core.package_identification:_identify(.) by extension 'colcon_meta'
[2.395s] Level 1:colcon.colcon_core.package_identification:_identify(.) by extensions ['ros']
[2.396s] Level 1:colcon.colcon_core.package_identification:_identify(.) by extension 'ros'
[2.470s] Level 1:colcon.colcon_core.package_identification:_identify(.) by extensions ['cmake', 'python']
[2.471s] Level 1:colcon.colcon_core.package_identification:_identify(.) by extension 'cmake'
[2.471s] Level 1:colcon.colcon_core.package_identification:_identify(.) by extension 'python'
[2.472s] Level 1:colcon.colcon_core.package_identification:_identify(.) by extensions ['python_setup_py']
[2.472s] Level 1:colcon.colcon_core.package_identification:_identify(.) by extension 'python_setup_py'
[2.475s] Level 1:colcon.colcon_core.package_identification:_identify(build) by extensions ['ignore', 'ignore_ament_install']
[2.477s] Level 1:colcon.colcon_core.package_identification:_identify(build) by extension 'ignore'
[2.477s] Level 1:colcon.colcon_core.package_identification:_identify(build) ignored
[2.478s] Level 1:colcon.colcon_core.package_identification:_identify(install) by extensions ['ignore', 'ignore_ament_install']
[2.479s] Level 1:colcon.colcon_core.package_identification:_identify(install) by extension 'ignore'
[2.479s] Level 1:colcon.colcon_core.package_identification:_identify(install) ignored
[2.480s] Level 1:colcon.colcon_core.package_identification:_identify(log) by extensions ['ignore', 'ignore_ament_install']
[2.480s] Level 1:colcon.colcon_core.package_identification:_identify(log) by extension 'ignore'
[2.480s] Level 1:colcon.colcon_core.package_identification:_identify(log) ignored
[2.481s] Level 1:colcon.colcon_core.package_identification:_identify(src) by extensions ['ignore', 'ignore_ament_install']
[2.481s] Level 1:colcon.colcon_core.package_identification:_identify(src) by extension 'ignore'
[2.481s] Level 1:colcon.colcon_core.package_identification:_identify(src) by extension 'ignore_ament_install'
[2.482s] Level 1:colcon.colcon_core.package_identification:_identify(src) by extensions ['colcon_pkg']
[2.482s] Level 1:colcon.colcon_core.package_identification:_identify(src) by extension 'colcon_pkg'
[2.483s] Level 1:colcon.colcon_core.package_identification:_identify(src) by extensions ['colcon_meta']
[2.483s] Level 1:colcon.colcon_core.package_identification:_identify(src) by extension 'colcon_meta'
[2.484s] Level 1:colcon.colcon_core.package_identification:_identify(src) by extensions ['ros']
[2.484s] Level 1:colcon.colcon_core.package_identification:_identify(src) by extension 'ros'
[2.484s] Level 1:colcon.colcon_core.package_identification:_identify(src) by extensions ['cmake', 'python']
[2.485s] Level 1:colcon.colcon_core.package_identification:_identify(src) by extension 'cmake'
[2.485s] Level 1:colcon.colcon_core.package_identification:_identify(src) by extension 'python'
[2.485s] Level 1:colcon.colcon_core.package_identification:_identify(src) by extensions ['python_setup_py']
[2.486s] Level 1:colcon.colcon_core.package_identification:_identify(src) by extension 'python_setup_py'
[2.487s] Level 1:colcon.colcon_core.package_identification:_identify(src/bumperbot_controller) by extensions ['ignore', 'ignore_ament_install']
[2.487s] Level 1:colcon.colcon_core.package_identification:_identify(src/bumperbot_controller) by extension 'ignore'
[2.488s] Level 1:colcon.colcon_core.package_identification:_identify(src/bumperbot_controller) by extension 'ignore_ament_install'
[2.488s] Level 1:colcon.colcon_core.package_identification:_identify(src/bumperbot_controller) by extensions ['colcon_pkg']
[2.488s] Level 1:colcon.colcon_core.package_identification:_identify(src/bumperbot_controller) by extension 'colcon_pkg'
[2.489s] Level 1:colcon.colcon_core.package_identification:_identify(src/bumperbot_controller) by extensions ['colcon_meta']
[2.489s] Level 1:colcon.colcon_core.package_identification:_identify(src/bumperbot_controller) by extension 'colcon_meta'
[2.489s] Level 1:colcon.colcon_core.package_identification:_identify(src/bumperbot_controller) by extensions ['ros']
[2.489s] Level 1:colcon.colcon_core.package_identification:_identify(src/bumperbot_controller) by extension 'ros'
[2.504s] DEBUG:colcon.colcon_core.package_identification:Package 'src/bumperbot_controller' with type 'ros.ament_cmake' and name 'bumperbot_controller'
[2.505s] Level 1:colcon.colcon_core.package_identification:_identify(src/bumperbot_cpp_examples) by extensions ['ignore', 'ignore_ament_install']
[2.505s] Level 1:colcon.colcon_core.package_identification:_identify(src/bumperbot_cpp_examples) by extension 'ignore'
[2.505s] Level 1:colcon.colcon_core.package_identification:_identify(src/bumperbot_cpp_examples) by extension 'ignore_ament_install'
[2.506s] Level 1:colcon.colcon_core.package_identification:_identify(src/bumperbot_cpp_examples) by extensions ['colcon_pkg']
[2.506s] Level 1:colcon.colcon_core.package_identification:_identify(src/bumperbot_cpp_examples) by extension 'colcon_pkg'
[2.506s] Level 1:colcon.colcon_core.package_identification:_identify(src/bumperbot_cpp_examples) by extensions ['colcon_meta']
[2.506s] Level 1:colcon.colcon_core.package_identification:_identify(src/bumperbot_cpp_examples) by extension 'colcon_meta'
[2.507s] Level 1:colcon.colcon_core.package_identification:_identify(src/bumperbot_cpp_examples) by extensions ['ros']
[2.507s] Level 1:colcon.colcon_core.package_identification:_identify(src/bumperbot_cpp_examples) by extension 'ros'
[2.513s] DEBUG:colcon.colcon_core.package_identification:Package 'src/bumperbot_cpp_examples' with type 'ros.ament_cmake' and name 'bumperbot_cpp_examples'
[2.514s] Level 1:colcon.colcon_core.package_identification:_identify(src/bumperbot_description) by extensions ['ignore', 'ignore_ament_install']
[2.514s] Level 1:colcon.colcon_core.package_identification:_identify(src/bumperbot_description) by extension 'ignore'
[2.514s] Level 1:colcon.colcon_core.package_identification:_identify(src/bumperbot_description) by extension 'ignore_ament_install'
[2.515s] Level 1:colcon.colcon_core.package_identification:_identify(src/bumperbot_description) by extensions ['colcon_pkg']
[2.515s] Level 1:colcon.colcon_core.package_identification:_identify(src/bumperbot_description) by extension 'colcon_pkg'
[2.515s] Level 1:colcon.colcon_core.package_identification:_identify(src/bumperbot_description) by extensions ['colcon_meta']
[2.515s] Level 1:colcon.colcon_core.package_identification:_identify(src/bumperbot_description) by extension 'colcon_meta'
[2.516s] Level 1:colcon.colcon_core.package_identification:_identify(src/bumperbot_description) by extensions ['ros']
[2.516s] Level 1:colcon.colcon_core.package_identification:_identify(src/bumperbot_description) by extension 'ros'
[2.526s] DEBUG:colcon.colcon_core.package_identification:Package 'src/bumperbot_description' with type 'ros.ament_cmake' and name 'bumperbot_description'
[2.526s] Level 1:colcon.colcon_core.package_identification:_identify(src/bumperbot_firmware) by extensions ['ignore', 'ignore_ament_install']
[2.527s] Level 1:colcon.colcon_core.package_identification:_identify(src/bumperbot_firmware) by extension 'ignore'
[2.527s] Level 1:colcon.colcon_core.package_identification:_identify(src/bumperbot_firmware) by extension 'ignore_ament_install'
[2.528s] Level 1:colcon.colcon_core.package_identification:_identify(src/bumperbot_firmware) by extensions ['colcon_pkg']
[2.528s] Level 1:colcon.colcon_core.package_identification:_identify(src/bumperbot_firmware) by extension 'colcon_pkg'
[2.528s] Level 1:colcon.colcon_core.package_identification:_identify(src/bumperbot_firmware) by extensions ['colcon_meta']
[2.528s] Level 1:colcon.colcon_core.package_identification:_identify(src/bumperbot_firmware) by extension 'colcon_meta'
[2.528s] Level 1:colcon.colcon_core.package_identification:_identify(src/bumperbot_firmware) by extensions ['ros']
[2.529s] Level 1:colcon.colcon_core.package_identification:_identify(src/bumperbot_firmware) by extension 'ros'
[2.533s] DEBUG:colcon.colcon_core.package_identification:Package 'src/bumperbot_firmware' with type 'ros.ament_cmake' and name 'bumperbot_firmware'
[2.533s] Level 1:colcon.colcon_core.package_identification:_identify(src/bumperbot_localization) by extensions ['ignore', 'ignore_ament_install']
[2.534s] Level 1:colcon.colcon_core.package_identification:_identify(src/bumperbot_localization) by extension 'ignore'
[2.534s] Level 1:colcon.colcon_core.package_identification:_identify(src/bumperbot_localization) by extension 'ignore_ament_install'
[2.534s] Level 1:colcon.colcon_core.package_identification:_identify(src/bumperbot_localization) by extensions ['colcon_pkg']
[2.534s] Level 1:colcon.colcon_core.package_identification:_identify(src/bumperbot_localization) by extension 'colcon_pkg'
[2.535s] Level 1:colcon.colcon_core.package_identification:_identify(src/bumperbot_localization) by extensions ['colcon_meta']
[2.535s] Level 1:colcon.colcon_core.package_identification:_identify(src/bumperbot_localization) by extension 'colcon_meta'
[2.535s] Level 1:colcon.colcon_core.package_identification:_identify(src/bumperbot_localization) by extensions ['ros']
[2.535s] Level 1:colcon.colcon_core.package_identification:_identify(src/bumperbot_localization) by extension 'ros'
[2.539s] DEBUG:colcon.colcon_core.package_identification:Package 'src/bumperbot_localization' with type 'ros.ament_cmake' and name 'bumperbot_localization'
[2.540s] Level 1:colcon.colcon_core.package_identification:_identify(src/bumperbot_msgs) by extensions ['ignore', 'ignore_ament_install']
[2.540s] Level 1:colcon.colcon_core.package_identification:_identify(src/bumperbot_msgs) by extension 'ignore'
[2.540s] Level 1:colcon.colcon_core.package_identification:_identify(src/bumperbot_msgs) by extension 'ignore_ament_install'
[2.541s] Level 1:colcon.colcon_core.package_identification:_identify(src/bumperbot_msgs) by extensions ['colcon_pkg']
[2.541s] Level 1:colcon.colcon_core.package_identification:_identify(src/bumperbot_msgs) by extension 'colcon_pkg'
[2.541s] Level 1:colcon.colcon_core.package_identification:_identify(src/bumperbot_msgs) by extensions ['colcon_meta']
[2.541s] Level 1:colcon.colcon_core.package_identification:_identify(src/bumperbot_msgs) by extension 'colcon_meta'
[2.541s] Level 1:colcon.colcon_core.package_identification:_identify(src/bumperbot_msgs) by extensions ['ros']
[2.541s] Level 1:colcon.colcon_core.package_identification:_identify(src/bumperbot_msgs) by extension 'ros'
[2.544s] DEBUG:colcon.colcon_core.package_identification:Package 'src/bumperbot_msgs' with type 'ros.ament_cmake' and name 'bumperbot_msgs'
[2.545s] Level 1:colcon.colcon_core.package_identification:_identify(src/bumperbot_py_examples) by extensions ['ignore', 'ignore_ament_install']
[2.545s] Level 1:colcon.colcon_core.package_identification:_identify(src/bumperbot_py_examples) by extension 'ignore'
[2.546s] Level 1:colcon.colcon_core.package_identification:_identify(src/bumperbot_py_examples) by extension 'ignore_ament_install'
[2.546s] Level 1:colcon.colcon_core.package_identification:_identify(src/bumperbot_py_examples) by extensions ['colcon_pkg']
[2.546s] Level 1:colcon.colcon_core.package_identification:_identify(src/bumperbot_py_examples) by extension 'colcon_pkg'
[2.546s] Level 1:colcon.colcon_core.package_identification:_identify(src/bumperbot_py_examples) by extensions ['colcon_meta']
[2.546s] Level 1:colcon.colcon_core.package_identification:_identify(src/bumperbot_py_examples) by extension 'colcon_meta'
[2.547s] Level 1:colcon.colcon_core.package_identification:_identify(src/bumperbot_py_examples) by extensions ['ros']
[2.547s] Level 1:colcon.colcon_core.package_identification:_identify(src/bumperbot_py_examples) by extension 'ros'
[2.552s] DEBUG:colcon.colcon_core.package_identification:Package 'src/bumperbot_py_examples' with type 'ros.ament_python' and name 'bumperbot_py_examples'
[2.552s] Level 1:colcon.colcon_core.package_discovery:discover_packages(recursive) using defaults
[2.553s] Level 1:colcon.colcon_core.package_discovery:discover_packages(ignore) discover
[2.553s] Level 1:colcon.colcon_core.package_discovery:discover_packages(ignore) using defaults
[2.553s] Level 1:colcon.colcon_core.package_discovery:discover_packages(path) discover
[2.553s] Level 1:colcon.colcon_core.package_discovery:discover_packages(path) using defaults
[2.732s] INFO:colcon.colcon_core.package_selection:Skipping not selected package 'bumperbot_controller' in 'src/bumperbot_controller'
[2.732s] INFO:colcon.colcon_core.package_selection:Skipping not selected package 'bumperbot_description' in 'src/bumperbot_description'
[2.732s] INFO:colcon.colcon_core.package_selection:Skipping not selected package 'bumperbot_localization' in 'src/bumperbot_localization'
[2.732s] INFO:colcon.colcon_core.package_selection:Skipping not selected package 'bumperbot_msgs' in 'src/bumperbot_msgs'
[2.733s] INFO:colcon.colcon_core.package_selection:Skipping not selected package 'bumperbot_cpp_examples' in 'src/bumperbot_cpp_examples'
[2.733s] INFO:colcon.colcon_core.package_selection:Skipping not selected package 'bumperbot_py_examples' in 'src/bumperbot_py_examples'
[2.735s] Level 1:colcon.colcon_core.package_discovery:discover_packages(prefix_path) check parameters
[2.735s] Level 1:colcon.colcon_core.package_discovery:discover_packages(prefix_path) discover
[2.757s] DEBUG:colcon.colcon_installed_package_information.package_discovery:Found 326 installed packages in /opt/ros/humble
[2.765s] Level 1:colcon.colcon_core.package_discovery:discover_packages(prefix_path) using defaults
[3.155s] Level 5:colcon.colcon_core.verb:set package 'bumperbot_firmware' build argument 'cmake_args' from command line to 'None'
[3.155s] Level 5:colcon.colcon_core.verb:set package 'bumperbot_firmware' build argument 'cmake_target' from command line to 'None'
[3.155s] Level 5:colcon.colcon_core.verb:set package 'bumperbot_firmware' build argument 'cmake_target_skip_unavailable' from command line to 'False'
[3.155s] Level 5:colcon.colcon_core.verb:set package 'bumperbot_firmware' build argument 'cmake_clean_cache' from command line to 'False'
[3.155s] Level 5:colcon.colcon_core.verb:set package 'bumperbot_firmware' build argument 'cmake_clean_first' from command line to 'False'
[3.155s] Level 5:colcon.colcon_core.verb:set package 'bumperbot_firmware' build argument 'cmake_force_configure' from command line to 'False'
[3.156s] Level 5:colcon.colcon_core.verb:set package 'bumperbot_firmware' build argument 'ament_cmake_args' from command line to 'None'
[3.156s] Level 5:colcon.colcon_core.verb:set package 'bumperbot_firmware' build argument 'catkin_cmake_args' from command line to 'None'
[3.156s] Level 5:colcon.colcon_core.verb:set package 'bumperbot_firmware' build argument 'catkin_skip_building_tests' from command line to 'False'
[3.156s] DEBUG:colcon.colcon_core.verb:Building package 'bumperbot_firmware' with the following arguments: {'ament_cmake_args': None, 'build_base': '/home/chaitanya/bumperbot_ws/build/bumperbot_firmware', 'catkin_cmake_args': None, 'catkin_skip_building_tests': False, 'cmake_args': None, 'cmake_clean_cache': False, 'cmake_clean_first': False, 'cmake_force_configure': False, 'cmake_target': None, 'cmake_target_skip_unavailable': False, 'install_base': '/home/chaitanya/bumperbot_ws/install/bumperbot_firmware', 'merge_install': False, 'path': '/home/chaitanya/bumperbot_ws/src/bumperbot_firmware', 'symlink_install': False, 'test_result_base': None}
[3.157s] INFO:colcon.colcon_core.executor:Executing jobs using 'parallel' executor
[3.160s] DEBUG:colcon.colcon_parallel_executor.executor.parallel:run_until_complete
[3.161s] INFO:colcon.colcon_ros.task.ament_cmake.build:Building ROS package in '/home/chaitanya/bumperbot_ws/src/bumperbot_firmware' with build type 'ament_cmake'
[3.162s] INFO:colcon.colcon_cmake.task.cmake.build:Building CMake package in '/home/chaitanya/bumperbot_ws/src/bumperbot_firmware'
[3.179s] INFO:colcon.colcon_core.plugin_system:Skipping extension 'colcon_core.shell.bat': Not used on non-Windows systems
[3.180s] INFO:colcon.colcon_core.shell:Skip shell extension 'powershell' for command environment: Not usable outside of PowerShell
[3.180s] DEBUG:colcon.colcon_core.shell:Skip shell extension 'dsv' for command environment
[3.238s] DEBUG:colcon.colcon_core.event_handler.log_command:Invoking command in '/home/chaitanya/bumperbot_ws/build/bumperbot_firmware': CMAKE_PREFIX_PATH=/opt/ros/humble /usr/bin/cmake --build /home/chaitanya/bumperbot_ws/build/bumperbot_firmware -- -j4 -l4
[8.614s] DEBUG:colcon.colcon_core.event_handler.log_command:Invoked command in '/home/chaitanya/bumperbot_ws/build/bumperbot_firmware' returned '0': CMAKE_PREFIX_PATH=/opt/ros/humble /usr/bin/cmake --build /home/chaitanya/bumperbot_ws/build/bumperbot_firmware -- -j4 -l4
[8.653s] DEBUG:colcon.colcon_core.event_handler.log_command:Invoking command in '/home/chaitanya/bumperbot_ws/build/bumperbot_firmware': CMAKE_PREFIX_PATH=/opt/ros/humble /usr/bin/cmake --install /home/chaitanya/bumperbot_ws/build/bumperbot_firmware
[8.753s] Level 1:colcon.colcon_core.environment:create_environment_scripts_only(bumperbot_firmware)
[8.761s] DEBUG:colcon.colcon_core.event_handler.log_command:Invoked command in '/home/chaitanya/bumperbot_ws/build/bumperbot_firmware' returned '0': CMAKE_PREFIX_PATH=/opt/ros/humble /usr/bin/cmake --install /home/chaitanya/bumperbot_ws/build/bumperbot_firmware
[8.784s] Level 1:colcon.colcon_core.environment:checking '/home/chaitanya/bumperbot_ws/install/bumperbot_firmware' for CMake module files
[8.787s] Level 1:colcon.colcon_core.environment:checking '/home/chaitanya/bumperbot_ws/install/bumperbot_firmware' for CMake config files
[8.790s] Level 1:colcon.colcon_core.shell:create_environment_hook('bumperbot_firmware', 'cmake_prefix_path')
[8.791s] INFO:colcon.colcon_core.shell:Creating environment hook '/home/chaitanya/bumperbot_ws/install/bumperbot_firmware/share/bumperbot_firmware/hook/cmake_prefix_path.ps1'
[8.795s] INFO:colcon.colcon_core.shell:Creating environment descriptor '/home/chaitanya/bumperbot_ws/install/bumperbot_firmware/share/bumperbot_firmware/hook/cmake_prefix_path.dsv'
[8.799s] INFO:colcon.colcon_core.shell:Creating environment hook '/home/chaitanya/bumperbot_ws/install/bumperbot_firmware/share/bumperbot_firmware/hook/cmake_prefix_path.sh'
[8.804s] Level 1:colcon.colcon_core.environment:checking '/home/chaitanya/bumperbot_ws/install/bumperbot_firmware/lib'
[8.806s] Level 1:colcon.colcon_core.shell:create_environment_hook('bumperbot_firmware', 'ld_library_path_lib')
[8.807s] INFO:colcon.colcon_core.shell:Creating environment hook '/home/chaitanya/bumperbot_ws/install/bumperbot_firmware/share/bumperbot_firmware/hook/ld_library_path_lib.ps1'
[8.809s] INFO:colcon.colcon_core.shell:Creating environment descriptor '/home/chaitanya/bumperbot_ws/install/bumperbot_firmware/share/bumperbot_firmware/hook/ld_library_path_lib.dsv'
[8.812s] INFO:colcon.colcon_core.shell:Creating environment hook '/home/chaitanya/bumperbot_ws/install/bumperbot_firmware/share/bumperbot_firmware/hook/ld_library_path_lib.sh'
[8.815s] Level 1:colcon.colcon_core.environment:checking '/home/chaitanya/bumperbot_ws/install/bumperbot_firmware/bin'
[8.815s] Level 1:colcon.colcon_core.environment:checking '/home/chaitanya/bumperbot_ws/install/bumperbot_firmware/lib/pkgconfig/bumperbot_firmware.pc'
[8.817s] Level 1:colcon.colcon_core.environment:checking '/home/chaitanya/bumperbot_ws/install/bumperbot_firmware/lib/python3.10/site-packages'
[8.818s] Level 1:colcon.colcon_core.environment:checking '/home/chaitanya/bumperbot_ws/install/bumperbot_firmware/bin'
[8.820s] INFO:colcon.colcon_core.shell:Creating package script '/home/chaitanya/bumperbot_ws/install/bumperbot_firmware/share/bumperbot_firmware/package.ps1'
[8.826s] INFO:colcon.colcon_core.shell:Creating package descriptor '/home/chaitanya/bumperbot_ws/install/bumperbot_firmware/share/bumperbot_firmware/package.dsv'
[8.835s] INFO:colcon.colcon_core.shell:Creating package script '/home/chaitanya/bumperbot_ws/install/bumperbot_firmware/share/bumperbot_firmware/package.sh'
[8.847s] INFO:colcon.colcon_core.shell:Creating package script '/home/chaitanya/bumperbot_ws/install/bumperbot_firmware/share/bumperbot_firmware/package.bash'
[8.854s] INFO:colcon.colcon_core.shell:Creating package script '/home/chaitanya/bumperbot_ws/install/bumperbot_firmware/share/bumperbot_firmware/package.zsh'
[8.862s] Level 1:colcon.colcon_core.environment:create_file_with_runtime_dependencies(/home/chaitanya/bumperbot_ws/install/bumperbot_firmware/share/colcon-core/packages/bumperbot_firmware)
[8.867s] Level 1:colcon.colcon_core.environment:create_environment_scripts_only(bumperbot_firmware)
[8.868s] Level 1:colcon.colcon_core.environment:checking '/home/chaitanya/bumperbot_ws/install/bumperbot_firmware' for CMake module files
[8.873s] Level 1:colcon.colcon_core.environment:checking '/home/chaitanya/bumperbot_ws/install/bumperbot_firmware' for CMake config files
[8.877s] Level 1:colcon.colcon_core.shell:create_environment_hook('bumperbot_firmware', 'cmake_prefix_path')
[8.878s] INFO:colcon.colcon_core.shell:Creating environment hook '/home/chaitanya/bumperbot_ws/install/bumperbot_firmware/share/bumperbot_firmware/hook/cmake_prefix_path.ps1'
[8.881s] INFO:colcon.colcon_core.shell:Creating environment descriptor '/home/chaitanya/bumperbot_ws/install/bumperbot_firmware/share/bumperbot_firmware/hook/cmake_prefix_path.dsv'
[8.885s] INFO:colcon.colcon_core.shell:Creating environment hook '/home/chaitanya/bumperbot_ws/install/bumperbot_firmware/share/bumperbot_firmware/hook/cmake_prefix_path.sh'
[8.890s] Level 1:colcon.colcon_core.environment:checking '/home/chaitanya/bumperbot_ws/install/bumperbot_firmware/lib'
[8.891s] Level 1:colcon.colcon_core.shell:create_environment_hook('bumperbot_firmware', 'ld_library_path_lib')
[8.892s] INFO:colcon.colcon_core.shell:Creating environment hook '/home/chaitanya/bumperbot_ws/install/bumperbot_firmware/share/bumperbot_firmware/hook/ld_library_path_lib.ps1'
[8.896s] INFO:colcon.colcon_core.shell:Creating environment descriptor '/home/chaitanya/bumperbot_ws/install/bumperbot_firmware/share/bumperbot_firmware/hook/ld_library_path_lib.dsv'
[8.900s] INFO:colcon.colcon_core.shell:Creating environment hook '/home/chaitanya/bumperbot_ws/install/bumperbot_firmware/share/bumperbot_firmware/hook/ld_library_path_lib.sh'
[8.904s] Level 1:colcon.colcon_core.environment:checking '/home/chaitanya/bumperbot_ws/install/bumperbot_firmware/bin'
[8.905s] Level 1:colcon.colcon_core.environment:checking '/home/chaitanya/bumperbot_ws/install/bumperbot_firmware/lib/pkgconfig/bumperbot_firmware.pc'
[8.906s] Level 1:colcon.colcon_core.environment:checking '/home/chaitanya/bumperbot_ws/install/bumperbot_firmware/lib/python3.10/site-packages'
[8.908s] Level 1:colcon.colcon_core.environment:checking '/home/chaitanya/bumperbot_ws/install/bumperbot_firmware/bin'
[8.912s] INFO:colcon.colcon_core.shell:Creating package script '/home/chaitanya/bumperbot_ws/install/bumperbot_firmware/share/bumperbot_firmware/package.ps1'
[8.917s] INFO:colcon.colcon_core.shell:Creating package descriptor '/home/chaitanya/bumperbot_ws/install/bumperbot_firmware/share/bumperbot_firmware/package.dsv'
[8.923s] INFO:colcon.colcon_core.shell:Creating package script '/home/chaitanya/bumperbot_ws/install/bumperbot_firmware/share/bumperbot_firmware/package.sh'
[8.930s] INFO:colcon.colcon_core.shell:Creating package script '/home/chaitanya/bumperbot_ws/install/bumperbot_firmware/share/bumperbot_firmware/package.bash'
[8.938s] INFO:colcon.colcon_core.shell:Creating package script '/home/chaitanya/bumperbot_ws/install/bumperbot_firmware/share/bumperbot_firmware/package.zsh'
[8.944s] Level 1:colcon.colcon_core.environment:create_file_with_runtime_dependencies(/home/chaitanya/bumperbot_ws/install/bumperbot_firmware/share/colcon-core/packages/bumperbot_firmware)
[8.949s] DEBUG:colcon.colcon_parallel_executor.executor.parallel:closing loop
[8.950s] DEBUG:colcon.colcon_parallel_executor.executor.parallel:loop closed
[8.950s] DEBUG:colcon.colcon_parallel_executor.executor.parallel:run_until_complete finished with '0'
[8.951s] DEBUG:colcon.colcon_core.event_reactor:joining thread
[9.018s] INFO:colcon.colcon_core.plugin_system:Skipping extension 'colcon_notification.desktop_notification.terminal_notifier': Not used on non-Darwin systems
[9.019s] INFO:colcon.colcon_core.plugin_system:Skipping extension 'colcon_notification.desktop_notification.win32': Not used on non-Windows systems
[9.019s] INFO:colcon.colcon_notification.desktop_notification:Sending desktop notification using 'notify2'
[9.153s] DEBUG:colcon.colcon_core.event_reactor:joined thread
[9.155s] INFO:colcon.colcon_core.shell:Creating prefix script '/home/chaitanya/bumperbot_ws/install/local_setup.ps1'
[9.163s] INFO:colcon.colcon_core.shell:Creating prefix util module '/home/chaitanya/bumperbot_ws/install/_local_setup_util_ps1.py'
[9.174s] INFO:colcon.colcon_core.shell:Creating prefix chain script '/home/chaitanya/bumperbot_ws/install/setup.ps1'
[9.186s] INFO:colcon.colcon_core.shell:Creating prefix script '/home/chaitanya/bumperbot_ws/install/local_setup.sh'
[9.205s] INFO:colcon.colcon_core.shell:Creating prefix util module '/home/chaitanya/bumperbot_ws/install/_local_setup_util_sh.py'
[9.213s] INFO:colcon.colcon_core.shell:Creating prefix chain script '/home/chaitanya/bumperbot_ws/install/setup.sh'
[9.226s] INFO:colcon.colcon_core.shell:Creating prefix script '/home/chaitanya/bumperbot_ws/install/local_setup.bash'
[9.233s] INFO:colcon.colcon_core.shell:Creating prefix chain script '/home/chaitanya/bumperbot_ws/install/setup.bash'
[9.243s] INFO:colcon.colcon_core.shell:Creating prefix script '/home/chaitanya/bumperbot_ws/install/local_setup.zsh'
[9.251s] INFO:colcon.colcon_core.shell:Creating prefix chain script '/home/chaitanya/bumperbot_ws/install/setup.zsh'
