[0.446s] DEBUG:colcon:Command line arguments: ['/usr/bin/colcon', 'build', '--parallel-workers', '4']
[0.446s] DEBUG:colcon:Parsed command line arguments: Namespace(log_base=None, log_level=None, verb_name='build', build_base='build', install_base='install', merge_install=False, symlink_install=False, test_result_base=None, continue_on_error=False, executor='parallel', parallel_workers=4, event_handlers=None, ignore_user_meta=False, metas=['./colcon.meta'], base_paths=['.'], packages_ignore=None, packages_ignore_regex=None, paths=None, packages_up_to=None, packages_up_to_regex=None, packages_above=None, packages_above_and_dependencies=None, packages_above_depth=None, packages_select_by_dep=None, packages_skip_by_dep=None, packages_skip_up_to=None, packages_select_build_failed=False, packages_skip_build_finished=False, packages_select_test_failures=False, packages_skip_test_passed=False, packages_select=None, packages_skip=None, packages_select_regex=None, packages_skip_regex=None, packages_start=None, packages_end=None, allow_overriding=[], cmake_args=None, cmake_target=None, cmake_target_skip_unavailable=False, cmake_clean_cache=False, cmake_clean_first=False, cmake_force_configure=False, ament_cmake_args=None, catkin_cmake_args=None, catkin_skip_building_tests=False, verb_parser=<colcon_defaults.argument_parser.defaults.DefaultArgumentsDecorator object at 0xffff847ebc70>, verb_extension=<colcon_core.verb.build.BuildVerb object at 0xffff849d9000>, main=<bound method BuildVerb.main of <colcon_core.verb.build.BuildVerb object at 0xffff849d9000>>)
[1.369s] Level 1:colcon.colcon_core.package_discovery:discover_packages(colcon_meta) check parameters
[1.370s] Level 1:colcon.colcon_core.package_discovery:discover_packages(recursive) check parameters
[1.370s] Level 1:colcon.colcon_core.package_discovery:discover_packages(ignore) check parameters
[1.370s] Level 1:colcon.colcon_core.package_discovery:discover_packages(path) check parameters
[1.370s] Level 1:colcon.colcon_core.package_discovery:discover_packages(colcon_meta) discover
[1.371s] Level 1:colcon.colcon_core.package_discovery:discover_packages(recursive) discover
[1.371s] INFO:colcon.colcon_core.package_discovery:Crawling recursively for packages in '/home/chaitanya/bumperbot_ws'
[1.371s] Level 1:colcon.colcon_core.package_identification:_identify(.) by extensions ['ignore', 'ignore_ament_install']
[1.372s] Level 1:colcon.colcon_core.package_identification:_identify(.) by extension 'ignore'
[1.372s] Level 1:colcon.colcon_core.package_identification:_identify(.) by extension 'ignore_ament_install'
[1.372s] Level 1:colcon.colcon_core.package_identification:_identify(.) by extensions ['colcon_pkg']
[1.372s] Level 1:colcon.colcon_core.package_identification:_identify(.) by extension 'colcon_pkg'
[1.373s] Level 1:colcon.colcon_core.package_identification:_identify(.) by extensions ['colcon_meta']
[1.373s] Level 1:colcon.colcon_core.package_identification:_identify(.) by extension 'colcon_meta'
[1.373s] Level 1:colcon.colcon_core.package_identification:_identify(.) by extensions ['ros']
[1.373s] Level 1:colcon.colcon_core.package_identification:_identify(.) by extension 'ros'
[1.421s] Level 1:colcon.colcon_core.package_identification:_identify(.) by extensions ['cmake', 'python']
[1.421s] Level 1:colcon.colcon_core.package_identification:_identify(.) by extension 'cmake'
[1.421s] Level 1:colcon.colcon_core.package_identification:_identify(.) by extension 'python'
[1.421s] Level 1:colcon.colcon_core.package_identification:_identify(.) by extensions ['python_setup_py']
[1.421s] Level 1:colcon.colcon_core.package_identification:_identify(.) by extension 'python_setup_py'
[1.422s] Level 1:colcon.colcon_core.package_identification:_identify(build) by extensions ['ignore', 'ignore_ament_install']
[1.423s] Level 1:colcon.colcon_core.package_identification:_identify(build) by extension 'ignore'
[1.423s] Level 1:colcon.colcon_core.package_identification:_identify(build) ignored
[1.423s] Level 1:colcon.colcon_core.package_identification:_identify(install) by extensions ['ignore', 'ignore_ament_install']
[1.424s] Level 1:colcon.colcon_core.package_identification:_identify(install) by extension 'ignore'
[1.424s] Level 1:colcon.colcon_core.package_identification:_identify(install) ignored
[1.425s] Level 1:colcon.colcon_core.package_identification:_identify(log) by extensions ['ignore', 'ignore_ament_install']
[1.426s] Level 1:colcon.colcon_core.package_identification:_identify(log) by extension 'ignore'
[1.426s] Level 1:colcon.colcon_core.package_identification:_identify(log) ignored
[1.426s] Level 1:colcon.colcon_core.package_identification:_identify(src) by extensions ['ignore', 'ignore_ament_install']
[1.427s] Level 1:colcon.colcon_core.package_identification:_identify(src) by extension 'ignore'
[1.427s] Level 1:colcon.colcon_core.package_identification:_identify(src) by extension 'ignore_ament_install'
[1.427s] Level 1:colcon.colcon_core.package_identification:_identify(src) by extensions ['colcon_pkg']
[1.428s] Level 1:colcon.colcon_core.package_identification:_identify(src) by extension 'colcon_pkg'
[1.428s] Level 1:colcon.colcon_core.package_identification:_identify(src) by extensions ['colcon_meta']
[1.428s] Level 1:colcon.colcon_core.package_identification:_identify(src) by extension 'colcon_meta'
[1.428s] Level 1:colcon.colcon_core.package_identification:_identify(src) by extensions ['ros']
[1.428s] Level 1:colcon.colcon_core.package_identification:_identify(src) by extension 'ros'
[1.429s] Level 1:colcon.colcon_core.package_identification:_identify(src) by extensions ['cmake', 'python']
[1.429s] Level 1:colcon.colcon_core.package_identification:_identify(src) by extension 'cmake'
[1.429s] Level 1:colcon.colcon_core.package_identification:_identify(src) by extension 'python'
[1.429s] Level 1:colcon.colcon_core.package_identification:_identify(src) by extensions ['python_setup_py']
[1.429s] Level 1:colcon.colcon_core.package_identification:_identify(src) by extension 'python_setup_py'
[1.430s] Level 1:colcon.colcon_core.package_identification:_identify(src/bumperbot_controller) by extensions ['ignore', 'ignore_ament_install']
[1.430s] Level 1:colcon.colcon_core.package_identification:_identify(src/bumperbot_controller) by extension 'ignore'
[1.430s] Level 1:colcon.colcon_core.package_identification:_identify(src/bumperbot_controller) by extension 'ignore_ament_install'
[1.431s] Level 1:colcon.colcon_core.package_identification:_identify(src/bumperbot_controller) by extensions ['colcon_pkg']
[1.431s] Level 1:colcon.colcon_core.package_identification:_identify(src/bumperbot_controller) by extension 'colcon_pkg'
[1.431s] Level 1:colcon.colcon_core.package_identification:_identify(src/bumperbot_controller) by extensions ['colcon_meta']
[1.431s] Level 1:colcon.colcon_core.package_identification:_identify(src/bumperbot_controller) by extension 'colcon_meta'
[1.431s] Level 1:colcon.colcon_core.package_identification:_identify(src/bumperbot_controller) by extensions ['ros']
[1.431s] Level 1:colcon.colcon_core.package_identification:_identify(src/bumperbot_controller) by extension 'ros'
[1.443s] DEBUG:colcon.colcon_core.package_identification:Package 'src/bumperbot_controller' with type 'ros.ament_cmake' and name 'bumperbot_controller'
[1.444s] Level 1:colcon.colcon_core.package_identification:_identify(src/bumperbot_cpp_examples) by extensions ['ignore', 'ignore_ament_install']
[1.444s] Level 1:colcon.colcon_core.package_identification:_identify(src/bumperbot_cpp_examples) by extension 'ignore'
[1.444s] Level 1:colcon.colcon_core.package_identification:_identify(src/bumperbot_cpp_examples) by extension 'ignore_ament_install'
[1.444s] Level 1:colcon.colcon_core.package_identification:_identify(src/bumperbot_cpp_examples) by extensions ['colcon_pkg']
[1.445s] Level 1:colcon.colcon_core.package_identification:_identify(src/bumperbot_cpp_examples) by extension 'colcon_pkg'
[1.445s] Level 1:colcon.colcon_core.package_identification:_identify(src/bumperbot_cpp_examples) by extensions ['colcon_meta']
[1.445s] Level 1:colcon.colcon_core.package_identification:_identify(src/bumperbot_cpp_examples) by extension 'colcon_meta'
[1.445s] Level 1:colcon.colcon_core.package_identification:_identify(src/bumperbot_cpp_examples) by extensions ['ros']
[1.446s] Level 1:colcon.colcon_core.package_identification:_identify(src/bumperbot_cpp_examples) by extension 'ros'
[1.451s] DEBUG:colcon.colcon_core.package_identification:Package 'src/bumperbot_cpp_examples' with type 'ros.ament_cmake' and name 'bumperbot_cpp_examples'
[1.452s] Level 1:colcon.colcon_core.package_identification:_identify(src/bumperbot_description) by extensions ['ignore', 'ignore_ament_install']
[1.452s] Level 1:colcon.colcon_core.package_identification:_identify(src/bumperbot_description) by extension 'ignore'
[1.453s] Level 1:colcon.colcon_core.package_identification:_identify(src/bumperbot_description) by extension 'ignore_ament_install'
[1.453s] Level 1:colcon.colcon_core.package_identification:_identify(src/bumperbot_description) by extensions ['colcon_pkg']
[1.453s] Level 1:colcon.colcon_core.package_identification:_identify(src/bumperbot_description) by extension 'colcon_pkg'
[1.453s] Level 1:colcon.colcon_core.package_identification:_identify(src/bumperbot_description) by extensions ['colcon_meta']
[1.453s] Level 1:colcon.colcon_core.package_identification:_identify(src/bumperbot_description) by extension 'colcon_meta'
[1.454s] Level 1:colcon.colcon_core.package_identification:_identify(src/bumperbot_description) by extensions ['ros']
[1.454s] Level 1:colcon.colcon_core.package_identification:_identify(src/bumperbot_description) by extension 'ros'
[1.463s] DEBUG:colcon.colcon_core.package_identification:Package 'src/bumperbot_description' with type 'ros.ament_cmake' and name 'bumperbot_description'
[1.464s] Level 1:colcon.colcon_core.package_identification:_identify(src/bumperbot_firmware) by extensions ['ignore', 'ignore_ament_install']
[1.464s] Level 1:colcon.colcon_core.package_identification:_identify(src/bumperbot_firmware) by extension 'ignore'
[1.464s] Level 1:colcon.colcon_core.package_identification:_identify(src/bumperbot_firmware) by extension 'ignore_ament_install'
[1.465s] Level 1:colcon.colcon_core.package_identification:_identify(src/bumperbot_firmware) by extensions ['colcon_pkg']
[1.465s] Level 1:colcon.colcon_core.package_identification:_identify(src/bumperbot_firmware) by extension 'colcon_pkg'
[1.465s] Level 1:colcon.colcon_core.package_identification:_identify(src/bumperbot_firmware) by extensions ['colcon_meta']
[1.465s] Level 1:colcon.colcon_core.package_identification:_identify(src/bumperbot_firmware) by extension 'colcon_meta'
[1.465s] Level 1:colcon.colcon_core.package_identification:_identify(src/bumperbot_firmware) by extensions ['ros']
[1.465s] Level 1:colcon.colcon_core.package_identification:_identify(src/bumperbot_firmware) by extension 'ros'
[1.469s] DEBUG:colcon.colcon_core.package_identification:Package 'src/bumperbot_firmware' with type 'ros.ament_cmake' and name 'bumperbot_firmware'
[1.470s] Level 1:colcon.colcon_core.package_identification:_identify(src/bumperbot_localization) by extensions ['ignore', 'ignore_ament_install']
[1.470s] Level 1:colcon.colcon_core.package_identification:_identify(src/bumperbot_localization) by extension 'ignore'
[1.470s] Level 1:colcon.colcon_core.package_identification:_identify(src/bumperbot_localization) by extension 'ignore_ament_install'
[1.471s] Level 1:colcon.colcon_core.package_identification:_identify(src/bumperbot_localization) by extensions ['colcon_pkg']
[1.471s] Level 1:colcon.colcon_core.package_identification:_identify(src/bumperbot_localization) by extension 'colcon_pkg'
[1.471s] Level 1:colcon.colcon_core.package_identification:_identify(src/bumperbot_localization) by extensions ['colcon_meta']
[1.471s] Level 1:colcon.colcon_core.package_identification:_identify(src/bumperbot_localization) by extension 'colcon_meta'
[1.471s] Level 1:colcon.colcon_core.package_identification:_identify(src/bumperbot_localization) by extensions ['ros']
[1.471s] Level 1:colcon.colcon_core.package_identification:_identify(src/bumperbot_localization) by extension 'ros'
[1.475s] DEBUG:colcon.colcon_core.package_identification:Package 'src/bumperbot_localization' with type 'ros.ament_cmake' and name 'bumperbot_localization'
[1.475s] Level 1:colcon.colcon_core.package_identification:_identify(src/bumperbot_msgs) by extensions ['ignore', 'ignore_ament_install']
[1.476s] Level 1:colcon.colcon_core.package_identification:_identify(src/bumperbot_msgs) by extension 'ignore'
[1.476s] Level 1:colcon.colcon_core.package_identification:_identify(src/bumperbot_msgs) by extension 'ignore_ament_install'
[1.476s] Level 1:colcon.colcon_core.package_identification:_identify(src/bumperbot_msgs) by extensions ['colcon_pkg']
[1.476s] Level 1:colcon.colcon_core.package_identification:_identify(src/bumperbot_msgs) by extension 'colcon_pkg'
[1.477s] Level 1:colcon.colcon_core.package_identification:_identify(src/bumperbot_msgs) by extensions ['colcon_meta']
[1.477s] Level 1:colcon.colcon_core.package_identification:_identify(src/bumperbot_msgs) by extension 'colcon_meta'
[1.477s] Level 1:colcon.colcon_core.package_identification:_identify(src/bumperbot_msgs) by extensions ['ros']
[1.477s] Level 1:colcon.colcon_core.package_identification:_identify(src/bumperbot_msgs) by extension 'ros'
[1.480s] DEBUG:colcon.colcon_core.package_identification:Package 'src/bumperbot_msgs' with type 'ros.ament_cmake' and name 'bumperbot_msgs'
[1.480s] Level 1:colcon.colcon_core.package_identification:_identify(src/bumperbot_py_examples) by extensions ['ignore', 'ignore_ament_install']
[1.481s] Level 1:colcon.colcon_core.package_identification:_identify(src/bumperbot_py_examples) by extension 'ignore'
[1.481s] Level 1:colcon.colcon_core.package_identification:_identify(src/bumperbot_py_examples) by extension 'ignore_ament_install'
[1.481s] Level 1:colcon.colcon_core.package_identification:_identify(src/bumperbot_py_examples) by extensions ['colcon_pkg']
[1.481s] Level 1:colcon.colcon_core.package_identification:_identify(src/bumperbot_py_examples) by extension 'colcon_pkg'
[1.482s] Level 1:colcon.colcon_core.package_identification:_identify(src/bumperbot_py_examples) by extensions ['colcon_meta']
[1.482s] Level 1:colcon.colcon_core.package_identification:_identify(src/bumperbot_py_examples) by extension 'colcon_meta'
[1.482s] Level 1:colcon.colcon_core.package_identification:_identify(src/bumperbot_py_examples) by extensions ['ros']
[1.482s] Level 1:colcon.colcon_core.package_identification:_identify(src/bumperbot_py_examples) by extension 'ros'
[1.487s] DEBUG:colcon.colcon_core.package_identification:Package 'src/bumperbot_py_examples' with type 'ros.ament_python' and name 'bumperbot_py_examples'
[1.487s] Level 1:colcon.colcon_core.package_discovery:discover_packages(recursive) using defaults
[1.487s] Level 1:colcon.colcon_core.package_discovery:discover_packages(ignore) discover
[1.487s] Level 1:colcon.colcon_core.package_discovery:discover_packages(ignore) using defaults
[1.487s] Level 1:colcon.colcon_core.package_discovery:discover_packages(path) discover
[1.487s] Level 1:colcon.colcon_core.package_discovery:discover_packages(path) using defaults
[1.612s] Level 1:colcon.colcon_core.package_discovery:discover_packages(prefix_path) check parameters
[1.612s] Level 1:colcon.colcon_core.package_discovery:discover_packages(prefix_path) discover
[1.629s] DEBUG:colcon.colcon_installed_package_information.package_discovery:Found 326 installed packages in /opt/ros/humble
[1.637s] Level 1:colcon.colcon_core.package_discovery:discover_packages(prefix_path) using defaults
[1.832s] Level 5:colcon.colcon_core.verb:set package 'bumperbot_controller' build argument 'cmake_args' from command line to 'None'
[1.832s] Level 5:colcon.colcon_core.verb:set package 'bumperbot_controller' build argument 'cmake_target' from command line to 'None'
[1.832s] Level 5:colcon.colcon_core.verb:set package 'bumperbot_controller' build argument 'cmake_target_skip_unavailable' from command line to 'False'
[1.832s] Level 5:colcon.colcon_core.verb:set package 'bumperbot_controller' build argument 'cmake_clean_cache' from command line to 'False'
[1.833s] Level 5:colcon.colcon_core.verb:set package 'bumperbot_controller' build argument 'cmake_clean_first' from command line to 'False'
[1.833s] Level 5:colcon.colcon_core.verb:set package 'bumperbot_controller' build argument 'cmake_force_configure' from command line to 'False'
[1.833s] Level 5:colcon.colcon_core.verb:set package 'bumperbot_controller' build argument 'ament_cmake_args' from command line to 'None'
[1.833s] Level 5:colcon.colcon_core.verb:set package 'bumperbot_controller' build argument 'catkin_cmake_args' from command line to 'None'
[1.833s] Level 5:colcon.colcon_core.verb:set package 'bumperbot_controller' build argument 'catkin_skip_building_tests' from command line to 'False'
[1.833s] DEBUG:colcon.colcon_core.verb:Building package 'bumperbot_controller' with the following arguments: {'ament_cmake_args': None, 'build_base': '/home/chaitanya/bumperbot_ws/build/bumperbot_controller', 'catkin_cmake_args': None, 'catkin_skip_building_tests': False, 'cmake_args': None, 'cmake_clean_cache': False, 'cmake_clean_first': False, 'cmake_force_configure': False, 'cmake_target': None, 'cmake_target_skip_unavailable': False, 'install_base': '/home/chaitanya/bumperbot_ws/install/bumperbot_controller', 'merge_install': False, 'path': '/home/chaitanya/bumperbot_ws/src/bumperbot_controller', 'symlink_install': False, 'test_result_base': None}
[1.835s] Level 5:colcon.colcon_core.verb:set package 'bumperbot_description' build argument 'cmake_args' from command line to 'None'
[1.835s] Level 5:colcon.colcon_core.verb:set package 'bumperbot_description' build argument 'cmake_target' from command line to 'None'
[1.835s] Level 5:colcon.colcon_core.verb:set package 'bumperbot_description' build argument 'cmake_target_skip_unavailable' from command line to 'False'
[1.835s] Level 5:colcon.colcon_core.verb:set package 'bumperbot_description' build argument 'cmake_clean_cache' from command line to 'False'
[1.835s] Level 5:colcon.colcon_core.verb:set package 'bumperbot_description' build argument 'cmake_clean_first' from command line to 'False'
[1.835s] Level 5:colcon.colcon_core.verb:set package 'bumperbot_description' build argument 'cmake_force_configure' from command line to 'False'
[1.835s] Level 5:colcon.colcon_core.verb:set package 'bumperbot_description' build argument 'ament_cmake_args' from command line to 'None'
[1.836s] Level 5:colcon.colcon_core.verb:set package 'bumperbot_description' build argument 'catkin_cmake_args' from command line to 'None'
[1.836s] Level 5:colcon.colcon_core.verb:set package 'bumperbot_description' build argument 'catkin_skip_building_tests' from command line to 'False'
[1.836s] DEBUG:colcon.colcon_core.verb:Building package 'bumperbot_description' with the following arguments: {'ament_cmake_args': None, 'build_base': '/home/chaitanya/bumperbot_ws/build/bumperbot_description', 'catkin_cmake_args': None, 'catkin_skip_building_tests': False, 'cmake_args': None, 'cmake_clean_cache': False, 'cmake_clean_first': False, 'cmake_force_configure': False, 'cmake_target': None, 'cmake_target_skip_unavailable': False, 'install_base': '/home/chaitanya/bumperbot_ws/install/bumperbot_description', 'merge_install': False, 'path': '/home/chaitanya/bumperbot_ws/src/bumperbot_description', 'symlink_install': False, 'test_result_base': None}
[1.837s] Level 5:colcon.colcon_core.verb:set package 'bumperbot_firmware' build argument 'cmake_args' from command line to 'None'
[1.838s] Level 5:colcon.colcon_core.verb:set package 'bumperbot_firmware' build argument 'cmake_target' from command line to 'None'
[1.838s] Level 5:colcon.colcon_core.verb:set package 'bumperbot_firmware' build argument 'cmake_target_skip_unavailable' from command line to 'False'
[1.838s] Level 5:colcon.colcon_core.verb:set package 'bumperbot_firmware' build argument 'cmake_clean_cache' from command line to 'False'
[1.838s] Level 5:colcon.colcon_core.verb:set package 'bumperbot_firmware' build argument 'cmake_clean_first' from command line to 'False'
[1.838s] Level 5:colcon.colcon_core.verb:set package 'bumperbot_firmware' build argument 'cmake_force_configure' from command line to 'False'
[1.838s] Level 5:colcon.colcon_core.verb:set package 'bumperbot_firmware' build argument 'ament_cmake_args' from command line to 'None'
[1.838s] Level 5:colcon.colcon_core.verb:set package 'bumperbot_firmware' build argument 'catkin_cmake_args' from command line to 'None'
[1.838s] Level 5:colcon.colcon_core.verb:set package 'bumperbot_firmware' build argument 'catkin_skip_building_tests' from command line to 'False'
[1.838s] DEBUG:colcon.colcon_core.verb:Building package 'bumperbot_firmware' with the following arguments: {'ament_cmake_args': None, 'build_base': '/home/chaitanya/bumperbot_ws/build/bumperbot_firmware', 'catkin_cmake_args': None, 'catkin_skip_building_tests': False, 'cmake_args': None, 'cmake_clean_cache': False, 'cmake_clean_first': False, 'cmake_force_configure': False, 'cmake_target': None, 'cmake_target_skip_unavailable': False, 'install_base': '/home/chaitanya/bumperbot_ws/install/bumperbot_firmware', 'merge_install': False, 'path': '/home/chaitanya/bumperbot_ws/src/bumperbot_firmware', 'symlink_install': False, 'test_result_base': None}
[1.840s] Level 5:colcon.colcon_core.verb:set package 'bumperbot_localization' build argument 'cmake_args' from command line to 'None'
[1.840s] Level 5:colcon.colcon_core.verb:set package 'bumperbot_localization' build argument 'cmake_target' from command line to 'None'
[1.840s] Level 5:colcon.colcon_core.verb:set package 'bumperbot_localization' build argument 'cmake_target_skip_unavailable' from command line to 'False'
[1.840s] Level 5:colcon.colcon_core.verb:set package 'bumperbot_localization' build argument 'cmake_clean_cache' from command line to 'False'
[1.841s] Level 5:colcon.colcon_core.verb:set package 'bumperbot_localization' build argument 'cmake_clean_first' from command line to 'False'
[1.841s] Level 5:colcon.colcon_core.verb:set package 'bumperbot_localization' build argument 'cmake_force_configure' from command line to 'False'
[1.841s] Level 5:colcon.colcon_core.verb:set package 'bumperbot_localization' build argument 'ament_cmake_args' from command line to 'None'
[1.841s] Level 5:colcon.colcon_core.verb:set package 'bumperbot_localization' build argument 'catkin_cmake_args' from command line to 'None'
[1.841s] Level 5:colcon.colcon_core.verb:set package 'bumperbot_localization' build argument 'catkin_skip_building_tests' from command line to 'False'
[1.841s] DEBUG:colcon.colcon_core.verb:Building package 'bumperbot_localization' with the following arguments: {'ament_cmake_args': None, 'build_base': '/home/chaitanya/bumperbot_ws/build/bumperbot_localization', 'catkin_cmake_args': None, 'catkin_skip_building_tests': False, 'cmake_args': None, 'cmake_clean_cache': False, 'cmake_clean_first': False, 'cmake_force_configure': False, 'cmake_target': None, 'cmake_target_skip_unavailable': False, 'install_base': '/home/chaitanya/bumperbot_ws/install/bumperbot_localization', 'merge_install': False, 'path': '/home/chaitanya/bumperbot_ws/src/bumperbot_localization', 'symlink_install': False, 'test_result_base': None}
[1.843s] Level 5:colcon.colcon_core.verb:set package 'bumperbot_msgs' build argument 'cmake_args' from command line to 'None'
[1.843s] Level 5:colcon.colcon_core.verb:set package 'bumperbot_msgs' build argument 'cmake_target' from command line to 'None'
[1.843s] Level 5:colcon.colcon_core.verb:set package 'bumperbot_msgs' build argument 'cmake_target_skip_unavailable' from command line to 'False'
[1.843s] Level 5:colcon.colcon_core.verb:set package 'bumperbot_msgs' build argument 'cmake_clean_cache' from command line to 'False'
[1.843s] Level 5:colcon.colcon_core.verb:set package 'bumperbot_msgs' build argument 'cmake_clean_first' from command line to 'False'
[1.843s] Level 5:colcon.colcon_core.verb:set package 'bumperbot_msgs' build argument 'cmake_force_configure' from command line to 'False'
[1.843s] Level 5:colcon.colcon_core.verb:set package 'bumperbot_msgs' build argument 'ament_cmake_args' from command line to 'None'
[1.843s] Level 5:colcon.colcon_core.verb:set package 'bumperbot_msgs' build argument 'catkin_cmake_args' from command line to 'None'
[1.843s] Level 5:colcon.colcon_core.verb:set package 'bumperbot_msgs' build argument 'catkin_skip_building_tests' from command line to 'False'
[1.844s] DEBUG:colcon.colcon_core.verb:Building package 'bumperbot_msgs' with the following arguments: {'ament_cmake_args': None, 'build_base': '/home/chaitanya/bumperbot_ws/build/bumperbot_msgs', 'catkin_cmake_args': None, 'catkin_skip_building_tests': False, 'cmake_args': None, 'cmake_clean_cache': False, 'cmake_clean_first': False, 'cmake_force_configure': False, 'cmake_target': None, 'cmake_target_skip_unavailable': False, 'install_base': '/home/chaitanya/bumperbot_ws/install/bumperbot_msgs', 'merge_install': False, 'path': '/home/chaitanya/bumperbot_ws/src/bumperbot_msgs', 'symlink_install': False, 'test_result_base': None}
[1.845s] Level 5:colcon.colcon_core.verb:set package 'bumperbot_cpp_examples' build argument 'cmake_args' from command line to 'None'
[1.845s] Level 5:colcon.colcon_core.verb:set package 'bumperbot_cpp_examples' build argument 'cmake_target' from command line to 'None'
[1.845s] Level 5:colcon.colcon_core.verb:set package 'bumperbot_cpp_examples' build argument 'cmake_target_skip_unavailable' from command line to 'False'
[1.846s] Level 5:colcon.colcon_core.verb:set package 'bumperbot_cpp_examples' build argument 'cmake_clean_cache' from command line to 'False'
[1.846s] Level 5:colcon.colcon_core.verb:set package 'bumperbot_cpp_examples' build argument 'cmake_clean_first' from command line to 'False'
[1.846s] Level 5:colcon.colcon_core.verb:set package 'bumperbot_cpp_examples' build argument 'cmake_force_configure' from command line to 'False'
[1.846s] Level 5:colcon.colcon_core.verb:set package 'bumperbot_cpp_examples' build argument 'ament_cmake_args' from command line to 'None'
[1.846s] Level 5:colcon.colcon_core.verb:set package 'bumperbot_cpp_examples' build argument 'catkin_cmake_args' from command line to 'None'
[1.846s] Level 5:colcon.colcon_core.verb:set package 'bumperbot_cpp_examples' build argument 'catkin_skip_building_tests' from command line to 'False'
[1.846s] DEBUG:colcon.colcon_core.verb:Building package 'bumperbot_cpp_examples' with the following arguments: {'ament_cmake_args': None, 'build_base': '/home/chaitanya/bumperbot_ws/build/bumperbot_cpp_examples', 'catkin_cmake_args': None, 'catkin_skip_building_tests': False, 'cmake_args': None, 'cmake_clean_cache': False, 'cmake_clean_first': False, 'cmake_force_configure': False, 'cmake_target': None, 'cmake_target_skip_unavailable': False, 'install_base': '/home/chaitanya/bumperbot_ws/install/bumperbot_cpp_examples', 'merge_install': False, 'path': '/home/chaitanya/bumperbot_ws/src/bumperbot_cpp_examples', 'symlink_install': False, 'test_result_base': None}
[1.848s] Level 5:colcon.colcon_core.verb:set package 'bumperbot_py_examples' build argument 'cmake_args' from command line to 'None'
[1.848s] Level 5:colcon.colcon_core.verb:set package 'bumperbot_py_examples' build argument 'cmake_target' from command line to 'None'
[1.848s] Level 5:colcon.colcon_core.verb:set package 'bumperbot_py_examples' build argument 'cmake_target_skip_unavailable' from command line to 'False'
[1.848s] Level 5:colcon.colcon_core.verb:set package 'bumperbot_py_examples' build argument 'cmake_clean_cache' from command line to 'False'
[1.848s] Level 5:colcon.colcon_core.verb:set package 'bumperbot_py_examples' build argument 'cmake_clean_first' from command line to 'False'
[1.848s] Level 5:colcon.colcon_core.verb:set package 'bumperbot_py_examples' build argument 'cmake_force_configure' from command line to 'False'
[1.848s] Level 5:colcon.colcon_core.verb:set package 'bumperbot_py_examples' build argument 'ament_cmake_args' from command line to 'None'
[1.848s] Level 5:colcon.colcon_core.verb:set package 'bumperbot_py_examples' build argument 'catkin_cmake_args' from command line to 'None'
[1.849s] Level 5:colcon.colcon_core.verb:set package 'bumperbot_py_examples' build argument 'catkin_skip_building_tests' from command line to 'False'
[1.849s] DEBUG:colcon.colcon_core.verb:Building package 'bumperbot_py_examples' with the following arguments: {'ament_cmake_args': None, 'build_base': '/home/chaitanya/bumperbot_ws/build/bumperbot_py_examples', 'catkin_cmake_args': None, 'catkin_skip_building_tests': False, 'cmake_args': None, 'cmake_clean_cache': False, 'cmake_clean_first': False, 'cmake_force_configure': False, 'cmake_target': None, 'cmake_target_skip_unavailable': False, 'install_base': '/home/chaitanya/bumperbot_ws/install/bumperbot_py_examples', 'merge_install': False, 'path': '/home/chaitanya/bumperbot_ws/src/bumperbot_py_examples', 'symlink_install': False, 'test_result_base': None}
[1.849s] INFO:colcon.colcon_core.executor:Executing jobs using 'parallel' executor
[1.853s] DEBUG:colcon.colcon_parallel_executor.executor.parallel:run_until_complete
[1.854s] INFO:colcon.colcon_ros.task.ament_cmake.build:Building ROS package in '/home/chaitanya/bumperbot_ws/src/bumperbot_msgs' with build type 'ament_cmake'
[1.854s] INFO:colcon.colcon_cmake.task.cmake.build:Building CMake package in '/home/chaitanya/bumperbot_ws/src/bumperbot_msgs'
[1.864s] INFO:colcon.colcon_core.plugin_system:Skipping extension 'colcon_core.shell.bat': Not used on non-Windows systems
[1.865s] INFO:colcon.colcon_core.shell:Skip shell extension 'powershell' for command environment: Not usable outside of PowerShell
[1.866s] DEBUG:colcon.colcon_core.shell:Skip shell extension 'dsv' for command environment
[1.885s] INFO:colcon.colcon_ros.task.ament_cmake.build:Building ROS package in '/home/chaitanya/bumperbot_ws/src/bumperbot_controller' with build type 'ament_cmake'
[1.886s] INFO:colcon.colcon_cmake.task.cmake.build:Building CMake package in '/home/chaitanya/bumperbot_ws/src/bumperbot_controller'
[1.887s] INFO:colcon.colcon_core.shell:Skip shell extension 'powershell' for command environment: Not usable outside of PowerShell
[1.888s] DEBUG:colcon.colcon_core.shell:Skip shell extension 'dsv' for command environment
[1.906s] INFO:colcon.colcon_ros.task.ament_cmake.build:Building ROS package in '/home/chaitanya/bumperbot_ws/src/bumperbot_description' with build type 'ament_cmake'
[1.907s] INFO:colcon.colcon_cmake.task.cmake.build:Building CMake package in '/home/chaitanya/bumperbot_ws/src/bumperbot_description'
[1.908s] INFO:colcon.colcon_core.shell:Skip shell extension 'powershell' for command environment: Not usable outside of PowerShell
[1.908s] DEBUG:colcon.colcon_core.shell:Skip shell extension 'dsv' for command environment
[1.926s] INFO:colcon.colcon_ros.task.ament_cmake.build:Building ROS package in '/home/chaitanya/bumperbot_ws/src/bumperbot_firmware' with build type 'ament_cmake'
[1.927s] INFO:colcon.colcon_cmake.task.cmake.build:Building CMake package in '/home/chaitanya/bumperbot_ws/src/bumperbot_firmware'
[1.929s] INFO:colcon.colcon_core.shell:Skip shell extension 'powershell' for command environment: Not usable outside of PowerShell
[1.930s] DEBUG:colcon.colcon_core.shell:Skip shell extension 'dsv' for command environment
[1.983s] DEBUG:colcon.colcon_core.event_handler.log_command:Invoking command in '/home/chaitanya/bumperbot_ws/build/bumperbot_msgs': CMAKE_PREFIX_PATH=/opt/ros/humble /usr/bin/cmake --build /home/chaitanya/bumperbot_ws/build/bumperbot_msgs -- -j4 -l4
[2.015s] DEBUG:colcon.colcon_core.event_handler.log_command:Invoking command in '/home/chaitanya/bumperbot_ws/build/bumperbot_controller': CMAKE_PREFIX_PATH=/opt/ros/humble /usr/bin/cmake --build /home/chaitanya/bumperbot_ws/build/bumperbot_controller -- -j4 -l4
[2.049s] DEBUG:colcon.colcon_core.event_handler.log_command:Invoking command in '/home/chaitanya/bumperbot_ws/build/bumperbot_description': CMAKE_PREFIX_PATH=/opt/ros/humble /usr/bin/cmake --build /home/chaitanya/bumperbot_ws/build/bumperbot_description -- -j4 -l4
[2.091s] DEBUG:colcon.colcon_core.event_handler.log_command:Invoking command in '/home/chaitanya/bumperbot_ws/build/bumperbot_firmware': CMAKE_PREFIX_PATH=/opt/ros/humble /usr/bin/cmake --build /home/chaitanya/bumperbot_ws/build/bumperbot_firmware -- -j4 -l4
[2.318s] DEBUG:colcon.colcon_core.event_handler.log_command:Invoked command in '/home/chaitanya/bumperbot_ws/build/bumperbot_description' returned '0': CMAKE_PREFIX_PATH=/opt/ros/humble /usr/bin/cmake --build /home/chaitanya/bumperbot_ws/build/bumperbot_description -- -j4 -l4
[2.460s] DEBUG:colcon.colcon_core.event_handler.log_command:Invoking command in '/home/chaitanya/bumperbot_ws/build/bumperbot_description': CMAKE_PREFIX_PATH=/opt/ros/humble /usr/bin/cmake --install /home/chaitanya/bumperbot_ws/build/bumperbot_description
[2.633s] Level 1:colcon.colcon_core.environment:create_environment_scripts_only(bumperbot_description)
[2.658s] DEBUG:colcon.colcon_core.event_handler.log_command:Invoked command in '/home/chaitanya/bumperbot_ws/build/bumperbot_description' returned '0': CMAKE_PREFIX_PATH=/opt/ros/humble /usr/bin/cmake --install /home/chaitanya/bumperbot_ws/build/bumperbot_description
[2.760s] Level 1:colcon.colcon_core.environment:checking '/home/chaitanya/bumperbot_ws/install/bumperbot_description' for CMake module files
[2.786s] Level 1:colcon.colcon_core.environment:checking '/home/chaitanya/bumperbot_ws/install/bumperbot_description' for CMake config files
[2.811s] Level 1:colcon.colcon_core.shell:create_environment_hook('bumperbot_description', 'cmake_prefix_path')
[2.812s] INFO:colcon.colcon_core.shell:Creating environment hook '/home/chaitanya/bumperbot_ws/install/bumperbot_description/share/bumperbot_description/hook/cmake_prefix_path.ps1'
[2.848s] INFO:colcon.colcon_core.shell:Creating environment descriptor '/home/chaitanya/bumperbot_ws/install/bumperbot_description/share/bumperbot_description/hook/cmake_prefix_path.dsv'
[2.855s] INFO:colcon.colcon_core.shell:Creating environment hook '/home/chaitanya/bumperbot_ws/install/bumperbot_description/share/bumperbot_description/hook/cmake_prefix_path.sh'
[2.872s] Level 1:colcon.colcon_core.environment:checking '/home/chaitanya/bumperbot_ws/install/bumperbot_description/bin'
[2.872s] Level 1:colcon.colcon_core.environment:checking '/home/chaitanya/bumperbot_ws/install/bumperbot_description/lib/pkgconfig/bumperbot_description.pc'
[2.878s] Level 1:colcon.colcon_core.environment:checking '/home/chaitanya/bumperbot_ws/install/bumperbot_description/lib/python3.10/site-packages'
[2.879s] Level 1:colcon.colcon_core.environment:checking '/home/chaitanya/bumperbot_ws/install/bumperbot_description/bin'
[2.889s] INFO:colcon.colcon_core.shell:Creating package script '/home/chaitanya/bumperbot_ws/install/bumperbot_description/share/bumperbot_description/package.ps1'
[2.898s] INFO:colcon.colcon_core.shell:Creating package descriptor '/home/chaitanya/bumperbot_ws/install/bumperbot_description/share/bumperbot_description/package.dsv'
[2.906s] INFO:colcon.colcon_core.shell:Creating package script '/home/chaitanya/bumperbot_ws/install/bumperbot_description/share/bumperbot_description/package.sh'
[2.937s] INFO:colcon.colcon_core.shell:Creating package script '/home/chaitanya/bumperbot_ws/install/bumperbot_description/share/bumperbot_description/package.bash'
[2.942s] INFO:colcon.colcon_core.shell:Creating package script '/home/chaitanya/bumperbot_ws/install/bumperbot_description/share/bumperbot_description/package.zsh'
[2.948s] Level 1:colcon.colcon_core.environment:create_file_with_runtime_dependencies(/home/chaitanya/bumperbot_ws/install/bumperbot_description/share/colcon-core/packages/bumperbot_description)
[2.953s] Level 1:colcon.colcon_core.environment:create_environment_scripts_only(bumperbot_description)
[2.955s] Level 1:colcon.colcon_core.environment:checking '/home/chaitanya/bumperbot_ws/install/bumperbot_description' for CMake module files
[2.960s] Level 1:colcon.colcon_core.environment:checking '/home/chaitanya/bumperbot_ws/install/bumperbot_description' for CMake config files
[2.964s] Level 1:colcon.colcon_core.shell:create_environment_hook('bumperbot_description', 'cmake_prefix_path')
[2.970s] INFO:colcon.colcon_core.shell:Creating environment hook '/home/chaitanya/bumperbot_ws/install/bumperbot_description/share/bumperbot_description/hook/cmake_prefix_path.ps1'
[2.977s] INFO:colcon.colcon_core.shell:Creating environment descriptor '/home/chaitanya/bumperbot_ws/install/bumperbot_description/share/bumperbot_description/hook/cmake_prefix_path.dsv'
[2.990s] INFO:colcon.colcon_core.shell:Creating environment hook '/home/chaitanya/bumperbot_ws/install/bumperbot_description/share/bumperbot_description/hook/cmake_prefix_path.sh'
[3.014s] Level 1:colcon.colcon_core.environment:checking '/home/chaitanya/bumperbot_ws/install/bumperbot_description/bin'
[3.015s] Level 1:colcon.colcon_core.environment:checking '/home/chaitanya/bumperbot_ws/install/bumperbot_description/lib/pkgconfig/bumperbot_description.pc'
[3.017s] Level 1:colcon.colcon_core.environment:checking '/home/chaitanya/bumperbot_ws/install/bumperbot_description/lib/python3.10/site-packages'
[3.046s] Level 1:colcon.colcon_core.environment:checking '/home/chaitanya/bumperbot_ws/install/bumperbot_description/bin'
[3.048s] INFO:colcon.colcon_core.shell:Creating package script '/home/chaitanya/bumperbot_ws/install/bumperbot_description/share/bumperbot_description/package.ps1'
[3.082s] INFO:colcon.colcon_core.shell:Creating package descriptor '/home/chaitanya/bumperbot_ws/install/bumperbot_description/share/bumperbot_description/package.dsv'
[3.116s] INFO:colcon.colcon_core.shell:Creating package script '/home/chaitanya/bumperbot_ws/install/bumperbot_description/share/bumperbot_description/package.sh'
[3.122s] INFO:colcon.colcon_core.shell:Creating package script '/home/chaitanya/bumperbot_ws/install/bumperbot_description/share/bumperbot_description/package.bash'
[3.126s] INFO:colcon.colcon_core.shell:Creating package script '/home/chaitanya/bumperbot_ws/install/bumperbot_description/share/bumperbot_description/package.zsh'
[3.140s] Level 1:colcon.colcon_core.environment:create_file_with_runtime_dependencies(/home/chaitanya/bumperbot_ws/install/bumperbot_description/share/colcon-core/packages/bumperbot_description)
[3.163s] INFO:colcon.colcon_ros.task.ament_cmake.build:Building ROS package in '/home/chaitanya/bumperbot_ws/src/bumperbot_localization' with build type 'ament_cmake'
[3.167s] INFO:colcon.colcon_cmake.task.cmake.build:Building CMake package in '/home/chaitanya/bumperbot_ws/src/bumperbot_localization'
[3.168s] INFO:colcon.colcon_core.shell:Skip shell extension 'powershell' for command environment: Not usable outside of PowerShell
[3.168s] DEBUG:colcon.colcon_core.shell:Skip shell extension 'dsv' for command environment
[3.419s] DEBUG:colcon.colcon_core.event_handler.log_command:Invoking command in '/home/chaitanya/bumperbot_ws/build/bumperbot_localization': CMAKE_PREFIX_PATH=/opt/ros/humble /usr/bin/cmake --build /home/chaitanya/bumperbot_ws/build/bumperbot_localization -- -j4 -l4
[3.497s] DEBUG:colcon.colcon_core.event_handler.log_command:Invoked command in '/home/chaitanya/bumperbot_ws/build/bumperbot_firmware' returned '0': CMAKE_PREFIX_PATH=/opt/ros/humble /usr/bin/cmake --build /home/chaitanya/bumperbot_ws/build/bumperbot_firmware -- -j4 -l4
[3.499s] DEBUG:colcon.colcon_core.event_handler.log_command:Invoking command in '/home/chaitanya/bumperbot_ws/build/bumperbot_firmware': CMAKE_PREFIX_PATH=/opt/ros/humble /usr/bin/cmake --install /home/chaitanya/bumperbot_ws/build/bumperbot_firmware
[3.879s] Level 1:colcon.colcon_core.environment:create_environment_scripts_only(bumperbot_firmware)
[3.886s] Level 1:colcon.colcon_core.environment:checking '/home/chaitanya/bumperbot_ws/install/bumperbot_firmware' for CMake module files
[3.901s] Level 1:colcon.colcon_core.environment:checking '/home/chaitanya/bumperbot_ws/install/bumperbot_firmware' for CMake config files
[3.903s] Level 1:colcon.colcon_core.shell:create_environment_hook('bumperbot_firmware', 'cmake_prefix_path')
[3.935s] DEBUG:colcon.colcon_core.event_handler.log_command:Invoked command in '/home/chaitanya/bumperbot_ws/build/bumperbot_firmware' returned '0': CMAKE_PREFIX_PATH=/opt/ros/humble /usr/bin/cmake --install /home/chaitanya/bumperbot_ws/build/bumperbot_firmware
[3.936s] INFO:colcon.colcon_core.shell:Creating environment hook '/home/chaitanya/bumperbot_ws/install/bumperbot_firmware/share/bumperbot_firmware/hook/cmake_prefix_path.ps1'
[3.962s] INFO:colcon.colcon_core.shell:Creating environment descriptor '/home/chaitanya/bumperbot_ws/install/bumperbot_firmware/share/bumperbot_firmware/hook/cmake_prefix_path.dsv'
[3.970s] INFO:colcon.colcon_core.shell:Creating environment hook '/home/chaitanya/bumperbot_ws/install/bumperbot_firmware/share/bumperbot_firmware/hook/cmake_prefix_path.sh'
[4.026s] Level 1:colcon.colcon_core.environment:checking '/home/chaitanya/bumperbot_ws/install/bumperbot_firmware/lib'
[4.027s] Level 1:colcon.colcon_core.shell:create_environment_hook('bumperbot_firmware', 'ld_library_path_lib')
[4.028s] INFO:colcon.colcon_core.shell:Creating environment hook '/home/chaitanya/bumperbot_ws/install/bumperbot_firmware/share/bumperbot_firmware/hook/ld_library_path_lib.ps1'
[4.049s] INFO:colcon.colcon_core.shell:Creating environment descriptor '/home/chaitanya/bumperbot_ws/install/bumperbot_firmware/share/bumperbot_firmware/hook/ld_library_path_lib.dsv'
[4.054s] INFO:colcon.colcon_core.shell:Creating environment hook '/home/chaitanya/bumperbot_ws/install/bumperbot_firmware/share/bumperbot_firmware/hook/ld_library_path_lib.sh'
[4.074s] Level 1:colcon.colcon_core.environment:checking '/home/chaitanya/bumperbot_ws/install/bumperbot_firmware/bin'
[4.081s] Level 1:colcon.colcon_core.environment:checking '/home/chaitanya/bumperbot_ws/install/bumperbot_firmware/lib/pkgconfig/bumperbot_firmware.pc'
[4.083s] Level 1:colcon.colcon_core.environment:checking '/home/chaitanya/bumperbot_ws/install/bumperbot_firmware/lib/python3.10/site-packages'
[4.093s] Level 1:colcon.colcon_core.environment:checking '/home/chaitanya/bumperbot_ws/install/bumperbot_firmware/bin'
[4.096s] INFO:colcon.colcon_core.shell:Creating package script '/home/chaitanya/bumperbot_ws/install/bumperbot_firmware/share/bumperbot_firmware/package.ps1'
[4.121s] INFO:colcon.colcon_core.shell:Creating package descriptor '/home/chaitanya/bumperbot_ws/install/bumperbot_firmware/share/bumperbot_firmware/package.dsv'
[4.126s] INFO:colcon.colcon_core.shell:Creating package script '/home/chaitanya/bumperbot_ws/install/bumperbot_firmware/share/bumperbot_firmware/package.sh'
[4.149s] INFO:colcon.colcon_core.shell:Creating package script '/home/chaitanya/bumperbot_ws/install/bumperbot_firmware/share/bumperbot_firmware/package.bash'
[4.157s] INFO:colcon.colcon_core.shell:Creating package script '/home/chaitanya/bumperbot_ws/install/bumperbot_firmware/share/bumperbot_firmware/package.zsh'
[4.189s] Level 1:colcon.colcon_core.environment:create_file_with_runtime_dependencies(/home/chaitanya/bumperbot_ws/install/bumperbot_firmware/share/colcon-core/packages/bumperbot_firmware)
[4.203s] Level 1:colcon.colcon_core.environment:create_environment_scripts_only(bumperbot_firmware)
[4.227s] Level 1:colcon.colcon_core.environment:checking '/home/chaitanya/bumperbot_ws/install/bumperbot_firmware' for CMake module files
[4.239s] Level 1:colcon.colcon_core.environment:checking '/home/chaitanya/bumperbot_ws/install/bumperbot_firmware' for CMake config files
[4.271s] Level 1:colcon.colcon_core.shell:create_environment_hook('bumperbot_firmware', 'cmake_prefix_path')
[4.278s] INFO:colcon.colcon_core.shell:Creating environment hook '/home/chaitanya/bumperbot_ws/install/bumperbot_firmware/share/bumperbot_firmware/hook/cmake_prefix_path.ps1'
[4.324s] INFO:colcon.colcon_core.shell:Creating environment descriptor '/home/chaitanya/bumperbot_ws/install/bumperbot_firmware/share/bumperbot_firmware/hook/cmake_prefix_path.dsv'
[4.327s] INFO:colcon.colcon_core.shell:Creating environment hook '/home/chaitanya/bumperbot_ws/install/bumperbot_firmware/share/bumperbot_firmware/hook/cmake_prefix_path.sh'
[4.350s] Level 1:colcon.colcon_core.environment:checking '/home/chaitanya/bumperbot_ws/install/bumperbot_firmware/lib'
[4.351s] Level 1:colcon.colcon_core.shell:create_environment_hook('bumperbot_firmware', 'ld_library_path_lib')
[4.354s] INFO:colcon.colcon_core.shell:Creating environment hook '/home/chaitanya/bumperbot_ws/install/bumperbot_firmware/share/bumperbot_firmware/hook/ld_library_path_lib.ps1'
[4.382s] INFO:colcon.colcon_core.shell:Creating environment descriptor '/home/chaitanya/bumperbot_ws/install/bumperbot_firmware/share/bumperbot_firmware/hook/ld_library_path_lib.dsv'
[4.397s] INFO:colcon.colcon_core.shell:Creating environment hook '/home/chaitanya/bumperbot_ws/install/bumperbot_firmware/share/bumperbot_firmware/hook/ld_library_path_lib.sh'
[4.429s] Level 1:colcon.colcon_core.environment:checking '/home/chaitanya/bumperbot_ws/install/bumperbot_firmware/bin'
[4.429s] Level 1:colcon.colcon_core.environment:checking '/home/chaitanya/bumperbot_ws/install/bumperbot_firmware/lib/pkgconfig/bumperbot_firmware.pc'
[4.430s] Level 1:colcon.colcon_core.environment:checking '/home/chaitanya/bumperbot_ws/install/bumperbot_firmware/lib/python3.10/site-packages'
[4.431s] Level 1:colcon.colcon_core.environment:checking '/home/chaitanya/bumperbot_ws/install/bumperbot_firmware/bin'
[4.461s] INFO:colcon.colcon_core.shell:Creating package script '/home/chaitanya/bumperbot_ws/install/bumperbot_firmware/share/bumperbot_firmware/package.ps1'
[4.464s] INFO:colcon.colcon_core.shell:Creating package descriptor '/home/chaitanya/bumperbot_ws/install/bumperbot_firmware/share/bumperbot_firmware/package.dsv'
[4.468s] INFO:colcon.colcon_core.shell:Creating package script '/home/chaitanya/bumperbot_ws/install/bumperbot_firmware/share/bumperbot_firmware/package.sh'
[4.478s] INFO:colcon.colcon_core.shell:Creating package script '/home/chaitanya/bumperbot_ws/install/bumperbot_firmware/share/bumperbot_firmware/package.bash'
[4.485s] INFO:colcon.colcon_core.shell:Creating package script '/home/chaitanya/bumperbot_ws/install/bumperbot_firmware/share/bumperbot_firmware/package.zsh'
[4.488s] Level 1:colcon.colcon_core.environment:create_file_with_runtime_dependencies(/home/chaitanya/bumperbot_ws/install/bumperbot_firmware/share/colcon-core/packages/bumperbot_firmware)
[8.087s] DEBUG:colcon.colcon_core.event_handler.log_command:Invoked command in '/home/chaitanya/bumperbot_ws/build/bumperbot_localization' returned '0': CMAKE_PREFIX_PATH=/opt/ros/humble /usr/bin/cmake --build /home/chaitanya/bumperbot_ws/build/bumperbot_localization -- -j4 -l4
[8.089s] DEBUG:colcon.colcon_core.event_handler.log_command:Invoking command in '/home/chaitanya/bumperbot_ws/build/bumperbot_localization': CMAKE_PREFIX_PATH=/opt/ros/humble /usr/bin/cmake --install /home/chaitanya/bumperbot_ws/build/bumperbot_localization
[8.217s] DEBUG:colcon.colcon_core.event_handler.log_command:Invoked command in '/home/chaitanya/bumperbot_ws/build/bumperbot_msgs' returned '0': CMAKE_PREFIX_PATH=/opt/ros/humble /usr/bin/cmake --build /home/chaitanya/bumperbot_ws/build/bumperbot_msgs -- -j4 -l4
[8.222s] DEBUG:colcon.colcon_core.event_handler.log_command:Invoking command in '/home/chaitanya/bumperbot_ws/build/bumperbot_msgs': CMAKE_PREFIX_PATH=/opt/ros/humble /usr/bin/cmake --install /home/chaitanya/bumperbot_ws/build/bumperbot_msgs
[8.633s] Level 1:colcon.colcon_core.environment:create_environment_scripts_only(bumperbot_msgs)
[8.635s] Level 1:colcon.colcon_core.environment:checking '/home/chaitanya/bumperbot_ws/install/bumperbot_msgs' for CMake module files
[8.643s] Level 1:colcon.colcon_core.environment:checking '/home/chaitanya/bumperbot_ws/install/bumperbot_msgs' for CMake config files
[8.652s] Level 1:colcon.colcon_core.shell:create_environment_hook('bumperbot_msgs', 'cmake_prefix_path')
[8.654s] INFO:colcon.colcon_core.shell:Creating environment hook '/home/chaitanya/bumperbot_ws/install/bumperbot_msgs/share/bumperbot_msgs/hook/cmake_prefix_path.ps1'
[8.659s] INFO:colcon.colcon_core.shell:Creating environment descriptor '/home/chaitanya/bumperbot_ws/install/bumperbot_msgs/share/bumperbot_msgs/hook/cmake_prefix_path.dsv'
[8.664s] INFO:colcon.colcon_core.shell:Creating environment hook '/home/chaitanya/bumperbot_ws/install/bumperbot_msgs/share/bumperbot_msgs/hook/cmake_prefix_path.sh'
[8.670s] Level 1:colcon.colcon_core.environment:checking '/home/chaitanya/bumperbot_ws/install/bumperbot_msgs/lib'
[8.671s] Level 1:colcon.colcon_core.shell:create_environment_hook('bumperbot_msgs', 'ld_library_path_lib')
[8.673s] INFO:colcon.colcon_core.shell:Creating environment hook '/home/chaitanya/bumperbot_ws/install/bumperbot_msgs/share/bumperbot_msgs/hook/ld_library_path_lib.ps1'
[8.694s] INFO:colcon.colcon_core.shell:Creating environment descriptor '/home/chaitanya/bumperbot_ws/install/bumperbot_msgs/share/bumperbot_msgs/hook/ld_library_path_lib.dsv'
[8.697s] INFO:colcon.colcon_core.shell:Creating environment hook '/home/chaitanya/bumperbot_ws/install/bumperbot_msgs/share/bumperbot_msgs/hook/ld_library_path_lib.sh'
[8.719s] Level 1:colcon.colcon_core.environment:checking '/home/chaitanya/bumperbot_ws/install/bumperbot_msgs/bin'
[8.720s] Level 1:colcon.colcon_core.environment:checking '/home/chaitanya/bumperbot_ws/install/bumperbot_msgs/lib/pkgconfig/bumperbot_msgs.pc'
[8.722s] Level 1:colcon.colcon_core.environment:checking '/home/chaitanya/bumperbot_ws/install/bumperbot_msgs/lib/python3.10/site-packages'
[8.727s] Level 1:colcon.colcon_core.environment:checking '/home/chaitanya/bumperbot_ws/install/bumperbot_msgs/bin'
[8.729s] INFO:colcon.colcon_core.shell:Creating package script '/home/chaitanya/bumperbot_ws/install/bumperbot_msgs/share/bumperbot_msgs/package.ps1'
[8.726s] DEBUG:colcon.colcon_core.event_handler.log_command:Invoked command in '/home/chaitanya/bumperbot_ws/build/bumperbot_msgs' returned '0': CMAKE_PREFIX_PATH=/opt/ros/humble /usr/bin/cmake --install /home/chaitanya/bumperbot_ws/build/bumperbot_msgs
[8.734s] INFO:colcon.colcon_core.shell:Creating package descriptor '/home/chaitanya/bumperbot_ws/install/bumperbot_msgs/share/bumperbot_msgs/package.dsv'
[8.738s] INFO:colcon.colcon_core.shell:Creating package script '/home/chaitanya/bumperbot_ws/install/bumperbot_msgs/share/bumperbot_msgs/package.sh'
[8.741s] INFO:colcon.colcon_core.shell:Creating package script '/home/chaitanya/bumperbot_ws/install/bumperbot_msgs/share/bumperbot_msgs/package.bash'
[8.745s] INFO:colcon.colcon_core.shell:Creating package script '/home/chaitanya/bumperbot_ws/install/bumperbot_msgs/share/bumperbot_msgs/package.zsh'
[8.748s] Level 1:colcon.colcon_core.environment:create_file_with_runtime_dependencies(/home/chaitanya/bumperbot_ws/install/bumperbot_msgs/share/colcon-core/packages/bumperbot_msgs)
[8.765s] Level 1:colcon.colcon_core.environment:create_environment_scripts_only(bumperbot_msgs)
[8.767s] Level 1:colcon.colcon_core.environment:checking '/home/chaitanya/bumperbot_ws/install/bumperbot_msgs' for CMake module files
[8.772s] Level 1:colcon.colcon_core.environment:checking '/home/chaitanya/bumperbot_ws/install/bumperbot_msgs' for CMake config files
[8.779s] Level 1:colcon.colcon_core.shell:create_environment_hook('bumperbot_msgs', 'cmake_prefix_path')
[8.781s] INFO:colcon.colcon_core.shell:Creating environment hook '/home/chaitanya/bumperbot_ws/install/bumperbot_msgs/share/bumperbot_msgs/hook/cmake_prefix_path.ps1'
[8.784s] INFO:colcon.colcon_core.shell:Creating environment descriptor '/home/chaitanya/bumperbot_ws/install/bumperbot_msgs/share/bumperbot_msgs/hook/cmake_prefix_path.dsv'
[8.787s] INFO:colcon.colcon_core.shell:Creating environment hook '/home/chaitanya/bumperbot_ws/install/bumperbot_msgs/share/bumperbot_msgs/hook/cmake_prefix_path.sh'
[8.795s] Level 1:colcon.colcon_core.environment:checking '/home/chaitanya/bumperbot_ws/install/bumperbot_msgs/lib'
[8.796s] Level 1:colcon.colcon_core.shell:create_environment_hook('bumperbot_msgs', 'ld_library_path_lib')
[8.805s] INFO:colcon.colcon_core.shell:Creating environment hook '/home/chaitanya/bumperbot_ws/install/bumperbot_msgs/share/bumperbot_msgs/hook/ld_library_path_lib.ps1'
[8.809s] INFO:colcon.colcon_core.shell:Creating environment descriptor '/home/chaitanya/bumperbot_ws/install/bumperbot_msgs/share/bumperbot_msgs/hook/ld_library_path_lib.dsv'
[8.820s] INFO:colcon.colcon_core.shell:Creating environment hook '/home/chaitanya/bumperbot_ws/install/bumperbot_msgs/share/bumperbot_msgs/hook/ld_library_path_lib.sh'
[8.826s] Level 1:colcon.colcon_core.environment:checking '/home/chaitanya/bumperbot_ws/install/bumperbot_msgs/bin'
[8.826s] Level 1:colcon.colcon_core.environment:checking '/home/chaitanya/bumperbot_ws/install/bumperbot_msgs/lib/pkgconfig/bumperbot_msgs.pc'
[8.828s] Level 1:colcon.colcon_core.environment:checking '/home/chaitanya/bumperbot_ws/install/bumperbot_msgs/lib/python3.10/site-packages'
[8.830s] Level 1:colcon.colcon_core.environment:checking '/home/chaitanya/bumperbot_ws/install/bumperbot_msgs/bin'
[8.832s] INFO:colcon.colcon_core.shell:Creating package script '/home/chaitanya/bumperbot_ws/install/bumperbot_msgs/share/bumperbot_msgs/package.ps1'
[8.836s] INFO:colcon.colcon_core.shell:Creating package descriptor '/home/chaitanya/bumperbot_ws/install/bumperbot_msgs/share/bumperbot_msgs/package.dsv'
[8.841s] INFO:colcon.colcon_core.shell:Creating package script '/home/chaitanya/bumperbot_ws/install/bumperbot_msgs/share/bumperbot_msgs/package.sh'
[8.845s] INFO:colcon.colcon_core.shell:Creating package script '/home/chaitanya/bumperbot_ws/install/bumperbot_msgs/share/bumperbot_msgs/package.bash'
[8.849s] INFO:colcon.colcon_core.shell:Creating package script '/home/chaitanya/bumperbot_ws/install/bumperbot_msgs/share/bumperbot_msgs/package.zsh'
[8.863s] Level 1:colcon.colcon_core.environment:create_file_with_runtime_dependencies(/home/chaitanya/bumperbot_ws/install/bumperbot_msgs/share/colcon-core/packages/bumperbot_msgs)
[8.871s] INFO:colcon.colcon_ros.task.ament_cmake.build:Building ROS package in '/home/chaitanya/bumperbot_ws/src/bumperbot_cpp_examples' with build type 'ament_cmake'
[8.876s] INFO:colcon.colcon_cmake.task.cmake.build:Building CMake package in '/home/chaitanya/bumperbot_ws/src/bumperbot_cpp_examples'
[8.877s] INFO:colcon.colcon_core.shell:Skip shell extension 'powershell' for command environment: Not usable outside of PowerShell
[8.878s] DEBUG:colcon.colcon_core.shell:Skip shell extension 'dsv' for command environment
[8.931s] INFO:colcon.colcon_ros.task.ament_python.build:Building ROS package in '/home/chaitanya/bumperbot_ws/src/bumperbot_py_examples' with build type 'ament_python'
[8.932s] Level 1:colcon.colcon_core.shell:create_environment_hook('bumperbot_py_examples', 'ament_prefix_path')
[8.934s] INFO:colcon.colcon_core.shell:Creating environment hook '/home/chaitanya/bumperbot_ws/install/bumperbot_py_examples/share/bumperbot_py_examples/hook/ament_prefix_path.ps1'
[8.938s] INFO:colcon.colcon_core.shell:Creating environment descriptor '/home/chaitanya/bumperbot_ws/install/bumperbot_py_examples/share/bumperbot_py_examples/hook/ament_prefix_path.dsv'
[8.941s] INFO:colcon.colcon_core.shell:Creating environment hook '/home/chaitanya/bumperbot_ws/install/bumperbot_py_examples/share/bumperbot_py_examples/hook/ament_prefix_path.sh'
[8.963s] INFO:colcon.colcon_core.shell:Skip shell extension 'powershell' for command environment: Not usable outside of PowerShell
[8.963s] DEBUG:colcon.colcon_core.shell:Skip shell extension 'dsv' for command environment
[9.034s] Level 1:colcon.colcon_core.environment:create_environment_scripts_only(bumperbot_localization)
[9.037s] DEBUG:colcon.colcon_core.event_handler.log_command:Invoked command in '/home/chaitanya/bumperbot_ws/build/bumperbot_localization' returned '0': CMAKE_PREFIX_PATH=/opt/ros/humble /usr/bin/cmake --install /home/chaitanya/bumperbot_ws/build/bumperbot_localization
[9.039s] Level 1:colcon.colcon_core.environment:checking '/home/chaitanya/bumperbot_ws/install/bumperbot_localization' for CMake module files
[9.045s] Level 1:colcon.colcon_core.environment:checking '/home/chaitanya/bumperbot_ws/install/bumperbot_localization' for CMake config files
[9.069s] Level 1:colcon.colcon_core.shell:create_environment_hook('bumperbot_localization', 'cmake_prefix_path')
[9.071s] INFO:colcon.colcon_core.shell:Creating environment hook '/home/chaitanya/bumperbot_ws/install/bumperbot_localization/share/bumperbot_localization/hook/cmake_prefix_path.ps1'
[9.075s] INFO:colcon.colcon_core.shell:Creating environment descriptor '/home/chaitanya/bumperbot_ws/install/bumperbot_localization/share/bumperbot_localization/hook/cmake_prefix_path.dsv'
[9.080s] INFO:colcon.colcon_core.shell:Creating environment hook '/home/chaitanya/bumperbot_ws/install/bumperbot_localization/share/bumperbot_localization/hook/cmake_prefix_path.sh'
[9.086s] Level 1:colcon.colcon_core.environment:checking '/home/chaitanya/bumperbot_ws/install/bumperbot_localization/lib'
[9.088s] Level 1:colcon.colcon_core.environment:checking '/home/chaitanya/bumperbot_ws/install/bumperbot_localization/bin'
[9.089s] Level 1:colcon.colcon_core.environment:checking '/home/chaitanya/bumperbot_ws/install/bumperbot_localization/lib/pkgconfig/bumperbot_localization.pc'
[9.091s] Level 1:colcon.colcon_core.environment:checking '/home/chaitanya/bumperbot_ws/install/bumperbot_localization/lib/python3.10/site-packages'
[9.096s] Level 1:colcon.colcon_core.environment:checking '/home/chaitanya/bumperbot_ws/install/bumperbot_localization/bin'
[9.098s] INFO:colcon.colcon_core.shell:Creating package script '/home/chaitanya/bumperbot_ws/install/bumperbot_localization/share/bumperbot_localization/package.ps1'
[9.102s] INFO:colcon.colcon_core.shell:Creating package descriptor '/home/chaitanya/bumperbot_ws/install/bumperbot_localization/share/bumperbot_localization/package.dsv'
[9.106s] INFO:colcon.colcon_core.shell:Creating package script '/home/chaitanya/bumperbot_ws/install/bumperbot_localization/share/bumperbot_localization/package.sh'
[9.111s] INFO:colcon.colcon_core.shell:Creating package script '/home/chaitanya/bumperbot_ws/install/bumperbot_localization/share/bumperbot_localization/package.bash'
[9.117s] INFO:colcon.colcon_core.shell:Creating package script '/home/chaitanya/bumperbot_ws/install/bumperbot_localization/share/bumperbot_localization/package.zsh'
[9.122s] Level 1:colcon.colcon_core.environment:create_file_with_runtime_dependencies(/home/chaitanya/bumperbot_ws/install/bumperbot_localization/share/colcon-core/packages/bumperbot_localization)
[9.127s] Level 1:colcon.colcon_core.environment:create_environment_scripts_only(bumperbot_localization)
[9.130s] Level 1:colcon.colcon_core.environment:checking '/home/chaitanya/bumperbot_ws/install/bumperbot_localization' for CMake module files
[9.136s] Level 1:colcon.colcon_core.environment:checking '/home/chaitanya/bumperbot_ws/install/bumperbot_localization' for CMake config files
[9.143s] Level 1:colcon.colcon_core.shell:create_environment_hook('bumperbot_localization', 'cmake_prefix_path')
[9.145s] INFO:colcon.colcon_core.shell:Creating environment hook '/home/chaitanya/bumperbot_ws/install/bumperbot_localization/share/bumperbot_localization/hook/cmake_prefix_path.ps1'
[9.149s] INFO:colcon.colcon_core.shell:Creating environment descriptor '/home/chaitanya/bumperbot_ws/install/bumperbot_localization/share/bumperbot_localization/hook/cmake_prefix_path.dsv'
[9.152s] INFO:colcon.colcon_core.shell:Creating environment hook '/home/chaitanya/bumperbot_ws/install/bumperbot_localization/share/bumperbot_localization/hook/cmake_prefix_path.sh'
[9.159s] Level 1:colcon.colcon_core.environment:checking '/home/chaitanya/bumperbot_ws/install/bumperbot_localization/lib'
[9.161s] Level 1:colcon.colcon_core.environment:checking '/home/chaitanya/bumperbot_ws/install/bumperbot_localization/bin'
[9.162s] Level 1:colcon.colcon_core.environment:checking '/home/chaitanya/bumperbot_ws/install/bumperbot_localization/lib/pkgconfig/bumperbot_localization.pc'
[9.164s] Level 1:colcon.colcon_core.environment:checking '/home/chaitanya/bumperbot_ws/install/bumperbot_localization/lib/python3.10/site-packages'
[9.167s] Level 1:colcon.colcon_core.environment:checking '/home/chaitanya/bumperbot_ws/install/bumperbot_localization/bin'
[9.171s] INFO:colcon.colcon_core.shell:Creating package script '/home/chaitanya/bumperbot_ws/install/bumperbot_localization/share/bumperbot_localization/package.ps1'
[9.175s] INFO:colcon.colcon_core.shell:Creating package descriptor '/home/chaitanya/bumperbot_ws/install/bumperbot_localization/share/bumperbot_localization/package.dsv'
[9.180s] INFO:colcon.colcon_core.shell:Creating package script '/home/chaitanya/bumperbot_ws/install/bumperbot_localization/share/bumperbot_localization/package.sh'
[9.184s] INFO:colcon.colcon_core.shell:Creating package script '/home/chaitanya/bumperbot_ws/install/bumperbot_localization/share/bumperbot_localization/package.bash'
[9.188s] INFO:colcon.colcon_core.shell:Creating package script '/home/chaitanya/bumperbot_ws/install/bumperbot_localization/share/bumperbot_localization/package.zsh'
[9.192s] Level 1:colcon.colcon_core.environment:create_file_with_runtime_dependencies(/home/chaitanya/bumperbot_ws/install/bumperbot_localization/share/colcon-core/packages/bumperbot_localization)
[9.228s] DEBUG:colcon.colcon_core.event_handler.log_command:Invoking command in '/home/chaitanya/bumperbot_ws/build/bumperbot_cpp_examples': AMENT_PREFIX_PATH=/home/chaitanya/bumperbot_ws/install/bumperbot_msgs:${AMENT_PREFIX_PATH} CMAKE_PREFIX_PATH=/home/chaitanya/bumperbot_ws/install/bumperbot_msgs:/opt/ros/humble LD_LIBRARY_PATH=/home/chaitanya/bumperbot_ws/install/bumperbot_msgs/lib:${LD_LIBRARY_PATH} PYTHONPATH=/home/chaitanya/bumperbot_ws/install/bumperbot_msgs/local/lib/python3.10/dist-packages:${PYTHONPATH} /usr/bin/cmake --build /home/chaitanya/bumperbot_ws/build/bumperbot_cpp_examples -- -j4 -l4
[13.091s] INFO:colcon.colcon_core.task.python.build:Building Python package in '/home/chaitanya/bumperbot_ws/src/bumperbot_py_examples'
[13.093s] INFO:colcon.colcon_core.shell:Skip shell extension 'powershell' for command environment: Not usable outside of PowerShell
[13.093s] DEBUG:colcon.colcon_core.shell:Skip shell extension 'dsv' for command environment
[13.182s] DEBUG:colcon.colcon_core.event_handler.log_command:Invoked command in '/home/chaitanya/bumperbot_ws/build/bumperbot_cpp_examples' returned '0': AMENT_PREFIX_PATH=/home/chaitanya/bumperbot_ws/install/bumperbot_msgs:${AMENT_PREFIX_PATH} CMAKE_PREFIX_PATH=/home/chaitanya/bumperbot_ws/install/bumperbot_msgs:/opt/ros/humble LD_LIBRARY_PATH=/home/chaitanya/bumperbot_ws/install/bumperbot_msgs/lib:${LD_LIBRARY_PATH} PYTHONPATH=/home/chaitanya/bumperbot_ws/install/bumperbot_msgs/local/lib/python3.10/dist-packages:${PYTHONPATH} /usr/bin/cmake --build /home/chaitanya/bumperbot_ws/build/bumperbot_cpp_examples -- -j4 -l4
[13.186s] DEBUG:colcon.colcon_core.event_handler.log_command:Invoking command in '/home/chaitanya/bumperbot_ws/build/bumperbot_cpp_examples': AMENT_PREFIX_PATH=/home/chaitanya/bumperbot_ws/install/bumperbot_msgs:${AMENT_PREFIX_PATH} CMAKE_PREFIX_PATH=/home/chaitanya/bumperbot_ws/install/bumperbot_msgs:/opt/ros/humble LD_LIBRARY_PATH=/home/chaitanya/bumperbot_ws/install/bumperbot_msgs/lib:${LD_LIBRARY_PATH} PYTHONPATH=/home/chaitanya/bumperbot_ws/install/bumperbot_msgs/local/lib/python3.10/dist-packages:${PYTHONPATH} /usr/bin/cmake --install /home/chaitanya/bumperbot_ws/build/bumperbot_cpp_examples
[13.328s] Level 1:colcon.colcon_core.environment:create_environment_scripts_only(bumperbot_cpp_examples)
[13.329s] Level 1:colcon.colcon_core.environment:checking '/home/chaitanya/bumperbot_ws/install/bumperbot_cpp_examples' for CMake module files
[13.334s] Level 1:colcon.colcon_core.environment:checking '/home/chaitanya/bumperbot_ws/install/bumperbot_cpp_examples' for CMake config files
[13.338s] Level 1:colcon.colcon_core.shell:create_environment_hook('bumperbot_cpp_examples', 'cmake_prefix_path')
[13.339s] INFO:colcon.colcon_core.shell:Creating environment hook '/home/chaitanya/bumperbot_ws/install/bumperbot_cpp_examples/share/bumperbot_cpp_examples/hook/cmake_prefix_path.ps1'
[13.345s] DEBUG:colcon.colcon_core.event_handler.log_command:Invoked command in '/home/chaitanya/bumperbot_ws/build/bumperbot_cpp_examples' returned '0': AMENT_PREFIX_PATH=/home/chaitanya/bumperbot_ws/install/bumperbot_msgs:${AMENT_PREFIX_PATH} CMAKE_PREFIX_PATH=/home/chaitanya/bumperbot_ws/install/bumperbot_msgs:/opt/ros/humble LD_LIBRARY_PATH=/home/chaitanya/bumperbot_ws/install/bumperbot_msgs/lib:${LD_LIBRARY_PATH} PYTHONPATH=/home/chaitanya/bumperbot_ws/install/bumperbot_msgs/local/lib/python3.10/dist-packages:${PYTHONPATH} /usr/bin/cmake --install /home/chaitanya/bumperbot_ws/build/bumperbot_cpp_examples
[13.348s] INFO:colcon.colcon_core.shell:Creating environment descriptor '/home/chaitanya/bumperbot_ws/install/bumperbot_cpp_examples/share/bumperbot_cpp_examples/hook/cmake_prefix_path.dsv'
[13.351s] INFO:colcon.colcon_core.shell:Creating environment hook '/home/chaitanya/bumperbot_ws/install/bumperbot_cpp_examples/share/bumperbot_cpp_examples/hook/cmake_prefix_path.sh'
[13.356s] Level 1:colcon.colcon_core.environment:checking '/home/chaitanya/bumperbot_ws/install/bumperbot_cpp_examples/lib'
[13.357s] Level 1:colcon.colcon_core.environment:checking '/home/chaitanya/bumperbot_ws/install/bumperbot_cpp_examples/bin'
[13.358s] Level 1:colcon.colcon_core.environment:checking '/home/chaitanya/bumperbot_ws/install/bumperbot_cpp_examples/lib/pkgconfig/bumperbot_cpp_examples.pc'
[13.359s] Level 1:colcon.colcon_core.environment:checking '/home/chaitanya/bumperbot_ws/install/bumperbot_cpp_examples/lib/python3.10/site-packages'
[13.365s] Level 1:colcon.colcon_core.environment:checking '/home/chaitanya/bumperbot_ws/install/bumperbot_cpp_examples/bin'
[13.373s] INFO:colcon.colcon_core.shell:Creating package script '/home/chaitanya/bumperbot_ws/install/bumperbot_cpp_examples/share/bumperbot_cpp_examples/package.ps1'
[13.377s] INFO:colcon.colcon_core.shell:Creating package descriptor '/home/chaitanya/bumperbot_ws/install/bumperbot_cpp_examples/share/bumperbot_cpp_examples/package.dsv'
[13.381s] INFO:colcon.colcon_core.shell:Creating package script '/home/chaitanya/bumperbot_ws/install/bumperbot_cpp_examples/share/bumperbot_cpp_examples/package.sh'
[13.384s] INFO:colcon.colcon_core.shell:Creating package script '/home/chaitanya/bumperbot_ws/install/bumperbot_cpp_examples/share/bumperbot_cpp_examples/package.bash'
[13.389s] INFO:colcon.colcon_core.shell:Creating package script '/home/chaitanya/bumperbot_ws/install/bumperbot_cpp_examples/share/bumperbot_cpp_examples/package.zsh'
[13.392s] Level 1:colcon.colcon_core.environment:create_file_with_runtime_dependencies(/home/chaitanya/bumperbot_ws/install/bumperbot_cpp_examples/share/colcon-core/packages/bumperbot_cpp_examples)
[13.395s] Level 1:colcon.colcon_core.environment:create_environment_scripts_only(bumperbot_cpp_examples)
[13.397s] Level 1:colcon.colcon_core.environment:checking '/home/chaitanya/bumperbot_ws/install/bumperbot_cpp_examples' for CMake module files
[13.401s] Level 1:colcon.colcon_core.environment:checking '/home/chaitanya/bumperbot_ws/install/bumperbot_cpp_examples' for CMake config files
[13.404s] Level 1:colcon.colcon_core.shell:create_environment_hook('bumperbot_cpp_examples', 'cmake_prefix_path')
[13.405s] INFO:colcon.colcon_core.shell:Creating environment hook '/home/chaitanya/bumperbot_ws/install/bumperbot_cpp_examples/share/bumperbot_cpp_examples/hook/cmake_prefix_path.ps1'
[13.408s] INFO:colcon.colcon_core.shell:Creating environment descriptor '/home/chaitanya/bumperbot_ws/install/bumperbot_cpp_examples/share/bumperbot_cpp_examples/hook/cmake_prefix_path.dsv'
[13.411s] INFO:colcon.colcon_core.shell:Creating environment hook '/home/chaitanya/bumperbot_ws/install/bumperbot_cpp_examples/share/bumperbot_cpp_examples/hook/cmake_prefix_path.sh'
[13.427s] Level 1:colcon.colcon_core.environment:checking '/home/chaitanya/bumperbot_ws/install/bumperbot_cpp_examples/lib'
[13.428s] Level 1:colcon.colcon_core.environment:checking '/home/chaitanya/bumperbot_ws/install/bumperbot_cpp_examples/bin'
[13.429s] Level 1:colcon.colcon_core.environment:checking '/home/chaitanya/bumperbot_ws/install/bumperbot_cpp_examples/lib/pkgconfig/bumperbot_cpp_examples.pc'
[13.430s] Level 1:colcon.colcon_core.environment:checking '/home/chaitanya/bumperbot_ws/install/bumperbot_cpp_examples/lib/python3.10/site-packages'
[13.432s] Level 1:colcon.colcon_core.environment:checking '/home/chaitanya/bumperbot_ws/install/bumperbot_cpp_examples/bin'
[13.435s] INFO:colcon.colcon_core.shell:Creating package script '/home/chaitanya/bumperbot_ws/install/bumperbot_cpp_examples/share/bumperbot_cpp_examples/package.ps1'
[13.446s] INFO:colcon.colcon_core.shell:Creating package descriptor '/home/chaitanya/bumperbot_ws/install/bumperbot_cpp_examples/share/bumperbot_cpp_examples/package.dsv'
[13.453s] INFO:colcon.colcon_core.shell:Creating package script '/home/chaitanya/bumperbot_ws/install/bumperbot_cpp_examples/share/bumperbot_cpp_examples/package.sh'
[13.464s] INFO:colcon.colcon_core.shell:Creating package script '/home/chaitanya/bumperbot_ws/install/bumperbot_cpp_examples/share/bumperbot_cpp_examples/package.bash'
[13.471s] INFO:colcon.colcon_core.shell:Creating package script '/home/chaitanya/bumperbot_ws/install/bumperbot_cpp_examples/share/bumperbot_cpp_examples/package.zsh'
[13.475s] Level 1:colcon.colcon_core.environment:create_file_with_runtime_dependencies(/home/chaitanya/bumperbot_ws/install/bumperbot_cpp_examples/share/colcon-core/packages/bumperbot_cpp_examples)
[18.006s] DEBUG:colcon.colcon_core.event_handler.log_command:Invoking command in '/home/chaitanya/bumperbot_ws/src/bumperbot_py_examples': AMENT_PREFIX_PATH=/home/chaitanya/bumperbot_ws/install/bumperbot_msgs:${AMENT_PREFIX_PATH} CMAKE_PREFIX_PATH=/home/chaitanya/bumperbot_ws/install/bumperbot_msgs LD_LIBRARY_PATH=/home/chaitanya/bumperbot_ws/install/bumperbot_msgs/lib:${LD_LIBRARY_PATH} PYTHONPATH=/home/chaitanya/bumperbot_ws/build/bumperbot_py_examples/prefix_override:/usr/lib/python3/dist-packages/colcon_core/task/python/colcon_distutils_commands:/home/chaitanya/bumperbot_ws/install/bumperbot_py_examples/lib/python3.10/site-packages:/home/chaitanya/bumperbot_ws/install/bumperbot_msgs/local/lib/python3.10/dist-packages:${PYTHONPATH} /usr/bin/python3 -W ignore:setup.py install is deprecated -W ignore:easy_install command is deprecated setup.py egg_info --egg-base ../../build/bumperbot_py_examples build --build-base /home/chaitanya/bumperbot_ws/build/bumperbot_py_examples/build install --record /home/chaitanya/bumperbot_ws/build/bumperbot_py_examples/install.log --single-version-externally-managed install_data
[21.123s] Level 1:colcon.colcon_core.environment:checking '/home/chaitanya/bumperbot_ws/install/bumperbot_py_examples' for CMake module files
[21.127s] Level 1:colcon.colcon_core.environment:checking '/home/chaitanya/bumperbot_ws/install/bumperbot_py_examples' for CMake config files
[21.131s] DEBUG:colcon.colcon_core.event_handler.log_command:Invoked command in '/home/chaitanya/bumperbot_ws/src/bumperbot_py_examples' returned '0': AMENT_PREFIX_PATH=/home/chaitanya/bumperbot_ws/install/bumperbot_msgs:${AMENT_PREFIX_PATH} CMAKE_PREFIX_PATH=/home/chaitanya/bumperbot_ws/install/bumperbot_msgs LD_LIBRARY_PATH=/home/chaitanya/bumperbot_ws/install/bumperbot_msgs/lib:${LD_LIBRARY_PATH} PYTHONPATH=/home/chaitanya/bumperbot_ws/build/bumperbot_py_examples/prefix_override:/usr/lib/python3/dist-packages/colcon_core/task/python/colcon_distutils_commands:/home/chaitanya/bumperbot_ws/install/bumperbot_py_examples/lib/python3.10/site-packages:/home/chaitanya/bumperbot_ws/install/bumperbot_msgs/local/lib/python3.10/dist-packages:${PYTHONPATH} /usr/bin/python3 -W ignore:setup.py install is deprecated -W ignore:easy_install command is deprecated setup.py egg_info --egg-base ../../build/bumperbot_py_examples build --build-base /home/chaitanya/bumperbot_ws/build/bumperbot_py_examples/build install --record /home/chaitanya/bumperbot_ws/build/bumperbot_py_examples/install.log --single-version-externally-managed install_data
[21.145s] Level 1:colcon.colcon_core.environment:checking '/home/chaitanya/bumperbot_ws/install/bumperbot_py_examples/lib'
[21.146s] Level 1:colcon.colcon_core.environment:checking '/home/chaitanya/bumperbot_ws/install/bumperbot_py_examples/bin'
[21.147s] Level 1:colcon.colcon_core.environment:checking '/home/chaitanya/bumperbot_ws/install/bumperbot_py_examples/lib/pkgconfig/bumperbot_py_examples.pc'
[21.148s] Level 1:colcon.colcon_core.environment:checking '/home/chaitanya/bumperbot_ws/install/bumperbot_py_examples/lib/python3.10/site-packages'
[21.154s] Level 1:colcon.colcon_core.shell:create_environment_hook('bumperbot_py_examples', 'pythonpath')
[21.155s] INFO:colcon.colcon_core.shell:Creating environment hook '/home/chaitanya/bumperbot_ws/install/bumperbot_py_examples/share/bumperbot_py_examples/hook/pythonpath.ps1'
[21.159s] INFO:colcon.colcon_core.shell:Creating environment descriptor '/home/chaitanya/bumperbot_ws/install/bumperbot_py_examples/share/bumperbot_py_examples/hook/pythonpath.dsv'
[21.162s] INFO:colcon.colcon_core.shell:Creating environment hook '/home/chaitanya/bumperbot_ws/install/bumperbot_py_examples/share/bumperbot_py_examples/hook/pythonpath.sh'
[21.167s] Level 1:colcon.colcon_core.environment:checking '/home/chaitanya/bumperbot_ws/install/bumperbot_py_examples/bin'
[21.177s] Level 1:colcon.colcon_core.environment:create_environment_scripts_only(bumperbot_py_examples)
[21.180s] INFO:colcon.colcon_core.shell:Creating package script '/home/chaitanya/bumperbot_ws/install/bumperbot_py_examples/share/bumperbot_py_examples/package.ps1'
[21.184s] INFO:colcon.colcon_core.shell:Creating package descriptor '/home/chaitanya/bumperbot_ws/install/bumperbot_py_examples/share/bumperbot_py_examples/package.dsv'
[21.188s] INFO:colcon.colcon_core.shell:Creating package script '/home/chaitanya/bumperbot_ws/install/bumperbot_py_examples/share/bumperbot_py_examples/package.sh'
[21.192s] INFO:colcon.colcon_core.shell:Creating package script '/home/chaitanya/bumperbot_ws/install/bumperbot_py_examples/share/bumperbot_py_examples/package.bash'
[21.195s] INFO:colcon.colcon_core.shell:Creating package script '/home/chaitanya/bumperbot_ws/install/bumperbot_py_examples/share/bumperbot_py_examples/package.zsh'
[21.199s] Level 1:colcon.colcon_core.environment:create_file_with_runtime_dependencies(/home/chaitanya/bumperbot_ws/install/bumperbot_py_examples/share/colcon-core/packages/bumperbot_py_examples)
[82.570s] DEBUG:colcon.colcon_core.event_handler.log_command:Invoked command in '/home/chaitanya/bumperbot_ws/build/bumperbot_controller' returned '0': CMAKE_PREFIX_PATH=/opt/ros/humble /usr/bin/cmake --build /home/chaitanya/bumperbot_ws/build/bumperbot_controller -- -j4 -l4
[82.605s] DEBUG:colcon.colcon_core.event_handler.log_command:Invoking command in '/home/chaitanya/bumperbot_ws/build/bumperbot_controller': CMAKE_PREFIX_PATH=/opt/ros/humble /usr/bin/cmake --install /home/chaitanya/bumperbot_ws/build/bumperbot_controller
[83.434s] Level 1:colcon.colcon_core.environment:create_environment_scripts_only(bumperbot_controller)
[83.436s] Level 1:colcon.colcon_core.environment:checking '/home/chaitanya/bumperbot_ws/install/bumperbot_controller' for CMake module files
[83.441s] DEBUG:colcon.colcon_core.event_handler.log_command:Invoked command in '/home/chaitanya/bumperbot_ws/build/bumperbot_controller' returned '0': CMAKE_PREFIX_PATH=/opt/ros/humble /usr/bin/cmake --install /home/chaitanya/bumperbot_ws/build/bumperbot_controller
[83.442s] Level 1:colcon.colcon_core.environment:checking '/home/chaitanya/bumperbot_ws/install/bumperbot_controller' for CMake config files
[83.446s] Level 1:colcon.colcon_core.shell:create_environment_hook('bumperbot_controller', 'cmake_prefix_path')
[83.447s] INFO:colcon.colcon_core.shell:Creating environment hook '/home/chaitanya/bumperbot_ws/install/bumperbot_controller/share/bumperbot_controller/hook/cmake_prefix_path.ps1'
[83.467s] INFO:colcon.colcon_core.shell:Creating environment descriptor '/home/chaitanya/bumperbot_ws/install/bumperbot_controller/share/bumperbot_controller/hook/cmake_prefix_path.dsv'
[83.487s] INFO:colcon.colcon_core.shell:Creating environment hook '/home/chaitanya/bumperbot_ws/install/bumperbot_controller/share/bumperbot_controller/hook/cmake_prefix_path.sh'
[83.495s] Level 1:colcon.colcon_core.environment:checking '/home/chaitanya/bumperbot_ws/install/bumperbot_controller/lib'
[83.496s] Level 1:colcon.colcon_core.environment:checking '/home/chaitanya/bumperbot_ws/install/bumperbot_controller/bin'
[83.497s] Level 1:colcon.colcon_core.environment:checking '/home/chaitanya/bumperbot_ws/install/bumperbot_controller/lib/pkgconfig/bumperbot_controller.pc'
[83.499s] Level 1:colcon.colcon_core.environment:checking '/home/chaitanya/bumperbot_ws/install/bumperbot_controller/lib/python3.10/site-packages'
[83.501s] Level 1:colcon.colcon_core.environment:checking '/home/chaitanya/bumperbot_ws/install/bumperbot_controller/bin'
[83.503s] INFO:colcon.colcon_core.shell:Creating package script '/home/chaitanya/bumperbot_ws/install/bumperbot_controller/share/bumperbot_controller/package.ps1'
[83.509s] INFO:colcon.colcon_core.shell:Creating package descriptor '/home/chaitanya/bumperbot_ws/install/bumperbot_controller/share/bumperbot_controller/package.dsv'
[83.513s] INFO:colcon.colcon_core.shell:Creating package script '/home/chaitanya/bumperbot_ws/install/bumperbot_controller/share/bumperbot_controller/package.sh'
[83.521s] INFO:colcon.colcon_core.shell:Creating package script '/home/chaitanya/bumperbot_ws/install/bumperbot_controller/share/bumperbot_controller/package.bash'
[83.536s] INFO:colcon.colcon_core.shell:Creating package script '/home/chaitanya/bumperbot_ws/install/bumperbot_controller/share/bumperbot_controller/package.zsh'
[83.546s] Level 1:colcon.colcon_core.environment:create_file_with_runtime_dependencies(/home/chaitanya/bumperbot_ws/install/bumperbot_controller/share/colcon-core/packages/bumperbot_controller)
[83.549s] Level 1:colcon.colcon_core.environment:create_environment_scripts_only(bumperbot_controller)
[83.550s] Level 1:colcon.colcon_core.environment:checking '/home/chaitanya/bumperbot_ws/install/bumperbot_controller' for CMake module files
[83.554s] Level 1:colcon.colcon_core.environment:checking '/home/chaitanya/bumperbot_ws/install/bumperbot_controller' for CMake config files
[83.558s] Level 1:colcon.colcon_core.shell:create_environment_hook('bumperbot_controller', 'cmake_prefix_path')
[83.559s] INFO:colcon.colcon_core.shell:Creating environment hook '/home/chaitanya/bumperbot_ws/install/bumperbot_controller/share/bumperbot_controller/hook/cmake_prefix_path.ps1'
[83.562s] INFO:colcon.colcon_core.shell:Creating environment descriptor '/home/chaitanya/bumperbot_ws/install/bumperbot_controller/share/bumperbot_controller/hook/cmake_prefix_path.dsv'
[83.565s] INFO:colcon.colcon_core.shell:Creating environment hook '/home/chaitanya/bumperbot_ws/install/bumperbot_controller/share/bumperbot_controller/hook/cmake_prefix_path.sh'
[83.569s] Level 1:colcon.colcon_core.environment:checking '/home/chaitanya/bumperbot_ws/install/bumperbot_controller/lib'
[83.570s] Level 1:colcon.colcon_core.environment:checking '/home/chaitanya/bumperbot_ws/install/bumperbot_controller/bin'
[83.570s] Level 1:colcon.colcon_core.environment:checking '/home/chaitanya/bumperbot_ws/install/bumperbot_controller/lib/pkgconfig/bumperbot_controller.pc'
[83.572s] Level 1:colcon.colcon_core.environment:checking '/home/chaitanya/bumperbot_ws/install/bumperbot_controller/lib/python3.10/site-packages'
[83.573s] Level 1:colcon.colcon_core.environment:checking '/home/chaitanya/bumperbot_ws/install/bumperbot_controller/bin'
[83.575s] INFO:colcon.colcon_core.shell:Creating package script '/home/chaitanya/bumperbot_ws/install/bumperbot_controller/share/bumperbot_controller/package.ps1'
[83.577s] INFO:colcon.colcon_core.shell:Creating package descriptor '/home/chaitanya/bumperbot_ws/install/bumperbot_controller/share/bumperbot_controller/package.dsv'
[83.581s] INFO:colcon.colcon_core.shell:Creating package script '/home/chaitanya/bumperbot_ws/install/bumperbot_controller/share/bumperbot_controller/package.sh'
[83.585s] INFO:colcon.colcon_core.shell:Creating package script '/home/chaitanya/bumperbot_ws/install/bumperbot_controller/share/bumperbot_controller/package.bash'
[83.588s] INFO:colcon.colcon_core.shell:Creating package script '/home/chaitanya/bumperbot_ws/install/bumperbot_controller/share/bumperbot_controller/package.zsh'
[83.591s] Level 1:colcon.colcon_core.environment:create_file_with_runtime_dependencies(/home/chaitanya/bumperbot_ws/install/bumperbot_controller/share/colcon-core/packages/bumperbot_controller)
[83.592s] DEBUG:colcon.colcon_parallel_executor.executor.parallel:closing loop
[83.594s] DEBUG:colcon.colcon_parallel_executor.executor.parallel:loop closed
[83.595s] DEBUG:colcon.colcon_parallel_executor.executor.parallel:run_until_complete finished with '0'
[83.596s] DEBUG:colcon.colcon_core.event_reactor:joining thread
[83.800s] INFO:colcon.colcon_core.plugin_system:Skipping extension 'colcon_notification.desktop_notification.terminal_notifier': Not used on non-Darwin systems
[83.801s] INFO:colcon.colcon_core.plugin_system:Skipping extension 'colcon_notification.desktop_notification.win32': Not used on non-Windows systems
[83.801s] INFO:colcon.colcon_notification.desktop_notification:Sending desktop notification using 'notify2'
[84.221s] DEBUG:colcon.colcon_core.event_reactor:joined thread
[84.224s] INFO:colcon.colcon_core.shell:Creating prefix script '/home/chaitanya/bumperbot_ws/install/local_setup.ps1'
[84.233s] INFO:colcon.colcon_core.shell:Creating prefix util module '/home/chaitanya/bumperbot_ws/install/_local_setup_util_ps1.py'
[84.258s] INFO:colcon.colcon_core.shell:Creating prefix chain script '/home/chaitanya/bumperbot_ws/install/setup.ps1'
[84.268s] INFO:colcon.colcon_core.shell:Creating prefix script '/home/chaitanya/bumperbot_ws/install/local_setup.sh'
[84.285s] INFO:colcon.colcon_core.shell:Creating prefix util module '/home/chaitanya/bumperbot_ws/install/_local_setup_util_sh.py'
[84.289s] INFO:colcon.colcon_core.shell:Creating prefix chain script '/home/chaitanya/bumperbot_ws/install/setup.sh'
[84.303s] INFO:colcon.colcon_core.shell:Creating prefix script '/home/chaitanya/bumperbot_ws/install/local_setup.bash'
[84.308s] INFO:colcon.colcon_core.shell:Creating prefix chain script '/home/chaitanya/bumperbot_ws/install/setup.bash'
[84.327s] INFO:colcon.colcon_core.shell:Creating prefix script '/home/chaitanya/bumperbot_ws/install/local_setup.zsh'
[84.334s] INFO:colcon.colcon_core.shell:Creating prefix chain script '/home/chaitanya/bumperbot_ws/install/setup.zsh'
