[0.192s] Invoking command in '/home/chaitanya/bumperbot_ws/build/bumperbot_localization': CMAKE_PREFIX_PATH=${CMAKE_PREFIX_PATH}:/home/chaitanya/bumperbot_ws/install/bumperbot_py_examples:/opt/ros/humble /usr/bin/cmake --build /home/chaitanya/bumperbot_ws/build/bumperbot_localization -- -j4 -l4
[0.830s] [35m[1mConsolidate compiler generated dependencies of target kalman_filter[0m
[1.033s] [35m[1mConsolidate compiler generated dependencies of target imu_republisher[0m
[1.102s] [  0%] Built target ament_cmake_python_copy_bumperbot_localization
[1.142s] [ 50%] Built target kalman_filter
[1.307s] [100%] Built target imu_republisher
[5.507s] running egg_info
[5.608s] writing bumperbot_localization.egg-info/PKG-INFO
[5.609s] writing dependency_links to bumperbot_localization.egg-info/dependency_links.txt
[5.618s] writing top-level names to bumperbot_localization.egg-info/top_level.txt
[5.641s] reading manifest file 'bumperbot_localization.egg-info/SOURCES.txt'
[5.739s] writing manifest file 'bumperbot_localization.egg-info/SOURCES.txt'
[5.906s] [100%] Built target ament_cmake_python_build_bumperbot_localization_egg
[5.995s] Invoked command in '/home/chaitanya/bumperbot_ws/build/bumperbot_localization' returned '0': CMAKE_PREFIX_PATH=${CMAKE_PREFIX_PATH}:/home/chaitanya/bumperbot_ws/install/bumperbot_py_examples:/opt/ros/humble /usr/bin/cmake --build /home/chaitanya/bumperbot_ws/build/bumperbot_localization -- -j4 -l4
[6.047s] Invoking command in '/home/chaitanya/bumperbot_ws/build/bumperbot_localization': CMAKE_PREFIX_PATH=${CMAKE_PREFIX_PATH}:/home/chaitanya/bumperbot_ws/install/bumperbot_py_examples:/opt/ros/humble /usr/bin/cmake --install /home/chaitanya/bumperbot_ws/build/bumperbot_localization
[6.120s] -- Install configuration: ""
[6.121s] -- Up-to-date: /home/chaitanya/bumperbot_ws/install/bumperbot_localization/share/bumperbot_localization/environment/pythonpath.sh
[6.126s] -- Up-to-date: /home/chaitanya/bumperbot_ws/install/bumperbot_localization/share/bumperbot_localization/environment/pythonpath.dsv
[6.127s] -- Up-to-date: /home/chaitanya/bumperbot_ws/install/bumperbot_localization/local/lib/python3.10/dist-packages/bumperbot_localization-0.0.0-py3.10.egg-info
[6.127s] -- Installing: /home/chaitanya/bumperbot_ws/install/bumperbot_localization/local/lib/python3.10/dist-packages/bumperbot_localization-0.0.0-py3.10.egg-info/PKG-INFO
[6.130s] -- Installing: /home/chaitanya/bumperbot_ws/install/bumperbot_localization/local/lib/python3.10/dist-packages/bumperbot_localization-0.0.0-py3.10.egg-info/top_level.txt
[6.131s] -- Installing: /home/chaitanya/bumperbot_ws/install/bumperbot_localization/local/lib/python3.10/dist-packages/bumperbot_localization-0.0.0-py3.10.egg-info/dependency_links.txt
[6.140s] -- Installing: /home/chaitanya/bumperbot_ws/install/bumperbot_localization/local/lib/python3.10/dist-packages/bumperbot_localization-0.0.0-py3.10.egg-info/SOURCES.txt
[6.141s] -- Up-to-date: /home/chaitanya/bumperbot_ws/install/bumperbot_localization/local/lib/python3.10/dist-packages/bumperbot_localization
[6.141s] -- Up-to-date: /home/chaitanya/bumperbot_ws/install/bumperbot_localization/local/lib/python3.10/dist-packages/bumperbot_localization/kalman_filter.py
[6.141s] -- Up-to-date: /home/chaitanya/bumperbot_ws/install/bumperbot_localization/local/lib/python3.10/dist-packages/bumperbot_localization/__init__.py
[6.142s] -- Up-to-date: /home/chaitanya/bumperbot_ws/install/bumperbot_localization/local/lib/python3.10/dist-packages/bumperbot_localization/imu_republisher.py
[6.455s] Listing '/home/chaitanya/bumperbot_ws/install/bumperbot_localization/local/lib/python3.10/dist-packages/bumperbot_localization'...
[6.555s] -- Up-to-date: /home/chaitanya/bumperbot_ws/install/bumperbot_localization/include/include
[6.555s] -- Up-to-date: /home/chaitanya/bumperbot_ws/install/bumperbot_localization/include/include/bumperbot_localization
[6.555s] -- Up-to-date: /home/chaitanya/bumperbot_ws/install/bumperbot_localization/include/include/bumperbot_localization/kalman_filter.hpp
[6.556s] -- Up-to-date: /home/chaitanya/bumperbot_ws/install/bumperbot_localization/lib/bumperbot_localization/kalman_filter
[6.561s] -- Up-to-date: /home/chaitanya/bumperbot_ws/install/bumperbot_localization/lib/bumperbot_localization/imu_republisher
[6.570s] -- Up-to-date: /home/chaitanya/bumperbot_ws/install/bumperbot_localization/share/bumperbot_localization/launch
[6.578s] -- Up-to-date: /home/chaitanya/bumperbot_ws/install/bumperbot_localization/share/bumperbot_localization/launch/local_localization.launch.py
[6.578s] -- Up-to-date: /home/chaitanya/bumperbot_ws/install/bumperbot_localization/share/bumperbot_localization/config
[6.594s] -- Up-to-date: /home/chaitanya/bumperbot_ws/install/bumperbot_localization/share/bumperbot_localization/config/ekf.yaml
[6.595s] -- Up-to-date: /home/chaitanya/bumperbot_ws/install/bumperbot_localization/lib/bumperbot_localization/kalman_filter.py
[6.595s] -- Up-to-date: /home/chaitanya/bumperbot_ws/install/bumperbot_localization/lib/bumperbot_localization/imu_republisher.py
[6.595s] -- Up-to-date: /home/chaitanya/bumperbot_ws/install/bumperbot_localization/share/ament_index/resource_index/package_run_dependencies/bumperbot_localization
[6.598s] -- Up-to-date: /home/chaitanya/bumperbot_ws/install/bumperbot_localization/share/ament_index/resource_index/parent_prefix_path/bumperbot_localization
[6.599s] -- Up-to-date: /home/chaitanya/bumperbot_ws/install/bumperbot_localization/share/bumperbot_localization/environment/ament_prefix_path.sh
[6.602s] -- Up-to-date: /home/chaitanya/bumperbot_ws/install/bumperbot_localization/share/bumperbot_localization/environment/ament_prefix_path.dsv
[6.606s] -- Up-to-date: /home/chaitanya/bumperbot_ws/install/bumperbot_localization/share/bumperbot_localization/environment/path.sh
[6.607s] -- Up-to-date: /home/chaitanya/bumperbot_ws/install/bumperbot_localization/share/bumperbot_localization/environment/path.dsv
[6.618s] -- Up-to-date: /home/chaitanya/bumperbot_ws/install/bumperbot_localization/share/bumperbot_localization/local_setup.bash
[6.624s] -- Up-to-date: /home/chaitanya/bumperbot_ws/install/bumperbot_localization/share/bumperbot_localization/local_setup.sh
[6.626s] -- Up-to-date: /home/chaitanya/bumperbot_ws/install/bumperbot_localization/share/bumperbot_localization/local_setup.zsh
[6.627s] -- Up-to-date: /home/chaitanya/bumperbot_ws/install/bumperbot_localization/share/bumperbot_localization/local_setup.dsv
[6.627s] -- Installing: /home/chaitanya/bumperbot_ws/install/bumperbot_localization/share/bumperbot_localization/package.dsv
[6.627s] -- Up-to-date: /home/chaitanya/bumperbot_ws/install/bumperbot_localization/share/ament_index/resource_index/packages/bumperbot_localization
[6.628s] -- Up-to-date: /home/chaitanya/bumperbot_ws/install/bumperbot_localization/share/bumperbot_localization/cmake/bumperbot_localizationConfig.cmake
[6.628s] -- Up-to-date: /home/chaitanya/bumperbot_ws/install/bumperbot_localization/share/bumperbot_localization/cmake/bumperbot_localizationConfig-version.cmake
[6.632s] -- Up-to-date: /home/chaitanya/bumperbot_ws/install/bumperbot_localization/share/bumperbot_localization/package.xml
[6.647s] Invoked command in '/home/chaitanya/bumperbot_ws/build/bumperbot_localization' returned '0': CMAKE_PREFIX_PATH=${CMAKE_PREFIX_PATH}:/home/chaitanya/bumperbot_ws/install/bumperbot_py_examples:/opt/ros/humble /usr/bin/cmake --install /home/chaitanya/bumperbot_ws/build/bumperbot_localization
