[0.133s] Invoking command in '/home/chaitanya/bumperbot_ws/build/bumperbot_firmware': CMAKE_PREFIX_PATH=/opt/ros/humble /usr/bin/cmake /home/chaitanya/bumperbot_ws/src/bumperbot_firmware -DCMAKE_INSTALL_PREFIX=/home/chaitanya/bumperbot_ws/install/bumperbot_firmware
[1.495s] -- The C compiler identification is GNU 11.4.0
[2.501s] -- The CXX compiler identification is GNU 11.4.0
[2.689s] -- Detecting C compiler ABI info
[3.445s] -- Detecting C compiler ABI info - done
[3.529s] -- Check for working C compiler: /usr/bin/cc - skipped
[3.530s] -- Detecting C compile features
[3.564s] -- Detecting C compile features - done
[3.578s] -- Detecting CXX compiler ABI info
[4.498s] -- Detecting CXX compiler ABI info - done
[4.578s] -- Check for working CXX compiler: /usr/bin/c++ - skipped
[4.587s] -- Detecting CXX compile features
[4.588s] -- Detecting CXX compile features - done
[4.662s] -- Found ament_cmake: 1.3.11 (/opt/ros/humble/share/ament_cmake/cmake)
[6.374s] -- Found Python3: /usr/bin/python3 (found version "3.10.12") found components: Interpreter 
[7.871s] -- Found rclcpp: 16.0.12 (/opt/ros/humble/share/rclcpp/cmake)
[8.928s] -- Found rosidl_generator_c: 3.1.6 (/opt/ros/humble/share/rosidl_generator_c/cmake)
[8.986s] -- Found rosidl_adapter: 3.1.6 (/opt/ros/humble/share/rosidl_adapter/cmake)
[9.094s] -- Found rosidl_generator_cpp: 3.1.6 (/opt/ros/humble/share/rosidl_generator_cpp/cmake)
[9.219s] -- Using all available rosidl_typesupport_c: rosidl_typesupport_fastrtps_c;rosidl_typesupport_introspection_c
[9.368s] -- Using all available rosidl_typesupport_cpp: rosidl_typesupport_fastrtps_cpp;rosidl_typesupport_introspection_cpp
[9.948s] -- Found rmw_implementation_cmake: 6.1.2 (/opt/ros/humble/share/rmw_implementation_cmake/cmake)
[10.043s] -- Found rmw_fastrtps_cpp: 6.2.7 (/opt/ros/humble/share/rmw_fastrtps_cpp/cmake)
[11.556s] -- Found OpenSSL: /usr/lib/aarch64-linux-gnu/libcrypto.so (found version "3.0.2")  
[12.168s] -- Found FastRTPS: /opt/ros/humble/include  
[13.034s] -- Using RMW implementation 'rmw_fastrtps_cpp' as default
[13.151s] -- Looking for pthread.h
[13.980s] -- Looking for pthread.h - found
[13.983s] -- Performing Test CMAKE_HAVE_LIBC_PTHREAD
[14.858s] -- Performing Test CMAKE_HAVE_LIBC_PTHREAD - Success
[14.872s] -- Found Threads: TRUE  
[15.449s] -- Found PkgConfig: /usr/bin/pkg-config (found version "0.29.2") 
[15.464s] -- Checking for module 'libserial'
[15.648s] --   Found libserial, version 1.0.0
[16.771s] -- Configuring done
[16.879s] -- Generating done
[16.914s] -- Build files have been written to: /home/chaitanya/bumperbot_ws/build/bumperbot_firmware
[16.989s] Invoked command in '/home/chaitanya/bumperbot_ws/build/bumperbot_firmware' returned '0': CMAKE_PREFIX_PATH=/opt/ros/humble /usr/bin/cmake /home/chaitanya/bumperbot_ws/src/bumperbot_firmware -DCMAKE_INSTALL_PREFIX=/home/chaitanya/bumperbot_ws/install/bumperbot_firmware
[16.991s] Invoking command in '/home/chaitanya/bumperbot_ws/build/bumperbot_firmware': CMAKE_PREFIX_PATH=/opt/ros/humble /usr/bin/cmake --build /home/chaitanya/bumperbot_ws/build/bumperbot_firmware -- -j4 -l4
[17.446s] [ 50%] [32mBuilding CXX object CMakeFiles/simple_serial_transmitter.dir/src/transmitter.cpp.o[0m
