[0.125s] Invoking command in '/home/chaitanya/bumperbot_ws/build/bumperbot_description': CMAKE_PREFIX_PATH=/opt/ros/humble /usr/bin/cmake /home/chaitanya/bumperbot_ws/src/bumperbot_description -DCMAKE_INSTALL_PREFIX=/home/chaitanya/bumperbot_ws/install/bumperbot_description
[1.506s] -- The C compiler identification is GNU 11.4.0
[2.462s] -- The CXX compiler identification is GNU 11.4.0
[2.710s] -- Detecting C compiler ABI info
[3.495s] -- Detecting C compiler ABI info - done
[3.523s] -- Check for working C compiler: /usr/bin/cc - skipped
[3.528s] -- Detecting C compile features
[3.536s] -- Detecting C compile features - done
[3.575s] -- Detecting CXX compiler ABI info
[4.409s] -- Detecting CXX compiler ABI info - done
[4.525s] -- Check for working CXX compiler: /usr/bin/c++ - skipped
[4.529s] -- Detecting CXX compile features
[4.530s] -- Detecting CXX compile features - done
[4.694s] -- Found ament_cmake: 1.3.11 (/opt/ros/humble/share/ament_cmake/cmake)
[6.706s] -- Found Python3: /usr/bin/python3 (found version "3.10.12") found components: Interpreter 
[7.898s] -- Found urdf: 2.6.1 (/opt/ros/humble/share/urdf/cmake)
[9.269s] -- Found ament_lint_auto: 0.12.12 (/opt/ros/humble/share/ament_lint_auto/cmake)
[10.173s] -- Added test 'copyright' to check source files copyright and LICENSE
[10.248s] -- Added test 'flake8' to check Python code syntax and style conventions
[10.254s] -- Added test 'lint_cmake' to check CMake code style
[10.263s] -- Added test 'pep257' to check Python code against some of the docstring style conventions in PEP 257
[10.305s] -- Added test 'xmllint' to check XML markup files
[10.351s] -- Configuring done
[10.433s] -- Generating done
[10.453s] -- Build files have been written to: /home/chaitanya/bumperbot_ws/build/bumperbot_description
[10.527s] Invoked command in '/home/chaitanya/bumperbot_ws/build/bumperbot_description' returned '0': CMAKE_PREFIX_PATH=/opt/ros/humble /usr/bin/cmake /home/chaitanya/bumperbot_ws/src/bumperbot_description -DCMAKE_INSTALL_PREFIX=/home/chaitanya/bumperbot_ws/install/bumperbot_description
[10.539s] Invoking command in '/home/chaitanya/bumperbot_ws/build/bumperbot_description': CMAKE_PREFIX_PATH=/opt/ros/humble /usr/bin/cmake --build /home/chaitanya/bumperbot_ws/build/bumperbot_description -- -j4 -l4
[10.930s] Invoked command in '/home/chaitanya/bumperbot_ws/build/bumperbot_description' returned '0': CMAKE_PREFIX_PATH=/opt/ros/humble /usr/bin/cmake --build /home/chaitanya/bumperbot_ws/build/bumperbot_description -- -j4 -l4
[11.004s] Invoking command in '/home/chaitanya/bumperbot_ws/build/bumperbot_description': CMAKE_PREFIX_PATH=/opt/ros/humble /usr/bin/cmake --install /home/chaitanya/bumperbot_ws/build/bumperbot_description
[11.114s] -- Install configuration: ""
[11.114s] -- Installing: /home/chaitanya/bumperbot_ws/install/bumperbot_description/share/bumperbot_description/launch
[11.115s] -- Installing: /home/chaitanya/bumperbot_ws/install/bumperbot_description/share/bumperbot_description/launch/display.launch.py
[11.139s] -- Installing: /home/chaitanya/bumperbot_ws/install/bumperbot_description/share/bumperbot_description/launch/gazebo.launch.py
[11.140s] -- Installing: /home/chaitanya/bumperbot_ws/install/bumperbot_description/share/bumperbot_description/meshes
[11.140s] -- Installing: /home/chaitanya/bumperbot_ws/install/bumperbot_description/share/bumperbot_description/meshes/caster_front_link.STL
[11.141s] -- Installing: /home/chaitanya/bumperbot_ws/install/bumperbot_description/share/bumperbot_description/meshes/caster_rear_link.STL
[11.160s] -- Installing: /home/chaitanya/bumperbot_ws/install/bumperbot_description/share/bumperbot_description/meshes/wheel_left_link.STL
[11.193s] -- Installing: /home/chaitanya/bumperbot_ws/install/bumperbot_description/share/bumperbot_description/meshes/base_link.STL
[11.577s] -- Installing: /home/chaitanya/bumperbot_ws/install/bumperbot_description/share/bumperbot_description/meshes/wheel_right_link.STL
[11.621s] -- Installing: /home/chaitanya/bumperbot_ws/install/bumperbot_description/share/bumperbot_description/meshes/imu_link.STL
[11.633s] -- Installing: /home/chaitanya/bumperbot_ws/install/bumperbot_description/share/bumperbot_description/urdf
[11.634s] -- Installing: /home/chaitanya/bumperbot_ws/install/bumperbot_description/share/bumperbot_description/urdf/bumperbot_gazebo.xacro
[11.653s] -- Installing: /home/chaitanya/bumperbot_ws/install/bumperbot_description/share/bumperbot_description/urdf/bumperbot_ros2_control.xacro
[11.654s] -- Installing: /home/chaitanya/bumperbot_ws/install/bumperbot_description/share/bumperbot_description/urdf/bumperbot.urdf.xacro
[11.654s] -- Installing: /home/chaitanya/bumperbot_ws/install/bumperbot_description/share/bumperbot_description/rviz
[11.655s] -- Installing: /home/chaitanya/bumperbot_ws/install/bumperbot_description/share/bumperbot_description/rviz/display.rviz
[11.672s] -- Installing: /home/chaitanya/bumperbot_ws/install/bumperbot_description/share/ament_index/resource_index/package_run_dependencies/bumperbot_description
[11.674s] -- Installing: /home/chaitanya/bumperbot_ws/install/bumperbot_description/share/ament_index/resource_index/parent_prefix_path/bumperbot_description
[11.675s] -- Installing: /home/chaitanya/bumperbot_ws/install/bumperbot_description/share/bumperbot_description/environment/ament_prefix_path.sh
[11.676s] -- Installing: /home/chaitanya/bumperbot_ws/install/bumperbot_description/share/bumperbot_description/environment/ament_prefix_path.dsv
[11.701s] -- Installing: /home/chaitanya/bumperbot_ws/install/bumperbot_description/share/bumperbot_description/environment/path.sh
[11.704s] -- Installing: /home/chaitanya/bumperbot_ws/install/bumperbot_description/share/bumperbot_description/environment/path.dsv
[11.713s] -- Installing: /home/chaitanya/bumperbot_ws/install/bumperbot_description/share/bumperbot_description/local_setup.bash
[11.714s] -- Installing: /home/chaitanya/bumperbot_ws/install/bumperbot_description/share/bumperbot_description/local_setup.sh
[11.715s] -- Installing: /home/chaitanya/bumperbot_ws/install/bumperbot_description/share/bumperbot_description/local_setup.zsh
[11.715s] -- Installing: /home/chaitanya/bumperbot_ws/install/bumperbot_description/share/bumperbot_description/local_setup.dsv
[11.715s] -- Installing: /home/chaitanya/bumperbot_ws/install/bumperbot_description/share/bumperbot_description/package.dsv
[11.716s] -- Installing: /home/chaitanya/bumperbot_ws/install/bumperbot_description/share/ament_index/resource_index/packages/bumperbot_description
[11.716s] -- Installing: /home/chaitanya/bumperbot_ws/install/bumperbot_description/share/bumperbot_description/cmake/bumperbot_descriptionConfig.cmake
[11.745s] -- Installing: /home/chaitanya/bumperbot_ws/install/bumperbot_description/share/bumperbot_description/cmake/bumperbot_descriptionConfig-version.cmake
[11.746s] -- Installing: /home/chaitanya/bumperbot_ws/install/bumperbot_description/share/bumperbot_description/package.xml
[11.746s] Invoked command in '/home/chaitanya/bumperbot_ws/build/bumperbot_description' returned '0': CMAKE_PREFIX_PATH=/opt/ros/humble /usr/bin/cmake --install /home/chaitanya/bumperbot_ws/build/bumperbot_description
