[1.194s] DEBUG:colcon:Command line arguments: ['/usr/bin/colcon', 'build', '--packages-select', 'bumperbot_firmware']
[1.195s] DEBUG:colcon:Parsed command line arguments: Namespace(log_base=None, log_level=None, verb_name='build', build_base='build', install_base='install', merge_install=False, symlink_install=False, test_result_base=None, continue_on_error=False, executor='parallel', parallel_workers=4, event_handlers=None, ignore_user_meta=False, metas=['./colcon.meta'], base_paths=['.'], packages_ignore=None, packages_ignore_regex=None, paths=None, packages_up_to=None, packages_up_to_regex=None, packages_above=None, packages_above_and_dependencies=None, packages_above_depth=None, packages_select_by_dep=None, packages_skip_by_dep=None, packages_skip_up_to=None, packages_select_build_failed=False, packages_skip_build_finished=False, packages_select_test_failures=False, packages_skip_test_passed=False, packages_select=['bumperbot_firmware'], packages_skip=None, packages_select_regex=None, packages_skip_regex=None, packages_start=None, packages_end=None, allow_overriding=[], cmake_args=None, cmake_target=None, cmake_target_skip_unavailable=False, cmake_clean_cache=False, cmake_clean_first=False, cmake_force_configure=False, ament_cmake_args=None, catkin_cmake_args=None, catkin_skip_building_tests=False, verb_parser=<colcon_defaults.argument_parser.defaults.DefaultArgumentsDecorator object at 0xffffb5f0bc70>, verb_extension=<colcon_core.verb.build.BuildVerb object at 0xffffb60f9000>, main=<bound method BuildVerb.main of <colcon_core.verb.build.BuildVerb object at 0xffffb60f9000>>)
[2.571s] Level 1:colcon.colcon_core.package_discovery:discover_packages(colcon_meta) check parameters
[2.571s] Level 1:colcon.colcon_core.package_discovery:discover_packages(recursive) check parameters
[2.572s] Level 1:colcon.colcon_core.package_discovery:discover_packages(ignore) check parameters
[2.572s] Level 1:colcon.colcon_core.package_discovery:discover_packages(path) check parameters
[2.572s] Level 1:colcon.colcon_core.package_discovery:discover_packages(colcon_meta) discover
[2.572s] Level 1:colcon.colcon_core.package_discovery:discover_packages(recursive) discover
[2.573s] INFO:colcon.colcon_core.package_discovery:Crawling recursively for packages in '/home/chaitanya/bumperbot_ws'
[2.573s] Level 1:colcon.colcon_core.package_identification:_identify(.) by extensions ['ignore', 'ignore_ament_install']
[2.574s] Level 1:colcon.colcon_core.package_identification:_identify(.) by extension 'ignore'
[2.574s] Level 1:colcon.colcon_core.package_identification:_identify(.) by extension 'ignore_ament_install'
[2.574s] Level 1:colcon.colcon_core.package_identification:_identify(.) by extensions ['colcon_pkg']
[2.575s] Level 1:colcon.colcon_core.package_identification:_identify(.) by extension 'colcon_pkg'
[2.575s] Level 1:colcon.colcon_core.package_identification:_identify(.) by extensions ['colcon_meta']
[2.575s] Level 1:colcon.colcon_core.package_identification:_identify(.) by extension 'colcon_meta'
[2.575s] Level 1:colcon.colcon_core.package_identification:_identify(.) by extensions ['ros']
[2.575s] Level 1:colcon.colcon_core.package_identification:_identify(.) by extension 'ros'
[2.652s] Level 1:colcon.colcon_core.package_identification:_identify(.) by extensions ['cmake', 'python']
[2.652s] Level 1:colcon.colcon_core.package_identification:_identify(.) by extension 'cmake'
[2.652s] Level 1:colcon.colcon_core.package_identification:_identify(.) by extension 'python'
[2.653s] Level 1:colcon.colcon_core.package_identification:_identify(.) by extensions ['python_setup_py']
[2.653s] Level 1:colcon.colcon_core.package_identification:_identify(.) by extension 'python_setup_py'
[2.654s] Level 1:colcon.colcon_core.package_identification:_identify(build) by extensions ['ignore', 'ignore_ament_install']
[2.654s] Level 1:colcon.colcon_core.package_identification:_identify(build) by extension 'ignore'
[2.654s] Level 1:colcon.colcon_core.package_identification:_identify(build) ignored
[2.655s] Level 1:colcon.colcon_core.package_identification:_identify(install) by extensions ['ignore', 'ignore_ament_install']
[2.655s] Level 1:colcon.colcon_core.package_identification:_identify(install) by extension 'ignore'
[2.656s] Level 1:colcon.colcon_core.package_identification:_identify(install) ignored
[2.656s] Level 1:colcon.colcon_core.package_identification:_identify(log) by extensions ['ignore', 'ignore_ament_install']
[2.657s] Level 1:colcon.colcon_core.package_identification:_identify(log) by extension 'ignore'
[2.657s] Level 1:colcon.colcon_core.package_identification:_identify(log) ignored
[2.657s] Level 1:colcon.colcon_core.package_identification:_identify(src) by extensions ['ignore', 'ignore_ament_install']
[2.657s] Level 1:colcon.colcon_core.package_identification:_identify(src) by extension 'ignore'
[2.658s] Level 1:colcon.colcon_core.package_identification:_identify(src) by extension 'ignore_ament_install'
[2.658s] Level 1:colcon.colcon_core.package_identification:_identify(src) by extensions ['colcon_pkg']
[2.658s] Level 1:colcon.colcon_core.package_identification:_identify(src) by extension 'colcon_pkg'
[2.658s] Level 1:colcon.colcon_core.package_identification:_identify(src) by extensions ['colcon_meta']
[2.659s] Level 1:colcon.colcon_core.package_identification:_identify(src) by extension 'colcon_meta'
[2.659s] Level 1:colcon.colcon_core.package_identification:_identify(src) by extensions ['ros']
[2.659s] Level 1:colcon.colcon_core.package_identification:_identify(src) by extension 'ros'
[2.659s] Level 1:colcon.colcon_core.package_identification:_identify(src) by extensions ['cmake', 'python']
[2.659s] Level 1:colcon.colcon_core.package_identification:_identify(src) by extension 'cmake'
[2.660s] Level 1:colcon.colcon_core.package_identification:_identify(src) by extension 'python'
[2.660s] Level 1:colcon.colcon_core.package_identification:_identify(src) by extensions ['python_setup_py']
[2.660s] Level 1:colcon.colcon_core.package_identification:_identify(src) by extension 'python_setup_py'
[2.660s] Level 1:colcon.colcon_core.package_identification:_identify(src/bumperbot_controller) by extensions ['ignore', 'ignore_ament_install']
[2.661s] Level 1:colcon.colcon_core.package_identification:_identify(src/bumperbot_controller) by extension 'ignore'
[2.661s] Level 1:colcon.colcon_core.package_identification:_identify(src/bumperbot_controller) by extension 'ignore_ament_install'
[2.661s] Level 1:colcon.colcon_core.package_identification:_identify(src/bumperbot_controller) by extensions ['colcon_pkg']
[2.661s] Level 1:colcon.colcon_core.package_identification:_identify(src/bumperbot_controller) by extension 'colcon_pkg'
[2.662s] Level 1:colcon.colcon_core.package_identification:_identify(src/bumperbot_controller) by extensions ['colcon_meta']
[2.662s] Level 1:colcon.colcon_core.package_identification:_identify(src/bumperbot_controller) by extension 'colcon_meta'
[2.662s] Level 1:colcon.colcon_core.package_identification:_identify(src/bumperbot_controller) by extensions ['ros']
[2.662s] Level 1:colcon.colcon_core.package_identification:_identify(src/bumperbot_controller) by extension 'ros'
[2.677s] DEBUG:colcon.colcon_core.package_identification:Package 'src/bumperbot_controller' with type 'ros.ament_cmake' and name 'bumperbot_controller'
[2.677s] Level 1:colcon.colcon_core.package_identification:_identify(src/bumperbot_cpp_examples) by extensions ['ignore', 'ignore_ament_install']
[2.678s] Level 1:colcon.colcon_core.package_identification:_identify(src/bumperbot_cpp_examples) by extension 'ignore'
[2.678s] Level 1:colcon.colcon_core.package_identification:_identify(src/bumperbot_cpp_examples) by extension 'ignore_ament_install'
[2.679s] Level 1:colcon.colcon_core.package_identification:_identify(src/bumperbot_cpp_examples) by extensions ['colcon_pkg']
[2.679s] Level 1:colcon.colcon_core.package_identification:_identify(src/bumperbot_cpp_examples) by extension 'colcon_pkg'
[2.680s] Level 1:colcon.colcon_core.package_identification:_identify(src/bumperbot_cpp_examples) by extensions ['colcon_meta']
[2.680s] Level 1:colcon.colcon_core.package_identification:_identify(src/bumperbot_cpp_examples) by extension 'colcon_meta'
[2.680s] Level 1:colcon.colcon_core.package_identification:_identify(src/bumperbot_cpp_examples) by extensions ['ros']
[2.681s] Level 1:colcon.colcon_core.package_identification:_identify(src/bumperbot_cpp_examples) by extension 'ros'
[2.687s] DEBUG:colcon.colcon_core.package_identification:Package 'src/bumperbot_cpp_examples' with type 'ros.ament_cmake' and name 'bumperbot_cpp_examples'
[2.688s] Level 1:colcon.colcon_core.package_identification:_identify(src/bumperbot_description) by extensions ['ignore', 'ignore_ament_install']
[2.688s] Level 1:colcon.colcon_core.package_identification:_identify(src/bumperbot_description) by extension 'ignore'
[2.689s] Level 1:colcon.colcon_core.package_identification:_identify(src/bumperbot_description) by extension 'ignore_ament_install'
[2.689s] Level 1:colcon.colcon_core.package_identification:_identify(src/bumperbot_description) by extensions ['colcon_pkg']
[2.689s] Level 1:colcon.colcon_core.package_identification:_identify(src/bumperbot_description) by extension 'colcon_pkg'
[2.689s] Level 1:colcon.colcon_core.package_identification:_identify(src/bumperbot_description) by extensions ['colcon_meta']
[2.689s] Level 1:colcon.colcon_core.package_identification:_identify(src/bumperbot_description) by extension 'colcon_meta'
[2.690s] Level 1:colcon.colcon_core.package_identification:_identify(src/bumperbot_description) by extensions ['ros']
[2.690s] Level 1:colcon.colcon_core.package_identification:_identify(src/bumperbot_description) by extension 'ros'
[2.699s] DEBUG:colcon.colcon_core.package_identification:Package 'src/bumperbot_description' with type 'ros.ament_cmake' and name 'bumperbot_description'
[2.700s] Level 1:colcon.colcon_core.package_identification:_identify(src/bumperbot_firmware) by extensions ['ignore', 'ignore_ament_install']
[2.700s] Level 1:colcon.colcon_core.package_identification:_identify(src/bumperbot_firmware) by extension 'ignore'
[2.701s] Level 1:colcon.colcon_core.package_identification:_identify(src/bumperbot_firmware) by extension 'ignore_ament_install'
[2.701s] Level 1:colcon.colcon_core.package_identification:_identify(src/bumperbot_firmware) by extensions ['colcon_pkg']
[2.701s] Level 1:colcon.colcon_core.package_identification:_identify(src/bumperbot_firmware) by extension 'colcon_pkg'
[2.701s] Level 1:colcon.colcon_core.package_identification:_identify(src/bumperbot_firmware) by extensions ['colcon_meta']
[2.702s] Level 1:colcon.colcon_core.package_identification:_identify(src/bumperbot_firmware) by extension 'colcon_meta'
[2.702s] Level 1:colcon.colcon_core.package_identification:_identify(src/bumperbot_firmware) by extensions ['ros']
[2.702s] Level 1:colcon.colcon_core.package_identification:_identify(src/bumperbot_firmware) by extension 'ros'
[2.706s] DEBUG:colcon.colcon_core.package_identification:Package 'src/bumperbot_firmware' with type 'ros.ament_cmake' and name 'bumperbot_firmware'
[2.707s] Level 1:colcon.colcon_core.package_identification:_identify(src/bumperbot_localization) by extensions ['ignore', 'ignore_ament_install']
[2.707s] Level 1:colcon.colcon_core.package_identification:_identify(src/bumperbot_localization) by extension 'ignore'
[2.707s] Level 1:colcon.colcon_core.package_identification:_identify(src/bumperbot_localization) by extension 'ignore_ament_install'
[2.708s] Level 1:colcon.colcon_core.package_identification:_identify(src/bumperbot_localization) by extensions ['colcon_pkg']
[2.708s] Level 1:colcon.colcon_core.package_identification:_identify(src/bumperbot_localization) by extension 'colcon_pkg'
[2.708s] Level 1:colcon.colcon_core.package_identification:_identify(src/bumperbot_localization) by extensions ['colcon_meta']
[2.708s] Level 1:colcon.colcon_core.package_identification:_identify(src/bumperbot_localization) by extension 'colcon_meta'
[2.708s] Level 1:colcon.colcon_core.package_identification:_identify(src/bumperbot_localization) by extensions ['ros']
[2.708s] Level 1:colcon.colcon_core.package_identification:_identify(src/bumperbot_localization) by extension 'ros'
[2.712s] DEBUG:colcon.colcon_core.package_identification:Package 'src/bumperbot_localization' with type 'ros.ament_cmake' and name 'bumperbot_localization'
[2.713s] Level 1:colcon.colcon_core.package_identification:_identify(src/bumperbot_msgs) by extensions ['ignore', 'ignore_ament_install']
[2.713s] Level 1:colcon.colcon_core.package_identification:_identify(src/bumperbot_msgs) by extension 'ignore'
[2.713s] Level 1:colcon.colcon_core.package_identification:_identify(src/bumperbot_msgs) by extension 'ignore_ament_install'
[2.714s] Level 1:colcon.colcon_core.package_identification:_identify(src/bumperbot_msgs) by extensions ['colcon_pkg']
[2.714s] Level 1:colcon.colcon_core.package_identification:_identify(src/bumperbot_msgs) by extension 'colcon_pkg'
[2.714s] Level 1:colcon.colcon_core.package_identification:_identify(src/bumperbot_msgs) by extensions ['colcon_meta']
[2.714s] Level 1:colcon.colcon_core.package_identification:_identify(src/bumperbot_msgs) by extension 'colcon_meta'
[2.714s] Level 1:colcon.colcon_core.package_identification:_identify(src/bumperbot_msgs) by extensions ['ros']
[2.715s] Level 1:colcon.colcon_core.package_identification:_identify(src/bumperbot_msgs) by extension 'ros'
[2.718s] DEBUG:colcon.colcon_core.package_identification:Package 'src/bumperbot_msgs' with type 'ros.ament_cmake' and name 'bumperbot_msgs'
[2.718s] Level 1:colcon.colcon_core.package_identification:_identify(src/bumperbot_py_examples) by extensions ['ignore', 'ignore_ament_install']
[2.719s] Level 1:colcon.colcon_core.package_identification:_identify(src/bumperbot_py_examples) by extension 'ignore'
[2.719s] Level 1:colcon.colcon_core.package_identification:_identify(src/bumperbot_py_examples) by extension 'ignore_ament_install'
[2.719s] Level 1:colcon.colcon_core.package_identification:_identify(src/bumperbot_py_examples) by extensions ['colcon_pkg']
[2.719s] Level 1:colcon.colcon_core.package_identification:_identify(src/bumperbot_py_examples) by extension 'colcon_pkg'
[2.720s] Level 1:colcon.colcon_core.package_identification:_identify(src/bumperbot_py_examples) by extensions ['colcon_meta']
[2.720s] Level 1:colcon.colcon_core.package_identification:_identify(src/bumperbot_py_examples) by extension 'colcon_meta'
[2.720s] Level 1:colcon.colcon_core.package_identification:_identify(src/bumperbot_py_examples) by extensions ['ros']
[2.720s] Level 1:colcon.colcon_core.package_identification:_identify(src/bumperbot_py_examples) by extension 'ros'
[2.725s] DEBUG:colcon.colcon_core.package_identification:Package 'src/bumperbot_py_examples' with type 'ros.ament_python' and name 'bumperbot_py_examples'
[2.725s] Level 1:colcon.colcon_core.package_discovery:discover_packages(recursive) using defaults
[2.726s] Level 1:colcon.colcon_core.package_discovery:discover_packages(ignore) discover
[2.726s] Level 1:colcon.colcon_core.package_discovery:discover_packages(ignore) using defaults
[2.726s] Level 1:colcon.colcon_core.package_discovery:discover_packages(path) discover
[2.726s] Level 1:colcon.colcon_core.package_discovery:discover_packages(path) using defaults
[2.902s] INFO:colcon.colcon_core.package_selection:Skipping not selected package 'bumperbot_controller' in 'src/bumperbot_controller'
[2.902s] INFO:colcon.colcon_core.package_selection:Skipping not selected package 'bumperbot_description' in 'src/bumperbot_description'
[2.902s] INFO:colcon.colcon_core.package_selection:Skipping not selected package 'bumperbot_localization' in 'src/bumperbot_localization'
[2.902s] INFO:colcon.colcon_core.package_selection:Skipping not selected package 'bumperbot_msgs' in 'src/bumperbot_msgs'
[2.902s] INFO:colcon.colcon_core.package_selection:Skipping not selected package 'bumperbot_cpp_examples' in 'src/bumperbot_cpp_examples'
[2.902s] INFO:colcon.colcon_core.package_selection:Skipping not selected package 'bumperbot_py_examples' in 'src/bumperbot_py_examples'
[2.905s] Level 1:colcon.colcon_core.package_discovery:discover_packages(prefix_path) check parameters
[2.905s] Level 1:colcon.colcon_core.package_discovery:discover_packages(prefix_path) discover
[2.928s] DEBUG:colcon.colcon_installed_package_information.package_discovery:Found 326 installed packages in /opt/ros/humble
[2.936s] Level 1:colcon.colcon_core.package_discovery:discover_packages(prefix_path) using defaults
[3.317s] Level 5:colcon.colcon_core.verb:set package 'bumperbot_firmware' build argument 'cmake_args' from command line to 'None'
[3.317s] Level 5:colcon.colcon_core.verb:set package 'bumperbot_firmware' build argument 'cmake_target' from command line to 'None'
[3.317s] Level 5:colcon.colcon_core.verb:set package 'bumperbot_firmware' build argument 'cmake_target_skip_unavailable' from command line to 'False'
[3.317s] Level 5:colcon.colcon_core.verb:set package 'bumperbot_firmware' build argument 'cmake_clean_cache' from command line to 'False'
[3.317s] Level 5:colcon.colcon_core.verb:set package 'bumperbot_firmware' build argument 'cmake_clean_first' from command line to 'False'
[3.318s] Level 5:colcon.colcon_core.verb:set package 'bumperbot_firmware' build argument 'cmake_force_configure' from command line to 'False'
[3.318s] Level 5:colcon.colcon_core.verb:set package 'bumperbot_firmware' build argument 'ament_cmake_args' from command line to 'None'
[3.318s] Level 5:colcon.colcon_core.verb:set package 'bumperbot_firmware' build argument 'catkin_cmake_args' from command line to 'None'
[3.318s] Level 5:colcon.colcon_core.verb:set package 'bumperbot_firmware' build argument 'catkin_skip_building_tests' from command line to 'False'
[3.318s] DEBUG:colcon.colcon_core.verb:Building package 'bumperbot_firmware' with the following arguments: {'ament_cmake_args': None, 'build_base': '/home/chaitanya/bumperbot_ws/build/bumperbot_firmware', 'catkin_cmake_args': None, 'catkin_skip_building_tests': False, 'cmake_args': None, 'cmake_clean_cache': False, 'cmake_clean_first': False, 'cmake_force_configure': False, 'cmake_target': None, 'cmake_target_skip_unavailable': False, 'install_base': '/home/chaitanya/bumperbot_ws/install/bumperbot_firmware', 'merge_install': False, 'path': '/home/chaitanya/bumperbot_ws/src/bumperbot_firmware', 'symlink_install': False, 'test_result_base': None}
[3.319s] INFO:colcon.colcon_core.executor:Executing jobs using 'parallel' executor
[3.322s] DEBUG:colcon.colcon_parallel_executor.executor.parallel:run_until_complete
[3.324s] INFO:colcon.colcon_ros.task.ament_cmake.build:Building ROS package in '/home/chaitanya/bumperbot_ws/src/bumperbot_firmware' with build type 'ament_cmake'
[3.324s] INFO:colcon.colcon_cmake.task.cmake.build:Building CMake package in '/home/chaitanya/bumperbot_ws/src/bumperbot_firmware'
[3.343s] INFO:colcon.colcon_core.plugin_system:Skipping extension 'colcon_core.shell.bat': Not used on non-Windows systems
[3.344s] INFO:colcon.colcon_core.shell:Skip shell extension 'powershell' for command environment: Not usable outside of PowerShell
[3.344s] DEBUG:colcon.colcon_core.shell:Skip shell extension 'dsv' for command environment
[3.393s] DEBUG:colcon.colcon_core.event_handler.log_command:Invoking command in '/home/chaitanya/bumperbot_ws/build/bumperbot_firmware': CMAKE_PREFIX_PATH=/opt/ros/humble /usr/bin/cmake --build /home/chaitanya/bumperbot_ws/build/bumperbot_firmware -- -j4 -l4
[8.379s] DEBUG:colcon.colcon_core.event_handler.log_command:Invoked command in '/home/chaitanya/bumperbot_ws/build/bumperbot_firmware' returned '0': CMAKE_PREFIX_PATH=/opt/ros/humble /usr/bin/cmake --build /home/chaitanya/bumperbot_ws/build/bumperbot_firmware -- -j4 -l4
[8.429s] DEBUG:colcon.colcon_core.event_handler.log_command:Invoking command in '/home/chaitanya/bumperbot_ws/build/bumperbot_firmware': CMAKE_PREFIX_PATH=/opt/ros/humble /usr/bin/cmake --install /home/chaitanya/bumperbot_ws/build/bumperbot_firmware
[8.482s] Level 1:colcon.colcon_core.environment:create_environment_scripts_only(bumperbot_firmware)
[8.490s] DEBUG:colcon.colcon_core.event_handler.log_command:Invoked command in '/home/chaitanya/bumperbot_ws/build/bumperbot_firmware' returned '0': CMAKE_PREFIX_PATH=/opt/ros/humble /usr/bin/cmake --install /home/chaitanya/bumperbot_ws/build/bumperbot_firmware
[8.507s] Level 1:colcon.colcon_core.environment:checking '/home/chaitanya/bumperbot_ws/install/bumperbot_firmware' for CMake module files
[8.511s] Level 1:colcon.colcon_core.environment:checking '/home/chaitanya/bumperbot_ws/install/bumperbot_firmware' for CMake config files
[8.515s] Level 1:colcon.colcon_core.shell:create_environment_hook('bumperbot_firmware', 'cmake_prefix_path')
[8.516s] INFO:colcon.colcon_core.shell:Creating environment hook '/home/chaitanya/bumperbot_ws/install/bumperbot_firmware/share/bumperbot_firmware/hook/cmake_prefix_path.ps1'
[8.520s] INFO:colcon.colcon_core.shell:Creating environment descriptor '/home/chaitanya/bumperbot_ws/install/bumperbot_firmware/share/bumperbot_firmware/hook/cmake_prefix_path.dsv'
[8.522s] INFO:colcon.colcon_core.shell:Creating environment hook '/home/chaitanya/bumperbot_ws/install/bumperbot_firmware/share/bumperbot_firmware/hook/cmake_prefix_path.sh'
[8.526s] Level 1:colcon.colcon_core.environment:checking '/home/chaitanya/bumperbot_ws/install/bumperbot_firmware/lib'
[8.527s] Level 1:colcon.colcon_core.shell:create_environment_hook('bumperbot_firmware', 'ld_library_path_lib')
[8.528s] INFO:colcon.colcon_core.shell:Creating environment hook '/home/chaitanya/bumperbot_ws/install/bumperbot_firmware/share/bumperbot_firmware/hook/ld_library_path_lib.ps1'
[8.530s] INFO:colcon.colcon_core.shell:Creating environment descriptor '/home/chaitanya/bumperbot_ws/install/bumperbot_firmware/share/bumperbot_firmware/hook/ld_library_path_lib.dsv'
[8.532s] INFO:colcon.colcon_core.shell:Creating environment hook '/home/chaitanya/bumperbot_ws/install/bumperbot_firmware/share/bumperbot_firmware/hook/ld_library_path_lib.sh'
[8.534s] Level 1:colcon.colcon_core.environment:checking '/home/chaitanya/bumperbot_ws/install/bumperbot_firmware/bin'
[8.535s] Level 1:colcon.colcon_core.environment:checking '/home/chaitanya/bumperbot_ws/install/bumperbot_firmware/lib/pkgconfig/bumperbot_firmware.pc'
[8.535s] Level 1:colcon.colcon_core.environment:checking '/home/chaitanya/bumperbot_ws/install/bumperbot_firmware/lib/python3.10/site-packages'
[8.536s] Level 1:colcon.colcon_core.environment:checking '/home/chaitanya/bumperbot_ws/install/bumperbot_firmware/bin'
[8.538s] INFO:colcon.colcon_core.shell:Creating package script '/home/chaitanya/bumperbot_ws/install/bumperbot_firmware/share/bumperbot_firmware/package.ps1'
[8.541s] INFO:colcon.colcon_core.shell:Creating package descriptor '/home/chaitanya/bumperbot_ws/install/bumperbot_firmware/share/bumperbot_firmware/package.dsv'
[8.544s] INFO:colcon.colcon_core.shell:Creating package script '/home/chaitanya/bumperbot_ws/install/bumperbot_firmware/share/bumperbot_firmware/package.sh'
[8.548s] INFO:colcon.colcon_core.shell:Creating package script '/home/chaitanya/bumperbot_ws/install/bumperbot_firmware/share/bumperbot_firmware/package.bash'
[8.551s] INFO:colcon.colcon_core.shell:Creating package script '/home/chaitanya/bumperbot_ws/install/bumperbot_firmware/share/bumperbot_firmware/package.zsh'
[8.555s] Level 1:colcon.colcon_core.environment:create_file_with_runtime_dependencies(/home/chaitanya/bumperbot_ws/install/bumperbot_firmware/share/colcon-core/packages/bumperbot_firmware)
[8.558s] Level 1:colcon.colcon_core.environment:create_environment_scripts_only(bumperbot_firmware)
[8.559s] Level 1:colcon.colcon_core.environment:checking '/home/chaitanya/bumperbot_ws/install/bumperbot_firmware' for CMake module files
[8.563s] Level 1:colcon.colcon_core.environment:checking '/home/chaitanya/bumperbot_ws/install/bumperbot_firmware' for CMake config files
[8.565s] Level 1:colcon.colcon_core.shell:create_environment_hook('bumperbot_firmware', 'cmake_prefix_path')
[8.566s] INFO:colcon.colcon_core.shell:Creating environment hook '/home/chaitanya/bumperbot_ws/install/bumperbot_firmware/share/bumperbot_firmware/hook/cmake_prefix_path.ps1'
[8.568s] INFO:colcon.colcon_core.shell:Creating environment descriptor '/home/chaitanya/bumperbot_ws/install/bumperbot_firmware/share/bumperbot_firmware/hook/cmake_prefix_path.dsv'
[8.570s] INFO:colcon.colcon_core.shell:Creating environment hook '/home/chaitanya/bumperbot_ws/install/bumperbot_firmware/share/bumperbot_firmware/hook/cmake_prefix_path.sh'
[8.574s] Level 1:colcon.colcon_core.environment:checking '/home/chaitanya/bumperbot_ws/install/bumperbot_firmware/lib'
[8.574s] Level 1:colcon.colcon_core.shell:create_environment_hook('bumperbot_firmware', 'ld_library_path_lib')
[8.575s] INFO:colcon.colcon_core.shell:Creating environment hook '/home/chaitanya/bumperbot_ws/install/bumperbot_firmware/share/bumperbot_firmware/hook/ld_library_path_lib.ps1'
[8.578s] INFO:colcon.colcon_core.shell:Creating environment descriptor '/home/chaitanya/bumperbot_ws/install/bumperbot_firmware/share/bumperbot_firmware/hook/ld_library_path_lib.dsv'
[8.581s] INFO:colcon.colcon_core.shell:Creating environment hook '/home/chaitanya/bumperbot_ws/install/bumperbot_firmware/share/bumperbot_firmware/hook/ld_library_path_lib.sh'
[8.584s] Level 1:colcon.colcon_core.environment:checking '/home/chaitanya/bumperbot_ws/install/bumperbot_firmware/bin'
[8.585s] Level 1:colcon.colcon_core.environment:checking '/home/chaitanya/bumperbot_ws/install/bumperbot_firmware/lib/pkgconfig/bumperbot_firmware.pc'
[8.586s] Level 1:colcon.colcon_core.environment:checking '/home/chaitanya/bumperbot_ws/install/bumperbot_firmware/lib/python3.10/site-packages'
[8.588s] Level 1:colcon.colcon_core.environment:checking '/home/chaitanya/bumperbot_ws/install/bumperbot_firmware/bin'
[8.591s] INFO:colcon.colcon_core.shell:Creating package script '/home/chaitanya/bumperbot_ws/install/bumperbot_firmware/share/bumperbot_firmware/package.ps1'
[8.594s] INFO:colcon.colcon_core.shell:Creating package descriptor '/home/chaitanya/bumperbot_ws/install/bumperbot_firmware/share/bumperbot_firmware/package.dsv'
[8.597s] INFO:colcon.colcon_core.shell:Creating package script '/home/chaitanya/bumperbot_ws/install/bumperbot_firmware/share/bumperbot_firmware/package.sh'
[8.602s] INFO:colcon.colcon_core.shell:Creating package script '/home/chaitanya/bumperbot_ws/install/bumperbot_firmware/share/bumperbot_firmware/package.bash'
[8.605s] INFO:colcon.colcon_core.shell:Creating package script '/home/chaitanya/bumperbot_ws/install/bumperbot_firmware/share/bumperbot_firmware/package.zsh'
[8.608s] Level 1:colcon.colcon_core.environment:create_file_with_runtime_dependencies(/home/chaitanya/bumperbot_ws/install/bumperbot_firmware/share/colcon-core/packages/bumperbot_firmware)
[8.609s] DEBUG:colcon.colcon_parallel_executor.executor.parallel:closing loop
[8.611s] DEBUG:colcon.colcon_parallel_executor.executor.parallel:loop closed
[8.612s] DEBUG:colcon.colcon_parallel_executor.executor.parallel:run_until_complete finished with '0'
[8.613s] DEBUG:colcon.colcon_core.event_reactor:joining thread
[8.653s] INFO:colcon.colcon_core.plugin_system:Skipping extension 'colcon_notification.desktop_notification.terminal_notifier': Not used on non-Darwin systems
[8.654s] INFO:colcon.colcon_core.plugin_system:Skipping extension 'colcon_notification.desktop_notification.win32': Not used on non-Windows systems
[8.655s] INFO:colcon.colcon_notification.desktop_notification:Sending desktop notification using 'notify2'
[8.751s] DEBUG:colcon.colcon_core.event_reactor:joined thread
[8.752s] INFO:colcon.colcon_core.shell:Creating prefix script '/home/chaitanya/bumperbot_ws/install/local_setup.ps1'
[8.758s] INFO:colcon.colcon_core.shell:Creating prefix util module '/home/chaitanya/bumperbot_ws/install/_local_setup_util_ps1.py'
[8.768s] INFO:colcon.colcon_core.shell:Creating prefix chain script '/home/chaitanya/bumperbot_ws/install/setup.ps1'
[8.773s] INFO:colcon.colcon_core.shell:Creating prefix script '/home/chaitanya/bumperbot_ws/install/local_setup.sh'
[8.785s] INFO:colcon.colcon_core.shell:Creating prefix util module '/home/chaitanya/bumperbot_ws/install/_local_setup_util_sh.py'
[8.794s] INFO:colcon.colcon_core.shell:Creating prefix chain script '/home/chaitanya/bumperbot_ws/install/setup.sh'
[8.800s] INFO:colcon.colcon_core.shell:Creating prefix script '/home/chaitanya/bumperbot_ws/install/local_setup.bash'
[8.808s] INFO:colcon.colcon_core.shell:Creating prefix chain script '/home/chaitanya/bumperbot_ws/install/setup.bash'
[8.817s] INFO:colcon.colcon_core.shell:Creating prefix script '/home/chaitanya/bumperbot_ws/install/local_setup.zsh'
[8.822s] INFO:colcon.colcon_core.shell:Creating prefix chain script '/home/chaitanya/bumperbot_ws/install/setup.zsh'
