-- Found ament_cmake: 1.3.11 (/opt/ros/humble/share/ament_cmake/cmake)
-- Found rclcpp: 16.0.12 (/opt/ros/humble/share/rclcpp/cmake)
-- Found rosidl_generator_c: 3.1.6 (/opt/ros/humble/share/rosidl_generator_c/cmake)
-- Found rosidl_adapter: 3.1.6 (/opt/ros/humble/share/rosidl_adapter/cmake)
-- Found rosidl_generator_cpp: 3.1.6 (/opt/ros/humble/share/rosidl_generator_cpp/cmake)
-- Using all available rosidl_typesupport_c: rosidl_typesupport_fastrtps_c;rosidl_typesupport_introspection_c
-- Using all available rosidl_typesupport_cpp: rosidl_typesupport_fastrtps_cpp;rosidl_typesupport_introspection_cpp
-- Found rmw_implementation_cmake: 6.1.2 (/opt/ros/humble/share/rmw_implementation_cmake/cmake)
-- Found rmw_fastrtps_cpp: 6.2.7 (/opt/ros/humble/share/rmw_fastrtps_cpp/cmake)
-- Using RMW implementation 'rmw_fastrtps_cpp' as default
-- Found hardware_interface: 2.50.0 (/opt/ros/humble/share/hardware_interface/cmake)
-- Configuring done
-- Generating done
-- Build files have been written to: /home/chaitanya/bumperbot_ws/build/bumperbot_firmware
[35m[1mConsolidate compiler generated dependencies of target bumperbot_firmware[0m
[ 50%] Built target bumperbot_firmware
[35m[1mConsolidate compiler generated dependencies of target simple_serial_transmitter[0m
[100%] Built target simple_serial_transmitter
-- Install configuration: ""
-- Up-to-date: /home/chaitanya/bumperbot_ws/install/bumperbot_firmware/share/bumperbot_firmware/src/BumperbotHardware.xml
-- Up-to-date: /home/chaitanya/bumperbot_ws/install/bumperbot_firmware/lib/libbumperbot_firmware.so
-- Up-to-date: /home/chaitanya/bumperbot_ws/install/bumperbot_firmware/lib/bumperbot_firmware/simple_serial_transmitter
-- Up-to-date: /home/chaitanya/bumperbot_ws/install/bumperbot_firmware/include
-- Up-to-date: /home/chaitanya/bumperbot_ws/install/bumperbot_firmware/include/bumperbot_firmware
-- Up-to-date: /home/chaitanya/bumperbot_ws/install/bumperbot_firmware/include/bumperbot_firmware/bumperbot_interface.hpp
-- Up-to-date: /home/chaitanya/bumperbot_ws/install/bumperbot_firmware/share/bumperbot_firmware/BumperbotHardware.xml
-- Up-to-date: /home/chaitanya/bumperbot_ws/install/bumperbot_firmware/share/bumperbot_firmware/environment/library_path.sh
-- Installing: /home/chaitanya/bumperbot_ws/install/bumperbot_firmware/share/bumperbot_firmware/environment/library_path.dsv
-- Up-to-date: /home/chaitanya/bumperbot_ws/install/bumperbot_firmware/share/ament_index/resource_index/package_run_dependencies/bumperbot_firmware
-- Up-to-date: /home/chaitanya/bumperbot_ws/install/bumperbot_firmware/share/ament_index/resource_index/parent_prefix_path/bumperbot_firmware
-- Up-to-date: /home/chaitanya/bumperbot_ws/install/bumperbot_firmware/share/bumperbot_firmware/environment/ament_prefix_path.sh
-- Installing: /home/chaitanya/bumperbot_ws/install/bumperbot_firmware/share/bumperbot_firmware/environment/ament_prefix_path.dsv
-- Up-to-date: /home/chaitanya/bumperbot_ws/install/bumperbot_firmware/share/bumperbot_firmware/environment/path.sh
-- Installing: /home/chaitanya/bumperbot_ws/install/bumperbot_firmware/share/bumperbot_firmware/environment/path.dsv
-- Up-to-date: /home/chaitanya/bumperbot_ws/install/bumperbot_firmware/share/bumperbot_firmware/local_setup.bash
-- Up-to-date: /home/chaitanya/bumperbot_ws/install/bumperbot_firmware/share/bumperbot_firmware/local_setup.sh
-- Up-to-date: /home/chaitanya/bumperbot_ws/install/bumperbot_firmware/share/bumperbot_firmware/local_setup.zsh
-- Installing: /home/chaitanya/bumperbot_ws/install/bumperbot_firmware/share/bumperbot_firmware/local_setup.dsv
-- Installing: /home/chaitanya/bumperbot_ws/install/bumperbot_firmware/share/bumperbot_firmware/package.dsv
-- Up-to-date: /home/chaitanya/bumperbot_ws/install/bumperbot_firmware/share/ament_index/resource_index/packages/bumperbot_firmware
-- Installing: /home/chaitanya/bumperbot_ws/install/bumperbot_firmware/share/ament_index/resource_index/hardware_firmware__pluginlib__plugin/bumperbot_firmware
-- Up-to-date: /home/chaitanya/bumperbot_ws/install/bumperbot_firmware/share/bumperbot_firmware/cmake/ament_cmake_export_include_directories-extras.cmake
-- Up-to-date: /home/chaitanya/bumperbot_ws/install/bumperbot_firmware/share/bumperbot_firmware/cmake/ament_cmake_export_libraries-extras.cmake
-- Up-to-date: /home/chaitanya/bumperbot_ws/install/bumperbot_firmware/share/bumperbot_firmware/cmake/ament_cmake_export_dependencies-extras.cmake
-- Up-to-date: /home/chaitanya/bumperbot_ws/install/bumperbot_firmware/share/bumperbot_firmware/cmake/bumperbot_firmwareConfig.cmake
-- Up-to-date: /home/chaitanya/bumperbot_ws/install/bumperbot_firmware/share/bumperbot_firmware/cmake/bumperbot_firmwareConfig-version.cmake
-- Up-to-date: /home/chaitanya/bumperbot_ws/install/bumperbot_firmware/share/bumperbot_firmware/package.xml
