[0.402s] Invoking command in '/home/ubuntu/BumperBot_V1/build/bumperbot_cpp_examples': AMENT_PREFIX_PATH=/home/ubuntu/BumperBot_V1/install/bumperbot_msgs:${AMENT_PREFIX_PATH} CMAKE_PREFIX_PATH=/home/ubuntu/BumperBot_V1/install/bumperbot_msgs:/opt/ros/humble LD_LIBRARY_PATH=/home/ubuntu/BumperBot_V1/install/bumperbot_msgs/lib:${LD_LIBRARY_PATH} PYTHONPATH=/home/ubuntu/BumperBot_V1/install/bumperbot_msgs/local/lib/python3.10/dist-packages:${PYTHONPATH} /usr/bin/cmake /home/ubuntu/BumperBot_V1/src/bumperbot_cpp_examples -DCMAKE_INSTALL_PREFIX=/home/ubuntu/BumperBot_V1/install/bumperbot_cpp_examples
[0.475s] -- The C compiler identification is GNU 11.4.0
[0.542s] -- The CXX compiler identification is GNU 11.4.0
[0.552s] -- Detecting C compiler ABI info
[0.645s] -- Detecting C compiler ABI info - done
[0.661s] -- Check for working C compiler: /usr/bin/cc - skipped
[0.662s] -- Detecting C compile features
[0.663s] -- Detecting C compile features - done
[0.665s] -- Detecting CXX compiler ABI info
[0.768s] -- Detecting CXX compiler ABI info - done
[0.778s] -- Check for working CXX compiler: /usr/bin/c++ - skipped
[0.780s] -- Detecting CXX compile features
[0.781s] -- Detecting CXX compile features - done
[0.785s] -- Found ament_cmake: 1.3.11 (/opt/ros/humble/share/ament_cmake/cmake)
[1.023s] -- Found Python3: /usr/bin/python3 (found version "3.10.12") found components: Interpreter 
[1.154s] -- Found rclcpp: 16.0.12 (/opt/ros/humble/share/rclcpp/cmake)
[1.222s] -- Found rosidl_generator_c: 3.1.6 (/opt/ros/humble/share/rosidl_generator_c/cmake)
[1.230s] -- Found rosidl_adapter: 3.1.6 (/opt/ros/humble/share/rosidl_adapter/cmake)
[1.242s] -- Found rosidl_generator_cpp: 3.1.6 (/opt/ros/humble/share/rosidl_generator_cpp/cmake)
[1.264s] -- Using all available rosidl_typesupport_c: rosidl_typesupport_fastrtps_c;rosidl_typesupport_introspection_c
[1.293s] -- Using all available rosidl_typesupport_cpp: rosidl_typesupport_fastrtps_cpp;rosidl_typesupport_introspection_cpp
[1.370s] -- Found rmw_implementation_cmake: 6.1.2 (/opt/ros/humble/share/rmw_implementation_cmake/cmake)
[1.378s] -- Found rmw_fastrtps_cpp: 6.2.7 (/opt/ros/humble/share/rmw_fastrtps_cpp/cmake)
[1.496s] -- Found OpenSSL: /usr/lib/aarch64-linux-gnu/libcrypto.so (found version "3.0.2")  
[1.534s] -- Found FastRTPS: /opt/ros/humble/include  
[1.591s] -- Using RMW implementation 'rmw_fastrtps_cpp' as default
[1.603s] -- Looking for pthread.h
[1.679s] -- Looking for pthread.h - found
[1.679s] -- Performing Test CMAKE_HAVE_LIBC_PTHREAD
[1.753s] -- Performing Test CMAKE_HAVE_LIBC_PTHREAD - Success
[1.755s] -- Found Threads: TRUE  
[1.837s] -- Found turtlesim: 1.4.2 (/opt/ros/humble/share/turtlesim/cmake)
[1.901s] -- Found bumperbot_msgs: 0.0.0 (/home/ubuntu/BumperBot_V1/install/bumperbot_msgs/share/bumperbot_msgs/cmake)
[1.950s] -- Found tf2: 0.25.12 (/opt/ros/humble/share/tf2/cmake)
[1.966s] -- Found tf2_ros: 0.25.12 (/opt/ros/humble/share/tf2_ros/cmake)
[2.069s] -- Found rclcpp_lifecycle: 16.0.12 (/opt/ros/humble/share/rclcpp_lifecycle/cmake)
[2.200s] -- Configuring done
[2.243s] -- Generating done
[2.257s] -- Build files have been written to: /home/ubuntu/BumperBot_V1/build/bumperbot_cpp_examples
[2.274s] Invoked command in '/home/ubuntu/BumperBot_V1/build/bumperbot_cpp_examples' returned '0': AMENT_PREFIX_PATH=/home/ubuntu/BumperBot_V1/install/bumperbot_msgs:${AMENT_PREFIX_PATH} CMAKE_PREFIX_PATH=/home/ubuntu/BumperBot_V1/install/bumperbot_msgs:/opt/ros/humble LD_LIBRARY_PATH=/home/ubuntu/BumperBot_V1/install/bumperbot_msgs/lib:${LD_LIBRARY_PATH} PYTHONPATH=/home/ubuntu/BumperBot_V1/install/bumperbot_msgs/local/lib/python3.10/dist-packages:${PYTHONPATH} /usr/bin/cmake /home/ubuntu/BumperBot_V1/src/bumperbot_cpp_examples -DCMAKE_INSTALL_PREFIX=/home/ubuntu/BumperBot_V1/install/bumperbot_cpp_examples
[2.276s] Invoking command in '/home/ubuntu/BumperBot_V1/build/bumperbot_cpp_examples': AMENT_PREFIX_PATH=/home/ubuntu/BumperBot_V1/install/bumperbot_msgs:${AMENT_PREFIX_PATH} CMAKE_PREFIX_PATH=/home/ubuntu/BumperBot_V1/install/bumperbot_msgs:/opt/ros/humble LD_LIBRARY_PATH=/home/ubuntu/BumperBot_V1/install/bumperbot_msgs/lib:${LD_LIBRARY_PATH} PYTHONPATH=/home/ubuntu/BumperBot_V1/install/bumperbot_msgs/local/lib/python3.10/dist-packages:${PYTHONPATH} /usr/bin/cmake --build /home/ubuntu/BumperBot_V1/build/bumperbot_cpp_examples -- -j8 -l8
[2.342s] [  6%] [32mBuilding CXX object CMakeFiles/simple_publisher.dir/src/simple_publisher.cpp.o[0m
[2.343s] [ 12%] [32mBuilding CXX object CMakeFiles/simple_service_server.dir/src/simple_service_server.cpp.o[0m
[2.354s] [ 18%] [32mBuilding CXX object CMakeFiles/simple_turtlesim_kinematics.dir/src/simple_turtlesim_kinematics.cpp.o[0m
[2.366s] [ 25%] [32mBuilding CXX object CMakeFiles/simple_subscriber.dir/src/simple_subscriber.cpp.o[0m
[2.370s] [ 31%] [32mBuilding CXX object CMakeFiles/simple_parameter.dir/src/simple_parameter.cpp.o[0m
[2.415s] [ 43%] [32mBuilding CXX object CMakeFiles/simple_service_client.dir/src/simple_service_client.cpp.o[0m
[2.415s] [ 43%] [32mBuilding CXX object CMakeFiles/simple_tf_kinematics.dir/src/simple_tf_kinematics.cpp.o[0m
[2.475s] [ 50%] [32mBuilding CXX object CMakeFiles/simple_lifecycle_node.dir/src/simple_lifecycle_node.cpp.o[0m
[7.918s] [ 56%] [32m[1mLinking CXX executable simple_parameter[0m
[8.245s] [ 56%] Built target simple_parameter
[8.294s] [ 62%] [32m[1mLinking CXX executable simple_service_client[0m
[8.416s] [ 68%] [32m[1mLinking CXX executable simple_service_server[0m
[8.650s] [ 68%] Built target simple_service_client
[8.694s] [ 68%] Built target simple_service_server
[8.745s] [ 75%] [32m[1mLinking CXX executable simple_publisher[0m
[9.132s] [ 75%] Built target simple_publisher
[9.659s] [ 81%] [32m[1mLinking CXX executable simple_tf_kinematics[0m
[10.019s] [ 87%] [32m[1mLinking CXX executable simple_turtlesim_kinematics[0m
[10.045s] [ 87%] Built target simple_tf_kinematics
[10.341s] [ 87%] Built target simple_turtlesim_kinematics
[10.765s] [ 93%] [32m[1mLinking CXX executable simple_subscriber[0m
[11.021s] [100%] [32m[1mLinking CXX executable simple_lifecycle_node[0m
[11.038s] [100%] Built target simple_subscriber
[11.261s] [100%] Built target simple_lifecycle_node
[11.273s] Invoked command in '/home/ubuntu/BumperBot_V1/build/bumperbot_cpp_examples' returned '0': AMENT_PREFIX_PATH=/home/ubuntu/BumperBot_V1/install/bumperbot_msgs:${AMENT_PREFIX_PATH} CMAKE_PREFIX_PATH=/home/ubuntu/BumperBot_V1/install/bumperbot_msgs:/opt/ros/humble LD_LIBRARY_PATH=/home/ubuntu/BumperBot_V1/install/bumperbot_msgs/lib:${LD_LIBRARY_PATH} PYTHONPATH=/home/ubuntu/BumperBot_V1/install/bumperbot_msgs/local/lib/python3.10/dist-packages:${PYTHONPATH} /usr/bin/cmake --build /home/ubuntu/BumperBot_V1/build/bumperbot_cpp_examples -- -j8 -l8
[11.275s] Invoking command in '/home/ubuntu/BumperBot_V1/build/bumperbot_cpp_examples': AMENT_PREFIX_PATH=/home/ubuntu/BumperBot_V1/install/bumperbot_msgs:${AMENT_PREFIX_PATH} CMAKE_PREFIX_PATH=/home/ubuntu/BumperBot_V1/install/bumperbot_msgs:/opt/ros/humble LD_LIBRARY_PATH=/home/ubuntu/BumperBot_V1/install/bumperbot_msgs/lib:${LD_LIBRARY_PATH} PYTHONPATH=/home/ubuntu/BumperBot_V1/install/bumperbot_msgs/local/lib/python3.10/dist-packages:${PYTHONPATH} /usr/bin/cmake --install /home/ubuntu/BumperBot_V1/build/bumperbot_cpp_examples
[11.284s] -- Install configuration: ""
[11.284s] -- Installing: /home/ubuntu/BumperBot_V1/install/bumperbot_cpp_examples/include/include
[11.284s] -- Installing: /home/ubuntu/BumperBot_V1/install/bumperbot_cpp_examples/include/include/bumperbot_cpp_examples
[11.285s] -- Installing: /home/ubuntu/BumperBot_V1/install/bumperbot_cpp_examples/include/include/bumperbot_cpp_examples/simple_tf_kinematics.hpp
[11.285s] -- Installing: /home/ubuntu/BumperBot_V1/install/bumperbot_cpp_examples/include/include/bumperbot_cpp_examples/simple_turtlesim_kinematics.hpp
[11.285s] -- Installing: /home/ubuntu/BumperBot_V1/install/bumperbot_cpp_examples/lib/bumperbot_cpp_examples/simple_publisher
[11.286s] -- Set runtime path of "/home/ubuntu/BumperBot_V1/install/bumperbot_cpp_examples/lib/bumperbot_cpp_examples/simple_publisher" to ""
[11.287s] -- Installing: /home/ubuntu/BumperBot_V1/install/bumperbot_cpp_examples/lib/bumperbot_cpp_examples/simple_subscriber
[11.290s] -- Set runtime path of "/home/ubuntu/BumperBot_V1/install/bumperbot_cpp_examples/lib/bumperbot_cpp_examples/simple_subscriber" to ""
[11.290s] -- Installing: /home/ubuntu/BumperBot_V1/install/bumperbot_cpp_examples/lib/bumperbot_cpp_examples/simple_parameter
[11.290s] -- Set runtime path of "/home/ubuntu/BumperBot_V1/install/bumperbot_cpp_examples/lib/bumperbot_cpp_examples/simple_parameter" to ""
[11.290s] -- Installing: /home/ubuntu/BumperBot_V1/install/bumperbot_cpp_examples/lib/bumperbot_cpp_examples/simple_turtlesim_kinematics
[11.294s] -- Set runtime path of "/home/ubuntu/BumperBot_V1/install/bumperbot_cpp_examples/lib/bumperbot_cpp_examples/simple_turtlesim_kinematics" to ""
[11.294s] -- Installing: /home/ubuntu/BumperBot_V1/install/bumperbot_cpp_examples/lib/bumperbot_cpp_examples/simple_service_server
[11.295s] -- Set runtime path of "/home/ubuntu/BumperBot_V1/install/bumperbot_cpp_examples/lib/bumperbot_cpp_examples/simple_service_server" to ""
[11.295s] -- Installing: /home/ubuntu/BumperBot_V1/install/bumperbot_cpp_examples/lib/bumperbot_cpp_examples/simple_service_client
[11.296s] -- Set runtime path of "/home/ubuntu/BumperBot_V1/install/bumperbot_cpp_examples/lib/bumperbot_cpp_examples/simple_service_client" to ""
[11.296s] -- Installing: /home/ubuntu/BumperBot_V1/install/bumperbot_cpp_examples/lib/bumperbot_cpp_examples/simple_tf_kinematics
[11.297s] -- Set runtime path of "/home/ubuntu/BumperBot_V1/install/bumperbot_cpp_examples/lib/bumperbot_cpp_examples/simple_tf_kinematics" to ""
[11.297s] -- Installing: /home/ubuntu/BumperBot_V1/install/bumperbot_cpp_examples/lib/bumperbot_cpp_examples/simple_lifecycle_node
[11.300s] -- Set runtime path of "/home/ubuntu/BumperBot_V1/install/bumperbot_cpp_examples/lib/bumperbot_cpp_examples/simple_lifecycle_node" to ""
[11.301s] -- Installing: /home/ubuntu/BumperBot_V1/install/bumperbot_cpp_examples/share/ament_index/resource_index/package_run_dependencies/bumperbot_cpp_examples
[11.302s] -- Installing: /home/ubuntu/BumperBot_V1/install/bumperbot_cpp_examples/share/ament_index/resource_index/parent_prefix_path/bumperbot_cpp_examples
[11.302s] -- Installing: /home/ubuntu/BumperBot_V1/install/bumperbot_cpp_examples/share/bumperbot_cpp_examples/environment/ament_prefix_path.sh
[11.302s] -- Installing: /home/ubuntu/BumperBot_V1/install/bumperbot_cpp_examples/share/bumperbot_cpp_examples/environment/ament_prefix_path.dsv
[11.302s] -- Installing: /home/ubuntu/BumperBot_V1/install/bumperbot_cpp_examples/share/bumperbot_cpp_examples/environment/path.sh
[11.302s] -- Installing: /home/ubuntu/BumperBot_V1/install/bumperbot_cpp_examples/share/bumperbot_cpp_examples/environment/path.dsv
[11.302s] -- Installing: /home/ubuntu/BumperBot_V1/install/bumperbot_cpp_examples/share/bumperbot_cpp_examples/local_setup.bash
[11.303s] -- Installing: /home/ubuntu/BumperBot_V1/install/bumperbot_cpp_examples/share/bumperbot_cpp_examples/local_setup.sh
[11.303s] -- Installing: /home/ubuntu/BumperBot_V1/install/bumperbot_cpp_examples/share/bumperbot_cpp_examples/local_setup.zsh
[11.303s] -- Installing: /home/ubuntu/BumperBot_V1/install/bumperbot_cpp_examples/share/bumperbot_cpp_examples/local_setup.dsv
[11.303s] -- Installing: /home/ubuntu/BumperBot_V1/install/bumperbot_cpp_examples/share/bumperbot_cpp_examples/package.dsv
[11.303s] -- Installing: /home/ubuntu/BumperBot_V1/install/bumperbot_cpp_examples/share/ament_index/resource_index/packages/bumperbot_cpp_examples
[11.303s] -- Installing: /home/ubuntu/BumperBot_V1/install/bumperbot_cpp_examples/share/bumperbot_cpp_examples/cmake/bumperbot_cpp_examplesConfig.cmake
[11.304s] -- Installing: /home/ubuntu/BumperBot_V1/install/bumperbot_cpp_examples/share/bumperbot_cpp_examples/cmake/bumperbot_cpp_examplesConfig-version.cmake
[11.304s] -- Installing: /home/ubuntu/BumperBot_V1/install/bumperbot_cpp_examples/share/bumperbot_cpp_examples/package.xml
[11.306s] Invoked command in '/home/ubuntu/BumperBot_V1/build/bumperbot_cpp_examples' returned '0': AMENT_PREFIX_PATH=/home/ubuntu/BumperBot_V1/install/bumperbot_msgs:${AMENT_PREFIX_PATH} CMAKE_PREFIX_PATH=/home/ubuntu/BumperBot_V1/install/bumperbot_msgs:/opt/ros/humble LD_LIBRARY_PATH=/home/ubuntu/BumperBot_V1/install/bumperbot_msgs/lib:${LD_LIBRARY_PATH} PYTHONPATH=/home/ubuntu/BumperBot_V1/install/bumperbot_msgs/local/lib/python3.10/dist-packages:${PYTHONPATH} /usr/bin/cmake --install /home/ubuntu/BumperBot_V1/build/bumperbot_cpp_examples
