[0.176s] Invoking command in '/home/chaitanya/bumperbot_ws/build/bumperbot_localization': CMAKE_PREFIX_PATH=/opt/ros/humble /usr/bin/cmake --build /home/chaitanya/bumperbot_ws/build/bumperbot_localization -- -j4 -l4
[0.573s] [35m[1mConsolidate compiler generated dependencies of target imu_republisher[0m
[0.621s] [35m[1mConsolidate compiler generated dependencies of target kalman_filter[0m
[0.876s] [ 50%] Built target kalman_filter
[0.966s] [100%] Built target imu_republisher
[1.256s] [100%] Built target ament_cmake_python_copy_bumperbot_localization
[4.209s] running egg_info
[4.213s] writing bumperbot_localization.egg-info/PKG-INFO
[4.216s] writing dependency_links to bumperbot_localization.egg-info/dependency_links.txt
[4.220s] writing top-level names to bumperbot_localization.egg-info/top_level.txt
[4.234s] reading manifest file 'bumperbot_localization.egg-info/SOURCES.txt'
[4.238s] writing manifest file 'bumperbot_localization.egg-info/SOURCES.txt'
[4.537s] [100%] Built target ament_cmake_python_build_bumperbot_localization_egg
[4.647s] Invoked command in '/home/chaitanya/bumperbot_ws/build/bumperbot_localization' returned '0': CMAKE_PREFIX_PATH=/opt/ros/humble /usr/bin/cmake --build /home/chaitanya/bumperbot_ws/build/bumperbot_localization -- -j4 -l4
[4.693s] Invoking command in '/home/chaitanya/bumperbot_ws/build/bumperbot_localization': CMAKE_PREFIX_PATH=/opt/ros/humble /usr/bin/cmake --install /home/chaitanya/bumperbot_ws/build/bumperbot_localization
[4.725s] -- Install configuration: ""
[4.727s] -- Up-to-date: /home/chaitanya/bumperbot_ws/install/bumperbot_localization/share/bumperbot_localization/environment/pythonpath.sh
[4.739s] -- Up-to-date: /home/chaitanya/bumperbot_ws/install/bumperbot_localization/share/bumperbot_localization/environment/pythonpath.dsv
[4.740s] -- Up-to-date: /home/chaitanya/bumperbot_ws/install/bumperbot_localization/local/lib/python3.10/dist-packages/bumperbot_localization-0.0.0-py3.10.egg-info
[4.749s] -- Installing: /home/chaitanya/bumperbot_ws/install/bumperbot_localization/local/lib/python3.10/dist-packages/bumperbot_localization-0.0.0-py3.10.egg-info/PKG-INFO
[4.784s] -- Installing: /home/chaitanya/bumperbot_ws/install/bumperbot_localization/local/lib/python3.10/dist-packages/bumperbot_localization-0.0.0-py3.10.egg-info/top_level.txt
[4.785s] -- Installing: /home/chaitanya/bumperbot_ws/install/bumperbot_localization/local/lib/python3.10/dist-packages/bumperbot_localization-0.0.0-py3.10.egg-info/dependency_links.txt
[4.795s] -- Installing: /home/chaitanya/bumperbot_ws/install/bumperbot_localization/local/lib/python3.10/dist-packages/bumperbot_localization-0.0.0-py3.10.egg-info/SOURCES.txt
[4.796s] -- Up-to-date: /home/chaitanya/bumperbot_ws/install/bumperbot_localization/local/lib/python3.10/dist-packages/bumperbot_localization
[4.796s] -- Up-to-date: /home/chaitanya/bumperbot_ws/install/bumperbot_localization/local/lib/python3.10/dist-packages/bumperbot_localization/kalman_filter.py
[4.797s] -- Up-to-date: /home/chaitanya/bumperbot_ws/install/bumperbot_localization/local/lib/python3.10/dist-packages/bumperbot_localization/__init__.py
[4.797s] -- Up-to-date: /home/chaitanya/bumperbot_ws/install/bumperbot_localization/local/lib/python3.10/dist-packages/bumperbot_localization/imu_republisher.py
[5.147s] Listing '/home/chaitanya/bumperbot_ws/install/bumperbot_localization/local/lib/python3.10/dist-packages/bumperbot_localization'...
[5.210s] -- Up-to-date: /home/chaitanya/bumperbot_ws/install/bumperbot_localization/include/include
[5.210s] -- Up-to-date: /home/chaitanya/bumperbot_ws/install/bumperbot_localization/include/include/bumperbot_localization
[5.211s] -- Up-to-date: /home/chaitanya/bumperbot_ws/install/bumperbot_localization/include/include/bumperbot_localization/kalman_filter.hpp
[5.219s] -- Up-to-date: /home/chaitanya/bumperbot_ws/install/bumperbot_localization/lib/bumperbot_localization/kalman_filter
[5.220s] -- Up-to-date: /home/chaitanya/bumperbot_ws/install/bumperbot_localization/lib/bumperbot_localization/imu_republisher
[5.220s] -- Up-to-date: /home/chaitanya/bumperbot_ws/install/bumperbot_localization/share/bumperbot_localization/launch
[5.221s] -- Up-to-date: /home/chaitanya/bumperbot_ws/install/bumperbot_localization/share/bumperbot_localization/launch/local_localization.launch.py
[5.221s] -- Up-to-date: /home/chaitanya/bumperbot_ws/install/bumperbot_localization/share/bumperbot_localization/config
[5.222s] -- Up-to-date: /home/chaitanya/bumperbot_ws/install/bumperbot_localization/share/bumperbot_localization/config/ekf.yaml
[5.222s] -- Up-to-date: /home/chaitanya/bumperbot_ws/install/bumperbot_localization/lib/bumperbot_localization/kalman_filter.py
[5.228s] -- Up-to-date: /home/chaitanya/bumperbot_ws/install/bumperbot_localization/lib/bumperbot_localization/imu_republisher.py
[5.229s] -- Up-to-date: /home/chaitanya/bumperbot_ws/install/bumperbot_localization/share/ament_index/resource_index/package_run_dependencies/bumperbot_localization
[5.230s] -- Up-to-date: /home/chaitanya/bumperbot_ws/install/bumperbot_localization/share/ament_index/resource_index/parent_prefix_path/bumperbot_localization
[5.230s] -- Up-to-date: /home/chaitanya/bumperbot_ws/install/bumperbot_localization/share/bumperbot_localization/environment/ament_prefix_path.sh
[5.235s] -- Up-to-date: /home/chaitanya/bumperbot_ws/install/bumperbot_localization/share/bumperbot_localization/environment/ament_prefix_path.dsv
[5.236s] -- Up-to-date: /home/chaitanya/bumperbot_ws/install/bumperbot_localization/share/bumperbot_localization/environment/path.sh
[5.236s] -- Up-to-date: /home/chaitanya/bumperbot_ws/install/bumperbot_localization/share/bumperbot_localization/environment/path.dsv
[5.257s] -- Up-to-date: /home/chaitanya/bumperbot_ws/install/bumperbot_localization/share/bumperbot_localization/local_setup.bash
[5.258s] -- Up-to-date: /home/chaitanya/bumperbot_ws/install/bumperbot_localization/share/bumperbot_localization/local_setup.sh
[5.260s] -- Up-to-date: /home/chaitanya/bumperbot_ws/install/bumperbot_localization/share/bumperbot_localization/local_setup.zsh
[5.261s] -- Up-to-date: /home/chaitanya/bumperbot_ws/install/bumperbot_localization/share/bumperbot_localization/local_setup.dsv
[5.262s] -- Installing: /home/chaitanya/bumperbot_ws/install/bumperbot_localization/share/bumperbot_localization/package.dsv
[5.268s] -- Up-to-date: /home/chaitanya/bumperbot_ws/install/bumperbot_localization/share/ament_index/resource_index/packages/bumperbot_localization
[5.270s] -- Up-to-date: /home/chaitanya/bumperbot_ws/install/bumperbot_localization/share/bumperbot_localization/cmake/bumperbot_localizationConfig.cmake
[5.271s] -- Up-to-date: /home/chaitanya/bumperbot_ws/install/bumperbot_localization/share/bumperbot_localization/cmake/bumperbot_localizationConfig-version.cmake
[5.273s] -- Up-to-date: /home/chaitanya/bumperbot_ws/install/bumperbot_localization/share/bumperbot_localization/package.xml
[7.221s] Invoked command in '/home/chaitanya/bumperbot_ws/build/bumperbot_localization' returned '0': CMAKE_PREFIX_PATH=/opt/ros/humble /usr/bin/cmake --install /home/chaitanya/bumperbot_ws/build/bumperbot_localization
