[0.153s] Invoking command in '/home/chaitanya/bumperbot_ws/build/bumperbot_controller': CMAKE_PREFIX_PATH=/opt/ros/humble /usr/bin/cmake --build /home/chaitanya/bumperbot_ws/build/bumperbot_controller -- -j4 -l4
[0.807s] [ 25%] [32mBuilding CXX object CMakeFiles/simple_controller.dir/src/simple_controller.cpp.o[0m
[88.001s] [ 50%] [32m[1mLinking CXX executable simple_controller[0m
[92.191s] [ 50%] Built target simple_controller
[92.390s] [ 50%] Built target ament_cmake_python_copy_bumperbot_controller
[92.525s] [ 75%] [32mBuilding CXX object CMakeFiles/noisy_controller.dir/src/noisy_controller.cpp.o[0m
[142.106s] [100%] [32m[1mLinking CXX executable noisy_controller[0m
[144.824s] [100%] Built target noisy_controller
[146.666s] running egg_info
[146.669s] creating bumperbot_controller.egg-info
[146.670s] writing bumperbot_controller.egg-info/PKG-INFO
[146.672s] writing dependency_links to bumperbot_controller.egg-info/dependency_links.txt
[146.674s] writing top-level names to bumperbot_controller.egg-info/top_level.txt
[146.676s] writing manifest file 'bumperbot_controller.egg-info/SOURCES.txt'
[146.689s] reading manifest file 'bumperbot_controller.egg-info/SOURCES.txt'
[146.693s] writing manifest file 'bumperbot_controller.egg-info/SOURCES.txt'
[146.887s] [100%] Built target ament_cmake_python_build_bumperbot_controller_egg
[146.945s] Invoked command in '/home/chaitanya/bumperbot_ws/build/bumperbot_controller' returned '0': CMAKE_PREFIX_PATH=/opt/ros/humble /usr/bin/cmake --build /home/chaitanya/bumperbot_ws/build/bumperbot_controller -- -j4 -l4
[146.962s] Invoking command in '/home/chaitanya/bumperbot_ws/build/bumperbot_controller': CMAKE_PREFIX_PATH=/opt/ros/humble /usr/bin/cmake --install /home/chaitanya/bumperbot_ws/build/bumperbot_controller
[146.991s] -- Install configuration: ""
[146.993s] -- Installing: /home/chaitanya/bumperbot_ws/install/bumperbot_controller/share/bumperbot_controller/environment/pythonpath.sh
[146.995s] -- Installing: /home/chaitanya/bumperbot_ws/install/bumperbot_controller/share/bumperbot_controller/environment/pythonpath.dsv
[146.997s] -- Installing: /home/chaitanya/bumperbot_ws/install/bumperbot_controller/local/lib/python3.10/dist-packages/bumperbot_controller-0.0.0-py3.10.egg-info
[146.999s] -- Installing: /home/chaitanya/bumperbot_ws/install/bumperbot_controller/local/lib/python3.10/dist-packages/bumperbot_controller-0.0.0-py3.10.egg-info/PKG-INFO
[147.000s] -- Installing: /home/chaitanya/bumperbot_ws/install/bumperbot_controller/local/lib/python3.10/dist-packages/bumperbot_controller-0.0.0-py3.10.egg-info/top_level.txt
[147.002s] -- Installing: /home/chaitanya/bumperbot_ws/install/bumperbot_controller/local/lib/python3.10/dist-packages/bumperbot_controller-0.0.0-py3.10.egg-info/dependency_links.txt
[147.004s] -- Installing: /home/chaitanya/bumperbot_ws/install/bumperbot_controller/local/lib/python3.10/dist-packages/bumperbot_controller-0.0.0-py3.10.egg-info/SOURCES.txt
[147.005s] -- Installing: /home/chaitanya/bumperbot_ws/install/bumperbot_controller/local/lib/python3.10/dist-packages/bumperbot_controller
[147.006s] -- Installing: /home/chaitanya/bumperbot_ws/install/bumperbot_controller/local/lib/python3.10/dist-packages/bumperbot_controller/simple_controller.py
[147.008s] -- Installing: /home/chaitanya/bumperbot_ws/install/bumperbot_controller/local/lib/python3.10/dist-packages/bumperbot_controller/__init__.py
[147.009s] -- Installing: /home/chaitanya/bumperbot_ws/install/bumperbot_controller/local/lib/python3.10/dist-packages/bumperbot_controller/noisy_controller.py
[147.192s] Listing '/home/chaitanya/bumperbot_ws/install/bumperbot_controller/local/lib/python3.10/dist-packages/bumperbot_controller'...
[147.193s] Compiling '/home/chaitanya/bumperbot_ws/install/bumperbot_controller/local/lib/python3.10/dist-packages/bumperbot_controller/__init__.py'...
[147.194s] Compiling '/home/chaitanya/bumperbot_ws/install/bumperbot_controller/local/lib/python3.10/dist-packages/bumperbot_controller/noisy_controller.py'...
[147.195s] Compiling '/home/chaitanya/bumperbot_ws/install/bumperbot_controller/local/lib/python3.10/dist-packages/bumperbot_controller/simple_controller.py'...
[147.220s] -- Installing: /home/chaitanya/bumperbot_ws/install/bumperbot_controller/include/include
[147.221s] -- Installing: /home/chaitanya/bumperbot_ws/install/bumperbot_controller/include/include/bumperbot_controller
[147.223s] -- Installing: /home/chaitanya/bumperbot_ws/install/bumperbot_controller/include/include/bumperbot_controller/noisy_controller.hpp
[147.224s] -- Installing: /home/chaitanya/bumperbot_ws/install/bumperbot_controller/include/include/bumperbot_controller/simple_controller.hpp
[147.229s] -- Installing: /home/chaitanya/bumperbot_ws/install/bumperbot_controller/lib/bumperbot_controller/simple_controller
[147.277s] -- Set runtime path of "/home/chaitanya/bumperbot_ws/install/bumperbot_controller/lib/bumperbot_controller/simple_controller" to ""
[147.278s] -- Installing: /home/chaitanya/bumperbot_ws/install/bumperbot_controller/lib/bumperbot_controller/noisy_controller
[147.306s] -- Set runtime path of "/home/chaitanya/bumperbot_ws/install/bumperbot_controller/lib/bumperbot_controller/noisy_controller" to ""
[147.307s] -- Installing: /home/chaitanya/bumperbot_ws/install/bumperbot_controller/share/bumperbot_controller/launch
[147.308s] -- Installing: /home/chaitanya/bumperbot_ws/install/bumperbot_controller/share/bumperbot_controller/launch/controller.launch.py
[147.310s] -- Installing: /home/chaitanya/bumperbot_ws/install/bumperbot_controller/share/bumperbot_controller/launch/joystick_teleop.launch.py
[147.311s] -- Installing: /home/chaitanya/bumperbot_ws/install/bumperbot_controller/share/bumperbot_controller/config
[147.312s] -- Installing: /home/chaitanya/bumperbot_ws/install/bumperbot_controller/share/bumperbot_controller/config/joy_teleop.yaml
[147.313s] -- Installing: /home/chaitanya/bumperbot_ws/install/bumperbot_controller/share/bumperbot_controller/config/joy_config.yaml
[147.315s] -- Installing: /home/chaitanya/bumperbot_ws/install/bumperbot_controller/share/bumperbot_controller/config/bumperbot_controllers.yaml
[147.316s] -- Installing: /home/chaitanya/bumperbot_ws/install/bumperbot_controller/lib/bumperbot_controller/simple_controller.py
[147.317s] -- Installing: /home/chaitanya/bumperbot_ws/install/bumperbot_controller/lib/bumperbot_controller/noisy_controller.py
[147.319s] -- Installing: /home/chaitanya/bumperbot_ws/install/bumperbot_controller/share/ament_index/resource_index/package_run_dependencies/bumperbot_controller
[147.321s] -- Installing: /home/chaitanya/bumperbot_ws/install/bumperbot_controller/share/ament_index/resource_index/parent_prefix_path/bumperbot_controller
[147.323s] -- Installing: /home/chaitanya/bumperbot_ws/install/bumperbot_controller/share/bumperbot_controller/environment/ament_prefix_path.sh
[147.325s] -- Installing: /home/chaitanya/bumperbot_ws/install/bumperbot_controller/share/bumperbot_controller/environment/ament_prefix_path.dsv
[147.328s] -- Installing: /home/chaitanya/bumperbot_ws/install/bumperbot_controller/share/bumperbot_controller/environment/path.sh
[147.330s] -- Installing: /home/chaitanya/bumperbot_ws/install/bumperbot_controller/share/bumperbot_controller/environment/path.dsv
[147.333s] -- Installing: /home/chaitanya/bumperbot_ws/install/bumperbot_controller/share/bumperbot_controller/local_setup.bash
[147.339s] -- Installing: /home/chaitanya/bumperbot_ws/install/bumperbot_controller/share/bumperbot_controller/local_setup.sh
[147.352s] -- Installing: /home/chaitanya/bumperbot_ws/install/bumperbot_controller/share/bumperbot_controller/local_setup.zsh
[147.354s] -- Installing: /home/chaitanya/bumperbot_ws/install/bumperbot_controller/share/bumperbot_controller/local_setup.dsv
[147.355s] -- Installing: /home/chaitanya/bumperbot_ws/install/bumperbot_controller/share/bumperbot_controller/package.dsv
[147.357s] -- Installing: /home/chaitanya/bumperbot_ws/install/bumperbot_controller/share/ament_index/resource_index/packages/bumperbot_controller
[147.359s] -- Installing: /home/chaitanya/bumperbot_ws/install/bumperbot_controller/share/bumperbot_controller/cmake/bumperbot_controllerConfig.cmake
[147.361s] -- Installing: /home/chaitanya/bumperbot_ws/install/bumperbot_controller/share/bumperbot_controller/cmake/bumperbot_controllerConfig-version.cmake
[147.362s] -- Installing: /home/chaitanya/bumperbot_ws/install/bumperbot_controller/share/bumperbot_controller/package.xml
[147.370s] Invoked command in '/home/chaitanya/bumperbot_ws/build/bumperbot_controller' returned '0': CMAKE_PREFIX_PATH=/opt/ros/humble /usr/bin/cmake --install /home/chaitanya/bumperbot_ws/build/bumperbot_controller
