[9.063s] Invoking command in '/home/chaitanya/bumperbot_ws/src/bumperbot_py_examples': AMENT_PREFIX_PATH=/home/chaitanya/bumperbot_ws/install/bumperbot_msgs:${AMENT_PREFIX_PATH} CMAKE_PREFIX_PATH=/home/chaitanya/bumperbot_ws/install/bumperbot_msgs LD_LIBRARY_PATH=/home/chaitanya/bumperbot_ws/install/bumperbot_msgs/lib:${LD_LIBRARY_PATH} PYTHONPATH=/home/chaitanya/bumperbot_ws/build/bumperbot_py_examples/prefix_override:/usr/lib/python3/dist-packages/colcon_core/task/python/colcon_distutils_commands:/home/chaitanya/bumperbot_ws/install/bumperbot_py_examples/lib/python3.10/site-packages:/home/chaitanya/bumperbot_ws/install/bumperbot_msgs/local/lib/python3.10/dist-packages:${PYTHONPATH} /usr/bin/python3 -W ignore:setup.py install is deprecated -W ignore:easy_install command is deprecated setup.py egg_info --egg-base ../../build/bumperbot_py_examples build --build-base /home/chaitanya/bumperbot_ws/build/bumperbot_py_examples/build install --record /home/chaitanya/bumperbot_ws/build/bumperbot_py_examples/install.log --single-version-externally-managed install_data
[11.464s] running egg_info
[11.465s] creating ../../build/bumperbot_py_examples/bumperbot_py_examples.egg-info
[11.465s] writing ../../build/bumperbot_py_examples/bumperbot_py_examples.egg-info/PKG-INFO
[11.472s] writing dependency_links to ../../build/bumperbot_py_examples/bumperbot_py_examples.egg-info/dependency_links.txt
[11.473s] writing entry points to ../../build/bumperbot_py_examples/bumperbot_py_examples.egg-info/entry_points.txt
[11.483s] writing requirements to ../../build/bumperbot_py_examples/bumperbot_py_examples.egg-info/requires.txt
[11.484s] writing top-level names to ../../build/bumperbot_py_examples/bumperbot_py_examples.egg-info/top_level.txt
[11.484s] writing manifest file '../../build/bumperbot_py_examples/bumperbot_py_examples.egg-info/SOURCES.txt'
[11.496s] reading manifest file '../../build/bumperbot_py_examples/bumperbot_py_examples.egg-info/SOURCES.txt'
[11.504s] writing manifest file '../../build/bumperbot_py_examples/bumperbot_py_examples.egg-info/SOURCES.txt'
[11.507s] running build
[11.510s] running build_py
[11.512s] creating /home/chaitanya/bumperbot_ws/build/bumperbot_py_examples/build
[11.516s] creating /home/chaitanya/bumperbot_ws/build/bumperbot_py_examples/build/lib
[11.518s] creating /home/chaitanya/bumperbot_ws/build/bumperbot_py_examples/build/lib/bumperbot_py_examples
[11.519s] copying bumperbot_py_examples/simple_tf_kinematics.py -> /home/chaitanya/bumperbot_ws/build/bumperbot_py_examples/build/lib/bumperbot_py_examples
[11.544s] copying bumperbot_py_examples/simple_service_server.py -> /home/chaitanya/bumperbot_ws/build/bumperbot_py_examples/build/lib/bumperbot_py_examples
[11.545s] copying bumperbot_py_examples/simple_service_client.py -> /home/chaitanya/bumperbot_ws/build/bumperbot_py_examples/build/lib/bumperbot_py_examples
[11.555s] copying bumperbot_py_examples/simple_publisher.py -> /home/chaitanya/bumperbot_ws/build/bumperbot_py_examples/build/lib/bumperbot_py_examples
[11.556s] copying bumperbot_py_examples/simple_subscriber.py -> /home/chaitanya/bumperbot_ws/build/bumperbot_py_examples/build/lib/bumperbot_py_examples
[11.557s] copying bumperbot_py_examples/__init__.py -> /home/chaitanya/bumperbot_ws/build/bumperbot_py_examples/build/lib/bumperbot_py_examples
[11.567s] copying bumperbot_py_examples/simple_turtlesim_kinematics.py -> /home/chaitanya/bumperbot_ws/build/bumperbot_py_examples/build/lib/bumperbot_py_examples
[11.568s] copying bumperbot_py_examples/simple_parameter.py -> /home/chaitanya/bumperbot_ws/build/bumperbot_py_examples/build/lib/bumperbot_py_examples
[11.572s] running install
[11.574s] running install_lib
[11.593s] creating /home/chaitanya/bumperbot_ws/install/bumperbot_py_examples/lib/python3.10/site-packages/bumperbot_py_examples
[11.597s] copying /home/chaitanya/bumperbot_ws/build/bumperbot_py_examples/build/lib/bumperbot_py_examples/simple_tf_kinematics.py -> /home/chaitanya/bumperbot_ws/install/bumperbot_py_examples/lib/python3.10/site-packages/bumperbot_py_examples
[11.601s] copying /home/chaitanya/bumperbot_ws/build/bumperbot_py_examples/build/lib/bumperbot_py_examples/simple_service_server.py -> /home/chaitanya/bumperbot_ws/install/bumperbot_py_examples/lib/python3.10/site-packages/bumperbot_py_examples
[11.605s] copying /home/chaitanya/bumperbot_ws/build/bumperbot_py_examples/build/lib/bumperbot_py_examples/simple_service_client.py -> /home/chaitanya/bumperbot_ws/install/bumperbot_py_examples/lib/python3.10/site-packages/bumperbot_py_examples
[11.610s] copying /home/chaitanya/bumperbot_ws/build/bumperbot_py_examples/build/lib/bumperbot_py_examples/simple_publisher.py -> /home/chaitanya/bumperbot_ws/install/bumperbot_py_examples/lib/python3.10/site-packages/bumperbot_py_examples
[11.616s] copying /home/chaitanya/bumperbot_ws/build/bumperbot_py_examples/build/lib/bumperbot_py_examples/simple_subscriber.py -> /home/chaitanya/bumperbot_ws/install/bumperbot_py_examples/lib/python3.10/site-packages/bumperbot_py_examples
[11.616s] copying /home/chaitanya/bumperbot_ws/build/bumperbot_py_examples/build/lib/bumperbot_py_examples/__init__.py -> /home/chaitanya/bumperbot_ws/install/bumperbot_py_examples/lib/python3.10/site-packages/bumperbot_py_examples
[11.617s] copying /home/chaitanya/bumperbot_ws/build/bumperbot_py_examples/build/lib/bumperbot_py_examples/simple_turtlesim_kinematics.py -> /home/chaitanya/bumperbot_ws/install/bumperbot_py_examples/lib/python3.10/site-packages/bumperbot_py_examples
[11.624s] copying /home/chaitanya/bumperbot_ws/build/bumperbot_py_examples/build/lib/bumperbot_py_examples/simple_parameter.py -> /home/chaitanya/bumperbot_ws/install/bumperbot_py_examples/lib/python3.10/site-packages/bumperbot_py_examples
[11.645s] byte-compiling /home/chaitanya/bumperbot_ws/install/bumperbot_py_examples/lib/python3.10/site-packages/bumperbot_py_examples/simple_tf_kinematics.py to simple_tf_kinematics.cpython-310.pyc
[11.645s] byte-compiling /home/chaitanya/bumperbot_ws/install/bumperbot_py_examples/lib/python3.10/site-packages/bumperbot_py_examples/simple_service_server.py to simple_service_server.cpython-310.pyc
[11.646s] byte-compiling /home/chaitanya/bumperbot_ws/install/bumperbot_py_examples/lib/python3.10/site-packages/bumperbot_py_examples/simple_service_client.py to simple_service_client.cpython-310.pyc
[11.652s] byte-compiling /home/chaitanya/bumperbot_ws/install/bumperbot_py_examples/lib/python3.10/site-packages/bumperbot_py_examples/simple_publisher.py to simple_publisher.cpython-310.pyc
[11.663s] byte-compiling /home/chaitanya/bumperbot_ws/install/bumperbot_py_examples/lib/python3.10/site-packages/bumperbot_py_examples/simple_subscriber.py to simple_subscriber.cpython-310.pyc
[11.667s] byte-compiling /home/chaitanya/bumperbot_ws/install/bumperbot_py_examples/lib/python3.10/site-packages/bumperbot_py_examples/__init__.py to __init__.cpython-310.pyc
[11.671s] byte-compiling /home/chaitanya/bumperbot_ws/install/bumperbot_py_examples/lib/python3.10/site-packages/bumperbot_py_examples/simple_turtlesim_kinematics.py to simple_turtlesim_kinematics.cpython-310.pyc
[11.675s] byte-compiling /home/chaitanya/bumperbot_ws/install/bumperbot_py_examples/lib/python3.10/site-packages/bumperbot_py_examples/simple_parameter.py to simple_parameter.cpython-310.pyc
[11.683s] running install_data
[11.685s] creating /home/chaitanya/bumperbot_ws/install/bumperbot_py_examples/share/ament_index
[11.686s] creating /home/chaitanya/bumperbot_ws/install/bumperbot_py_examples/share/ament_index/resource_index
[11.687s] creating /home/chaitanya/bumperbot_ws/install/bumperbot_py_examples/share/ament_index/resource_index/packages
[11.688s] copying resource/bumperbot_py_examples -> /home/chaitanya/bumperbot_ws/install/bumperbot_py_examples/share/ament_index/resource_index/packages
[11.692s] copying package.xml -> /home/chaitanya/bumperbot_ws/install/bumperbot_py_examples/share/bumperbot_py_examples
[11.694s] running install_egg_info
[11.709s] Copying ../../build/bumperbot_py_examples/bumperbot_py_examples.egg-info to /home/chaitanya/bumperbot_ws/install/bumperbot_py_examples/lib/python3.10/site-packages/bumperbot_py_examples-0.0.0-py3.10.egg-info
[11.738s] running install_scripts
[11.942s] Installing simple_parameter script to /home/chaitanya/bumperbot_ws/install/bumperbot_py_examples/lib/bumperbot_py_examples
[11.944s] Installing simple_publisher script to /home/chaitanya/bumperbot_ws/install/bumperbot_py_examples/lib/bumperbot_py_examples
[11.949s] Installing simple_service_client script to /home/chaitanya/bumperbot_ws/install/bumperbot_py_examples/lib/bumperbot_py_examples
[11.952s] Installing simple_service_server script to /home/chaitanya/bumperbot_ws/install/bumperbot_py_examples/lib/bumperbot_py_examples
[11.956s] Installing simple_subscriber script to /home/chaitanya/bumperbot_ws/install/bumperbot_py_examples/lib/bumperbot_py_examples
[11.957s] Installing simple_tf_kinematics script to /home/chaitanya/bumperbot_ws/install/bumperbot_py_examples/lib/bumperbot_py_examples
[11.961s] Installing simple_turtlesim_kinematics script to /home/chaitanya/bumperbot_ws/install/bumperbot_py_examples/lib/bumperbot_py_examples
[11.964s] writing list of installed files to '/home/chaitanya/bumperbot_ws/build/bumperbot_py_examples/install.log'
[12.189s] Invoked command in '/home/chaitanya/bumperbot_ws/src/bumperbot_py_examples' returned '0': AMENT_PREFIX_PATH=/home/chaitanya/bumperbot_ws/install/bumperbot_msgs:${AMENT_PREFIX_PATH} CMAKE_PREFIX_PATH=/home/chaitanya/bumperbot_ws/install/bumperbot_msgs LD_LIBRARY_PATH=/home/chaitanya/bumperbot_ws/install/bumperbot_msgs/lib:${LD_LIBRARY_PATH} PYTHONPATH=/home/chaitanya/bumperbot_ws/build/bumperbot_py_examples/prefix_override:/usr/lib/python3/dist-packages/colcon_core/task/python/colcon_distutils_commands:/home/chaitanya/bumperbot_ws/install/bumperbot_py_examples/lib/python3.10/site-packages:/home/chaitanya/bumperbot_ws/install/bumperbot_msgs/local/lib/python3.10/dist-packages:${PYTHONPATH} /usr/bin/python3 -W ignore:setup.py install is deprecated -W ignore:easy_install command is deprecated setup.py egg_info --egg-base ../../build/bumperbot_py_examples build --build-base /home/chaitanya/bumperbot_ws/build/bumperbot_py_examples/build install --record /home/chaitanya/bumperbot_ws/build/bumperbot_py_examples/install.log --single-version-externally-managed install_data
