[0.020s] Invoking command in '/home/ubuntu/BumperBot_V1/build/bumperbot_controller': CMAKE_PREFIX_PATH=/opt/ros/humble /usr/bin/cmake --build /home/ubuntu/BumperBot_V1/build/bumperbot_controller -- -j8 -l8
[0.067s] [ 25%] [32mBuilding CXX object CMakeFiles/noisy_controller.dir/src/noisy_controller.cpp.o[0m
[0.076s] [ 50%] [32mBuilding CXX object CMakeFiles/simple_controller.dir/src/simple_controller.cpp.o[0m
[0.085s] [ 50%] Built target ament_cmake_python_copy_bumperbot_controller
[0.339s] running egg_info
[0.339s] writing bumperbot_controller.egg-info/PKG-INFO
[0.340s] writing dependency_links to bumperbot_controller.egg-info/dependency_links.txt
[0.340s] writing top-level names to bumperbot_controller.egg-info/top_level.txt
[0.342s] reading manifest file 'bumperbot_controller.egg-info/SOURCES.txt'
[0.343s] writing manifest file 'bumperbot_controller.egg-info/SOURCES.txt'
[0.370s] [ 50%] Built target ament_cmake_python_build_bumperbot_controller_egg
[6.837s] [ 75%] [32m[1mLinking CXX executable noisy_controller[0m
[8.253s] [ 75%] Built target noisy_controller
[12.709s] [100%] [32m[1mLinking CXX executable simple_controller[0m
[13.269s] [100%] Built target simple_controller
[13.280s] Invoked command in '/home/ubuntu/BumperBot_V1/build/bumperbot_controller' returned '0': CMAKE_PREFIX_PATH=/opt/ros/humble /usr/bin/cmake --build /home/ubuntu/BumperBot_V1/build/bumperbot_controller -- -j8 -l8
[13.282s] Invoking command in '/home/ubuntu/BumperBot_V1/build/bumperbot_controller': CMAKE_PREFIX_PATH=/opt/ros/humble /usr/bin/cmake --install /home/ubuntu/BumperBot_V1/build/bumperbot_controller
[13.292s] -- Install configuration: ""
[13.292s] -- Installing: /home/ubuntu/BumperBot_V1/install/bumperbot_controller/share/bumperbot_controller/environment/pythonpath.sh
[13.292s] -- Installing: /home/ubuntu/BumperBot_V1/install/bumperbot_controller/share/bumperbot_controller/environment/pythonpath.dsv
[13.293s] -- Installing: /home/ubuntu/BumperBot_V1/install/bumperbot_controller/local/lib/python3.10/dist-packages/bumperbot_controller-0.0.0-py3.10.egg-info
[13.293s] -- Installing: /home/ubuntu/BumperBot_V1/install/bumperbot_controller/local/lib/python3.10/dist-packages/bumperbot_controller-0.0.0-py3.10.egg-info/PKG-INFO
[13.293s] -- Installing: /home/ubuntu/BumperBot_V1/install/bumperbot_controller/local/lib/python3.10/dist-packages/bumperbot_controller-0.0.0-py3.10.egg-info/SOURCES.txt
[13.294s] -- Installing: /home/ubuntu/BumperBot_V1/install/bumperbot_controller/local/lib/python3.10/dist-packages/bumperbot_controller-0.0.0-py3.10.egg-info/top_level.txt
[13.294s] -- Installing: /home/ubuntu/BumperBot_V1/install/bumperbot_controller/local/lib/python3.10/dist-packages/bumperbot_controller-0.0.0-py3.10.egg-info/dependency_links.txt
[13.294s] -- Installing: /home/ubuntu/BumperBot_V1/install/bumperbot_controller/local/lib/python3.10/dist-packages/bumperbot_controller
[13.295s] -- Installing: /home/ubuntu/BumperBot_V1/install/bumperbot_controller/local/lib/python3.10/dist-packages/bumperbot_controller/noisy_controller.py
[13.295s] -- Installing: /home/ubuntu/BumperBot_V1/install/bumperbot_controller/local/lib/python3.10/dist-packages/bumperbot_controller/simple_controller.py
[13.295s] -- Installing: /home/ubuntu/BumperBot_V1/install/bumperbot_controller/local/lib/python3.10/dist-packages/bumperbot_controller/__init__.py
[13.330s] Listing '/home/ubuntu/BumperBot_V1/install/bumperbot_controller/local/lib/python3.10/dist-packages/bumperbot_controller'...
[13.331s] Compiling '/home/ubuntu/BumperBot_V1/install/bumperbot_controller/local/lib/python3.10/dist-packages/bumperbot_controller/__init__.py'...
[13.331s] Compiling '/home/ubuntu/BumperBot_V1/install/bumperbot_controller/local/lib/python3.10/dist-packages/bumperbot_controller/noisy_controller.py'...
[13.331s] Compiling '/home/ubuntu/BumperBot_V1/install/bumperbot_controller/local/lib/python3.10/dist-packages/bumperbot_controller/simple_controller.py'...
[13.333s] -- Installing: /home/ubuntu/BumperBot_V1/install/bumperbot_controller/include/include
[13.333s] -- Installing: /home/ubuntu/BumperBot_V1/install/bumperbot_controller/include/include/bumperbot_controller
[13.334s] -- Installing: /home/ubuntu/BumperBot_V1/install/bumperbot_controller/include/include/bumperbot_controller/simple_controller.hpp
[13.334s] -- Installing: /home/ubuntu/BumperBot_V1/install/bumperbot_controller/include/include/bumperbot_controller/noisy_controller.hpp
[13.334s] -- Installing: /home/ubuntu/BumperBot_V1/install/bumperbot_controller/lib/bumperbot_controller/simple_controller
[13.336s] -- Set runtime path of "/home/ubuntu/BumperBot_V1/install/bumperbot_controller/lib/bumperbot_controller/simple_controller" to ""
[13.336s] -- Installing: /home/ubuntu/BumperBot_V1/install/bumperbot_controller/lib/bumperbot_controller/noisy_controller
[13.339s] -- Set runtime path of "/home/ubuntu/BumperBot_V1/install/bumperbot_controller/lib/bumperbot_controller/noisy_controller" to ""
[13.339s] -- Installing: /home/ubuntu/BumperBot_V1/install/bumperbot_controller/share/bumperbot_controller/launch
[13.339s] -- Installing: /home/ubuntu/BumperBot_V1/install/bumperbot_controller/share/bumperbot_controller/launch/joystick_teleop.launch.py
[13.340s] -- Installing: /home/ubuntu/BumperBot_V1/install/bumperbot_controller/share/bumperbot_controller/launch/controller.launch.py
[13.340s] -- Installing: /home/ubuntu/BumperBot_V1/install/bumperbot_controller/share/bumperbot_controller/config
[13.340s] -- Installing: /home/ubuntu/BumperBot_V1/install/bumperbot_controller/share/bumperbot_controller/config/joy_teleop.yaml
[13.340s] -- Installing: /home/ubuntu/BumperBot_V1/install/bumperbot_controller/share/bumperbot_controller/config/joy_config.yaml
[13.340s] -- Installing: /home/ubuntu/BumperBot_V1/install/bumperbot_controller/share/bumperbot_controller/config/bumperbot_controllers.yaml
[13.341s] -- Installing: /home/ubuntu/BumperBot_V1/install/bumperbot_controller/lib/bumperbot_controller/simple_controller.py
[13.341s] -- Installing: /home/ubuntu/BumperBot_V1/install/bumperbot_controller/lib/bumperbot_controller/noisy_controller.py
[13.341s] -- Installing: /home/ubuntu/BumperBot_V1/install/bumperbot_controller/share/ament_index/resource_index/package_run_dependencies/bumperbot_controller
[13.341s] -- Installing: /home/ubuntu/BumperBot_V1/install/bumperbot_controller/share/ament_index/resource_index/parent_prefix_path/bumperbot_controller
[13.342s] -- Installing: /home/ubuntu/BumperBot_V1/install/bumperbot_controller/share/bumperbot_controller/environment/ament_prefix_path.sh
[13.342s] -- Installing: /home/ubuntu/BumperBot_V1/install/bumperbot_controller/share/bumperbot_controller/environment/ament_prefix_path.dsv
[13.342s] -- Installing: /home/ubuntu/BumperBot_V1/install/bumperbot_controller/share/bumperbot_controller/environment/path.sh
[13.343s] -- Installing: /home/ubuntu/BumperBot_V1/install/bumperbot_controller/share/bumperbot_controller/environment/path.dsv
[13.343s] -- Installing: /home/ubuntu/BumperBot_V1/install/bumperbot_controller/share/bumperbot_controller/local_setup.bash
[13.344s] -- Installing: /home/ubuntu/BumperBot_V1/install/bumperbot_controller/share/bumperbot_controller/local_setup.sh
[13.345s] -- Installing: /home/ubuntu/BumperBot_V1/install/bumperbot_controller/share/bumperbot_controller/local_setup.zsh
[13.345s] -- Installing: /home/ubuntu/BumperBot_V1/install/bumperbot_controller/share/bumperbot_controller/local_setup.dsv
[13.345s] -- Installing: /home/ubuntu/BumperBot_V1/install/bumperbot_controller/share/bumperbot_controller/package.dsv
[13.346s] -- Installing: /home/ubuntu/BumperBot_V1/install/bumperbot_controller/share/ament_index/resource_index/packages/bumperbot_controller
[13.346s] -- Installing: /home/ubuntu/BumperBot_V1/install/bumperbot_controller/share/bumperbot_controller/cmake/bumperbot_controllerConfig.cmake
[13.346s] -- Installing: /home/ubuntu/BumperBot_V1/install/bumperbot_controller/share/bumperbot_controller/cmake/bumperbot_controllerConfig-version.cmake
[13.346s] -- Installing: /home/ubuntu/BumperBot_V1/install/bumperbot_controller/share/bumperbot_controller/package.xml
[13.347s] Invoked command in '/home/ubuntu/BumperBot_V1/build/bumperbot_controller' returned '0': CMAKE_PREFIX_PATH=/opt/ros/humble /usr/bin/cmake --install /home/ubuntu/BumperBot_V1/build/bumperbot_controller
