[1.603s] DEBUG:colcon:Command line arguments: ['/usr/bin/colcon', 'list', '-p', '--base-paths', '/home/chaitanya/bumperbot_ws']
[1.603s] DEBUG:colcon:Parsed command line arguments: Namespace(log_base=None, log_level=None, verb_name='list', build_base='build', ignore_user_meta=False, metas=['./colcon.meta'], base_paths=['/home/chaitanya/bumperbot_ws'], packages_ignore=None, packages_ignore_regex=None, paths=None, packages_up_to=None, packages_up_to_regex=None, packages_above=None, packages_above_and_dependencies=None, packages_above_depth=None, packages_select_by_dep=None, packages_skip_by_dep=None, packages_skip_up_to=None, packages_select_build_failed=False, packages_skip_build_finished=False, packages_select_test_failures=False, packages_skip_test_passed=False, packages_select=None, packages_skip=None, packages_select_regex=None, packages_skip_regex=None, packages_start=None, packages_end=None, allow_overriding=[], topological_order=False, names_only=False, paths_only=True, topological_graph=False, topological_graph_dot=False, topological_graph_density=False, topological_graph_legend=False, topological_graph_dot_cluster=False, topological_graph_dot_include_skipped=False, verb_parser=<colcon_defaults.argument_parser.defaults.DefaultArgumentsDecorator object at 0xffff804206d0>, verb_extension=<colcon_package_information.verb.list.ListVerb object at 0xffff806484f0>, main=<bound method ListVerb.main of <colcon_package_information.verb.list.ListVerb object at 0xffff806484f0>>)
[4.259s] Level 1:colcon.colcon_core.package_discovery:discover_packages(colcon_meta) check parameters
[4.260s] Level 1:colcon.colcon_core.package_discovery:discover_packages(recursive) check parameters
[4.261s] Level 1:colcon.colcon_core.package_discovery:discover_packages(ignore) check parameters
[4.261s] Level 1:colcon.colcon_core.package_discovery:discover_packages(path) check parameters
[4.262s] Level 1:colcon.colcon_core.package_discovery:discover_packages(recursive) discover
[4.262s] INFO:colcon.colcon_core.package_discovery:Crawling recursively for packages in '/home/chaitanya/bumperbot_ws'
[4.263s] Level 1:colcon.colcon_core.package_identification:_identify(/home/chaitanya/bumperbot_ws) by extensions ['ignore', 'ignore_ament_install']
[4.265s] Level 1:colcon.colcon_core.package_identification:_identify(/home/chaitanya/bumperbot_ws) by extension 'ignore'
[4.266s] Level 1:colcon.colcon_core.package_identification:_identify(/home/chaitanya/bumperbot_ws) by extension 'ignore_ament_install'
[4.267s] Level 1:colcon.colcon_core.package_identification:_identify(/home/chaitanya/bumperbot_ws) by extensions ['colcon_pkg']
[4.269s] Level 1:colcon.colcon_core.package_identification:_identify(/home/chaitanya/bumperbot_ws) by extension 'colcon_pkg'
[4.270s] Level 1:colcon.colcon_core.package_identification:_identify(/home/chaitanya/bumperbot_ws) by extensions ['colcon_meta']
[4.271s] Level 1:colcon.colcon_core.package_identification:_identify(/home/chaitanya/bumperbot_ws) by extension 'colcon_meta'
[4.274s] Level 1:colcon.colcon_core.package_identification:_identify(/home/chaitanya/bumperbot_ws) by extensions ['ros']
[4.276s] Level 1:colcon.colcon_core.package_identification:_identify(/home/chaitanya/bumperbot_ws) by extension 'ros'
[4.410s] Level 1:colcon.colcon_core.package_identification:_identify(/home/chaitanya/bumperbot_ws) by extensions ['cmake', 'python']
[4.410s] Level 1:colcon.colcon_core.package_identification:_identify(/home/chaitanya/bumperbot_ws) by extension 'cmake'
[4.411s] Level 1:colcon.colcon_core.package_identification:_identify(/home/chaitanya/bumperbot_ws) by extension 'python'
[4.412s] Level 1:colcon.colcon_core.package_identification:_identify(/home/chaitanya/bumperbot_ws) by extensions ['python_setup_py']
[4.412s] Level 1:colcon.colcon_core.package_identification:_identify(/home/chaitanya/bumperbot_ws) by extension 'python_setup_py'
[4.414s] Level 1:colcon.colcon_core.package_identification:_identify(/home/chaitanya/bumperbot_ws/build) by extensions ['ignore', 'ignore_ament_install']
[4.415s] Level 1:colcon.colcon_core.package_identification:_identify(/home/chaitanya/bumperbot_ws/build) by extension 'ignore'
[4.415s] Level 1:colcon.colcon_core.package_identification:_identify(/home/chaitanya/bumperbot_ws/build) by extension 'ignore_ament_install'
[4.416s] Level 1:colcon.colcon_core.package_identification:_identify(/home/chaitanya/bumperbot_ws/build) by extensions ['colcon_pkg']
[4.417s] Level 1:colcon.colcon_core.package_identification:_identify(/home/chaitanya/bumperbot_ws/build) by extension 'colcon_pkg'
[4.419s] Level 1:colcon.colcon_core.package_identification:_identify(/home/chaitanya/bumperbot_ws/build) by extensions ['colcon_meta']
[4.420s] Level 1:colcon.colcon_core.package_identification:_identify(/home/chaitanya/bumperbot_ws/build) by extension 'colcon_meta'
[4.423s] Level 1:colcon.colcon_core.package_identification:_identify(/home/chaitanya/bumperbot_ws/build) by extensions ['ros']
[4.424s] Level 1:colcon.colcon_core.package_identification:_identify(/home/chaitanya/bumperbot_ws/build) by extension 'ros'
[4.425s] Level 1:colcon.colcon_core.package_identification:_identify(/home/chaitanya/bumperbot_ws/build) by extensions ['cmake', 'python']
[4.426s] Level 1:colcon.colcon_core.package_identification:_identify(/home/chaitanya/bumperbot_ws/build) by extension 'cmake'
[4.426s] Level 1:colcon.colcon_core.package_identification:_identify(/home/chaitanya/bumperbot_ws/build) by extension 'python'
[4.427s] Level 1:colcon.colcon_core.package_identification:_identify(/home/chaitanya/bumperbot_ws/build) by extensions ['python_setup_py']
[4.427s] Level 1:colcon.colcon_core.package_identification:_identify(/home/chaitanya/bumperbot_ws/build) by extension 'python_setup_py'
[4.428s] Level 1:colcon.colcon_core.package_identification:_identify(/home/chaitanya/bumperbot_ws/build/CMakeFiles) by extensions ['ignore', 'ignore_ament_install']
[4.429s] Level 1:colcon.colcon_core.package_identification:_identify(/home/chaitanya/bumperbot_ws/build/CMakeFiles) by extension 'ignore'
[4.430s] Level 1:colcon.colcon_core.package_identification:_identify(/home/chaitanya/bumperbot_ws/build/CMakeFiles) by extension 'ignore_ament_install'
[4.430s] Level 1:colcon.colcon_core.package_identification:_identify(/home/chaitanya/bumperbot_ws/build/CMakeFiles) by extensions ['colcon_pkg']
[4.431s] Level 1:colcon.colcon_core.package_identification:_identify(/home/chaitanya/bumperbot_ws/build/CMakeFiles) by extension 'colcon_pkg'
[4.431s] Level 1:colcon.colcon_core.package_identification:_identify(/home/chaitanya/bumperbot_ws/build/CMakeFiles) by extensions ['colcon_meta']
[4.432s] Level 1:colcon.colcon_core.package_identification:_identify(/home/chaitanya/bumperbot_ws/build/CMakeFiles) by extension 'colcon_meta'
[4.432s] Level 1:colcon.colcon_core.package_identification:_identify(/home/chaitanya/bumperbot_ws/build/CMakeFiles) by extensions ['ros']
[4.432s] Level 1:colcon.colcon_core.package_identification:_identify(/home/chaitanya/bumperbot_ws/build/CMakeFiles) by extension 'ros'
[4.433s] Level 1:colcon.colcon_core.package_identification:_identify(/home/chaitanya/bumperbot_ws/build/CMakeFiles) by extensions ['cmake', 'python']
[4.433s] Level 1:colcon.colcon_core.package_identification:_identify(/home/chaitanya/bumperbot_ws/build/CMakeFiles) by extension 'cmake'
[4.434s] Level 1:colcon.colcon_core.package_identification:_identify(/home/chaitanya/bumperbot_ws/build/CMakeFiles) by extension 'python'
[4.435s] Level 1:colcon.colcon_core.package_identification:_identify(/home/chaitanya/bumperbot_ws/build/CMakeFiles) by extensions ['python_setup_py']
[4.435s] Level 1:colcon.colcon_core.package_identification:_identify(/home/chaitanya/bumperbot_ws/build/CMakeFiles) by extension 'python_setup_py'
[4.438s] Level 1:colcon.colcon_core.package_identification:_identify(/home/chaitanya/bumperbot_ws/build/CMakeFiles/3.22.1) by extensions ['ignore', 'ignore_ament_install']
[4.439s] Level 1:colcon.colcon_core.package_identification:_identify(/home/chaitanya/bumperbot_ws/build/CMakeFiles/3.22.1) by extension 'ignore'
[4.443s] Level 1:colcon.colcon_core.package_identification:_identify(/home/chaitanya/bumperbot_ws/build/CMakeFiles/3.22.1) by extension 'ignore_ament_install'
[4.444s] Level 1:colcon.colcon_core.package_identification:_identify(/home/chaitanya/bumperbot_ws/build/CMakeFiles/3.22.1) by extensions ['colcon_pkg']
[4.445s] Level 1:colcon.colcon_core.package_identification:_identify(/home/chaitanya/bumperbot_ws/build/CMakeFiles/3.22.1) by extension 'colcon_pkg'
[4.445s] Level 1:colcon.colcon_core.package_identification:_identify(/home/chaitanya/bumperbot_ws/build/CMakeFiles/3.22.1) by extensions ['colcon_meta']
[4.446s] Level 1:colcon.colcon_core.package_identification:_identify(/home/chaitanya/bumperbot_ws/build/CMakeFiles/3.22.1) by extension 'colcon_meta'
[4.446s] Level 1:colcon.colcon_core.package_identification:_identify(/home/chaitanya/bumperbot_ws/build/CMakeFiles/3.22.1) by extensions ['ros']
[4.447s] Level 1:colcon.colcon_core.package_identification:_identify(/home/chaitanya/bumperbot_ws/build/CMakeFiles/3.22.1) by extension 'ros'
[4.448s] Level 1:colcon.colcon_core.package_identification:_identify(/home/chaitanya/bumperbot_ws/build/CMakeFiles/3.22.1) by extensions ['cmake', 'python']
[4.448s] Level 1:colcon.colcon_core.package_identification:_identify(/home/chaitanya/bumperbot_ws/build/CMakeFiles/3.22.1) by extension 'cmake'
[4.449s] Level 1:colcon.colcon_core.package_identification:_identify(/home/chaitanya/bumperbot_ws/build/CMakeFiles/3.22.1) by extension 'python'
[4.449s] Level 1:colcon.colcon_core.package_identification:_identify(/home/chaitanya/bumperbot_ws/build/CMakeFiles/3.22.1) by extensions ['python_setup_py']
[4.449s] Level 1:colcon.colcon_core.package_identification:_identify(/home/chaitanya/bumperbot_ws/build/CMakeFiles/3.22.1) by extension 'python_setup_py'
[4.451s] Level 1:colcon.colcon_core.package_identification:_identify(/home/chaitanya/bumperbot_ws/build/CMakeFiles/3.22.1/CompilerIdC) by extensions ['ignore', 'ignore_ament_install']
[4.452s] Level 1:colcon.colcon_core.package_identification:_identify(/home/chaitanya/bumperbot_ws/build/CMakeFiles/3.22.1/CompilerIdC) by extension 'ignore'
[4.452s] Level 1:colcon.colcon_core.package_identification:_identify(/home/chaitanya/bumperbot_ws/build/CMakeFiles/3.22.1/CompilerIdC) by extension 'ignore_ament_install'
[4.453s] Level 1:colcon.colcon_core.package_identification:_identify(/home/chaitanya/bumperbot_ws/build/CMakeFiles/3.22.1/CompilerIdC) by extensions ['colcon_pkg']
[4.453s] Level 1:colcon.colcon_core.package_identification:_identify(/home/chaitanya/bumperbot_ws/build/CMakeFiles/3.22.1/CompilerIdC) by extension 'colcon_pkg'
[4.454s] Level 1:colcon.colcon_core.package_identification:_identify(/home/chaitanya/bumperbot_ws/build/CMakeFiles/3.22.1/CompilerIdC) by extensions ['colcon_meta']
[4.454s] Level 1:colcon.colcon_core.package_identification:_identify(/home/chaitanya/bumperbot_ws/build/CMakeFiles/3.22.1/CompilerIdC) by extension 'colcon_meta'
[4.455s] Level 1:colcon.colcon_core.package_identification:_identify(/home/chaitanya/bumperbot_ws/build/CMakeFiles/3.22.1/CompilerIdC) by extensions ['ros']
[4.455s] Level 1:colcon.colcon_core.package_identification:_identify(/home/chaitanya/bumperbot_ws/build/CMakeFiles/3.22.1/CompilerIdC) by extension 'ros'
[4.458s] Level 1:colcon.colcon_core.package_identification:_identify(/home/chaitanya/bumperbot_ws/build/CMakeFiles/3.22.1/CompilerIdC) by extensions ['cmake', 'python']
[4.458s] Level 1:colcon.colcon_core.package_identification:_identify(/home/chaitanya/bumperbot_ws/build/CMakeFiles/3.22.1/CompilerIdC) by extension 'cmake'
[4.460s] Level 1:colcon.colcon_core.package_identification:_identify(/home/chaitanya/bumperbot_ws/build/CMakeFiles/3.22.1/CompilerIdC) by extension 'python'
[4.463s] Level 1:colcon.colcon_core.package_identification:_identify(/home/chaitanya/bumperbot_ws/build/CMakeFiles/3.22.1/CompilerIdC) by extensions ['python_setup_py']
[4.464s] Level 1:colcon.colcon_core.package_identification:_identify(/home/chaitanya/bumperbot_ws/build/CMakeFiles/3.22.1/CompilerIdC) by extension 'python_setup_py'
[4.465s] Level 1:colcon.colcon_core.package_identification:_identify(/home/chaitanya/bumperbot_ws/build/CMakeFiles/3.22.1/CompilerIdC/tmp) by extensions ['ignore', 'ignore_ament_install']
[4.466s] Level 1:colcon.colcon_core.package_identification:_identify(/home/chaitanya/bumperbot_ws/build/CMakeFiles/3.22.1/CompilerIdC/tmp) by extension 'ignore'
[4.467s] Level 1:colcon.colcon_core.package_identification:_identify(/home/chaitanya/bumperbot_ws/build/CMakeFiles/3.22.1/CompilerIdC/tmp) by extension 'ignore_ament_install'
[4.468s] Level 1:colcon.colcon_core.package_identification:_identify(/home/chaitanya/bumperbot_ws/build/CMakeFiles/3.22.1/CompilerIdC/tmp) by extensions ['colcon_pkg']
[4.468s] Level 1:colcon.colcon_core.package_identification:_identify(/home/chaitanya/bumperbot_ws/build/CMakeFiles/3.22.1/CompilerIdC/tmp) by extension 'colcon_pkg'
[4.468s] Level 1:colcon.colcon_core.package_identification:_identify(/home/chaitanya/bumperbot_ws/build/CMakeFiles/3.22.1/CompilerIdC/tmp) by extensions ['colcon_meta']
[4.468s] Level 1:colcon.colcon_core.package_identification:_identify(/home/chaitanya/bumperbot_ws/build/CMakeFiles/3.22.1/CompilerIdC/tmp) by extension 'colcon_meta'
[4.469s] Level 1:colcon.colcon_core.package_identification:_identify(/home/chaitanya/bumperbot_ws/build/CMakeFiles/3.22.1/CompilerIdC/tmp) by extensions ['ros']
[4.469s] Level 1:colcon.colcon_core.package_identification:_identify(/home/chaitanya/bumperbot_ws/build/CMakeFiles/3.22.1/CompilerIdC/tmp) by extension 'ros'
[4.470s] Level 1:colcon.colcon_core.package_identification:_identify(/home/chaitanya/bumperbot_ws/build/CMakeFiles/3.22.1/CompilerIdC/tmp) by extensions ['cmake', 'python']
[4.470s] Level 1:colcon.colcon_core.package_identification:_identify(/home/chaitanya/bumperbot_ws/build/CMakeFiles/3.22.1/CompilerIdC/tmp) by extension 'cmake'
[4.470s] Level 1:colcon.colcon_core.package_identification:_identify(/home/chaitanya/bumperbot_ws/build/CMakeFiles/3.22.1/CompilerIdC/tmp) by extension 'python'
[4.471s] Level 1:colcon.colcon_core.package_identification:_identify(/home/chaitanya/bumperbot_ws/build/CMakeFiles/3.22.1/CompilerIdC/tmp) by extensions ['python_setup_py']
[4.471s] Level 1:colcon.colcon_core.package_identification:_identify(/home/chaitanya/bumperbot_ws/build/CMakeFiles/3.22.1/CompilerIdC/tmp) by extension 'python_setup_py'
[4.471s] Level 1:colcon.colcon_core.package_identification:_identify(/home/chaitanya/bumperbot_ws/build/CMakeFiles/3.22.1/CompilerIdCXX) by extensions ['ignore', 'ignore_ament_install']
[4.472s] Level 1:colcon.colcon_core.package_identification:_identify(/home/chaitanya/bumperbot_ws/build/CMakeFiles/3.22.1/CompilerIdCXX) by extension 'ignore'
[4.472s] Level 1:colcon.colcon_core.package_identification:_identify(/home/chaitanya/bumperbot_ws/build/CMakeFiles/3.22.1/CompilerIdCXX) by extension 'ignore_ament_install'
[4.473s] Level 1:colcon.colcon_core.package_identification:_identify(/home/chaitanya/bumperbot_ws/build/CMakeFiles/3.22.1/CompilerIdCXX) by extensions ['colcon_pkg']
[4.473s] Level 1:colcon.colcon_core.package_identification:_identify(/home/chaitanya/bumperbot_ws/build/CMakeFiles/3.22.1/CompilerIdCXX) by extension 'colcon_pkg'
[4.473s] Level 1:colcon.colcon_core.package_identification:_identify(/home/chaitanya/bumperbot_ws/build/CMakeFiles/3.22.1/CompilerIdCXX) by extensions ['colcon_meta']
[4.473s] Level 1:colcon.colcon_core.package_identification:_identify(/home/chaitanya/bumperbot_ws/build/CMakeFiles/3.22.1/CompilerIdCXX) by extension 'colcon_meta'
[4.474s] Level 1:colcon.colcon_core.package_identification:_identify(/home/chaitanya/bumperbot_ws/build/CMakeFiles/3.22.1/CompilerIdCXX) by extensions ['ros']
[4.474s] Level 1:colcon.colcon_core.package_identification:_identify(/home/chaitanya/bumperbot_ws/build/CMakeFiles/3.22.1/CompilerIdCXX) by extension 'ros'
[4.475s] Level 1:colcon.colcon_core.package_identification:_identify(/home/chaitanya/bumperbot_ws/build/CMakeFiles/3.22.1/CompilerIdCXX) by extensions ['cmake', 'python']
[4.476s] Level 1:colcon.colcon_core.package_identification:_identify(/home/chaitanya/bumperbot_ws/build/CMakeFiles/3.22.1/CompilerIdCXX) by extension 'cmake'
[4.478s] Level 1:colcon.colcon_core.package_identification:_identify(/home/chaitanya/bumperbot_ws/build/CMakeFiles/3.22.1/CompilerIdCXX) by extension 'python'
[4.480s] Level 1:colcon.colcon_core.package_identification:_identify(/home/chaitanya/bumperbot_ws/build/CMakeFiles/3.22.1/CompilerIdCXX) by extensions ['python_setup_py']
[4.482s] Level 1:colcon.colcon_core.package_identification:_identify(/home/chaitanya/bumperbot_ws/build/CMakeFiles/3.22.1/CompilerIdCXX) by extension 'python_setup_py'
[4.484s] Level 1:colcon.colcon_core.package_identification:_identify(/home/chaitanya/bumperbot_ws/build/CMakeFiles/3.22.1/CompilerIdCXX/tmp) by extensions ['ignore', 'ignore_ament_install']
[4.485s] Level 1:colcon.colcon_core.package_identification:_identify(/home/chaitanya/bumperbot_ws/build/CMakeFiles/3.22.1/CompilerIdCXX/tmp) by extension 'ignore'
[4.486s] Level 1:colcon.colcon_core.package_identification:_identify(/home/chaitanya/bumperbot_ws/build/CMakeFiles/3.22.1/CompilerIdCXX/tmp) by extension 'ignore_ament_install'
[4.487s] Level 1:colcon.colcon_core.package_identification:_identify(/home/chaitanya/bumperbot_ws/build/CMakeFiles/3.22.1/CompilerIdCXX/tmp) by extensions ['colcon_pkg']
[4.487s] Level 1:colcon.colcon_core.package_identification:_identify(/home/chaitanya/bumperbot_ws/build/CMakeFiles/3.22.1/CompilerIdCXX/tmp) by extension 'colcon_pkg'
[4.487s] Level 1:colcon.colcon_core.package_identification:_identify(/home/chaitanya/bumperbot_ws/build/CMakeFiles/3.22.1/CompilerIdCXX/tmp) by extensions ['colcon_meta']
[4.488s] Level 1:colcon.colcon_core.package_identification:_identify(/home/chaitanya/bumperbot_ws/build/CMakeFiles/3.22.1/CompilerIdCXX/tmp) by extension 'colcon_meta'
[4.488s] Level 1:colcon.colcon_core.package_identification:_identify(/home/chaitanya/bumperbot_ws/build/CMakeFiles/3.22.1/CompilerIdCXX/tmp) by extensions ['ros']
[4.488s] Level 1:colcon.colcon_core.package_identification:_identify(/home/chaitanya/bumperbot_ws/build/CMakeFiles/3.22.1/CompilerIdCXX/tmp) by extension 'ros'
[4.489s] Level 1:colcon.colcon_core.package_identification:_identify(/home/chaitanya/bumperbot_ws/build/CMakeFiles/3.22.1/CompilerIdCXX/tmp) by extensions ['cmake', 'python']
[4.489s] Level 1:colcon.colcon_core.package_identification:_identify(/home/chaitanya/bumperbot_ws/build/CMakeFiles/3.22.1/CompilerIdCXX/tmp) by extension 'cmake'
[4.489s] Level 1:colcon.colcon_core.package_identification:_identify(/home/chaitanya/bumperbot_ws/build/CMakeFiles/3.22.1/CompilerIdCXX/tmp) by extension 'python'
[4.490s] Level 1:colcon.colcon_core.package_identification:_identify(/home/chaitanya/bumperbot_ws/build/CMakeFiles/3.22.1/CompilerIdCXX/tmp) by extensions ['python_setup_py']
[4.490s] Level 1:colcon.colcon_core.package_identification:_identify(/home/chaitanya/bumperbot_ws/build/CMakeFiles/3.22.1/CompilerIdCXX/tmp) by extension 'python_setup_py'
[4.491s] Level 1:colcon.colcon_core.package_identification:_identify(/home/chaitanya/bumperbot_ws/build/CMakeFiles/CMakeTmp) by extensions ['ignore', 'ignore_ament_install']
[4.492s] Level 1:colcon.colcon_core.package_identification:_identify(/home/chaitanya/bumperbot_ws/build/CMakeFiles/CMakeTmp) by extension 'ignore'
[4.492s] Level 1:colcon.colcon_core.package_identification:_identify(/home/chaitanya/bumperbot_ws/build/CMakeFiles/CMakeTmp) by extension 'ignore_ament_install'
[4.493s] Level 1:colcon.colcon_core.package_identification:_identify(/home/chaitanya/bumperbot_ws/build/CMakeFiles/CMakeTmp) by extensions ['colcon_pkg']
[4.493s] Level 1:colcon.colcon_core.package_identification:_identify(/home/chaitanya/bumperbot_ws/build/CMakeFiles/CMakeTmp) by extension 'colcon_pkg'
[4.494s] Level 1:colcon.colcon_core.package_identification:_identify(/home/chaitanya/bumperbot_ws/build/CMakeFiles/CMakeTmp) by extensions ['colcon_meta']
[4.494s] Level 1:colcon.colcon_core.package_identification:_identify(/home/chaitanya/bumperbot_ws/build/CMakeFiles/CMakeTmp) by extension 'colcon_meta'
[4.494s] Level 1:colcon.colcon_core.package_identification:_identify(/home/chaitanya/bumperbot_ws/build/CMakeFiles/CMakeTmp) by extensions ['ros']
[4.495s] Level 1:colcon.colcon_core.package_identification:_identify(/home/chaitanya/bumperbot_ws/build/CMakeFiles/CMakeTmp) by extension 'ros'
[4.495s] Level 1:colcon.colcon_core.package_identification:_identify(/home/chaitanya/bumperbot_ws/build/CMakeFiles/CMakeTmp) by extensions ['cmake', 'python']
[4.496s] Level 1:colcon.colcon_core.package_identification:_identify(/home/chaitanya/bumperbot_ws/build/CMakeFiles/CMakeTmp) by extension 'cmake'
[4.498s] Level 1:colcon.colcon_core.package_identification:_identify(/home/chaitanya/bumperbot_ws/build/CMakeFiles/CMakeTmp) by extension 'python'
[4.499s] Level 1:colcon.colcon_core.package_identification:_identify(/home/chaitanya/bumperbot_ws/build/CMakeFiles/CMakeTmp) by extensions ['python_setup_py']
[4.501s] Level 1:colcon.colcon_core.package_identification:_identify(/home/chaitanya/bumperbot_ws/build/CMakeFiles/CMakeTmp) by extension 'python_setup_py'
[4.504s] Level 1:colcon.colcon_core.package_identification:_identify(/home/chaitanya/bumperbot_ws/build/CMakeFiles/ament_cmake_python_build_bumperbot_controller_egg.dir) by extensions ['ignore', 'ignore_ament_install']
[4.505s] Level 1:colcon.colcon_core.package_identification:_identify(/home/chaitanya/bumperbot_ws/build/CMakeFiles/ament_cmake_python_build_bumperbot_controller_egg.dir) by extension 'ignore'
[4.506s] Level 1:colcon.colcon_core.package_identification:_identify(/home/chaitanya/bumperbot_ws/build/CMakeFiles/ament_cmake_python_build_bumperbot_controller_egg.dir) by extension 'ignore_ament_install'
[4.507s] Level 1:colcon.colcon_core.package_identification:_identify(/home/chaitanya/bumperbot_ws/build/CMakeFiles/ament_cmake_python_build_bumperbot_controller_egg.dir) by extensions ['colcon_pkg']
[4.507s] Level 1:colcon.colcon_core.package_identification:_identify(/home/chaitanya/bumperbot_ws/build/CMakeFiles/ament_cmake_python_build_bumperbot_controller_egg.dir) by extension 'colcon_pkg'
[4.507s] Level 1:colcon.colcon_core.package_identification:_identify(/home/chaitanya/bumperbot_ws/build/CMakeFiles/ament_cmake_python_build_bumperbot_controller_egg.dir) by extensions ['colcon_meta']
[4.508s] Level 1:colcon.colcon_core.package_identification:_identify(/home/chaitanya/bumperbot_ws/build/CMakeFiles/ament_cmake_python_build_bumperbot_controller_egg.dir) by extension 'colcon_meta'
[4.508s] Level 1:colcon.colcon_core.package_identification:_identify(/home/chaitanya/bumperbot_ws/build/CMakeFiles/ament_cmake_python_build_bumperbot_controller_egg.dir) by extensions ['ros']
[4.508s] Level 1:colcon.colcon_core.package_identification:_identify(/home/chaitanya/bumperbot_ws/build/CMakeFiles/ament_cmake_python_build_bumperbot_controller_egg.dir) by extension 'ros'
[4.509s] Level 1:colcon.colcon_core.package_identification:_identify(/home/chaitanya/bumperbot_ws/build/CMakeFiles/ament_cmake_python_build_bumperbot_controller_egg.dir) by extensions ['cmake', 'python']
[4.509s] Level 1:colcon.colcon_core.package_identification:_identify(/home/chaitanya/bumperbot_ws/build/CMakeFiles/ament_cmake_python_build_bumperbot_controller_egg.dir) by extension 'cmake'
[4.510s] Level 1:colcon.colcon_core.package_identification:_identify(/home/chaitanya/bumperbot_ws/build/CMakeFiles/ament_cmake_python_build_bumperbot_controller_egg.dir) by extension 'python'
[4.510s] Level 1:colcon.colcon_core.package_identification:_identify(/home/chaitanya/bumperbot_ws/build/CMakeFiles/ament_cmake_python_build_bumperbot_controller_egg.dir) by extensions ['python_setup_py']
[4.510s] Level 1:colcon.colcon_core.package_identification:_identify(/home/chaitanya/bumperbot_ws/build/CMakeFiles/ament_cmake_python_build_bumperbot_controller_egg.dir) by extension 'python_setup_py'
[4.511s] Level 1:colcon.colcon_core.package_identification:_identify(/home/chaitanya/bumperbot_ws/build/CMakeFiles/ament_cmake_python_copy_bumperbot_controller.dir) by extensions ['ignore', 'ignore_ament_install']
[4.512s] Level 1:colcon.colcon_core.package_identification:_identify(/home/chaitanya/bumperbot_ws/build/CMakeFiles/ament_cmake_python_copy_bumperbot_controller.dir) by extension 'ignore'
[4.512s] Level 1:colcon.colcon_core.package_identification:_identify(/home/chaitanya/bumperbot_ws/build/CMakeFiles/ament_cmake_python_copy_bumperbot_controller.dir) by extension 'ignore_ament_install'
[4.513s] Level 1:colcon.colcon_core.package_identification:_identify(/home/chaitanya/bumperbot_ws/build/CMakeFiles/ament_cmake_python_copy_bumperbot_controller.dir) by extensions ['colcon_pkg']
[4.513s] Level 1:colcon.colcon_core.package_identification:_identify(/home/chaitanya/bumperbot_ws/build/CMakeFiles/ament_cmake_python_copy_bumperbot_controller.dir) by extension 'colcon_pkg'
[4.513s] Level 1:colcon.colcon_core.package_identification:_identify(/home/chaitanya/bumperbot_ws/build/CMakeFiles/ament_cmake_python_copy_bumperbot_controller.dir) by extensions ['colcon_meta']
[4.514s] Level 1:colcon.colcon_core.package_identification:_identify(/home/chaitanya/bumperbot_ws/build/CMakeFiles/ament_cmake_python_copy_bumperbot_controller.dir) by extension 'colcon_meta'
[4.515s] Level 1:colcon.colcon_core.package_identification:_identify(/home/chaitanya/bumperbot_ws/build/CMakeFiles/ament_cmake_python_copy_bumperbot_controller.dir) by extensions ['ros']
[4.515s] Level 1:colcon.colcon_core.package_identification:_identify(/home/chaitanya/bumperbot_ws/build/CMakeFiles/ament_cmake_python_copy_bumperbot_controller.dir) by extension 'ros'
[4.518s] Level 1:colcon.colcon_core.package_identification:_identify(/home/chaitanya/bumperbot_ws/build/CMakeFiles/ament_cmake_python_copy_bumperbot_controller.dir) by extensions ['cmake', 'python']
[4.518s] Level 1:colcon.colcon_core.package_identification:_identify(/home/chaitanya/bumperbot_ws/build/CMakeFiles/ament_cmake_python_copy_bumperbot_controller.dir) by extension 'cmake'
[4.520s] Level 1:colcon.colcon_core.package_identification:_identify(/home/chaitanya/bumperbot_ws/build/CMakeFiles/ament_cmake_python_copy_bumperbot_controller.dir) by extension 'python'
[4.523s] Level 1:colcon.colcon_core.package_identification:_identify(/home/chaitanya/bumperbot_ws/build/CMakeFiles/ament_cmake_python_copy_bumperbot_controller.dir) by extensions ['python_setup_py']
[4.523s] Level 1:colcon.colcon_core.package_identification:_identify(/home/chaitanya/bumperbot_ws/build/CMakeFiles/ament_cmake_python_copy_bumperbot_controller.dir) by extension 'python_setup_py'
[4.525s] Level 1:colcon.colcon_core.package_identification:_identify(/home/chaitanya/bumperbot_ws/build/CMakeFiles/bumperbot_controller_uninstall.dir) by extensions ['ignore', 'ignore_ament_install']
[4.526s] Level 1:colcon.colcon_core.package_identification:_identify(/home/chaitanya/bumperbot_ws/build/CMakeFiles/bumperbot_controller_uninstall.dir) by extension 'ignore'
[4.526s] Level 1:colcon.colcon_core.package_identification:_identify(/home/chaitanya/bumperbot_ws/build/CMakeFiles/bumperbot_controller_uninstall.dir) by extension 'ignore_ament_install'
[4.527s] Level 1:colcon.colcon_core.package_identification:_identify(/home/chaitanya/bumperbot_ws/build/CMakeFiles/bumperbot_controller_uninstall.dir) by extensions ['colcon_pkg']
[4.527s] Level 1:colcon.colcon_core.package_identification:_identify(/home/chaitanya/bumperbot_ws/build/CMakeFiles/bumperbot_controller_uninstall.dir) by extension 'colcon_pkg'
[4.528s] Level 1:colcon.colcon_core.package_identification:_identify(/home/chaitanya/bumperbot_ws/build/CMakeFiles/bumperbot_controller_uninstall.dir) by extensions ['colcon_meta']
[4.528s] Level 1:colcon.colcon_core.package_identification:_identify(/home/chaitanya/bumperbot_ws/build/CMakeFiles/bumperbot_controller_uninstall.dir) by extension 'colcon_meta'
[4.529s] Level 1:colcon.colcon_core.package_identification:_identify(/home/chaitanya/bumperbot_ws/build/CMakeFiles/bumperbot_controller_uninstall.dir) by extensions ['ros']
[4.530s] Level 1:colcon.colcon_core.package_identification:_identify(/home/chaitanya/bumperbot_ws/build/CMakeFiles/bumperbot_controller_uninstall.dir) by extension 'ros'
[4.530s] Level 1:colcon.colcon_core.package_identification:_identify(/home/chaitanya/bumperbot_ws/build/CMakeFiles/bumperbot_controller_uninstall.dir) by extensions ['cmake', 'python']
[4.531s] Level 1:colcon.colcon_core.package_identification:_identify(/home/chaitanya/bumperbot_ws/build/CMakeFiles/bumperbot_controller_uninstall.dir) by extension 'cmake'
[4.531s] Level 1:colcon.colcon_core.package_identification:_identify(/home/chaitanya/bumperbot_ws/build/CMakeFiles/bumperbot_controller_uninstall.dir) by extension 'python'
[4.531s] Level 1:colcon.colcon_core.package_identification:_identify(/home/chaitanya/bumperbot_ws/build/CMakeFiles/bumperbot_controller_uninstall.dir) by extensions ['python_setup_py']
[4.531s] Level 1:colcon.colcon_core.package_identification:_identify(/home/chaitanya/bumperbot_ws/build/CMakeFiles/bumperbot_controller_uninstall.dir) by extension 'python_setup_py'
[4.532s] Level 1:colcon.colcon_core.package_identification:_identify(/home/chaitanya/bumperbot_ws/build/CMakeFiles/noisy_controller.dir) by extensions ['ignore', 'ignore_ament_install']
[4.533s] Level 1:colcon.colcon_core.package_identification:_identify(/home/chaitanya/bumperbot_ws/build/CMakeFiles/noisy_controller.dir) by extension 'ignore'
[4.533s] Level 1:colcon.colcon_core.package_identification:_identify(/home/chaitanya/bumperbot_ws/build/CMakeFiles/noisy_controller.dir) by extension 'ignore_ament_install'
[4.534s] Level 1:colcon.colcon_core.package_identification:_identify(/home/chaitanya/bumperbot_ws/build/CMakeFiles/noisy_controller.dir) by extensions ['colcon_pkg']
[4.534s] Level 1:colcon.colcon_core.package_identification:_identify(/home/chaitanya/bumperbot_ws/build/CMakeFiles/noisy_controller.dir) by extension 'colcon_pkg'
[4.535s] Level 1:colcon.colcon_core.package_identification:_identify(/home/chaitanya/bumperbot_ws/build/CMakeFiles/noisy_controller.dir) by extensions ['colcon_meta']
[4.535s] Level 1:colcon.colcon_core.package_identification:_identify(/home/chaitanya/bumperbot_ws/build/CMakeFiles/noisy_controller.dir) by extension 'colcon_meta'
[4.536s] Level 1:colcon.colcon_core.package_identification:_identify(/home/chaitanya/bumperbot_ws/build/CMakeFiles/noisy_controller.dir) by extensions ['ros']
[4.537s] Level 1:colcon.colcon_core.package_identification:_identify(/home/chaitanya/bumperbot_ws/build/CMakeFiles/noisy_controller.dir) by extension 'ros'
[4.540s] Level 1:colcon.colcon_core.package_identification:_identify(/home/chaitanya/bumperbot_ws/build/CMakeFiles/noisy_controller.dir) by extensions ['cmake', 'python']
[4.543s] Level 1:colcon.colcon_core.package_identification:_identify(/home/chaitanya/bumperbot_ws/build/CMakeFiles/noisy_controller.dir) by extension 'cmake'
[4.544s] Level 1:colcon.colcon_core.package_identification:_identify(/home/chaitanya/bumperbot_ws/build/CMakeFiles/noisy_controller.dir) by extension 'python'
[4.544s] Level 1:colcon.colcon_core.package_identification:_identify(/home/chaitanya/bumperbot_ws/build/CMakeFiles/noisy_controller.dir) by extensions ['python_setup_py']
[4.545s] Level 1:colcon.colcon_core.package_identification:_identify(/home/chaitanya/bumperbot_ws/build/CMakeFiles/noisy_controller.dir) by extension 'python_setup_py'
[4.546s] Level 1:colcon.colcon_core.package_identification:_identify(/home/chaitanya/bumperbot_ws/build/CMakeFiles/noisy_controller.dir/src) by extensions ['ignore', 'ignore_ament_install']
[4.547s] Level 1:colcon.colcon_core.package_identification:_identify(/home/chaitanya/bumperbot_ws/build/CMakeFiles/noisy_controller.dir/src) by extension 'ignore'
[4.547s] Level 1:colcon.colcon_core.package_identification:_identify(/home/chaitanya/bumperbot_ws/build/CMakeFiles/noisy_controller.dir/src) by extension 'ignore_ament_install'
[4.548s] Level 1:colcon.colcon_core.package_identification:_identify(/home/chaitanya/bumperbot_ws/build/CMakeFiles/noisy_controller.dir/src) by extensions ['colcon_pkg']
[4.548s] Level 1:colcon.colcon_core.package_identification:_identify(/home/chaitanya/bumperbot_ws/build/CMakeFiles/noisy_controller.dir/src) by extension 'colcon_pkg'
[4.549s] Level 1:colcon.colcon_core.package_identification:_identify(/home/chaitanya/bumperbot_ws/build/CMakeFiles/noisy_controller.dir/src) by extensions ['colcon_meta']
[4.549s] Level 1:colcon.colcon_core.package_identification:_identify(/home/chaitanya/bumperbot_ws/build/CMakeFiles/noisy_controller.dir/src) by extension 'colcon_meta'
[4.549s] Level 1:colcon.colcon_core.package_identification:_identify(/home/chaitanya/bumperbot_ws/build/CMakeFiles/noisy_controller.dir/src) by extensions ['ros']
[4.550s] Level 1:colcon.colcon_core.package_identification:_identify(/home/chaitanya/bumperbot_ws/build/CMakeFiles/noisy_controller.dir/src) by extension 'ros'
[4.550s] Level 1:colcon.colcon_core.package_identification:_identify(/home/chaitanya/bumperbot_ws/build/CMakeFiles/noisy_controller.dir/src) by extensions ['cmake', 'python']
[4.551s] Level 1:colcon.colcon_core.package_identification:_identify(/home/chaitanya/bumperbot_ws/build/CMakeFiles/noisy_controller.dir/src) by extension 'cmake'
[4.551s] Level 1:colcon.colcon_core.package_identification:_identify(/home/chaitanya/bumperbot_ws/build/CMakeFiles/noisy_controller.dir/src) by extension 'python'
[4.551s] Level 1:colcon.colcon_core.package_identification:_identify(/home/chaitanya/bumperbot_ws/build/CMakeFiles/noisy_controller.dir/src) by extensions ['python_setup_py']
[4.552s] Level 1:colcon.colcon_core.package_identification:_identify(/home/chaitanya/bumperbot_ws/build/CMakeFiles/noisy_controller.dir/src) by extension 'python_setup_py'
[4.552s] Level 1:colcon.colcon_core.package_identification:_identify(/home/chaitanya/bumperbot_ws/build/CMakeFiles/simple_controller.dir) by extensions ['ignore', 'ignore_ament_install']
[4.553s] Level 1:colcon.colcon_core.package_identification:_identify(/home/chaitanya/bumperbot_ws/build/CMakeFiles/simple_controller.dir) by extension 'ignore'
[4.553s] Level 1:colcon.colcon_core.package_identification:_identify(/home/chaitanya/bumperbot_ws/build/CMakeFiles/simple_controller.dir) by extension 'ignore_ament_install'
[4.554s] Level 1:colcon.colcon_core.package_identification:_identify(/home/chaitanya/bumperbot_ws/build/CMakeFiles/simple_controller.dir) by extensions ['colcon_pkg']
[4.554s] Level 1:colcon.colcon_core.package_identification:_identify(/home/chaitanya/bumperbot_ws/build/CMakeFiles/simple_controller.dir) by extension 'colcon_pkg'
[4.555s] Level 1:colcon.colcon_core.package_identification:_identify(/home/chaitanya/bumperbot_ws/build/CMakeFiles/simple_controller.dir) by extensions ['colcon_meta']
[4.555s] Level 1:colcon.colcon_core.package_identification:_identify(/home/chaitanya/bumperbot_ws/build/CMakeFiles/simple_controller.dir) by extension 'colcon_meta'
[4.556s] Level 1:colcon.colcon_core.package_identification:_identify(/home/chaitanya/bumperbot_ws/build/CMakeFiles/simple_controller.dir) by extensions ['ros']
[4.557s] Level 1:colcon.colcon_core.package_identification:_identify(/home/chaitanya/bumperbot_ws/build/CMakeFiles/simple_controller.dir) by extension 'ros'
[4.559s] Level 1:colcon.colcon_core.package_identification:_identify(/home/chaitanya/bumperbot_ws/build/CMakeFiles/simple_controller.dir) by extensions ['cmake', 'python']
[4.560s] Level 1:colcon.colcon_core.package_identification:_identify(/home/chaitanya/bumperbot_ws/build/CMakeFiles/simple_controller.dir) by extension 'cmake'
[4.562s] Level 1:colcon.colcon_core.package_identification:_identify(/home/chaitanya/bumperbot_ws/build/CMakeFiles/simple_controller.dir) by extension 'python'
[4.565s] Level 1:colcon.colcon_core.package_identification:_identify(/home/chaitanya/bumperbot_ws/build/CMakeFiles/simple_controller.dir) by extensions ['python_setup_py']
[4.565s] Level 1:colcon.colcon_core.package_identification:_identify(/home/chaitanya/bumperbot_ws/build/CMakeFiles/simple_controller.dir) by extension 'python_setup_py'
[4.566s] Level 1:colcon.colcon_core.package_identification:_identify(/home/chaitanya/bumperbot_ws/build/CMakeFiles/simple_controller.dir/src) by extensions ['ignore', 'ignore_ament_install']
[4.567s] Level 1:colcon.colcon_core.package_identification:_identify(/home/chaitanya/bumperbot_ws/build/CMakeFiles/simple_controller.dir/src) by extension 'ignore'
[4.568s] Level 1:colcon.colcon_core.package_identification:_identify(/home/chaitanya/bumperbot_ws/build/CMakeFiles/simple_controller.dir/src) by extension 'ignore_ament_install'
[4.568s] Level 1:colcon.colcon_core.package_identification:_identify(/home/chaitanya/bumperbot_ws/build/CMakeFiles/simple_controller.dir/src) by extensions ['colcon_pkg']
[4.569s] Level 1:colcon.colcon_core.package_identification:_identify(/home/chaitanya/bumperbot_ws/build/CMakeFiles/simple_controller.dir/src) by extension 'colcon_pkg'
[4.570s] Level 1:colcon.colcon_core.package_identification:_identify(/home/chaitanya/bumperbot_ws/build/CMakeFiles/simple_controller.dir/src) by extensions ['colcon_meta']
[4.570s] Level 1:colcon.colcon_core.package_identification:_identify(/home/chaitanya/bumperbot_ws/build/CMakeFiles/simple_controller.dir/src) by extension 'colcon_meta'
[4.570s] Level 1:colcon.colcon_core.package_identification:_identify(/home/chaitanya/bumperbot_ws/build/CMakeFiles/simple_controller.dir/src) by extensions ['ros']
[4.571s] Level 1:colcon.colcon_core.package_identification:_identify(/home/chaitanya/bumperbot_ws/build/CMakeFiles/simple_controller.dir/src) by extension 'ros'
[4.571s] Level 1:colcon.colcon_core.package_identification:_identify(/home/chaitanya/bumperbot_ws/build/CMakeFiles/simple_controller.dir/src) by extensions ['cmake', 'python']
[4.572s] Level 1:colcon.colcon_core.package_identification:_identify(/home/chaitanya/bumperbot_ws/build/CMakeFiles/simple_controller.dir/src) by extension 'cmake'
[4.572s] Level 1:colcon.colcon_core.package_identification:_identify(/home/chaitanya/bumperbot_ws/build/CMakeFiles/simple_controller.dir/src) by extension 'python'
[4.572s] Level 1:colcon.colcon_core.package_identification:_identify(/home/chaitanya/bumperbot_ws/build/CMakeFiles/simple_controller.dir/src) by extensions ['python_setup_py']
[4.572s] Level 1:colcon.colcon_core.package_identification:_identify(/home/chaitanya/bumperbot_ws/build/CMakeFiles/simple_controller.dir/src) by extension 'python_setup_py'
[4.573s] Level 1:colcon.colcon_core.package_identification:_identify(/home/chaitanya/bumperbot_ws/build/CMakeFiles/uninstall.dir) by extensions ['ignore', 'ignore_ament_install']
[4.574s] Level 1:colcon.colcon_core.package_identification:_identify(/home/chaitanya/bumperbot_ws/build/CMakeFiles/uninstall.dir) by extension 'ignore'
[4.574s] Level 1:colcon.colcon_core.package_identification:_identify(/home/chaitanya/bumperbot_ws/build/CMakeFiles/uninstall.dir) by extension 'ignore_ament_install'
[4.575s] Level 1:colcon.colcon_core.package_identification:_identify(/home/chaitanya/bumperbot_ws/build/CMakeFiles/uninstall.dir) by extensions ['colcon_pkg']
[4.575s] Level 1:colcon.colcon_core.package_identification:_identify(/home/chaitanya/bumperbot_ws/build/CMakeFiles/uninstall.dir) by extension 'colcon_pkg'
[4.576s] Level 1:colcon.colcon_core.package_identification:_identify(/home/chaitanya/bumperbot_ws/build/CMakeFiles/uninstall.dir) by extensions ['colcon_meta']
[4.577s] Level 1:colcon.colcon_core.package_identification:_identify(/home/chaitanya/bumperbot_ws/build/CMakeFiles/uninstall.dir) by extension 'colcon_meta'
[4.578s] Level 1:colcon.colcon_core.package_identification:_identify(/home/chaitanya/bumperbot_ws/build/CMakeFiles/uninstall.dir) by extensions ['ros']
[4.579s] Level 1:colcon.colcon_core.package_identification:_identify(/home/chaitanya/bumperbot_ws/build/CMakeFiles/uninstall.dir) by extension 'ros'
[4.583s] Level 1:colcon.colcon_core.package_identification:_identify(/home/chaitanya/bumperbot_ws/build/CMakeFiles/uninstall.dir) by extensions ['cmake', 'python']
[4.585s] Level 1:colcon.colcon_core.package_identification:_identify(/home/chaitanya/bumperbot_ws/build/CMakeFiles/uninstall.dir) by extension 'cmake'
[4.585s] Level 1:colcon.colcon_core.package_identification:_identify(/home/chaitanya/bumperbot_ws/build/CMakeFiles/uninstall.dir) by extension 'python'
[4.586s] Level 1:colcon.colcon_core.package_identification:_identify(/home/chaitanya/bumperbot_ws/build/CMakeFiles/uninstall.dir) by extensions ['python_setup_py']
[4.586s] Level 1:colcon.colcon_core.package_identification:_identify(/home/chaitanya/bumperbot_ws/build/CMakeFiles/uninstall.dir) by extension 'python_setup_py'
[4.588s] Level 1:colcon.colcon_core.package_identification:_identify(/home/chaitanya/bumperbot_ws/build/Testing) by extensions ['ignore', 'ignore_ament_install']
[4.588s] Level 1:colcon.colcon_core.package_identification:_identify(/home/chaitanya/bumperbot_ws/build/Testing) by extension 'ignore'
[4.589s] Level 1:colcon.colcon_core.package_identification:_identify(/home/chaitanya/bumperbot_ws/build/Testing) by extension 'ignore_ament_install'
[4.589s] Level 1:colcon.colcon_core.package_identification:_identify(/home/chaitanya/bumperbot_ws/build/Testing) by extensions ['colcon_pkg']
[4.590s] Level 1:colcon.colcon_core.package_identification:_identify(/home/chaitanya/bumperbot_ws/build/Testing) by extension 'colcon_pkg'
[4.590s] Level 1:colcon.colcon_core.package_identification:_identify(/home/chaitanya/bumperbot_ws/build/Testing) by extensions ['colcon_meta']
[4.590s] Level 1:colcon.colcon_core.package_identification:_identify(/home/chaitanya/bumperbot_ws/build/Testing) by extension 'colcon_meta'
[4.591s] Level 1:colcon.colcon_core.package_identification:_identify(/home/chaitanya/bumperbot_ws/build/Testing) by extensions ['ros']
[4.591s] Level 1:colcon.colcon_core.package_identification:_identify(/home/chaitanya/bumperbot_ws/build/Testing) by extension 'ros'
[4.592s] Level 1:colcon.colcon_core.package_identification:_identify(/home/chaitanya/bumperbot_ws/build/Testing) by extensions ['cmake', 'python']
[4.592s] Level 1:colcon.colcon_core.package_identification:_identify(/home/chaitanya/bumperbot_ws/build/Testing) by extension 'cmake'
[4.592s] Level 1:colcon.colcon_core.package_identification:_identify(/home/chaitanya/bumperbot_ws/build/Testing) by extension 'python'
[4.592s] Level 1:colcon.colcon_core.package_identification:_identify(/home/chaitanya/bumperbot_ws/build/Testing) by extensions ['python_setup_py']
[4.593s] Level 1:colcon.colcon_core.package_identification:_identify(/home/chaitanya/bumperbot_ws/build/Testing) by extension 'python_setup_py'
[4.593s] Level 1:colcon.colcon_core.package_identification:_identify(/home/chaitanya/bumperbot_ws/build/Testing/20250518-1703) by extensions ['ignore', 'ignore_ament_install']
[4.594s] Level 1:colcon.colcon_core.package_identification:_identify(/home/chaitanya/bumperbot_ws/build/Testing/20250518-1703) by extension 'ignore'
[4.594s] Level 1:colcon.colcon_core.package_identification:_identify(/home/chaitanya/bumperbot_ws/build/Testing/20250518-1703) by extension 'ignore_ament_install'
[4.595s] Level 1:colcon.colcon_core.package_identification:_identify(/home/chaitanya/bumperbot_ws/build/Testing/20250518-1703) by extensions ['colcon_pkg']
[4.595s] Level 1:colcon.colcon_core.package_identification:_identify(/home/chaitanya/bumperbot_ws/build/Testing/20250518-1703) by extension 'colcon_pkg'
[4.595s] Level 1:colcon.colcon_core.package_identification:_identify(/home/chaitanya/bumperbot_ws/build/Testing/20250518-1703) by extensions ['colcon_meta']
[4.596s] Level 1:colcon.colcon_core.package_identification:_identify(/home/chaitanya/bumperbot_ws/build/Testing/20250518-1703) by extension 'colcon_meta'
[4.598s] Level 1:colcon.colcon_core.package_identification:_identify(/home/chaitanya/bumperbot_ws/build/Testing/20250518-1703) by extensions ['ros']
[4.599s] Level 1:colcon.colcon_core.package_identification:_identify(/home/chaitanya/bumperbot_ws/build/Testing/20250518-1703) by extension 'ros'
[4.600s] Level 1:colcon.colcon_core.package_identification:_identify(/home/chaitanya/bumperbot_ws/build/Testing/20250518-1703) by extensions ['cmake', 'python']
[4.601s] Level 1:colcon.colcon_core.package_identification:_identify(/home/chaitanya/bumperbot_ws/build/Testing/20250518-1703) by extension 'cmake'
[4.604s] Level 1:colcon.colcon_core.package_identification:_identify(/home/chaitanya/bumperbot_ws/build/Testing/20250518-1703) by extension 'python'
[4.604s] Level 1:colcon.colcon_core.package_identification:_identify(/home/chaitanya/bumperbot_ws/build/Testing/20250518-1703) by extensions ['python_setup_py']
[4.605s] Level 1:colcon.colcon_core.package_identification:_identify(/home/chaitanya/bumperbot_ws/build/Testing/20250518-1703) by extension 'python_setup_py'
[4.606s] Level 1:colcon.colcon_core.package_identification:_identify(/home/chaitanya/bumperbot_ws/build/Testing/Temporary) by extensions ['ignore', 'ignore_ament_install']
[4.607s] Level 1:colcon.colcon_core.package_identification:_identify(/home/chaitanya/bumperbot_ws/build/Testing/Temporary) by extension 'ignore'
[4.608s] Level 1:colcon.colcon_core.package_identification:_identify(/home/chaitanya/bumperbot_ws/build/Testing/Temporary) by extension 'ignore_ament_install'
[4.608s] Level 1:colcon.colcon_core.package_identification:_identify(/home/chaitanya/bumperbot_ws/build/Testing/Temporary) by extensions ['colcon_pkg']
[4.609s] Level 1:colcon.colcon_core.package_identification:_identify(/home/chaitanya/bumperbot_ws/build/Testing/Temporary) by extension 'colcon_pkg'
[4.609s] Level 1:colcon.colcon_core.package_identification:_identify(/home/chaitanya/bumperbot_ws/build/Testing/Temporary) by extensions ['colcon_meta']
[4.609s] Level 1:colcon.colcon_core.package_identification:_identify(/home/chaitanya/bumperbot_ws/build/Testing/Temporary) by extension 'colcon_meta'
[4.609s] Level 1:colcon.colcon_core.package_identification:_identify(/home/chaitanya/bumperbot_ws/build/Testing/Temporary) by extensions ['ros']
[4.610s] Level 1:colcon.colcon_core.package_identification:_identify(/home/chaitanya/bumperbot_ws/build/Testing/Temporary) by extension 'ros'
[4.611s] Level 1:colcon.colcon_core.package_identification:_identify(/home/chaitanya/bumperbot_ws/build/Testing/Temporary) by extensions ['cmake', 'python']
[4.611s] Level 1:colcon.colcon_core.package_identification:_identify(/home/chaitanya/bumperbot_ws/build/Testing/Temporary) by extension 'cmake'
[4.611s] Level 1:colcon.colcon_core.package_identification:_identify(/home/chaitanya/bumperbot_ws/build/Testing/Temporary) by extension 'python'
[4.612s] Level 1:colcon.colcon_core.package_identification:_identify(/home/chaitanya/bumperbot_ws/build/Testing/Temporary) by extensions ['python_setup_py']
[4.612s] Level 1:colcon.colcon_core.package_identification:_identify(/home/chaitanya/bumperbot_ws/build/Testing/Temporary) by extension 'python_setup_py'
[4.613s] Level 1:colcon.colcon_core.package_identification:_identify(/home/chaitanya/bumperbot_ws/build/ament_cmake_core) by extensions ['ignore', 'ignore_ament_install']
[4.613s] Level 1:colcon.colcon_core.package_identification:_identify(/home/chaitanya/bumperbot_ws/build/ament_cmake_core) by extension 'ignore'
[4.614s] Level 1:colcon.colcon_core.package_identification:_identify(/home/chaitanya/bumperbot_ws/build/ament_cmake_core) by extension 'ignore_ament_install'
[4.614s] Level 1:colcon.colcon_core.package_identification:_identify(/home/chaitanya/bumperbot_ws/build/ament_cmake_core) by extensions ['colcon_pkg']
[4.615s] Level 1:colcon.colcon_core.package_identification:_identify(/home/chaitanya/bumperbot_ws/build/ament_cmake_core) by extension 'colcon_pkg'
[4.616s] Level 1:colcon.colcon_core.package_identification:_identify(/home/chaitanya/bumperbot_ws/build/ament_cmake_core) by extensions ['colcon_meta']
[4.617s] Level 1:colcon.colcon_core.package_identification:_identify(/home/chaitanya/bumperbot_ws/build/ament_cmake_core) by extension 'colcon_meta'
[4.619s] Level 1:colcon.colcon_core.package_identification:_identify(/home/chaitanya/bumperbot_ws/build/ament_cmake_core) by extensions ['ros']
[4.620s] Level 1:colcon.colcon_core.package_identification:_identify(/home/chaitanya/bumperbot_ws/build/ament_cmake_core) by extension 'ros'
[4.624s] Level 1:colcon.colcon_core.package_identification:_identify(/home/chaitanya/bumperbot_ws/build/ament_cmake_core) by extensions ['cmake', 'python']
[4.624s] Level 1:colcon.colcon_core.package_identification:_identify(/home/chaitanya/bumperbot_ws/build/ament_cmake_core) by extension 'cmake'
[4.624s] Level 1:colcon.colcon_core.package_identification:_identify(/home/chaitanya/bumperbot_ws/build/ament_cmake_core) by extension 'python'
[4.625s] Level 1:colcon.colcon_core.package_identification:_identify(/home/chaitanya/bumperbot_ws/build/ament_cmake_core) by extensions ['python_setup_py']
[4.626s] Level 1:colcon.colcon_core.package_identification:_identify(/home/chaitanya/bumperbot_ws/build/ament_cmake_core) by extension 'python_setup_py'
[4.628s] Level 1:colcon.colcon_core.package_identification:_identify(/home/chaitanya/bumperbot_ws/build/ament_cmake_core/stamps) by extensions ['ignore', 'ignore_ament_install']
[4.629s] Level 1:colcon.colcon_core.package_identification:_identify(/home/chaitanya/bumperbot_ws/build/ament_cmake_core/stamps) by extension 'ignore'
[4.629s] Level 1:colcon.colcon_core.package_identification:_identify(/home/chaitanya/bumperbot_ws/build/ament_cmake_core/stamps) by extension 'ignore_ament_install'
[4.630s] Level 1:colcon.colcon_core.package_identification:_identify(/home/chaitanya/bumperbot_ws/build/ament_cmake_core/stamps) by extensions ['colcon_pkg']
[4.630s] Level 1:colcon.colcon_core.package_identification:_identify(/home/chaitanya/bumperbot_ws/build/ament_cmake_core/stamps) by extension 'colcon_pkg'
[4.631s] Level 1:colcon.colcon_core.package_identification:_identify(/home/chaitanya/bumperbot_ws/build/ament_cmake_core/stamps) by extensions ['colcon_meta']
[4.631s] Level 1:colcon.colcon_core.package_identification:_identify(/home/chaitanya/bumperbot_ws/build/ament_cmake_core/stamps) by extension 'colcon_meta'
[4.632s] Level 1:colcon.colcon_core.package_identification:_identify(/home/chaitanya/bumperbot_ws/build/ament_cmake_core/stamps) by extensions ['ros']
[4.632s] Level 1:colcon.colcon_core.package_identification:_identify(/home/chaitanya/bumperbot_ws/build/ament_cmake_core/stamps) by extension 'ros'
[4.634s] Level 1:colcon.colcon_core.package_identification:_identify(/home/chaitanya/bumperbot_ws/build/ament_cmake_core/stamps) by extensions ['cmake', 'python']
[4.638s] Level 1:colcon.colcon_core.package_identification:_identify(/home/chaitanya/bumperbot_ws/build/ament_cmake_core/stamps) by extension 'cmake'
[4.639s] Level 1:colcon.colcon_core.package_identification:_identify(/home/chaitanya/bumperbot_ws/build/ament_cmake_core/stamps) by extension 'python'
[4.641s] Level 1:colcon.colcon_core.package_identification:_identify(/home/chaitanya/bumperbot_ws/build/ament_cmake_core/stamps) by extensions ['python_setup_py']
[4.646s] Level 1:colcon.colcon_core.package_identification:_identify(/home/chaitanya/bumperbot_ws/build/ament_cmake_core/stamps) by extension 'python_setup_py'
[4.648s] Level 1:colcon.colcon_core.package_identification:_identify(/home/chaitanya/bumperbot_ws/build/ament_cmake_environment_hooks) by extensions ['ignore', 'ignore_ament_install']
[4.648s] Level 1:colcon.colcon_core.package_identification:_identify(/home/chaitanya/bumperbot_ws/build/ament_cmake_environment_hooks) by extension 'ignore'
[4.649s] Level 1:colcon.colcon_core.package_identification:_identify(/home/chaitanya/bumperbot_ws/build/ament_cmake_environment_hooks) by extension 'ignore_ament_install'
[4.650s] Level 1:colcon.colcon_core.package_identification:_identify(/home/chaitanya/bumperbot_ws/build/ament_cmake_environment_hooks) by extensions ['colcon_pkg']
[4.651s] Level 1:colcon.colcon_core.package_identification:_identify(/home/chaitanya/bumperbot_ws/build/ament_cmake_environment_hooks) by extension 'colcon_pkg'
[4.651s] Level 1:colcon.colcon_core.package_identification:_identify(/home/chaitanya/bumperbot_ws/build/ament_cmake_environment_hooks) by extensions ['colcon_meta']
[4.652s] Level 1:colcon.colcon_core.package_identification:_identify(/home/chaitanya/bumperbot_ws/build/ament_cmake_environment_hooks) by extension 'colcon_meta'
[4.653s] Level 1:colcon.colcon_core.package_identification:_identify(/home/chaitanya/bumperbot_ws/build/ament_cmake_environment_hooks) by extensions ['ros']
[4.653s] Level 1:colcon.colcon_core.package_identification:_identify(/home/chaitanya/bumperbot_ws/build/ament_cmake_environment_hooks) by extension 'ros'
[4.655s] Level 1:colcon.colcon_core.package_identification:_identify(/home/chaitanya/bumperbot_ws/build/ament_cmake_environment_hooks) by extensions ['cmake', 'python']
[4.655s] Level 1:colcon.colcon_core.package_identification:_identify(/home/chaitanya/bumperbot_ws/build/ament_cmake_environment_hooks) by extension 'cmake'
[4.657s] Level 1:colcon.colcon_core.package_identification:_identify(/home/chaitanya/bumperbot_ws/build/ament_cmake_environment_hooks) by extension 'python'
[4.658s] Level 1:colcon.colcon_core.package_identification:_identify(/home/chaitanya/bumperbot_ws/build/ament_cmake_environment_hooks) by extensions ['python_setup_py']
[4.658s] Level 1:colcon.colcon_core.package_identification:_identify(/home/chaitanya/bumperbot_ws/build/ament_cmake_environment_hooks) by extension 'python_setup_py'
[4.659s] Level 1:colcon.colcon_core.package_identification:_identify(/home/chaitanya/bumperbot_ws/build/ament_cmake_index) by extensions ['ignore', 'ignore_ament_install']
[4.661s] Level 1:colcon.colcon_core.package_identification:_identify(/home/chaitanya/bumperbot_ws/build/ament_cmake_index) by extension 'ignore'
[4.663s] Level 1:colcon.colcon_core.package_identification:_identify(/home/chaitanya/bumperbot_ws/build/ament_cmake_index) by extension 'ignore_ament_install'
[4.666s] Level 1:colcon.colcon_core.package_identification:_identify(/home/chaitanya/bumperbot_ws/build/ament_cmake_index) by extensions ['colcon_pkg']
[4.667s] Level 1:colcon.colcon_core.package_identification:_identify(/home/chaitanya/bumperbot_ws/build/ament_cmake_index) by extension 'colcon_pkg'
[4.671s] Level 1:colcon.colcon_core.package_identification:_identify(/home/chaitanya/bumperbot_ws/build/ament_cmake_index) by extensions ['colcon_meta']
[4.671s] Level 1:colcon.colcon_core.package_identification:_identify(/home/chaitanya/bumperbot_ws/build/ament_cmake_index) by extension 'colcon_meta'
[4.672s] Level 1:colcon.colcon_core.package_identification:_identify(/home/chaitanya/bumperbot_ws/build/ament_cmake_index) by extensions ['ros']
[4.672s] Level 1:colcon.colcon_core.package_identification:_identify(/home/chaitanya/bumperbot_ws/build/ament_cmake_index) by extension 'ros'
[4.673s] Level 1:colcon.colcon_core.package_identification:_identify(/home/chaitanya/bumperbot_ws/build/ament_cmake_index) by extensions ['cmake', 'python']
[4.673s] Level 1:colcon.colcon_core.package_identification:_identify(/home/chaitanya/bumperbot_ws/build/ament_cmake_index) by extension 'cmake'
[4.673s] Level 1:colcon.colcon_core.package_identification:_identify(/home/chaitanya/bumperbot_ws/build/ament_cmake_index) by extension 'python'
[4.674s] Level 1:colcon.colcon_core.package_identification:_identify(/home/chaitanya/bumperbot_ws/build/ament_cmake_index) by extensions ['python_setup_py']
[4.674s] Level 1:colcon.colcon_core.package_identification:_identify(/home/chaitanya/bumperbot_ws/build/ament_cmake_index) by extension 'python_setup_py'
[4.676s] Level 1:colcon.colcon_core.package_identification:_identify(/home/chaitanya/bumperbot_ws/build/ament_cmake_index/share) by extensions ['ignore', 'ignore_ament_install']
[4.676s] Level 1:colcon.colcon_core.package_identification:_identify(/home/chaitanya/bumperbot_ws/build/ament_cmake_index/share) by extension 'ignore'
[4.677s] Level 1:colcon.colcon_core.package_identification:_identify(/home/chaitanya/bumperbot_ws/build/ament_cmake_index/share) by extension 'ignore_ament_install'
[4.677s] Level 1:colcon.colcon_core.package_identification:_identify(/home/chaitanya/bumperbot_ws/build/ament_cmake_index/share) by extensions ['colcon_pkg']
[4.677s] Level 1:colcon.colcon_core.package_identification:_identify(/home/chaitanya/bumperbot_ws/build/ament_cmake_index/share) by extension 'colcon_pkg'
[4.678s] Level 1:colcon.colcon_core.package_identification:_identify(/home/chaitanya/bumperbot_ws/build/ament_cmake_index/share) by extensions ['colcon_meta']
[4.678s] Level 1:colcon.colcon_core.package_identification:_identify(/home/chaitanya/bumperbot_ws/build/ament_cmake_index/share) by extension 'colcon_meta'
[4.678s] Level 1:colcon.colcon_core.package_identification:_identify(/home/chaitanya/bumperbot_ws/build/ament_cmake_index/share) by extensions ['ros']
[4.678s] Level 1:colcon.colcon_core.package_identification:_identify(/home/chaitanya/bumperbot_ws/build/ament_cmake_index/share) by extension 'ros'
[4.679s] Level 1:colcon.colcon_core.package_identification:_identify(/home/chaitanya/bumperbot_ws/build/ament_cmake_index/share) by extensions ['cmake', 'python']
[4.680s] Level 1:colcon.colcon_core.package_identification:_identify(/home/chaitanya/bumperbot_ws/build/ament_cmake_index/share) by extension 'cmake'
[4.680s] Level 1:colcon.colcon_core.package_identification:_identify(/home/chaitanya/bumperbot_ws/build/ament_cmake_index/share) by extension 'python'
[4.681s] Level 1:colcon.colcon_core.package_identification:_identify(/home/chaitanya/bumperbot_ws/build/ament_cmake_index/share) by extensions ['python_setup_py']
[4.681s] Level 1:colcon.colcon_core.package_identification:_identify(/home/chaitanya/bumperbot_ws/build/ament_cmake_index/share) by extension 'python_setup_py'
[4.682s] Level 1:colcon.colcon_core.package_identification:_identify(/home/chaitanya/bumperbot_ws/build/ament_cmake_index/share/ament_index) by extensions ['ignore', 'ignore_ament_install']
[4.682s] Level 1:colcon.colcon_core.package_identification:_identify(/home/chaitanya/bumperbot_ws/build/ament_cmake_index/share/ament_index) by extension 'ignore'
[4.683s] Level 1:colcon.colcon_core.package_identification:_identify(/home/chaitanya/bumperbot_ws/build/ament_cmake_index/share/ament_index) by extension 'ignore_ament_install'
[4.683s] Level 1:colcon.colcon_core.package_identification:_identify(/home/chaitanya/bumperbot_ws/build/ament_cmake_index/share/ament_index) by extensions ['colcon_pkg']
[4.685s] Level 1:colcon.colcon_core.package_identification:_identify(/home/chaitanya/bumperbot_ws/build/ament_cmake_index/share/ament_index) by extension 'colcon_pkg'
[4.686s] Level 1:colcon.colcon_core.package_identification:_identify(/home/chaitanya/bumperbot_ws/build/ament_cmake_index/share/ament_index) by extensions ['colcon_meta']
[4.686s] Level 1:colcon.colcon_core.package_identification:_identify(/home/chaitanya/bumperbot_ws/build/ament_cmake_index/share/ament_index) by extension 'colcon_meta'
[4.687s] Level 1:colcon.colcon_core.package_identification:_identify(/home/chaitanya/bumperbot_ws/build/ament_cmake_index/share/ament_index) by extensions ['ros']
[4.687s] Level 1:colcon.colcon_core.package_identification:_identify(/home/chaitanya/bumperbot_ws/build/ament_cmake_index/share/ament_index) by extension 'ros'
[4.688s] Level 1:colcon.colcon_core.package_identification:_identify(/home/chaitanya/bumperbot_ws/build/ament_cmake_index/share/ament_index) by extensions ['cmake', 'python']
[4.688s] Level 1:colcon.colcon_core.package_identification:_identify(/home/chaitanya/bumperbot_ws/build/ament_cmake_index/share/ament_index) by extension 'cmake'
[4.688s] Level 1:colcon.colcon_core.package_identification:_identify(/home/chaitanya/bumperbot_ws/build/ament_cmake_index/share/ament_index) by extension 'python'
[4.689s] Level 1:colcon.colcon_core.package_identification:_identify(/home/chaitanya/bumperbot_ws/build/ament_cmake_index/share/ament_index) by extensions ['python_setup_py']
[4.689s] Level 1:colcon.colcon_core.package_identification:_identify(/home/chaitanya/bumperbot_ws/build/ament_cmake_index/share/ament_index) by extension 'python_setup_py'
[4.690s] Level 1:colcon.colcon_core.package_identification:_identify(/home/chaitanya/bumperbot_ws/build/ament_cmake_index/share/ament_index/resource_index) by extensions ['ignore', 'ignore_ament_install']
[4.690s] Level 1:colcon.colcon_core.package_identification:_identify(/home/chaitanya/bumperbot_ws/build/ament_cmake_index/share/ament_index/resource_index) by extension 'ignore'
[4.691s] Level 1:colcon.colcon_core.package_identification:_identify(/home/chaitanya/bumperbot_ws/build/ament_cmake_index/share/ament_index/resource_index) by extension 'ignore_ament_install'
[4.691s] Level 1:colcon.colcon_core.package_identification:_identify(/home/chaitanya/bumperbot_ws/build/ament_cmake_index/share/ament_index/resource_index) by extensions ['colcon_pkg']
[4.692s] Level 1:colcon.colcon_core.package_identification:_identify(/home/chaitanya/bumperbot_ws/build/ament_cmake_index/share/ament_index/resource_index) by extension 'colcon_pkg'
[4.692s] Level 1:colcon.colcon_core.package_identification:_identify(/home/chaitanya/bumperbot_ws/build/ament_cmake_index/share/ament_index/resource_index) by extensions ['colcon_meta']
[4.692s] Level 1:colcon.colcon_core.package_identification:_identify(/home/chaitanya/bumperbot_ws/build/ament_cmake_index/share/ament_index/resource_index) by extension 'colcon_meta'
[4.693s] Level 1:colcon.colcon_core.package_identification:_identify(/home/chaitanya/bumperbot_ws/build/ament_cmake_index/share/ament_index/resource_index) by extensions ['ros']
[4.693s] Level 1:colcon.colcon_core.package_identification:_identify(/home/chaitanya/bumperbot_ws/build/ament_cmake_index/share/ament_index/resource_index) by extension 'ros'
[4.693s] Level 1:colcon.colcon_core.package_identification:_identify(/home/chaitanya/bumperbot_ws/build/ament_cmake_index/share/ament_index/resource_index) by extensions ['cmake', 'python']
[4.694s] Level 1:colcon.colcon_core.package_identification:_identify(/home/chaitanya/bumperbot_ws/build/ament_cmake_index/share/ament_index/resource_index) by extension 'cmake'
[4.694s] Level 1:colcon.colcon_core.package_identification:_identify(/home/chaitanya/bumperbot_ws/build/ament_cmake_index/share/ament_index/resource_index) by extension 'python'
[4.694s] Level 1:colcon.colcon_core.package_identification:_identify(/home/chaitanya/bumperbot_ws/build/ament_cmake_index/share/ament_index/resource_index) by extensions ['python_setup_py']
[4.694s] Level 1:colcon.colcon_core.package_identification:_identify(/home/chaitanya/bumperbot_ws/build/ament_cmake_index/share/ament_index/resource_index) by extension 'python_setup_py'
[4.695s] Level 1:colcon.colcon_core.package_identification:_identify(/home/chaitanya/bumperbot_ws/build/ament_cmake_index/share/ament_index/resource_index/package_run_dependencies) by extensions ['ignore', 'ignore_ament_install']
[4.696s] Level 1:colcon.colcon_core.package_identification:_identify(/home/chaitanya/bumperbot_ws/build/ament_cmake_index/share/ament_index/resource_index/package_run_dependencies) by extension 'ignore'
[4.696s] Level 1:colcon.colcon_core.package_identification:_identify(/home/chaitanya/bumperbot_ws/build/ament_cmake_index/share/ament_index/resource_index/package_run_dependencies) by extension 'ignore_ament_install'
[4.697s] Level 1:colcon.colcon_core.package_identification:_identify(/home/chaitanya/bumperbot_ws/build/ament_cmake_index/share/ament_index/resource_index/package_run_dependencies) by extensions ['colcon_pkg']
[4.697s] Level 1:colcon.colcon_core.package_identification:_identify(/home/chaitanya/bumperbot_ws/build/ament_cmake_index/share/ament_index/resource_index/package_run_dependencies) by extension 'colcon_pkg'
[4.697s] Level 1:colcon.colcon_core.package_identification:_identify(/home/chaitanya/bumperbot_ws/build/ament_cmake_index/share/ament_index/resource_index/package_run_dependencies) by extensions ['colcon_meta']
[4.697s] Level 1:colcon.colcon_core.package_identification:_identify(/home/chaitanya/bumperbot_ws/build/ament_cmake_index/share/ament_index/resource_index/package_run_dependencies) by extension 'colcon_meta'
[4.699s] Level 1:colcon.colcon_core.package_identification:_identify(/home/chaitanya/bumperbot_ws/build/ament_cmake_index/share/ament_index/resource_index/package_run_dependencies) by extensions ['ros']
[4.700s] Level 1:colcon.colcon_core.package_identification:_identify(/home/chaitanya/bumperbot_ws/build/ament_cmake_index/share/ament_index/resource_index/package_run_dependencies) by extension 'ros'
[4.701s] Level 1:colcon.colcon_core.package_identification:_identify(/home/chaitanya/bumperbot_ws/build/ament_cmake_index/share/ament_index/resource_index/package_run_dependencies) by extensions ['cmake', 'python']
[4.701s] Level 1:colcon.colcon_core.package_identification:_identify(/home/chaitanya/bumperbot_ws/build/ament_cmake_index/share/ament_index/resource_index/package_run_dependencies) by extension 'cmake'
[4.702s] Level 1:colcon.colcon_core.package_identification:_identify(/home/chaitanya/bumperbot_ws/build/ament_cmake_index/share/ament_index/resource_index/package_run_dependencies) by extension 'python'
[4.703s] Level 1:colcon.colcon_core.package_identification:_identify(/home/chaitanya/bumperbot_ws/build/ament_cmake_index/share/ament_index/resource_index/package_run_dependencies) by extensions ['python_setup_py']
[4.704s] Level 1:colcon.colcon_core.package_identification:_identify(/home/chaitanya/bumperbot_ws/build/ament_cmake_index/share/ament_index/resource_index/package_run_dependencies) by extension 'python_setup_py'
[4.708s] Level 1:colcon.colcon_core.package_identification:_identify(/home/chaitanya/bumperbot_ws/build/ament_cmake_index/share/ament_index/resource_index/packages) by extensions ['ignore', 'ignore_ament_install']
[4.711s] Level 1:colcon.colcon_core.package_identification:_identify(/home/chaitanya/bumperbot_ws/build/ament_cmake_index/share/ament_index/resource_index/packages) by extension 'ignore'
[4.712s] Level 1:colcon.colcon_core.package_identification:_identify(/home/chaitanya/bumperbot_ws/build/ament_cmake_index/share/ament_index/resource_index/packages) by extension 'ignore_ament_install'
[4.713s] Level 1:colcon.colcon_core.package_identification:_identify(/home/chaitanya/bumperbot_ws/build/ament_cmake_index/share/ament_index/resource_index/packages) by extensions ['colcon_pkg']
[4.714s] Level 1:colcon.colcon_core.package_identification:_identify(/home/chaitanya/bumperbot_ws/build/ament_cmake_index/share/ament_index/resource_index/packages) by extension 'colcon_pkg'
[4.714s] Level 1:colcon.colcon_core.package_identification:_identify(/home/chaitanya/bumperbot_ws/build/ament_cmake_index/share/ament_index/resource_index/packages) by extensions ['colcon_meta']
[4.715s] Level 1:colcon.colcon_core.package_identification:_identify(/home/chaitanya/bumperbot_ws/build/ament_cmake_index/share/ament_index/resource_index/packages) by extension 'colcon_meta'
[4.715s] Level 1:colcon.colcon_core.package_identification:_identify(/home/chaitanya/bumperbot_ws/build/ament_cmake_index/share/ament_index/resource_index/packages) by extensions ['ros']
[4.715s] Level 1:colcon.colcon_core.package_identification:_identify(/home/chaitanya/bumperbot_ws/build/ament_cmake_index/share/ament_index/resource_index/packages) by extension 'ros'
[4.716s] Level 1:colcon.colcon_core.package_identification:_identify(/home/chaitanya/bumperbot_ws/build/ament_cmake_index/share/ament_index/resource_index/packages) by extensions ['cmake', 'python']
[4.716s] Level 1:colcon.colcon_core.package_identification:_identify(/home/chaitanya/bumperbot_ws/build/ament_cmake_index/share/ament_index/resource_index/packages) by extension 'cmake'
[4.717s] Level 1:colcon.colcon_core.package_identification:_identify(/home/chaitanya/bumperbot_ws/build/ament_cmake_index/share/ament_index/resource_index/packages) by extension 'python'
[4.717s] Level 1:colcon.colcon_core.package_identification:_identify(/home/chaitanya/bumperbot_ws/build/ament_cmake_index/share/ament_index/resource_index/packages) by extensions ['python_setup_py']
[4.717s] Level 1:colcon.colcon_core.package_identification:_identify(/home/chaitanya/bumperbot_ws/build/ament_cmake_index/share/ament_index/resource_index/packages) by extension 'python_setup_py'
[4.718s] Level 1:colcon.colcon_core.package_identification:_identify(/home/chaitanya/bumperbot_ws/build/ament_cmake_index/share/ament_index/resource_index/parent_prefix_path) by extensions ['ignore', 'ignore_ament_install']
[4.719s] Level 1:colcon.colcon_core.package_identification:_identify(/home/chaitanya/bumperbot_ws/build/ament_cmake_index/share/ament_index/resource_index/parent_prefix_path) by extension 'ignore'
[4.720s] Level 1:colcon.colcon_core.package_identification:_identify(/home/chaitanya/bumperbot_ws/build/ament_cmake_index/share/ament_index/resource_index/parent_prefix_path) by extension 'ignore_ament_install'
[4.721s] Level 1:colcon.colcon_core.package_identification:_identify(/home/chaitanya/bumperbot_ws/build/ament_cmake_index/share/ament_index/resource_index/parent_prefix_path) by extensions ['colcon_pkg']
[4.721s] Level 1:colcon.colcon_core.package_identification:_identify(/home/chaitanya/bumperbot_ws/build/ament_cmake_index/share/ament_index/resource_index/parent_prefix_path) by extension 'colcon_pkg'
[4.722s] Level 1:colcon.colcon_core.package_identification:_identify(/home/chaitanya/bumperbot_ws/build/ament_cmake_index/share/ament_index/resource_index/parent_prefix_path) by extensions ['colcon_meta']
[4.722s] Level 1:colcon.colcon_core.package_identification:_identify(/home/chaitanya/bumperbot_ws/build/ament_cmake_index/share/ament_index/resource_index/parent_prefix_path) by extension 'colcon_meta'
[4.723s] Level 1:colcon.colcon_core.package_identification:_identify(/home/chaitanya/bumperbot_ws/build/ament_cmake_index/share/ament_index/resource_index/parent_prefix_path) by extensions ['ros']
[4.723s] Level 1:colcon.colcon_core.package_identification:_identify(/home/chaitanya/bumperbot_ws/build/ament_cmake_index/share/ament_index/resource_index/parent_prefix_path) by extension 'ros'
[4.724s] Level 1:colcon.colcon_core.package_identification:_identify(/home/chaitanya/bumperbot_ws/build/ament_cmake_index/share/ament_index/resource_index/parent_prefix_path) by extensions ['cmake', 'python']
[4.724s] Level 1:colcon.colcon_core.package_identification:_identify(/home/chaitanya/bumperbot_ws/build/ament_cmake_index/share/ament_index/resource_index/parent_prefix_path) by extension 'cmake'
[4.725s] Level 1:colcon.colcon_core.package_identification:_identify(/home/chaitanya/bumperbot_ws/build/ament_cmake_index/share/ament_index/resource_index/parent_prefix_path) by extension 'python'
[4.725s] Level 1:colcon.colcon_core.package_identification:_identify(/home/chaitanya/bumperbot_ws/build/ament_cmake_index/share/ament_index/resource_index/parent_prefix_path) by extensions ['python_setup_py']
[4.725s] Level 1:colcon.colcon_core.package_identification:_identify(/home/chaitanya/bumperbot_ws/build/ament_cmake_index/share/ament_index/resource_index/parent_prefix_path) by extension 'python_setup_py'
[4.726s] Level 1:colcon.colcon_core.package_identification:_identify(/home/chaitanya/bumperbot_ws/build/ament_cmake_package_templates) by extensions ['ignore', 'ignore_ament_install']
[4.727s] Level 1:colcon.colcon_core.package_identification:_identify(/home/chaitanya/bumperbot_ws/build/ament_cmake_package_templates) by extension 'ignore'
[4.728s] Level 1:colcon.colcon_core.package_identification:_identify(/home/chaitanya/bumperbot_ws/build/ament_cmake_package_templates) by extension 'ignore_ament_install'
[4.728s] Level 1:colcon.colcon_core.package_identification:_identify(/home/chaitanya/bumperbot_ws/build/ament_cmake_package_templates) by extensions ['colcon_pkg']
[4.729s] Level 1:colcon.colcon_core.package_identification:_identify(/home/chaitanya/bumperbot_ws/build/ament_cmake_package_templates) by extension 'colcon_pkg'
[4.730s] Level 1:colcon.colcon_core.package_identification:_identify(/home/chaitanya/bumperbot_ws/build/ament_cmake_package_templates) by extensions ['colcon_meta']
[4.730s] Level 1:colcon.colcon_core.package_identification:_identify(/home/chaitanya/bumperbot_ws/build/ament_cmake_package_templates) by extension 'colcon_meta'
[4.731s] Level 1:colcon.colcon_core.package_identification:_identify(/home/chaitanya/bumperbot_ws/build/ament_cmake_package_templates) by extensions ['ros']
[4.732s] Level 1:colcon.colcon_core.package_identification:_identify(/home/chaitanya/bumperbot_ws/build/ament_cmake_package_templates) by extension 'ros'
[4.733s] Level 1:colcon.colcon_core.package_identification:_identify(/home/chaitanya/bumperbot_ws/build/ament_cmake_package_templates) by extensions ['cmake', 'python']
[4.733s] Level 1:colcon.colcon_core.package_identification:_identify(/home/chaitanya/bumperbot_ws/build/ament_cmake_package_templates) by extension 'cmake'
[4.735s] Level 1:colcon.colcon_core.package_identification:_identify(/home/chaitanya/bumperbot_ws/build/ament_cmake_package_templates) by extension 'python'
[4.736s] Level 1:colcon.colcon_core.package_identification:_identify(/home/chaitanya/bumperbot_ws/build/ament_cmake_package_templates) by extensions ['python_setup_py']
[4.739s] Level 1:colcon.colcon_core.package_identification:_identify(/home/chaitanya/bumperbot_ws/build/ament_cmake_package_templates) by extension 'python_setup_py'
[4.742s] Level 1:colcon.colcon_core.package_identification:_identify(/home/chaitanya/bumperbot_ws/build/ament_cmake_python) by extensions ['ignore', 'ignore_ament_install']
[4.743s] Level 1:colcon.colcon_core.package_identification:_identify(/home/chaitanya/bumperbot_ws/build/ament_cmake_python) by extension 'ignore'
[4.743s] Level 1:colcon.colcon_core.package_identification:_identify(/home/chaitanya/bumperbot_ws/build/ament_cmake_python) by extension 'ignore_ament_install'
[4.744s] Level 1:colcon.colcon_core.package_identification:_identify(/home/chaitanya/bumperbot_ws/build/ament_cmake_python) by extensions ['colcon_pkg']
[4.745s] Level 1:colcon.colcon_core.package_identification:_identify(/home/chaitanya/bumperbot_ws/build/ament_cmake_python) by extension 'colcon_pkg'
[4.746s] Level 1:colcon.colcon_core.package_identification:_identify(/home/chaitanya/bumperbot_ws/build/ament_cmake_python) by extensions ['colcon_meta']
[4.746s] Level 1:colcon.colcon_core.package_identification:_identify(/home/chaitanya/bumperbot_ws/build/ament_cmake_python) by extension 'colcon_meta'
[4.746s] Level 1:colcon.colcon_core.package_identification:_identify(/home/chaitanya/bumperbot_ws/build/ament_cmake_python) by extensions ['ros']
[4.747s] Level 1:colcon.colcon_core.package_identification:_identify(/home/chaitanya/bumperbot_ws/build/ament_cmake_python) by extension 'ros'
[4.747s] Level 1:colcon.colcon_core.package_identification:_identify(/home/chaitanya/bumperbot_ws/build/ament_cmake_python) by extensions ['cmake', 'python']
[4.748s] Level 1:colcon.colcon_core.package_identification:_identify(/home/chaitanya/bumperbot_ws/build/ament_cmake_python) by extension 'cmake'
[4.748s] Level 1:colcon.colcon_core.package_identification:_identify(/home/chaitanya/bumperbot_ws/build/ament_cmake_python) by extension 'python'
[4.749s] Level 1:colcon.colcon_core.package_identification:_identify(/home/chaitanya/bumperbot_ws/build/ament_cmake_python) by extensions ['python_setup_py']
[4.749s] Level 1:colcon.colcon_core.package_identification:_identify(/home/chaitanya/bumperbot_ws/build/ament_cmake_python) by extension 'python_setup_py'
[4.751s] Level 1:colcon.colcon_core.package_identification:_identify(/home/chaitanya/bumperbot_ws/build/ament_cmake_python/bumperbot_controller) by extensions ['ignore', 'ignore_ament_install']
[4.753s] Level 1:colcon.colcon_core.package_identification:_identify(/home/chaitanya/bumperbot_ws/build/ament_cmake_python/bumperbot_controller) by extension 'ignore'
[4.755s] Level 1:colcon.colcon_core.package_identification:_identify(/home/chaitanya/bumperbot_ws/build/ament_cmake_python/bumperbot_controller) by extension 'ignore_ament_install'
[4.757s] Level 1:colcon.colcon_core.package_identification:_identify(/home/chaitanya/bumperbot_ws/build/ament_cmake_python/bumperbot_controller) by extensions ['colcon_pkg']
[4.758s] Level 1:colcon.colcon_core.package_identification:_identify(/home/chaitanya/bumperbot_ws/build/ament_cmake_python/bumperbot_controller) by extension 'colcon_pkg'
[4.758s] Level 1:colcon.colcon_core.package_identification:_identify(/home/chaitanya/bumperbot_ws/build/ament_cmake_python/bumperbot_controller) by extensions ['colcon_meta']
[4.759s] Level 1:colcon.colcon_core.package_identification:_identify(/home/chaitanya/bumperbot_ws/build/ament_cmake_python/bumperbot_controller) by extension 'colcon_meta'
[4.759s] Level 1:colcon.colcon_core.package_identification:_identify(/home/chaitanya/bumperbot_ws/build/ament_cmake_python/bumperbot_controller) by extensions ['ros']
[4.760s] Level 1:colcon.colcon_core.package_identification:_identify(/home/chaitanya/bumperbot_ws/build/ament_cmake_python/bumperbot_controller) by extension 'ros'
[4.760s] Level 1:colcon.colcon_core.package_identification:_identify(/home/chaitanya/bumperbot_ws/build/ament_cmake_python/bumperbot_controller) by extensions ['cmake', 'python']
[4.761s] Level 1:colcon.colcon_core.package_identification:_identify(/home/chaitanya/bumperbot_ws/build/ament_cmake_python/bumperbot_controller) by extension 'cmake'
[4.761s] Level 1:colcon.colcon_core.package_identification:_identify(/home/chaitanya/bumperbot_ws/build/ament_cmake_python/bumperbot_controller) by extension 'python'
[4.762s] Level 1:colcon.colcon_core.package_identification:_identify(/home/chaitanya/bumperbot_ws/build/ament_cmake_python/bumperbot_controller) by extensions ['python_setup_py']
[4.762s] Level 1:colcon.colcon_core.package_identification:_identify(/home/chaitanya/bumperbot_ws/build/ament_cmake_python/bumperbot_controller) by extension 'python_setup_py'
[7.291s] DEBUG:colcon.colcon_core.package_identification:Package '/home/chaitanya/bumperbot_ws/build/ament_cmake_python/bumperbot_controller' with type 'python' and name 'bumperbot_controller'
[7.293s] Level 1:colcon.colcon_core.package_identification:_identify(/home/chaitanya/bumperbot_ws/build/ament_cmake_uninstall_target) by extensions ['ignore', 'ignore_ament_install']
[7.294s] Level 1:colcon.colcon_core.package_identification:_identify(/home/chaitanya/bumperbot_ws/build/ament_cmake_uninstall_target) by extension 'ignore'
[7.296s] Level 1:colcon.colcon_core.package_identification:_identify(/home/chaitanya/bumperbot_ws/build/ament_cmake_uninstall_target) by extension 'ignore_ament_install'
[7.297s] Level 1:colcon.colcon_core.package_identification:_identify(/home/chaitanya/bumperbot_ws/build/ament_cmake_uninstall_target) by extensions ['colcon_pkg']
[7.298s] Level 1:colcon.colcon_core.package_identification:_identify(/home/chaitanya/bumperbot_ws/build/ament_cmake_uninstall_target) by extension 'colcon_pkg'
[7.300s] Level 1:colcon.colcon_core.package_identification:_identify(/home/chaitanya/bumperbot_ws/build/ament_cmake_uninstall_target) by extensions ['colcon_meta']
[7.302s] Level 1:colcon.colcon_core.package_identification:_identify(/home/chaitanya/bumperbot_ws/build/ament_cmake_uninstall_target) by extension 'colcon_meta'
[7.306s] Level 1:colcon.colcon_core.package_identification:_identify(/home/chaitanya/bumperbot_ws/build/ament_cmake_uninstall_target) by extensions ['ros']
[7.307s] Level 1:colcon.colcon_core.package_identification:_identify(/home/chaitanya/bumperbot_ws/build/ament_cmake_uninstall_target) by extension 'ros'
[7.309s] Level 1:colcon.colcon_core.package_identification:_identify(/home/chaitanya/bumperbot_ws/build/ament_cmake_uninstall_target) by extensions ['cmake', 'python']
[7.309s] Level 1:colcon.colcon_core.package_identification:_identify(/home/chaitanya/bumperbot_ws/build/ament_cmake_uninstall_target) by extension 'cmake'
[7.311s] Level 1:colcon.colcon_core.package_identification:_identify(/home/chaitanya/bumperbot_ws/build/ament_cmake_uninstall_target) by extension 'python'
[7.312s] Level 1:colcon.colcon_core.package_identification:_identify(/home/chaitanya/bumperbot_ws/build/ament_cmake_uninstall_target) by extensions ['python_setup_py']
[7.313s] Level 1:colcon.colcon_core.package_identification:_identify(/home/chaitanya/bumperbot_ws/build/ament_cmake_uninstall_target) by extension 'python_setup_py'
[7.315s] Level 1:colcon.colcon_core.package_identification:_identify(/home/chaitanya/bumperbot_ws/log) by extensions ['ignore', 'ignore_ament_install']
[7.316s] Level 1:colcon.colcon_core.package_identification:_identify(/home/chaitanya/bumperbot_ws/log) by extension 'ignore'
[7.316s] Level 1:colcon.colcon_core.package_identification:_identify(/home/chaitanya/bumperbot_ws/log) ignored
[7.318s] Level 1:colcon.colcon_core.package_identification:_identify(/home/chaitanya/bumperbot_ws/src) by extensions ['ignore', 'ignore_ament_install']
[7.321s] Level 1:colcon.colcon_core.package_identification:_identify(/home/chaitanya/bumperbot_ws/src) by extension 'ignore'
[7.325s] Level 1:colcon.colcon_core.package_identification:_identify(/home/chaitanya/bumperbot_ws/src) by extension 'ignore_ament_install'
[7.327s] Level 1:colcon.colcon_core.package_identification:_identify(/home/chaitanya/bumperbot_ws/src) by extensions ['colcon_pkg']
[7.328s] Level 1:colcon.colcon_core.package_identification:_identify(/home/chaitanya/bumperbot_ws/src) by extension 'colcon_pkg'
[7.329s] Level 1:colcon.colcon_core.package_identification:_identify(/home/chaitanya/bumperbot_ws/src) by extensions ['colcon_meta']
[7.330s] Level 1:colcon.colcon_core.package_identification:_identify(/home/chaitanya/bumperbot_ws/src) by extension 'colcon_meta'
[7.331s] Level 1:colcon.colcon_core.package_identification:_identify(/home/chaitanya/bumperbot_ws/src) by extensions ['ros']
[7.332s] Level 1:colcon.colcon_core.package_identification:_identify(/home/chaitanya/bumperbot_ws/src) by extension 'ros'
[7.334s] Level 1:colcon.colcon_core.package_identification:_identify(/home/chaitanya/bumperbot_ws/src) by extensions ['cmake', 'python']
[7.335s] Level 1:colcon.colcon_core.package_identification:_identify(/home/chaitanya/bumperbot_ws/src) by extension 'cmake'
[7.336s] Level 1:colcon.colcon_core.package_identification:_identify(/home/chaitanya/bumperbot_ws/src) by extension 'python'
[7.337s] Level 1:colcon.colcon_core.package_identification:_identify(/home/chaitanya/bumperbot_ws/src) by extensions ['python_setup_py']
[7.338s] Level 1:colcon.colcon_core.package_identification:_identify(/home/chaitanya/bumperbot_ws/src) by extension 'python_setup_py'
[7.341s] Level 1:colcon.colcon_core.package_identification:_identify(/home/chaitanya/bumperbot_ws/src/bumperbot_controller) by extensions ['ignore', 'ignore_ament_install']
[7.344s] Level 1:colcon.colcon_core.package_identification:_identify(/home/chaitanya/bumperbot_ws/src/bumperbot_controller) by extension 'ignore'
[7.347s] Level 1:colcon.colcon_core.package_identification:_identify(/home/chaitanya/bumperbot_ws/src/bumperbot_controller) by extension 'ignore_ament_install'
[7.349s] Level 1:colcon.colcon_core.package_identification:_identify(/home/chaitanya/bumperbot_ws/src/bumperbot_controller) by extensions ['colcon_pkg']
[7.350s] Level 1:colcon.colcon_core.package_identification:_identify(/home/chaitanya/bumperbot_ws/src/bumperbot_controller) by extension 'colcon_pkg'
[7.351s] Level 1:colcon.colcon_core.package_identification:_identify(/home/chaitanya/bumperbot_ws/src/bumperbot_controller) by extensions ['colcon_meta']
[7.352s] Level 1:colcon.colcon_core.package_identification:_identify(/home/chaitanya/bumperbot_ws/src/bumperbot_controller) by extension 'colcon_meta'
[7.353s] Level 1:colcon.colcon_core.package_identification:_identify(/home/chaitanya/bumperbot_ws/src/bumperbot_controller) by extensions ['ros']
[7.354s] Level 1:colcon.colcon_core.package_identification:_identify(/home/chaitanya/bumperbot_ws/src/bumperbot_controller) by extension 'ros'
[7.398s] DEBUG:colcon.colcon_core.package_identification:Package '/home/chaitanya/bumperbot_ws/src/bumperbot_controller' with type 'ros.ament_cmake' and name 'bumperbot_controller'
[7.400s] Level 1:colcon.colcon_core.package_identification:_identify(/home/chaitanya/bumperbot_ws/src/bumperbot_cpp_examples) by extensions ['ignore', 'ignore_ament_install']
[7.412s] Level 1:colcon.colcon_core.package_identification:_identify(/home/chaitanya/bumperbot_ws/src/bumperbot_cpp_examples) by extension 'ignore'
[7.413s] Level 1:colcon.colcon_core.package_identification:_identify(/home/chaitanya/bumperbot_ws/src/bumperbot_cpp_examples) by extension 'ignore_ament_install'
[7.413s] Level 1:colcon.colcon_core.package_identification:_identify(/home/chaitanya/bumperbot_ws/src/bumperbot_cpp_examples) by extensions ['colcon_pkg']
[7.414s] Level 1:colcon.colcon_core.package_identification:_identify(/home/chaitanya/bumperbot_ws/src/bumperbot_cpp_examples) by extension 'colcon_pkg'
[7.415s] Level 1:colcon.colcon_core.package_identification:_identify(/home/chaitanya/bumperbot_ws/src/bumperbot_cpp_examples) by extensions ['colcon_meta']
[7.415s] Level 1:colcon.colcon_core.package_identification:_identify(/home/chaitanya/bumperbot_ws/src/bumperbot_cpp_examples) by extension 'colcon_meta'
[7.416s] Level 1:colcon.colcon_core.package_identification:_identify(/home/chaitanya/bumperbot_ws/src/bumperbot_cpp_examples) by extensions ['ros']
[7.418s] Level 1:colcon.colcon_core.package_identification:_identify(/home/chaitanya/bumperbot_ws/src/bumperbot_cpp_examples) by extension 'ros'
[7.433s] DEBUG:colcon.colcon_core.package_identification:Package '/home/chaitanya/bumperbot_ws/src/bumperbot_cpp_examples' with type 'ros.ament_cmake' and name 'bumperbot_cpp_examples'
[7.435s] Level 1:colcon.colcon_core.package_identification:_identify(/home/chaitanya/bumperbot_ws/src/bumperbot_description) by extensions ['ignore', 'ignore_ament_install']
[7.435s] Level 1:colcon.colcon_core.package_identification:_identify(/home/chaitanya/bumperbot_ws/src/bumperbot_description) by extension 'ignore'
[7.436s] Level 1:colcon.colcon_core.package_identification:_identify(/home/chaitanya/bumperbot_ws/src/bumperbot_description) by extension 'ignore_ament_install'
[7.437s] Level 1:colcon.colcon_core.package_identification:_identify(/home/chaitanya/bumperbot_ws/src/bumperbot_description) by extensions ['colcon_pkg']
[7.437s] Level 1:colcon.colcon_core.package_identification:_identify(/home/chaitanya/bumperbot_ws/src/bumperbot_description) by extension 'colcon_pkg'
[7.438s] Level 1:colcon.colcon_core.package_identification:_identify(/home/chaitanya/bumperbot_ws/src/bumperbot_description) by extensions ['colcon_meta']
[7.439s] Level 1:colcon.colcon_core.package_identification:_identify(/home/chaitanya/bumperbot_ws/src/bumperbot_description) by extension 'colcon_meta'
[7.442s] Level 1:colcon.colcon_core.package_identification:_identify(/home/chaitanya/bumperbot_ws/src/bumperbot_description) by extensions ['ros']
[7.442s] Level 1:colcon.colcon_core.package_identification:_identify(/home/chaitanya/bumperbot_ws/src/bumperbot_description) by extension 'ros'
[7.470s] DEBUG:colcon.colcon_core.package_identification:Package '/home/chaitanya/bumperbot_ws/src/bumperbot_description' with type 'ros.ament_cmake' and name 'bumperbot_description'
[7.471s] Level 1:colcon.colcon_core.package_identification:_identify(/home/chaitanya/bumperbot_ws/src/bumperbot_firmware) by extensions ['ignore', 'ignore_ament_install']
[7.472s] Level 1:colcon.colcon_core.package_identification:_identify(/home/chaitanya/bumperbot_ws/src/bumperbot_firmware) by extension 'ignore'
[7.474s] Level 1:colcon.colcon_core.package_identification:_identify(/home/chaitanya/bumperbot_ws/src/bumperbot_firmware) by extension 'ignore_ament_install'
[7.475s] Level 1:colcon.colcon_core.package_identification:_identify(/home/chaitanya/bumperbot_ws/src/bumperbot_firmware) by extensions ['colcon_pkg']
[7.475s] Level 1:colcon.colcon_core.package_identification:_identify(/home/chaitanya/bumperbot_ws/src/bumperbot_firmware) by extension 'colcon_pkg'
[7.476s] Level 1:colcon.colcon_core.package_identification:_identify(/home/chaitanya/bumperbot_ws/src/bumperbot_firmware) by extensions ['colcon_meta']
[7.476s] Level 1:colcon.colcon_core.package_identification:_identify(/home/chaitanya/bumperbot_ws/src/bumperbot_firmware) by extension 'colcon_meta'
[7.477s] Level 1:colcon.colcon_core.package_identification:_identify(/home/chaitanya/bumperbot_ws/src/bumperbot_firmware) by extensions ['ros']
[7.477s] Level 1:colcon.colcon_core.package_identification:_identify(/home/chaitanya/bumperbot_ws/src/bumperbot_firmware) by extension 'ros'
[7.485s] DEBUG:colcon.colcon_core.package_identification:Package '/home/chaitanya/bumperbot_ws/src/bumperbot_firmware' with type 'ros.ament_cmake' and name 'bumperbot_firmware'
[7.489s] Level 1:colcon.colcon_core.package_identification:_identify(/home/chaitanya/bumperbot_ws/src/bumperbot_localization) by extensions ['ignore', 'ignore_ament_install']
[7.490s] Level 1:colcon.colcon_core.package_identification:_identify(/home/chaitanya/bumperbot_ws/src/bumperbot_localization) by extension 'ignore'
[7.490s] Level 1:colcon.colcon_core.package_identification:_identify(/home/chaitanya/bumperbot_ws/src/bumperbot_localization) by extension 'ignore_ament_install'
[7.491s] Level 1:colcon.colcon_core.package_identification:_identify(/home/chaitanya/bumperbot_ws/src/bumperbot_localization) by extensions ['colcon_pkg']
[7.492s] Level 1:colcon.colcon_core.package_identification:_identify(/home/chaitanya/bumperbot_ws/src/bumperbot_localization) by extension 'colcon_pkg'
[7.492s] Level 1:colcon.colcon_core.package_identification:_identify(/home/chaitanya/bumperbot_ws/src/bumperbot_localization) by extensions ['colcon_meta']
[7.492s] Level 1:colcon.colcon_core.package_identification:_identify(/home/chaitanya/bumperbot_ws/src/bumperbot_localization) by extension 'colcon_meta'
[7.493s] Level 1:colcon.colcon_core.package_identification:_identify(/home/chaitanya/bumperbot_ws/src/bumperbot_localization) by extensions ['ros']
[7.493s] Level 1:colcon.colcon_core.package_identification:_identify(/home/chaitanya/bumperbot_ws/src/bumperbot_localization) by extension 'ros'
[7.501s] DEBUG:colcon.colcon_core.package_identification:Package '/home/chaitanya/bumperbot_ws/src/bumperbot_localization' with type 'ros.ament_cmake' and name 'bumperbot_localization'
[7.503s] Level 1:colcon.colcon_core.package_identification:_identify(/home/chaitanya/bumperbot_ws/src/bumperbot_msgs) by extensions ['ignore', 'ignore_ament_install']
[7.506s] Level 1:colcon.colcon_core.package_identification:_identify(/home/chaitanya/bumperbot_ws/src/bumperbot_msgs) by extension 'ignore'
[7.508s] Level 1:colcon.colcon_core.package_identification:_identify(/home/chaitanya/bumperbot_ws/src/bumperbot_msgs) by extension 'ignore_ament_install'
[7.508s] Level 1:colcon.colcon_core.package_identification:_identify(/home/chaitanya/bumperbot_ws/src/bumperbot_msgs) by extensions ['colcon_pkg']
[7.509s] Level 1:colcon.colcon_core.package_identification:_identify(/home/chaitanya/bumperbot_ws/src/bumperbot_msgs) by extension 'colcon_pkg'
[7.509s] Level 1:colcon.colcon_core.package_identification:_identify(/home/chaitanya/bumperbot_ws/src/bumperbot_msgs) by extensions ['colcon_meta']
[7.510s] Level 1:colcon.colcon_core.package_identification:_identify(/home/chaitanya/bumperbot_ws/src/bumperbot_msgs) by extension 'colcon_meta'
[7.511s] Level 1:colcon.colcon_core.package_identification:_identify(/home/chaitanya/bumperbot_ws/src/bumperbot_msgs) by extensions ['ros']
[7.511s] Level 1:colcon.colcon_core.package_identification:_identify(/home/chaitanya/bumperbot_ws/src/bumperbot_msgs) by extension 'ros'
[7.516s] DEBUG:colcon.colcon_core.package_identification:Package '/home/chaitanya/bumperbot_ws/src/bumperbot_msgs' with type 'ros.ament_cmake' and name 'bumperbot_msgs'
[7.517s] Level 1:colcon.colcon_core.package_identification:_identify(/home/chaitanya/bumperbot_ws/src/bumperbot_py_examples) by extensions ['ignore', 'ignore_ament_install']
[7.518s] Level 1:colcon.colcon_core.package_identification:_identify(/home/chaitanya/bumperbot_ws/src/bumperbot_py_examples) by extension 'ignore'
[7.519s] Level 1:colcon.colcon_core.package_identification:_identify(/home/chaitanya/bumperbot_ws/src/bumperbot_py_examples) by extension 'ignore_ament_install'
[7.520s] Level 1:colcon.colcon_core.package_identification:_identify(/home/chaitanya/bumperbot_ws/src/bumperbot_py_examples) by extensions ['colcon_pkg']
[7.521s] Level 1:colcon.colcon_core.package_identification:_identify(/home/chaitanya/bumperbot_ws/src/bumperbot_py_examples) by extension 'colcon_pkg'
[7.524s] Level 1:colcon.colcon_core.package_identification:_identify(/home/chaitanya/bumperbot_ws/src/bumperbot_py_examples) by extensions ['colcon_meta']
[7.525s] Level 1:colcon.colcon_core.package_identification:_identify(/home/chaitanya/bumperbot_ws/src/bumperbot_py_examples) by extension 'colcon_meta'
[7.528s] Level 1:colcon.colcon_core.package_identification:_identify(/home/chaitanya/bumperbot_ws/src/bumperbot_py_examples) by extensions ['ros']
[7.528s] Level 1:colcon.colcon_core.package_identification:_identify(/home/chaitanya/bumperbot_ws/src/bumperbot_py_examples) by extension 'ros'
[7.536s] DEBUG:colcon.colcon_core.package_identification:Package '/home/chaitanya/bumperbot_ws/src/bumperbot_py_examples' with type 'ros.ament_python' and name 'bumperbot_py_examples'
[7.537s] Level 1:colcon.colcon_core.package_discovery:discover_packages(recursive) using defaults
