[0.438s] DEBUG:colcon:Command line arguments: ['/usr/bin/colcon', 'build', '--packages-select', 'bumperbot_localization']
[0.438s] DEBUG:colcon:Parsed command line arguments: Namespace(log_base=None, log_level=None, verb_name='build', build_base='build', install_base='install', merge_install=False, symlink_install=False, test_result_base=None, continue_on_error=False, executor='parallel', parallel_workers=4, event_handlers=None, ignore_user_meta=False, metas=['./colcon.meta'], base_paths=['.'], packages_ignore=None, packages_ignore_regex=None, paths=None, packages_up_to=None, packages_up_to_regex=None, packages_above=None, packages_above_and_dependencies=None, packages_above_depth=None, packages_select_by_dep=None, packages_skip_by_dep=None, packages_skip_up_to=None, packages_select_build_failed=False, packages_skip_build_finished=False, packages_select_test_failures=False, packages_skip_test_passed=False, packages_select=['bumperbot_localization'], packages_skip=None, packages_select_regex=None, packages_skip_regex=None, packages_start=None, packages_end=None, allow_overriding=[], cmake_args=None, cmake_target=None, cmake_target_skip_unavailable=False, cmake_clean_cache=False, cmake_clean_first=False, cmake_force_configure=False, ament_cmake_args=None, catkin_cmake_args=None, catkin_skip_building_tests=False, verb_parser=<colcon_defaults.argument_parser.defaults.DefaultArgumentsDecorator object at 0xffffb230bc70>, verb_extension=<colcon_core.verb.build.BuildVerb object at 0xffffb24f9000>, main=<bound method BuildVerb.main of <colcon_core.verb.build.BuildVerb object at 0xffffb24f9000>>)
[1.330s] Level 1:colcon.colcon_core.package_discovery:discover_packages(colcon_meta) check parameters
[1.331s] Level 1:colcon.colcon_core.package_discovery:discover_packages(recursive) check parameters
[1.331s] Level 1:colcon.colcon_core.package_discovery:discover_packages(ignore) check parameters
[1.331s] Level 1:colcon.colcon_core.package_discovery:discover_packages(path) check parameters
[1.332s] Level 1:colcon.colcon_core.package_discovery:discover_packages(colcon_meta) discover
[1.332s] Level 1:colcon.colcon_core.package_discovery:discover_packages(recursive) discover
[1.332s] INFO:colcon.colcon_core.package_discovery:Crawling recursively for packages in '/home/chaitanya/bumperbot_ws'
[1.332s] Level 1:colcon.colcon_core.package_identification:_identify(.) by extensions ['ignore', 'ignore_ament_install']
[1.333s] Level 1:colcon.colcon_core.package_identification:_identify(.) by extension 'ignore'
[1.333s] Level 1:colcon.colcon_core.package_identification:_identify(.) by extension 'ignore_ament_install'
[1.333s] Level 1:colcon.colcon_core.package_identification:_identify(.) by extensions ['colcon_pkg']
[1.333s] Level 1:colcon.colcon_core.package_identification:_identify(.) by extension 'colcon_pkg'
[1.334s] Level 1:colcon.colcon_core.package_identification:_identify(.) by extensions ['colcon_meta']
[1.334s] Level 1:colcon.colcon_core.package_identification:_identify(.) by extension 'colcon_meta'
[1.334s] Level 1:colcon.colcon_core.package_identification:_identify(.) by extensions ['ros']
[1.334s] Level 1:colcon.colcon_core.package_identification:_identify(.) by extension 'ros'
[1.382s] Level 1:colcon.colcon_core.package_identification:_identify(.) by extensions ['cmake', 'python']
[1.383s] Level 1:colcon.colcon_core.package_identification:_identify(.) by extension 'cmake'
[1.383s] Level 1:colcon.colcon_core.package_identification:_identify(.) by extension 'python'
[1.383s] Level 1:colcon.colcon_core.package_identification:_identify(.) by extensions ['python_setup_py']
[1.383s] Level 1:colcon.colcon_core.package_identification:_identify(.) by extension 'python_setup_py'
[1.384s] Level 1:colcon.colcon_core.package_identification:_identify(build) by extensions ['ignore', 'ignore_ament_install']
[1.384s] Level 1:colcon.colcon_core.package_identification:_identify(build) by extension 'ignore'
[1.384s] Level 1:colcon.colcon_core.package_identification:_identify(build) ignored
[1.385s] Level 1:colcon.colcon_core.package_identification:_identify(install) by extensions ['ignore', 'ignore_ament_install']
[1.386s] Level 1:colcon.colcon_core.package_identification:_identify(install) by extension 'ignore'
[1.386s] Level 1:colcon.colcon_core.package_identification:_identify(install) ignored
[1.386s] Level 1:colcon.colcon_core.package_identification:_identify(log) by extensions ['ignore', 'ignore_ament_install']
[1.387s] Level 1:colcon.colcon_core.package_identification:_identify(log) by extension 'ignore'
[1.387s] Level 1:colcon.colcon_core.package_identification:_identify(log) ignored
[1.387s] Level 1:colcon.colcon_core.package_identification:_identify(src) by extensions ['ignore', 'ignore_ament_install']
[1.388s] Level 1:colcon.colcon_core.package_identification:_identify(src) by extension 'ignore'
[1.388s] Level 1:colcon.colcon_core.package_identification:_identify(src) by extension 'ignore_ament_install'
[1.388s] Level 1:colcon.colcon_core.package_identification:_identify(src) by extensions ['colcon_pkg']
[1.388s] Level 1:colcon.colcon_core.package_identification:_identify(src) by extension 'colcon_pkg'
[1.388s] Level 1:colcon.colcon_core.package_identification:_identify(src) by extensions ['colcon_meta']
[1.389s] Level 1:colcon.colcon_core.package_identification:_identify(src) by extension 'colcon_meta'
[1.389s] Level 1:colcon.colcon_core.package_identification:_identify(src) by extensions ['ros']
[1.389s] Level 1:colcon.colcon_core.package_identification:_identify(src) by extension 'ros'
[1.389s] Level 1:colcon.colcon_core.package_identification:_identify(src) by extensions ['cmake', 'python']
[1.389s] Level 1:colcon.colcon_core.package_identification:_identify(src) by extension 'cmake'
[1.389s] Level 1:colcon.colcon_core.package_identification:_identify(src) by extension 'python'
[1.390s] Level 1:colcon.colcon_core.package_identification:_identify(src) by extensions ['python_setup_py']
[1.390s] Level 1:colcon.colcon_core.package_identification:_identify(src) by extension 'python_setup_py'
[1.390s] Level 1:colcon.colcon_core.package_identification:_identify(src/bumperbot_controller) by extensions ['ignore', 'ignore_ament_install']
[1.391s] Level 1:colcon.colcon_core.package_identification:_identify(src/bumperbot_controller) by extension 'ignore'
[1.391s] Level 1:colcon.colcon_core.package_identification:_identify(src/bumperbot_controller) by extension 'ignore_ament_install'
[1.391s] Level 1:colcon.colcon_core.package_identification:_identify(src/bumperbot_controller) by extensions ['colcon_pkg']
[1.391s] Level 1:colcon.colcon_core.package_identification:_identify(src/bumperbot_controller) by extension 'colcon_pkg'
[1.391s] Level 1:colcon.colcon_core.package_identification:_identify(src/bumperbot_controller) by extensions ['colcon_meta']
[1.392s] Level 1:colcon.colcon_core.package_identification:_identify(src/bumperbot_controller) by extension 'colcon_meta'
[1.392s] Level 1:colcon.colcon_core.package_identification:_identify(src/bumperbot_controller) by extensions ['ros']
[1.392s] Level 1:colcon.colcon_core.package_identification:_identify(src/bumperbot_controller) by extension 'ros'
[1.404s] DEBUG:colcon.colcon_core.package_identification:Package 'src/bumperbot_controller' with type 'ros.ament_cmake' and name 'bumperbot_controller'
[1.404s] Level 1:colcon.colcon_core.package_identification:_identify(src/bumperbot_cpp_examples) by extensions ['ignore', 'ignore_ament_install']
[1.405s] Level 1:colcon.colcon_core.package_identification:_identify(src/bumperbot_cpp_examples) by extension 'ignore'
[1.405s] Level 1:colcon.colcon_core.package_identification:_identify(src/bumperbot_cpp_examples) by extension 'ignore_ament_install'
[1.405s] Level 1:colcon.colcon_core.package_identification:_identify(src/bumperbot_cpp_examples) by extensions ['colcon_pkg']
[1.405s] Level 1:colcon.colcon_core.package_identification:_identify(src/bumperbot_cpp_examples) by extension 'colcon_pkg'
[1.406s] Level 1:colcon.colcon_core.package_identification:_identify(src/bumperbot_cpp_examples) by extensions ['colcon_meta']
[1.406s] Level 1:colcon.colcon_core.package_identification:_identify(src/bumperbot_cpp_examples) by extension 'colcon_meta'
[1.406s] Level 1:colcon.colcon_core.package_identification:_identify(src/bumperbot_cpp_examples) by extensions ['ros']
[1.406s] Level 1:colcon.colcon_core.package_identification:_identify(src/bumperbot_cpp_examples) by extension 'ros'
[1.412s] DEBUG:colcon.colcon_core.package_identification:Package 'src/bumperbot_cpp_examples' with type 'ros.ament_cmake' and name 'bumperbot_cpp_examples'
[1.412s] Level 1:colcon.colcon_core.package_identification:_identify(src/bumperbot_description) by extensions ['ignore', 'ignore_ament_install']
[1.413s] Level 1:colcon.colcon_core.package_identification:_identify(src/bumperbot_description) by extension 'ignore'
[1.413s] Level 1:colcon.colcon_core.package_identification:_identify(src/bumperbot_description) by extension 'ignore_ament_install'
[1.413s] Level 1:colcon.colcon_core.package_identification:_identify(src/bumperbot_description) by extensions ['colcon_pkg']
[1.413s] Level 1:colcon.colcon_core.package_identification:_identify(src/bumperbot_description) by extension 'colcon_pkg'
[1.414s] Level 1:colcon.colcon_core.package_identification:_identify(src/bumperbot_description) by extensions ['colcon_meta']
[1.414s] Level 1:colcon.colcon_core.package_identification:_identify(src/bumperbot_description) by extension 'colcon_meta'
[1.414s] Level 1:colcon.colcon_core.package_identification:_identify(src/bumperbot_description) by extensions ['ros']
[1.414s] Level 1:colcon.colcon_core.package_identification:_identify(src/bumperbot_description) by extension 'ros'
[1.423s] DEBUG:colcon.colcon_core.package_identification:Package 'src/bumperbot_description' with type 'ros.ament_cmake' and name 'bumperbot_description'
[1.424s] Level 1:colcon.colcon_core.package_identification:_identify(src/bumperbot_firmware) by extensions ['ignore', 'ignore_ament_install']
[1.424s] Level 1:colcon.colcon_core.package_identification:_identify(src/bumperbot_firmware) by extension 'ignore'
[1.425s] Level 1:colcon.colcon_core.package_identification:_identify(src/bumperbot_firmware) by extension 'ignore_ament_install'
[1.425s] Level 1:colcon.colcon_core.package_identification:_identify(src/bumperbot_firmware) by extensions ['colcon_pkg']
[1.425s] Level 1:colcon.colcon_core.package_identification:_identify(src/bumperbot_firmware) by extension 'colcon_pkg'
[1.425s] Level 1:colcon.colcon_core.package_identification:_identify(src/bumperbot_firmware) by extensions ['colcon_meta']
[1.425s] Level 1:colcon.colcon_core.package_identification:_identify(src/bumperbot_firmware) by extension 'colcon_meta'
[1.425s] Level 1:colcon.colcon_core.package_identification:_identify(src/bumperbot_firmware) by extensions ['ros']
[1.426s] Level 1:colcon.colcon_core.package_identification:_identify(src/bumperbot_firmware) by extension 'ros'
[1.429s] DEBUG:colcon.colcon_core.package_identification:Package 'src/bumperbot_firmware' with type 'ros.ament_cmake' and name 'bumperbot_firmware'
[1.430s] Level 1:colcon.colcon_core.package_identification:_identify(src/bumperbot_localization) by extensions ['ignore', 'ignore_ament_install']
[1.430s] Level 1:colcon.colcon_core.package_identification:_identify(src/bumperbot_localization) by extension 'ignore'
[1.430s] Level 1:colcon.colcon_core.package_identification:_identify(src/bumperbot_localization) by extension 'ignore_ament_install'
[1.431s] Level 1:colcon.colcon_core.package_identification:_identify(src/bumperbot_localization) by extensions ['colcon_pkg']
[1.431s] Level 1:colcon.colcon_core.package_identification:_identify(src/bumperbot_localization) by extension 'colcon_pkg'
[1.431s] Level 1:colcon.colcon_core.package_identification:_identify(src/bumperbot_localization) by extensions ['colcon_meta']
[1.431s] Level 1:colcon.colcon_core.package_identification:_identify(src/bumperbot_localization) by extension 'colcon_meta'
[1.431s] Level 1:colcon.colcon_core.package_identification:_identify(src/bumperbot_localization) by extensions ['ros']
[1.432s] Level 1:colcon.colcon_core.package_identification:_identify(src/bumperbot_localization) by extension 'ros'
[1.435s] DEBUG:colcon.colcon_core.package_identification:Package 'src/bumperbot_localization' with type 'ros.ament_cmake' and name 'bumperbot_localization'
[1.435s] Level 1:colcon.colcon_core.package_identification:_identify(src/bumperbot_msgs) by extensions ['ignore', 'ignore_ament_install']
[1.436s] Level 1:colcon.colcon_core.package_identification:_identify(src/bumperbot_msgs) by extension 'ignore'
[1.436s] Level 1:colcon.colcon_core.package_identification:_identify(src/bumperbot_msgs) by extension 'ignore_ament_install'
[1.436s] Level 1:colcon.colcon_core.package_identification:_identify(src/bumperbot_msgs) by extensions ['colcon_pkg']
[1.436s] Level 1:colcon.colcon_core.package_identification:_identify(src/bumperbot_msgs) by extension 'colcon_pkg'
[1.436s] Level 1:colcon.colcon_core.package_identification:_identify(src/bumperbot_msgs) by extensions ['colcon_meta']
[1.437s] Level 1:colcon.colcon_core.package_identification:_identify(src/bumperbot_msgs) by extension 'colcon_meta'
[1.437s] Level 1:colcon.colcon_core.package_identification:_identify(src/bumperbot_msgs) by extensions ['ros']
[1.437s] Level 1:colcon.colcon_core.package_identification:_identify(src/bumperbot_msgs) by extension 'ros'
[1.440s] DEBUG:colcon.colcon_core.package_identification:Package 'src/bumperbot_msgs' with type 'ros.ament_cmake' and name 'bumperbot_msgs'
[1.440s] Level 1:colcon.colcon_core.package_identification:_identify(src/bumperbot_py_examples) by extensions ['ignore', 'ignore_ament_install']
[1.441s] Level 1:colcon.colcon_core.package_identification:_identify(src/bumperbot_py_examples) by extension 'ignore'
[1.441s] Level 1:colcon.colcon_core.package_identification:_identify(src/bumperbot_py_examples) by extension 'ignore_ament_install'
[1.441s] Level 1:colcon.colcon_core.package_identification:_identify(src/bumperbot_py_examples) by extensions ['colcon_pkg']
[1.441s] Level 1:colcon.colcon_core.package_identification:_identify(src/bumperbot_py_examples) by extension 'colcon_pkg'
[1.441s] Level 1:colcon.colcon_core.package_identification:_identify(src/bumperbot_py_examples) by extensions ['colcon_meta']
[1.442s] Level 1:colcon.colcon_core.package_identification:_identify(src/bumperbot_py_examples) by extension 'colcon_meta'
[1.442s] Level 1:colcon.colcon_core.package_identification:_identify(src/bumperbot_py_examples) by extensions ['ros']
[1.442s] Level 1:colcon.colcon_core.package_identification:_identify(src/bumperbot_py_examples) by extension 'ros'
[1.446s] DEBUG:colcon.colcon_core.package_identification:Package 'src/bumperbot_py_examples' with type 'ros.ament_python' and name 'bumperbot_py_examples'
[1.447s] Level 1:colcon.colcon_core.package_discovery:discover_packages(recursive) using defaults
[1.447s] Level 1:colcon.colcon_core.package_discovery:discover_packages(ignore) discover
[1.447s] Level 1:colcon.colcon_core.package_discovery:discover_packages(ignore) using defaults
[1.447s] Level 1:colcon.colcon_core.package_discovery:discover_packages(path) discover
[1.447s] Level 1:colcon.colcon_core.package_discovery:discover_packages(path) using defaults
[1.569s] INFO:colcon.colcon_core.package_selection:Skipping not selected package 'bumperbot_controller' in 'src/bumperbot_controller'
[1.570s] INFO:colcon.colcon_core.package_selection:Skipping not selected package 'bumperbot_description' in 'src/bumperbot_description'
[1.570s] INFO:colcon.colcon_core.package_selection:Skipping not selected package 'bumperbot_firmware' in 'src/bumperbot_firmware'
[1.570s] INFO:colcon.colcon_core.package_selection:Skipping not selected package 'bumperbot_msgs' in 'src/bumperbot_msgs'
[1.570s] INFO:colcon.colcon_core.package_selection:Skipping not selected package 'bumperbot_cpp_examples' in 'src/bumperbot_cpp_examples'
[1.570s] INFO:colcon.colcon_core.package_selection:Skipping not selected package 'bumperbot_py_examples' in 'src/bumperbot_py_examples'
[1.572s] Level 1:colcon.colcon_core.package_discovery:discover_packages(prefix_path) check parameters
[1.572s] Level 1:colcon.colcon_core.package_discovery:discover_packages(prefix_path) discover
[1.589s] DEBUG:colcon.colcon_installed_package_information.package_discovery:Found 326 installed packages in /opt/ros/humble
[1.596s] Level 1:colcon.colcon_core.package_discovery:discover_packages(prefix_path) using defaults
[1.800s] Level 5:colcon.colcon_core.verb:set package 'bumperbot_localization' build argument 'cmake_args' from command line to 'None'
[1.801s] Level 5:colcon.colcon_core.verb:set package 'bumperbot_localization' build argument 'cmake_target' from command line to 'None'
[1.801s] Level 5:colcon.colcon_core.verb:set package 'bumperbot_localization' build argument 'cmake_target_skip_unavailable' from command line to 'False'
[1.801s] Level 5:colcon.colcon_core.verb:set package 'bumperbot_localization' build argument 'cmake_clean_cache' from command line to 'False'
[1.801s] Level 5:colcon.colcon_core.verb:set package 'bumperbot_localization' build argument 'cmake_clean_first' from command line to 'False'
[1.802s] Level 5:colcon.colcon_core.verb:set package 'bumperbot_localization' build argument 'cmake_force_configure' from command line to 'False'
[1.802s] Level 5:colcon.colcon_core.verb:set package 'bumperbot_localization' build argument 'ament_cmake_args' from command line to 'None'
[1.802s] Level 5:colcon.colcon_core.verb:set package 'bumperbot_localization' build argument 'catkin_cmake_args' from command line to 'None'
[1.802s] Level 5:colcon.colcon_core.verb:set package 'bumperbot_localization' build argument 'catkin_skip_building_tests' from command line to 'False'
[1.802s] DEBUG:colcon.colcon_core.verb:Building package 'bumperbot_localization' with the following arguments: {'ament_cmake_args': None, 'build_base': '/home/chaitanya/bumperbot_ws/build/bumperbot_localization', 'catkin_cmake_args': None, 'catkin_skip_building_tests': False, 'cmake_args': None, 'cmake_clean_cache': False, 'cmake_clean_first': False, 'cmake_force_configure': False, 'cmake_target': None, 'cmake_target_skip_unavailable': False, 'install_base': '/home/chaitanya/bumperbot_ws/install/bumperbot_localization', 'merge_install': False, 'path': '/home/chaitanya/bumperbot_ws/src/bumperbot_localization', 'symlink_install': False, 'test_result_base': None}
[1.803s] INFO:colcon.colcon_core.executor:Executing jobs using 'parallel' executor
[1.807s] DEBUG:colcon.colcon_parallel_executor.executor.parallel:run_until_complete
[1.808s] INFO:colcon.colcon_ros.task.ament_cmake.build:Building ROS package in '/home/chaitanya/bumperbot_ws/src/bumperbot_localization' with build type 'ament_cmake'
[1.808s] INFO:colcon.colcon_cmake.task.cmake.build:Building CMake package in '/home/chaitanya/bumperbot_ws/src/bumperbot_localization'
[1.818s] INFO:colcon.colcon_core.plugin_system:Skipping extension 'colcon_core.shell.bat': Not used on non-Windows systems
[1.820s] INFO:colcon.colcon_core.shell:Skip shell extension 'powershell' for command environment: Not usable outside of PowerShell
[1.821s] DEBUG:colcon.colcon_core.shell:Skip shell extension 'dsv' for command environment
[1.869s] DEBUG:colcon.colcon_core.event_handler.log_command:Invoking command in '/home/chaitanya/bumperbot_ws/build/bumperbot_localization': CMAKE_PREFIX_PATH=/opt/ros/humble /usr/bin/cmake --build /home/chaitanya/bumperbot_ws/build/bumperbot_localization -- -j4 -l4
[64.939s] DEBUG:colcon.colcon_core.event_handler.log_command:Invoked command in '/home/chaitanya/bumperbot_ws/build/bumperbot_localization' returned '0': CMAKE_PREFIX_PATH=/opt/ros/humble /usr/bin/cmake --build /home/chaitanya/bumperbot_ws/build/bumperbot_localization -- -j4 -l4
[65.009s] DEBUG:colcon.colcon_core.event_handler.log_command:Invoking command in '/home/chaitanya/bumperbot_ws/build/bumperbot_localization': CMAKE_PREFIX_PATH=/opt/ros/humble /usr/bin/cmake --install /home/chaitanya/bumperbot_ws/build/bumperbot_localization
[65.563s] Level 1:colcon.colcon_core.environment:create_environment_scripts_only(bumperbot_localization)
[65.569s] DEBUG:colcon.colcon_core.event_handler.log_command:Invoked command in '/home/chaitanya/bumperbot_ws/build/bumperbot_localization' returned '0': CMAKE_PREFIX_PATH=/opt/ros/humble /usr/bin/cmake --install /home/chaitanya/bumperbot_ws/build/bumperbot_localization
[65.630s] Level 1:colcon.colcon_core.environment:checking '/home/chaitanya/bumperbot_ws/install/bumperbot_localization' for CMake module files
[65.634s] Level 1:colcon.colcon_core.environment:checking '/home/chaitanya/bumperbot_ws/install/bumperbot_localization' for CMake config files
[65.640s] Level 1:colcon.colcon_core.shell:create_environment_hook('bumperbot_localization', 'cmake_prefix_path')
[65.641s] INFO:colcon.colcon_core.shell:Creating environment hook '/home/chaitanya/bumperbot_ws/install/bumperbot_localization/share/bumperbot_localization/hook/cmake_prefix_path.ps1'
[65.653s] INFO:colcon.colcon_core.shell:Creating environment descriptor '/home/chaitanya/bumperbot_ws/install/bumperbot_localization/share/bumperbot_localization/hook/cmake_prefix_path.dsv'
[65.659s] INFO:colcon.colcon_core.shell:Creating environment hook '/home/chaitanya/bumperbot_ws/install/bumperbot_localization/share/bumperbot_localization/hook/cmake_prefix_path.sh'
[65.666s] Level 1:colcon.colcon_core.environment:checking '/home/chaitanya/bumperbot_ws/install/bumperbot_localization/lib'
[65.668s] Level 1:colcon.colcon_core.environment:checking '/home/chaitanya/bumperbot_ws/install/bumperbot_localization/bin'
[65.668s] Level 1:colcon.colcon_core.environment:checking '/home/chaitanya/bumperbot_ws/install/bumperbot_localization/lib/pkgconfig/bumperbot_localization.pc'
[65.670s] Level 1:colcon.colcon_core.environment:checking '/home/chaitanya/bumperbot_ws/install/bumperbot_localization/lib/python3.10/site-packages'
[65.673s] Level 1:colcon.colcon_core.environment:checking '/home/chaitanya/bumperbot_ws/install/bumperbot_localization/bin'
[65.678s] INFO:colcon.colcon_core.shell:Creating package script '/home/chaitanya/bumperbot_ws/install/bumperbot_localization/share/bumperbot_localization/package.ps1'
[65.687s] INFO:colcon.colcon_core.shell:Creating package descriptor '/home/chaitanya/bumperbot_ws/install/bumperbot_localization/share/bumperbot_localization/package.dsv'
[65.691s] INFO:colcon.colcon_core.shell:Creating package script '/home/chaitanya/bumperbot_ws/install/bumperbot_localization/share/bumperbot_localization/package.sh'
[65.702s] INFO:colcon.colcon_core.shell:Creating package script '/home/chaitanya/bumperbot_ws/install/bumperbot_localization/share/bumperbot_localization/package.bash'
[65.707s] INFO:colcon.colcon_core.shell:Creating package script '/home/chaitanya/bumperbot_ws/install/bumperbot_localization/share/bumperbot_localization/package.zsh'
[65.717s] Level 1:colcon.colcon_core.environment:create_file_with_runtime_dependencies(/home/chaitanya/bumperbot_ws/install/bumperbot_localization/share/colcon-core/packages/bumperbot_localization)
[65.722s] Level 1:colcon.colcon_core.environment:create_environment_scripts_only(bumperbot_localization)
[65.724s] Level 1:colcon.colcon_core.environment:checking '/home/chaitanya/bumperbot_ws/install/bumperbot_localization' for CMake module files
[65.728s] Level 1:colcon.colcon_core.environment:checking '/home/chaitanya/bumperbot_ws/install/bumperbot_localization' for CMake config files
[65.734s] Level 1:colcon.colcon_core.shell:create_environment_hook('bumperbot_localization', 'cmake_prefix_path')
[65.735s] INFO:colcon.colcon_core.shell:Creating environment hook '/home/chaitanya/bumperbot_ws/install/bumperbot_localization/share/bumperbot_localization/hook/cmake_prefix_path.ps1'
[65.738s] INFO:colcon.colcon_core.shell:Creating environment descriptor '/home/chaitanya/bumperbot_ws/install/bumperbot_localization/share/bumperbot_localization/hook/cmake_prefix_path.dsv'
[65.740s] INFO:colcon.colcon_core.shell:Creating environment hook '/home/chaitanya/bumperbot_ws/install/bumperbot_localization/share/bumperbot_localization/hook/cmake_prefix_path.sh'
[65.744s] Level 1:colcon.colcon_core.environment:checking '/home/chaitanya/bumperbot_ws/install/bumperbot_localization/lib'
[65.744s] Level 1:colcon.colcon_core.environment:checking '/home/chaitanya/bumperbot_ws/install/bumperbot_localization/bin'
[65.745s] Level 1:colcon.colcon_core.environment:checking '/home/chaitanya/bumperbot_ws/install/bumperbot_localization/lib/pkgconfig/bumperbot_localization.pc'
[65.745s] Level 1:colcon.colcon_core.environment:checking '/home/chaitanya/bumperbot_ws/install/bumperbot_localization/lib/python3.10/site-packages'
[65.746s] Level 1:colcon.colcon_core.environment:checking '/home/chaitanya/bumperbot_ws/install/bumperbot_localization/bin'
[65.748s] INFO:colcon.colcon_core.shell:Creating package script '/home/chaitanya/bumperbot_ws/install/bumperbot_localization/share/bumperbot_localization/package.ps1'
[65.750s] INFO:colcon.colcon_core.shell:Creating package descriptor '/home/chaitanya/bumperbot_ws/install/bumperbot_localization/share/bumperbot_localization/package.dsv'
[65.752s] INFO:colcon.colcon_core.shell:Creating package script '/home/chaitanya/bumperbot_ws/install/bumperbot_localization/share/bumperbot_localization/package.sh'
[65.755s] INFO:colcon.colcon_core.shell:Creating package script '/home/chaitanya/bumperbot_ws/install/bumperbot_localization/share/bumperbot_localization/package.bash'
[65.757s] INFO:colcon.colcon_core.shell:Creating package script '/home/chaitanya/bumperbot_ws/install/bumperbot_localization/share/bumperbot_localization/package.zsh'
[65.759s] Level 1:colcon.colcon_core.environment:create_file_with_runtime_dependencies(/home/chaitanya/bumperbot_ws/install/bumperbot_localization/share/colcon-core/packages/bumperbot_localization)
[65.761s] DEBUG:colcon.colcon_parallel_executor.executor.parallel:closing loop
[65.762s] DEBUG:colcon.colcon_parallel_executor.executor.parallel:loop closed
[65.763s] DEBUG:colcon.colcon_parallel_executor.executor.parallel:run_until_complete finished with '0'
[65.763s] DEBUG:colcon.colcon_core.event_reactor:joining thread
[65.856s] INFO:colcon.colcon_core.plugin_system:Skipping extension 'colcon_notification.desktop_notification.terminal_notifier': Not used on non-Darwin systems
[65.856s] INFO:colcon.colcon_core.plugin_system:Skipping extension 'colcon_notification.desktop_notification.win32': Not used on non-Windows systems
[65.856s] INFO:colcon.colcon_notification.desktop_notification:Sending desktop notification using 'notify2'
[66.011s] DEBUG:colcon.colcon_core.event_reactor:joined thread
[66.012s] INFO:colcon.colcon_core.shell:Creating prefix script '/home/chaitanya/bumperbot_ws/install/local_setup.ps1'
[66.019s] INFO:colcon.colcon_core.shell:Creating prefix util module '/home/chaitanya/bumperbot_ws/install/_local_setup_util_ps1.py'
[66.029s] INFO:colcon.colcon_core.shell:Creating prefix chain script '/home/chaitanya/bumperbot_ws/install/setup.ps1'
[66.046s] INFO:colcon.colcon_core.shell:Creating prefix script '/home/chaitanya/bumperbot_ws/install/local_setup.sh'
[66.052s] INFO:colcon.colcon_core.shell:Creating prefix util module '/home/chaitanya/bumperbot_ws/install/_local_setup_util_sh.py'
[66.058s] INFO:colcon.colcon_core.shell:Creating prefix chain script '/home/chaitanya/bumperbot_ws/install/setup.sh'
[66.066s] INFO:colcon.colcon_core.shell:Creating prefix script '/home/chaitanya/bumperbot_ws/install/local_setup.bash'
[66.071s] INFO:colcon.colcon_core.shell:Creating prefix chain script '/home/chaitanya/bumperbot_ws/install/setup.bash'
[66.078s] INFO:colcon.colcon_core.shell:Creating prefix script '/home/chaitanya/bumperbot_ws/install/local_setup.zsh'
[66.082s] INFO:colcon.colcon_core.shell:Creating prefix chain script '/home/chaitanya/bumperbot_ws/install/setup.zsh'
