[1.017s] Invoking command in '/home/ubuntu/BumperBot_V1/src/bumperbot_py_examples': AMENT_PREFIX_PATH=/home/ubuntu/BumperBot_V1/install/bumperbot_msgs:${AMENT_PREFIX_PATH} CMAKE_PREFIX_PATH=/home/ubuntu/BumperBot_V1/install/bumperbot_msgs LD_LIBRARY_PATH=/home/ubuntu/BumperBot_V1/install/bumperbot_msgs/lib:${LD_LIBRARY_PATH} PYTHONPATH=/home/ubuntu/BumperBot_V1/build/bumperbot_py_examples/prefix_override:/usr/lib/python3/dist-packages/colcon_core/task/python/colcon_distutils_commands:/home/ubuntu/BumperBot_V1/install/bumperbot_py_examples/lib/python3.10/site-packages:/home/ubuntu/BumperBot_V1/install/bumperbot_msgs/local/lib/python3.10/dist-packages:${PYTHONPATH} /usr/bin/python3 -W ignore:setup.py install is deprecated -W ignore:easy_install command is deprecated setup.py egg_info --egg-base ../../build/bumperbot_py_examples build --build-base /home/ubuntu/BumperBot_V1/build/bumperbot_py_examples/build install --record /home/ubuntu/BumperBot_V1/build/bumperbot_py_examples/install.log --single-version-externally-managed install_data
[1.349s] running egg_info
[1.353s] creating ../../build/bumperbot_py_examples/bumperbot_py_examples.egg-info
[1.354s] writing ../../build/bumperbot_py_examples/bumperbot_py_examples.egg-info/PKG-INFO
[1.355s] writing dependency_links to ../../build/bumperbot_py_examples/bumperbot_py_examples.egg-info/dependency_links.txt
[1.358s] writing entry points to ../../build/bumperbot_py_examples/bumperbot_py_examples.egg-info/entry_points.txt
[1.359s] writing requirements to ../../build/bumperbot_py_examples/bumperbot_py_examples.egg-info/requires.txt
[1.359s] writing top-level names to ../../build/bumperbot_py_examples/bumperbot_py_examples.egg-info/top_level.txt
[1.360s] writing manifest file '../../build/bumperbot_py_examples/bumperbot_py_examples.egg-info/SOURCES.txt'
[1.360s] reading manifest file '../../build/bumperbot_py_examples/bumperbot_py_examples.egg-info/SOURCES.txt'
[1.361s] writing manifest file '../../build/bumperbot_py_examples/bumperbot_py_examples.egg-info/SOURCES.txt'
[1.362s] running build
[1.362s] running build_py
[1.363s] creating /home/ubuntu/BumperBot_V1/build/bumperbot_py_examples/build
[1.363s] creating /home/ubuntu/BumperBot_V1/build/bumperbot_py_examples/build/lib
[1.363s] creating /home/ubuntu/BumperBot_V1/build/bumperbot_py_examples/build/lib/bumperbot_py_examples
[1.364s] copying bumperbot_py_examples/simple_service_server.py -> /home/ubuntu/BumperBot_V1/build/bumperbot_py_examples/build/lib/bumperbot_py_examples
[1.364s] copying bumperbot_py_examples/simple_tf_kinematics.py -> /home/ubuntu/BumperBot_V1/build/bumperbot_py_examples/build/lib/bumperbot_py_examples
[1.364s] copying bumperbot_py_examples/simple_parameter.py -> /home/ubuntu/BumperBot_V1/build/bumperbot_py_examples/build/lib/bumperbot_py_examples
[1.364s] copying bumperbot_py_examples/simple_publisher.py -> /home/ubuntu/BumperBot_V1/build/bumperbot_py_examples/build/lib/bumperbot_py_examples
[1.364s] copying bumperbot_py_examples/simple_subscriber.py -> /home/ubuntu/BumperBot_V1/build/bumperbot_py_examples/build/lib/bumperbot_py_examples
[1.364s] copying bumperbot_py_examples/__init__.py -> /home/ubuntu/BumperBot_V1/build/bumperbot_py_examples/build/lib/bumperbot_py_examples
[1.364s] copying bumperbot_py_examples/simple_turtlesim_kinematics.py -> /home/ubuntu/BumperBot_V1/build/bumperbot_py_examples/build/lib/bumperbot_py_examples
[1.364s] copying bumperbot_py_examples/simple_service_client.py -> /home/ubuntu/BumperBot_V1/build/bumperbot_py_examples/build/lib/bumperbot_py_examples
[1.364s] running install
[1.364s] running install_lib
[1.364s] creating /home/ubuntu/BumperBot_V1/install/bumperbot_py_examples/lib/python3.10/site-packages/bumperbot_py_examples
[1.364s] copying /home/ubuntu/BumperBot_V1/build/bumperbot_py_examples/build/lib/bumperbot_py_examples/simple_service_server.py -> /home/ubuntu/BumperBot_V1/install/bumperbot_py_examples/lib/python3.10/site-packages/bumperbot_py_examples
[1.365s] copying /home/ubuntu/BumperBot_V1/build/bumperbot_py_examples/build/lib/bumperbot_py_examples/simple_tf_kinematics.py -> /home/ubuntu/BumperBot_V1/install/bumperbot_py_examples/lib/python3.10/site-packages/bumperbot_py_examples
[1.365s] copying /home/ubuntu/BumperBot_V1/build/bumperbot_py_examples/build/lib/bumperbot_py_examples/simple_parameter.py -> /home/ubuntu/BumperBot_V1/install/bumperbot_py_examples/lib/python3.10/site-packages/bumperbot_py_examples
[1.365s] copying /home/ubuntu/BumperBot_V1/build/bumperbot_py_examples/build/lib/bumperbot_py_examples/simple_publisher.py -> /home/ubuntu/BumperBot_V1/install/bumperbot_py_examples/lib/python3.10/site-packages/bumperbot_py_examples
[1.365s] copying /home/ubuntu/BumperBot_V1/build/bumperbot_py_examples/build/lib/bumperbot_py_examples/simple_subscriber.py -> /home/ubuntu/BumperBot_V1/install/bumperbot_py_examples/lib/python3.10/site-packages/bumperbot_py_examples
[1.365s] copying /home/ubuntu/BumperBot_V1/build/bumperbot_py_examples/build/lib/bumperbot_py_examples/__init__.py -> /home/ubuntu/BumperBot_V1/install/bumperbot_py_examples/lib/python3.10/site-packages/bumperbot_py_examples
[1.365s] copying /home/ubuntu/BumperBot_V1/build/bumperbot_py_examples/build/lib/bumperbot_py_examples/simple_turtlesim_kinematics.py -> /home/ubuntu/BumperBot_V1/install/bumperbot_py_examples/lib/python3.10/site-packages/bumperbot_py_examples
[1.365s] copying /home/ubuntu/BumperBot_V1/build/bumperbot_py_examples/build/lib/bumperbot_py_examples/simple_service_client.py -> /home/ubuntu/BumperBot_V1/install/bumperbot_py_examples/lib/python3.10/site-packages/bumperbot_py_examples
[1.365s] byte-compiling /home/ubuntu/BumperBot_V1/install/bumperbot_py_examples/lib/python3.10/site-packages/bumperbot_py_examples/simple_service_server.py to simple_service_server.cpython-310.pyc
[1.365s] byte-compiling /home/ubuntu/BumperBot_V1/install/bumperbot_py_examples/lib/python3.10/site-packages/bumperbot_py_examples/simple_tf_kinematics.py to simple_tf_kinematics.cpython-310.pyc
[1.365s] byte-compiling /home/ubuntu/BumperBot_V1/install/bumperbot_py_examples/lib/python3.10/site-packages/bumperbot_py_examples/simple_parameter.py to simple_parameter.cpython-310.pyc
[1.365s] byte-compiling /home/ubuntu/BumperBot_V1/install/bumperbot_py_examples/lib/python3.10/site-packages/bumperbot_py_examples/simple_publisher.py to simple_publisher.cpython-310.pyc
[1.366s] byte-compiling /home/ubuntu/BumperBot_V1/install/bumperbot_py_examples/lib/python3.10/site-packages/bumperbot_py_examples/simple_subscriber.py to simple_subscriber.cpython-310.pyc
[1.366s] byte-compiling /home/ubuntu/BumperBot_V1/install/bumperbot_py_examples/lib/python3.10/site-packages/bumperbot_py_examples/__init__.py to __init__.cpython-310.pyc
[1.366s] byte-compiling /home/ubuntu/BumperBot_V1/install/bumperbot_py_examples/lib/python3.10/site-packages/bumperbot_py_examples/simple_turtlesim_kinematics.py to simple_turtlesim_kinematics.cpython-310.pyc
[1.366s] byte-compiling /home/ubuntu/BumperBot_V1/install/bumperbot_py_examples/lib/python3.10/site-packages/bumperbot_py_examples/simple_service_client.py to simple_service_client.cpython-310.pyc
[1.366s] running install_data
[1.366s] creating /home/ubuntu/BumperBot_V1/install/bumperbot_py_examples/share/ament_index
[1.366s] creating /home/ubuntu/BumperBot_V1/install/bumperbot_py_examples/share/ament_index/resource_index
[1.366s] creating /home/ubuntu/BumperBot_V1/install/bumperbot_py_examples/share/ament_index/resource_index/packages
[1.366s] copying resource/bumperbot_py_examples -> /home/ubuntu/BumperBot_V1/install/bumperbot_py_examples/share/ament_index/resource_index/packages
[1.366s] copying package.xml -> /home/ubuntu/BumperBot_V1/install/bumperbot_py_examples/share/bumperbot_py_examples
[1.367s] running install_egg_info
[1.370s] Copying ../../build/bumperbot_py_examples/bumperbot_py_examples.egg-info to /home/ubuntu/BumperBot_V1/install/bumperbot_py_examples/lib/python3.10/site-packages/bumperbot_py_examples-0.0.0-py3.10.egg-info
[1.371s] running install_scripts
[1.404s] Installing simple_parameter script to /home/ubuntu/BumperBot_V1/install/bumperbot_py_examples/lib/bumperbot_py_examples
[1.405s] Installing simple_publisher script to /home/ubuntu/BumperBot_V1/install/bumperbot_py_examples/lib/bumperbot_py_examples
[1.405s] Installing simple_service_client script to /home/ubuntu/BumperBot_V1/install/bumperbot_py_examples/lib/bumperbot_py_examples
[1.406s] Installing simple_service_server script to /home/ubuntu/BumperBot_V1/install/bumperbot_py_examples/lib/bumperbot_py_examples
[1.407s] Installing simple_subscriber script to /home/ubuntu/BumperBot_V1/install/bumperbot_py_examples/lib/bumperbot_py_examples
[1.407s] Installing simple_tf_kinematics script to /home/ubuntu/BumperBot_V1/install/bumperbot_py_examples/lib/bumperbot_py_examples
[1.408s] Installing simple_turtlesim_kinematics script to /home/ubuntu/BumperBot_V1/install/bumperbot_py_examples/lib/bumperbot_py_examples
[1.408s] writing list of installed files to '/home/ubuntu/BumperBot_V1/build/bumperbot_py_examples/install.log'
[1.451s] Invoked command in '/home/ubuntu/BumperBot_V1/src/bumperbot_py_examples' returned '0': AMENT_PREFIX_PATH=/home/ubuntu/BumperBot_V1/install/bumperbot_msgs:${AMENT_PREFIX_PATH} CMAKE_PREFIX_PATH=/home/ubuntu/BumperBot_V1/install/bumperbot_msgs LD_LIBRARY_PATH=/home/ubuntu/BumperBot_V1/install/bumperbot_msgs/lib:${LD_LIBRARY_PATH} PYTHONPATH=/home/ubuntu/BumperBot_V1/build/bumperbot_py_examples/prefix_override:/usr/lib/python3/dist-packages/colcon_core/task/python/colcon_distutils_commands:/home/ubuntu/BumperBot_V1/install/bumperbot_py_examples/lib/python3.10/site-packages:/home/ubuntu/BumperBot_V1/install/bumperbot_msgs/local/lib/python3.10/dist-packages:${PYTHONPATH} /usr/bin/python3 -W ignore:setup.py install is deprecated -W ignore:easy_install command is deprecated setup.py egg_info --egg-base ../../build/bumperbot_py_examples build --build-base /home/ubuntu/BumperBot_V1/build/bumperbot_py_examples/build install --record /home/ubuntu/BumperBot_V1/build/bumperbot_py_examples/install.log --single-version-externally-managed install_data
