[0.087s] Invoking command in '/home/chaitanya/bumperbot_ws/build/bumperbot_cpp_examples': AMENT_PREFIX_PATH=/home/chaitanya/bumperbot_ws/install/bumperbot_msgs:${AMENT_PREFIX_PATH} CMAKE_PREFIX_PATH=/home/chaitanya/bumperbot_ws/install/bumperbot_msgs:/opt/ros/humble LD_LIBRARY_PATH=/home/chaitanya/bumperbot_ws/install/bumperbot_msgs/lib:${LD_LIBRARY_PATH} PYTHONPATH=/home/chaitanya/bumperbot_ws/install/bumperbot_msgs/local/lib/python3.10/dist-packages:${PYTHONPATH} /usr/bin/cmake /home/chaitanya/bumperbot_ws/src/bumperbot_cpp_examples -DCMAKE_INSTALL_PREFIX=/home/chaitanya/bumperbot_ws/install/bumperbot_cpp_examples
[0.444s] -- The C compiler identification is GNU 11.4.0
[0.796s] -- The CXX compiler identification is GNU 11.4.0
[0.832s] -- Detecting C compiler ABI info
[1.292s] -- Detecting C compiler ABI info - done
[1.321s] -- Check for working C compiler: /usr/bin/cc - skipped
[1.323s] -- Detecting C compile features
[1.325s] -- Detecting C compile features - done
[1.342s] -- Detecting CXX compiler ABI info
[1.798s] -- Detecting CXX compiler ABI info - done
[1.826s] -- Check for working CXX compiler: /usr/bin/c++ - skipped
[1.828s] -- Detecting CXX compile features
[1.830s] -- Detecting CXX compile features - done
[1.872s] -- Found ament_cmake: 1.3.11 (/opt/ros/humble/share/ament_cmake/cmake)
[2.845s] -- Found Python3: /usr/bin/python3 (found version "3.10.12") found components: Interpreter 
[3.570s] -- Found rclcpp: 16.0.12 (/opt/ros/humble/share/rclcpp/cmake)
[3.997s] -- Found rosidl_generator_c: 3.1.6 (/opt/ros/humble/share/rosidl_generator_c/cmake)
[4.048s] -- Found rosidl_adapter: 3.1.6 (/opt/ros/humble/share/rosidl_adapter/cmake)
[4.121s] -- Found rosidl_generator_cpp: 3.1.6 (/opt/ros/humble/share/rosidl_generator_cpp/cmake)
[4.211s] -- Using all available rosidl_typesupport_c: rosidl_typesupport_fastrtps_c;rosidl_typesupport_introspection_c
[4.333s] -- Using all available rosidl_typesupport_cpp: rosidl_typesupport_fastrtps_cpp;rosidl_typesupport_introspection_cpp
[4.743s] -- Found rmw_implementation_cmake: 6.1.2 (/opt/ros/humble/share/rmw_implementation_cmake/cmake)
[4.777s] -- Found rmw_fastrtps_cpp: 6.2.7 (/opt/ros/humble/share/rmw_fastrtps_cpp/cmake)
[5.492s] -- Found OpenSSL: /usr/lib/aarch64-linux-gnu/libcrypto.so (found version "3.0.2")  
[5.789s] -- Found FastRTPS: /opt/ros/humble/include  
[6.271s] -- Using RMW implementation 'rmw_fastrtps_cpp' as default
[6.374s] -- Looking for pthread.h
[6.758s] -- Looking for pthread.h - found
[6.760s] -- Performing Test CMAKE_HAVE_LIBC_PTHREAD
[7.153s] -- Performing Test CMAKE_HAVE_LIBC_PTHREAD - Success
[7.159s] -- Found Threads: TRUE  
[7.575s] -- Found turtlesim: 1.4.2 (/opt/ros/humble/share/turtlesim/cmake)
[7.852s] -- Found bumperbot_msgs: 0.0.0 (/home/chaitanya/bumperbot_ws/install/bumperbot_msgs/share/bumperbot_msgs/cmake)
[8.037s] -- Found tf2: 0.25.12 (/opt/ros/humble/share/tf2/cmake)
[8.188s] -- Found tf2_ros: 0.25.12 (/opt/ros/humble/share/tf2_ros/cmake)
[8.910s] -- Found rclcpp_lifecycle: 16.0.12 (/opt/ros/humble/share/rclcpp_lifecycle/cmake)
[9.548s] -- Configuring done
[9.800s] -- Generating done
[9.882s] -- Build files have been written to: /home/chaitanya/bumperbot_ws/build/bumperbot_cpp_examples
[9.952s] Invoked command in '/home/chaitanya/bumperbot_ws/build/bumperbot_cpp_examples' returned '0': AMENT_PREFIX_PATH=/home/chaitanya/bumperbot_ws/install/bumperbot_msgs:${AMENT_PREFIX_PATH} CMAKE_PREFIX_PATH=/home/chaitanya/bumperbot_ws/install/bumperbot_msgs:/opt/ros/humble LD_LIBRARY_PATH=/home/chaitanya/bumperbot_ws/install/bumperbot_msgs/lib:${LD_LIBRARY_PATH} PYTHONPATH=/home/chaitanya/bumperbot_ws/install/bumperbot_msgs/local/lib/python3.10/dist-packages:${PYTHONPATH} /usr/bin/cmake /home/chaitanya/bumperbot_ws/src/bumperbot_cpp_examples -DCMAKE_INSTALL_PREFIX=/home/chaitanya/bumperbot_ws/install/bumperbot_cpp_examples
[9.955s] Invoking command in '/home/chaitanya/bumperbot_ws/build/bumperbot_cpp_examples': AMENT_PREFIX_PATH=/home/chaitanya/bumperbot_ws/install/bumperbot_msgs:${AMENT_PREFIX_PATH} CMAKE_PREFIX_PATH=/home/chaitanya/bumperbot_ws/install/bumperbot_msgs:/opt/ros/humble LD_LIBRARY_PATH=/home/chaitanya/bumperbot_ws/install/bumperbot_msgs/lib:${LD_LIBRARY_PATH} PYTHONPATH=/home/chaitanya/bumperbot_ws/install/bumperbot_msgs/local/lib/python3.10/dist-packages:${PYTHONPATH} /usr/bin/cmake --build /home/chaitanya/bumperbot_ws/build/bumperbot_cpp_examples -- -j4 -l4
[10.208s] [ 12%] [32mBuilding CXX object CMakeFiles/simple_publisher.dir/src/simple_publisher.cpp.o[0m
[10.209s] [ 12%] [32mBuilding CXX object CMakeFiles/simple_subscriber.dir/src/simple_subscriber.cpp.o[0m
[12.284s] [ 18%] [32mBuilding CXX object CMakeFiles/simple_turtlesim_kinematics.dir/src/simple_turtlesim_kinematics.cpp.o[0m
[47.756s] [ 25%] [32m[1mLinking CXX executable simple_publisher[0m
[50.572s] [ 25%] Built target simple_publisher
[68.497s] [ 31%] [32m[1mLinking CXX executable simple_subscriber[0m
[70.106s] [ 37%] [32m[1mLinking CXX executable simple_turtlesim_kinematics[0m
[70.879s] [ 37%] Built target simple_subscriber
[72.404s] [ 37%] Built target simple_turtlesim_kinematics
[72.540s] [ 43%] [32mBuilding CXX object CMakeFiles/simple_service_client.dir/src/simple_service_client.cpp.o[0m
[91.684s] [ 50%] [32m[1mLinking CXX executable simple_service_client[0m
[92.625s] [ 50%] Built target simple_service_client
[92.727s] [ 56%] [32mBuilding CXX object CMakeFiles/simple_tf_kinematics.dir/src/simple_tf_kinematics.cpp.o[0m
[120.215s] [ 62%] [32m[1mLinking CXX executable simple_tf_kinematics[0m
[122.017s] [ 62%] Built target simple_tf_kinematics
[122.129s] [ 68%] [32mBuilding CXX object CMakeFiles/simple_lifecycle_node.dir/src/simple_lifecycle_node.cpp.o[0m
[162.970s] [ 75%] [32m[1mLinking CXX executable simple_lifecycle_node[0m
[164.987s] [ 75%] Built target simple_lifecycle_node
[165.125s] [ 81%] [32mBuilding CXX object CMakeFiles/simple_parameter.dir/src/simple_parameter.cpp.o[0m
[165.145s] [ 87%] [32mBuilding CXX object CMakeFiles/simple_service_server.dir/src/simple_service_server.cpp.o[0m
[183.354s] [ 93%] [32m[1mLinking CXX executable simple_parameter[0m
[184.050s] [ 93%] Built target simple_parameter
[185.851s] [100%] [32m[1mLinking CXX executable simple_service_server[0m
[186.727s] [100%] Built target simple_service_server
[186.784s] Invoked command in '/home/chaitanya/bumperbot_ws/build/bumperbot_cpp_examples' returned '0': AMENT_PREFIX_PATH=/home/chaitanya/bumperbot_ws/install/bumperbot_msgs:${AMENT_PREFIX_PATH} CMAKE_PREFIX_PATH=/home/chaitanya/bumperbot_ws/install/bumperbot_msgs:/opt/ros/humble LD_LIBRARY_PATH=/home/chaitanya/bumperbot_ws/install/bumperbot_msgs/lib:${LD_LIBRARY_PATH} PYTHONPATH=/home/chaitanya/bumperbot_ws/install/bumperbot_msgs/local/lib/python3.10/dist-packages:${PYTHONPATH} /usr/bin/cmake --build /home/chaitanya/bumperbot_ws/build/bumperbot_cpp_examples -- -j4 -l4
[186.844s] Invoking command in '/home/chaitanya/bumperbot_ws/build/bumperbot_cpp_examples': AMENT_PREFIX_PATH=/home/chaitanya/bumperbot_ws/install/bumperbot_msgs:${AMENT_PREFIX_PATH} CMAKE_PREFIX_PATH=/home/chaitanya/bumperbot_ws/install/bumperbot_msgs:/opt/ros/humble LD_LIBRARY_PATH=/home/chaitanya/bumperbot_ws/install/bumperbot_msgs/lib:${LD_LIBRARY_PATH} PYTHONPATH=/home/chaitanya/bumperbot_ws/install/bumperbot_msgs/local/lib/python3.10/dist-packages:${PYTHONPATH} /usr/bin/cmake --install /home/chaitanya/bumperbot_ws/build/bumperbot_cpp_examples
[186.885s] -- Install configuration: ""
[186.891s] -- Installing: /home/chaitanya/bumperbot_ws/install/bumperbot_cpp_examples/include/include
[186.893s] -- Installing: /home/chaitanya/bumperbot_ws/install/bumperbot_cpp_examples/include/include/bumperbot_cpp_examples
[186.894s] -- Installing: /home/chaitanya/bumperbot_ws/install/bumperbot_cpp_examples/include/include/bumperbot_cpp_examples/simple_tf_kinematics.hpp
[186.896s] -- Installing: /home/chaitanya/bumperbot_ws/install/bumperbot_cpp_examples/include/include/bumperbot_cpp_examples/simple_turtlesim_kinematics.hpp
[186.898s] -- Installing: /home/chaitanya/bumperbot_ws/install/bumperbot_cpp_examples/lib/bumperbot_cpp_examples/simple_publisher
[186.909s] -- Set runtime path of "/home/chaitanya/bumperbot_ws/install/bumperbot_cpp_examples/lib/bumperbot_cpp_examples/simple_publisher" to ""
[186.909s] -- Installing: /home/chaitanya/bumperbot_ws/install/bumperbot_cpp_examples/lib/bumperbot_cpp_examples/simple_subscriber
[186.937s] -- Set runtime path of "/home/chaitanya/bumperbot_ws/install/bumperbot_cpp_examples/lib/bumperbot_cpp_examples/simple_subscriber" to ""
[186.938s] -- Installing: /home/chaitanya/bumperbot_ws/install/bumperbot_cpp_examples/lib/bumperbot_cpp_examples/simple_parameter
[186.942s] -- Set runtime path of "/home/chaitanya/bumperbot_ws/install/bumperbot_cpp_examples/lib/bumperbot_cpp_examples/simple_parameter" to ""
[186.943s] -- Installing: /home/chaitanya/bumperbot_ws/install/bumperbot_cpp_examples/lib/bumperbot_cpp_examples/simple_turtlesim_kinematics
[186.972s] -- Set runtime path of "/home/chaitanya/bumperbot_ws/install/bumperbot_cpp_examples/lib/bumperbot_cpp_examples/simple_turtlesim_kinematics" to ""
[186.973s] -- Installing: /home/chaitanya/bumperbot_ws/install/bumperbot_cpp_examples/lib/bumperbot_cpp_examples/simple_service_server
[186.980s] -- Set runtime path of "/home/chaitanya/bumperbot_ws/install/bumperbot_cpp_examples/lib/bumperbot_cpp_examples/simple_service_server" to ""
[186.981s] -- Installing: /home/chaitanya/bumperbot_ws/install/bumperbot_cpp_examples/lib/bumperbot_cpp_examples/simple_service_client
[186.989s] -- Set runtime path of "/home/chaitanya/bumperbot_ws/install/bumperbot_cpp_examples/lib/bumperbot_cpp_examples/simple_service_client" to ""
[186.989s] -- Installing: /home/chaitanya/bumperbot_ws/install/bumperbot_cpp_examples/lib/bumperbot_cpp_examples/simple_tf_kinematics
[187.003s] -- Set runtime path of "/home/chaitanya/bumperbot_ws/install/bumperbot_cpp_examples/lib/bumperbot_cpp_examples/simple_tf_kinematics" to ""
[187.008s] -- Installing: /home/chaitanya/bumperbot_ws/install/bumperbot_cpp_examples/lib/bumperbot_cpp_examples/simple_lifecycle_node
[187.034s] -- Set runtime path of "/home/chaitanya/bumperbot_ws/install/bumperbot_cpp_examples/lib/bumperbot_cpp_examples/simple_lifecycle_node" to ""
[187.038s] -- Installing: /home/chaitanya/bumperbot_ws/install/bumperbot_cpp_examples/share/ament_index/resource_index/package_run_dependencies/bumperbot_cpp_examples
[187.042s] -- Installing: /home/chaitanya/bumperbot_ws/install/bumperbot_cpp_examples/share/ament_index/resource_index/parent_prefix_path/bumperbot_cpp_examples
[187.047s] -- Installing: /home/chaitanya/bumperbot_ws/install/bumperbot_cpp_examples/share/bumperbot_cpp_examples/environment/ament_prefix_path.sh
[187.050s] -- Installing: /home/chaitanya/bumperbot_ws/install/bumperbot_cpp_examples/share/bumperbot_cpp_examples/environment/ament_prefix_path.dsv
[187.053s] -- Installing: /home/chaitanya/bumperbot_ws/install/bumperbot_cpp_examples/share/bumperbot_cpp_examples/environment/path.sh
[187.054s] -- Installing: /home/chaitanya/bumperbot_ws/install/bumperbot_cpp_examples/share/bumperbot_cpp_examples/environment/path.dsv
[187.056s] -- Installing: /home/chaitanya/bumperbot_ws/install/bumperbot_cpp_examples/share/bumperbot_cpp_examples/local_setup.bash
[187.059s] -- Installing: /home/chaitanya/bumperbot_ws/install/bumperbot_cpp_examples/share/bumperbot_cpp_examples/local_setup.sh
[187.068s] -- Installing: /home/chaitanya/bumperbot_ws/install/bumperbot_cpp_examples/share/bumperbot_cpp_examples/local_setup.zsh
[187.069s] -- Installing: /home/chaitanya/bumperbot_ws/install/bumperbot_cpp_examples/share/bumperbot_cpp_examples/local_setup.dsv
[187.072s] -- Installing: /home/chaitanya/bumperbot_ws/install/bumperbot_cpp_examples/share/bumperbot_cpp_examples/package.dsv
[187.073s] -- Installing: /home/chaitanya/bumperbot_ws/install/bumperbot_cpp_examples/share/ament_index/resource_index/packages/bumperbot_cpp_examples
[187.073s] -- Installing: /home/chaitanya/bumperbot_ws/install/bumperbot_cpp_examples/share/bumperbot_cpp_examples/cmake/bumperbot_cpp_examplesConfig.cmake
[187.077s] -- Installing: /home/chaitanya/bumperbot_ws/install/bumperbot_cpp_examples/share/bumperbot_cpp_examples/cmake/bumperbot_cpp_examplesConfig-version.cmake
[187.078s] -- Installing: /home/chaitanya/bumperbot_ws/install/bumperbot_cpp_examples/share/bumperbot_cpp_examples/package.xml
[187.086s] Invoked command in '/home/chaitanya/bumperbot_ws/build/bumperbot_cpp_examples' returned '0': AMENT_PREFIX_PATH=/home/chaitanya/bumperbot_ws/install/bumperbot_msgs:${AMENT_PREFIX_PATH} CMAKE_PREFIX_PATH=/home/chaitanya/bumperbot_ws/install/bumperbot_msgs:/opt/ros/humble LD_LIBRARY_PATH=/home/chaitanya/bumperbot_ws/install/bumperbot_msgs/lib:${LD_LIBRARY_PATH} PYTHONPATH=/home/chaitanya/bumperbot_ws/install/bumperbot_msgs/local/lib/python3.10/dist-packages:${PYTHONPATH} /usr/bin/cmake --install /home/chaitanya/bumperbot_ws/build/bumperbot_cpp_examples
