[0.216s] Invoking command in '/home/chaitanya/bumperbot_ws/build/bumperbot_description': CMAKE_PREFIX_PATH=/opt/ros/humble /usr/bin/cmake --build /home/chaitanya/bumperbot_ws/build/bumperbot_description -- -j4 -l4
[0.907s] Invoked command in '/home/chaitanya/bumperbot_ws/build/bumperbot_description' returned '0': CMAKE_PREFIX_PATH=/opt/ros/humble /usr/bin/cmake --build /home/chaitanya/bumperbot_ws/build/bumperbot_description -- -j4 -l4
[1.042s] Invoking command in '/home/chaitanya/bumperbot_ws/build/bumperbot_description': CMAKE_PREFIX_PATH=/opt/ros/humble /usr/bin/cmake --install /home/chaitanya/bumperbot_ws/build/bumperbot_description
[1.139s] -- Install configuration: ""
[1.139s] -- Up-to-date: /home/chaitanya/bumperbot_ws/install/bumperbot_description/share/bumperbot_description/launch
[1.150s] -- Up-to-date: /home/chaitanya/bumperbot_ws/install/bumperbot_description/share/bumperbot_description/launch/display.launch.py
[1.152s] -- Up-to-date: /home/chaitanya/bumperbot_ws/install/bumperbot_description/share/bumperbot_description/launch/gazebo.launch.py
[1.163s] -- Up-to-date: /home/chaitanya/bumperbot_ws/install/bumperbot_description/share/bumperbot_description/meshes
[1.163s] -- Up-to-date: /home/chaitanya/bumperbot_ws/install/bumperbot_description/share/bumperbot_description/meshes/caster_front_link.STL
[1.164s] -- Up-to-date: /home/chaitanya/bumperbot_ws/install/bumperbot_description/share/bumperbot_description/meshes/caster_rear_link.STL
[1.164s] -- Up-to-date: /home/chaitanya/bumperbot_ws/install/bumperbot_description/share/bumperbot_description/meshes/wheel_left_link.STL
[1.165s] -- Up-to-date: /home/chaitanya/bumperbot_ws/install/bumperbot_description/share/bumperbot_description/meshes/base_link.STL
[1.165s] -- Up-to-date: /home/chaitanya/bumperbot_ws/install/bumperbot_description/share/bumperbot_description/meshes/wheel_right_link.STL
[1.174s] -- Up-to-date: /home/chaitanya/bumperbot_ws/install/bumperbot_description/share/bumperbot_description/meshes/imu_link.STL
[1.196s] -- Up-to-date: /home/chaitanya/bumperbot_ws/install/bumperbot_description/share/bumperbot_description/urdf
[1.208s] -- Up-to-date: /home/chaitanya/bumperbot_ws/install/bumperbot_description/share/bumperbot_description/urdf/bumperbot_gazebo.xacro
[1.209s] -- Up-to-date: /home/chaitanya/bumperbot_ws/install/bumperbot_description/share/bumperbot_description/urdf/bumperbot_ros2_control.xacro
[1.209s] -- Up-to-date: /home/chaitanya/bumperbot_ws/install/bumperbot_description/share/bumperbot_description/urdf/bumperbot.urdf.xacro
[1.210s] -- Up-to-date: /home/chaitanya/bumperbot_ws/install/bumperbot_description/share/bumperbot_description/rviz
[1.216s] -- Up-to-date: /home/chaitanya/bumperbot_ws/install/bumperbot_description/share/bumperbot_description/rviz/display.rviz
[1.217s] -- Up-to-date: /home/chaitanya/bumperbot_ws/install/bumperbot_description/share/ament_index/resource_index/package_run_dependencies/bumperbot_description
[1.218s] -- Up-to-date: /home/chaitanya/bumperbot_ws/install/bumperbot_description/share/ament_index/resource_index/parent_prefix_path/bumperbot_description
[1.223s] -- Up-to-date: /home/chaitanya/bumperbot_ws/install/bumperbot_description/share/bumperbot_description/environment/ament_prefix_path.sh
[1.224s] -- Up-to-date: /home/chaitanya/bumperbot_ws/install/bumperbot_description/share/bumperbot_description/environment/ament_prefix_path.dsv
[1.224s] -- Up-to-date: /home/chaitanya/bumperbot_ws/install/bumperbot_description/share/bumperbot_description/environment/path.sh
[1.225s] -- Up-to-date: /home/chaitanya/bumperbot_ws/install/bumperbot_description/share/bumperbot_description/environment/path.dsv
[1.225s] -- Up-to-date: /home/chaitanya/bumperbot_ws/install/bumperbot_description/share/bumperbot_description/local_setup.bash
[1.239s] -- Up-to-date: /home/chaitanya/bumperbot_ws/install/bumperbot_description/share/bumperbot_description/local_setup.sh
[1.240s] -- Up-to-date: /home/chaitanya/bumperbot_ws/install/bumperbot_description/share/bumperbot_description/local_setup.zsh
[1.241s] -- Up-to-date: /home/chaitanya/bumperbot_ws/install/bumperbot_description/share/bumperbot_description/local_setup.dsv
[1.241s] -- Installing: /home/chaitanya/bumperbot_ws/install/bumperbot_description/share/bumperbot_description/package.dsv
[1.264s] -- Up-to-date: /home/chaitanya/bumperbot_ws/install/bumperbot_description/share/ament_index/resource_index/packages/bumperbot_description
[1.277s] -- Up-to-date: /home/chaitanya/bumperbot_ws/install/bumperbot_description/share/bumperbot_description/cmake/bumperbot_descriptionConfig.cmake
[1.277s] -- Up-to-date: /home/chaitanya/bumperbot_ws/install/bumperbot_description/share/bumperbot_description/cmake/bumperbot_descriptionConfig-version.cmake
[1.278s] -- Up-to-date: /home/chaitanya/bumperbot_ws/install/bumperbot_description/share/bumperbot_description/package.xml
[1.279s] Invoked command in '/home/chaitanya/bumperbot_ws/build/bumperbot_description' returned '0': CMAKE_PREFIX_PATH=/opt/ros/humble /usr/bin/cmake --install /home/chaitanya/bumperbot_ws/build/bumperbot_description
