[0.067s] Invoking command in '/home/chaitanya/bumperbot_ws/build/bumperbot_firmware': CMAKE_PREFIX_PATH=/opt/ros/humble /usr/bin/cmake --build /home/chaitanya/bumperbot_ws/build/bumperbot_firmware -- -j4 -l4
[0.522s] -- Found ament_cmake: 1.3.11 (/opt/ros/humble/share/ament_cmake/cmake)
[1.194s] -- Found rclcpp: 16.0.12 (/opt/ros/humble/share/rclcpp/cmake)
[1.432s] -- Found rosidl_generator_c: 3.1.6 (/opt/ros/humble/share/rosidl_generator_c/cmake)
[1.451s] -- Found rosidl_adapter: 3.1.6 (/opt/ros/humble/share/rosidl_adapter/cmake)
[1.485s] -- Found rosidl_generator_cpp: 3.1.6 (/opt/ros/humble/share/rosidl_generator_cpp/cmake)
[1.540s] -- Using all available rosidl_typesupport_c: rosidl_typesupport_fastrtps_c;rosidl_typesupport_introspection_c
[1.610s] -- Using all available rosidl_typesupport_cpp: rosidl_typesupport_fastrtps_cpp;rosidl_typesupport_introspection_cpp
[1.797s] -- Found rmw_implementation_cmake: 6.1.2 (/opt/ros/humble/share/rmw_implementation_cmake/cmake)
[1.808s] -- Found rmw_fastrtps_cpp: 6.2.7 (/opt/ros/humble/share/rmw_fastrtps_cpp/cmake)
[2.920s] -- Using RMW implementation 'rmw_fastrtps_cpp' as default
[3.218s] -- Found hardware_interface: 2.50.0 (/opt/ros/humble/share/hardware_interface/cmake)
[4.427s] -- Configuring done
[4.726s] -- Generating done
[4.763s] -- Build files have been written to: /home/chaitanya/bumperbot_ws/build/bumperbot_firmware
[4.886s] [35m[1mConsolidate compiler generated dependencies of target simple_serial_transmitter[0m
[4.887s] [35m[1mConsolidate compiler generated dependencies of target bumperbot_firmware[0m
[4.988s] [ 50%] Built target simple_serial_transmitter
[5.004s] [100%] Built target bumperbot_firmware
[5.053s] Invoked command in '/home/chaitanya/bumperbot_ws/build/bumperbot_firmware' returned '0': CMAKE_PREFIX_PATH=/opt/ros/humble /usr/bin/cmake --build /home/chaitanya/bumperbot_ws/build/bumperbot_firmware -- -j4 -l4
[5.103s] Invoking command in '/home/chaitanya/bumperbot_ws/build/bumperbot_firmware': CMAKE_PREFIX_PATH=/opt/ros/humble /usr/bin/cmake --install /home/chaitanya/bumperbot_ws/build/bumperbot_firmware
[5.128s] -- Install configuration: ""
[5.129s] -- Up-to-date: /home/chaitanya/bumperbot_ws/install/bumperbot_firmware/share/bumperbot_firmware/src/BumperbotHardware.xml
[5.130s] -- Up-to-date: /home/chaitanya/bumperbot_ws/install/bumperbot_firmware/lib/libbumperbot_firmware.so
[5.132s] -- Up-to-date: /home/chaitanya/bumperbot_ws/install/bumperbot_firmware/lib/bumperbot_firmware/simple_serial_transmitter
[5.134s] -- Up-to-date: /home/chaitanya/bumperbot_ws/install/bumperbot_firmware/include
[5.134s] -- Up-to-date: /home/chaitanya/bumperbot_ws/install/bumperbot_firmware/include/bumperbot_firmware
[5.135s] -- Up-to-date: /home/chaitanya/bumperbot_ws/install/bumperbot_firmware/include/bumperbot_firmware/bumperbot_interface.hpp
[5.135s] -- Up-to-date: /home/chaitanya/bumperbot_ws/install/bumperbot_firmware/share/bumperbot_firmware/BumperbotHardware.xml
[5.136s] -- Up-to-date: /home/chaitanya/bumperbot_ws/install/bumperbot_firmware/share/bumperbot_firmware/environment/library_path.sh
[5.136s] -- Installing: /home/chaitanya/bumperbot_ws/install/bumperbot_firmware/share/bumperbot_firmware/environment/library_path.dsv
[5.137s] -- Up-to-date: /home/chaitanya/bumperbot_ws/install/bumperbot_firmware/share/ament_index/resource_index/package_run_dependencies/bumperbot_firmware
[5.138s] -- Up-to-date: /home/chaitanya/bumperbot_ws/install/bumperbot_firmware/share/ament_index/resource_index/parent_prefix_path/bumperbot_firmware
[5.138s] -- Up-to-date: /home/chaitanya/bumperbot_ws/install/bumperbot_firmware/share/bumperbot_firmware/environment/ament_prefix_path.sh
[5.139s] -- Installing: /home/chaitanya/bumperbot_ws/install/bumperbot_firmware/share/bumperbot_firmware/environment/ament_prefix_path.dsv
[5.140s] -- Up-to-date: /home/chaitanya/bumperbot_ws/install/bumperbot_firmware/share/bumperbot_firmware/environment/path.sh
[5.143s] -- Installing: /home/chaitanya/bumperbot_ws/install/bumperbot_firmware/share/bumperbot_firmware/environment/path.dsv
[5.144s] -- Up-to-date: /home/chaitanya/bumperbot_ws/install/bumperbot_firmware/share/bumperbot_firmware/local_setup.bash
[5.144s] -- Up-to-date: /home/chaitanya/bumperbot_ws/install/bumperbot_firmware/share/bumperbot_firmware/local_setup.sh
[5.145s] -- Up-to-date: /home/chaitanya/bumperbot_ws/install/bumperbot_firmware/share/bumperbot_firmware/local_setup.zsh
[5.145s] -- Installing: /home/chaitanya/bumperbot_ws/install/bumperbot_firmware/share/bumperbot_firmware/local_setup.dsv
[5.146s] -- Installing: /home/chaitanya/bumperbot_ws/install/bumperbot_firmware/share/bumperbot_firmware/package.dsv
[5.146s] -- Up-to-date: /home/chaitanya/bumperbot_ws/install/bumperbot_firmware/share/ament_index/resource_index/packages/bumperbot_firmware
[5.147s] -- Installing: /home/chaitanya/bumperbot_ws/install/bumperbot_firmware/share/ament_index/resource_index/bumperbot_firmware__pluginlib__plugin/bumperbot_firmware
[5.149s] -- Up-to-date: /home/chaitanya/bumperbot_ws/install/bumperbot_firmware/share/bumperbot_firmware/cmake/ament_cmake_export_include_directories-extras.cmake
[5.150s] -- Up-to-date: /home/chaitanya/bumperbot_ws/install/bumperbot_firmware/share/bumperbot_firmware/cmake/ament_cmake_export_libraries-extras.cmake
[5.150s] -- Up-to-date: /home/chaitanya/bumperbot_ws/install/bumperbot_firmware/share/bumperbot_firmware/cmake/ament_cmake_export_dependencies-extras.cmake
[5.151s] -- Up-to-date: /home/chaitanya/bumperbot_ws/install/bumperbot_firmware/share/bumperbot_firmware/cmake/bumperbot_firmwareConfig.cmake
[5.151s] -- Up-to-date: /home/chaitanya/bumperbot_ws/install/bumperbot_firmware/share/bumperbot_firmware/cmake/bumperbot_firmwareConfig-version.cmake
[5.152s] -- Up-to-date: /home/chaitanya/bumperbot_ws/install/bumperbot_firmware/share/bumperbot_firmware/package.xml
[5.164s] Invoked command in '/home/chaitanya/bumperbot_ws/build/bumperbot_firmware' returned '0': CMAKE_PREFIX_PATH=/opt/ros/humble /usr/bin/cmake --install /home/chaitanya/bumperbot_ws/build/bumperbot_firmware
