-- The C compiler identification is GNU 11.4.0
-- The CXX compiler identification is GNU 11.4.0
-- Detecting C compiler ABI info
-- Detecting C compiler ABI info - done
-- Check for working C compiler: /usr/bin/cc - skipped
-- Detecting C compile features
-- Detecting C compile features - done
-- Detecting CXX compiler ABI info
-- Detecting CXX compiler ABI info - done
-- Check for working CXX compiler: /usr/bin/c++ - skipped
-- Detecting CXX compile features
-- Detecting CXX compile features - done
-- Found ament_cmake: 1.3.11 (/opt/ros/humble/share/ament_cmake/cmake)
-- Found Python3: /usr/bin/python3 (found version "3.10.12") found components: Interpreter 
-- Found rclcpp: 16.0.12 (/opt/ros/humble/share/rclcpp/cmake)
-- Found rosidl_generator_c: 3.1.6 (/opt/ros/humble/share/rosidl_generator_c/cmake)
-- Found rosidl_adapter: 3.1.6 (/opt/ros/humble/share/rosidl_adapter/cmake)
-- Found rosidl_generator_cpp: 3.1.6 (/opt/ros/humble/share/rosidl_generator_cpp/cmake)
-- Using all available rosidl_typesupport_c: rosidl_typesupport_fastrtps_c;rosidl_typesupport_introspection_c
-- Using all available rosidl_typesupport_cpp: rosidl_typesupport_fastrtps_cpp;rosidl_typesupport_introspection_cpp
-- Found rmw_implementation_cmake: 6.1.2 (/opt/ros/humble/share/rmw_implementation_cmake/cmake)
-- Found rmw_fastrtps_cpp: 6.2.7 (/opt/ros/humble/share/rmw_fastrtps_cpp/cmake)
-- Found OpenSSL: /usr/lib/aarch64-linux-gnu/libcrypto.so (found version "3.0.2")  
-- Found FastRTPS: /opt/ros/humble/include  
-- Using RMW implementation 'rmw_fastrtps_cpp' as default
-- Looking for pthread.h
-- Looking for pthread.h - found
-- Performing Test CMAKE_HAVE_LIBC_PTHREAD
-- Performing Test CMAKE_HAVE_LIBC_PTHREAD - Success
-- Found Threads: TRUE  
-- Found hardware_interface: 2.50.0 (/opt/ros/humble/share/hardware_interface/cmake)
-- Found PkgConfig: /usr/bin/pkg-config (found version "0.29.2") 
-- Checking for module 'libserial'
--   Found libserial, version 1.0.0
-- Configuring done
-- Generating done
-- Build files have been written to: /home/chaitanya/bumperbot_ws/build/bumperbot_firmware
[ 25%] [32mBuilding CXX object CMakeFiles/bumperbot_firmware.dir/src/BumperbotHardware.cpp.o[0m
[ 50%] [32m[1mLinking CXX shared library libbumperbot_firmware.so[0m
[ 50%] Built target bumperbot_firmware
[ 75%] [32mBuilding CXX object CMakeFiles/simple_serial_transmitter.dir/src/transmitter.cpp.o[0m
[100%] [32m[1mLinking CXX executable simple_serial_transmitter[0m
[100%] Built target simple_serial_transmitter
-- Install configuration: ""
-- Installing: /home/chaitanya/bumperbot_ws/install/bumperbot_firmware/share/bumperbot_firmware/src/BumperbotHardware.xml
-- Installing: /home/chaitanya/bumperbot_ws/install/bumperbot_firmware/lib/libbumperbot_firmware.so
-- Set runtime path of "/home/chaitanya/bumperbot_ws/install/bumperbot_firmware/lib/libbumperbot_firmware.so" to ""
-- Installing: /home/chaitanya/bumperbot_ws/install/bumperbot_firmware/lib/bumperbot_firmware/simple_serial_transmitter
-- Set runtime path of "/home/chaitanya/bumperbot_ws/install/bumperbot_firmware/lib/bumperbot_firmware/simple_serial_transmitter" to ""
-- Installing: /home/chaitanya/bumperbot_ws/install/bumperbot_firmware/include
-- Installing: /home/chaitanya/bumperbot_ws/install/bumperbot_firmware/include/bumperbot_firmware
-- Installing: /home/chaitanya/bumperbot_ws/install/bumperbot_firmware/include/bumperbot_firmware/bumperbot_interface.hpp
[31mCMake Error at cmake_install.cmake:97 (file):
  file INSTALL cannot find
  "/home/chaitanya/bumperbot_ws/src/bumperbot_firmware/BumperbotHardward.xml":
  No such file or directory.

[0m
