[0.231s] Invoking command in '/home/chaitanya/bumperbot_ws/build/bumperbot_firmware': CMAKE_PREFIX_PATH=/opt/ros/humble /usr/bin/cmake /home/chaitanya/bumperbot_ws/src/bumperbot_firmware -DCMAKE_INSTALL_PREFIX=/home/chaitanya/bumperbot_ws/install/bumperbot_firmware
[2.706s] -- The C compiler identification is GNU 11.4.0
[3.067s] -- The CXX compiler identification is GNU 11.4.0
[3.101s] -- Detecting C compiler ABI info
[3.838s] -- Detecting C compiler ABI info - done
[3.902s] -- Check for working C compiler: /usr/bin/cc - skipped
[3.903s] -- Detecting C compile features
[3.904s] -- Detecting C compile features - done
[3.957s] -- Detecting CXX compiler ABI info
[5.237s] -- Detecting CXX compiler ABI info - done
[5.294s] -- Check for working CXX compiler: /usr/bin/c++ - skipped
[5.310s] -- Detecting CXX compile features
[5.311s] -- Detecting CXX compile features - done
[5.398s] -- Found ament_cmake: 1.3.11 (/opt/ros/humble/share/ament_cmake/cmake)
[7.171s] -- Found Python3: /usr/bin/python3 (found version "3.10.12") found components: Interpreter 
[8.394s] -- Found rclcpp: 16.0.12 (/opt/ros/humble/share/rclcpp/cmake)
[8.922s] -- Found rosidl_generator_c: 3.1.6 (/opt/ros/humble/share/rosidl_generator_c/cmake)
[8.989s] -- Found rosidl_adapter: 3.1.6 (/opt/ros/humble/share/rosidl_adapter/cmake)
[9.063s] -- Found rosidl_generator_cpp: 3.1.6 (/opt/ros/humble/share/rosidl_generator_cpp/cmake)
[9.170s] -- Using all available rosidl_typesupport_c: rosidl_typesupport_fastrtps_c;rosidl_typesupport_introspection_c
[9.304s] -- Using all available rosidl_typesupport_cpp: rosidl_typesupport_fastrtps_cpp;rosidl_typesupport_introspection_cpp
[9.682s] -- Found rmw_implementation_cmake: 6.1.2 (/opt/ros/humble/share/rmw_implementation_cmake/cmake)
[9.720s] -- Found rmw_fastrtps_cpp: 6.2.7 (/opt/ros/humble/share/rmw_fastrtps_cpp/cmake)
[10.916s] -- Found OpenSSL: /usr/lib/aarch64-linux-gnu/libcrypto.so (found version "3.0.2")  
[11.521s] -- Found FastRTPS: /opt/ros/humble/include  
[12.151s] -- Using RMW implementation 'rmw_fastrtps_cpp' as default
[12.259s] -- Looking for pthread.h
[12.786s] -- Looking for pthread.h - found
[12.788s] -- Performing Test CMAKE_HAVE_LIBC_PTHREAD
[13.215s] -- Performing Test CMAKE_HAVE_LIBC_PTHREAD - Success
[13.238s] -- Found Threads: TRUE  
[13.629s] -- Found hardware_interface: 2.50.0 (/opt/ros/humble/share/hardware_interface/cmake)
[15.165s] -- Found PkgConfig: /usr/bin/pkg-config (found version "0.29.2") 
[15.171s] -- Checking for module 'libserial'
[15.240s] --   Found libserial, version 1.0.0
[15.922s] -- Configuring done
[16.322s] -- Generating done
[16.368s] -- Build files have been written to: /home/chaitanya/bumperbot_ws/build/bumperbot_firmware
[16.445s] Invoked command in '/home/chaitanya/bumperbot_ws/build/bumperbot_firmware' returned '0': CMAKE_PREFIX_PATH=/opt/ros/humble /usr/bin/cmake /home/chaitanya/bumperbot_ws/src/bumperbot_firmware -DCMAKE_INSTALL_PREFIX=/home/chaitanya/bumperbot_ws/install/bumperbot_firmware
[16.448s] Invoking command in '/home/chaitanya/bumperbot_ws/build/bumperbot_firmware': CMAKE_PREFIX_PATH=/opt/ros/humble /usr/bin/cmake --build /home/chaitanya/bumperbot_ws/build/bumperbot_firmware -- -j4 -l4
[16.770s] [ 25%] [32mBuilding CXX object CMakeFiles/bumperbot_firmware.dir/src/BumperbotHardware.cpp.o[0m
[36.920s] [ 50%] [32m[1mLinking CXX shared library libbumperbot_firmware.so[0m
[38.420s] [ 50%] Built target bumperbot_firmware
[38.526s] [ 75%] [32mBuilding CXX object CMakeFiles/simple_serial_transmitter.dir/src/transmitter.cpp.o[0m
[79.228s] [100%] [32m[1mLinking CXX executable simple_serial_transmitter[0m
[81.169s] [100%] Built target simple_serial_transmitter
[81.221s] Invoked command in '/home/chaitanya/bumperbot_ws/build/bumperbot_firmware' returned '0': CMAKE_PREFIX_PATH=/opt/ros/humble /usr/bin/cmake --build /home/chaitanya/bumperbot_ws/build/bumperbot_firmware -- -j4 -l4
[81.232s] Invoking command in '/home/chaitanya/bumperbot_ws/build/bumperbot_firmware': CMAKE_PREFIX_PATH=/opt/ros/humble /usr/bin/cmake --install /home/chaitanya/bumperbot_ws/build/bumperbot_firmware
[81.266s] -- Install configuration: ""
[81.267s] -- Installing: /home/chaitanya/bumperbot_ws/install/bumperbot_firmware/share/bumperbot_firmware/src/BumperbotHardware.xml
[81.270s] -- Installing: /home/chaitanya/bumperbot_ws/install/bumperbot_firmware/lib/libbumperbot_firmware.so
[81.278s] -- Set runtime path of "/home/chaitanya/bumperbot_ws/install/bumperbot_firmware/lib/libbumperbot_firmware.so" to ""
[81.279s] -- Installing: /home/chaitanya/bumperbot_ws/install/bumperbot_firmware/lib/bumperbot_firmware/simple_serial_transmitter
[81.309s] -- Set runtime path of "/home/chaitanya/bumperbot_ws/install/bumperbot_firmware/lib/bumperbot_firmware/simple_serial_transmitter" to ""
[81.310s] -- Installing: /home/chaitanya/bumperbot_ws/install/bumperbot_firmware/include
[81.311s] -- Installing: /home/chaitanya/bumperbot_ws/install/bumperbot_firmware/include/bumperbot_firmware
[81.311s] -- Installing: /home/chaitanya/bumperbot_ws/install/bumperbot_firmware/include/bumperbot_firmware/bumperbot_interface.hpp
[81.313s] [31mCMake Error at cmake_install.cmake:97 (file):
[81.313s]   file INSTALL cannot find
[81.314s]   "/home/chaitanya/bumperbot_ws/src/bumperbot_firmware/BumperbotHardward.xml":
[81.315s]   No such file or directory.
[81.315s] 
[81.331s] [0m
[81.332s] Invoked command in '/home/chaitanya/bumperbot_ws/build/bumperbot_firmware' returned '1': CMAKE_PREFIX_PATH=/opt/ros/humble /usr/bin/cmake --install /home/chaitanya/bumperbot_ws/build/bumperbot_firmware
