[7.025s] DEBUG:colcon:Command line arguments: ['/usr/bin/colcon', 'build', '--packages-select', 'bumperbot_controller']
[7.026s] DEBUG:colcon:Parsed command line arguments: Namespace(log_base=None, log_level=None, verb_name='build', build_base='build', install_base='install', merge_install=False, symlink_install=False, test_result_base=None, continue_on_error=False, executor='parallel', parallel_workers=4, event_handlers=None, ignore_user_meta=False, metas=['./colcon.meta'], base_paths=['.'], packages_ignore=None, packages_ignore_regex=None, paths=None, packages_up_to=None, packages_up_to_regex=None, packages_above=None, packages_above_and_dependencies=None, packages_above_depth=None, packages_select_by_dep=None, packages_skip_by_dep=None, packages_skip_up_to=None, packages_select_build_failed=False, packages_skip_build_finished=False, packages_select_test_failures=False, packages_skip_test_passed=False, packages_select=['bumperbot_controller'], packages_skip=None, packages_select_regex=None, packages_skip_regex=None, packages_start=None, packages_end=None, allow_overriding=[], cmake_args=None, cmake_target=None, cmake_target_skip_unavailable=False, cmake_clean_cache=False, cmake_clean_first=False, cmake_force_configure=False, ament_cmake_args=None, catkin_cmake_args=None, catkin_skip_building_tests=False, verb_parser=<colcon_defaults.argument_parser.defaults.DefaultArgumentsDecorator object at 0xffffa1cdbc70>, verb_extension=<colcon_core.verb.build.BuildVerb object at 0xffffa1ec9000>, main=<bound method BuildVerb.main of <colcon_core.verb.build.BuildVerb object at 0xffffa1ec9000>>)
[8.667s] Level 1:colcon.colcon_core.package_discovery:discover_packages(colcon_meta) check parameters
[8.668s] Level 1:colcon.colcon_core.package_discovery:discover_packages(recursive) check parameters
[8.668s] Level 1:colcon.colcon_core.package_discovery:discover_packages(ignore) check parameters
[8.669s] Level 1:colcon.colcon_core.package_discovery:discover_packages(path) check parameters
[8.669s] Level 1:colcon.colcon_core.package_discovery:discover_packages(colcon_meta) discover
[8.669s] Level 1:colcon.colcon_core.package_discovery:discover_packages(recursive) discover
[8.670s] INFO:colcon.colcon_core.package_discovery:Crawling recursively for packages in '/home/chaitanya/bumperbot_ws'
[8.670s] Level 1:colcon.colcon_core.package_identification:_identify(.) by extensions ['ignore', 'ignore_ament_install']
[8.671s] Level 1:colcon.colcon_core.package_identification:_identify(.) by extension 'ignore'
[8.671s] Level 1:colcon.colcon_core.package_identification:_identify(.) by extension 'ignore_ament_install'
[8.672s] Level 1:colcon.colcon_core.package_identification:_identify(.) by extensions ['colcon_pkg']
[8.672s] Level 1:colcon.colcon_core.package_identification:_identify(.) by extension 'colcon_pkg'
[8.672s] Level 1:colcon.colcon_core.package_identification:_identify(.) by extensions ['colcon_meta']
[8.673s] Level 1:colcon.colcon_core.package_identification:_identify(.) by extension 'colcon_meta'
[8.673s] Level 1:colcon.colcon_core.package_identification:_identify(.) by extensions ['ros']
[8.673s] Level 1:colcon.colcon_core.package_identification:_identify(.) by extension 'ros'
[8.752s] Level 1:colcon.colcon_core.package_identification:_identify(.) by extensions ['cmake', 'python']
[8.752s] Level 1:colcon.colcon_core.package_identification:_identify(.) by extension 'cmake'
[8.753s] Level 1:colcon.colcon_core.package_identification:_identify(.) by extension 'python'
[8.753s] Level 1:colcon.colcon_core.package_identification:_identify(.) by extensions ['python_setup_py']
[8.754s] Level 1:colcon.colcon_core.package_identification:_identify(.) by extension 'python_setup_py'
[8.755s] Level 1:colcon.colcon_core.package_identification:_identify(build) by extensions ['ignore', 'ignore_ament_install']
[8.755s] Level 1:colcon.colcon_core.package_identification:_identify(build) by extension 'ignore'
[8.756s] Level 1:colcon.colcon_core.package_identification:_identify(build) ignored
[8.757s] Level 1:colcon.colcon_core.package_identification:_identify(install) by extensions ['ignore', 'ignore_ament_install']
[8.759s] Level 1:colcon.colcon_core.package_identification:_identify(install) by extension 'ignore'
[8.760s] Level 1:colcon.colcon_core.package_identification:_identify(install) ignored
[8.761s] Level 1:colcon.colcon_core.package_identification:_identify(log) by extensions ['ignore', 'ignore_ament_install']
[8.761s] Level 1:colcon.colcon_core.package_identification:_identify(log) by extension 'ignore'
[8.762s] Level 1:colcon.colcon_core.package_identification:_identify(log) ignored
[8.762s] Level 1:colcon.colcon_core.package_identification:_identify(src) by extensions ['ignore', 'ignore_ament_install']
[8.763s] Level 1:colcon.colcon_core.package_identification:_identify(src) by extension 'ignore'
[8.763s] Level 1:colcon.colcon_core.package_identification:_identify(src) by extension 'ignore_ament_install'
[8.764s] Level 1:colcon.colcon_core.package_identification:_identify(src) by extensions ['colcon_pkg']
[8.764s] Level 1:colcon.colcon_core.package_identification:_identify(src) by extension 'colcon_pkg'
[8.764s] Level 1:colcon.colcon_core.package_identification:_identify(src) by extensions ['colcon_meta']
[8.764s] Level 1:colcon.colcon_core.package_identification:_identify(src) by extension 'colcon_meta'
[8.764s] Level 1:colcon.colcon_core.package_identification:_identify(src) by extensions ['ros']
[8.765s] Level 1:colcon.colcon_core.package_identification:_identify(src) by extension 'ros'
[8.765s] Level 1:colcon.colcon_core.package_identification:_identify(src) by extensions ['cmake', 'python']
[8.766s] Level 1:colcon.colcon_core.package_identification:_identify(src) by extension 'cmake'
[8.766s] Level 1:colcon.colcon_core.package_identification:_identify(src) by extension 'python'
[8.766s] Level 1:colcon.colcon_core.package_identification:_identify(src) by extensions ['python_setup_py']
[8.767s] Level 1:colcon.colcon_core.package_identification:_identify(src) by extension 'python_setup_py'
[8.767s] Level 1:colcon.colcon_core.package_identification:_identify(src/bumperbot_controller) by extensions ['ignore', 'ignore_ament_install']
[8.768s] Level 1:colcon.colcon_core.package_identification:_identify(src/bumperbot_controller) by extension 'ignore'
[8.768s] Level 1:colcon.colcon_core.package_identification:_identify(src/bumperbot_controller) by extension 'ignore_ament_install'
[8.769s] Level 1:colcon.colcon_core.package_identification:_identify(src/bumperbot_controller) by extensions ['colcon_pkg']
[8.769s] Level 1:colcon.colcon_core.package_identification:_identify(src/bumperbot_controller) by extension 'colcon_pkg'
[8.769s] Level 1:colcon.colcon_core.package_identification:_identify(src/bumperbot_controller) by extensions ['colcon_meta']
[8.770s] Level 1:colcon.colcon_core.package_identification:_identify(src/bumperbot_controller) by extension 'colcon_meta'
[8.770s] Level 1:colcon.colcon_core.package_identification:_identify(src/bumperbot_controller) by extensions ['ros']
[8.770s] Level 1:colcon.colcon_core.package_identification:_identify(src/bumperbot_controller) by extension 'ros'
[8.791s] DEBUG:colcon.colcon_core.package_identification:Package 'src/bumperbot_controller' with type 'ros.ament_cmake' and name 'bumperbot_controller'
[8.792s] Level 1:colcon.colcon_core.package_identification:_identify(src/bumperbot_cpp_examples) by extensions ['ignore', 'ignore_ament_install']
[8.793s] Level 1:colcon.colcon_core.package_identification:_identify(src/bumperbot_cpp_examples) by extension 'ignore'
[8.793s] Level 1:colcon.colcon_core.package_identification:_identify(src/bumperbot_cpp_examples) by extension 'ignore_ament_install'
[8.794s] Level 1:colcon.colcon_core.package_identification:_identify(src/bumperbot_cpp_examples) by extensions ['colcon_pkg']
[8.794s] Level 1:colcon.colcon_core.package_identification:_identify(src/bumperbot_cpp_examples) by extension 'colcon_pkg'
[8.794s] Level 1:colcon.colcon_core.package_identification:_identify(src/bumperbot_cpp_examples) by extensions ['colcon_meta']
[8.795s] Level 1:colcon.colcon_core.package_identification:_identify(src/bumperbot_cpp_examples) by extension 'colcon_meta'
[8.795s] Level 1:colcon.colcon_core.package_identification:_identify(src/bumperbot_cpp_examples) by extensions ['ros']
[8.795s] Level 1:colcon.colcon_core.package_identification:_identify(src/bumperbot_cpp_examples) by extension 'ros'
[8.802s] DEBUG:colcon.colcon_core.package_identification:Package 'src/bumperbot_cpp_examples' with type 'ros.ament_cmake' and name 'bumperbot_cpp_examples'
[8.803s] Level 1:colcon.colcon_core.package_identification:_identify(src/bumperbot_description) by extensions ['ignore', 'ignore_ament_install']
[8.804s] Level 1:colcon.colcon_core.package_identification:_identify(src/bumperbot_description) by extension 'ignore'
[8.804s] Level 1:colcon.colcon_core.package_identification:_identify(src/bumperbot_description) by extension 'ignore_ament_install'
[8.805s] Level 1:colcon.colcon_core.package_identification:_identify(src/bumperbot_description) by extensions ['colcon_pkg']
[8.805s] Level 1:colcon.colcon_core.package_identification:_identify(src/bumperbot_description) by extension 'colcon_pkg'
[8.806s] Level 1:colcon.colcon_core.package_identification:_identify(src/bumperbot_description) by extensions ['colcon_meta']
[8.806s] Level 1:colcon.colcon_core.package_identification:_identify(src/bumperbot_description) by extension 'colcon_meta'
[8.807s] Level 1:colcon.colcon_core.package_identification:_identify(src/bumperbot_description) by extensions ['ros']
[8.807s] Level 1:colcon.colcon_core.package_identification:_identify(src/bumperbot_description) by extension 'ros'
[8.819s] DEBUG:colcon.colcon_core.package_identification:Package 'src/bumperbot_description' with type 'ros.ament_cmake' and name 'bumperbot_description'
[8.820s] Level 1:colcon.colcon_core.package_identification:_identify(src/bumperbot_firmware) by extensions ['ignore', 'ignore_ament_install']
[8.821s] Level 1:colcon.colcon_core.package_identification:_identify(src/bumperbot_firmware) by extension 'ignore'
[8.821s] Level 1:colcon.colcon_core.package_identification:_identify(src/bumperbot_firmware) by extension 'ignore_ament_install'
[8.821s] Level 1:colcon.colcon_core.package_identification:_identify(src/bumperbot_firmware) by extensions ['colcon_pkg']
[8.822s] Level 1:colcon.colcon_core.package_identification:_identify(src/bumperbot_firmware) by extension 'colcon_pkg'
[8.822s] Level 1:colcon.colcon_core.package_identification:_identify(src/bumperbot_firmware) by extensions ['colcon_meta']
[8.822s] Level 1:colcon.colcon_core.package_identification:_identify(src/bumperbot_firmware) by extension 'colcon_meta'
[8.822s] Level 1:colcon.colcon_core.package_identification:_identify(src/bumperbot_firmware) by extensions ['ros']
[8.822s] Level 1:colcon.colcon_core.package_identification:_identify(src/bumperbot_firmware) by extension 'ros'
[8.827s] DEBUG:colcon.colcon_core.package_identification:Package 'src/bumperbot_firmware' with type 'ros.ament_cmake' and name 'bumperbot_firmware'
[8.828s] Level 1:colcon.colcon_core.package_identification:_identify(src/bumperbot_localization) by extensions ['ignore', 'ignore_ament_install']
[8.828s] Level 1:colcon.colcon_core.package_identification:_identify(src/bumperbot_localization) by extension 'ignore'
[8.829s] Level 1:colcon.colcon_core.package_identification:_identify(src/bumperbot_localization) by extension 'ignore_ament_install'
[8.829s] Level 1:colcon.colcon_core.package_identification:_identify(src/bumperbot_localization) by extensions ['colcon_pkg']
[8.829s] Level 1:colcon.colcon_core.package_identification:_identify(src/bumperbot_localization) by extension 'colcon_pkg'
[8.830s] Level 1:colcon.colcon_core.package_identification:_identify(src/bumperbot_localization) by extensions ['colcon_meta']
[8.830s] Level 1:colcon.colcon_core.package_identification:_identify(src/bumperbot_localization) by extension 'colcon_meta'
[8.830s] Level 1:colcon.colcon_core.package_identification:_identify(src/bumperbot_localization) by extensions ['ros']
[8.830s] Level 1:colcon.colcon_core.package_identification:_identify(src/bumperbot_localization) by extension 'ros'
[8.835s] DEBUG:colcon.colcon_core.package_identification:Package 'src/bumperbot_localization' with type 'ros.ament_cmake' and name 'bumperbot_localization'
[8.836s] Level 1:colcon.colcon_core.package_identification:_identify(src/bumperbot_msgs) by extensions ['ignore', 'ignore_ament_install']
[8.837s] Level 1:colcon.colcon_core.package_identification:_identify(src/bumperbot_msgs) by extension 'ignore'
[8.837s] Level 1:colcon.colcon_core.package_identification:_identify(src/bumperbot_msgs) by extension 'ignore_ament_install'
[8.838s] Level 1:colcon.colcon_core.package_identification:_identify(src/bumperbot_msgs) by extensions ['colcon_pkg']
[8.838s] Level 1:colcon.colcon_core.package_identification:_identify(src/bumperbot_msgs) by extension 'colcon_pkg'
[8.839s] Level 1:colcon.colcon_core.package_identification:_identify(src/bumperbot_msgs) by extensions ['colcon_meta']
[8.839s] Level 1:colcon.colcon_core.package_identification:_identify(src/bumperbot_msgs) by extension 'colcon_meta'
[8.840s] Level 1:colcon.colcon_core.package_identification:_identify(src/bumperbot_msgs) by extensions ['ros']
[8.840s] Level 1:colcon.colcon_core.package_identification:_identify(src/bumperbot_msgs) by extension 'ros'
[8.844s] DEBUG:colcon.colcon_core.package_identification:Package 'src/bumperbot_msgs' with type 'ros.ament_cmake' and name 'bumperbot_msgs'
[8.846s] Level 1:colcon.colcon_core.package_identification:_identify(src/bumperbot_py_examples) by extensions ['ignore', 'ignore_ament_install']
[8.847s] Level 1:colcon.colcon_core.package_identification:_identify(src/bumperbot_py_examples) by extension 'ignore'
[8.847s] Level 1:colcon.colcon_core.package_identification:_identify(src/bumperbot_py_examples) by extension 'ignore_ament_install'
[8.848s] Level 1:colcon.colcon_core.package_identification:_identify(src/bumperbot_py_examples) by extensions ['colcon_pkg']
[8.848s] Level 1:colcon.colcon_core.package_identification:_identify(src/bumperbot_py_examples) by extension 'colcon_pkg'
[8.849s] Level 1:colcon.colcon_core.package_identification:_identify(src/bumperbot_py_examples) by extensions ['colcon_meta']
[8.849s] Level 1:colcon.colcon_core.package_identification:_identify(src/bumperbot_py_examples) by extension 'colcon_meta'
[8.849s] Level 1:colcon.colcon_core.package_identification:_identify(src/bumperbot_py_examples) by extensions ['ros']
[8.850s] Level 1:colcon.colcon_core.package_identification:_identify(src/bumperbot_py_examples) by extension 'ros'
[8.856s] DEBUG:colcon.colcon_core.package_identification:Package 'src/bumperbot_py_examples' with type 'ros.ament_python' and name 'bumperbot_py_examples'
[8.856s] Level 1:colcon.colcon_core.package_discovery:discover_packages(recursive) using defaults
[8.856s] Level 1:colcon.colcon_core.package_discovery:discover_packages(ignore) discover
[8.857s] Level 1:colcon.colcon_core.package_discovery:discover_packages(ignore) using defaults
[8.857s] Level 1:colcon.colcon_core.package_discovery:discover_packages(path) discover
[8.857s] Level 1:colcon.colcon_core.package_discovery:discover_packages(path) using defaults
[9.040s] INFO:colcon.colcon_core.package_selection:Skipping not selected package 'bumperbot_description' in 'src/bumperbot_description'
[9.041s] INFO:colcon.colcon_core.package_selection:Skipping not selected package 'bumperbot_firmware' in 'src/bumperbot_firmware'
[9.041s] INFO:colcon.colcon_core.package_selection:Skipping not selected package 'bumperbot_localization' in 'src/bumperbot_localization'
[9.041s] INFO:colcon.colcon_core.package_selection:Skipping not selected package 'bumperbot_msgs' in 'src/bumperbot_msgs'
[9.042s] INFO:colcon.colcon_core.package_selection:Skipping not selected package 'bumperbot_cpp_examples' in 'src/bumperbot_cpp_examples'
[9.042s] INFO:colcon.colcon_core.package_selection:Skipping not selected package 'bumperbot_py_examples' in 'src/bumperbot_py_examples'
[9.045s] Level 1:colcon.colcon_core.package_discovery:discover_packages(prefix_path) check parameters
[9.045s] Level 1:colcon.colcon_core.package_discovery:discover_packages(prefix_path) discover
[9.072s] DEBUG:colcon.colcon_installed_package_information.package_discovery:Found 326 installed packages in /opt/ros/humble
[9.080s] Level 1:colcon.colcon_core.package_discovery:discover_packages(prefix_path) using defaults
[9.464s] Level 5:colcon.colcon_core.verb:set package 'bumperbot_controller' build argument 'cmake_args' from command line to 'None'
[9.465s] Level 5:colcon.colcon_core.verb:set package 'bumperbot_controller' build argument 'cmake_target' from command line to 'None'
[9.465s] Level 5:colcon.colcon_core.verb:set package 'bumperbot_controller' build argument 'cmake_target_skip_unavailable' from command line to 'False'
[9.465s] Level 5:colcon.colcon_core.verb:set package 'bumperbot_controller' build argument 'cmake_clean_cache' from command line to 'False'
[9.466s] Level 5:colcon.colcon_core.verb:set package 'bumperbot_controller' build argument 'cmake_clean_first' from command line to 'False'
[9.466s] Level 5:colcon.colcon_core.verb:set package 'bumperbot_controller' build argument 'cmake_force_configure' from command line to 'False'
[9.466s] Level 5:colcon.colcon_core.verb:set package 'bumperbot_controller' build argument 'ament_cmake_args' from command line to 'None'
[9.466s] Level 5:colcon.colcon_core.verb:set package 'bumperbot_controller' build argument 'catkin_cmake_args' from command line to 'None'
[9.466s] Level 5:colcon.colcon_core.verb:set package 'bumperbot_controller' build argument 'catkin_skip_building_tests' from command line to 'False'
[9.467s] DEBUG:colcon.colcon_core.verb:Building package 'bumperbot_controller' with the following arguments: {'ament_cmake_args': None, 'build_base': '/home/chaitanya/bumperbot_ws/build/bumperbot_controller', 'catkin_cmake_args': None, 'catkin_skip_building_tests': False, 'cmake_args': None, 'cmake_clean_cache': False, 'cmake_clean_first': False, 'cmake_force_configure': False, 'cmake_target': None, 'cmake_target_skip_unavailable': False, 'install_base': '/home/chaitanya/bumperbot_ws/install/bumperbot_controller', 'merge_install': False, 'path': '/home/chaitanya/bumperbot_ws/src/bumperbot_controller', 'symlink_install': False, 'test_result_base': None}
[9.467s] INFO:colcon.colcon_core.executor:Executing jobs using 'parallel' executor
[9.471s] DEBUG:colcon.colcon_parallel_executor.executor.parallel:run_until_complete
[9.473s] INFO:colcon.colcon_ros.task.ament_cmake.build:Building ROS package in '/home/chaitanya/bumperbot_ws/src/bumperbot_controller' with build type 'ament_cmake'
[9.473s] INFO:colcon.colcon_cmake.task.cmake.build:Building CMake package in '/home/chaitanya/bumperbot_ws/src/bumperbot_controller'
[9.494s] INFO:colcon.colcon_core.plugin_system:Skipping extension 'colcon_core.shell.bat': Not used on non-Windows systems
[9.496s] INFO:colcon.colcon_core.shell:Skip shell extension 'powershell' for command environment: Not usable outside of PowerShell
[9.496s] DEBUG:colcon.colcon_core.shell:Skip shell extension 'dsv' for command environment
[9.535s] DEBUG:colcon.colcon_core.event_handler.log_command:Invoking command in '/home/chaitanya/bumperbot_ws/build/bumperbot_controller': CMAKE_PREFIX_PATH=/opt/ros/humble /usr/bin/cmake /home/chaitanya/bumperbot_ws/src/bumperbot_controller -DCMAKE_INSTALL_PREFIX=/home/chaitanya/bumperbot_ws/install/bumperbot_controller
[20.278s] DEBUG:colcon.colcon_core.event_handler.log_command:Invoked command in '/home/chaitanya/bumperbot_ws/build/bumperbot_controller' returned '0': CMAKE_PREFIX_PATH=/opt/ros/humble /usr/bin/cmake /home/chaitanya/bumperbot_ws/src/bumperbot_controller -DCMAKE_INSTALL_PREFIX=/home/chaitanya/bumperbot_ws/install/bumperbot_controller
[20.283s] DEBUG:colcon.colcon_core.event_handler.log_command:Invoking command in '/home/chaitanya/bumperbot_ws/build/bumperbot_controller': CMAKE_PREFIX_PATH=/opt/ros/humble /usr/bin/cmake --build /home/chaitanya/bumperbot_ws/build/bumperbot_controller -- -j4 -l4
[102.782s] DEBUG:colcon.colcon_core.event_handler.log_command:Invoked command in '/home/chaitanya/bumperbot_ws/build/bumperbot_controller' returned '0': CMAKE_PREFIX_PATH=/opt/ros/humble /usr/bin/cmake --build /home/chaitanya/bumperbot_ws/build/bumperbot_controller -- -j4 -l4
[102.840s] DEBUG:colcon.colcon_core.event_handler.log_command:Invoking command in '/home/chaitanya/bumperbot_ws/build/bumperbot_controller': CMAKE_PREFIX_PATH=/opt/ros/humble /usr/bin/cmake --install /home/chaitanya/bumperbot_ws/build/bumperbot_controller
[103.692s] Level 1:colcon.colcon_core.environment:create_environment_scripts_only(bumperbot_controller)
[103.696s] DEBUG:colcon.colcon_core.event_handler.log_command:Invoked command in '/home/chaitanya/bumperbot_ws/build/bumperbot_controller' returned '0': CMAKE_PREFIX_PATH=/opt/ros/humble /usr/bin/cmake --install /home/chaitanya/bumperbot_ws/build/bumperbot_controller
[103.758s] Level 1:colcon.colcon_core.environment:checking '/home/chaitanya/bumperbot_ws/install/bumperbot_controller' for CMake module files
[103.763s] Level 1:colcon.colcon_core.environment:checking '/home/chaitanya/bumperbot_ws/install/bumperbot_controller' for CMake config files
[103.775s] Level 1:colcon.colcon_core.shell:create_environment_hook('bumperbot_controller', 'cmake_prefix_path')
[103.777s] INFO:colcon.colcon_core.shell:Creating environment hook '/home/chaitanya/bumperbot_ws/install/bumperbot_controller/share/bumperbot_controller/hook/cmake_prefix_path.ps1'
[103.784s] INFO:colcon.colcon_core.shell:Creating environment descriptor '/home/chaitanya/bumperbot_ws/install/bumperbot_controller/share/bumperbot_controller/hook/cmake_prefix_path.dsv'
[103.791s] INFO:colcon.colcon_core.shell:Creating environment hook '/home/chaitanya/bumperbot_ws/install/bumperbot_controller/share/bumperbot_controller/hook/cmake_prefix_path.sh'
[103.799s] Level 1:colcon.colcon_core.environment:checking '/home/chaitanya/bumperbot_ws/install/bumperbot_controller/lib'
[103.800s] Level 1:colcon.colcon_core.environment:checking '/home/chaitanya/bumperbot_ws/install/bumperbot_controller/bin'
[103.801s] Level 1:colcon.colcon_core.environment:checking '/home/chaitanya/bumperbot_ws/install/bumperbot_controller/lib/pkgconfig/bumperbot_controller.pc'
[103.803s] Level 1:colcon.colcon_core.environment:checking '/home/chaitanya/bumperbot_ws/install/bumperbot_controller/lib/python3.10/site-packages'
[103.804s] Level 1:colcon.colcon_core.environment:checking '/home/chaitanya/bumperbot_ws/install/bumperbot_controller/bin'
[103.806s] INFO:colcon.colcon_core.shell:Creating package script '/home/chaitanya/bumperbot_ws/install/bumperbot_controller/share/bumperbot_controller/package.ps1'
[103.811s] INFO:colcon.colcon_core.shell:Creating package descriptor '/home/chaitanya/bumperbot_ws/install/bumperbot_controller/share/bumperbot_controller/package.dsv'
[103.821s] INFO:colcon.colcon_core.shell:Creating package script '/home/chaitanya/bumperbot_ws/install/bumperbot_controller/share/bumperbot_controller/package.sh'
[103.826s] INFO:colcon.colcon_core.shell:Creating package script '/home/chaitanya/bumperbot_ws/install/bumperbot_controller/share/bumperbot_controller/package.bash'
[103.833s] INFO:colcon.colcon_core.shell:Creating package script '/home/chaitanya/bumperbot_ws/install/bumperbot_controller/share/bumperbot_controller/package.zsh'
[103.840s] Level 1:colcon.colcon_core.environment:create_file_with_runtime_dependencies(/home/chaitanya/bumperbot_ws/install/bumperbot_controller/share/colcon-core/packages/bumperbot_controller)
[103.845s] Level 1:colcon.colcon_core.environment:create_environment_scripts_only(bumperbot_controller)
[103.846s] Level 1:colcon.colcon_core.environment:checking '/home/chaitanya/bumperbot_ws/install/bumperbot_controller' for CMake module files
[103.850s] Level 1:colcon.colcon_core.environment:checking '/home/chaitanya/bumperbot_ws/install/bumperbot_controller' for CMake config files
[103.853s] Level 1:colcon.colcon_core.shell:create_environment_hook('bumperbot_controller', 'cmake_prefix_path')
[103.855s] INFO:colcon.colcon_core.shell:Creating environment hook '/home/chaitanya/bumperbot_ws/install/bumperbot_controller/share/bumperbot_controller/hook/cmake_prefix_path.ps1'
[103.858s] INFO:colcon.colcon_core.shell:Creating environment descriptor '/home/chaitanya/bumperbot_ws/install/bumperbot_controller/share/bumperbot_controller/hook/cmake_prefix_path.dsv'
[103.861s] INFO:colcon.colcon_core.shell:Creating environment hook '/home/chaitanya/bumperbot_ws/install/bumperbot_controller/share/bumperbot_controller/hook/cmake_prefix_path.sh'
[103.865s] Level 1:colcon.colcon_core.environment:checking '/home/chaitanya/bumperbot_ws/install/bumperbot_controller/lib'
[103.866s] Level 1:colcon.colcon_core.environment:checking '/home/chaitanya/bumperbot_ws/install/bumperbot_controller/bin'
[103.866s] Level 1:colcon.colcon_core.environment:checking '/home/chaitanya/bumperbot_ws/install/bumperbot_controller/lib/pkgconfig/bumperbot_controller.pc'
[103.867s] Level 1:colcon.colcon_core.environment:checking '/home/chaitanya/bumperbot_ws/install/bumperbot_controller/lib/python3.10/site-packages'
[103.869s] Level 1:colcon.colcon_core.environment:checking '/home/chaitanya/bumperbot_ws/install/bumperbot_controller/bin'
[103.870s] INFO:colcon.colcon_core.shell:Creating package script '/home/chaitanya/bumperbot_ws/install/bumperbot_controller/share/bumperbot_controller/package.ps1'
[103.873s] INFO:colcon.colcon_core.shell:Creating package descriptor '/home/chaitanya/bumperbot_ws/install/bumperbot_controller/share/bumperbot_controller/package.dsv'
[103.876s] INFO:colcon.colcon_core.shell:Creating package script '/home/chaitanya/bumperbot_ws/install/bumperbot_controller/share/bumperbot_controller/package.sh'
[103.879s] INFO:colcon.colcon_core.shell:Creating package script '/home/chaitanya/bumperbot_ws/install/bumperbot_controller/share/bumperbot_controller/package.bash'
[103.882s] INFO:colcon.colcon_core.shell:Creating package script '/home/chaitanya/bumperbot_ws/install/bumperbot_controller/share/bumperbot_controller/package.zsh'
[103.885s] Level 1:colcon.colcon_core.environment:create_file_with_runtime_dependencies(/home/chaitanya/bumperbot_ws/install/bumperbot_controller/share/colcon-core/packages/bumperbot_controller)
[103.887s] DEBUG:colcon.colcon_parallel_executor.executor.parallel:closing loop
[103.890s] DEBUG:colcon.colcon_parallel_executor.executor.parallel:loop closed
[103.890s] DEBUG:colcon.colcon_parallel_executor.executor.parallel:run_until_complete finished with '0'
[103.892s] DEBUG:colcon.colcon_core.event_reactor:joining thread
[103.990s] INFO:colcon.colcon_core.plugin_system:Skipping extension 'colcon_notification.desktop_notification.terminal_notifier': Not used on non-Darwin systems
[103.991s] INFO:colcon.colcon_core.plugin_system:Skipping extension 'colcon_notification.desktop_notification.win32': Not used on non-Windows systems
[103.991s] INFO:colcon.colcon_notification.desktop_notification:Sending desktop notification using 'notify2'
[104.156s] DEBUG:colcon.colcon_core.event_reactor:joined thread
[104.158s] INFO:colcon.colcon_core.shell:Creating prefix script '/home/chaitanya/bumperbot_ws/install/local_setup.ps1'
[104.165s] INFO:colcon.colcon_core.shell:Creating prefix util module '/home/chaitanya/bumperbot_ws/install/_local_setup_util_ps1.py'
[104.174s] INFO:colcon.colcon_core.shell:Creating prefix chain script '/home/chaitanya/bumperbot_ws/install/setup.ps1'
[104.187s] INFO:colcon.colcon_core.shell:Creating prefix script '/home/chaitanya/bumperbot_ws/install/local_setup.sh'
[104.194s] INFO:colcon.colcon_core.shell:Creating prefix util module '/home/chaitanya/bumperbot_ws/install/_local_setup_util_sh.py'
[104.200s] INFO:colcon.colcon_core.shell:Creating prefix chain script '/home/chaitanya/bumperbot_ws/install/setup.sh'
[104.210s] INFO:colcon.colcon_core.shell:Creating prefix script '/home/chaitanya/bumperbot_ws/install/local_setup.bash'
[104.215s] INFO:colcon.colcon_core.shell:Creating prefix chain script '/home/chaitanya/bumperbot_ws/install/setup.bash'
[104.222s] INFO:colcon.colcon_core.shell:Creating prefix script '/home/chaitanya/bumperbot_ws/install/local_setup.zsh'
[104.228s] INFO:colcon.colcon_core.shell:Creating prefix chain script '/home/chaitanya/bumperbot_ws/install/setup.zsh'
