[0.224s] Invoking command in '/home/chaitanya/bumperbot_ws/build/bumperbot_msgs': CMAKE_PREFIX_PATH=/opt/ros/humble /usr/bin/cmake --build /home/chaitanya/bumperbot_ws/build/bumperbot_msgs -- -j4 -l4
[1.626s] [  2%] Built target bumperbot_msgs__cpp
[1.721s] [35m[1mConsolidate compiler generated dependencies of target bumperbot_msgs__rosidl_generator_c[0m
[1.897s] [35m[1mConsolidate compiler generated dependencies of target bumperbot_msgs__rosidl_typesupport_cpp[0m
[1.900s] [  2%] Built target ament_cmake_python_copy_bumperbot_msgs
[1.915s] [ 12%] Built target bumperbot_msgs__rosidl_generator_c
[1.953s] [35m[1mConsolidate compiler generated dependencies of target bumperbot_msgs__rosidl_typesupport_fastrtps_cpp[0m
[2.106s] [35m[1mConsolidate compiler generated dependencies of target bumperbot_msgs__rosidl_typesupport_introspection_cpp[0m
[2.205s] [ 23%] Built target bumperbot_msgs__rosidl_typesupport_cpp
[2.230s] [ 33%] Built target bumperbot_msgs__rosidl_typesupport_fastrtps_cpp
[2.282s] [ 43%] Built target bumperbot_msgs__rosidl_typesupport_introspection_cpp
[2.377s] [35m[1mConsolidate compiler generated dependencies of target bumperbot_msgs__rosidl_typesupport_fastrtps_c[0m
[2.377s] [35m[1mConsolidate compiler generated dependencies of target bumperbot_msgs__rosidl_typesupport_introspection_c[0m
[2.435s] [35m[1mConsolidate compiler generated dependencies of target bumperbot_msgs__rosidl_typesupport_c[0m
[2.494s] [ 53%] Built target bumperbot_msgs__rosidl_typesupport_introspection_c
[2.544s] [ 64%] Built target bumperbot_msgs__rosidl_typesupport_fastrtps_c
[2.565s] [ 74%] Built target bumperbot_msgs__rosidl_typesupport_c
[2.826s] [ 74%] Built target bumperbot_msgs
[3.185s] [ 76%] Built target bumperbot_msgs__py
[3.297s] [35m[1mConsolidate compiler generated dependencies of target bumperbot_msgs__rosidl_generator_py[0m
[3.508s] [ 84%] Built target bumperbot_msgs__rosidl_generator_py
[3.681s] [35m[1mConsolidate compiler generated dependencies of target bumperbot_msgs__rosidl_typesupport_fastrtps_c__pyext[0m
[3.847s] [ 89%] Built target bumperbot_msgs__rosidl_typesupport_fastrtps_c__pyext
[3.969s] [35m[1mConsolidate compiler generated dependencies of target bumperbot_msgs__rosidl_typesupport_c__pyext[0m
[4.071s] [ 94%] Built target bumperbot_msgs__rosidl_typesupport_c__pyext
[4.232s] [35m[1mConsolidate compiler generated dependencies of target bumperbot_msgs__rosidl_typesupport_introspection_c__pyext[0m
[4.464s] [100%] Built target bumperbot_msgs__rosidl_typesupport_introspection_c__pyext
[5.559s] running egg_info
[5.560s] writing bumperbot_msgs.egg-info/PKG-INFO
[5.561s] writing dependency_links to bumperbot_msgs.egg-info/dependency_links.txt
[5.569s] writing top-level names to bumperbot_msgs.egg-info/top_level.txt
[5.571s] reading manifest file 'bumperbot_msgs.egg-info/SOURCES.txt'
[5.588s] writing manifest file 'bumperbot_msgs.egg-info/SOURCES.txt'
[5.939s] [100%] Built target ament_cmake_python_build_bumperbot_msgs_egg
[6.040s] Invoked command in '/home/chaitanya/bumperbot_ws/build/bumperbot_msgs' returned '0': CMAKE_PREFIX_PATH=/opt/ros/humble /usr/bin/cmake --build /home/chaitanya/bumperbot_ws/build/bumperbot_msgs -- -j4 -l4
[6.052s] Invoking command in '/home/chaitanya/bumperbot_ws/build/bumperbot_msgs': CMAKE_PREFIX_PATH=/opt/ros/humble /usr/bin/cmake --install /home/chaitanya/bumperbot_ws/build/bumperbot_msgs
[6.159s] -- Install configuration: ""
[6.169s] -- Up-to-date: /home/chaitanya/bumperbot_ws/install/bumperbot_msgs/share/ament_index/resource_index/rosidl_interfaces/bumperbot_msgs
[6.174s] -- Up-to-date: /home/chaitanya/bumperbot_ws/install/bumperbot_msgs/include/bumperbot_msgs/bumperbot_msgs
[6.182s] -- Up-to-date: /home/chaitanya/bumperbot_ws/install/bumperbot_msgs/include/bumperbot_msgs/bumperbot_msgs/srv
[6.186s] -- Up-to-date: /home/chaitanya/bumperbot_ws/install/bumperbot_msgs/include/bumperbot_msgs/bumperbot_msgs/srv/detail
[6.190s] -- Up-to-date: /home/chaitanya/bumperbot_ws/install/bumperbot_msgs/include/bumperbot_msgs/bumperbot_msgs/srv/detail/add_two_ints__functions.c
[6.193s] -- Up-to-date: /home/chaitanya/bumperbot_ws/install/bumperbot_msgs/include/bumperbot_msgs/bumperbot_msgs/srv/detail/add_two_ints__functions.h
[6.200s] -- Up-to-date: /home/chaitanya/bumperbot_ws/install/bumperbot_msgs/include/bumperbot_msgs/bumperbot_msgs/srv/detail/get_transform__functions.c
[6.208s] -- Up-to-date: /home/chaitanya/bumperbot_ws/install/bumperbot_msgs/include/bumperbot_msgs/bumperbot_msgs/srv/detail/add_two_ints__type_support.h
[6.213s] -- Up-to-date: /home/chaitanya/bumperbot_ws/install/bumperbot_msgs/include/bumperbot_msgs/bumperbot_msgs/srv/detail/get_transform__type_support.h
[6.218s] -- Up-to-date: /home/chaitanya/bumperbot_ws/install/bumperbot_msgs/include/bumperbot_msgs/bumperbot_msgs/srv/detail/add_two_ints__struct.h
[6.233s] -- Up-to-date: /home/chaitanya/bumperbot_ws/install/bumperbot_msgs/include/bumperbot_msgs/bumperbot_msgs/srv/detail/get_transform__functions.h
[6.234s] -- Up-to-date: /home/chaitanya/bumperbot_ws/install/bumperbot_msgs/include/bumperbot_msgs/bumperbot_msgs/srv/detail/get_transform__struct.h
[6.252s] -- Up-to-date: /home/chaitanya/bumperbot_ws/install/bumperbot_msgs/include/bumperbot_msgs/bumperbot_msgs/srv/get_transform.h
[6.252s] -- Up-to-date: /home/chaitanya/bumperbot_ws/install/bumperbot_msgs/include/bumperbot_msgs/bumperbot_msgs/srv/add_two_ints.h
[6.253s] -- Up-to-date: /home/chaitanya/bumperbot_ws/install/bumperbot_msgs/include/bumperbot_msgs/bumperbot_msgs/msg
[6.253s] -- Up-to-date: /home/chaitanya/bumperbot_ws/install/bumperbot_msgs/include/bumperbot_msgs/bumperbot_msgs/msg/rosidl_generator_c__visibility_control.h
[6.254s] -- Up-to-date: /home/chaitanya/bumperbot_ws/install/bumperbot_msgs/share/bumperbot_msgs/environment/library_path.sh
[6.254s] -- Up-to-date: /home/chaitanya/bumperbot_ws/install/bumperbot_msgs/share/bumperbot_msgs/environment/library_path.dsv
[6.255s] -- Up-to-date: /home/chaitanya/bumperbot_ws/install/bumperbot_msgs/lib/libbumperbot_msgs__rosidl_generator_c.so
[6.255s] -- Up-to-date: /home/chaitanya/bumperbot_ws/install/bumperbot_msgs/include/bumperbot_msgs/bumperbot_msgs
[6.264s] -- Up-to-date: /home/chaitanya/bumperbot_ws/install/bumperbot_msgs/include/bumperbot_msgs/bumperbot_msgs/srv
[6.270s] -- Up-to-date: /home/chaitanya/bumperbot_ws/install/bumperbot_msgs/include/bumperbot_msgs/bumperbot_msgs/srv/detail
[6.274s] -- Up-to-date: /home/chaitanya/bumperbot_ws/install/bumperbot_msgs/include/bumperbot_msgs/bumperbot_msgs/srv/detail/get_transform__rosidl_typesupport_fastrtps_c.h
[6.280s] -- Up-to-date: /home/chaitanya/bumperbot_ws/install/bumperbot_msgs/include/bumperbot_msgs/bumperbot_msgs/srv/detail/add_two_ints__rosidl_typesupport_fastrtps_c.h
[6.293s] -- Up-to-date: /home/chaitanya/bumperbot_ws/install/bumperbot_msgs/include/bumperbot_msgs/bumperbot_msgs/msg
[6.295s] -- Up-to-date: /home/chaitanya/bumperbot_ws/install/bumperbot_msgs/include/bumperbot_msgs/bumperbot_msgs/msg/rosidl_typesupport_fastrtps_c__visibility_control.h
[6.298s] -- Up-to-date: /home/chaitanya/bumperbot_ws/install/bumperbot_msgs/lib/libbumperbot_msgs__rosidl_typesupport_fastrtps_c.so
[6.300s] -- Up-to-date: /home/chaitanya/bumperbot_ws/install/bumperbot_msgs/include/bumperbot_msgs/bumperbot_msgs
[6.303s] -- Up-to-date: /home/chaitanya/bumperbot_ws/install/bumperbot_msgs/include/bumperbot_msgs/bumperbot_msgs/srv
[6.306s] -- Up-to-date: /home/chaitanya/bumperbot_ws/install/bumperbot_msgs/include/bumperbot_msgs/bumperbot_msgs/srv/add_two_ints.hpp
[6.325s] -- Up-to-date: /home/chaitanya/bumperbot_ws/install/bumperbot_msgs/include/bumperbot_msgs/bumperbot_msgs/srv/detail
[6.328s] -- Up-to-date: /home/chaitanya/bumperbot_ws/install/bumperbot_msgs/include/bumperbot_msgs/bumperbot_msgs/srv/detail/add_two_ints__traits.hpp
[6.332s] -- Up-to-date: /home/chaitanya/bumperbot_ws/install/bumperbot_msgs/include/bumperbot_msgs/bumperbot_msgs/srv/detail/get_transform__struct.hpp
[6.335s] -- Up-to-date: /home/chaitanya/bumperbot_ws/install/bumperbot_msgs/include/bumperbot_msgs/bumperbot_msgs/srv/detail/add_two_ints__builder.hpp
[6.350s] -- Up-to-date: /home/chaitanya/bumperbot_ws/install/bumperbot_msgs/include/bumperbot_msgs/bumperbot_msgs/srv/detail/get_transform__builder.hpp
[6.353s] -- Up-to-date: /home/chaitanya/bumperbot_ws/install/bumperbot_msgs/include/bumperbot_msgs/bumperbot_msgs/srv/detail/get_transform__type_support.hpp
[6.359s] -- Up-to-date: /home/chaitanya/bumperbot_ws/install/bumperbot_msgs/include/bumperbot_msgs/bumperbot_msgs/srv/detail/get_transform__traits.hpp
[6.359s] -- Up-to-date: /home/chaitanya/bumperbot_ws/install/bumperbot_msgs/include/bumperbot_msgs/bumperbot_msgs/srv/detail/add_two_ints__type_support.hpp
[6.360s] -- Up-to-date: /home/chaitanya/bumperbot_ws/install/bumperbot_msgs/include/bumperbot_msgs/bumperbot_msgs/srv/detail/add_two_ints__struct.hpp
[6.385s] -- Up-to-date: /home/chaitanya/bumperbot_ws/install/bumperbot_msgs/include/bumperbot_msgs/bumperbot_msgs/srv/get_transform.hpp
[6.403s] -- Up-to-date: /home/chaitanya/bumperbot_ws/install/bumperbot_msgs/include/bumperbot_msgs/bumperbot_msgs/msg
[6.403s] -- Up-to-date: /home/chaitanya/bumperbot_ws/install/bumperbot_msgs/include/bumperbot_msgs/bumperbot_msgs/msg/rosidl_generator_cpp__visibility_control.hpp
[6.404s] -- Up-to-date: /home/chaitanya/bumperbot_ws/install/bumperbot_msgs/include/bumperbot_msgs/bumperbot_msgs
[6.409s] -- Up-to-date: /home/chaitanya/bumperbot_ws/install/bumperbot_msgs/include/bumperbot_msgs/bumperbot_msgs/srv
[6.409s] -- Up-to-date: /home/chaitanya/bumperbot_ws/install/bumperbot_msgs/include/bumperbot_msgs/bumperbot_msgs/srv/detail
[6.410s] -- Up-to-date: /home/chaitanya/bumperbot_ws/install/bumperbot_msgs/include/bumperbot_msgs/bumperbot_msgs/srv/detail/get_transform__rosidl_typesupport_fastrtps_cpp.hpp
[6.410s] -- Up-to-date: /home/chaitanya/bumperbot_ws/install/bumperbot_msgs/include/bumperbot_msgs/bumperbot_msgs/srv/detail/add_two_ints__rosidl_typesupport_fastrtps_cpp.hpp
[6.414s] -- Up-to-date: /home/chaitanya/bumperbot_ws/install/bumperbot_msgs/include/bumperbot_msgs/bumperbot_msgs/srv/detail/dds_fastrtps
[6.415s] -- Up-to-date: /home/chaitanya/bumperbot_ws/install/bumperbot_msgs/include/bumperbot_msgs/bumperbot_msgs/msg
[6.415s] -- Up-to-date: /home/chaitanya/bumperbot_ws/install/bumperbot_msgs/include/bumperbot_msgs/bumperbot_msgs/msg/rosidl_typesupport_fastrtps_cpp__visibility_control.h
[6.416s] -- Up-to-date: /home/chaitanya/bumperbot_ws/install/bumperbot_msgs/lib/libbumperbot_msgs__rosidl_typesupport_fastrtps_cpp.so
[6.420s] -- Up-to-date: /home/chaitanya/bumperbot_ws/install/bumperbot_msgs/include/bumperbot_msgs/bumperbot_msgs
[6.440s] -- Up-to-date: /home/chaitanya/bumperbot_ws/install/bumperbot_msgs/include/bumperbot_msgs/bumperbot_msgs/srv
[6.443s] -- Up-to-date: /home/chaitanya/bumperbot_ws/install/bumperbot_msgs/include/bumperbot_msgs/bumperbot_msgs/srv/detail
[6.470s] -- Up-to-date: /home/chaitanya/bumperbot_ws/install/bumperbot_msgs/include/bumperbot_msgs/bumperbot_msgs/srv/detail/add_two_ints__rosidl_typesupport_introspection_c.h
[6.470s] -- Up-to-date: /home/chaitanya/bumperbot_ws/install/bumperbot_msgs/include/bumperbot_msgs/bumperbot_msgs/srv/detail/add_two_ints__type_support.c
[6.471s] -- Up-to-date: /home/chaitanya/bumperbot_ws/install/bumperbot_msgs/include/bumperbot_msgs/bumperbot_msgs/srv/detail/get_transform__rosidl_typesupport_introspection_c.h
[6.497s] -- Up-to-date: /home/chaitanya/bumperbot_ws/install/bumperbot_msgs/include/bumperbot_msgs/bumperbot_msgs/srv/detail/get_transform__type_support.c
[6.498s] -- Up-to-date: /home/chaitanya/bumperbot_ws/install/bumperbot_msgs/include/bumperbot_msgs/bumperbot_msgs/msg
[6.500s] -- Up-to-date: /home/chaitanya/bumperbot_ws/install/bumperbot_msgs/include/bumperbot_msgs/bumperbot_msgs/msg/rosidl_typesupport_introspection_c__visibility_control.h
[6.502s] -- Up-to-date: /home/chaitanya/bumperbot_ws/install/bumperbot_msgs/lib/libbumperbot_msgs__rosidl_typesupport_introspection_c.so
[6.560s] -- Up-to-date: /home/chaitanya/bumperbot_ws/install/bumperbot_msgs/lib/libbumperbot_msgs__rosidl_typesupport_c.so
[6.567s] -- Up-to-date: /home/chaitanya/bumperbot_ws/install/bumperbot_msgs/include/bumperbot_msgs/bumperbot_msgs
[6.574s] -- Up-to-date: /home/chaitanya/bumperbot_ws/install/bumperbot_msgs/include/bumperbot_msgs/bumperbot_msgs/srv
[6.576s] -- Up-to-date: /home/chaitanya/bumperbot_ws/install/bumperbot_msgs/include/bumperbot_msgs/bumperbot_msgs/srv/detail
[6.581s] -- Up-to-date: /home/chaitanya/bumperbot_ws/install/bumperbot_msgs/include/bumperbot_msgs/bumperbot_msgs/srv/detail/add_two_ints__rosidl_typesupport_introspection_cpp.hpp
[6.581s] -- Up-to-date: /home/chaitanya/bumperbot_ws/install/bumperbot_msgs/include/bumperbot_msgs/bumperbot_msgs/srv/detail/get_transform__rosidl_typesupport_introspection_cpp.hpp
[6.582s] -- Up-to-date: /home/chaitanya/bumperbot_ws/install/bumperbot_msgs/include/bumperbot_msgs/bumperbot_msgs/srv/detail/add_two_ints__type_support.cpp
[6.583s] -- Up-to-date: /home/chaitanya/bumperbot_ws/install/bumperbot_msgs/include/bumperbot_msgs/bumperbot_msgs/srv/detail/get_transform__type_support.cpp
[6.612s] -- Up-to-date: /home/chaitanya/bumperbot_ws/install/bumperbot_msgs/lib/libbumperbot_msgs__rosidl_typesupport_introspection_cpp.so
[6.612s] -- Up-to-date: /home/chaitanya/bumperbot_ws/install/bumperbot_msgs/lib/libbumperbot_msgs__rosidl_typesupport_cpp.so
[6.613s] -- Up-to-date: /home/chaitanya/bumperbot_ws/install/bumperbot_msgs/share/bumperbot_msgs/environment/pythonpath.sh
[6.614s] -- Up-to-date: /home/chaitanya/bumperbot_ws/install/bumperbot_msgs/share/bumperbot_msgs/environment/pythonpath.dsv
[6.614s] -- Up-to-date: /home/chaitanya/bumperbot_ws/install/bumperbot_msgs/local/lib/python3.10/dist-packages/bumperbot_msgs-0.0.0-py3.10.egg-info
[6.615s] -- Installing: /home/chaitanya/bumperbot_ws/install/bumperbot_msgs/local/lib/python3.10/dist-packages/bumperbot_msgs-0.0.0-py3.10.egg-info/PKG-INFO
[6.632s] -- Installing: /home/chaitanya/bumperbot_ws/install/bumperbot_msgs/local/lib/python3.10/dist-packages/bumperbot_msgs-0.0.0-py3.10.egg-info/top_level.txt
[6.635s] -- Installing: /home/chaitanya/bumperbot_ws/install/bumperbot_msgs/local/lib/python3.10/dist-packages/bumperbot_msgs-0.0.0-py3.10.egg-info/dependency_links.txt
[6.640s] -- Installing: /home/chaitanya/bumperbot_ws/install/bumperbot_msgs/local/lib/python3.10/dist-packages/bumperbot_msgs-0.0.0-py3.10.egg-info/SOURCES.txt
[6.647s] -- Up-to-date: /home/chaitanya/bumperbot_ws/install/bumperbot_msgs/local/lib/python3.10/dist-packages/bumperbot_msgs
[6.652s] -- Up-to-date: /home/chaitanya/bumperbot_ws/install/bumperbot_msgs/local/lib/python3.10/dist-packages/bumperbot_msgs/bumperbot_msgs_s__rosidl_typesupport_fastrtps_c.cpython-310-aarch64-linux-gnu.so
[6.655s] -- Up-to-date: /home/chaitanya/bumperbot_ws/install/bumperbot_msgs/local/lib/python3.10/dist-packages/bumperbot_msgs/srv
[6.664s] -- Up-to-date: /home/chaitanya/bumperbot_ws/install/bumperbot_msgs/local/lib/python3.10/dist-packages/bumperbot_msgs/srv/_get_transform.py
[6.667s] -- Up-to-date: /home/chaitanya/bumperbot_ws/install/bumperbot_msgs/local/lib/python3.10/dist-packages/bumperbot_msgs/srv/_get_transform_s.c
[6.670s] -- Up-to-date: /home/chaitanya/bumperbot_ws/install/bumperbot_msgs/local/lib/python3.10/dist-packages/bumperbot_msgs/srv/_add_two_ints_s.c
[6.672s] -- Up-to-date: /home/chaitanya/bumperbot_ws/install/bumperbot_msgs/local/lib/python3.10/dist-packages/bumperbot_msgs/srv/__init__.py
[6.674s] -- Up-to-date: /home/chaitanya/bumperbot_ws/install/bumperbot_msgs/local/lib/python3.10/dist-packages/bumperbot_msgs/srv/_add_two_ints.py
[6.675s] -- Up-to-date: /home/chaitanya/bumperbot_ws/install/bumperbot_msgs/local/lib/python3.10/dist-packages/bumperbot_msgs/bumperbot_msgs_s__rosidl_typesupport_introspection_c.cpython-310-aarch64-linux-gnu.so
[6.675s] -- Up-to-date: /home/chaitanya/bumperbot_ws/install/bumperbot_msgs/local/lib/python3.10/dist-packages/bumperbot_msgs/__init__.py
[6.676s] -- Up-to-date: /home/chaitanya/bumperbot_ws/install/bumperbot_msgs/local/lib/python3.10/dist-packages/bumperbot_msgs/_bumperbot_msgs_s.ep.rosidl_typesupport_introspection_c.c
[6.684s] -- Up-to-date: /home/chaitanya/bumperbot_ws/install/bumperbot_msgs/local/lib/python3.10/dist-packages/bumperbot_msgs/libbumperbot_msgs__rosidl_generator_py.so
[6.686s] -- Up-to-date: /home/chaitanya/bumperbot_ws/install/bumperbot_msgs/local/lib/python3.10/dist-packages/bumperbot_msgs/_bumperbot_msgs_s.ep.rosidl_typesupport_fastrtps_c.c
[6.687s] -- Up-to-date: /home/chaitanya/bumperbot_ws/install/bumperbot_msgs/local/lib/python3.10/dist-packages/bumperbot_msgs/bumperbot_msgs_s__rosidl_typesupport_c.cpython-310-aarch64-linux-gnu.so
[6.688s] -- Up-to-date: /home/chaitanya/bumperbot_ws/install/bumperbot_msgs/local/lib/python3.10/dist-packages/bumperbot_msgs/_bumperbot_msgs_s.ep.rosidl_typesupport_c.c
[6.780s] Listing '/home/chaitanya/bumperbot_ws/install/bumperbot_msgs/local/lib/python3.10/dist-packages/bumperbot_msgs'...
[6.785s] Listing '/home/chaitanya/bumperbot_ws/install/bumperbot_msgs/local/lib/python3.10/dist-packages/bumperbot_msgs/srv'...
[6.862s] -- Up-to-date: /home/chaitanya/bumperbot_ws/install/bumperbot_msgs/local/lib/python3.10/dist-packages/bumperbot_msgs/bumperbot_msgs_s__rosidl_typesupport_fastrtps_c.cpython-310-aarch64-linux-gnu.so
[6.872s] -- Up-to-date: /home/chaitanya/bumperbot_ws/install/bumperbot_msgs/local/lib/python3.10/dist-packages/bumperbot_msgs/bumperbot_msgs_s__rosidl_typesupport_introspection_c.cpython-310-aarch64-linux-gnu.so
[6.885s] -- Up-to-date: /home/chaitanya/bumperbot_ws/install/bumperbot_msgs/local/lib/python3.10/dist-packages/bumperbot_msgs/bumperbot_msgs_s__rosidl_typesupport_c.cpython-310-aarch64-linux-gnu.so
[6.897s] -- Up-to-date: /home/chaitanya/bumperbot_ws/install/bumperbot_msgs/lib/libbumperbot_msgs__rosidl_generator_py.so
[6.908s] -- Up-to-date: /home/chaitanya/bumperbot_ws/install/bumperbot_msgs/share/bumperbot_msgs/srv/AddTwoInts.idl
[6.932s] -- Up-to-date: /home/chaitanya/bumperbot_ws/install/bumperbot_msgs/share/bumperbot_msgs/srv/GetTransform.idl
[6.936s] -- Up-to-date: /home/chaitanya/bumperbot_ws/install/bumperbot_msgs/share/bumperbot_msgs/srv/AddTwoInts.srv
[6.938s] -- Up-to-date: /home/chaitanya/bumperbot_ws/install/bumperbot_msgs/share/bumperbot_msgs/srv/AddTwoInts_Request.msg
[6.941s] -- Up-to-date: /home/chaitanya/bumperbot_ws/install/bumperbot_msgs/share/bumperbot_msgs/srv/AddTwoInts_Response.msg
[6.944s] -- Up-to-date: /home/chaitanya/bumperbot_ws/install/bumperbot_msgs/share/bumperbot_msgs/srv/GetTransform.srv
[6.947s] -- Up-to-date: /home/chaitanya/bumperbot_ws/install/bumperbot_msgs/share/bumperbot_msgs/srv/GetTransform_Request.msg
[6.958s] -- Up-to-date: /home/chaitanya/bumperbot_ws/install/bumperbot_msgs/share/bumperbot_msgs/srv/GetTransform_Response.msg
[7.008s] -- Up-to-date: /home/chaitanya/bumperbot_ws/install/bumperbot_msgs/share/ament_index/resource_index/package_run_dependencies/bumperbot_msgs
[7.019s] -- Up-to-date: /home/chaitanya/bumperbot_ws/install/bumperbot_msgs/share/ament_index/resource_index/parent_prefix_path/bumperbot_msgs
[7.020s] -- Up-to-date: /home/chaitanya/bumperbot_ws/install/bumperbot_msgs/share/bumperbot_msgs/environment/ament_prefix_path.sh
[7.029s] -- Up-to-date: /home/chaitanya/bumperbot_ws/install/bumperbot_msgs/share/bumperbot_msgs/environment/ament_prefix_path.dsv
[7.030s] -- Up-to-date: /home/chaitanya/bumperbot_ws/install/bumperbot_msgs/share/bumperbot_msgs/environment/path.sh
[7.031s] -- Up-to-date: /home/chaitanya/bumperbot_ws/install/bumperbot_msgs/share/bumperbot_msgs/environment/path.dsv
[7.031s] -- Up-to-date: /home/chaitanya/bumperbot_ws/install/bumperbot_msgs/share/bumperbot_msgs/local_setup.bash
[7.032s] -- Up-to-date: /home/chaitanya/bumperbot_ws/install/bumperbot_msgs/share/bumperbot_msgs/local_setup.sh
[7.043s] -- Up-to-date: /home/chaitanya/bumperbot_ws/install/bumperbot_msgs/share/bumperbot_msgs/local_setup.zsh
[7.045s] -- Up-to-date: /home/chaitanya/bumperbot_ws/install/bumperbot_msgs/share/bumperbot_msgs/local_setup.dsv
[7.051s] -- Installing: /home/chaitanya/bumperbot_ws/install/bumperbot_msgs/share/bumperbot_msgs/package.dsv
[7.056s] -- Up-to-date: /home/chaitanya/bumperbot_ws/install/bumperbot_msgs/share/ament_index/resource_index/packages/bumperbot_msgs
[7.056s] -- Up-to-date: /home/chaitanya/bumperbot_ws/install/bumperbot_msgs/share/bumperbot_msgs/cmake/export_bumperbot_msgs__rosidl_generator_cExport.cmake
[7.057s] -- Up-to-date: /home/chaitanya/bumperbot_ws/install/bumperbot_msgs/share/bumperbot_msgs/cmake/export_bumperbot_msgs__rosidl_generator_cExport-noconfig.cmake
[7.064s] -- Up-to-date: /home/chaitanya/bumperbot_ws/install/bumperbot_msgs/share/bumperbot_msgs/cmake/export_bumperbot_msgs__rosidl_typesupport_fastrtps_cExport.cmake
[7.067s] -- Up-to-date: /home/chaitanya/bumperbot_ws/install/bumperbot_msgs/share/bumperbot_msgs/cmake/export_bumperbot_msgs__rosidl_typesupport_fastrtps_cExport-noconfig.cmake
[7.067s] -- Up-to-date: /home/chaitanya/bumperbot_ws/install/bumperbot_msgs/share/bumperbot_msgs/cmake/export_bumperbot_msgs__rosidl_generator_cppExport.cmake
[7.068s] -- Up-to-date: /home/chaitanya/bumperbot_ws/install/bumperbot_msgs/share/bumperbot_msgs/cmake/export_bumperbot_msgs__rosidl_typesupport_fastrtps_cppExport.cmake
[7.069s] -- Up-to-date: /home/chaitanya/bumperbot_ws/install/bumperbot_msgs/share/bumperbot_msgs/cmake/export_bumperbot_msgs__rosidl_typesupport_fastrtps_cppExport-noconfig.cmake
[7.069s] -- Up-to-date: /home/chaitanya/bumperbot_ws/install/bumperbot_msgs/share/bumperbot_msgs/cmake/bumperbot_msgs__rosidl_typesupport_introspection_cExport.cmake
[7.070s] -- Up-to-date: /home/chaitanya/bumperbot_ws/install/bumperbot_msgs/share/bumperbot_msgs/cmake/bumperbot_msgs__rosidl_typesupport_introspection_cExport-noconfig.cmake
[7.070s] -- Up-to-date: /home/chaitanya/bumperbot_ws/install/bumperbot_msgs/share/bumperbot_msgs/cmake/bumperbot_msgs__rosidl_typesupport_cExport.cmake
[7.071s] -- Up-to-date: /home/chaitanya/bumperbot_ws/install/bumperbot_msgs/share/bumperbot_msgs/cmake/bumperbot_msgs__rosidl_typesupport_cExport-noconfig.cmake
[7.072s] -- Up-to-date: /home/chaitanya/bumperbot_ws/install/bumperbot_msgs/share/bumperbot_msgs/cmake/bumperbot_msgs__rosidl_typesupport_introspection_cppExport.cmake
[7.097s] -- Up-to-date: /home/chaitanya/bumperbot_ws/install/bumperbot_msgs/share/bumperbot_msgs/cmake/bumperbot_msgs__rosidl_typesupport_introspection_cppExport-noconfig.cmake
[7.099s] -- Up-to-date: /home/chaitanya/bumperbot_ws/install/bumperbot_msgs/share/bumperbot_msgs/cmake/bumperbot_msgs__rosidl_typesupport_cppExport.cmake
[7.105s] -- Up-to-date: /home/chaitanya/bumperbot_ws/install/bumperbot_msgs/share/bumperbot_msgs/cmake/bumperbot_msgs__rosidl_typesupport_cppExport-noconfig.cmake
[7.116s] -- Up-to-date: /home/chaitanya/bumperbot_ws/install/bumperbot_msgs/share/bumperbot_msgs/cmake/export_bumperbot_msgs__rosidl_generator_pyExport.cmake
[7.119s] -- Up-to-date: /home/chaitanya/bumperbot_ws/install/bumperbot_msgs/share/bumperbot_msgs/cmake/export_bumperbot_msgs__rosidl_generator_pyExport-noconfig.cmake
[7.122s] -- Up-to-date: /home/chaitanya/bumperbot_ws/install/bumperbot_msgs/share/bumperbot_msgs/cmake/rosidl_cmake-extras.cmake
[7.130s] -- Up-to-date: /home/chaitanya/bumperbot_ws/install/bumperbot_msgs/share/bumperbot_msgs/cmake/ament_cmake_export_dependencies-extras.cmake
[7.130s] -- Up-to-date: /home/chaitanya/bumperbot_ws/install/bumperbot_msgs/share/bumperbot_msgs/cmake/ament_cmake_export_include_directories-extras.cmake
[7.135s] -- Up-to-date: /home/chaitanya/bumperbot_ws/install/bumperbot_msgs/share/bumperbot_msgs/cmake/ament_cmake_export_libraries-extras.cmake
[7.160s] -- Up-to-date: /home/chaitanya/bumperbot_ws/install/bumperbot_msgs/share/bumperbot_msgs/cmake/ament_cmake_export_targets-extras.cmake
[7.161s] -- Up-to-date: /home/chaitanya/bumperbot_ws/install/bumperbot_msgs/share/bumperbot_msgs/cmake/rosidl_cmake_export_typesupport_targets-extras.cmake
[7.162s] -- Up-to-date: /home/chaitanya/bumperbot_ws/install/bumperbot_msgs/share/bumperbot_msgs/cmake/rosidl_cmake_export_typesupport_libraries-extras.cmake
[7.162s] -- Up-to-date: /home/chaitanya/bumperbot_ws/install/bumperbot_msgs/share/bumperbot_msgs/cmake/bumperbot_msgsConfig.cmake
[7.163s] -- Up-to-date: /home/chaitanya/bumperbot_ws/install/bumperbot_msgs/share/bumperbot_msgs/cmake/bumperbot_msgsConfig-version.cmake
[7.163s] -- Up-to-date: /home/chaitanya/bumperbot_ws/install/bumperbot_msgs/share/bumperbot_msgs/package.xml
[7.194s] Invoked command in '/home/chaitanya/bumperbot_ws/build/bumperbot_msgs' returned '0': CMAKE_PREFIX_PATH=/opt/ros/humble /usr/bin/cmake --install /home/chaitanya/bumperbot_ws/build/bumperbot_msgs
