[0.220s] Invoking command in '/home/chaitanya/bumperbot_ws/build/bumperbot_msgs': CMAKE_PREFIX_PATH=${CMAKE_PREFIX_PATH}:/home/chaitanya/bumperbot_ws/install/bumperbot_py_examples:/opt/ros/humble /usr/bin/cmake --build /home/chaitanya/bumperbot_ws/build/bumperbot_msgs -- -j4 -l4
[1.259s] [  2%] Built target bumperbot_msgs__cpp
[1.451s] [ 12%] Built target bumperbot_msgs__rosidl_generator_c
[1.509s] [35m[1mConsolidate compiler generated dependencies of target bumperbot_msgs__rosidl_typesupport_cpp[0m
[1.695s] [35m[1mConsolidate compiler generated dependencies of target bumperbot_msgs__rosidl_typesupport_fastrtps_cpp[0m
[1.793s] [35m[1mConsolidate compiler generated dependencies of target bumperbot_msgs__rosidl_typesupport_introspection_cpp[0m
[1.794s] [ 12%] Built target ament_cmake_python_copy_bumperbot_msgs
[1.795s] [ 23%] Built target bumperbot_msgs__rosidl_typesupport_cpp
[1.955s] [35m[1mConsolidate compiler generated dependencies of target bumperbot_msgs__rosidl_typesupport_fastrtps_c[0m
[2.038s] [35m[1mConsolidate compiler generated dependencies of target bumperbot_msgs__rosidl_typesupport_introspection_c[0m
[2.128s] [ 33%] Built target bumperbot_msgs__rosidl_typesupport_introspection_cpp
[2.181s] [ 43%] Built target bumperbot_msgs__rosidl_typesupport_fastrtps_cpp
[2.220s] [ 53%] Built target bumperbot_msgs__rosidl_typesupport_fastrtps_c
[2.285s] [35m[1mConsolidate compiler generated dependencies of target bumperbot_msgs__rosidl_typesupport_c[0m
[2.363s] [ 64%] Built target bumperbot_msgs__rosidl_typesupport_introspection_c
[2.576s] [ 74%] Built target bumperbot_msgs__rosidl_typesupport_c
[3.022s] [ 74%] Built target bumperbot_msgs
[3.401s] [ 76%] Built target bumperbot_msgs__py
[3.774s] [35m[1mConsolidate compiler generated dependencies of target bumperbot_msgs__rosidl_generator_py[0m
[4.046s] [ 84%] Built target bumperbot_msgs__rosidl_generator_py
[4.383s] [35m[1mConsolidate compiler generated dependencies of target bumperbot_msgs__rosidl_typesupport_fastrtps_c__pyext[0m
[4.389s] [35m[1mConsolidate compiler generated dependencies of target bumperbot_msgs__rosidl_typesupport_c__pyext[0m
[4.434s] [35m[1mConsolidate compiler generated dependencies of target bumperbot_msgs__rosidl_typesupport_introspection_c__pyext[0m
[4.584s] [ 89%] Built target bumperbot_msgs__rosidl_typesupport_introspection_c__pyext
[4.614s] [ 94%] Built target bumperbot_msgs__rosidl_typesupport_fastrtps_c__pyext
[4.845s] [100%] Built target bumperbot_msgs__rosidl_typesupport_c__pyext
[6.344s] running egg_info
[6.348s] writing bumperbot_msgs.egg-info/PKG-INFO
[6.348s] writing dependency_links to bumperbot_msgs.egg-info/dependency_links.txt
[6.359s] writing top-level names to bumperbot_msgs.egg-info/top_level.txt
[6.383s] reading manifest file 'bumperbot_msgs.egg-info/SOURCES.txt'
[6.391s] writing manifest file 'bumperbot_msgs.egg-info/SOURCES.txt'
[6.974s] [100%] Built target ament_cmake_python_build_bumperbot_msgs_egg
[7.105s] Invoked command in '/home/chaitanya/bumperbot_ws/build/bumperbot_msgs' returned '0': CMAKE_PREFIX_PATH=${CMAKE_PREFIX_PATH}:/home/chaitanya/bumperbot_ws/install/bumperbot_py_examples:/opt/ros/humble /usr/bin/cmake --build /home/chaitanya/bumperbot_ws/build/bumperbot_msgs -- -j4 -l4
[7.150s] Invoking command in '/home/chaitanya/bumperbot_ws/build/bumperbot_msgs': CMAKE_PREFIX_PATH=${CMAKE_PREFIX_PATH}:/home/chaitanya/bumperbot_ws/install/bumperbot_py_examples:/opt/ros/humble /usr/bin/cmake --install /home/chaitanya/bumperbot_ws/build/bumperbot_msgs
[7.288s] -- Install configuration: ""
[7.289s] -- Up-to-date: /home/chaitanya/bumperbot_ws/install/bumperbot_msgs/share/ament_index/resource_index/rosidl_interfaces/bumperbot_msgs
[7.289s] -- Up-to-date: /home/chaitanya/bumperbot_ws/install/bumperbot_msgs/include/bumperbot_msgs/bumperbot_msgs
[7.290s] -- Up-to-date: /home/chaitanya/bumperbot_ws/install/bumperbot_msgs/include/bumperbot_msgs/bumperbot_msgs/srv
[7.295s] -- Up-to-date: /home/chaitanya/bumperbot_ws/install/bumperbot_msgs/include/bumperbot_msgs/bumperbot_msgs/srv/detail
[7.295s] -- Up-to-date: /home/chaitanya/bumperbot_ws/install/bumperbot_msgs/include/bumperbot_msgs/bumperbot_msgs/srv/detail/add_two_ints__functions.c
[7.335s] -- Up-to-date: /home/chaitanya/bumperbot_ws/install/bumperbot_msgs/include/bumperbot_msgs/bumperbot_msgs/srv/detail/add_two_ints__functions.h
[7.336s] -- Up-to-date: /home/chaitanya/bumperbot_ws/install/bumperbot_msgs/include/bumperbot_msgs/bumperbot_msgs/srv/detail/get_transform__functions.c
[7.337s] -- Up-to-date: /home/chaitanya/bumperbot_ws/install/bumperbot_msgs/include/bumperbot_msgs/bumperbot_msgs/srv/detail/add_two_ints__type_support.h
[7.337s] -- Up-to-date: /home/chaitanya/bumperbot_ws/install/bumperbot_msgs/include/bumperbot_msgs/bumperbot_msgs/srv/detail/get_transform__type_support.h
[7.338s] -- Up-to-date: /home/chaitanya/bumperbot_ws/install/bumperbot_msgs/include/bumperbot_msgs/bumperbot_msgs/srv/detail/add_two_ints__struct.h
[7.338s] -- Up-to-date: /home/chaitanya/bumperbot_ws/install/bumperbot_msgs/include/bumperbot_msgs/bumperbot_msgs/srv/detail/get_transform__functions.h
[7.339s] -- Up-to-date: /home/chaitanya/bumperbot_ws/install/bumperbot_msgs/include/bumperbot_msgs/bumperbot_msgs/srv/detail/get_transform__struct.h
[7.340s] -- Up-to-date: /home/chaitanya/bumperbot_ws/install/bumperbot_msgs/include/bumperbot_msgs/bumperbot_msgs/srv/get_transform.h
[7.340s] -- Up-to-date: /home/chaitanya/bumperbot_ws/install/bumperbot_msgs/include/bumperbot_msgs/bumperbot_msgs/srv/add_two_ints.h
[7.341s] -- Up-to-date: /home/chaitanya/bumperbot_ws/install/bumperbot_msgs/include/bumperbot_msgs/bumperbot_msgs/msg
[7.342s] -- Up-to-date: /home/chaitanya/bumperbot_ws/install/bumperbot_msgs/include/bumperbot_msgs/bumperbot_msgs/msg/rosidl_generator_c__visibility_control.h
[7.359s] -- Up-to-date: /home/chaitanya/bumperbot_ws/install/bumperbot_msgs/share/bumperbot_msgs/environment/library_path.sh
[7.360s] -- Up-to-date: /home/chaitanya/bumperbot_ws/install/bumperbot_msgs/share/bumperbot_msgs/environment/library_path.dsv
[7.361s] -- Up-to-date: /home/chaitanya/bumperbot_ws/install/bumperbot_msgs/lib/libbumperbot_msgs__rosidl_generator_c.so
[7.361s] -- Up-to-date: /home/chaitanya/bumperbot_ws/install/bumperbot_msgs/include/bumperbot_msgs/bumperbot_msgs
[7.362s] -- Up-to-date: /home/chaitanya/bumperbot_ws/install/bumperbot_msgs/include/bumperbot_msgs/bumperbot_msgs/srv
[7.363s] -- Up-to-date: /home/chaitanya/bumperbot_ws/install/bumperbot_msgs/include/bumperbot_msgs/bumperbot_msgs/srv/detail
[7.363s] -- Up-to-date: /home/chaitanya/bumperbot_ws/install/bumperbot_msgs/include/bumperbot_msgs/bumperbot_msgs/srv/detail/get_transform__rosidl_typesupport_fastrtps_c.h
[7.363s] -- Up-to-date: /home/chaitanya/bumperbot_ws/install/bumperbot_msgs/include/bumperbot_msgs/bumperbot_msgs/srv/detail/add_two_ints__rosidl_typesupport_fastrtps_c.h
[7.364s] -- Up-to-date: /home/chaitanya/bumperbot_ws/install/bumperbot_msgs/include/bumperbot_msgs/bumperbot_msgs/msg
[7.365s] -- Up-to-date: /home/chaitanya/bumperbot_ws/install/bumperbot_msgs/include/bumperbot_msgs/bumperbot_msgs/msg/rosidl_typesupport_fastrtps_c__visibility_control.h
[7.398s] -- Up-to-date: /home/chaitanya/bumperbot_ws/install/bumperbot_msgs/lib/libbumperbot_msgs__rosidl_typesupport_fastrtps_c.so
[7.415s] -- Up-to-date: /home/chaitanya/bumperbot_ws/install/bumperbot_msgs/include/bumperbot_msgs/bumperbot_msgs
[7.417s] -- Up-to-date: /home/chaitanya/bumperbot_ws/install/bumperbot_msgs/include/bumperbot_msgs/bumperbot_msgs/srv
[7.431s] -- Up-to-date: /home/chaitanya/bumperbot_ws/install/bumperbot_msgs/include/bumperbot_msgs/bumperbot_msgs/srv/add_two_ints.hpp
[7.432s] -- Up-to-date: /home/chaitanya/bumperbot_ws/install/bumperbot_msgs/include/bumperbot_msgs/bumperbot_msgs/srv/detail
[7.432s] -- Up-to-date: /home/chaitanya/bumperbot_ws/install/bumperbot_msgs/include/bumperbot_msgs/bumperbot_msgs/srv/detail/add_two_ints__traits.hpp
[7.433s] -- Up-to-date: /home/chaitanya/bumperbot_ws/install/bumperbot_msgs/include/bumperbot_msgs/bumperbot_msgs/srv/detail/get_transform__struct.hpp
[7.433s] -- Up-to-date: /home/chaitanya/bumperbot_ws/install/bumperbot_msgs/include/bumperbot_msgs/bumperbot_msgs/srv/detail/add_two_ints__builder.hpp
[7.435s] -- Up-to-date: /home/chaitanya/bumperbot_ws/install/bumperbot_msgs/include/bumperbot_msgs/bumperbot_msgs/srv/detail/get_transform__builder.hpp
[7.452s] -- Up-to-date: /home/chaitanya/bumperbot_ws/install/bumperbot_msgs/include/bumperbot_msgs/bumperbot_msgs/srv/detail/get_transform__type_support.hpp
[7.453s] -- Up-to-date: /home/chaitanya/bumperbot_ws/install/bumperbot_msgs/include/bumperbot_msgs/bumperbot_msgs/srv/detail/get_transform__traits.hpp
[7.453s] -- Up-to-date: /home/chaitanya/bumperbot_ws/install/bumperbot_msgs/include/bumperbot_msgs/bumperbot_msgs/srv/detail/add_two_ints__type_support.hpp
[7.454s] -- Up-to-date: /home/chaitanya/bumperbot_ws/install/bumperbot_msgs/include/bumperbot_msgs/bumperbot_msgs/srv/detail/add_two_ints__struct.hpp
[7.455s] -- Up-to-date: /home/chaitanya/bumperbot_ws/install/bumperbot_msgs/include/bumperbot_msgs/bumperbot_msgs/srv/get_transform.hpp
[7.455s] -- Up-to-date: /home/chaitanya/bumperbot_ws/install/bumperbot_msgs/include/bumperbot_msgs/bumperbot_msgs/msg
[7.456s] -- Up-to-date: /home/chaitanya/bumperbot_ws/install/bumperbot_msgs/include/bumperbot_msgs/bumperbot_msgs/msg/rosidl_generator_cpp__visibility_control.hpp
[7.456s] -- Up-to-date: /home/chaitanya/bumperbot_ws/install/bumperbot_msgs/include/bumperbot_msgs/bumperbot_msgs
[7.457s] -- Up-to-date: /home/chaitanya/bumperbot_ws/install/bumperbot_msgs/include/bumperbot_msgs/bumperbot_msgs/srv
[7.457s] -- Up-to-date: /home/chaitanya/bumperbot_ws/install/bumperbot_msgs/include/bumperbot_msgs/bumperbot_msgs/srv/detail
[7.471s] -- Up-to-date: /home/chaitanya/bumperbot_ws/install/bumperbot_msgs/include/bumperbot_msgs/bumperbot_msgs/srv/detail/get_transform__rosidl_typesupport_fastrtps_cpp.hpp
[7.472s] -- Up-to-date: /home/chaitanya/bumperbot_ws/install/bumperbot_msgs/include/bumperbot_msgs/bumperbot_msgs/srv/detail/add_two_ints__rosidl_typesupport_fastrtps_cpp.hpp
[7.473s] -- Up-to-date: /home/chaitanya/bumperbot_ws/install/bumperbot_msgs/include/bumperbot_msgs/bumperbot_msgs/srv/detail/dds_fastrtps
[7.474s] -- Up-to-date: /home/chaitanya/bumperbot_ws/install/bumperbot_msgs/include/bumperbot_msgs/bumperbot_msgs/msg
[7.474s] -- Up-to-date: /home/chaitanya/bumperbot_ws/install/bumperbot_msgs/include/bumperbot_msgs/bumperbot_msgs/msg/rosidl_typesupport_fastrtps_cpp__visibility_control.h
[7.475s] -- Up-to-date: /home/chaitanya/bumperbot_ws/install/bumperbot_msgs/lib/libbumperbot_msgs__rosidl_typesupport_fastrtps_cpp.so
[7.475s] -- Up-to-date: /home/chaitanya/bumperbot_ws/install/bumperbot_msgs/include/bumperbot_msgs/bumperbot_msgs
[7.476s] -- Up-to-date: /home/chaitanya/bumperbot_ws/install/bumperbot_msgs/include/bumperbot_msgs/bumperbot_msgs/srv
[7.476s] -- Up-to-date: /home/chaitanya/bumperbot_ws/install/bumperbot_msgs/include/bumperbot_msgs/bumperbot_msgs/srv/detail
[7.477s] -- Up-to-date: /home/chaitanya/bumperbot_ws/install/bumperbot_msgs/include/bumperbot_msgs/bumperbot_msgs/srv/detail/add_two_ints__rosidl_typesupport_introspection_c.h
[7.477s] -- Up-to-date: /home/chaitanya/bumperbot_ws/install/bumperbot_msgs/include/bumperbot_msgs/bumperbot_msgs/srv/detail/add_two_ints__type_support.c
[7.478s] -- Up-to-date: /home/chaitanya/bumperbot_ws/install/bumperbot_msgs/include/bumperbot_msgs/bumperbot_msgs/srv/detail/get_transform__rosidl_typesupport_introspection_c.h
[7.527s] -- Up-to-date: /home/chaitanya/bumperbot_ws/install/bumperbot_msgs/include/bumperbot_msgs/bumperbot_msgs/srv/detail/get_transform__type_support.c
[7.528s] -- Up-to-date: /home/chaitanya/bumperbot_ws/install/bumperbot_msgs/include/bumperbot_msgs/bumperbot_msgs/msg
[7.529s] -- Up-to-date: /home/chaitanya/bumperbot_ws/install/bumperbot_msgs/include/bumperbot_msgs/bumperbot_msgs/msg/rosidl_typesupport_introspection_c__visibility_control.h
[7.532s] -- Up-to-date: /home/chaitanya/bumperbot_ws/install/bumperbot_msgs/lib/libbumperbot_msgs__rosidl_typesupport_introspection_c.so
[7.553s] -- Up-to-date: /home/chaitanya/bumperbot_ws/install/bumperbot_msgs/lib/libbumperbot_msgs__rosidl_typesupport_c.so
[7.563s] -- Up-to-date: /home/chaitanya/bumperbot_ws/install/bumperbot_msgs/include/bumperbot_msgs/bumperbot_msgs
[7.563s] -- Up-to-date: /home/chaitanya/bumperbot_ws/install/bumperbot_msgs/include/bumperbot_msgs/bumperbot_msgs/srv
[7.564s] -- Up-to-date: /home/chaitanya/bumperbot_ws/install/bumperbot_msgs/include/bumperbot_msgs/bumperbot_msgs/srv/detail
[7.564s] -- Up-to-date: /home/chaitanya/bumperbot_ws/install/bumperbot_msgs/include/bumperbot_msgs/bumperbot_msgs/srv/detail/add_two_ints__rosidl_typesupport_introspection_cpp.hpp
[7.565s] -- Up-to-date: /home/chaitanya/bumperbot_ws/install/bumperbot_msgs/include/bumperbot_msgs/bumperbot_msgs/srv/detail/get_transform__rosidl_typesupport_introspection_cpp.hpp
[7.567s] -- Up-to-date: /home/chaitanya/bumperbot_ws/install/bumperbot_msgs/include/bumperbot_msgs/bumperbot_msgs/srv/detail/add_two_ints__type_support.cpp
[7.568s] -- Up-to-date: /home/chaitanya/bumperbot_ws/install/bumperbot_msgs/include/bumperbot_msgs/bumperbot_msgs/srv/detail/get_transform__type_support.cpp
[7.570s] -- Up-to-date: /home/chaitanya/bumperbot_ws/install/bumperbot_msgs/lib/libbumperbot_msgs__rosidl_typesupport_introspection_cpp.so
[7.570s] -- Up-to-date: /home/chaitanya/bumperbot_ws/install/bumperbot_msgs/lib/libbumperbot_msgs__rosidl_typesupport_cpp.so
[7.571s] -- Up-to-date: /home/chaitanya/bumperbot_ws/install/bumperbot_msgs/share/bumperbot_msgs/environment/pythonpath.sh
[7.571s] -- Up-to-date: /home/chaitanya/bumperbot_ws/install/bumperbot_msgs/share/bumperbot_msgs/environment/pythonpath.dsv
[7.572s] -- Up-to-date: /home/chaitanya/bumperbot_ws/install/bumperbot_msgs/local/lib/python3.10/dist-packages/bumperbot_msgs-0.0.0-py3.10.egg-info
[7.572s] -- Installing: /home/chaitanya/bumperbot_ws/install/bumperbot_msgs/local/lib/python3.10/dist-packages/bumperbot_msgs-0.0.0-py3.10.egg-info/PKG-INFO
[7.573s] -- Installing: /home/chaitanya/bumperbot_ws/install/bumperbot_msgs/local/lib/python3.10/dist-packages/bumperbot_msgs-0.0.0-py3.10.egg-info/top_level.txt
[7.573s] -- Installing: /home/chaitanya/bumperbot_ws/install/bumperbot_msgs/local/lib/python3.10/dist-packages/bumperbot_msgs-0.0.0-py3.10.egg-info/dependency_links.txt
[7.574s] -- Installing: /home/chaitanya/bumperbot_ws/install/bumperbot_msgs/local/lib/python3.10/dist-packages/bumperbot_msgs-0.0.0-py3.10.egg-info/SOURCES.txt
[7.587s] -- Up-to-date: /home/chaitanya/bumperbot_ws/install/bumperbot_msgs/local/lib/python3.10/dist-packages/bumperbot_msgs
[7.589s] -- Up-to-date: /home/chaitanya/bumperbot_ws/install/bumperbot_msgs/local/lib/python3.10/dist-packages/bumperbot_msgs/bumperbot_msgs_s__rosidl_typesupport_fastrtps_c.cpython-310-aarch64-linux-gnu.so
[7.590s] -- Up-to-date: /home/chaitanya/bumperbot_ws/install/bumperbot_msgs/local/lib/python3.10/dist-packages/bumperbot_msgs/srv
[7.590s] -- Up-to-date: /home/chaitanya/bumperbot_ws/install/bumperbot_msgs/local/lib/python3.10/dist-packages/bumperbot_msgs/srv/_get_transform.py
[7.591s] -- Up-to-date: /home/chaitanya/bumperbot_ws/install/bumperbot_msgs/local/lib/python3.10/dist-packages/bumperbot_msgs/srv/_get_transform_s.c
[7.591s] -- Up-to-date: /home/chaitanya/bumperbot_ws/install/bumperbot_msgs/local/lib/python3.10/dist-packages/bumperbot_msgs/srv/_add_two_ints_s.c
[7.592s] -- Up-to-date: /home/chaitanya/bumperbot_ws/install/bumperbot_msgs/local/lib/python3.10/dist-packages/bumperbot_msgs/srv/__init__.py
[7.593s] -- Up-to-date: /home/chaitanya/bumperbot_ws/install/bumperbot_msgs/local/lib/python3.10/dist-packages/bumperbot_msgs/srv/_add_two_ints.py
[7.593s] -- Up-to-date: /home/chaitanya/bumperbot_ws/install/bumperbot_msgs/local/lib/python3.10/dist-packages/bumperbot_msgs/bumperbot_msgs_s__rosidl_typesupport_introspection_c.cpython-310-aarch64-linux-gnu.so
[7.616s] -- Up-to-date: /home/chaitanya/bumperbot_ws/install/bumperbot_msgs/local/lib/python3.10/dist-packages/bumperbot_msgs/__init__.py
[7.659s] -- Up-to-date: /home/chaitanya/bumperbot_ws/install/bumperbot_msgs/local/lib/python3.10/dist-packages/bumperbot_msgs/_bumperbot_msgs_s.ep.rosidl_typesupport_introspection_c.c
[7.665s] -- Up-to-date: /home/chaitanya/bumperbot_ws/install/bumperbot_msgs/local/lib/python3.10/dist-packages/bumperbot_msgs/libbumperbot_msgs__rosidl_generator_py.so
[7.666s] -- Up-to-date: /home/chaitanya/bumperbot_ws/install/bumperbot_msgs/local/lib/python3.10/dist-packages/bumperbot_msgs/_bumperbot_msgs_s.ep.rosidl_typesupport_fastrtps_c.c
[7.666s] -- Up-to-date: /home/chaitanya/bumperbot_ws/install/bumperbot_msgs/local/lib/python3.10/dist-packages/bumperbot_msgs/bumperbot_msgs_s__rosidl_typesupport_c.cpython-310-aarch64-linux-gnu.so
[7.667s] -- Up-to-date: /home/chaitanya/bumperbot_ws/install/bumperbot_msgs/local/lib/python3.10/dist-packages/bumperbot_msgs/_bumperbot_msgs_s.ep.rosidl_typesupport_c.c
[7.667s] Listing '/home/chaitanya/bumperbot_ws/install/bumperbot_msgs/local/lib/python3.10/dist-packages/bumperbot_msgs'...
[7.667s] Listing '/home/chaitanya/bumperbot_ws/install/bumperbot_msgs/local/lib/python3.10/dist-packages/bumperbot_msgs/srv'...
[7.843s] -- Up-to-date: /home/chaitanya/bumperbot_ws/install/bumperbot_msgs/local/lib/python3.10/dist-packages/bumperbot_msgs/bumperbot_msgs_s__rosidl_typesupport_fastrtps_c.cpython-310-aarch64-linux-gnu.so
[7.844s] -- Up-to-date: /home/chaitanya/bumperbot_ws/install/bumperbot_msgs/local/lib/python3.10/dist-packages/bumperbot_msgs/bumperbot_msgs_s__rosidl_typesupport_introspection_c.cpython-310-aarch64-linux-gnu.so
[7.845s] -- Up-to-date: /home/chaitanya/bumperbot_ws/install/bumperbot_msgs/local/lib/python3.10/dist-packages/bumperbot_msgs/bumperbot_msgs_s__rosidl_typesupport_c.cpython-310-aarch64-linux-gnu.so
[7.846s] -- Up-to-date: /home/chaitanya/bumperbot_ws/install/bumperbot_msgs/lib/libbumperbot_msgs__rosidl_generator_py.so
[7.847s] -- Up-to-date: /home/chaitanya/bumperbot_ws/install/bumperbot_msgs/share/bumperbot_msgs/srv/AddTwoInts.idl
[7.848s] -- Up-to-date: /home/chaitanya/bumperbot_ws/install/bumperbot_msgs/share/bumperbot_msgs/srv/GetTransform.idl
[7.849s] -- Up-to-date: /home/chaitanya/bumperbot_ws/install/bumperbot_msgs/share/bumperbot_msgs/srv/AddTwoInts.srv
[7.849s] -- Up-to-date: /home/chaitanya/bumperbot_ws/install/bumperbot_msgs/share/bumperbot_msgs/srv/AddTwoInts_Request.msg
[7.854s] -- Up-to-date: /home/chaitanya/bumperbot_ws/install/bumperbot_msgs/share/bumperbot_msgs/srv/AddTwoInts_Response.msg
[7.855s] -- Up-to-date: /home/chaitanya/bumperbot_ws/install/bumperbot_msgs/share/bumperbot_msgs/srv/GetTransform.srv
[7.856s] -- Up-to-date: /home/chaitanya/bumperbot_ws/install/bumperbot_msgs/share/bumperbot_msgs/srv/GetTransform_Request.msg
[7.856s] -- Up-to-date: /home/chaitanya/bumperbot_ws/install/bumperbot_msgs/share/bumperbot_msgs/srv/GetTransform_Response.msg
[7.868s] -- Up-to-date: /home/chaitanya/bumperbot_ws/install/bumperbot_msgs/share/ament_index/resource_index/package_run_dependencies/bumperbot_msgs
[7.875s] -- Up-to-date: /home/chaitanya/bumperbot_ws/install/bumperbot_msgs/share/ament_index/resource_index/parent_prefix_path/bumperbot_msgs
[7.876s] -- Up-to-date: /home/chaitanya/bumperbot_ws/install/bumperbot_msgs/share/bumperbot_msgs/environment/ament_prefix_path.sh
[7.877s] -- Up-to-date: /home/chaitanya/bumperbot_ws/install/bumperbot_msgs/share/bumperbot_msgs/environment/ament_prefix_path.dsv
[7.877s] -- Up-to-date: /home/chaitanya/bumperbot_ws/install/bumperbot_msgs/share/bumperbot_msgs/environment/path.sh
[7.878s] -- Up-to-date: /home/chaitanya/bumperbot_ws/install/bumperbot_msgs/share/bumperbot_msgs/environment/path.dsv
[7.882s] -- Up-to-date: /home/chaitanya/bumperbot_ws/install/bumperbot_msgs/share/bumperbot_msgs/local_setup.bash
[7.883s] -- Up-to-date: /home/chaitanya/bumperbot_ws/install/bumperbot_msgs/share/bumperbot_msgs/local_setup.sh
[7.884s] -- Up-to-date: /home/chaitanya/bumperbot_ws/install/bumperbot_msgs/share/bumperbot_msgs/local_setup.zsh
[7.884s] -- Up-to-date: /home/chaitanya/bumperbot_ws/install/bumperbot_msgs/share/bumperbot_msgs/local_setup.dsv
[7.885s] -- Installing: /home/chaitanya/bumperbot_ws/install/bumperbot_msgs/share/bumperbot_msgs/package.dsv
[7.897s] -- Up-to-date: /home/chaitanya/bumperbot_ws/install/bumperbot_msgs/share/ament_index/resource_index/packages/bumperbot_msgs
[7.906s] -- Up-to-date: /home/chaitanya/bumperbot_ws/install/bumperbot_msgs/share/bumperbot_msgs/cmake/export_bumperbot_msgs__rosidl_generator_cExport.cmake
[7.907s] -- Up-to-date: /home/chaitanya/bumperbot_ws/install/bumperbot_msgs/share/bumperbot_msgs/cmake/export_bumperbot_msgs__rosidl_generator_cExport-noconfig.cmake
[7.912s] -- Up-to-date: /home/chaitanya/bumperbot_ws/install/bumperbot_msgs/share/bumperbot_msgs/cmake/export_bumperbot_msgs__rosidl_typesupport_fastrtps_cExport.cmake
[7.912s] -- Up-to-date: /home/chaitanya/bumperbot_ws/install/bumperbot_msgs/share/bumperbot_msgs/cmake/export_bumperbot_msgs__rosidl_typesupport_fastrtps_cExport-noconfig.cmake
[7.918s] -- Up-to-date: /home/chaitanya/bumperbot_ws/install/bumperbot_msgs/share/bumperbot_msgs/cmake/export_bumperbot_msgs__rosidl_generator_cppExport.cmake
[7.930s] -- Up-to-date: /home/chaitanya/bumperbot_ws/install/bumperbot_msgs/share/bumperbot_msgs/cmake/export_bumperbot_msgs__rosidl_typesupport_fastrtps_cppExport.cmake
[7.931s] -- Up-to-date: /home/chaitanya/bumperbot_ws/install/bumperbot_msgs/share/bumperbot_msgs/cmake/export_bumperbot_msgs__rosidl_typesupport_fastrtps_cppExport-noconfig.cmake
[7.935s] -- Up-to-date: /home/chaitanya/bumperbot_ws/install/bumperbot_msgs/share/bumperbot_msgs/cmake/bumperbot_msgs__rosidl_typesupport_introspection_cExport.cmake
[7.936s] -- Up-to-date: /home/chaitanya/bumperbot_ws/install/bumperbot_msgs/share/bumperbot_msgs/cmake/bumperbot_msgs__rosidl_typesupport_introspection_cExport-noconfig.cmake
[7.944s] -- Up-to-date: /home/chaitanya/bumperbot_ws/install/bumperbot_msgs/share/bumperbot_msgs/cmake/bumperbot_msgs__rosidl_typesupport_cExport.cmake
[7.946s] -- Up-to-date: /home/chaitanya/bumperbot_ws/install/bumperbot_msgs/share/bumperbot_msgs/cmake/bumperbot_msgs__rosidl_typesupport_cExport-noconfig.cmake
[7.992s] -- Up-to-date: /home/chaitanya/bumperbot_ws/install/bumperbot_msgs/share/bumperbot_msgs/cmake/bumperbot_msgs__rosidl_typesupport_introspection_cppExport.cmake
[7.993s] -- Up-to-date: /home/chaitanya/bumperbot_ws/install/bumperbot_msgs/share/bumperbot_msgs/cmake/bumperbot_msgs__rosidl_typesupport_introspection_cppExport-noconfig.cmake
[7.994s] -- Up-to-date: /home/chaitanya/bumperbot_ws/install/bumperbot_msgs/share/bumperbot_msgs/cmake/bumperbot_msgs__rosidl_typesupport_cppExport.cmake
[7.995s] -- Up-to-date: /home/chaitanya/bumperbot_ws/install/bumperbot_msgs/share/bumperbot_msgs/cmake/bumperbot_msgs__rosidl_typesupport_cppExport-noconfig.cmake
[7.996s] -- Up-to-date: /home/chaitanya/bumperbot_ws/install/bumperbot_msgs/share/bumperbot_msgs/cmake/export_bumperbot_msgs__rosidl_generator_pyExport.cmake
[7.997s] -- Up-to-date: /home/chaitanya/bumperbot_ws/install/bumperbot_msgs/share/bumperbot_msgs/cmake/export_bumperbot_msgs__rosidl_generator_pyExport-noconfig.cmake
[7.997s] -- Up-to-date: /home/chaitanya/bumperbot_ws/install/bumperbot_msgs/share/bumperbot_msgs/cmake/rosidl_cmake-extras.cmake
[8.042s] -- Up-to-date: /home/chaitanya/bumperbot_ws/install/bumperbot_msgs/share/bumperbot_msgs/cmake/ament_cmake_export_dependencies-extras.cmake
[8.043s] -- Up-to-date: /home/chaitanya/bumperbot_ws/install/bumperbot_msgs/share/bumperbot_msgs/cmake/ament_cmake_export_include_directories-extras.cmake
[8.044s] -- Up-to-date: /home/chaitanya/bumperbot_ws/install/bumperbot_msgs/share/bumperbot_msgs/cmake/ament_cmake_export_libraries-extras.cmake
[8.045s] -- Up-to-date: /home/chaitanya/bumperbot_ws/install/bumperbot_msgs/share/bumperbot_msgs/cmake/ament_cmake_export_targets-extras.cmake
[8.046s] -- Up-to-date: /home/chaitanya/bumperbot_ws/install/bumperbot_msgs/share/bumperbot_msgs/cmake/rosidl_cmake_export_typesupport_targets-extras.cmake
[8.047s] -- Up-to-date: /home/chaitanya/bumperbot_ws/install/bumperbot_msgs/share/bumperbot_msgs/cmake/rosidl_cmake_export_typesupport_libraries-extras.cmake
[8.047s] -- Up-to-date: /home/chaitanya/bumperbot_ws/install/bumperbot_msgs/share/bumperbot_msgs/cmake/bumperbot_msgsConfig.cmake
[8.048s] -- Up-to-date: /home/chaitanya/bumperbot_ws/install/bumperbot_msgs/share/bumperbot_msgs/cmake/bumperbot_msgsConfig-version.cmake
[8.061s] -- Up-to-date: /home/chaitanya/bumperbot_ws/install/bumperbot_msgs/share/bumperbot_msgs/package.xml
[8.063s] Invoked command in '/home/chaitanya/bumperbot_ws/build/bumperbot_msgs' returned '0': CMAKE_PREFIX_PATH=${CMAKE_PREFIX_PATH}:/home/chaitanya/bumperbot_ws/install/bumperbot_py_examples:/opt/ros/humble /usr/bin/cmake --install /home/chaitanya/bumperbot_ws/build/bumperbot_msgs
