[0.148s] Invoking command in '/home/chaitanya/bumperbot_ws/build/bumperbot_description': CMAKE_PREFIX_PATH=/opt/ros/humble /usr/bin/cmake --build /home/chaitanya/bumperbot_ws/build/bumperbot_description -- -j4 -l4
[0.667s] Invoked command in '/home/chaitanya/bumperbot_ws/build/bumperbot_description' returned '0': CMAKE_PREFIX_PATH=/opt/ros/humble /usr/bin/cmake --build /home/chaitanya/bumperbot_ws/build/bumperbot_description -- -j4 -l4
[0.723s] Invoking command in '/home/chaitanya/bumperbot_ws/build/bumperbot_description': CMAKE_PREFIX_PATH=/opt/ros/humble /usr/bin/cmake --install /home/chaitanya/bumperbot_ws/build/bumperbot_description
[0.763s] -- Install configuration: ""
[0.773s] -- Up-to-date: /home/chaitanya/bumperbot_ws/install/bumperbot_description/share/bumperbot_description/launch
[0.782s] -- Up-to-date: /home/chaitanya/bumperbot_ws/install/bumperbot_description/share/bumperbot_description/launch/display.launch.py
[0.783s] -- Up-to-date: /home/chaitanya/bumperbot_ws/install/bumperbot_description/share/bumperbot_description/launch/gazebo.launch.py
[0.784s] -- Up-to-date: /home/chaitanya/bumperbot_ws/install/bumperbot_description/share/bumperbot_description/meshes
[0.788s] -- Up-to-date: /home/chaitanya/bumperbot_ws/install/bumperbot_description/share/bumperbot_description/meshes/caster_front_link.STL
[0.789s] -- Up-to-date: /home/chaitanya/bumperbot_ws/install/bumperbot_description/share/bumperbot_description/meshes/caster_rear_link.STL
[0.790s] -- Up-to-date: /home/chaitanya/bumperbot_ws/install/bumperbot_description/share/bumperbot_description/meshes/wheel_left_link.STL
[0.790s] -- Up-to-date: /home/chaitanya/bumperbot_ws/install/bumperbot_description/share/bumperbot_description/meshes/base_link.STL
[0.791s] -- Up-to-date: /home/chaitanya/bumperbot_ws/install/bumperbot_description/share/bumperbot_description/meshes/wheel_right_link.STL
[0.791s] -- Up-to-date: /home/chaitanya/bumperbot_ws/install/bumperbot_description/share/bumperbot_description/meshes/imu_link.STL
[0.792s] -- Up-to-date: /home/chaitanya/bumperbot_ws/install/bumperbot_description/share/bumperbot_description/urdf
[0.797s] -- Up-to-date: /home/chaitanya/bumperbot_ws/install/bumperbot_description/share/bumperbot_description/urdf/bumperbot_gazebo.xacro
[0.797s] -- Up-to-date: /home/chaitanya/bumperbot_ws/install/bumperbot_description/share/bumperbot_description/urdf/bumperbot_ros2_control.xacro
[0.798s] -- Up-to-date: /home/chaitanya/bumperbot_ws/install/bumperbot_description/share/bumperbot_description/urdf/bumperbot.urdf.xacro
[0.798s] -- Up-to-date: /home/chaitanya/bumperbot_ws/install/bumperbot_description/share/bumperbot_description/rviz
[0.800s] -- Up-to-date: /home/chaitanya/bumperbot_ws/install/bumperbot_description/share/bumperbot_description/rviz/display.rviz
[0.802s] -- Up-to-date: /home/chaitanya/bumperbot_ws/install/bumperbot_description/share/ament_index/resource_index/package_run_dependencies/bumperbot_description
[0.803s] -- Up-to-date: /home/chaitanya/bumperbot_ws/install/bumperbot_description/share/ament_index/resource_index/parent_prefix_path/bumperbot_description
[0.808s] -- Up-to-date: /home/chaitanya/bumperbot_ws/install/bumperbot_description/share/bumperbot_description/environment/ament_prefix_path.sh
[0.809s] -- Up-to-date: /home/chaitanya/bumperbot_ws/install/bumperbot_description/share/bumperbot_description/environment/ament_prefix_path.dsv
[0.809s] -- Up-to-date: /home/chaitanya/bumperbot_ws/install/bumperbot_description/share/bumperbot_description/environment/path.sh
[0.810s] -- Up-to-date: /home/chaitanya/bumperbot_ws/install/bumperbot_description/share/bumperbot_description/environment/path.dsv
[0.811s] -- Up-to-date: /home/chaitanya/bumperbot_ws/install/bumperbot_description/share/bumperbot_description/local_setup.bash
[0.812s] -- Up-to-date: /home/chaitanya/bumperbot_ws/install/bumperbot_description/share/bumperbot_description/local_setup.sh
[0.812s] -- Up-to-date: /home/chaitanya/bumperbot_ws/install/bumperbot_description/share/bumperbot_description/local_setup.zsh
[0.813s] -- Up-to-date: /home/chaitanya/bumperbot_ws/install/bumperbot_description/share/bumperbot_description/local_setup.dsv
[0.813s] -- Installing: /home/chaitanya/bumperbot_ws/install/bumperbot_description/share/bumperbot_description/package.dsv
[0.820s] -- Up-to-date: /home/chaitanya/bumperbot_ws/install/bumperbot_description/share/ament_index/resource_index/packages/bumperbot_description
[0.824s] -- Up-to-date: /home/chaitanya/bumperbot_ws/install/bumperbot_description/share/bumperbot_description/cmake/bumperbot_descriptionConfig.cmake
[0.825s] -- Up-to-date: /home/chaitanya/bumperbot_ws/install/bumperbot_description/share/bumperbot_description/cmake/bumperbot_descriptionConfig-version.cmake
[0.825s] -- Up-to-date: /home/chaitanya/bumperbot_ws/install/bumperbot_description/share/bumperbot_description/package.xml
[0.838s] Invoked command in '/home/chaitanya/bumperbot_ws/build/bumperbot_description' returned '0': CMAKE_PREFIX_PATH=/opt/ros/humble /usr/bin/cmake --install /home/chaitanya/bumperbot_ws/build/bumperbot_description
