[0.057s] Invoking command in '/home/chaitanya/bumperbot_ws/build/bumperbot_firmware': CMAKE_PREFIX_PATH=/opt/ros/humble /usr/bin/cmake --build /home/chaitanya/bumperbot_ws/build/bumperbot_firmware -- -j4 -l4
[0.470s] [ 25%] [32mBuilding CXX object CMakeFiles/simple_serial_transmitter.dir/src/transmitter.cpp.o[0m
[0.475s] [ 50%] [32mBuilding CXX object CMakeFiles/bumperbot_firmware.dir/src/BumperbotHardware.cpp.o[0m
[18.718s] [ 75%] [32m[1mLinking CXX shared library libbumperbot_firmware.so[0m
[19.976s] [ 75%] Built target bumperbot_firmware
[38.640s] [100%] [32m[1mLinking CXX executable simple_serial_transmitter[0m
[40.401s] [100%] Built target simple_serial_transmitter
[40.446s] Invoked command in '/home/chaitanya/bumperbot_ws/build/bumperbot_firmware' returned '0': CMAKE_PREFIX_PATH=/opt/ros/humble /usr/bin/cmake --build /home/chaitanya/bumperbot_ws/build/bumperbot_firmware -- -j4 -l4
[40.491s] Invoking command in '/home/chaitanya/bumperbot_ws/build/bumperbot_firmware': CMAKE_PREFIX_PATH=/opt/ros/humble /usr/bin/cmake --install /home/chaitanya/bumperbot_ws/build/bumperbot_firmware
[40.519s] -- Install configuration: ""
[40.520s] -- Installing: /home/chaitanya/bumperbot_ws/install/bumperbot_firmware/share/bumperbot_firmware/src/BumperbotHardware.xml
[40.528s] -- Installing: /home/chaitanya/bumperbot_ws/install/bumperbot_firmware/lib/libbumperbot_firmware.so
[40.534s] -- Set runtime path of "/home/chaitanya/bumperbot_ws/install/bumperbot_firmware/lib/libbumperbot_firmware.so" to ""
[40.535s] -- Installing: /home/chaitanya/bumperbot_ws/install/bumperbot_firmware/lib/bumperbot_firmware/simple_serial_transmitter
[40.566s] -- Set runtime path of "/home/chaitanya/bumperbot_ws/install/bumperbot_firmware/lib/bumperbot_firmware/simple_serial_transmitter" to ""
[40.567s] -- Installing: /home/chaitanya/bumperbot_ws/install/bumperbot_firmware/include
[40.567s] -- Installing: /home/chaitanya/bumperbot_ws/install/bumperbot_firmware/include/bumperbot_firmware
[40.568s] -- Installing: /home/chaitanya/bumperbot_ws/install/bumperbot_firmware/include/bumperbot_firmware/bumperbot_interface.hpp
[40.569s] -- Installing: /home/chaitanya/bumperbot_ws/install/bumperbot_firmware/share/bumperbot_firmware/BumperbotHardware.xml
[40.571s] -- Installing: /home/chaitanya/bumperbot_ws/install/bumperbot_firmware/share/bumperbot_firmware/environment/library_path.sh
[40.573s] -- Installing: /home/chaitanya/bumperbot_ws/install/bumperbot_firmware/share/bumperbot_firmware/environment/library_path.dsv
[40.575s] -- Installing: /home/chaitanya/bumperbot_ws/install/bumperbot_firmware/share/ament_index/resource_index/package_run_dependencies/bumperbot_firmware
[40.577s] -- Installing: /home/chaitanya/bumperbot_ws/install/bumperbot_firmware/share/ament_index/resource_index/parent_prefix_path/bumperbot_firmware
[40.579s] -- Installing: /home/chaitanya/bumperbot_ws/install/bumperbot_firmware/share/bumperbot_firmware/environment/ament_prefix_path.sh
[40.580s] -- Installing: /home/chaitanya/bumperbot_ws/install/bumperbot_firmware/share/bumperbot_firmware/environment/ament_prefix_path.dsv
[40.582s] -- Installing: /home/chaitanya/bumperbot_ws/install/bumperbot_firmware/share/bumperbot_firmware/environment/path.sh
[40.583s] -- Installing: /home/chaitanya/bumperbot_ws/install/bumperbot_firmware/share/bumperbot_firmware/environment/path.dsv
[40.584s] -- Installing: /home/chaitanya/bumperbot_ws/install/bumperbot_firmware/share/bumperbot_firmware/local_setup.bash
[40.586s] -- Installing: /home/chaitanya/bumperbot_ws/install/bumperbot_firmware/share/bumperbot_firmware/local_setup.sh
[40.587s] -- Installing: /home/chaitanya/bumperbot_ws/install/bumperbot_firmware/share/bumperbot_firmware/local_setup.zsh
[40.588s] -- Installing: /home/chaitanya/bumperbot_ws/install/bumperbot_firmware/share/bumperbot_firmware/local_setup.dsv
[40.590s] -- Installing: /home/chaitanya/bumperbot_ws/install/bumperbot_firmware/share/bumperbot_firmware/package.dsv
[40.592s] -- Installing: /home/chaitanya/bumperbot_ws/install/bumperbot_firmware/share/ament_index/resource_index/packages/bumperbot_firmware
[40.593s] -- Installing: /home/chaitanya/bumperbot_ws/install/bumperbot_firmware/share/ament_index/resource_index/hardware_interface__pluginlib__plugin/bumperbot_firmware
[40.596s] -- Installing: /home/chaitanya/bumperbot_ws/install/bumperbot_firmware/share/bumperbot_firmware/cmake/ament_cmake_export_include_directories-extras.cmake
[40.597s] -- Installing: /home/chaitanya/bumperbot_ws/install/bumperbot_firmware/share/bumperbot_firmware/cmake/ament_cmake_export_libraries-extras.cmake
[40.599s] -- Installing: /home/chaitanya/bumperbot_ws/install/bumperbot_firmware/share/bumperbot_firmware/cmake/ament_cmake_export_dependencies-extras.cmake
[40.601s] -- Installing: /home/chaitanya/bumperbot_ws/install/bumperbot_firmware/share/bumperbot_firmware/cmake/bumperbot_firmwareConfig.cmake
[40.602s] -- Installing: /home/chaitanya/bumperbot_ws/install/bumperbot_firmware/share/bumperbot_firmware/cmake/bumperbot_firmwareConfig-version.cmake
[40.603s] -- Installing: /home/chaitanya/bumperbot_ws/install/bumperbot_firmware/share/bumperbot_firmware/package.xml
[40.610s] Invoked command in '/home/chaitanya/bumperbot_ws/build/bumperbot_firmware' returned '0': CMAKE_PREFIX_PATH=/opt/ros/humble /usr/bin/cmake --install /home/chaitanya/bumperbot_ws/build/bumperbot_firmware
