[7.628s] Invoking command in '/home/chaitanya/bumperbot_ws/src/bumperbot_py_examples': CMAKE_PREFIX_PATH=/home/chaitanya/bumperbot_ws/install/bumperbot_msgs:/home/chaitanya/bumperbot_ws/install/bumperbot_cpp_examples:/home/chaitanya/bumperbot_ws/install/bumperbot_localization:/home/chaitanya/bumperbot_ws/install/bumperbot_firmware:/home/chaitanya/bumperbot_ws/install/bumperbot_description:/home/chaitanya/bumperbot_ws/install/bumperbot_controller PYTHONPATH=/home/chaitanya/bumperbot_ws/build/bumperbot_py_examples/prefix_override:/usr/lib/python3/dist-packages/colcon_core/task/python/colcon_distutils_commands:/home/chaitanya/bumperbot_ws/install/bumperbot_py_examples/lib/python3.10/site-packages:${PYTHONPATH} /usr/bin/python3 -W ignore:setup.py install is deprecated -W ignore:easy_install command is deprecated setup.py egg_info --egg-base ../../build/bumperbot_py_examples build --build-base /home/chaitanya/bumperbot_ws/build/bumperbot_py_examples/build install --record /home/chaitanya/bumperbot_ws/build/bumperbot_py_examples/install.log --single-version-externally-managed install_data
[9.238s] running egg_info
[9.242s] writing ../../build/bumperbot_py_examples/bumperbot_py_examples.egg-info/PKG-INFO
[9.243s] writing dependency_links to ../../build/bumperbot_py_examples/bumperbot_py_examples.egg-info/dependency_links.txt
[9.244s] writing entry points to ../../build/bumperbot_py_examples/bumperbot_py_examples.egg-info/entry_points.txt
[9.245s] writing requirements to ../../build/bumperbot_py_examples/bumperbot_py_examples.egg-info/requires.txt
[9.247s] writing top-level names to ../../build/bumperbot_py_examples/bumperbot_py_examples.egg-info/top_level.txt
[9.258s] reading manifest file '../../build/bumperbot_py_examples/bumperbot_py_examples.egg-info/SOURCES.txt'
[9.270s] writing manifest file '../../build/bumperbot_py_examples/bumperbot_py_examples.egg-info/SOURCES.txt'
[9.270s] running build
[9.271s] running build_py
[9.275s] running install
[9.277s] running install_lib
[9.288s] running install_data
[9.289s] running install_egg_info
[9.296s] removing '/home/chaitanya/bumperbot_ws/install/bumperbot_py_examples/lib/python3.10/site-packages/bumperbot_py_examples-0.0.0-py3.10.egg-info' (and everything under it)
[9.299s] Copying ../../build/bumperbot_py_examples/bumperbot_py_examples.egg-info to /home/chaitanya/bumperbot_ws/install/bumperbot_py_examples/lib/python3.10/site-packages/bumperbot_py_examples-0.0.0-py3.10.egg-info
[9.310s] running install_scripts
[9.428s] Installing simple_parameter script to /home/chaitanya/bumperbot_ws/install/bumperbot_py_examples/lib/bumperbot_py_examples
[9.430s] Installing simple_publisher script to /home/chaitanya/bumperbot_ws/install/bumperbot_py_examples/lib/bumperbot_py_examples
[9.431s] Installing simple_service_client script to /home/chaitanya/bumperbot_ws/install/bumperbot_py_examples/lib/bumperbot_py_examples
[9.433s] Installing simple_service_server script to /home/chaitanya/bumperbot_ws/install/bumperbot_py_examples/lib/bumperbot_py_examples
[9.433s] Installing simple_subscriber script to /home/chaitanya/bumperbot_ws/install/bumperbot_py_examples/lib/bumperbot_py_examples
[9.434s] Installing simple_tf_kinematics script to /home/chaitanya/bumperbot_ws/install/bumperbot_py_examples/lib/bumperbot_py_examples
[9.436s] Installing simple_turtlesim_kinematics script to /home/chaitanya/bumperbot_ws/install/bumperbot_py_examples/lib/bumperbot_py_examples
[9.438s] writing list of installed files to '/home/chaitanya/bumperbot_ws/build/bumperbot_py_examples/install.log'
[9.614s] Invoked command in '/home/chaitanya/bumperbot_ws/src/bumperbot_py_examples' returned '0': CMAKE_PREFIX_PATH=/home/chaitanya/bumperbot_ws/install/bumperbot_msgs:/home/chaitanya/bumperbot_ws/install/bumperbot_cpp_examples:/home/chaitanya/bumperbot_ws/install/bumperbot_localization:/home/chaitanya/bumperbot_ws/install/bumperbot_firmware:/home/chaitanya/bumperbot_ws/install/bumperbot_description:/home/chaitanya/bumperbot_ws/install/bumperbot_controller PYTHONPATH=/home/chaitanya/bumperbot_ws/build/bumperbot_py_examples/prefix_override:/usr/lib/python3/dist-packages/colcon_core/task/python/colcon_distutils_commands:/home/chaitanya/bumperbot_ws/install/bumperbot_py_examples/lib/python3.10/site-packages:${PYTHONPATH} /usr/bin/python3 -W ignore:setup.py install is deprecated -W ignore:easy_install command is deprecated setup.py egg_info --egg-base ../../build/bumperbot_py_examples build --build-base /home/chaitanya/bumperbot_ws/build/bumperbot_py_examples/build install --record /home/chaitanya/bumperbot_ws/build/bumperbot_py_examples/install.log --single-version-externally-managed install_data
