[0.153s] DEBUG:colcon:Command line arguments: ['/usr/bin/colcon', 'build']
[0.153s] DEBUG:colcon:Parsed command line arguments: Namespace(log_base=None, log_level=None, verb_name='build', build_base='build', install_base='install', merge_install=False, symlink_install=False, test_result_base=None, continue_on_error=False, executor='parallel', parallel_workers=8, event_handlers=None, ignore_user_meta=False, metas=['./colcon.meta'], base_paths=['.'], packages_ignore=None, packages_ignore_regex=None, paths=None, packages_up_to=None, packages_up_to_regex=None, packages_above=None, packages_above_and_dependencies=None, packages_above_depth=None, packages_select_by_dep=None, packages_skip_by_dep=None, packages_skip_up_to=None, packages_select_build_failed=False, packages_skip_build_finished=False, packages_select_test_failures=False, packages_skip_test_passed=False, packages_select=None, packages_skip=None, packages_select_regex=None, packages_skip_regex=None, packages_start=None, packages_end=None, allow_overriding=[], cmake_args=None, cmake_target=None, cmake_target_skip_unavailable=False, cmake_clean_cache=False, cmake_clean_first=False, cmake_force_configure=False, ament_cmake_args=None, catkin_cmake_args=None, catkin_skip_building_tests=False, mixin_files=None, mixin=None, verb_parser=<colcon_mixin.mixin.mixin_argument.MixinArgumentDecorator object at 0xffff3b1f5b10>, verb_extension=<colcon_core.verb.build.BuildVerb object at 0xffff3b39b880>, main=<bound method BuildVerb.main of <colcon_core.verb.build.BuildVerb object at 0xffff3b39b880>>, mixin_verb=('build',))
[0.288s] Level 1:colcon.colcon_core.package_discovery:discover_packages(colcon_meta) check parameters
[0.288s] Level 1:colcon.colcon_core.package_discovery:discover_packages(recursive) check parameters
[0.288s] Level 1:colcon.colcon_core.package_discovery:discover_packages(ignore) check parameters
[0.288s] Level 1:colcon.colcon_core.package_discovery:discover_packages(path) check parameters
[0.288s] Level 1:colcon.colcon_core.package_discovery:discover_packages(colcon_meta) discover
[0.288s] Level 1:colcon.colcon_core.package_discovery:discover_packages(recursive) discover
[0.288s] INFO:colcon.colcon_core.package_discovery:Crawling recursively for packages in '/home/ubuntu/BumperBot_V1'
[0.288s] Level 1:colcon.colcon_core.package_identification:_identify(.) by extensions ['ignore', 'ignore_ament_install']
[0.288s] Level 1:colcon.colcon_core.package_identification:_identify(.) by extension 'ignore'
[0.288s] Level 1:colcon.colcon_core.package_identification:_identify(.) by extension 'ignore_ament_install'
[0.289s] Level 1:colcon.colcon_core.package_identification:_identify(.) by extensions ['colcon_pkg']
[0.289s] Level 1:colcon.colcon_core.package_identification:_identify(.) by extension 'colcon_pkg'
[0.289s] Level 1:colcon.colcon_core.package_identification:_identify(.) by extensions ['colcon_meta']
[0.289s] Level 1:colcon.colcon_core.package_identification:_identify(.) by extension 'colcon_meta'
[0.289s] Level 1:colcon.colcon_core.package_identification:_identify(.) by extensions ['ros']
[0.289s] Level 1:colcon.colcon_core.package_identification:_identify(.) by extension 'ros'
[0.295s] Level 1:colcon.colcon_core.package_identification:_identify(.) by extensions ['cmake', 'python']
[0.295s] Level 1:colcon.colcon_core.package_identification:_identify(.) by extension 'cmake'
[0.295s] Level 1:colcon.colcon_core.package_identification:_identify(.) by extension 'python'
[0.295s] Level 1:colcon.colcon_core.package_identification:_identify(.) by extensions ['python_setup_py']
[0.295s] Level 1:colcon.colcon_core.package_identification:_identify(.) by extension 'python_setup_py'
[0.295s] Level 1:colcon.colcon_core.package_identification:_identify(build) by extensions ['ignore', 'ignore_ament_install']
[0.295s] Level 1:colcon.colcon_core.package_identification:_identify(build) by extension 'ignore'
[0.295s] Level 1:colcon.colcon_core.package_identification:_identify(build) ignored
[0.296s] Level 1:colcon.colcon_core.package_identification:_identify(install) by extensions ['ignore', 'ignore_ament_install']
[0.296s] Level 1:colcon.colcon_core.package_identification:_identify(install) by extension 'ignore'
[0.296s] Level 1:colcon.colcon_core.package_identification:_identify(install) ignored
[0.296s] Level 1:colcon.colcon_core.package_identification:_identify(log) by extensions ['ignore', 'ignore_ament_install']
[0.296s] Level 1:colcon.colcon_core.package_identification:_identify(log) by extension 'ignore'
[0.296s] Level 1:colcon.colcon_core.package_identification:_identify(log) ignored
[0.296s] Level 1:colcon.colcon_core.package_identification:_identify(src) by extensions ['ignore', 'ignore_ament_install']
[0.296s] Level 1:colcon.colcon_core.package_identification:_identify(src) by extension 'ignore'
[0.296s] Level 1:colcon.colcon_core.package_identification:_identify(src) by extension 'ignore_ament_install'
[0.296s] Level 1:colcon.colcon_core.package_identification:_identify(src) by extensions ['colcon_pkg']
[0.296s] Level 1:colcon.colcon_core.package_identification:_identify(src) by extension 'colcon_pkg'
[0.296s] Level 1:colcon.colcon_core.package_identification:_identify(src) by extensions ['colcon_meta']
[0.296s] Level 1:colcon.colcon_core.package_identification:_identify(src) by extension 'colcon_meta'
[0.296s] Level 1:colcon.colcon_core.package_identification:_identify(src) by extensions ['ros']
[0.296s] Level 1:colcon.colcon_core.package_identification:_identify(src) by extension 'ros'
[0.296s] Level 1:colcon.colcon_core.package_identification:_identify(src) by extensions ['cmake', 'python']
[0.296s] Level 1:colcon.colcon_core.package_identification:_identify(src) by extension 'cmake'
[0.296s] Level 1:colcon.colcon_core.package_identification:_identify(src) by extension 'python'
[0.296s] Level 1:colcon.colcon_core.package_identification:_identify(src) by extensions ['python_setup_py']
[0.296s] Level 1:colcon.colcon_core.package_identification:_identify(src) by extension 'python_setup_py'
[0.296s] Level 1:colcon.colcon_core.package_identification:_identify(src/bumperbot_controller) by extensions ['ignore', 'ignore_ament_install']
[0.296s] Level 1:colcon.colcon_core.package_identification:_identify(src/bumperbot_controller) by extension 'ignore'
[0.296s] Level 1:colcon.colcon_core.package_identification:_identify(src/bumperbot_controller) by extension 'ignore_ament_install'
[0.296s] Level 1:colcon.colcon_core.package_identification:_identify(src/bumperbot_controller) by extensions ['colcon_pkg']
[0.296s] Level 1:colcon.colcon_core.package_identification:_identify(src/bumperbot_controller) by extension 'colcon_pkg'
[0.296s] Level 1:colcon.colcon_core.package_identification:_identify(src/bumperbot_controller) by extensions ['colcon_meta']
[0.296s] Level 1:colcon.colcon_core.package_identification:_identify(src/bumperbot_controller) by extension 'colcon_meta'
[0.296s] Level 1:colcon.colcon_core.package_identification:_identify(src/bumperbot_controller) by extensions ['ros']
[0.296s] Level 1:colcon.colcon_core.package_identification:_identify(src/bumperbot_controller) by extension 'ros'
[0.298s] DEBUG:colcon.colcon_core.package_identification:Package 'src/bumperbot_controller' with type 'ros.ament_cmake' and name 'bumperbot_controller'
[0.298s] Level 1:colcon.colcon_core.package_identification:_identify(src/bumperbot_cpp_examples) by extensions ['ignore', 'ignore_ament_install']
[0.298s] Level 1:colcon.colcon_core.package_identification:_identify(src/bumperbot_cpp_examples) by extension 'ignore'
[0.298s] Level 1:colcon.colcon_core.package_identification:_identify(src/bumperbot_cpp_examples) by extension 'ignore_ament_install'
[0.298s] Level 1:colcon.colcon_core.package_identification:_identify(src/bumperbot_cpp_examples) by extensions ['colcon_pkg']
[0.298s] Level 1:colcon.colcon_core.package_identification:_identify(src/bumperbot_cpp_examples) by extension 'colcon_pkg'
[0.298s] Level 1:colcon.colcon_core.package_identification:_identify(src/bumperbot_cpp_examples) by extensions ['colcon_meta']
[0.298s] Level 1:colcon.colcon_core.package_identification:_identify(src/bumperbot_cpp_examples) by extension 'colcon_meta'
[0.298s] Level 1:colcon.colcon_core.package_identification:_identify(src/bumperbot_cpp_examples) by extensions ['ros']
[0.298s] Level 1:colcon.colcon_core.package_identification:_identify(src/bumperbot_cpp_examples) by extension 'ros'
[0.299s] DEBUG:colcon.colcon_core.package_identification:Package 'src/bumperbot_cpp_examples' with type 'ros.ament_cmake' and name 'bumperbot_cpp_examples'
[0.299s] Level 1:colcon.colcon_core.package_identification:_identify(src/bumperbot_description) by extensions ['ignore', 'ignore_ament_install']
[0.299s] Level 1:colcon.colcon_core.package_identification:_identify(src/bumperbot_description) by extension 'ignore'
[0.299s] Level 1:colcon.colcon_core.package_identification:_identify(src/bumperbot_description) by extension 'ignore_ament_install'
[0.299s] Level 1:colcon.colcon_core.package_identification:_identify(src/bumperbot_description) by extensions ['colcon_pkg']
[0.299s] Level 1:colcon.colcon_core.package_identification:_identify(src/bumperbot_description) by extension 'colcon_pkg'
[0.299s] Level 1:colcon.colcon_core.package_identification:_identify(src/bumperbot_description) by extensions ['colcon_meta']
[0.299s] Level 1:colcon.colcon_core.package_identification:_identify(src/bumperbot_description) by extension 'colcon_meta'
[0.299s] Level 1:colcon.colcon_core.package_identification:_identify(src/bumperbot_description) by extensions ['ros']
[0.299s] Level 1:colcon.colcon_core.package_identification:_identify(src/bumperbot_description) by extension 'ros'
[0.300s] DEBUG:colcon.colcon_core.package_identification:Package 'src/bumperbot_description' with type 'ros.ament_cmake' and name 'bumperbot_description'
[0.300s] Level 1:colcon.colcon_core.package_identification:_identify(src/bumperbot_firmware) by extensions ['ignore', 'ignore_ament_install']
[0.300s] Level 1:colcon.colcon_core.package_identification:_identify(src/bumperbot_firmware) by extension 'ignore'
[0.300s] Level 1:colcon.colcon_core.package_identification:_identify(src/bumperbot_firmware) by extension 'ignore_ament_install'
[0.301s] Level 1:colcon.colcon_core.package_identification:_identify(src/bumperbot_firmware) by extensions ['colcon_pkg']
[0.301s] Level 1:colcon.colcon_core.package_identification:_identify(src/bumperbot_firmware) by extension 'colcon_pkg'
[0.301s] Level 1:colcon.colcon_core.package_identification:_identify(src/bumperbot_firmware) by extensions ['colcon_meta']
[0.301s] Level 1:colcon.colcon_core.package_identification:_identify(src/bumperbot_firmware) by extension 'colcon_meta'
[0.301s] Level 1:colcon.colcon_core.package_identification:_identify(src/bumperbot_firmware) by extensions ['ros']
[0.301s] Level 1:colcon.colcon_core.package_identification:_identify(src/bumperbot_firmware) by extension 'ros'
[0.301s] DEBUG:colcon.colcon_core.package_identification:Package 'src/bumperbot_firmware' with type 'ros.ament_cmake' and name 'bumperbot_firmware'
[0.301s] Level 1:colcon.colcon_core.package_identification:_identify(src/bumperbot_localization) by extensions ['ignore', 'ignore_ament_install']
[0.301s] Level 1:colcon.colcon_core.package_identification:_identify(src/bumperbot_localization) by extension 'ignore'
[0.301s] Level 1:colcon.colcon_core.package_identification:_identify(src/bumperbot_localization) by extension 'ignore_ament_install'
[0.301s] Level 1:colcon.colcon_core.package_identification:_identify(src/bumperbot_localization) by extensions ['colcon_pkg']
[0.301s] Level 1:colcon.colcon_core.package_identification:_identify(src/bumperbot_localization) by extension 'colcon_pkg'
[0.301s] Level 1:colcon.colcon_core.package_identification:_identify(src/bumperbot_localization) by extensions ['colcon_meta']
[0.301s] Level 1:colcon.colcon_core.package_identification:_identify(src/bumperbot_localization) by extension 'colcon_meta'
[0.301s] Level 1:colcon.colcon_core.package_identification:_identify(src/bumperbot_localization) by extensions ['ros']
[0.301s] Level 1:colcon.colcon_core.package_identification:_identify(src/bumperbot_localization) by extension 'ros'
[0.302s] DEBUG:colcon.colcon_core.package_identification:Package 'src/bumperbot_localization' with type 'ros.ament_cmake' and name 'bumperbot_localization'
[0.302s] Level 1:colcon.colcon_core.package_identification:_identify(src/bumperbot_msgs) by extensions ['ignore', 'ignore_ament_install']
[0.302s] Level 1:colcon.colcon_core.package_identification:_identify(src/bumperbot_msgs) by extension 'ignore'
[0.302s] Level 1:colcon.colcon_core.package_identification:_identify(src/bumperbot_msgs) by extension 'ignore_ament_install'
[0.302s] Level 1:colcon.colcon_core.package_identification:_identify(src/bumperbot_msgs) by extensions ['colcon_pkg']
[0.302s] Level 1:colcon.colcon_core.package_identification:_identify(src/bumperbot_msgs) by extension 'colcon_pkg'
[0.302s] Level 1:colcon.colcon_core.package_identification:_identify(src/bumperbot_msgs) by extensions ['colcon_meta']
[0.302s] Level 1:colcon.colcon_core.package_identification:_identify(src/bumperbot_msgs) by extension 'colcon_meta'
[0.302s] Level 1:colcon.colcon_core.package_identification:_identify(src/bumperbot_msgs) by extensions ['ros']
[0.302s] Level 1:colcon.colcon_core.package_identification:_identify(src/bumperbot_msgs) by extension 'ros'
[0.302s] DEBUG:colcon.colcon_core.package_identification:Package 'src/bumperbot_msgs' with type 'ros.ament_cmake' and name 'bumperbot_msgs'
[0.302s] Level 1:colcon.colcon_core.package_identification:_identify(src/bumperbot_py_examples) by extensions ['ignore', 'ignore_ament_install']
[0.302s] Level 1:colcon.colcon_core.package_identification:_identify(src/bumperbot_py_examples) by extension 'ignore'
[0.302s] Level 1:colcon.colcon_core.package_identification:_identify(src/bumperbot_py_examples) by extension 'ignore_ament_install'
[0.302s] Level 1:colcon.colcon_core.package_identification:_identify(src/bumperbot_py_examples) by extensions ['colcon_pkg']
[0.302s] Level 1:colcon.colcon_core.package_identification:_identify(src/bumperbot_py_examples) by extension 'colcon_pkg'
[0.302s] Level 1:colcon.colcon_core.package_identification:_identify(src/bumperbot_py_examples) by extensions ['colcon_meta']
[0.302s] Level 1:colcon.colcon_core.package_identification:_identify(src/bumperbot_py_examples) by extension 'colcon_meta'
[0.302s] Level 1:colcon.colcon_core.package_identification:_identify(src/bumperbot_py_examples) by extensions ['ros']
[0.302s] Level 1:colcon.colcon_core.package_identification:_identify(src/bumperbot_py_examples) by extension 'ros'
[0.303s] DEBUG:colcon.colcon_core.package_identification:Package 'src/bumperbot_py_examples' with type 'ros.ament_python' and name 'bumperbot_py_examples'
[0.303s] Level 1:colcon.colcon_core.package_discovery:discover_packages(recursive) using defaults
[0.303s] Level 1:colcon.colcon_core.package_discovery:discover_packages(ignore) discover
[0.303s] Level 1:colcon.colcon_core.package_discovery:discover_packages(ignore) using defaults
[0.303s] Level 1:colcon.colcon_core.package_discovery:discover_packages(path) discover
[0.303s] Level 1:colcon.colcon_core.package_discovery:discover_packages(path) using defaults
[0.323s] Level 1:colcon.colcon_core.package_discovery:discover_packages(prefix_path) check parameters
[0.323s] Level 1:colcon.colcon_core.package_discovery:discover_packages(prefix_path) discover
[0.326s] DEBUG:colcon.colcon_installed_package_information.package_discovery:Found 313 installed packages in /opt/ros/humble
[0.326s] Level 1:colcon.colcon_core.package_discovery:discover_packages(prefix_path) using defaults
[0.374s] Level 5:colcon.colcon_core.verb:set package 'bumperbot_controller' build argument 'cmake_args' from command line to 'None'
[0.374s] Level 5:colcon.colcon_core.verb:set package 'bumperbot_controller' build argument 'cmake_target' from command line to 'None'
[0.374s] Level 5:colcon.colcon_core.verb:set package 'bumperbot_controller' build argument 'cmake_target_skip_unavailable' from command line to 'False'
[0.374s] Level 5:colcon.colcon_core.verb:set package 'bumperbot_controller' build argument 'cmake_clean_cache' from command line to 'False'
[0.375s] Level 5:colcon.colcon_core.verb:set package 'bumperbot_controller' build argument 'cmake_clean_first' from command line to 'False'
[0.375s] Level 5:colcon.colcon_core.verb:set package 'bumperbot_controller' build argument 'cmake_force_configure' from command line to 'False'
[0.375s] Level 5:colcon.colcon_core.verb:set package 'bumperbot_controller' build argument 'ament_cmake_args' from command line to 'None'
[0.375s] Level 5:colcon.colcon_core.verb:set package 'bumperbot_controller' build argument 'catkin_cmake_args' from command line to 'None'
[0.375s] Level 5:colcon.colcon_core.verb:set package 'bumperbot_controller' build argument 'catkin_skip_building_tests' from command line to 'False'
[0.375s] DEBUG:colcon.colcon_core.verb:Building package 'bumperbot_controller' with the following arguments: {'ament_cmake_args': None, 'build_base': '/home/ubuntu/BumperBot_V1/build/bumperbot_controller', 'catkin_cmake_args': None, 'catkin_skip_building_tests': False, 'cmake_args': None, 'cmake_clean_cache': False, 'cmake_clean_first': False, 'cmake_force_configure': False, 'cmake_target': None, 'cmake_target_skip_unavailable': False, 'install_base': '/home/ubuntu/BumperBot_V1/install/bumperbot_controller', 'merge_install': False, 'path': '/home/ubuntu/BumperBot_V1/src/bumperbot_controller', 'symlink_install': False, 'test_result_base': None}
[0.375s] Level 5:colcon.colcon_core.verb:set package 'bumperbot_description' build argument 'cmake_args' from command line to 'None'
[0.375s] Level 5:colcon.colcon_core.verb:set package 'bumperbot_description' build argument 'cmake_target' from command line to 'None'
[0.375s] Level 5:colcon.colcon_core.verb:set package 'bumperbot_description' build argument 'cmake_target_skip_unavailable' from command line to 'False'
[0.375s] Level 5:colcon.colcon_core.verb:set package 'bumperbot_description' build argument 'cmake_clean_cache' from command line to 'False'
[0.375s] Level 5:colcon.colcon_core.verb:set package 'bumperbot_description' build argument 'cmake_clean_first' from command line to 'False'
[0.375s] Level 5:colcon.colcon_core.verb:set package 'bumperbot_description' build argument 'cmake_force_configure' from command line to 'False'
[0.375s] Level 5:colcon.colcon_core.verb:set package 'bumperbot_description' build argument 'ament_cmake_args' from command line to 'None'
[0.375s] Level 5:colcon.colcon_core.verb:set package 'bumperbot_description' build argument 'catkin_cmake_args' from command line to 'None'
[0.375s] Level 5:colcon.colcon_core.verb:set package 'bumperbot_description' build argument 'catkin_skip_building_tests' from command line to 'False'
[0.375s] DEBUG:colcon.colcon_core.verb:Building package 'bumperbot_description' with the following arguments: {'ament_cmake_args': None, 'build_base': '/home/ubuntu/BumperBot_V1/build/bumperbot_description', 'catkin_cmake_args': None, 'catkin_skip_building_tests': False, 'cmake_args': None, 'cmake_clean_cache': False, 'cmake_clean_first': False, 'cmake_force_configure': False, 'cmake_target': None, 'cmake_target_skip_unavailable': False, 'install_base': '/home/ubuntu/BumperBot_V1/install/bumperbot_description', 'merge_install': False, 'path': '/home/ubuntu/BumperBot_V1/src/bumperbot_description', 'symlink_install': False, 'test_result_base': None}
[0.375s] Level 5:colcon.colcon_core.verb:set package 'bumperbot_firmware' build argument 'cmake_args' from command line to 'None'
[0.375s] Level 5:colcon.colcon_core.verb:set package 'bumperbot_firmware' build argument 'cmake_target' from command line to 'None'
[0.375s] Level 5:colcon.colcon_core.verb:set package 'bumperbot_firmware' build argument 'cmake_target_skip_unavailable' from command line to 'False'
[0.375s] Level 5:colcon.colcon_core.verb:set package 'bumperbot_firmware' build argument 'cmake_clean_cache' from command line to 'False'
[0.375s] Level 5:colcon.colcon_core.verb:set package 'bumperbot_firmware' build argument 'cmake_clean_first' from command line to 'False'
[0.375s] Level 5:colcon.colcon_core.verb:set package 'bumperbot_firmware' build argument 'cmake_force_configure' from command line to 'False'
[0.375s] Level 5:colcon.colcon_core.verb:set package 'bumperbot_firmware' build argument 'ament_cmake_args' from command line to 'None'
[0.375s] Level 5:colcon.colcon_core.verb:set package 'bumperbot_firmware' build argument 'catkin_cmake_args' from command line to 'None'
[0.375s] Level 5:colcon.colcon_core.verb:set package 'bumperbot_firmware' build argument 'catkin_skip_building_tests' from command line to 'False'
[0.375s] DEBUG:colcon.colcon_core.verb:Building package 'bumperbot_firmware' with the following arguments: {'ament_cmake_args': None, 'build_base': '/home/ubuntu/BumperBot_V1/build/bumperbot_firmware', 'catkin_cmake_args': None, 'catkin_skip_building_tests': False, 'cmake_args': None, 'cmake_clean_cache': False, 'cmake_clean_first': False, 'cmake_force_configure': False, 'cmake_target': None, 'cmake_target_skip_unavailable': False, 'install_base': '/home/ubuntu/BumperBot_V1/install/bumperbot_firmware', 'merge_install': False, 'path': '/home/ubuntu/BumperBot_V1/src/bumperbot_firmware', 'symlink_install': False, 'test_result_base': None}
[0.375s] Level 5:colcon.colcon_core.verb:set package 'bumperbot_localization' build argument 'cmake_args' from command line to 'None'
[0.375s] Level 5:colcon.colcon_core.verb:set package 'bumperbot_localization' build argument 'cmake_target' from command line to 'None'
[0.375s] Level 5:colcon.colcon_core.verb:set package 'bumperbot_localization' build argument 'cmake_target_skip_unavailable' from command line to 'False'
[0.375s] Level 5:colcon.colcon_core.verb:set package 'bumperbot_localization' build argument 'cmake_clean_cache' from command line to 'False'
[0.375s] Level 5:colcon.colcon_core.verb:set package 'bumperbot_localization' build argument 'cmake_clean_first' from command line to 'False'
[0.375s] Level 5:colcon.colcon_core.verb:set package 'bumperbot_localization' build argument 'cmake_force_configure' from command line to 'False'
[0.375s] Level 5:colcon.colcon_core.verb:set package 'bumperbot_localization' build argument 'ament_cmake_args' from command line to 'None'
[0.375s] Level 5:colcon.colcon_core.verb:set package 'bumperbot_localization' build argument 'catkin_cmake_args' from command line to 'None'
[0.375s] Level 5:colcon.colcon_core.verb:set package 'bumperbot_localization' build argument 'catkin_skip_building_tests' from command line to 'False'
[0.375s] DEBUG:colcon.colcon_core.verb:Building package 'bumperbot_localization' with the following arguments: {'ament_cmake_args': None, 'build_base': '/home/ubuntu/BumperBot_V1/build/bumperbot_localization', 'catkin_cmake_args': None, 'catkin_skip_building_tests': False, 'cmake_args': None, 'cmake_clean_cache': False, 'cmake_clean_first': False, 'cmake_force_configure': False, 'cmake_target': None, 'cmake_target_skip_unavailable': False, 'install_base': '/home/ubuntu/BumperBot_V1/install/bumperbot_localization', 'merge_install': False, 'path': '/home/ubuntu/BumperBot_V1/src/bumperbot_localization', 'symlink_install': False, 'test_result_base': None}
[0.375s] Level 5:colcon.colcon_core.verb:set package 'bumperbot_msgs' build argument 'cmake_args' from command line to 'None'
[0.375s] Level 5:colcon.colcon_core.verb:set package 'bumperbot_msgs' build argument 'cmake_target' from command line to 'None'
[0.375s] Level 5:colcon.colcon_core.verb:set package 'bumperbot_msgs' build argument 'cmake_target_skip_unavailable' from command line to 'False'
[0.375s] Level 5:colcon.colcon_core.verb:set package 'bumperbot_msgs' build argument 'cmake_clean_cache' from command line to 'False'
[0.375s] Level 5:colcon.colcon_core.verb:set package 'bumperbot_msgs' build argument 'cmake_clean_first' from command line to 'False'
[0.375s] Level 5:colcon.colcon_core.verb:set package 'bumperbot_msgs' build argument 'cmake_force_configure' from command line to 'False'
[0.375s] Level 5:colcon.colcon_core.verb:set package 'bumperbot_msgs' build argument 'ament_cmake_args' from command line to 'None'
[0.375s] Level 5:colcon.colcon_core.verb:set package 'bumperbot_msgs' build argument 'catkin_cmake_args' from command line to 'None'
[0.375s] Level 5:colcon.colcon_core.verb:set package 'bumperbot_msgs' build argument 'catkin_skip_building_tests' from command line to 'False'
[0.375s] DEBUG:colcon.colcon_core.verb:Building package 'bumperbot_msgs' with the following arguments: {'ament_cmake_args': None, 'build_base': '/home/ubuntu/BumperBot_V1/build/bumperbot_msgs', 'catkin_cmake_args': None, 'catkin_skip_building_tests': False, 'cmake_args': None, 'cmake_clean_cache': False, 'cmake_clean_first': False, 'cmake_force_configure': False, 'cmake_target': None, 'cmake_target_skip_unavailable': False, 'install_base': '/home/ubuntu/BumperBot_V1/install/bumperbot_msgs', 'merge_install': False, 'path': '/home/ubuntu/BumperBot_V1/src/bumperbot_msgs', 'symlink_install': False, 'test_result_base': None}
[0.376s] Level 5:colcon.colcon_core.verb:set package 'bumperbot_cpp_examples' build argument 'cmake_args' from command line to 'None'
[0.376s] Level 5:colcon.colcon_core.verb:set package 'bumperbot_cpp_examples' build argument 'cmake_target' from command line to 'None'
[0.376s] Level 5:colcon.colcon_core.verb:set package 'bumperbot_cpp_examples' build argument 'cmake_target_skip_unavailable' from command line to 'False'
[0.376s] Level 5:colcon.colcon_core.verb:set package 'bumperbot_cpp_examples' build argument 'cmake_clean_cache' from command line to 'False'
[0.376s] Level 5:colcon.colcon_core.verb:set package 'bumperbot_cpp_examples' build argument 'cmake_clean_first' from command line to 'False'
[0.376s] Level 5:colcon.colcon_core.verb:set package 'bumperbot_cpp_examples' build argument 'cmake_force_configure' from command line to 'False'
[0.376s] Level 5:colcon.colcon_core.verb:set package 'bumperbot_cpp_examples' build argument 'ament_cmake_args' from command line to 'None'
[0.376s] Level 5:colcon.colcon_core.verb:set package 'bumperbot_cpp_examples' build argument 'catkin_cmake_args' from command line to 'None'
[0.376s] Level 5:colcon.colcon_core.verb:set package 'bumperbot_cpp_examples' build argument 'catkin_skip_building_tests' from command line to 'False'
[0.376s] DEBUG:colcon.colcon_core.verb:Building package 'bumperbot_cpp_examples' with the following arguments: {'ament_cmake_args': None, 'build_base': '/home/ubuntu/BumperBot_V1/build/bumperbot_cpp_examples', 'catkin_cmake_args': None, 'catkin_skip_building_tests': False, 'cmake_args': None, 'cmake_clean_cache': False, 'cmake_clean_first': False, 'cmake_force_configure': False, 'cmake_target': None, 'cmake_target_skip_unavailable': False, 'install_base': '/home/ubuntu/BumperBot_V1/install/bumperbot_cpp_examples', 'merge_install': False, 'path': '/home/ubuntu/BumperBot_V1/src/bumperbot_cpp_examples', 'symlink_install': False, 'test_result_base': None}
[0.376s] Level 5:colcon.colcon_core.verb:set package 'bumperbot_py_examples' build argument 'cmake_args' from command line to 'None'
[0.376s] Level 5:colcon.colcon_core.verb:set package 'bumperbot_py_examples' build argument 'cmake_target' from command line to 'None'
[0.376s] Level 5:colcon.colcon_core.verb:set package 'bumperbot_py_examples' build argument 'cmake_target_skip_unavailable' from command line to 'False'
[0.376s] Level 5:colcon.colcon_core.verb:set package 'bumperbot_py_examples' build argument 'cmake_clean_cache' from command line to 'False'
[0.376s] Level 5:colcon.colcon_core.verb:set package 'bumperbot_py_examples' build argument 'cmake_clean_first' from command line to 'False'
[0.376s] Level 5:colcon.colcon_core.verb:set package 'bumperbot_py_examples' build argument 'cmake_force_configure' from command line to 'False'
[0.376s] Level 5:colcon.colcon_core.verb:set package 'bumperbot_py_examples' build argument 'ament_cmake_args' from command line to 'None'
[0.376s] Level 5:colcon.colcon_core.verb:set package 'bumperbot_py_examples' build argument 'catkin_cmake_args' from command line to 'None'
[0.376s] Level 5:colcon.colcon_core.verb:set package 'bumperbot_py_examples' build argument 'catkin_skip_building_tests' from command line to 'False'
[0.376s] DEBUG:colcon.colcon_core.verb:Building package 'bumperbot_py_examples' with the following arguments: {'ament_cmake_args': None, 'build_base': '/home/ubuntu/BumperBot_V1/build/bumperbot_py_examples', 'catkin_cmake_args': None, 'catkin_skip_building_tests': False, 'cmake_args': None, 'cmake_clean_cache': False, 'cmake_clean_first': False, 'cmake_force_configure': False, 'cmake_target': None, 'cmake_target_skip_unavailable': False, 'install_base': '/home/ubuntu/BumperBot_V1/install/bumperbot_py_examples', 'merge_install': False, 'path': '/home/ubuntu/BumperBot_V1/src/bumperbot_py_examples', 'symlink_install': False, 'test_result_base': None}
[0.376s] INFO:colcon.colcon_core.executor:Executing jobs using 'parallel' executor
[0.377s] DEBUG:colcon.colcon_parallel_executor.executor.parallel:run_until_complete
[0.377s] INFO:colcon.colcon_ros.task.ament_cmake.build:Building ROS package in '/home/ubuntu/BumperBot_V1/src/bumperbot_msgs' with build type 'ament_cmake'
[0.377s] INFO:colcon.colcon_cmake.task.cmake.build:Building CMake package in '/home/ubuntu/BumperBot_V1/src/bumperbot_msgs'
[0.380s] INFO:colcon.colcon_core.plugin_system:Skipping extension 'colcon_core.shell.bat': Not used on non-Windows systems
[0.380s] INFO:colcon.colcon_core.shell:Skip shell extension 'powershell' for command environment: Not usable outside of PowerShell
[0.380s] DEBUG:colcon.colcon_core.shell:Skip shell extension 'dsv' for command environment
[0.382s] INFO:colcon.colcon_ros.task.ament_cmake.build:Building ROS package in '/home/ubuntu/BumperBot_V1/src/bumperbot_controller' with build type 'ament_cmake'
[0.382s] INFO:colcon.colcon_cmake.task.cmake.build:Building CMake package in '/home/ubuntu/BumperBot_V1/src/bumperbot_controller'
[0.382s] INFO:colcon.colcon_core.shell:Skip shell extension 'powershell' for command environment: Not usable outside of PowerShell
[0.382s] DEBUG:colcon.colcon_core.shell:Skip shell extension 'dsv' for command environment
[0.384s] INFO:colcon.colcon_ros.task.ament_cmake.build:Building ROS package in '/home/ubuntu/BumperBot_V1/src/bumperbot_description' with build type 'ament_cmake'
[0.384s] INFO:colcon.colcon_cmake.task.cmake.build:Building CMake package in '/home/ubuntu/BumperBot_V1/src/bumperbot_description'
[0.384s] INFO:colcon.colcon_core.shell:Skip shell extension 'powershell' for command environment: Not usable outside of PowerShell
[0.384s] DEBUG:colcon.colcon_core.shell:Skip shell extension 'dsv' for command environment
[0.385s] INFO:colcon.colcon_ros.task.ament_cmake.build:Building ROS package in '/home/ubuntu/BumperBot_V1/src/bumperbot_firmware' with build type 'ament_cmake'
[0.385s] INFO:colcon.colcon_cmake.task.cmake.build:Building CMake package in '/home/ubuntu/BumperBot_V1/src/bumperbot_firmware'
[0.385s] INFO:colcon.colcon_core.shell:Skip shell extension 'powershell' for command environment: Not usable outside of PowerShell
[0.386s] DEBUG:colcon.colcon_core.shell:Skip shell extension 'dsv' for command environment
[0.387s] INFO:colcon.colcon_ros.task.ament_cmake.build:Building ROS package in '/home/ubuntu/BumperBot_V1/src/bumperbot_localization' with build type 'ament_cmake'
[0.387s] INFO:colcon.colcon_cmake.task.cmake.build:Building CMake package in '/home/ubuntu/BumperBot_V1/src/bumperbot_localization'
[0.387s] INFO:colcon.colcon_core.shell:Skip shell extension 'powershell' for command environment: Not usable outside of PowerShell
[0.387s] DEBUG:colcon.colcon_core.shell:Skip shell extension 'dsv' for command environment
[0.390s] DEBUG:colcon.colcon_core.event_handler.log_command:Invoking command in '/home/ubuntu/BumperBot_V1/build/bumperbot_msgs': CMAKE_PREFIX_PATH=/opt/ros/humble /usr/bin/cmake --build /home/ubuntu/BumperBot_V1/build/bumperbot_msgs -- -j8 -l8
[0.392s] DEBUG:colcon.colcon_core.event_handler.log_command:Invoking command in '/home/ubuntu/BumperBot_V1/build/bumperbot_controller': CMAKE_PREFIX_PATH=/opt/ros/humble /usr/bin/cmake --build /home/ubuntu/BumperBot_V1/build/bumperbot_controller -- -j8 -l8
[0.393s] DEBUG:colcon.colcon_core.event_handler.log_command:Invoking command in '/home/ubuntu/BumperBot_V1/build/bumperbot_description': CMAKE_PREFIX_PATH=/opt/ros/humble /usr/bin/cmake --build /home/ubuntu/BumperBot_V1/build/bumperbot_description -- -j8 -l8
[0.395s] DEBUG:colcon.colcon_core.event_handler.log_command:Invoking command in '/home/ubuntu/BumperBot_V1/build/bumperbot_firmware': CMAKE_PREFIX_PATH=/opt/ros/humble /usr/bin/cmake --build /home/ubuntu/BumperBot_V1/build/bumperbot_firmware -- -j8 -l8
[0.398s] DEBUG:colcon.colcon_core.event_handler.log_command:Invoking command in '/home/ubuntu/BumperBot_V1/build/bumperbot_localization': CMAKE_PREFIX_PATH=/opt/ros/humble /usr/bin/cmake --build /home/ubuntu/BumperBot_V1/build/bumperbot_localization -- -j8 -l8
[0.426s] DEBUG:colcon.colcon_core.event_handler.log_command:Invoked command in '/home/ubuntu/BumperBot_V1/build/bumperbot_description' returned '0': CMAKE_PREFIX_PATH=/opt/ros/humble /usr/bin/cmake --build /home/ubuntu/BumperBot_V1/build/bumperbot_description -- -j8 -l8
[0.436s] DEBUG:colcon.colcon_core.event_handler.log_command:Invoking command in '/home/ubuntu/BumperBot_V1/build/bumperbot_description': CMAKE_PREFIX_PATH=/opt/ros/humble /usr/bin/cmake --install /home/ubuntu/BumperBot_V1/build/bumperbot_description
[0.446s] Level 1:colcon.colcon_core.environment:create_environment_scripts_only(bumperbot_description)
[0.446s] DEBUG:colcon.colcon_core.event_handler.log_command:Invoked command in '/home/ubuntu/BumperBot_V1/build/bumperbot_description' returned '0': CMAKE_PREFIX_PATH=/opt/ros/humble /usr/bin/cmake --install /home/ubuntu/BumperBot_V1/build/bumperbot_description
[0.451s] Level 1:colcon.colcon_core.environment:checking '/home/ubuntu/BumperBot_V1/install/bumperbot_description' for CMake module files
[0.451s] Level 1:colcon.colcon_core.environment:checking '/home/ubuntu/BumperBot_V1/install/bumperbot_description' for CMake config files
[0.452s] Level 1:colcon.colcon_core.shell:create_environment_hook('bumperbot_description', 'cmake_prefix_path')
[0.452s] INFO:colcon.colcon_core.shell:Creating environment hook '/home/ubuntu/BumperBot_V1/install/bumperbot_description/share/bumperbot_description/hook/cmake_prefix_path.ps1'
[0.452s] INFO:colcon.colcon_core.shell:Creating environment descriptor '/home/ubuntu/BumperBot_V1/install/bumperbot_description/share/bumperbot_description/hook/cmake_prefix_path.dsv'
[0.452s] INFO:colcon.colcon_core.shell:Creating environment hook '/home/ubuntu/BumperBot_V1/install/bumperbot_description/share/bumperbot_description/hook/cmake_prefix_path.sh'
[0.453s] Level 1:colcon.colcon_core.environment:checking '/home/ubuntu/BumperBot_V1/install/bumperbot_description/bin'
[0.453s] Level 1:colcon.colcon_core.environment:checking '/home/ubuntu/BumperBot_V1/install/bumperbot_description/lib/pkgconfig/bumperbot_description.pc'
[0.453s] Level 1:colcon.colcon_core.environment:checking '/home/ubuntu/BumperBot_V1/install/bumperbot_description/lib/python3.10/site-packages'
[0.453s] Level 1:colcon.colcon_core.environment:checking '/home/ubuntu/BumperBot_V1/install/bumperbot_description/bin'
[0.453s] INFO:colcon.colcon_core.shell:Creating package script '/home/ubuntu/BumperBot_V1/install/bumperbot_description/share/bumperbot_description/package.ps1'
[0.454s] INFO:colcon.colcon_core.shell:Creating package descriptor '/home/ubuntu/BumperBot_V1/install/bumperbot_description/share/bumperbot_description/package.dsv'
[0.454s] INFO:colcon.colcon_core.shell:Creating package script '/home/ubuntu/BumperBot_V1/install/bumperbot_description/share/bumperbot_description/package.sh'
[0.454s] INFO:colcon.colcon_core.shell:Creating package script '/home/ubuntu/BumperBot_V1/install/bumperbot_description/share/bumperbot_description/package.bash'
[0.455s] INFO:colcon.colcon_core.shell:Creating package script '/home/ubuntu/BumperBot_V1/install/bumperbot_description/share/bumperbot_description/package.zsh'
[0.455s] Level 1:colcon.colcon_core.environment:create_file_with_runtime_dependencies(/home/ubuntu/BumperBot_V1/install/bumperbot_description/share/colcon-core/packages/bumperbot_description)
[0.457s] Level 1:colcon.colcon_core.environment:create_environment_scripts_only(bumperbot_description)
[0.457s] Level 1:colcon.colcon_core.environment:checking '/home/ubuntu/BumperBot_V1/install/bumperbot_description' for CMake module files
[0.458s] Level 1:colcon.colcon_core.environment:checking '/home/ubuntu/BumperBot_V1/install/bumperbot_description' for CMake config files
[0.458s] Level 1:colcon.colcon_core.shell:create_environment_hook('bumperbot_description', 'cmake_prefix_path')
[0.459s] INFO:colcon.colcon_core.shell:Creating environment hook '/home/ubuntu/BumperBot_V1/install/bumperbot_description/share/bumperbot_description/hook/cmake_prefix_path.ps1'
[0.460s] INFO:colcon.colcon_core.shell:Creating environment descriptor '/home/ubuntu/BumperBot_V1/install/bumperbot_description/share/bumperbot_description/hook/cmake_prefix_path.dsv'
[0.460s] INFO:colcon.colcon_core.shell:Creating environment hook '/home/ubuntu/BumperBot_V1/install/bumperbot_description/share/bumperbot_description/hook/cmake_prefix_path.sh'
[0.460s] Level 1:colcon.colcon_core.environment:checking '/home/ubuntu/BumperBot_V1/install/bumperbot_description/bin'
[0.460s] Level 1:colcon.colcon_core.environment:checking '/home/ubuntu/BumperBot_V1/install/bumperbot_description/lib/pkgconfig/bumperbot_description.pc'
[0.461s] Level 1:colcon.colcon_core.environment:checking '/home/ubuntu/BumperBot_V1/install/bumperbot_description/lib/python3.10/site-packages'
[0.461s] Level 1:colcon.colcon_core.environment:checking '/home/ubuntu/BumperBot_V1/install/bumperbot_description/bin'
[0.461s] INFO:colcon.colcon_core.shell:Creating package script '/home/ubuntu/BumperBot_V1/install/bumperbot_description/share/bumperbot_description/package.ps1'
[0.461s] INFO:colcon.colcon_core.shell:Creating package descriptor '/home/ubuntu/BumperBot_V1/install/bumperbot_description/share/bumperbot_description/package.dsv'
[0.461s] INFO:colcon.colcon_core.shell:Creating package script '/home/ubuntu/BumperBot_V1/install/bumperbot_description/share/bumperbot_description/package.sh'
[0.461s] INFO:colcon.colcon_core.shell:Creating package script '/home/ubuntu/BumperBot_V1/install/bumperbot_description/share/bumperbot_description/package.bash'
[0.462s] INFO:colcon.colcon_core.shell:Creating package script '/home/ubuntu/BumperBot_V1/install/bumperbot_description/share/bumperbot_description/package.zsh'
[0.462s] Level 1:colcon.colcon_core.environment:create_file_with_runtime_dependencies(/home/ubuntu/BumperBot_V1/install/bumperbot_description/share/colcon-core/packages/bumperbot_description)
[0.464s] DEBUG:colcon.colcon_core.event_handler.log_command:Invoked command in '/home/ubuntu/BumperBot_V1/build/bumperbot_firmware' returned '0': CMAKE_PREFIX_PATH=/opt/ros/humble /usr/bin/cmake --build /home/ubuntu/BumperBot_V1/build/bumperbot_firmware -- -j8 -l8
[0.465s] DEBUG:colcon.colcon_core.event_handler.log_command:Invoking command in '/home/ubuntu/BumperBot_V1/build/bumperbot_firmware': CMAKE_PREFIX_PATH=/opt/ros/humble /usr/bin/cmake --install /home/ubuntu/BumperBot_V1/build/bumperbot_firmware
[0.471s] Level 1:colcon.colcon_core.environment:create_environment_scripts_only(bumperbot_firmware)
[0.471s] Level 1:colcon.colcon_core.environment:checking '/home/ubuntu/BumperBot_V1/install/bumperbot_firmware' for CMake module files
[0.471s] Level 1:colcon.colcon_core.environment:checking '/home/ubuntu/BumperBot_V1/install/bumperbot_firmware' for CMake config files
[0.471s] Level 1:colcon.colcon_core.shell:create_environment_hook('bumperbot_firmware', 'cmake_prefix_path')
[0.472s] INFO:colcon.colcon_core.shell:Creating environment hook '/home/ubuntu/BumperBot_V1/install/bumperbot_firmware/share/bumperbot_firmware/hook/cmake_prefix_path.ps1'
[0.472s] INFO:colcon.colcon_core.shell:Creating environment descriptor '/home/ubuntu/BumperBot_V1/install/bumperbot_firmware/share/bumperbot_firmware/hook/cmake_prefix_path.dsv'
[0.472s] INFO:colcon.colcon_core.shell:Creating environment hook '/home/ubuntu/BumperBot_V1/install/bumperbot_firmware/share/bumperbot_firmware/hook/cmake_prefix_path.sh'
[0.472s] Level 1:colcon.colcon_core.environment:checking '/home/ubuntu/BumperBot_V1/install/bumperbot_firmware/lib'
[0.472s] Level 1:colcon.colcon_core.shell:create_environment_hook('bumperbot_firmware', 'ld_library_path_lib')
[0.472s] INFO:colcon.colcon_core.shell:Creating environment hook '/home/ubuntu/BumperBot_V1/install/bumperbot_firmware/share/bumperbot_firmware/hook/ld_library_path_lib.ps1'
[0.473s] INFO:colcon.colcon_core.shell:Creating environment descriptor '/home/ubuntu/BumperBot_V1/install/bumperbot_firmware/share/bumperbot_firmware/hook/ld_library_path_lib.dsv'
[0.473s] INFO:colcon.colcon_core.shell:Creating environment hook '/home/ubuntu/BumperBot_V1/install/bumperbot_firmware/share/bumperbot_firmware/hook/ld_library_path_lib.sh'
[0.473s] DEBUG:colcon.colcon_core.event_handler.log_command:Invoked command in '/home/ubuntu/BumperBot_V1/build/bumperbot_firmware' returned '0': CMAKE_PREFIX_PATH=/opt/ros/humble /usr/bin/cmake --install /home/ubuntu/BumperBot_V1/build/bumperbot_firmware
[0.474s] Level 1:colcon.colcon_core.environment:checking '/home/ubuntu/BumperBot_V1/install/bumperbot_firmware/bin'
[0.474s] Level 1:colcon.colcon_core.environment:checking '/home/ubuntu/BumperBot_V1/install/bumperbot_firmware/lib/pkgconfig/bumperbot_firmware.pc'
[0.474s] Level 1:colcon.colcon_core.environment:checking '/home/ubuntu/BumperBot_V1/install/bumperbot_firmware/lib/python3.10/site-packages'
[0.474s] Level 1:colcon.colcon_core.environment:checking '/home/ubuntu/BumperBot_V1/install/bumperbot_firmware/bin'
[0.474s] INFO:colcon.colcon_core.shell:Creating package script '/home/ubuntu/BumperBot_V1/install/bumperbot_firmware/share/bumperbot_firmware/package.ps1'
[0.475s] INFO:colcon.colcon_core.shell:Creating package descriptor '/home/ubuntu/BumperBot_V1/install/bumperbot_firmware/share/bumperbot_firmware/package.dsv'
[0.475s] INFO:colcon.colcon_core.shell:Creating package script '/home/ubuntu/BumperBot_V1/install/bumperbot_firmware/share/bumperbot_firmware/package.sh'
[0.475s] INFO:colcon.colcon_core.shell:Creating package script '/home/ubuntu/BumperBot_V1/install/bumperbot_firmware/share/bumperbot_firmware/package.bash'
[0.475s] INFO:colcon.colcon_core.shell:Creating package script '/home/ubuntu/BumperBot_V1/install/bumperbot_firmware/share/bumperbot_firmware/package.zsh'
[0.475s] Level 1:colcon.colcon_core.environment:create_file_with_runtime_dependencies(/home/ubuntu/BumperBot_V1/install/bumperbot_firmware/share/colcon-core/packages/bumperbot_firmware)
[0.476s] Level 1:colcon.colcon_core.environment:create_environment_scripts_only(bumperbot_firmware)
[0.476s] Level 1:colcon.colcon_core.environment:checking '/home/ubuntu/BumperBot_V1/install/bumperbot_firmware' for CMake module files
[0.476s] Level 1:colcon.colcon_core.environment:checking '/home/ubuntu/BumperBot_V1/install/bumperbot_firmware' for CMake config files
[0.476s] Level 1:colcon.colcon_core.shell:create_environment_hook('bumperbot_firmware', 'cmake_prefix_path')
[0.476s] INFO:colcon.colcon_core.shell:Creating environment hook '/home/ubuntu/BumperBot_V1/install/bumperbot_firmware/share/bumperbot_firmware/hook/cmake_prefix_path.ps1'
[0.476s] INFO:colcon.colcon_core.shell:Creating environment descriptor '/home/ubuntu/BumperBot_V1/install/bumperbot_firmware/share/bumperbot_firmware/hook/cmake_prefix_path.dsv'
[0.476s] INFO:colcon.colcon_core.shell:Creating environment hook '/home/ubuntu/BumperBot_V1/install/bumperbot_firmware/share/bumperbot_firmware/hook/cmake_prefix_path.sh'
[0.477s] Level 1:colcon.colcon_core.environment:checking '/home/ubuntu/BumperBot_V1/install/bumperbot_firmware/lib'
[0.477s] Level 1:colcon.colcon_core.shell:create_environment_hook('bumperbot_firmware', 'ld_library_path_lib')
[0.477s] INFO:colcon.colcon_core.shell:Creating environment hook '/home/ubuntu/BumperBot_V1/install/bumperbot_firmware/share/bumperbot_firmware/hook/ld_library_path_lib.ps1'
[0.477s] INFO:colcon.colcon_core.shell:Creating environment descriptor '/home/ubuntu/BumperBot_V1/install/bumperbot_firmware/share/bumperbot_firmware/hook/ld_library_path_lib.dsv'
[0.477s] INFO:colcon.colcon_core.shell:Creating environment hook '/home/ubuntu/BumperBot_V1/install/bumperbot_firmware/share/bumperbot_firmware/hook/ld_library_path_lib.sh'
[0.477s] Level 1:colcon.colcon_core.environment:checking '/home/ubuntu/BumperBot_V1/install/bumperbot_firmware/bin'
[0.477s] Level 1:colcon.colcon_core.environment:checking '/home/ubuntu/BumperBot_V1/install/bumperbot_firmware/lib/pkgconfig/bumperbot_firmware.pc'
[0.477s] Level 1:colcon.colcon_core.environment:checking '/home/ubuntu/BumperBot_V1/install/bumperbot_firmware/lib/python3.10/site-packages'
[0.477s] Level 1:colcon.colcon_core.environment:checking '/home/ubuntu/BumperBot_V1/install/bumperbot_firmware/bin'
[0.478s] INFO:colcon.colcon_core.shell:Creating package script '/home/ubuntu/BumperBot_V1/install/bumperbot_firmware/share/bumperbot_firmware/package.ps1'
[0.478s] INFO:colcon.colcon_core.shell:Creating package descriptor '/home/ubuntu/BumperBot_V1/install/bumperbot_firmware/share/bumperbot_firmware/package.dsv'
[0.478s] INFO:colcon.colcon_core.shell:Creating package script '/home/ubuntu/BumperBot_V1/install/bumperbot_firmware/share/bumperbot_firmware/package.sh'
[0.478s] INFO:colcon.colcon_core.shell:Creating package script '/home/ubuntu/BumperBot_V1/install/bumperbot_firmware/share/bumperbot_firmware/package.bash'
[0.478s] INFO:colcon.colcon_core.shell:Creating package script '/home/ubuntu/BumperBot_V1/install/bumperbot_firmware/share/bumperbot_firmware/package.zsh'
[0.478s] Level 1:colcon.colcon_core.environment:create_file_with_runtime_dependencies(/home/ubuntu/BumperBot_V1/install/bumperbot_firmware/share/colcon-core/packages/bumperbot_firmware)
[0.615s] DEBUG:colcon.colcon_core.event_handler.log_command:Invoked command in '/home/ubuntu/BumperBot_V1/build/bumperbot_localization' returned '0': CMAKE_PREFIX_PATH=/opt/ros/humble /usr/bin/cmake --build /home/ubuntu/BumperBot_V1/build/bumperbot_localization -- -j8 -l8
[0.616s] DEBUG:colcon.colcon_core.event_handler.log_command:Invoking command in '/home/ubuntu/BumperBot_V1/build/bumperbot_localization': CMAKE_PREFIX_PATH=/opt/ros/humble /usr/bin/cmake --install /home/ubuntu/BumperBot_V1/build/bumperbot_localization
[0.619s] DEBUG:colcon.colcon_core.event_handler.log_command:Invoked command in '/home/ubuntu/BumperBot_V1/build/bumperbot_controller' returned '0': CMAKE_PREFIX_PATH=/opt/ros/humble /usr/bin/cmake --build /home/ubuntu/BumperBot_V1/build/bumperbot_controller -- -j8 -l8
[0.621s] DEBUG:colcon.colcon_core.event_handler.log_command:Invoking command in '/home/ubuntu/BumperBot_V1/build/bumperbot_controller': CMAKE_PREFIX_PATH=/opt/ros/humble /usr/bin/cmake --install /home/ubuntu/BumperBot_V1/build/bumperbot_controller
[0.643s] DEBUG:colcon.colcon_core.event_handler.log_command:Invoked command in '/home/ubuntu/BumperBot_V1/build/bumperbot_msgs' returned '0': CMAKE_PREFIX_PATH=/opt/ros/humble /usr/bin/cmake --build /home/ubuntu/BumperBot_V1/build/bumperbot_msgs -- -j8 -l8
[0.647s] DEBUG:colcon.colcon_core.event_handler.log_command:Invoking command in '/home/ubuntu/BumperBot_V1/build/bumperbot_msgs': CMAKE_PREFIX_PATH=/opt/ros/humble /usr/bin/cmake --install /home/ubuntu/BumperBot_V1/build/bumperbot_msgs
[0.647s] Level 1:colcon.colcon_core.environment:create_environment_scripts_only(bumperbot_localization)
[0.647s] DEBUG:colcon.colcon_core.event_handler.log_command:Invoked command in '/home/ubuntu/BumperBot_V1/build/bumperbot_localization' returned '0': CMAKE_PREFIX_PATH=/opt/ros/humble /usr/bin/cmake --install /home/ubuntu/BumperBot_V1/build/bumperbot_localization
[0.648s] Level 1:colcon.colcon_core.environment:checking '/home/ubuntu/BumperBot_V1/install/bumperbot_localization' for CMake module files
[0.649s] Level 1:colcon.colcon_core.environment:checking '/home/ubuntu/BumperBot_V1/install/bumperbot_localization' for CMake config files
[0.651s] Level 1:colcon.colcon_core.shell:create_environment_hook('bumperbot_localization', 'cmake_prefix_path')
[0.651s] INFO:colcon.colcon_core.shell:Creating environment hook '/home/ubuntu/BumperBot_V1/install/bumperbot_localization/share/bumperbot_localization/hook/cmake_prefix_path.ps1'
[0.653s] INFO:colcon.colcon_core.shell:Creating environment descriptor '/home/ubuntu/BumperBot_V1/install/bumperbot_localization/share/bumperbot_localization/hook/cmake_prefix_path.dsv'
[0.655s] INFO:colcon.colcon_core.shell:Creating environment hook '/home/ubuntu/BumperBot_V1/install/bumperbot_localization/share/bumperbot_localization/hook/cmake_prefix_path.sh'
[0.657s] Level 1:colcon.colcon_core.environment:checking '/home/ubuntu/BumperBot_V1/install/bumperbot_localization/lib'
[0.658s] Level 1:colcon.colcon_core.environment:checking '/home/ubuntu/BumperBot_V1/install/bumperbot_localization/bin'
[0.658s] Level 1:colcon.colcon_core.environment:checking '/home/ubuntu/BumperBot_V1/install/bumperbot_localization/lib/pkgconfig/bumperbot_localization.pc'
[0.658s] Level 1:colcon.colcon_core.environment:checking '/home/ubuntu/BumperBot_V1/install/bumperbot_localization/lib/python3.10/site-packages'
[0.658s] Level 1:colcon.colcon_core.environment:checking '/home/ubuntu/BumperBot_V1/install/bumperbot_localization/bin'
[0.659s] INFO:colcon.colcon_core.shell:Creating package script '/home/ubuntu/BumperBot_V1/install/bumperbot_localization/share/bumperbot_localization/package.ps1'
[0.659s] INFO:colcon.colcon_core.shell:Creating package descriptor '/home/ubuntu/BumperBot_V1/install/bumperbot_localization/share/bumperbot_localization/package.dsv'
[0.660s] INFO:colcon.colcon_core.shell:Creating package script '/home/ubuntu/BumperBot_V1/install/bumperbot_localization/share/bumperbot_localization/package.sh'
[0.660s] INFO:colcon.colcon_core.shell:Creating package script '/home/ubuntu/BumperBot_V1/install/bumperbot_localization/share/bumperbot_localization/package.bash'
[0.660s] INFO:colcon.colcon_core.shell:Creating package script '/home/ubuntu/BumperBot_V1/install/bumperbot_localization/share/bumperbot_localization/package.zsh'
[0.661s] Level 1:colcon.colcon_core.environment:create_file_with_runtime_dependencies(/home/ubuntu/BumperBot_V1/install/bumperbot_localization/share/colcon-core/packages/bumperbot_localization)
[0.661s] Level 1:colcon.colcon_core.environment:create_environment_scripts_only(bumperbot_localization)
[0.662s] Level 1:colcon.colcon_core.environment:checking '/home/ubuntu/BumperBot_V1/install/bumperbot_localization' for CMake module files
[0.662s] Level 1:colcon.colcon_core.environment:checking '/home/ubuntu/BumperBot_V1/install/bumperbot_localization' for CMake config files
[0.663s] Level 1:colcon.colcon_core.shell:create_environment_hook('bumperbot_localization', 'cmake_prefix_path')
[0.663s] INFO:colcon.colcon_core.shell:Creating environment hook '/home/ubuntu/BumperBot_V1/install/bumperbot_localization/share/bumperbot_localization/hook/cmake_prefix_path.ps1'
[0.664s] INFO:colcon.colcon_core.shell:Creating environment descriptor '/home/ubuntu/BumperBot_V1/install/bumperbot_localization/share/bumperbot_localization/hook/cmake_prefix_path.dsv'
[0.664s] INFO:colcon.colcon_core.shell:Creating environment hook '/home/ubuntu/BumperBot_V1/install/bumperbot_localization/share/bumperbot_localization/hook/cmake_prefix_path.sh'
[0.665s] Level 1:colcon.colcon_core.environment:checking '/home/ubuntu/BumperBot_V1/install/bumperbot_localization/lib'
[0.665s] Level 1:colcon.colcon_core.environment:checking '/home/ubuntu/BumperBot_V1/install/bumperbot_localization/bin'
[0.665s] Level 1:colcon.colcon_core.environment:checking '/home/ubuntu/BumperBot_V1/install/bumperbot_localization/lib/pkgconfig/bumperbot_localization.pc'
[0.665s] Level 1:colcon.colcon_core.environment:checking '/home/ubuntu/BumperBot_V1/install/bumperbot_localization/lib/python3.10/site-packages'
[0.665s] Level 1:colcon.colcon_core.environment:checking '/home/ubuntu/BumperBot_V1/install/bumperbot_localization/bin'
[0.666s] INFO:colcon.colcon_core.shell:Creating package script '/home/ubuntu/BumperBot_V1/install/bumperbot_localization/share/bumperbot_localization/package.ps1'
[0.667s] INFO:colcon.colcon_core.shell:Creating package descriptor '/home/ubuntu/BumperBot_V1/install/bumperbot_localization/share/bumperbot_localization/package.dsv'
[0.669s] INFO:colcon.colcon_core.shell:Creating package script '/home/ubuntu/BumperBot_V1/install/bumperbot_localization/share/bumperbot_localization/package.sh'
[0.671s] INFO:colcon.colcon_core.shell:Creating package script '/home/ubuntu/BumperBot_V1/install/bumperbot_localization/share/bumperbot_localization/package.bash'
[0.672s] INFO:colcon.colcon_core.shell:Creating package script '/home/ubuntu/BumperBot_V1/install/bumperbot_localization/share/bumperbot_localization/package.zsh'
[0.673s] Level 1:colcon.colcon_core.environment:create_file_with_runtime_dependencies(/home/ubuntu/BumperBot_V1/install/bumperbot_localization/share/colcon-core/packages/bumperbot_localization)
[0.679s] Level 1:colcon.colcon_core.environment:create_environment_scripts_only(bumperbot_controller)
[0.679s] Level 1:colcon.colcon_core.environment:checking '/home/ubuntu/BumperBot_V1/install/bumperbot_controller' for CMake module files
[0.682s] Level 1:colcon.colcon_core.environment:checking '/home/ubuntu/BumperBot_V1/install/bumperbot_controller' for CMake config files
[0.683s] DEBUG:colcon.colcon_core.event_handler.log_command:Invoked command in '/home/ubuntu/BumperBot_V1/build/bumperbot_controller' returned '0': CMAKE_PREFIX_PATH=/opt/ros/humble /usr/bin/cmake --install /home/ubuntu/BumperBot_V1/build/bumperbot_controller
[0.683s] Level 1:colcon.colcon_core.shell:create_environment_hook('bumperbot_controller', 'cmake_prefix_path')
[0.684s] INFO:colcon.colcon_core.shell:Creating environment hook '/home/ubuntu/BumperBot_V1/install/bumperbot_controller/share/bumperbot_controller/hook/cmake_prefix_path.ps1'
[0.684s] INFO:colcon.colcon_core.shell:Creating environment descriptor '/home/ubuntu/BumperBot_V1/install/bumperbot_controller/share/bumperbot_controller/hook/cmake_prefix_path.dsv'
[0.685s] INFO:colcon.colcon_core.shell:Creating environment hook '/home/ubuntu/BumperBot_V1/install/bumperbot_controller/share/bumperbot_controller/hook/cmake_prefix_path.sh'
[0.686s] Level 1:colcon.colcon_core.environment:checking '/home/ubuntu/BumperBot_V1/install/bumperbot_controller/lib'
[0.686s] Level 1:colcon.colcon_core.environment:checking '/home/ubuntu/BumperBot_V1/install/bumperbot_controller/bin'
[0.686s] Level 1:colcon.colcon_core.environment:checking '/home/ubuntu/BumperBot_V1/install/bumperbot_controller/lib/pkgconfig/bumperbot_controller.pc'
[0.686s] Level 1:colcon.colcon_core.environment:checking '/home/ubuntu/BumperBot_V1/install/bumperbot_controller/lib/python3.10/site-packages'
[0.687s] Level 1:colcon.colcon_core.environment:checking '/home/ubuntu/BumperBot_V1/install/bumperbot_controller/bin'
[0.687s] INFO:colcon.colcon_core.shell:Creating package script '/home/ubuntu/BumperBot_V1/install/bumperbot_controller/share/bumperbot_controller/package.ps1'
[0.688s] INFO:colcon.colcon_core.shell:Creating package descriptor '/home/ubuntu/BumperBot_V1/install/bumperbot_controller/share/bumperbot_controller/package.dsv'
[0.688s] INFO:colcon.colcon_core.shell:Creating package script '/home/ubuntu/BumperBot_V1/install/bumperbot_controller/share/bumperbot_controller/package.sh'
[0.689s] INFO:colcon.colcon_core.shell:Creating package script '/home/ubuntu/BumperBot_V1/install/bumperbot_controller/share/bumperbot_controller/package.bash'
[0.689s] INFO:colcon.colcon_core.shell:Creating package script '/home/ubuntu/BumperBot_V1/install/bumperbot_controller/share/bumperbot_controller/package.zsh'
[0.690s] Level 1:colcon.colcon_core.environment:create_file_with_runtime_dependencies(/home/ubuntu/BumperBot_V1/install/bumperbot_controller/share/colcon-core/packages/bumperbot_controller)
[0.691s] Level 1:colcon.colcon_core.environment:create_environment_scripts_only(bumperbot_controller)
[0.691s] Level 1:colcon.colcon_core.environment:checking '/home/ubuntu/BumperBot_V1/install/bumperbot_controller' for CMake module files
[0.692s] Level 1:colcon.colcon_core.environment:checking '/home/ubuntu/BumperBot_V1/install/bumperbot_controller' for CMake config files
[0.693s] Level 1:colcon.colcon_core.shell:create_environment_hook('bumperbot_controller', 'cmake_prefix_path')
[0.693s] INFO:colcon.colcon_core.shell:Creating environment hook '/home/ubuntu/BumperBot_V1/install/bumperbot_controller/share/bumperbot_controller/hook/cmake_prefix_path.ps1'
[0.694s] INFO:colcon.colcon_core.shell:Creating environment descriptor '/home/ubuntu/BumperBot_V1/install/bumperbot_controller/share/bumperbot_controller/hook/cmake_prefix_path.dsv'
[0.694s] INFO:colcon.colcon_core.shell:Creating environment hook '/home/ubuntu/BumperBot_V1/install/bumperbot_controller/share/bumperbot_controller/hook/cmake_prefix_path.sh'
[0.695s] Level 1:colcon.colcon_core.environment:checking '/home/ubuntu/BumperBot_V1/install/bumperbot_controller/lib'
[0.695s] Level 1:colcon.colcon_core.environment:checking '/home/ubuntu/BumperBot_V1/install/bumperbot_controller/bin'
[0.695s] Level 1:colcon.colcon_core.environment:checking '/home/ubuntu/BumperBot_V1/install/bumperbot_controller/lib/pkgconfig/bumperbot_controller.pc'
[0.696s] Level 1:colcon.colcon_core.environment:checking '/home/ubuntu/BumperBot_V1/install/bumperbot_controller/lib/python3.10/site-packages'
[0.696s] Level 1:colcon.colcon_core.environment:checking '/home/ubuntu/BumperBot_V1/install/bumperbot_controller/bin'
[0.696s] INFO:colcon.colcon_core.shell:Creating package script '/home/ubuntu/BumperBot_V1/install/bumperbot_controller/share/bumperbot_controller/package.ps1'
[0.697s] INFO:colcon.colcon_core.shell:Creating package descriptor '/home/ubuntu/BumperBot_V1/install/bumperbot_controller/share/bumperbot_controller/package.dsv'
[0.698s] INFO:colcon.colcon_core.shell:Creating package script '/home/ubuntu/BumperBot_V1/install/bumperbot_controller/share/bumperbot_controller/package.sh'
[0.698s] INFO:colcon.colcon_core.shell:Creating package script '/home/ubuntu/BumperBot_V1/install/bumperbot_controller/share/bumperbot_controller/package.bash'
[0.699s] INFO:colcon.colcon_core.shell:Creating package script '/home/ubuntu/BumperBot_V1/install/bumperbot_controller/share/bumperbot_controller/package.zsh'
[0.699s] Level 1:colcon.colcon_core.environment:create_file_with_runtime_dependencies(/home/ubuntu/BumperBot_V1/install/bumperbot_controller/share/colcon-core/packages/bumperbot_controller)
[0.700s] Level 1:colcon.colcon_core.environment:create_environment_scripts_only(bumperbot_msgs)
[0.700s] Level 1:colcon.colcon_core.environment:checking '/home/ubuntu/BumperBot_V1/install/bumperbot_msgs' for CMake module files
[0.701s] DEBUG:colcon.colcon_core.event_handler.log_command:Invoked command in '/home/ubuntu/BumperBot_V1/build/bumperbot_msgs' returned '0': CMAKE_PREFIX_PATH=/opt/ros/humble /usr/bin/cmake --install /home/ubuntu/BumperBot_V1/build/bumperbot_msgs
[0.701s] Level 1:colcon.colcon_core.environment:checking '/home/ubuntu/BumperBot_V1/install/bumperbot_msgs' for CMake config files
[0.702s] Level 1:colcon.colcon_core.shell:create_environment_hook('bumperbot_msgs', 'cmake_prefix_path')
[0.702s] INFO:colcon.colcon_core.shell:Creating environment hook '/home/ubuntu/BumperBot_V1/install/bumperbot_msgs/share/bumperbot_msgs/hook/cmake_prefix_path.ps1'
[0.703s] INFO:colcon.colcon_core.shell:Creating environment descriptor '/home/ubuntu/BumperBot_V1/install/bumperbot_msgs/share/bumperbot_msgs/hook/cmake_prefix_path.dsv'
[0.703s] INFO:colcon.colcon_core.shell:Creating environment hook '/home/ubuntu/BumperBot_V1/install/bumperbot_msgs/share/bumperbot_msgs/hook/cmake_prefix_path.sh'
[0.703s] Level 1:colcon.colcon_core.environment:checking '/home/ubuntu/BumperBot_V1/install/bumperbot_msgs/lib'
[0.703s] Level 1:colcon.colcon_core.shell:create_environment_hook('bumperbot_msgs', 'ld_library_path_lib')
[0.704s] INFO:colcon.colcon_core.shell:Creating environment hook '/home/ubuntu/BumperBot_V1/install/bumperbot_msgs/share/bumperbot_msgs/hook/ld_library_path_lib.ps1'
[0.704s] INFO:colcon.colcon_core.shell:Creating environment descriptor '/home/ubuntu/BumperBot_V1/install/bumperbot_msgs/share/bumperbot_msgs/hook/ld_library_path_lib.dsv'
[0.705s] INFO:colcon.colcon_core.shell:Creating environment hook '/home/ubuntu/BumperBot_V1/install/bumperbot_msgs/share/bumperbot_msgs/hook/ld_library_path_lib.sh'
[0.705s] Level 1:colcon.colcon_core.environment:checking '/home/ubuntu/BumperBot_V1/install/bumperbot_msgs/bin'
[0.705s] Level 1:colcon.colcon_core.environment:checking '/home/ubuntu/BumperBot_V1/install/bumperbot_msgs/lib/pkgconfig/bumperbot_msgs.pc'
[0.705s] Level 1:colcon.colcon_core.environment:checking '/home/ubuntu/BumperBot_V1/install/bumperbot_msgs/lib/python3.10/site-packages'
[0.706s] Level 1:colcon.colcon_core.environment:checking '/home/ubuntu/BumperBot_V1/install/bumperbot_msgs/bin'
[0.706s] INFO:colcon.colcon_core.shell:Creating package script '/home/ubuntu/BumperBot_V1/install/bumperbot_msgs/share/bumperbot_msgs/package.ps1'
[0.707s] INFO:colcon.colcon_core.shell:Creating package descriptor '/home/ubuntu/BumperBot_V1/install/bumperbot_msgs/share/bumperbot_msgs/package.dsv'
[0.708s] INFO:colcon.colcon_core.shell:Creating package script '/home/ubuntu/BumperBot_V1/install/bumperbot_msgs/share/bumperbot_msgs/package.sh'
[0.708s] INFO:colcon.colcon_core.shell:Creating package script '/home/ubuntu/BumperBot_V1/install/bumperbot_msgs/share/bumperbot_msgs/package.bash'
[0.708s] INFO:colcon.colcon_core.shell:Creating package script '/home/ubuntu/BumperBot_V1/install/bumperbot_msgs/share/bumperbot_msgs/package.zsh'
[0.709s] Level 1:colcon.colcon_core.environment:create_file_with_runtime_dependencies(/home/ubuntu/BumperBot_V1/install/bumperbot_msgs/share/colcon-core/packages/bumperbot_msgs)
[0.710s] Level 1:colcon.colcon_core.environment:create_environment_scripts_only(bumperbot_msgs)
[0.710s] Level 1:colcon.colcon_core.environment:checking '/home/ubuntu/BumperBot_V1/install/bumperbot_msgs' for CMake module files
[0.711s] Level 1:colcon.colcon_core.environment:checking '/home/ubuntu/BumperBot_V1/install/bumperbot_msgs' for CMake config files
[0.711s] Level 1:colcon.colcon_core.shell:create_environment_hook('bumperbot_msgs', 'cmake_prefix_path')
[0.712s] INFO:colcon.colcon_core.shell:Creating environment hook '/home/ubuntu/BumperBot_V1/install/bumperbot_msgs/share/bumperbot_msgs/hook/cmake_prefix_path.ps1'
[0.712s] INFO:colcon.colcon_core.shell:Creating environment descriptor '/home/ubuntu/BumperBot_V1/install/bumperbot_msgs/share/bumperbot_msgs/hook/cmake_prefix_path.dsv'
[0.712s] INFO:colcon.colcon_core.shell:Creating environment hook '/home/ubuntu/BumperBot_V1/install/bumperbot_msgs/share/bumperbot_msgs/hook/cmake_prefix_path.sh'
[0.713s] Level 1:colcon.colcon_core.environment:checking '/home/ubuntu/BumperBot_V1/install/bumperbot_msgs/lib'
[0.713s] Level 1:colcon.colcon_core.shell:create_environment_hook('bumperbot_msgs', 'ld_library_path_lib')
[0.713s] INFO:colcon.colcon_core.shell:Creating environment hook '/home/ubuntu/BumperBot_V1/install/bumperbot_msgs/share/bumperbot_msgs/hook/ld_library_path_lib.ps1'
[0.714s] INFO:colcon.colcon_core.shell:Creating environment descriptor '/home/ubuntu/BumperBot_V1/install/bumperbot_msgs/share/bumperbot_msgs/hook/ld_library_path_lib.dsv'
[0.714s] INFO:colcon.colcon_core.shell:Creating environment hook '/home/ubuntu/BumperBot_V1/install/bumperbot_msgs/share/bumperbot_msgs/hook/ld_library_path_lib.sh'
[0.714s] Level 1:colcon.colcon_core.environment:checking '/home/ubuntu/BumperBot_V1/install/bumperbot_msgs/bin'
[0.714s] Level 1:colcon.colcon_core.environment:checking '/home/ubuntu/BumperBot_V1/install/bumperbot_msgs/lib/pkgconfig/bumperbot_msgs.pc'
[0.715s] Level 1:colcon.colcon_core.environment:checking '/home/ubuntu/BumperBot_V1/install/bumperbot_msgs/lib/python3.10/site-packages'
[0.715s] Level 1:colcon.colcon_core.environment:checking '/home/ubuntu/BumperBot_V1/install/bumperbot_msgs/bin'
[0.715s] INFO:colcon.colcon_core.shell:Creating package script '/home/ubuntu/BumperBot_V1/install/bumperbot_msgs/share/bumperbot_msgs/package.ps1'
[0.716s] INFO:colcon.colcon_core.shell:Creating package descriptor '/home/ubuntu/BumperBot_V1/install/bumperbot_msgs/share/bumperbot_msgs/package.dsv'
[0.717s] INFO:colcon.colcon_core.shell:Creating package script '/home/ubuntu/BumperBot_V1/install/bumperbot_msgs/share/bumperbot_msgs/package.sh'
[0.717s] INFO:colcon.colcon_core.shell:Creating package script '/home/ubuntu/BumperBot_V1/install/bumperbot_msgs/share/bumperbot_msgs/package.bash'
[0.718s] INFO:colcon.colcon_core.shell:Creating package script '/home/ubuntu/BumperBot_V1/install/bumperbot_msgs/share/bumperbot_msgs/package.zsh'
[0.718s] Level 1:colcon.colcon_core.environment:create_file_with_runtime_dependencies(/home/ubuntu/BumperBot_V1/install/bumperbot_msgs/share/colcon-core/packages/bumperbot_msgs)
[0.719s] INFO:colcon.colcon_ros.task.ament_cmake.build:Building ROS package in '/home/ubuntu/BumperBot_V1/src/bumperbot_cpp_examples' with build type 'ament_cmake'
[0.719s] INFO:colcon.colcon_cmake.task.cmake.build:Building CMake package in '/home/ubuntu/BumperBot_V1/src/bumperbot_cpp_examples'
[0.719s] INFO:colcon.colcon_core.shell:Skip shell extension 'powershell' for command environment: Not usable outside of PowerShell
[0.719s] DEBUG:colcon.colcon_core.shell:Skip shell extension 'dsv' for command environment
[0.722s] INFO:colcon.colcon_ros.task.ament_python.build:Building ROS package in '/home/ubuntu/BumperBot_V1/src/bumperbot_py_examples' with build type 'ament_python'
[0.723s] Level 1:colcon.colcon_core.shell:create_environment_hook('bumperbot_py_examples', 'ament_prefix_path')
[0.723s] INFO:colcon.colcon_core.shell:Creating environment hook '/home/ubuntu/BumperBot_V1/install/bumperbot_py_examples/share/bumperbot_py_examples/hook/ament_prefix_path.ps1'
[0.724s] INFO:colcon.colcon_core.shell:Creating environment descriptor '/home/ubuntu/BumperBot_V1/install/bumperbot_py_examples/share/bumperbot_py_examples/hook/ament_prefix_path.dsv'
[0.724s] INFO:colcon.colcon_core.shell:Creating environment hook '/home/ubuntu/BumperBot_V1/install/bumperbot_py_examples/share/bumperbot_py_examples/hook/ament_prefix_path.sh'
[0.724s] INFO:colcon.colcon_core.shell:Skip shell extension 'powershell' for command environment: Not usable outside of PowerShell
[0.724s] DEBUG:colcon.colcon_core.shell:Skip shell extension 'dsv' for command environment
[0.731s] DEBUG:colcon.colcon_core.event_handler.log_command:Invoking command in '/home/ubuntu/BumperBot_V1/build/bumperbot_cpp_examples': AMENT_PREFIX_PATH=/home/ubuntu/BumperBot_V1/install/bumperbot_msgs:${AMENT_PREFIX_PATH} CMAKE_PREFIX_PATH=/home/ubuntu/BumperBot_V1/install/bumperbot_msgs:/opt/ros/humble LD_LIBRARY_PATH=/home/ubuntu/BumperBot_V1/install/bumperbot_msgs/lib:${LD_LIBRARY_PATH} PYTHONPATH=/home/ubuntu/BumperBot_V1/install/bumperbot_msgs/local/lib/python3.10/dist-packages:${PYTHONPATH} /usr/bin/cmake --build /home/ubuntu/BumperBot_V1/build/bumperbot_cpp_examples -- -j8 -l8
[0.857s] INFO:colcon.colcon_core.task.python.build:Building Python package in '/home/ubuntu/BumperBot_V1/src/bumperbot_py_examples'
[0.857s] INFO:colcon.colcon_core.shell:Skip shell extension 'powershell' for command environment: Not usable outside of PowerShell
[0.857s] DEBUG:colcon.colcon_core.shell:Skip shell extension 'dsv' for command environment
[0.859s] DEBUG:colcon.colcon_core.event_handler.log_command:Invoked command in '/home/ubuntu/BumperBot_V1/build/bumperbot_cpp_examples' returned '0': AMENT_PREFIX_PATH=/home/ubuntu/BumperBot_V1/install/bumperbot_msgs:${AMENT_PREFIX_PATH} CMAKE_PREFIX_PATH=/home/ubuntu/BumperBot_V1/install/bumperbot_msgs:/opt/ros/humble LD_LIBRARY_PATH=/home/ubuntu/BumperBot_V1/install/bumperbot_msgs/lib:${LD_LIBRARY_PATH} PYTHONPATH=/home/ubuntu/BumperBot_V1/install/bumperbot_msgs/local/lib/python3.10/dist-packages:${PYTHONPATH} /usr/bin/cmake --build /home/ubuntu/BumperBot_V1/build/bumperbot_cpp_examples -- -j8 -l8
[0.860s] DEBUG:colcon.colcon_core.event_handler.log_command:Invoking command in '/home/ubuntu/BumperBot_V1/build/bumperbot_cpp_examples': AMENT_PREFIX_PATH=/home/ubuntu/BumperBot_V1/install/bumperbot_msgs:${AMENT_PREFIX_PATH} CMAKE_PREFIX_PATH=/home/ubuntu/BumperBot_V1/install/bumperbot_msgs:/opt/ros/humble LD_LIBRARY_PATH=/home/ubuntu/BumperBot_V1/install/bumperbot_msgs/lib:${LD_LIBRARY_PATH} PYTHONPATH=/home/ubuntu/BumperBot_V1/install/bumperbot_msgs/local/lib/python3.10/dist-packages:${PYTHONPATH} /usr/bin/cmake --install /home/ubuntu/BumperBot_V1/build/bumperbot_cpp_examples
[0.866s] Level 1:colcon.colcon_core.environment:create_environment_scripts_only(bumperbot_cpp_examples)
[0.866s] DEBUG:colcon.colcon_core.event_handler.log_command:Invoked command in '/home/ubuntu/BumperBot_V1/build/bumperbot_cpp_examples' returned '0': AMENT_PREFIX_PATH=/home/ubuntu/BumperBot_V1/install/bumperbot_msgs:${AMENT_PREFIX_PATH} CMAKE_PREFIX_PATH=/home/ubuntu/BumperBot_V1/install/bumperbot_msgs:/opt/ros/humble LD_LIBRARY_PATH=/home/ubuntu/BumperBot_V1/install/bumperbot_msgs/lib:${LD_LIBRARY_PATH} PYTHONPATH=/home/ubuntu/BumperBot_V1/install/bumperbot_msgs/local/lib/python3.10/dist-packages:${PYTHONPATH} /usr/bin/cmake --install /home/ubuntu/BumperBot_V1/build/bumperbot_cpp_examples
[0.866s] Level 1:colcon.colcon_core.environment:checking '/home/ubuntu/BumperBot_V1/install/bumperbot_cpp_examples' for CMake module files
[0.866s] Level 1:colcon.colcon_core.environment:checking '/home/ubuntu/BumperBot_V1/install/bumperbot_cpp_examples' for CMake config files
[0.866s] Level 1:colcon.colcon_core.shell:create_environment_hook('bumperbot_cpp_examples', 'cmake_prefix_path')
[0.866s] INFO:colcon.colcon_core.shell:Creating environment hook '/home/ubuntu/BumperBot_V1/install/bumperbot_cpp_examples/share/bumperbot_cpp_examples/hook/cmake_prefix_path.ps1'
[0.867s] INFO:colcon.colcon_core.shell:Creating environment descriptor '/home/ubuntu/BumperBot_V1/install/bumperbot_cpp_examples/share/bumperbot_cpp_examples/hook/cmake_prefix_path.dsv'
[0.867s] INFO:colcon.colcon_core.shell:Creating environment hook '/home/ubuntu/BumperBot_V1/install/bumperbot_cpp_examples/share/bumperbot_cpp_examples/hook/cmake_prefix_path.sh'
[0.867s] Level 1:colcon.colcon_core.environment:checking '/home/ubuntu/BumperBot_V1/install/bumperbot_cpp_examples/lib'
[0.867s] Level 1:colcon.colcon_core.environment:checking '/home/ubuntu/BumperBot_V1/install/bumperbot_cpp_examples/bin'
[0.867s] Level 1:colcon.colcon_core.environment:checking '/home/ubuntu/BumperBot_V1/install/bumperbot_cpp_examples/lib/pkgconfig/bumperbot_cpp_examples.pc'
[0.867s] Level 1:colcon.colcon_core.environment:checking '/home/ubuntu/BumperBot_V1/install/bumperbot_cpp_examples/lib/python3.10/site-packages'
[0.867s] Level 1:colcon.colcon_core.environment:checking '/home/ubuntu/BumperBot_V1/install/bumperbot_cpp_examples/bin'
[0.868s] INFO:colcon.colcon_core.shell:Creating package script '/home/ubuntu/BumperBot_V1/install/bumperbot_cpp_examples/share/bumperbot_cpp_examples/package.ps1'
[0.868s] INFO:colcon.colcon_core.shell:Creating package descriptor '/home/ubuntu/BumperBot_V1/install/bumperbot_cpp_examples/share/bumperbot_cpp_examples/package.dsv'
[0.868s] INFO:colcon.colcon_core.shell:Creating package script '/home/ubuntu/BumperBot_V1/install/bumperbot_cpp_examples/share/bumperbot_cpp_examples/package.sh'
[0.868s] INFO:colcon.colcon_core.shell:Creating package script '/home/ubuntu/BumperBot_V1/install/bumperbot_cpp_examples/share/bumperbot_cpp_examples/package.bash'
[0.868s] INFO:colcon.colcon_core.shell:Creating package script '/home/ubuntu/BumperBot_V1/install/bumperbot_cpp_examples/share/bumperbot_cpp_examples/package.zsh'
[0.869s] Level 1:colcon.colcon_core.environment:create_file_with_runtime_dependencies(/home/ubuntu/BumperBot_V1/install/bumperbot_cpp_examples/share/colcon-core/packages/bumperbot_cpp_examples)
[0.869s] Level 1:colcon.colcon_core.environment:create_environment_scripts_only(bumperbot_cpp_examples)
[0.869s] Level 1:colcon.colcon_core.environment:checking '/home/ubuntu/BumperBot_V1/install/bumperbot_cpp_examples' for CMake module files
[0.869s] Level 1:colcon.colcon_core.environment:checking '/home/ubuntu/BumperBot_V1/install/bumperbot_cpp_examples' for CMake config files
[0.870s] Level 1:colcon.colcon_core.shell:create_environment_hook('bumperbot_cpp_examples', 'cmake_prefix_path')
[0.870s] INFO:colcon.colcon_core.shell:Creating environment hook '/home/ubuntu/BumperBot_V1/install/bumperbot_cpp_examples/share/bumperbot_cpp_examples/hook/cmake_prefix_path.ps1'
[0.870s] INFO:colcon.colcon_core.shell:Creating environment descriptor '/home/ubuntu/BumperBot_V1/install/bumperbot_cpp_examples/share/bumperbot_cpp_examples/hook/cmake_prefix_path.dsv'
[0.870s] INFO:colcon.colcon_core.shell:Creating environment hook '/home/ubuntu/BumperBot_V1/install/bumperbot_cpp_examples/share/bumperbot_cpp_examples/hook/cmake_prefix_path.sh'
[0.870s] Level 1:colcon.colcon_core.environment:checking '/home/ubuntu/BumperBot_V1/install/bumperbot_cpp_examples/lib'
[0.870s] Level 1:colcon.colcon_core.environment:checking '/home/ubuntu/BumperBot_V1/install/bumperbot_cpp_examples/bin'
[0.870s] Level 1:colcon.colcon_core.environment:checking '/home/ubuntu/BumperBot_V1/install/bumperbot_cpp_examples/lib/pkgconfig/bumperbot_cpp_examples.pc'
[0.871s] Level 1:colcon.colcon_core.environment:checking '/home/ubuntu/BumperBot_V1/install/bumperbot_cpp_examples/lib/python3.10/site-packages'
[0.871s] Level 1:colcon.colcon_core.environment:checking '/home/ubuntu/BumperBot_V1/install/bumperbot_cpp_examples/bin'
[0.871s] INFO:colcon.colcon_core.shell:Creating package script '/home/ubuntu/BumperBot_V1/install/bumperbot_cpp_examples/share/bumperbot_cpp_examples/package.ps1'
[0.871s] INFO:colcon.colcon_core.shell:Creating package descriptor '/home/ubuntu/BumperBot_V1/install/bumperbot_cpp_examples/share/bumperbot_cpp_examples/package.dsv'
[0.871s] INFO:colcon.colcon_core.shell:Creating package script '/home/ubuntu/BumperBot_V1/install/bumperbot_cpp_examples/share/bumperbot_cpp_examples/package.sh'
[0.872s] INFO:colcon.colcon_core.shell:Creating package script '/home/ubuntu/BumperBot_V1/install/bumperbot_cpp_examples/share/bumperbot_cpp_examples/package.bash'
[0.872s] INFO:colcon.colcon_core.shell:Creating package script '/home/ubuntu/BumperBot_V1/install/bumperbot_cpp_examples/share/bumperbot_cpp_examples/package.zsh'
[0.872s] Level 1:colcon.colcon_core.environment:create_file_with_runtime_dependencies(/home/ubuntu/BumperBot_V1/install/bumperbot_cpp_examples/share/colcon-core/packages/bumperbot_cpp_examples)
[1.124s] DEBUG:colcon.colcon_core.event_handler.log_command:Invoking command in '/home/ubuntu/BumperBot_V1/src/bumperbot_py_examples': AMENT_PREFIX_PATH=/home/ubuntu/BumperBot_V1/install/bumperbot_msgs:${AMENT_PREFIX_PATH} CMAKE_PREFIX_PATH=/home/ubuntu/BumperBot_V1/install/bumperbot_msgs LD_LIBRARY_PATH=/home/ubuntu/BumperBot_V1/install/bumperbot_msgs/lib:${LD_LIBRARY_PATH} PYTHONPATH=/home/ubuntu/BumperBot_V1/build/bumperbot_py_examples/prefix_override:/usr/lib/python3/dist-packages/colcon_core/task/python/colcon_distutils_commands:/home/ubuntu/BumperBot_V1/install/bumperbot_py_examples/lib/python3.10/site-packages:/home/ubuntu/BumperBot_V1/install/bumperbot_msgs/local/lib/python3.10/dist-packages:${PYTHONPATH} /usr/bin/python3 -W ignore:setup.py install is deprecated -W ignore:easy_install command is deprecated setup.py egg_info --egg-base ../../build/bumperbot_py_examples build --build-base /home/ubuntu/BumperBot_V1/build/bumperbot_py_examples/build install --record /home/ubuntu/BumperBot_V1/build/bumperbot_py_examples/install.log --single-version-externally-managed install_data
[1.254s] Level 1:colcon.colcon_core.environment:checking '/home/ubuntu/BumperBot_V1/install/bumperbot_py_examples' for CMake module files
[1.255s] DEBUG:colcon.colcon_core.event_handler.log_command:Invoked command in '/home/ubuntu/BumperBot_V1/src/bumperbot_py_examples' returned '0': AMENT_PREFIX_PATH=/home/ubuntu/BumperBot_V1/install/bumperbot_msgs:${AMENT_PREFIX_PATH} CMAKE_PREFIX_PATH=/home/ubuntu/BumperBot_V1/install/bumperbot_msgs LD_LIBRARY_PATH=/home/ubuntu/BumperBot_V1/install/bumperbot_msgs/lib:${LD_LIBRARY_PATH} PYTHONPATH=/home/ubuntu/BumperBot_V1/build/bumperbot_py_examples/prefix_override:/usr/lib/python3/dist-packages/colcon_core/task/python/colcon_distutils_commands:/home/ubuntu/BumperBot_V1/install/bumperbot_py_examples/lib/python3.10/site-packages:/home/ubuntu/BumperBot_V1/install/bumperbot_msgs/local/lib/python3.10/dist-packages:${PYTHONPATH} /usr/bin/python3 -W ignore:setup.py install is deprecated -W ignore:easy_install command is deprecated setup.py egg_info --egg-base ../../build/bumperbot_py_examples build --build-base /home/ubuntu/BumperBot_V1/build/bumperbot_py_examples/build install --record /home/ubuntu/BumperBot_V1/build/bumperbot_py_examples/install.log --single-version-externally-managed install_data
[1.255s] Level 1:colcon.colcon_core.environment:checking '/home/ubuntu/BumperBot_V1/install/bumperbot_py_examples' for CMake config files
[1.255s] Level 1:colcon.colcon_core.environment:checking '/home/ubuntu/BumperBot_V1/install/bumperbot_py_examples/lib'
[1.255s] Level 1:colcon.colcon_core.environment:checking '/home/ubuntu/BumperBot_V1/install/bumperbot_py_examples/bin'
[1.255s] Level 1:colcon.colcon_core.environment:checking '/home/ubuntu/BumperBot_V1/install/bumperbot_py_examples/lib/pkgconfig/bumperbot_py_examples.pc'
[1.255s] Level 1:colcon.colcon_core.environment:checking '/home/ubuntu/BumperBot_V1/install/bumperbot_py_examples/lib/python3.10/site-packages'
[1.255s] Level 1:colcon.colcon_core.shell:create_environment_hook('bumperbot_py_examples', 'pythonpath')
[1.255s] INFO:colcon.colcon_core.shell:Creating environment hook '/home/ubuntu/BumperBot_V1/install/bumperbot_py_examples/share/bumperbot_py_examples/hook/pythonpath.ps1'
[1.256s] INFO:colcon.colcon_core.shell:Creating environment descriptor '/home/ubuntu/BumperBot_V1/install/bumperbot_py_examples/share/bumperbot_py_examples/hook/pythonpath.dsv'
[1.256s] INFO:colcon.colcon_core.shell:Creating environment hook '/home/ubuntu/BumperBot_V1/install/bumperbot_py_examples/share/bumperbot_py_examples/hook/pythonpath.sh'
[1.256s] Level 1:colcon.colcon_core.environment:checking '/home/ubuntu/BumperBot_V1/install/bumperbot_py_examples/bin'
[1.256s] Level 1:colcon.colcon_core.environment:create_environment_scripts_only(bumperbot_py_examples)
[1.256s] INFO:colcon.colcon_core.shell:Creating package script '/home/ubuntu/BumperBot_V1/install/bumperbot_py_examples/share/bumperbot_py_examples/package.ps1'
[1.256s] INFO:colcon.colcon_core.shell:Creating package descriptor '/home/ubuntu/BumperBot_V1/install/bumperbot_py_examples/share/bumperbot_py_examples/package.dsv'
[1.256s] INFO:colcon.colcon_core.shell:Creating package script '/home/ubuntu/BumperBot_V1/install/bumperbot_py_examples/share/bumperbot_py_examples/package.sh'
[1.257s] INFO:colcon.colcon_core.shell:Creating package script '/home/ubuntu/BumperBot_V1/install/bumperbot_py_examples/share/bumperbot_py_examples/package.bash'
[1.257s] INFO:colcon.colcon_core.shell:Creating package script '/home/ubuntu/BumperBot_V1/install/bumperbot_py_examples/share/bumperbot_py_examples/package.zsh'
[1.257s] Level 1:colcon.colcon_core.environment:create_file_with_runtime_dependencies(/home/ubuntu/BumperBot_V1/install/bumperbot_py_examples/share/colcon-core/packages/bumperbot_py_examples)
[1.257s] DEBUG:colcon.colcon_parallel_executor.executor.parallel:closing loop
[1.257s] DEBUG:colcon.colcon_parallel_executor.executor.parallel:loop closed
[1.257s] DEBUG:colcon.colcon_parallel_executor.executor.parallel:run_until_complete finished with '0'
[1.257s] DEBUG:colcon.colcon_core.event_reactor:joining thread
[1.260s] INFO:colcon.colcon_core.plugin_system:Skipping extension 'colcon_notification.desktop_notification.terminal_notifier': Not used on non-Darwin systems
[1.260s] INFO:colcon.colcon_core.plugin_system:Skipping extension 'colcon_notification.desktop_notification.win32': Not used on non-Windows systems
[1.260s] INFO:colcon.colcon_notification.desktop_notification:Sending desktop notification using 'notify2'
[1.266s] DEBUG:colcon.colcon_core.event_reactor:joined thread
[1.267s] INFO:colcon.colcon_core.shell:Creating prefix script '/home/ubuntu/BumperBot_V1/install/local_setup.ps1'
[1.269s] INFO:colcon.colcon_core.shell:Creating prefix util module '/home/ubuntu/BumperBot_V1/install/_local_setup_util_ps1.py'
[1.273s] INFO:colcon.colcon_core.shell:Creating prefix chain script '/home/ubuntu/BumperBot_V1/install/setup.ps1'
[1.275s] INFO:colcon.colcon_core.shell:Creating prefix script '/home/ubuntu/BumperBot_V1/install/local_setup.sh'
[1.276s] INFO:colcon.colcon_core.shell:Creating prefix util module '/home/ubuntu/BumperBot_V1/install/_local_setup_util_sh.py'
[1.277s] INFO:colcon.colcon_core.shell:Creating prefix chain script '/home/ubuntu/BumperBot_V1/install/setup.sh'
[1.278s] INFO:colcon.colcon_core.shell:Creating prefix script '/home/ubuntu/BumperBot_V1/install/local_setup.bash'
[1.279s] INFO:colcon.colcon_core.shell:Creating prefix chain script '/home/ubuntu/BumperBot_V1/install/setup.bash'
[1.280s] INFO:colcon.colcon_core.shell:Creating prefix script '/home/ubuntu/BumperBot_V1/install/local_setup.zsh'
[1.280s] INFO:colcon.colcon_core.shell:Creating prefix chain script '/home/ubuntu/BumperBot_V1/install/setup.zsh'
