[0.138s] Invoking command in '/home/chaitanya/bumperbot_ws/build/bumperbot_description': CMAKE_PREFIX_PATH=/opt/ros/humble /usr/bin/cmake --build /home/chaitanya/bumperbot_ws/build/bumperbot_description -- -j4 -l4
[0.535s] Invoked command in '/home/chaitanya/bumperbot_ws/build/bumperbot_description' returned '0': CMAKE_PREFIX_PATH=/opt/ros/humble /usr/bin/cmake --build /home/chaitanya/bumperbot_ws/build/bumperbot_description -- -j4 -l4
[0.660s] Invoking command in '/home/chaitanya/bumperbot_ws/build/bumperbot_description': CMAKE_PREFIX_PATH=/opt/ros/humble /usr/bin/cmake --install /home/chaitanya/bumperbot_ws/build/bumperbot_description
[0.810s] -- Install configuration: ""
[0.811s] -- Up-to-date: /home/chaitanya/bumperbot_ws/install/bumperbot_description/share/bumperbot_description/launch
[0.811s] -- Up-to-date: /home/chaitanya/bumperbot_ws/install/bumperbot_description/share/bumperbot_description/launch/display.launch.py
[0.812s] -- Up-to-date: /home/chaitanya/bumperbot_ws/install/bumperbot_description/share/bumperbot_description/launch/gazebo.launch.py
[0.813s] -- Up-to-date: /home/chaitanya/bumperbot_ws/install/bumperbot_description/share/bumperbot_description/meshes
[0.814s] -- Up-to-date: /home/chaitanya/bumperbot_ws/install/bumperbot_description/share/bumperbot_description/meshes/caster_front_link.STL
[0.814s] -- Up-to-date: /home/chaitanya/bumperbot_ws/install/bumperbot_description/share/bumperbot_description/meshes/caster_rear_link.STL
[0.815s] -- Up-to-date: /home/chaitanya/bumperbot_ws/install/bumperbot_description/share/bumperbot_description/meshes/wheel_left_link.STL
[0.815s] -- Up-to-date: /home/chaitanya/bumperbot_ws/install/bumperbot_description/share/bumperbot_description/meshes/base_link.STL
[0.815s] -- Up-to-date: /home/chaitanya/bumperbot_ws/install/bumperbot_description/share/bumperbot_description/meshes/wheel_right_link.STL
[0.819s] -- Up-to-date: /home/chaitanya/bumperbot_ws/install/bumperbot_description/share/bumperbot_description/meshes/imu_link.STL
[0.821s] -- Up-to-date: /home/chaitanya/bumperbot_ws/install/bumperbot_description/share/bumperbot_description/urdf
[0.822s] -- Up-to-date: /home/chaitanya/bumperbot_ws/install/bumperbot_description/share/bumperbot_description/urdf/bumperbot_gazebo.xacro
[0.823s] -- Up-to-date: /home/chaitanya/bumperbot_ws/install/bumperbot_description/share/bumperbot_description/urdf/bumperbot_ros2_control.xacro
[0.824s] -- Up-to-date: /home/chaitanya/bumperbot_ws/install/bumperbot_description/share/bumperbot_description/urdf/bumperbot.urdf.xacro
[0.830s] -- Up-to-date: /home/chaitanya/bumperbot_ws/install/bumperbot_description/share/bumperbot_description/rviz
[0.830s] -- Up-to-date: /home/chaitanya/bumperbot_ws/install/bumperbot_description/share/bumperbot_description/rviz/display.rviz
[0.831s] -- Up-to-date: /home/chaitanya/bumperbot_ws/install/bumperbot_description/share/ament_index/resource_index/package_run_dependencies/bumperbot_description
[0.831s] -- Up-to-date: /home/chaitanya/bumperbot_ws/install/bumperbot_description/share/ament_index/resource_index/parent_prefix_path/bumperbot_description
[0.850s] -- Up-to-date: /home/chaitanya/bumperbot_ws/install/bumperbot_description/share/bumperbot_description/environment/ament_prefix_path.sh
[0.851s] -- Up-to-date: /home/chaitanya/bumperbot_ws/install/bumperbot_description/share/bumperbot_description/environment/ament_prefix_path.dsv
[0.851s] -- Up-to-date: /home/chaitanya/bumperbot_ws/install/bumperbot_description/share/bumperbot_description/environment/path.sh
[0.877s] -- Up-to-date: /home/chaitanya/bumperbot_ws/install/bumperbot_description/share/bumperbot_description/environment/path.dsv
[0.879s] -- Up-to-date: /home/chaitanya/bumperbot_ws/install/bumperbot_description/share/bumperbot_description/local_setup.bash
[0.879s] -- Up-to-date: /home/chaitanya/bumperbot_ws/install/bumperbot_description/share/bumperbot_description/local_setup.sh
[0.881s] -- Up-to-date: /home/chaitanya/bumperbot_ws/install/bumperbot_description/share/bumperbot_description/local_setup.zsh
[0.881s] -- Up-to-date: /home/chaitanya/bumperbot_ws/install/bumperbot_description/share/bumperbot_description/local_setup.dsv
[0.882s] -- Installing: /home/chaitanya/bumperbot_ws/install/bumperbot_description/share/bumperbot_description/package.dsv
[0.882s] -- Up-to-date: /home/chaitanya/bumperbot_ws/install/bumperbot_description/share/ament_index/resource_index/packages/bumperbot_description
[0.883s] -- Up-to-date: /home/chaitanya/bumperbot_ws/install/bumperbot_description/share/bumperbot_description/cmake/bumperbot_descriptionConfig.cmake
[0.883s] -- Up-to-date: /home/chaitanya/bumperbot_ws/install/bumperbot_description/share/bumperbot_description/cmake/bumperbot_descriptionConfig-version.cmake
[0.884s] -- Up-to-date: /home/chaitanya/bumperbot_ws/install/bumperbot_description/share/bumperbot_description/package.xml
[0.885s] Invoked command in '/home/chaitanya/bumperbot_ws/build/bumperbot_description' returned '0': CMAKE_PREFIX_PATH=/opt/ros/humble /usr/bin/cmake --install /home/chaitanya/bumperbot_ws/build/bumperbot_description
