[0.062s] Invoking command in '/home/chaitanya/bumperbot_ws/build/bumperbot_firmware': CMAKE_PREFIX_PATH=/opt/ros/humble /usr/bin/cmake --build /home/chaitanya/bumperbot_ws/build/bumperbot_firmware -- -j4 -l4
[0.547s] -- Found ament_cmake: 1.3.11 (/opt/ros/humble/share/ament_cmake/cmake)
[1.230s] -- Found rclcpp: 16.0.12 (/opt/ros/humble/share/rclcpp/cmake)
[1.477s] -- Found rosidl_generator_c: 3.1.6 (/opt/ros/humble/share/rosidl_generator_c/cmake)
[1.494s] -- Found rosidl_adapter: 3.1.6 (/opt/ros/humble/share/rosidl_adapter/cmake)
[1.529s] -- Found rosidl_generator_cpp: 3.1.6 (/opt/ros/humble/share/rosidl_generator_cpp/cmake)
[1.588s] -- Using all available rosidl_typesupport_c: rosidl_typesupport_fastrtps_c;rosidl_typesupport_introspection_c
[1.663s] -- Using all available rosidl_typesupport_cpp: rosidl_typesupport_fastrtps_cpp;rosidl_typesupport_introspection_cpp
[1.858s] -- Found rmw_implementation_cmake: 6.1.2 (/opt/ros/humble/share/rmw_implementation_cmake/cmake)
[1.871s] -- Found rmw_fastrtps_cpp: 6.2.7 (/opt/ros/humble/share/rmw_fastrtps_cpp/cmake)
[3.006s] -- Using RMW implementation 'rmw_fastrtps_cpp' as default
[3.289s] -- Found hardware_interface: 2.50.0 (/opt/ros/humble/share/hardware_interface/cmake)
[4.576s] -- Configuring done
[4.970s] -- Generating done
[5.005s] -- Build files have been written to: /home/chaitanya/bumperbot_ws/build/bumperbot_firmware
[5.129s] [35m[1mConsolidate compiler generated dependencies of target simple_serial_transmitter[0m
[5.130s] [35m[1mConsolidate compiler generated dependencies of target bumperbot_firmware[0m
[5.312s] [ 50%] Built target simple_serial_transmitter
[5.322s] [100%] Built target bumperbot_firmware
[5.383s] Invoked command in '/home/chaitanya/bumperbot_ws/build/bumperbot_firmware' returned '0': CMAKE_PREFIX_PATH=/opt/ros/humble /usr/bin/cmake --build /home/chaitanya/bumperbot_ws/build/bumperbot_firmware -- -j4 -l4
[5.426s] Invoking command in '/home/chaitanya/bumperbot_ws/build/bumperbot_firmware': CMAKE_PREFIX_PATH=/opt/ros/humble /usr/bin/cmake --install /home/chaitanya/bumperbot_ws/build/bumperbot_firmware
[5.452s] -- Install configuration: ""
[5.452s] -- Up-to-date: /home/chaitanya/bumperbot_ws/install/bumperbot_firmware/share/bumperbot_firmware/src/BumperbotHardware.xml
[5.456s] -- Up-to-date: /home/chaitanya/bumperbot_ws/install/bumperbot_firmware/lib/libbumperbot_firmware.so
[5.460s] -- Up-to-date: /home/chaitanya/bumperbot_ws/install/bumperbot_firmware/lib/bumperbot_firmware/simple_serial_transmitter
[5.463s] -- Installing: /home/chaitanya/bumperbot_ws/install/bumperbot_firmware/include/include
[5.464s] -- Installing: /home/chaitanya/bumperbot_ws/install/bumperbot_firmware/include/include/bumperbot_firmware
[5.464s] -- Installing: /home/chaitanya/bumperbot_ws/install/bumperbot_firmware/include/include/bumperbot_firmware/bumperbot_interface.hpp
[5.468s] -- Installing: /home/chaitanya/bumperbot_ws/install/bumperbot_firmware/share/bumperbot_firmware/launch
[5.470s] -- Installing: /home/chaitanya/bumperbot_ws/install/bumperbot_firmware/share/bumperbot_firmware/launch/hardware_interface.launch.py
[5.478s] -- Up-to-date: /home/chaitanya/bumperbot_ws/install/bumperbot_firmware/share/bumperbot_firmware/BumperbotHardware.xml
[5.481s] -- Up-to-date: /home/chaitanya/bumperbot_ws/install/bumperbot_firmware/share/bumperbot_firmware/environment/library_path.sh
[5.482s] -- Installing: /home/chaitanya/bumperbot_ws/install/bumperbot_firmware/share/bumperbot_firmware/environment/library_path.dsv
[5.482s] -- Up-to-date: /home/chaitanya/bumperbot_ws/install/bumperbot_firmware/share/ament_index/resource_index/package_run_dependencies/bumperbot_firmware
[5.483s] -- Up-to-date: /home/chaitanya/bumperbot_ws/install/bumperbot_firmware/share/ament_index/resource_index/parent_prefix_path/bumperbot_firmware
[5.483s] -- Up-to-date: /home/chaitanya/bumperbot_ws/install/bumperbot_firmware/share/bumperbot_firmware/environment/ament_prefix_path.sh
[5.484s] -- Installing: /home/chaitanya/bumperbot_ws/install/bumperbot_firmware/share/bumperbot_firmware/environment/ament_prefix_path.dsv
[5.484s] -- Up-to-date: /home/chaitanya/bumperbot_ws/install/bumperbot_firmware/share/bumperbot_firmware/environment/path.sh
[5.485s] -- Installing: /home/chaitanya/bumperbot_ws/install/bumperbot_firmware/share/bumperbot_firmware/environment/path.dsv
[5.491s] -- Up-to-date: /home/chaitanya/bumperbot_ws/install/bumperbot_firmware/share/bumperbot_firmware/local_setup.bash
[5.492s] -- Up-to-date: /home/chaitanya/bumperbot_ws/install/bumperbot_firmware/share/bumperbot_firmware/local_setup.sh
[5.494s] -- Up-to-date: /home/chaitanya/bumperbot_ws/install/bumperbot_firmware/share/bumperbot_firmware/local_setup.zsh
[5.497s] -- Installing: /home/chaitanya/bumperbot_ws/install/bumperbot_firmware/share/bumperbot_firmware/local_setup.dsv
[5.500s] -- Installing: /home/chaitanya/bumperbot_ws/install/bumperbot_firmware/share/bumperbot_firmware/package.dsv
[5.503s] -- Up-to-date: /home/chaitanya/bumperbot_ws/install/bumperbot_firmware/share/ament_index/resource_index/packages/bumperbot_firmware
[5.505s] -- Up-to-date: /home/chaitanya/bumperbot_ws/install/bumperbot_firmware/share/ament_index/resource_index/bumperbot_firmware__pluginlib__plugin/bumperbot_firmware
[5.507s] -- Up-to-date: /home/chaitanya/bumperbot_ws/install/bumperbot_firmware/share/bumperbot_firmware/cmake/ament_cmake_export_include_directories-extras.cmake
[5.508s] -- Up-to-date: /home/chaitanya/bumperbot_ws/install/bumperbot_firmware/share/bumperbot_firmware/cmake/ament_cmake_export_libraries-extras.cmake
[5.510s] -- Up-to-date: /home/chaitanya/bumperbot_ws/install/bumperbot_firmware/share/bumperbot_firmware/cmake/ament_cmake_export_dependencies-extras.cmake
[5.512s] -- Up-to-date: /home/chaitanya/bumperbot_ws/install/bumperbot_firmware/share/bumperbot_firmware/cmake/bumperbot_firmwareConfig.cmake
[5.513s] -- Up-to-date: /home/chaitanya/bumperbot_ws/install/bumperbot_firmware/share/bumperbot_firmware/cmake/bumperbot_firmwareConfig-version.cmake
[5.513s] -- Up-to-date: /home/chaitanya/bumperbot_ws/install/bumperbot_firmware/share/bumperbot_firmware/package.xml
[5.521s] Invoked command in '/home/chaitanya/bumperbot_ws/build/bumperbot_firmware' returned '0': CMAKE_PREFIX_PATH=/opt/ros/humble /usr/bin/cmake --install /home/chaitanya/bumperbot_ws/build/bumperbot_firmware
