[0.220s] Invoking command in '/home/chaitanya/bumperbot_ws/build/bumperbot_firmware': CMAKE_PREFIX_PATH=${CMAKE_PREFIX_PATH}:/home/chaitanya/bumperbot_ws/install/bumperbot_py_examples:/opt/ros/humble /usr/bin/cmake --build /home/chaitanya/bumperbot_ws/build/bumperbot_firmware -- -j4 -l4
[0.607s] -- Found ament_cmake: 1.3.11 (/opt/ros/humble/share/ament_cmake/cmake)
[4.242s] -- Found rclcpp: 16.0.12 (/opt/ros/humble/share/rclcpp/cmake)
[4.942s] -- Found rosidl_generator_c: 3.1.6 (/opt/ros/humble/share/rosidl_generator_c/cmake)
[5.005s] -- Found rosidl_adapter: 3.1.6 (/opt/ros/humble/share/rosidl_adapter/cmake)
[5.183s] -- Found rosidl_generator_cpp: 3.1.6 (/opt/ros/humble/share/rosidl_generator_cpp/cmake)
[5.485s] -- Using all available rosidl_typesupport_c: rosidl_typesupport_fastrtps_c;rosidl_typesupport_introspection_c
[5.935s] -- Using all available rosidl_typesupport_cpp: rosidl_typesupport_fastrtps_cpp;rosidl_typesupport_introspection_cpp
[6.883s] -- Found rmw_implementation_cmake: 6.1.2 (/opt/ros/humble/share/rmw_implementation_cmake/cmake)
[6.930s] -- Found rmw_fastrtps_cpp: 6.2.7 (/opt/ros/humble/share/rmw_fastrtps_cpp/cmake)
[9.842s] -- Using RMW implementation 'rmw_fastrtps_cpp' as default
[11.581s] -- Configuring done
[11.747s] -- Generating done
[11.782s] -- Build files have been written to: /home/chaitanya/bumperbot_ws/build/bumperbot_firmware
[12.043s] [35m[1mConsolidate compiler generated dependencies of target simple_serial_transmitter[0m
[12.254s] [100%] Built target simple_serial_transmitter
[12.386s] Invoked command in '/home/chaitanya/bumperbot_ws/build/bumperbot_firmware' returned '0': CMAKE_PREFIX_PATH=${CMAKE_PREFIX_PATH}:/home/chaitanya/bumperbot_ws/install/bumperbot_py_examples:/opt/ros/humble /usr/bin/cmake --build /home/chaitanya/bumperbot_ws/build/bumperbot_firmware -- -j4 -l4
[12.408s] Invoking command in '/home/chaitanya/bumperbot_ws/build/bumperbot_firmware': CMAKE_PREFIX_PATH=${CMAKE_PREFIX_PATH}:/home/chaitanya/bumperbot_ws/install/bumperbot_py_examples:/opt/ros/humble /usr/bin/cmake --install /home/chaitanya/bumperbot_ws/build/bumperbot_firmware
[12.469s] -- Install configuration: ""
[12.473s] -- Up-to-date: /home/chaitanya/bumperbot_ws/install/bumperbot_firmware/lib/bumperbot_firmware/simple_serial_transmitter
[12.477s] -- Up-to-date: /home/chaitanya/bumperbot_ws/install/bumperbot_firmware/share/ament_index/resource_index/package_run_dependencies/bumperbot_firmware
[12.480s] -- Installing: /home/chaitanya/bumperbot_ws/install/bumperbot_firmware/share/ament_index/resource_index/parent_prefix_path/bumperbot_firmware
[12.487s] -- Up-to-date: /home/chaitanya/bumperbot_ws/install/bumperbot_firmware/share/bumperbot_firmware/environment/ament_prefix_path.sh
[12.489s] -- Installing: /home/chaitanya/bumperbot_ws/install/bumperbot_firmware/share/bumperbot_firmware/environment/ament_prefix_path.dsv
[12.492s] -- Up-to-date: /home/chaitanya/bumperbot_ws/install/bumperbot_firmware/share/bumperbot_firmware/environment/path.sh
[12.498s] -- Installing: /home/chaitanya/bumperbot_ws/install/bumperbot_firmware/share/bumperbot_firmware/environment/path.dsv
[12.501s] -- Up-to-date: /home/chaitanya/bumperbot_ws/install/bumperbot_firmware/share/bumperbot_firmware/local_setup.bash
[12.507s] -- Up-to-date: /home/chaitanya/bumperbot_ws/install/bumperbot_firmware/share/bumperbot_firmware/local_setup.sh
[12.509s] -- Up-to-date: /home/chaitanya/bumperbot_ws/install/bumperbot_firmware/share/bumperbot_firmware/local_setup.zsh
[12.513s] -- Installing: /home/chaitanya/bumperbot_ws/install/bumperbot_firmware/share/bumperbot_firmware/local_setup.dsv
[12.518s] -- Installing: /home/chaitanya/bumperbot_ws/install/bumperbot_firmware/share/bumperbot_firmware/package.dsv
[12.523s] -- Up-to-date: /home/chaitanya/bumperbot_ws/install/bumperbot_firmware/share/ament_index/resource_index/packages/bumperbot_firmware
[12.525s] -- Up-to-date: /home/chaitanya/bumperbot_ws/install/bumperbot_firmware/share/bumperbot_firmware/cmake/bumperbot_firmwareConfig.cmake
[12.529s] -- Up-to-date: /home/chaitanya/bumperbot_ws/install/bumperbot_firmware/share/bumperbot_firmware/cmake/bumperbot_firmwareConfig-version.cmake
[12.531s] -- Up-to-date: /home/chaitanya/bumperbot_ws/install/bumperbot_firmware/share/bumperbot_firmware/package.xml
[12.555s] Invoked command in '/home/chaitanya/bumperbot_ws/build/bumperbot_firmware' returned '0': CMAKE_PREFIX_PATH=${CMAKE_PREFIX_PATH}:/home/chaitanya/bumperbot_ws/install/bumperbot_py_examples:/opt/ros/humble /usr/bin/cmake --install /home/chaitanya/bumperbot_ws/build/bumperbot_firmware
