[0.063s] Invoking command in '/home/chaitanya/bumperbot_ws/build/bumperbot_localization': CMAKE_PREFIX_PATH=/opt/ros/humble /usr/bin/cmake /home/chaitanya/bumperbot_ws/src/bumperbot_localization -DCMAKE_INSTALL_PREFIX=/home/chaitanya/bumperbot_ws/install/bumperbot_localization
[0.585s] -- The C compiler identification is GNU 11.4.0
[1.116s] -- The CXX compiler identification is GNU 11.4.0
[1.238s] -- Detecting C compiler ABI info
[1.964s] -- Detecting C compiler ABI info - done
[2.003s] -- Check for working C compiler: /usr/bin/cc - skipped
[2.004s] -- Detecting C compile features
[2.006s] -- Detecting C compile features - done
[2.066s] -- Detecting CXX compiler ABI info
[2.883s] -- Detecting CXX compiler ABI info - done
[2.987s] -- Check for working CXX compiler: /usr/bin/c++ - skipped
[2.988s] -- Detecting CXX compile features
[2.996s] -- Detecting CXX compile features - done
[3.027s] -- Found ament_cmake: 1.3.11 (/opt/ros/humble/share/ament_cmake/cmake)
[5.166s] -- Found Python3: /usr/bin/python3 (found version "3.10.12") found components: Interpreter 
[6.563s] -- Found rclcpp: 16.0.12 (/opt/ros/humble/share/rclcpp/cmake)
[7.368s] -- Found rosidl_generator_c: 3.1.6 (/opt/ros/humble/share/rosidl_generator_c/cmake)
[7.480s] -- Found rosidl_adapter: 3.1.6 (/opt/ros/humble/share/rosidl_adapter/cmake)
[7.649s] -- Found rosidl_generator_cpp: 3.1.6 (/opt/ros/humble/share/rosidl_generator_cpp/cmake)
[7.754s] -- Using all available rosidl_typesupport_c: rosidl_typesupport_fastrtps_c;rosidl_typesupport_introspection_c
[8.057s] -- Using all available rosidl_typesupport_cpp: rosidl_typesupport_fastrtps_cpp;rosidl_typesupport_introspection_cpp
[8.860s] -- Found rmw_implementation_cmake: 6.1.2 (/opt/ros/humble/share/rmw_implementation_cmake/cmake)
[8.894s] -- Found rmw_fastrtps_cpp: 6.2.7 (/opt/ros/humble/share/rmw_fastrtps_cpp/cmake)
[10.352s] -- Found OpenSSL: /usr/lib/aarch64-linux-gnu/libcrypto.so (found version "3.0.2")  
[11.535s] -- Found FastRTPS: /opt/ros/humble/include  
[13.028s] -- Using RMW implementation 'rmw_fastrtps_cpp' as default
[13.191s] -- Looking for pthread.h
[14.118s] -- Looking for pthread.h - found
[14.122s] -- Performing Test CMAKE_HAVE_LIBC_PTHREAD
[15.383s] -- Performing Test CMAKE_HAVE_LIBC_PTHREAD - Success
[15.387s] -- Found Threads: TRUE  
[16.620s] -- Found rclpy: 3.3.16 (/opt/ros/humble/share/rclpy/cmake)
[16.698s] -- Found nav_msgs: 4.8.0 (/opt/ros/humble/share/nav_msgs/cmake)
[17.223s] -- Found sensor_msgs: 4.8.0 (/opt/ros/humble/share/sensor_msgs/cmake)
[19.849s] -- Configuring done
[20.208s] -- Generating done
[20.267s] -- Build files have been written to: /home/chaitanya/bumperbot_ws/build/bumperbot_localization
[20.423s] Invoked command in '/home/chaitanya/bumperbot_ws/build/bumperbot_localization' returned '0': CMAKE_PREFIX_PATH=/opt/ros/humble /usr/bin/cmake /home/chaitanya/bumperbot_ws/src/bumperbot_localization -DCMAKE_INSTALL_PREFIX=/home/chaitanya/bumperbot_ws/install/bumperbot_localization
[20.425s] Invoking command in '/home/chaitanya/bumperbot_ws/build/bumperbot_localization': CMAKE_PREFIX_PATH=/opt/ros/humble /usr/bin/cmake --build /home/chaitanya/bumperbot_ws/build/bumperbot_localization -- -j4 -l4
[21.370s] [ 25%] [32mBuilding CXX object CMakeFiles/kalman_filter.dir/src/kalman_filter.cpp.o[0m
