[0.011s] Invoking command in '/home/ubuntu/BumperBot_V1/build/bumperbot_description': CMAKE_PREFIX_PATH=/opt/ros/humble /usr/bin/cmake /home/ubuntu/BumperBot_V1/src/bumperbot_description -DCMAKE_INSTALL_PREFIX=/home/ubuntu/BumperBot_V1/install/bumperbot_description
[0.098s] -- The C compiler identification is GNU 11.4.0
[0.155s] -- The CXX compiler identification is GNU 11.4.0
[0.163s] -- Detecting C compiler ABI info
[0.214s] -- Detecting C compiler ABI info - done
[0.226s] -- Check for working C compiler: /usr/bin/cc - skipped
[0.226s] -- Detecting C compile features
[0.227s] -- Detecting C compile features - done
[0.231s] -- Detecting CXX compiler ABI info
[0.304s] -- Detecting CXX compiler ABI info - done
[0.316s] -- Check for working CXX compiler: /usr/bin/c++ - skipped
[0.316s] -- Detecting CXX compile features
[0.316s] -- Detecting CXX compile features - done
[0.319s] -- Found ament_cmake: 1.3.11 (/opt/ros/humble/share/ament_cmake/cmake)
[0.400s] -- Found Python3: /usr/bin/python3 (found version "3.10.12") found components: Interpreter 
[0.443s] -- Found urdf: 2.6.1 (/opt/ros/humble/share/urdf/cmake)
[0.483s] -- Found ament_lint_auto: 0.12.12 (/opt/ros/humble/share/ament_lint_auto/cmake)
[0.550s] -- Added test 'copyright' to check source files copyright and LICENSE
[0.553s] -- Added test 'flake8' to check Python code syntax and style conventions
[0.553s] -- Added test 'lint_cmake' to check CMake code style
[0.554s] -- Added test 'pep257' to check Python code against some of the docstring style conventions in PEP 257
[0.556s] -- Added test 'xmllint' to check XML markup files
[0.557s] -- Configuring done
[0.560s] -- Generating done
[0.563s] -- Build files have been written to: /home/ubuntu/BumperBot_V1/build/bumperbot_description
[0.569s] Invoked command in '/home/ubuntu/BumperBot_V1/build/bumperbot_description' returned '0': CMAKE_PREFIX_PATH=/opt/ros/humble /usr/bin/cmake /home/ubuntu/BumperBot_V1/src/bumperbot_description -DCMAKE_INSTALL_PREFIX=/home/ubuntu/BumperBot_V1/install/bumperbot_description
[0.572s] Invoking command in '/home/ubuntu/BumperBot_V1/build/bumperbot_description': CMAKE_PREFIX_PATH=/opt/ros/humble /usr/bin/cmake --build /home/ubuntu/BumperBot_V1/build/bumperbot_description -- -j8 -l8
[0.610s] Invoked command in '/home/ubuntu/BumperBot_V1/build/bumperbot_description' returned '0': CMAKE_PREFIX_PATH=/opt/ros/humble /usr/bin/cmake --build /home/ubuntu/BumperBot_V1/build/bumperbot_description -- -j8 -l8
[0.620s] Invoking command in '/home/ubuntu/BumperBot_V1/build/bumperbot_description': CMAKE_PREFIX_PATH=/opt/ros/humble /usr/bin/cmake --install /home/ubuntu/BumperBot_V1/build/bumperbot_description
[0.628s] -- Install configuration: ""
[0.628s] -- Installing: /home/ubuntu/BumperBot_V1/install/bumperbot_description/share/bumperbot_description/launch
[0.628s] -- Installing: /home/ubuntu/BumperBot_V1/install/bumperbot_description/share/bumperbot_description/launch/gazebo.launch.py
[0.628s] -- Installing: /home/ubuntu/BumperBot_V1/install/bumperbot_description/share/bumperbot_description/launch/display.launch.py
[0.628s] -- Installing: /home/ubuntu/BumperBot_V1/install/bumperbot_description/share/bumperbot_description/meshes
[0.628s] -- Installing: /home/ubuntu/BumperBot_V1/install/bumperbot_description/share/bumperbot_description/meshes/base_link.STL
[0.640s] -- Installing: /home/ubuntu/BumperBot_V1/install/bumperbot_description/share/bumperbot_description/meshes/caster_rear_link.STL
[0.640s] -- Installing: /home/ubuntu/BumperBot_V1/install/bumperbot_description/share/bumperbot_description/meshes/caster_front_link.STL
[0.640s] -- Installing: /home/ubuntu/BumperBot_V1/install/bumperbot_description/share/bumperbot_description/meshes/wheel_right_link.STL
[0.641s] -- Installing: /home/ubuntu/BumperBot_V1/install/bumperbot_description/share/bumperbot_description/meshes/wheel_left_link.STL
[0.642s] -- Installing: /home/ubuntu/BumperBot_V1/install/bumperbot_description/share/bumperbot_description/meshes/imu_link.STL
[0.642s] -- Installing: /home/ubuntu/BumperBot_V1/install/bumperbot_description/share/bumperbot_description/urdf
[0.642s] -- Installing: /home/ubuntu/BumperBot_V1/install/bumperbot_description/share/bumperbot_description/urdf/bumperbot_ros2_control.xacro
[0.643s] -- Installing: /home/ubuntu/BumperBot_V1/install/bumperbot_description/share/bumperbot_description/urdf/bumperbot.urdf.xacro
[0.643s] -- Installing: /home/ubuntu/BumperBot_V1/install/bumperbot_description/share/bumperbot_description/urdf/bumperbot_gazebo.xacro
[0.643s] -- Installing: /home/ubuntu/BumperBot_V1/install/bumperbot_description/share/bumperbot_description/rviz
[0.643s] -- Installing: /home/ubuntu/BumperBot_V1/install/bumperbot_description/share/bumperbot_description/rviz/display.rviz
[0.643s] -- Installing: /home/ubuntu/BumperBot_V1/install/bumperbot_description/share/ament_index/resource_index/package_run_dependencies/bumperbot_description
[0.643s] -- Installing: /home/ubuntu/BumperBot_V1/install/bumperbot_description/share/ament_index/resource_index/parent_prefix_path/bumperbot_description
[0.643s] -- Installing: /home/ubuntu/BumperBot_V1/install/bumperbot_description/share/bumperbot_description/environment/ament_prefix_path.sh
[0.644s] -- Installing: /home/ubuntu/BumperBot_V1/install/bumperbot_description/share/bumperbot_description/environment/ament_prefix_path.dsv
[0.644s] -- Installing: /home/ubuntu/BumperBot_V1/install/bumperbot_description/share/bumperbot_description/environment/path.sh
[0.644s] -- Installing: /home/ubuntu/BumperBot_V1/install/bumperbot_description/share/bumperbot_description/environment/path.dsv
[0.644s] -- Installing: /home/ubuntu/BumperBot_V1/install/bumperbot_description/share/bumperbot_description/local_setup.bash
[0.644s] -- Installing: /home/ubuntu/BumperBot_V1/install/bumperbot_description/share/bumperbot_description/local_setup.sh
[0.644s] -- Installing: /home/ubuntu/BumperBot_V1/install/bumperbot_description/share/bumperbot_description/local_setup.zsh
[0.644s] -- Installing: /home/ubuntu/BumperBot_V1/install/bumperbot_description/share/bumperbot_description/local_setup.dsv
[0.644s] -- Installing: /home/ubuntu/BumperBot_V1/install/bumperbot_description/share/bumperbot_description/package.dsv
[0.644s] -- Installing: /home/ubuntu/BumperBot_V1/install/bumperbot_description/share/ament_index/resource_index/packages/bumperbot_description
[0.645s] -- Installing: /home/ubuntu/BumperBot_V1/install/bumperbot_description/share/bumperbot_description/cmake/bumperbot_descriptionConfig.cmake
[0.645s] -- Installing: /home/ubuntu/BumperBot_V1/install/bumperbot_description/share/bumperbot_description/cmake/bumperbot_descriptionConfig-version.cmake
[0.645s] -- Installing: /home/ubuntu/BumperBot_V1/install/bumperbot_description/share/bumperbot_description/package.xml
[0.647s] Invoked command in '/home/ubuntu/BumperBot_V1/build/bumperbot_description' returned '0': CMAKE_PREFIX_PATH=/opt/ros/humble /usr/bin/cmake --install /home/ubuntu/BumperBot_V1/build/bumperbot_description
