[0.150s] Invoking command in '/home/chaitanya/bumperbot_ws/build/bumperbot_msgs': CMAKE_PREFIX_PATH=/opt/ros/humble /usr/bin/cmake --build /home/chaitanya/bumperbot_ws/build/bumperbot_msgs -- -j4 -l4
[0.696s] [  2%] Built target bumperbot_msgs__cpp
[0.843s] [ 12%] Built target bumperbot_msgs__rosidl_generator_c
[0.908s] [ 12%] Built target ament_cmake_python_copy_bumperbot_msgs
[1.232s] [ 23%] Built target bumperbot_msgs__rosidl_typesupport_fastrtps_cpp
[1.247s] [ 43%] Built target bumperbot_msgs__rosidl_typesupport_cpp
[1.257s] [ 43%] Built target bumperbot_msgs__rosidl_typesupport_introspection_cpp
[1.274s] [ 53%] Built target bumperbot_msgs__rosidl_typesupport_fastrtps_c
[1.503s] [ 64%] Built target bumperbot_msgs__rosidl_typesupport_introspection_c
[1.548s] [ 74%] Built target bumperbot_msgs__rosidl_typesupport_c
[1.920s] [ 74%] Built target bumperbot_msgs
[2.176s] [ 76%] Built target bumperbot_msgs__py
[2.602s] [ 84%] Built target bumperbot_msgs__rosidl_generator_py
[2.904s] [ 89%] Built target bumperbot_msgs__rosidl_typesupport_fastrtps_c__pyext
[2.954s] [ 94%] Built target bumperbot_msgs__rosidl_typesupport_introspection_c__pyext
[3.025s] [100%] Built target bumperbot_msgs__rosidl_typesupport_c__pyext
[4.171s] running egg_info
[4.183s] writing bumperbot_msgs.egg-info/PKG-INFO
[4.189s] writing dependency_links to bumperbot_msgs.egg-info/dependency_links.txt
[4.192s] writing top-level names to bumperbot_msgs.egg-info/top_level.txt
[4.230s] reading manifest file 'bumperbot_msgs.egg-info/SOURCES.txt'
[4.236s] writing manifest file 'bumperbot_msgs.egg-info/SOURCES.txt'
[4.517s] [100%] Built target ament_cmake_python_build_bumperbot_msgs_egg
[4.691s] Invoked command in '/home/chaitanya/bumperbot_ws/build/bumperbot_msgs' returned '0': CMAKE_PREFIX_PATH=/opt/ros/humble /usr/bin/cmake --build /home/chaitanya/bumperbot_ws/build/bumperbot_msgs -- -j4 -l4
[4.712s] Invoking command in '/home/chaitanya/bumperbot_ws/build/bumperbot_msgs': CMAKE_PREFIX_PATH=/opt/ros/humble /usr/bin/cmake --install /home/chaitanya/bumperbot_ws/build/bumperbot_msgs
[4.883s] -- Install configuration: ""
[4.891s] -- Up-to-date: /home/chaitanya/bumperbot_ws/install/bumperbot_msgs/share/ament_index/resource_index/rosidl_interfaces/bumperbot_msgs
[4.925s] -- Up-to-date: /home/chaitanya/bumperbot_ws/install/bumperbot_msgs/include/bumperbot_msgs/bumperbot_msgs
[4.926s] -- Up-to-date: /home/chaitanya/bumperbot_ws/install/bumperbot_msgs/include/bumperbot_msgs/bumperbot_msgs/srv
[4.927s] -- Up-to-date: /home/chaitanya/bumperbot_ws/install/bumperbot_msgs/include/bumperbot_msgs/bumperbot_msgs/srv/detail
[4.946s] -- Up-to-date: /home/chaitanya/bumperbot_ws/install/bumperbot_msgs/include/bumperbot_msgs/bumperbot_msgs/srv/detail/add_two_ints__functions.c
[4.948s] -- Up-to-date: /home/chaitanya/bumperbot_ws/install/bumperbot_msgs/include/bumperbot_msgs/bumperbot_msgs/srv/detail/add_two_ints__functions.h
[4.971s] -- Up-to-date: /home/chaitanya/bumperbot_ws/install/bumperbot_msgs/include/bumperbot_msgs/bumperbot_msgs/srv/detail/get_transform__functions.c
[4.972s] -- Up-to-date: /home/chaitanya/bumperbot_ws/install/bumperbot_msgs/include/bumperbot_msgs/bumperbot_msgs/srv/detail/add_two_ints__type_support.h
[4.973s] -- Up-to-date: /home/chaitanya/bumperbot_ws/install/bumperbot_msgs/include/bumperbot_msgs/bumperbot_msgs/srv/detail/get_transform__type_support.h
[4.973s] -- Up-to-date: /home/chaitanya/bumperbot_ws/install/bumperbot_msgs/include/bumperbot_msgs/bumperbot_msgs/srv/detail/add_two_ints__struct.h
[4.974s] -- Up-to-date: /home/chaitanya/bumperbot_ws/install/bumperbot_msgs/include/bumperbot_msgs/bumperbot_msgs/srv/detail/get_transform__functions.h
[4.977s] -- Up-to-date: /home/chaitanya/bumperbot_ws/install/bumperbot_msgs/include/bumperbot_msgs/bumperbot_msgs/srv/detail/get_transform__struct.h
[5.008s] -- Up-to-date: /home/chaitanya/bumperbot_ws/install/bumperbot_msgs/include/bumperbot_msgs/bumperbot_msgs/srv/get_transform.h
[5.009s] -- Up-to-date: /home/chaitanya/bumperbot_ws/install/bumperbot_msgs/include/bumperbot_msgs/bumperbot_msgs/srv/add_two_ints.h
[5.010s] -- Up-to-date: /home/chaitanya/bumperbot_ws/install/bumperbot_msgs/include/bumperbot_msgs/bumperbot_msgs/msg
[5.028s] -- Up-to-date: /home/chaitanya/bumperbot_ws/install/bumperbot_msgs/include/bumperbot_msgs/bumperbot_msgs/msg/rosidl_generator_c__visibility_control.h
[5.029s] -- Up-to-date: /home/chaitanya/bumperbot_ws/install/bumperbot_msgs/share/bumperbot_msgs/environment/library_path.sh
[5.030s] -- Up-to-date: /home/chaitanya/bumperbot_ws/install/bumperbot_msgs/share/bumperbot_msgs/environment/library_path.dsv
[5.031s] -- Up-to-date: /home/chaitanya/bumperbot_ws/install/bumperbot_msgs/lib/libbumperbot_msgs__rosidl_generator_c.so
[5.031s] -- Up-to-date: /home/chaitanya/bumperbot_ws/install/bumperbot_msgs/include/bumperbot_msgs/bumperbot_msgs
[5.032s] -- Up-to-date: /home/chaitanya/bumperbot_ws/install/bumperbot_msgs/include/bumperbot_msgs/bumperbot_msgs/srv
[5.032s] -- Up-to-date: /home/chaitanya/bumperbot_ws/install/bumperbot_msgs/include/bumperbot_msgs/bumperbot_msgs/srv/detail
[5.033s] -- Up-to-date: /home/chaitanya/bumperbot_ws/install/bumperbot_msgs/include/bumperbot_msgs/bumperbot_msgs/srv/detail/get_transform__rosidl_typesupport_fastrtps_c.h
[5.033s] -- Up-to-date: /home/chaitanya/bumperbot_ws/install/bumperbot_msgs/include/bumperbot_msgs/bumperbot_msgs/srv/detail/add_two_ints__rosidl_typesupport_fastrtps_c.h
[5.036s] -- Up-to-date: /home/chaitanya/bumperbot_ws/install/bumperbot_msgs/include/bumperbot_msgs/bumperbot_msgs/msg
[5.041s] -- Up-to-date: /home/chaitanya/bumperbot_ws/install/bumperbot_msgs/include/bumperbot_msgs/bumperbot_msgs/msg/rosidl_typesupport_fastrtps_c__visibility_control.h
[5.049s] -- Up-to-date: /home/chaitanya/bumperbot_ws/install/bumperbot_msgs/lib/libbumperbot_msgs__rosidl_typesupport_fastrtps_c.so
[5.053s] -- Up-to-date: /home/chaitanya/bumperbot_ws/install/bumperbot_msgs/include/bumperbot_msgs/bumperbot_msgs
[5.056s] -- Up-to-date: /home/chaitanya/bumperbot_ws/install/bumperbot_msgs/include/bumperbot_msgs/bumperbot_msgs/srv
[5.056s] -- Up-to-date: /home/chaitanya/bumperbot_ws/install/bumperbot_msgs/include/bumperbot_msgs/bumperbot_msgs/srv/add_two_ints.hpp
[5.057s] -- Up-to-date: /home/chaitanya/bumperbot_ws/install/bumperbot_msgs/include/bumperbot_msgs/bumperbot_msgs/srv/detail
[5.058s] -- Up-to-date: /home/chaitanya/bumperbot_ws/install/bumperbot_msgs/include/bumperbot_msgs/bumperbot_msgs/srv/detail/add_two_ints__traits.hpp
[5.059s] -- Up-to-date: /home/chaitanya/bumperbot_ws/install/bumperbot_msgs/include/bumperbot_msgs/bumperbot_msgs/srv/detail/get_transform__struct.hpp
[5.059s] -- Up-to-date: /home/chaitanya/bumperbot_ws/install/bumperbot_msgs/include/bumperbot_msgs/bumperbot_msgs/srv/detail/add_two_ints__builder.hpp
[5.071s] -- Up-to-date: /home/chaitanya/bumperbot_ws/install/bumperbot_msgs/include/bumperbot_msgs/bumperbot_msgs/srv/detail/get_transform__builder.hpp
[5.072s] -- Up-to-date: /home/chaitanya/bumperbot_ws/install/bumperbot_msgs/include/bumperbot_msgs/bumperbot_msgs/srv/detail/get_transform__type_support.hpp
[5.073s] -- Up-to-date: /home/chaitanya/bumperbot_ws/install/bumperbot_msgs/include/bumperbot_msgs/bumperbot_msgs/srv/detail/get_transform__traits.hpp
[5.079s] -- Up-to-date: /home/chaitanya/bumperbot_ws/install/bumperbot_msgs/include/bumperbot_msgs/bumperbot_msgs/srv/detail/add_two_ints__type_support.hpp
[5.088s] -- Up-to-date: /home/chaitanya/bumperbot_ws/install/bumperbot_msgs/include/bumperbot_msgs/bumperbot_msgs/srv/detail/add_two_ints__struct.hpp
[5.089s] -- Up-to-date: /home/chaitanya/bumperbot_ws/install/bumperbot_msgs/include/bumperbot_msgs/bumperbot_msgs/srv/get_transform.hpp
[5.089s] -- Up-to-date: /home/chaitanya/bumperbot_ws/install/bumperbot_msgs/include/bumperbot_msgs/bumperbot_msgs/msg
[5.090s] -- Up-to-date: /home/chaitanya/bumperbot_ws/install/bumperbot_msgs/include/bumperbot_msgs/bumperbot_msgs/msg/rosidl_generator_cpp__visibility_control.hpp
[5.090s] -- Up-to-date: /home/chaitanya/bumperbot_ws/install/bumperbot_msgs/include/bumperbot_msgs/bumperbot_msgs
[5.091s] -- Up-to-date: /home/chaitanya/bumperbot_ws/install/bumperbot_msgs/include/bumperbot_msgs/bumperbot_msgs/srv
[5.091s] -- Up-to-date: /home/chaitanya/bumperbot_ws/install/bumperbot_msgs/include/bumperbot_msgs/bumperbot_msgs/srv/detail
[5.092s] -- Up-to-date: /home/chaitanya/bumperbot_ws/install/bumperbot_msgs/include/bumperbot_msgs/bumperbot_msgs/srv/detail/get_transform__rosidl_typesupport_fastrtps_cpp.hpp
[5.092s] -- Up-to-date: /home/chaitanya/bumperbot_ws/install/bumperbot_msgs/include/bumperbot_msgs/bumperbot_msgs/srv/detail/add_two_ints__rosidl_typesupport_fastrtps_cpp.hpp
[5.093s] -- Up-to-date: /home/chaitanya/bumperbot_ws/install/bumperbot_msgs/include/bumperbot_msgs/bumperbot_msgs/srv/detail/dds_fastrtps
[5.100s] -- Up-to-date: /home/chaitanya/bumperbot_ws/install/bumperbot_msgs/include/bumperbot_msgs/bumperbot_msgs/msg
[5.102s] -- Up-to-date: /home/chaitanya/bumperbot_ws/install/bumperbot_msgs/include/bumperbot_msgs/bumperbot_msgs/msg/rosidl_typesupport_fastrtps_cpp__visibility_control.h
[5.103s] -- Up-to-date: /home/chaitanya/bumperbot_ws/install/bumperbot_msgs/lib/libbumperbot_msgs__rosidl_typesupport_fastrtps_cpp.so
[5.104s] -- Up-to-date: /home/chaitanya/bumperbot_ws/install/bumperbot_msgs/include/bumperbot_msgs/bumperbot_msgs
[5.105s] -- Up-to-date: /home/chaitanya/bumperbot_ws/install/bumperbot_msgs/include/bumperbot_msgs/bumperbot_msgs/srv
[5.120s] -- Up-to-date: /home/chaitanya/bumperbot_ws/install/bumperbot_msgs/include/bumperbot_msgs/bumperbot_msgs/srv/detail
[5.131s] -- Up-to-date: /home/chaitanya/bumperbot_ws/install/bumperbot_msgs/include/bumperbot_msgs/bumperbot_msgs/srv/detail/add_two_ints__rosidl_typesupport_introspection_c.h
[5.132s] -- Up-to-date: /home/chaitanya/bumperbot_ws/install/bumperbot_msgs/include/bumperbot_msgs/bumperbot_msgs/srv/detail/add_two_ints__type_support.c
[5.133s] -- Up-to-date: /home/chaitanya/bumperbot_ws/install/bumperbot_msgs/include/bumperbot_msgs/bumperbot_msgs/srv/detail/get_transform__rosidl_typesupport_introspection_c.h
[5.133s] -- Up-to-date: /home/chaitanya/bumperbot_ws/install/bumperbot_msgs/include/bumperbot_msgs/bumperbot_msgs/srv/detail/get_transform__type_support.c
[5.134s] -- Up-to-date: /home/chaitanya/bumperbot_ws/install/bumperbot_msgs/include/bumperbot_msgs/bumperbot_msgs/msg
[5.135s] -- Up-to-date: /home/chaitanya/bumperbot_ws/install/bumperbot_msgs/include/bumperbot_msgs/bumperbot_msgs/msg/rosidl_typesupport_introspection_c__visibility_control.h
[5.136s] -- Up-to-date: /home/chaitanya/bumperbot_ws/install/bumperbot_msgs/lib/libbumperbot_msgs__rosidl_typesupport_introspection_c.so
[5.136s] -- Up-to-date: /home/chaitanya/bumperbot_ws/install/bumperbot_msgs/lib/libbumperbot_msgs__rosidl_typesupport_c.so
[5.137s] -- Up-to-date: /home/chaitanya/bumperbot_ws/install/bumperbot_msgs/include/bumperbot_msgs/bumperbot_msgs
[5.140s] -- Up-to-date: /home/chaitanya/bumperbot_ws/install/bumperbot_msgs/include/bumperbot_msgs/bumperbot_msgs/srv
[5.141s] -- Up-to-date: /home/chaitanya/bumperbot_ws/install/bumperbot_msgs/include/bumperbot_msgs/bumperbot_msgs/srv/detail
[5.141s] -- Up-to-date: /home/chaitanya/bumperbot_ws/install/bumperbot_msgs/include/bumperbot_msgs/bumperbot_msgs/srv/detail/add_two_ints__rosidl_typesupport_introspection_cpp.hpp
[5.142s] -- Up-to-date: /home/chaitanya/bumperbot_ws/install/bumperbot_msgs/include/bumperbot_msgs/bumperbot_msgs/srv/detail/get_transform__rosidl_typesupport_introspection_cpp.hpp
[5.143s] -- Up-to-date: /home/chaitanya/bumperbot_ws/install/bumperbot_msgs/include/bumperbot_msgs/bumperbot_msgs/srv/detail/add_two_ints__type_support.cpp
[5.143s] -- Up-to-date: /home/chaitanya/bumperbot_ws/install/bumperbot_msgs/include/bumperbot_msgs/bumperbot_msgs/srv/detail/get_transform__type_support.cpp
[5.144s] -- Up-to-date: /home/chaitanya/bumperbot_ws/install/bumperbot_msgs/lib/libbumperbot_msgs__rosidl_typesupport_introspection_cpp.so
[5.145s] -- Up-to-date: /home/chaitanya/bumperbot_ws/install/bumperbot_msgs/lib/libbumperbot_msgs__rosidl_typesupport_cpp.so
[5.150s] -- Up-to-date: /home/chaitanya/bumperbot_ws/install/bumperbot_msgs/share/bumperbot_msgs/environment/pythonpath.sh
[5.151s] -- Up-to-date: /home/chaitanya/bumperbot_ws/install/bumperbot_msgs/share/bumperbot_msgs/environment/pythonpath.dsv
[5.152s] -- Up-to-date: /home/chaitanya/bumperbot_ws/install/bumperbot_msgs/local/lib/python3.10/dist-packages/bumperbot_msgs-0.0.0-py3.10.egg-info
[5.153s] -- Installing: /home/chaitanya/bumperbot_ws/install/bumperbot_msgs/local/lib/python3.10/dist-packages/bumperbot_msgs-0.0.0-py3.10.egg-info/PKG-INFO
[5.153s] -- Installing: /home/chaitanya/bumperbot_ws/install/bumperbot_msgs/local/lib/python3.10/dist-packages/bumperbot_msgs-0.0.0-py3.10.egg-info/top_level.txt
[5.155s] -- Installing: /home/chaitanya/bumperbot_ws/install/bumperbot_msgs/local/lib/python3.10/dist-packages/bumperbot_msgs-0.0.0-py3.10.egg-info/dependency_links.txt
[5.156s] -- Installing: /home/chaitanya/bumperbot_ws/install/bumperbot_msgs/local/lib/python3.10/dist-packages/bumperbot_msgs-0.0.0-py3.10.egg-info/SOURCES.txt
[5.156s] -- Up-to-date: /home/chaitanya/bumperbot_ws/install/bumperbot_msgs/local/lib/python3.10/dist-packages/bumperbot_msgs
[5.157s] -- Up-to-date: /home/chaitanya/bumperbot_ws/install/bumperbot_msgs/local/lib/python3.10/dist-packages/bumperbot_msgs/bumperbot_msgs_s__rosidl_typesupport_fastrtps_c.cpython-310-aarch64-linux-gnu.so
[5.160s] -- Up-to-date: /home/chaitanya/bumperbot_ws/install/bumperbot_msgs/local/lib/python3.10/dist-packages/bumperbot_msgs/srv
[5.161s] -- Up-to-date: /home/chaitanya/bumperbot_ws/install/bumperbot_msgs/local/lib/python3.10/dist-packages/bumperbot_msgs/srv/_get_transform.py
[5.161s] -- Up-to-date: /home/chaitanya/bumperbot_ws/install/bumperbot_msgs/local/lib/python3.10/dist-packages/bumperbot_msgs/srv/_get_transform_s.c
[5.162s] -- Up-to-date: /home/chaitanya/bumperbot_ws/install/bumperbot_msgs/local/lib/python3.10/dist-packages/bumperbot_msgs/srv/_add_two_ints_s.c
[5.163s] -- Up-to-date: /home/chaitanya/bumperbot_ws/install/bumperbot_msgs/local/lib/python3.10/dist-packages/bumperbot_msgs/srv/__init__.py
[5.163s] -- Up-to-date: /home/chaitanya/bumperbot_ws/install/bumperbot_msgs/local/lib/python3.10/dist-packages/bumperbot_msgs/srv/_add_two_ints.py
[5.164s] -- Up-to-date: /home/chaitanya/bumperbot_ws/install/bumperbot_msgs/local/lib/python3.10/dist-packages/bumperbot_msgs/bumperbot_msgs_s__rosidl_typesupport_introspection_c.cpython-310-aarch64-linux-gnu.so
[5.167s] -- Up-to-date: /home/chaitanya/bumperbot_ws/install/bumperbot_msgs/local/lib/python3.10/dist-packages/bumperbot_msgs/__init__.py
[5.168s] -- Up-to-date: /home/chaitanya/bumperbot_ws/install/bumperbot_msgs/local/lib/python3.10/dist-packages/bumperbot_msgs/_bumperbot_msgs_s.ep.rosidl_typesupport_introspection_c.c
[5.168s] -- Up-to-date: /home/chaitanya/bumperbot_ws/install/bumperbot_msgs/local/lib/python3.10/dist-packages/bumperbot_msgs/libbumperbot_msgs__rosidl_generator_py.so
[5.169s] -- Up-to-date: /home/chaitanya/bumperbot_ws/install/bumperbot_msgs/local/lib/python3.10/dist-packages/bumperbot_msgs/_bumperbot_msgs_s.ep.rosidl_typesupport_fastrtps_c.c
[5.169s] -- Up-to-date: /home/chaitanya/bumperbot_ws/install/bumperbot_msgs/local/lib/python3.10/dist-packages/bumperbot_msgs/bumperbot_msgs_s__rosidl_typesupport_c.cpython-310-aarch64-linux-gnu.so
[5.171s] -- Up-to-date: /home/chaitanya/bumperbot_ws/install/bumperbot_msgs/local/lib/python3.10/dist-packages/bumperbot_msgs/_bumperbot_msgs_s.ep.rosidl_typesupport_c.c
[5.535s] Listing '/home/chaitanya/bumperbot_ws/install/bumperbot_msgs/local/lib/python3.10/dist-packages/bumperbot_msgs'...
[5.536s] Listing '/home/chaitanya/bumperbot_ws/install/bumperbot_msgs/local/lib/python3.10/dist-packages/bumperbot_msgs/srv'...
[5.575s] -- Up-to-date: /home/chaitanya/bumperbot_ws/install/bumperbot_msgs/local/lib/python3.10/dist-packages/bumperbot_msgs/bumperbot_msgs_s__rosidl_typesupport_fastrtps_c.cpython-310-aarch64-linux-gnu.so
[5.579s] -- Up-to-date: /home/chaitanya/bumperbot_ws/install/bumperbot_msgs/local/lib/python3.10/dist-packages/bumperbot_msgs/bumperbot_msgs_s__rosidl_typesupport_introspection_c.cpython-310-aarch64-linux-gnu.so
[5.580s] -- Up-to-date: /home/chaitanya/bumperbot_ws/install/bumperbot_msgs/local/lib/python3.10/dist-packages/bumperbot_msgs/bumperbot_msgs_s__rosidl_typesupport_c.cpython-310-aarch64-linux-gnu.so
[5.584s] -- Up-to-date: /home/chaitanya/bumperbot_ws/install/bumperbot_msgs/lib/libbumperbot_msgs__rosidl_generator_py.so
[5.602s] -- Up-to-date: /home/chaitanya/bumperbot_ws/install/bumperbot_msgs/share/bumperbot_msgs/srv/AddTwoInts.idl
[5.609s] -- Up-to-date: /home/chaitanya/bumperbot_ws/install/bumperbot_msgs/share/bumperbot_msgs/srv/GetTransform.idl
[5.613s] -- Up-to-date: /home/chaitanya/bumperbot_ws/install/bumperbot_msgs/share/bumperbot_msgs/srv/AddTwoInts.srv
[5.614s] -- Up-to-date: /home/chaitanya/bumperbot_ws/install/bumperbot_msgs/share/bumperbot_msgs/srv/AddTwoInts_Request.msg
[5.623s] -- Up-to-date: /home/chaitanya/bumperbot_ws/install/bumperbot_msgs/share/bumperbot_msgs/srv/AddTwoInts_Response.msg
[5.630s] -- Up-to-date: /home/chaitanya/bumperbot_ws/install/bumperbot_msgs/share/bumperbot_msgs/srv/GetTransform.srv
[5.633s] -- Up-to-date: /home/chaitanya/bumperbot_ws/install/bumperbot_msgs/share/bumperbot_msgs/srv/GetTransform_Request.msg
[5.636s] -- Up-to-date: /home/chaitanya/bumperbot_ws/install/bumperbot_msgs/share/bumperbot_msgs/srv/GetTransform_Response.msg
[5.640s] -- Up-to-date: /home/chaitanya/bumperbot_ws/install/bumperbot_msgs/share/ament_index/resource_index/package_run_dependencies/bumperbot_msgs
[5.641s] -- Up-to-date: /home/chaitanya/bumperbot_ws/install/bumperbot_msgs/share/ament_index/resource_index/parent_prefix_path/bumperbot_msgs
[5.656s] -- Up-to-date: /home/chaitanya/bumperbot_ws/install/bumperbot_msgs/share/bumperbot_msgs/environment/ament_prefix_path.sh
[5.657s] -- Up-to-date: /home/chaitanya/bumperbot_ws/install/bumperbot_msgs/share/bumperbot_msgs/environment/ament_prefix_path.dsv
[5.657s] -- Up-to-date: /home/chaitanya/bumperbot_ws/install/bumperbot_msgs/share/bumperbot_msgs/environment/path.sh
[5.658s] -- Up-to-date: /home/chaitanya/bumperbot_ws/install/bumperbot_msgs/share/bumperbot_msgs/environment/path.dsv
[5.658s] -- Up-to-date: /home/chaitanya/bumperbot_ws/install/bumperbot_msgs/share/bumperbot_msgs/local_setup.bash
[5.661s] -- Up-to-date: /home/chaitanya/bumperbot_ws/install/bumperbot_msgs/share/bumperbot_msgs/local_setup.sh
[5.663s] -- Up-to-date: /home/chaitanya/bumperbot_ws/install/bumperbot_msgs/share/bumperbot_msgs/local_setup.zsh
[5.665s] -- Up-to-date: /home/chaitanya/bumperbot_ws/install/bumperbot_msgs/share/bumperbot_msgs/local_setup.dsv
[5.666s] -- Installing: /home/chaitanya/bumperbot_ws/install/bumperbot_msgs/share/bumperbot_msgs/package.dsv
[5.666s] -- Up-to-date: /home/chaitanya/bumperbot_ws/install/bumperbot_msgs/share/ament_index/resource_index/packages/bumperbot_msgs
[5.667s] -- Up-to-date: /home/chaitanya/bumperbot_ws/install/bumperbot_msgs/share/bumperbot_msgs/cmake/export_bumperbot_msgs__rosidl_generator_cExport.cmake
[5.667s] -- Up-to-date: /home/chaitanya/bumperbot_ws/install/bumperbot_msgs/share/bumperbot_msgs/cmake/export_bumperbot_msgs__rosidl_generator_cExport-noconfig.cmake
[5.669s] -- Up-to-date: /home/chaitanya/bumperbot_ws/install/bumperbot_msgs/share/bumperbot_msgs/cmake/export_bumperbot_msgs__rosidl_typesupport_fastrtps_cExport.cmake
[5.670s] -- Up-to-date: /home/chaitanya/bumperbot_ws/install/bumperbot_msgs/share/bumperbot_msgs/cmake/export_bumperbot_msgs__rosidl_typesupport_fastrtps_cExport-noconfig.cmake
[5.671s] -- Up-to-date: /home/chaitanya/bumperbot_ws/install/bumperbot_msgs/share/bumperbot_msgs/cmake/export_bumperbot_msgs__rosidl_generator_cppExport.cmake
[5.672s] -- Up-to-date: /home/chaitanya/bumperbot_ws/install/bumperbot_msgs/share/bumperbot_msgs/cmake/export_bumperbot_msgs__rosidl_typesupport_fastrtps_cppExport.cmake
[5.673s] -- Up-to-date: /home/chaitanya/bumperbot_ws/install/bumperbot_msgs/share/bumperbot_msgs/cmake/export_bumperbot_msgs__rosidl_typesupport_fastrtps_cppExport-noconfig.cmake
[5.674s] -- Up-to-date: /home/chaitanya/bumperbot_ws/install/bumperbot_msgs/share/bumperbot_msgs/cmake/bumperbot_msgs__rosidl_typesupport_introspection_cExport.cmake
[5.674s] -- Up-to-date: /home/chaitanya/bumperbot_ws/install/bumperbot_msgs/share/bumperbot_msgs/cmake/bumperbot_msgs__rosidl_typesupport_introspection_cExport-noconfig.cmake
[5.675s] -- Up-to-date: /home/chaitanya/bumperbot_ws/install/bumperbot_msgs/share/bumperbot_msgs/cmake/bumperbot_msgs__rosidl_typesupport_cExport.cmake
[5.675s] -- Up-to-date: /home/chaitanya/bumperbot_ws/install/bumperbot_msgs/share/bumperbot_msgs/cmake/bumperbot_msgs__rosidl_typesupport_cExport-noconfig.cmake
[5.675s] -- Up-to-date: /home/chaitanya/bumperbot_ws/install/bumperbot_msgs/share/bumperbot_msgs/cmake/bumperbot_msgs__rosidl_typesupport_introspection_cppExport.cmake
[5.676s] -- Up-to-date: /home/chaitanya/bumperbot_ws/install/bumperbot_msgs/share/bumperbot_msgs/cmake/bumperbot_msgs__rosidl_typesupport_introspection_cppExport-noconfig.cmake
[5.676s] -- Up-to-date: /home/chaitanya/bumperbot_ws/install/bumperbot_msgs/share/bumperbot_msgs/cmake/bumperbot_msgs__rosidl_typesupport_cppExport.cmake
[5.676s] -- Up-to-date: /home/chaitanya/bumperbot_ws/install/bumperbot_msgs/share/bumperbot_msgs/cmake/bumperbot_msgs__rosidl_typesupport_cppExport-noconfig.cmake
[5.676s] -- Up-to-date: /home/chaitanya/bumperbot_ws/install/bumperbot_msgs/share/bumperbot_msgs/cmake/export_bumperbot_msgs__rosidl_generator_pyExport.cmake
[5.677s] -- Up-to-date: /home/chaitanya/bumperbot_ws/install/bumperbot_msgs/share/bumperbot_msgs/cmake/export_bumperbot_msgs__rosidl_generator_pyExport-noconfig.cmake
[5.677s] -- Up-to-date: /home/chaitanya/bumperbot_ws/install/bumperbot_msgs/share/bumperbot_msgs/cmake/rosidl_cmake-extras.cmake
[5.677s] -- Up-to-date: /home/chaitanya/bumperbot_ws/install/bumperbot_msgs/share/bumperbot_msgs/cmake/ament_cmake_export_dependencies-extras.cmake
[5.678s] -- Up-to-date: /home/chaitanya/bumperbot_ws/install/bumperbot_msgs/share/bumperbot_msgs/cmake/ament_cmake_export_include_directories-extras.cmake
[5.678s] -- Up-to-date: /home/chaitanya/bumperbot_ws/install/bumperbot_msgs/share/bumperbot_msgs/cmake/ament_cmake_export_libraries-extras.cmake
[5.679s] -- Up-to-date: /home/chaitanya/bumperbot_ws/install/bumperbot_msgs/share/bumperbot_msgs/cmake/ament_cmake_export_targets-extras.cmake
[5.679s] -- Up-to-date: /home/chaitanya/bumperbot_ws/install/bumperbot_msgs/share/bumperbot_msgs/cmake/rosidl_cmake_export_typesupport_targets-extras.cmake
[5.679s] -- Up-to-date: /home/chaitanya/bumperbot_ws/install/bumperbot_msgs/share/bumperbot_msgs/cmake/rosidl_cmake_export_typesupport_libraries-extras.cmake
[5.680s] -- Up-to-date: /home/chaitanya/bumperbot_ws/install/bumperbot_msgs/share/bumperbot_msgs/cmake/bumperbot_msgsConfig.cmake
[5.680s] -- Up-to-date: /home/chaitanya/bumperbot_ws/install/bumperbot_msgs/share/bumperbot_msgs/cmake/bumperbot_msgsConfig-version.cmake
[5.680s] -- Up-to-date: /home/chaitanya/bumperbot_ws/install/bumperbot_msgs/share/bumperbot_msgs/package.xml
[5.813s] Invoked command in '/home/chaitanya/bumperbot_ws/build/bumperbot_msgs' returned '0': CMAKE_PREFIX_PATH=/opt/ros/humble /usr/bin/cmake --install /home/chaitanya/bumperbot_ws/build/bumperbot_msgs
