[0.130s] Invoking command in '/home/chaitanya/bumperbot_ws/build/bumperbot_msgs': CMAKE_PREFIX_PATH=/opt/ros/humble /usr/bin/cmake /home/chaitanya/bumperbot_ws/src/bumperbot_msgs -DCMAKE_INSTALL_PREFIX=/home/chaitanya/bumperbot_ws/install/bumperbot_msgs
[1.605s] -- The C compiler identification is GNU 11.4.0
[2.669s] -- The CXX compiler identification is GNU 11.4.0
[2.750s] -- Detecting C compiler ABI info
[3.851s] -- Detecting C compiler ABI info - done
[3.916s] -- Check for working C compiler: /usr/bin/cc - skipped
[3.925s] -- Detecting C compile features
[3.926s] -- Detecting C compile features - done
[3.934s] -- Detecting CXX compiler ABI info
[4.777s] -- Detecting CXX compiler ABI info - done
[4.807s] -- Check for working CXX compiler: /usr/bin/c++ - skipped
[4.810s] -- Detecting CXX compile features
[4.813s] -- Detecting CXX compile features - done
[4.970s] -- Found ament_cmake: 1.3.11 (/opt/ros/humble/share/ament_cmake/cmake)
[6.659s] -- Found Python3: /usr/bin/python3 (found version "3.10.12") found components: Interpreter 
[7.978s] -- Found geometry_msgs: 4.8.0 (/opt/ros/humble/share/geometry_msgs/cmake)
[8.457s] -- Found rosidl_generator_c: 3.1.6 (/opt/ros/humble/share/rosidl_generator_c/cmake)
[8.625s] -- Found rosidl_adapter: 3.1.6 (/opt/ros/humble/share/rosidl_adapter/cmake)
[8.737s] -- Found rosidl_generator_cpp: 3.1.6 (/opt/ros/humble/share/rosidl_generator_cpp/cmake)
[8.956s] -- Using all available rosidl_typesupport_c: rosidl_typesupport_fastrtps_c;rosidl_typesupport_introspection_c
[9.205s] -- Using all available rosidl_typesupport_cpp: rosidl_typesupport_fastrtps_cpp;rosidl_typesupport_introspection_cpp
[9.752s] -- Found rosidl_default_generators: 1.2.0 (/opt/ros/humble/share/rosidl_default_generators/cmake)
[12.881s] -- Found ament_cmake_ros: 0.10.0 (/opt/ros/humble/share/ament_cmake_ros/cmake)
[18.017s] -- Using all available rosidl_typesupport_c: rosidl_typesupport_fastrtps_c;rosidl_typesupport_introspection_c
[20.453s] -- Using all available rosidl_typesupport_cpp: rosidl_typesupport_fastrtps_cpp;rosidl_typesupport_introspection_cpp
[20.822s] -- Found PythonInterp: /usr/bin/python3 (found suitable version "3.10.12", minimum required is "3.6") 
[20.885s] -- Found python_cmake_module: 0.10.0 (/opt/ros/humble/share/python_cmake_module/cmake)
[21.099s] -- Found PythonLibs: /usr/lib/aarch64-linux-gnu/libpython3.10.so (found suitable version "3.10.12", minimum required is "3.5") 
[21.099s] -- Using PYTHON_EXECUTABLE: /usr/bin/python3
[21.099s] -- Using PYTHON_INCLUDE_DIRS: /usr/include/python3.10
[21.100s] -- Using PYTHON_LIBRARIES: /usr/lib/aarch64-linux-gnu/libpython3.10.so
[21.458s] -- Found PythonExtra: .so  
[22.759s] -- Configuring done
[23.464s] -- Generating done
[23.588s] -- Build files have been written to: /home/chaitanya/bumperbot_ws/build/bumperbot_msgs
[23.682s] Invoked command in '/home/chaitanya/bumperbot_ws/build/bumperbot_msgs' returned '0': CMAKE_PREFIX_PATH=/opt/ros/humble /usr/bin/cmake /home/chaitanya/bumperbot_ws/src/bumperbot_msgs -DCMAKE_INSTALL_PREFIX=/home/chaitanya/bumperbot_ws/install/bumperbot_msgs
[23.684s] Invoking command in '/home/chaitanya/bumperbot_ws/build/bumperbot_msgs': CMAKE_PREFIX_PATH=/opt/ros/humble /usr/bin/cmake --build /home/chaitanya/bumperbot_ws/build/bumperbot_msgs -- -j4 -l4
[24.544s] [  2%] [34m[1mGenerating C++ code for ROS interfaces[0m
[32.085s] [  2%] Built target bumperbot_msgs__cpp
[32.783s] [  2%] Built target ament_cmake_python_copy_bumperbot_msgs
[33.006s] [  5%] [34m[1mGenerating C++ type support for eProsima Fast-RTPS[0m
[40.862s] [  7%] [32mBuilding CXX object CMakeFiles/bumperbot_msgs__rosidl_typesupport_fastrtps_cpp.dir/rosidl_typesupport_fastrtps_cpp/bumperbot_msgs/srv/detail/dds_fastrtps/add_two_ints__type_support.cpp.o[0m
[50.125s] [ 10%] [32mBuilding CXX object CMakeFiles/bumperbot_msgs__rosidl_typesupport_fastrtps_cpp.dir/rosidl_typesupport_fastrtps_cpp/bumperbot_msgs/srv/detail/dds_fastrtps/get_transform__type_support.cpp.o[0m
