[0.058s] Invoking command in '/home/chaitanya/bumperbot_ws/build/bumperbot_localization': CMAKE_PREFIX_PATH=/opt/ros/humble /usr/bin/cmake --build /home/chaitanya/bumperbot_ws/build/bumperbot_localization -- -j4 -l4
[0.377s] [ 25%] [32mBuilding CXX object CMakeFiles/imu_republisher.dir/src/imu_republisher.cpp.o[0m
[0.389s] [ 50%] [32mBuilding CXX object CMakeFiles/kalman_filter.dir/src/kalman_filter.cpp.o[0m
[0.451s] [ 50%] Built target ament_cmake_python_copy_bumperbot_localization
[3.061s] running egg_info
[3.072s] creating bumperbot_localization.egg-info
[3.073s] writing bumperbot_localization.egg-info/PKG-INFO
[3.075s] writing dependency_links to bumperbot_localization.egg-info/dependency_links.txt
[3.082s] writing top-level names to bumperbot_localization.egg-info/top_level.txt
[3.083s] writing manifest file 'bumperbot_localization.egg-info/SOURCES.txt'
[3.134s] reading manifest file 'bumperbot_localization.egg-info/SOURCES.txt'
[3.137s] writing manifest file 'bumperbot_localization.egg-info/SOURCES.txt'
[3.317s] [ 50%] Built target ament_cmake_python_build_bumperbot_localization_egg
[47.002s] [ 75%] [32m[1mLinking CXX executable imu_republisher[0m
[49.647s] [ 75%] Built target imu_republisher
[60.230s] [100%] [32m[1mLinking CXX executable kalman_filter[0m
[63.034s] [100%] Built target kalman_filter
[63.128s] Invoked command in '/home/chaitanya/bumperbot_ws/build/bumperbot_localization' returned '0': CMAKE_PREFIX_PATH=/opt/ros/humble /usr/bin/cmake --build /home/chaitanya/bumperbot_ws/build/bumperbot_localization -- -j4 -l4
[63.194s] Invoking command in '/home/chaitanya/bumperbot_ws/build/bumperbot_localization': CMAKE_PREFIX_PATH=/opt/ros/humble /usr/bin/cmake --install /home/chaitanya/bumperbot_ws/build/bumperbot_localization
[63.243s] -- Install configuration: ""
[63.248s] -- Installing: /home/chaitanya/bumperbot_ws/install/bumperbot_localization/share/bumperbot_localization/environment/pythonpath.sh
[63.250s] -- Installing: /home/chaitanya/bumperbot_ws/install/bumperbot_localization/share/bumperbot_localization/environment/pythonpath.dsv
[63.251s] -- Installing: /home/chaitanya/bumperbot_ws/install/bumperbot_localization/local/lib/python3.10/dist-packages/bumperbot_localization-0.0.0-py3.10.egg-info
[63.253s] -- Installing: /home/chaitanya/bumperbot_ws/install/bumperbot_localization/local/lib/python3.10/dist-packages/bumperbot_localization-0.0.0-py3.10.egg-info/PKG-INFO
[63.256s] -- Installing: /home/chaitanya/bumperbot_ws/install/bumperbot_localization/local/lib/python3.10/dist-packages/bumperbot_localization-0.0.0-py3.10.egg-info/top_level.txt
[63.257s] -- Installing: /home/chaitanya/bumperbot_ws/install/bumperbot_localization/local/lib/python3.10/dist-packages/bumperbot_localization-0.0.0-py3.10.egg-info/dependency_links.txt
[63.257s] -- Installing: /home/chaitanya/bumperbot_ws/install/bumperbot_localization/local/lib/python3.10/dist-packages/bumperbot_localization-0.0.0-py3.10.egg-info/SOURCES.txt
[63.261s] -- Installing: /home/chaitanya/bumperbot_ws/install/bumperbot_localization/local/lib/python3.10/dist-packages/bumperbot_localization
[63.262s] -- Installing: /home/chaitanya/bumperbot_ws/install/bumperbot_localization/local/lib/python3.10/dist-packages/bumperbot_localization/kalman_filter.py
[63.263s] -- Installing: /home/chaitanya/bumperbot_ws/install/bumperbot_localization/local/lib/python3.10/dist-packages/bumperbot_localization/__init__.py
[63.265s] -- Installing: /home/chaitanya/bumperbot_ws/install/bumperbot_localization/local/lib/python3.10/dist-packages/bumperbot_localization/imu_republisher.py
[63.582s] Listing '/home/chaitanya/bumperbot_ws/install/bumperbot_localization/local/lib/python3.10/dist-packages/bumperbot_localization'...
[63.584s] Compiling '/home/chaitanya/bumperbot_ws/install/bumperbot_localization/local/lib/python3.10/dist-packages/bumperbot_localization/__init__.py'...
[63.586s] Compiling '/home/chaitanya/bumperbot_ws/install/bumperbot_localization/local/lib/python3.10/dist-packages/bumperbot_localization/imu_republisher.py'...
[63.587s] Compiling '/home/chaitanya/bumperbot_ws/install/bumperbot_localization/local/lib/python3.10/dist-packages/bumperbot_localization/kalman_filter.py'...
[63.618s] -- Installing: /home/chaitanya/bumperbot_ws/install/bumperbot_localization/include/include
[63.619s] -- Installing: /home/chaitanya/bumperbot_ws/install/bumperbot_localization/include/include/bumperbot_localization
[63.619s] -- Installing: /home/chaitanya/bumperbot_ws/install/bumperbot_localization/include/include/bumperbot_localization/kalman_filter.hpp
[63.626s] -- Installing: /home/chaitanya/bumperbot_ws/install/bumperbot_localization/lib/bumperbot_localization/kalman_filter
[63.668s] -- Set runtime path of "/home/chaitanya/bumperbot_ws/install/bumperbot_localization/lib/bumperbot_localization/kalman_filter" to ""
[63.669s] -- Installing: /home/chaitanya/bumperbot_ws/install/bumperbot_localization/lib/bumperbot_localization/imu_republisher
[63.696s] -- Set runtime path of "/home/chaitanya/bumperbot_ws/install/bumperbot_localization/lib/bumperbot_localization/imu_republisher" to ""
[63.696s] -- Installing: /home/chaitanya/bumperbot_ws/install/bumperbot_localization/share/bumperbot_localization/launch
[63.697s] -- Installing: /home/chaitanya/bumperbot_ws/install/bumperbot_localization/share/bumperbot_localization/launch/local_localization.launch.py
[63.699s] -- Installing: /home/chaitanya/bumperbot_ws/install/bumperbot_localization/share/bumperbot_localization/config
[63.700s] -- Installing: /home/chaitanya/bumperbot_ws/install/bumperbot_localization/share/bumperbot_localization/config/ekf.yaml
[63.704s] -- Installing: /home/chaitanya/bumperbot_ws/install/bumperbot_localization/lib/bumperbot_localization/kalman_filter.py
[63.706s] -- Installing: /home/chaitanya/bumperbot_ws/install/bumperbot_localization/lib/bumperbot_localization/imu_republisher.py
[63.710s] -- Installing: /home/chaitanya/bumperbot_ws/install/bumperbot_localization/share/ament_index/resource_index/package_run_dependencies/bumperbot_localization
[63.715s] -- Installing: /home/chaitanya/bumperbot_ws/install/bumperbot_localization/share/ament_index/resource_index/parent_prefix_path/bumperbot_localization
[63.722s] -- Installing: /home/chaitanya/bumperbot_ws/install/bumperbot_localization/share/bumperbot_localization/environment/ament_prefix_path.sh
[63.725s] -- Installing: /home/chaitanya/bumperbot_ws/install/bumperbot_localization/share/bumperbot_localization/environment/ament_prefix_path.dsv
[63.727s] -- Installing: /home/chaitanya/bumperbot_ws/install/bumperbot_localization/share/bumperbot_localization/environment/path.sh
[63.729s] -- Installing: /home/chaitanya/bumperbot_ws/install/bumperbot_localization/share/bumperbot_localization/environment/path.dsv
[63.730s] -- Installing: /home/chaitanya/bumperbot_ws/install/bumperbot_localization/share/bumperbot_localization/local_setup.bash
[63.732s] -- Installing: /home/chaitanya/bumperbot_ws/install/bumperbot_localization/share/bumperbot_localization/local_setup.sh
[63.733s] -- Installing: /home/chaitanya/bumperbot_ws/install/bumperbot_localization/share/bumperbot_localization/local_setup.zsh
[63.734s] -- Installing: /home/chaitanya/bumperbot_ws/install/bumperbot_localization/share/bumperbot_localization/local_setup.dsv
[63.736s] -- Installing: /home/chaitanya/bumperbot_ws/install/bumperbot_localization/share/bumperbot_localization/package.dsv
[63.738s] -- Installing: /home/chaitanya/bumperbot_ws/install/bumperbot_localization/share/ament_index/resource_index/packages/bumperbot_localization
[63.739s] -- Installing: /home/chaitanya/bumperbot_ws/install/bumperbot_localization/share/bumperbot_localization/cmake/bumperbot_localizationConfig.cmake
[63.741s] -- Installing: /home/chaitanya/bumperbot_ws/install/bumperbot_localization/share/bumperbot_localization/cmake/bumperbot_localizationConfig-version.cmake
[63.742s] -- Installing: /home/chaitanya/bumperbot_ws/install/bumperbot_localization/share/bumperbot_localization/package.xml
[63.757s] Invoked command in '/home/chaitanya/bumperbot_ws/build/bumperbot_localization' returned '0': CMAKE_PREFIX_PATH=/opt/ros/humble /usr/bin/cmake --install /home/chaitanya/bumperbot_ws/build/bumperbot_localization
