[0.020s] Invoking command in '/home/ubuntu/BumperBot_V1/build/bumperbot_msgs': CMAKE_PREFIX_PATH=/opt/ros/humble /usr/bin/cmake --build /home/ubuntu/BumperBot_V1/build/bumperbot_msgs -- -j8 -l8
[0.062s] [  2%] [32mBuilding C object CMakeFiles/bumperbot_msgs__rosidl_generator_c.dir/rosidl_generator_c/bumperbot_msgs/srv/detail/get_transform__functions.c.o[0m
[0.064s] [  5%] [32mBuilding C object CMakeFiles/bumperbot_msgs__rosidl_generator_c.dir/rosidl_generator_c/bumperbot_msgs/srv/detail/add_two_ints__functions.c.o[0m
[0.066s] [  7%] Built target bumperbot_msgs__cpp
[0.072s] [  7%] Built target ament_cmake_python_copy_bumperbot_msgs
[0.078s] [ 10%] [34m[1mGenerating C++ type support for eProsima Fast-RTPS[0m
[0.081s] [ 12%] [34m[1mGenerating C++ introspection for ROS interfaces[0m
[0.089s] [ 15%] [34m[1mGenerating C++ type support dispatch for ROS interfaces[0m
[0.180s] [ 17%] [32m[1mLinking C shared library libbumperbot_msgs__rosidl_generator_c.so[0m
[0.312s] [ 20%] Built target bumperbot_msgs__rosidl_generator_c
[0.332s] running egg_info
[0.333s] creating bumperbot_msgs.egg-info
[0.333s] writing bumperbot_msgs.egg-info/PKG-INFO
[0.333s] writing dependency_links to bumperbot_msgs.egg-info/dependency_links.txt
[0.333s] writing top-level names to bumperbot_msgs.egg-info/top_level.txt
[0.333s] writing manifest file 'bumperbot_msgs.egg-info/SOURCES.txt'
[0.334s] reading manifest file 'bumperbot_msgs.egg-info/SOURCES.txt'
[0.335s] writing manifest file 'bumperbot_msgs.egg-info/SOURCES.txt'
[0.352s] [ 23%] [34m[1mGenerating C introspection for ROS interfaces[0m
[0.365s] [ 25%] [34m[1mGenerating C type support for eProsima Fast-RTPS[0m
[0.382s] [ 25%] Built target ament_cmake_python_build_bumperbot_msgs_egg
[0.385s] [ 28%] [34m[1mGenerating C type support dispatch for ROS interfaces[0m
[0.480s] [ 30%] [32mBuilding CXX object CMakeFiles/bumperbot_msgs__rosidl_typesupport_introspection_cpp.dir/rosidl_typesupport_introspection_cpp/bumperbot_msgs/srv/detail/add_two_ints__type_support.cpp.o[0m
[0.481s] [ 33%] [32mBuilding CXX object CMakeFiles/bumperbot_msgs__rosidl_typesupport_introspection_cpp.dir/rosidl_typesupport_introspection_cpp/bumperbot_msgs/srv/detail/get_transform__type_support.cpp.o[0m
[0.499s] [ 35%] [32mBuilding CXX object CMakeFiles/bumperbot_msgs__rosidl_typesupport_cpp.dir/rosidl_typesupport_cpp/bumperbot_msgs/srv/get_transform__type_support.cpp.o[0m
[0.503s] [ 38%] [32mBuilding CXX object CMakeFiles/bumperbot_msgs__rosidl_typesupport_cpp.dir/rosidl_typesupport_cpp/bumperbot_msgs/srv/add_two_ints__type_support.cpp.o[0m
[0.694s] [ 41%] [32mBuilding CXX object CMakeFiles/bumperbot_msgs__rosidl_typesupport_fastrtps_cpp.dir/rosidl_typesupport_fastrtps_cpp/bumperbot_msgs/srv/detail/dds_fastrtps/add_two_ints__type_support.cpp.o[0m
[0.721s] [ 43%] [32mBuilding CXX object CMakeFiles/bumperbot_msgs__rosidl_typesupport_c.dir/rosidl_typesupport_c/bumperbot_msgs/srv/add_two_ints__type_support.cpp.o[0m
[0.749s] [ 46%] [32mBuilding CXX object CMakeFiles/bumperbot_msgs__rosidl_typesupport_fastrtps_cpp.dir/rosidl_typesupport_fastrtps_cpp/bumperbot_msgs/srv/detail/dds_fastrtps/get_transform__type_support.cpp.o[0m
[0.781s] [ 48%] [32mBuilding CXX object CMakeFiles/bumperbot_msgs__rosidl_typesupport_c.dir/rosidl_typesupport_c/bumperbot_msgs/srv/get_transform__type_support.cpp.o[0m
[0.796s] [ 51%] [32mBuilding C object CMakeFiles/bumperbot_msgs__rosidl_typesupport_introspection_c.dir/rosidl_typesupport_introspection_c/bumperbot_msgs/srv/detail/add_two_ints__type_support.c.o[0m
[0.821s] [ 53%] [32m[1mLinking CXX shared library libbumperbot_msgs__rosidl_typesupport_cpp.so[0m
[0.821s] [ 56%] [32mBuilding C object CMakeFiles/bumperbot_msgs__rosidl_typesupport_introspection_c.dir/rosidl_typesupport_introspection_c/bumperbot_msgs/srv/detail/get_transform__type_support.c.o[0m
[0.828s] [ 58%] [32mBuilding CXX object CMakeFiles/bumperbot_msgs__rosidl_typesupport_fastrtps_c.dir/rosidl_typesupport_fastrtps_c/bumperbot_msgs/srv/detail/add_two_ints__type_support_c.cpp.o[0m
[0.830s] [ 61%] [32m[1mLinking CXX shared library libbumperbot_msgs__rosidl_typesupport_c.so[0m
[0.837s] [ 64%] [32mBuilding CXX object CMakeFiles/bumperbot_msgs__rosidl_typesupport_fastrtps_c.dir/rosidl_typesupport_fastrtps_c/bumperbot_msgs/srv/detail/get_transform__type_support_c.cpp.o[0m
[0.894s] [ 64%] Built target bumperbot_msgs__rosidl_typesupport_c
[0.947s] [ 66%] [32m[1mLinking C shared library libbumperbot_msgs__rosidl_typesupport_introspection_c.so[0m
[0.974s] [ 66%] Built target bumperbot_msgs__rosidl_typesupport_cpp
[1.005s] [ 69%] [32m[1mLinking CXX shared library libbumperbot_msgs__rosidl_typesupport_introspection_cpp.so[0m
[1.030s] [ 69%] Built target bumperbot_msgs__rosidl_typesupport_introspection_c
[1.114s] [ 69%] Built target bumperbot_msgs__rosidl_typesupport_introspection_cpp
[1.130s] [ 71%] [32m[1mLinking CXX shared library libbumperbot_msgs__rosidl_typesupport_fastrtps_cpp.so[0m
[1.188s] [ 74%] [32m[1mLinking CXX shared library libbumperbot_msgs__rosidl_typesupport_fastrtps_c.so[0m
[1.251s] [ 74%] Built target bumperbot_msgs__rosidl_typesupport_fastrtps_cpp
[1.300s] [ 74%] Built target bumperbot_msgs__rosidl_typesupport_fastrtps_c
[1.322s] [ 74%] Built target bumperbot_msgs
[1.348s] [ 76%] [34m[1mGenerating Python code for ROS interfaces[0m
[2.270s] [ 76%] Built target bumperbot_msgs__py
[2.291s] [ 82%] [32mBuilding C object CMakeFiles/bumperbot_msgs__rosidl_generator_py.dir/rosidl_generator_py/bumperbot_msgs/srv/_add_two_ints_s.c.o[0m
[2.292s] [ 82%] [32mBuilding C object CMakeFiles/bumperbot_msgs__rosidl_generator_py.dir/rosidl_generator_py/bumperbot_msgs/srv/_get_transform_s.c.o[0m
[2.450s] [ 84%] [32m[1mLinking C shared library rosidl_generator_py/bumperbot_msgs/libbumperbot_msgs__rosidl_generator_py.so[0m
[2.498s] [ 84%] Built target bumperbot_msgs__rosidl_generator_py
[2.520s] [ 89%] [32mBuilding C object CMakeFiles/bumperbot_msgs__rosidl_typesupport_fastrtps_c__pyext.dir/rosidl_generator_py/bumperbot_msgs/_bumperbot_msgs_s.ep.rosidl_typesupport_fastrtps_c.c.o[0m
[2.521s] [ 89%] [32mBuilding C object CMakeFiles/bumperbot_msgs__rosidl_typesupport_c__pyext.dir/rosidl_generator_py/bumperbot_msgs/_bumperbot_msgs_s.ep.rosidl_typesupport_c.c.o[0m
[2.532s] [ 92%] [32mBuilding C object CMakeFiles/bumperbot_msgs__rosidl_typesupport_introspection_c__pyext.dir/rosidl_generator_py/bumperbot_msgs/_bumperbot_msgs_s.ep.rosidl_typesupport_introspection_c.c.o[0m
[2.672s] [ 94%] [32m[1mLinking C shared library rosidl_generator_py/bumperbot_msgs/bumperbot_msgs_s__rosidl_typesupport_introspection_c.cpython-310-aarch64-linux-gnu.so[0m
[2.673s] [ 97%] [32m[1mLinking C shared library rosidl_generator_py/bumperbot_msgs/bumperbot_msgs_s__rosidl_typesupport_c.cpython-310-aarch64-linux-gnu.so[0m
[2.681s] [100%] [32m[1mLinking C shared library rosidl_generator_py/bumperbot_msgs/bumperbot_msgs_s__rosidl_typesupport_fastrtps_c.cpython-310-aarch64-linux-gnu.so[0m
[2.702s] [100%] Built target bumperbot_msgs__rosidl_typesupport_c__pyext
[2.723s] [100%] Built target bumperbot_msgs__rosidl_typesupport_introspection_c__pyext
[2.728s] [100%] Built target bumperbot_msgs__rosidl_typesupport_fastrtps_c__pyext
[2.742s] Invoked command in '/home/ubuntu/BumperBot_V1/build/bumperbot_msgs' returned '0': CMAKE_PREFIX_PATH=/opt/ros/humble /usr/bin/cmake --build /home/ubuntu/BumperBot_V1/build/bumperbot_msgs -- -j8 -l8
[2.744s] Invoking command in '/home/ubuntu/BumperBot_V1/build/bumperbot_msgs': CMAKE_PREFIX_PATH=/opt/ros/humble /usr/bin/cmake --install /home/ubuntu/BumperBot_V1/build/bumperbot_msgs
[2.754s] -- Install configuration: ""
[2.755s] -- Installing: /home/ubuntu/BumperBot_V1/install/bumperbot_msgs/share/ament_index/resource_index/rosidl_interfaces/bumperbot_msgs
[2.756s] -- Installing: /home/ubuntu/BumperBot_V1/install/bumperbot_msgs/include/bumperbot_msgs/bumperbot_msgs
[2.756s] -- Installing: /home/ubuntu/BumperBot_V1/install/bumperbot_msgs/include/bumperbot_msgs/bumperbot_msgs/msg
[2.757s] -- Installing: /home/ubuntu/BumperBot_V1/install/bumperbot_msgs/include/bumperbot_msgs/bumperbot_msgs/msg/rosidl_generator_c__visibility_control.h
[2.757s] -- Installing: /home/ubuntu/BumperBot_V1/install/bumperbot_msgs/include/bumperbot_msgs/bumperbot_msgs/srv
[2.757s] -- Installing: /home/ubuntu/BumperBot_V1/install/bumperbot_msgs/include/bumperbot_msgs/bumperbot_msgs/srv/add_two_ints.h
[2.757s] -- Installing: /home/ubuntu/BumperBot_V1/install/bumperbot_msgs/include/bumperbot_msgs/bumperbot_msgs/srv/get_transform.h
[2.757s] -- Installing: /home/ubuntu/BumperBot_V1/install/bumperbot_msgs/include/bumperbot_msgs/bumperbot_msgs/srv/detail
[2.757s] -- Installing: /home/ubuntu/BumperBot_V1/install/bumperbot_msgs/include/bumperbot_msgs/bumperbot_msgs/srv/detail/add_two_ints__functions.c
[2.757s] -- Installing: /home/ubuntu/BumperBot_V1/install/bumperbot_msgs/include/bumperbot_msgs/bumperbot_msgs/srv/detail/get_transform__functions.h
[2.757s] -- Installing: /home/ubuntu/BumperBot_V1/install/bumperbot_msgs/include/bumperbot_msgs/bumperbot_msgs/srv/detail/get_transform__type_support.h
[2.757s] -- Installing: /home/ubuntu/BumperBot_V1/install/bumperbot_msgs/include/bumperbot_msgs/bumperbot_msgs/srv/detail/add_two_ints__struct.h
[2.757s] -- Installing: /home/ubuntu/BumperBot_V1/install/bumperbot_msgs/include/bumperbot_msgs/bumperbot_msgs/srv/detail/add_two_ints__type_support.h
[2.757s] -- Installing: /home/ubuntu/BumperBot_V1/install/bumperbot_msgs/include/bumperbot_msgs/bumperbot_msgs/srv/detail/get_transform__struct.h
[2.757s] -- Installing: /home/ubuntu/BumperBot_V1/install/bumperbot_msgs/include/bumperbot_msgs/bumperbot_msgs/srv/detail/get_transform__functions.c
[2.758s] -- Installing: /home/ubuntu/BumperBot_V1/install/bumperbot_msgs/include/bumperbot_msgs/bumperbot_msgs/srv/detail/add_two_ints__functions.h
[2.758s] -- Installing: /home/ubuntu/BumperBot_V1/install/bumperbot_msgs/share/bumperbot_msgs/environment/library_path.sh
[2.758s] -- Installing: /home/ubuntu/BumperBot_V1/install/bumperbot_msgs/share/bumperbot_msgs/environment/library_path.dsv
[2.758s] -- Installing: /home/ubuntu/BumperBot_V1/install/bumperbot_msgs/lib/libbumperbot_msgs__rosidl_generator_c.so
[2.758s] -- Set runtime path of "/home/ubuntu/BumperBot_V1/install/bumperbot_msgs/lib/libbumperbot_msgs__rosidl_generator_c.so" to ""
[2.758s] -- Up-to-date: /home/ubuntu/BumperBot_V1/install/bumperbot_msgs/include/bumperbot_msgs/bumperbot_msgs
[2.759s] -- Up-to-date: /home/ubuntu/BumperBot_V1/install/bumperbot_msgs/include/bumperbot_msgs/bumperbot_msgs/msg
[2.759s] -- Installing: /home/ubuntu/BumperBot_V1/install/bumperbot_msgs/include/bumperbot_msgs/bumperbot_msgs/msg/rosidl_typesupport_fastrtps_c__visibility_control.h
[2.759s] -- Up-to-date: /home/ubuntu/BumperBot_V1/install/bumperbot_msgs/include/bumperbot_msgs/bumperbot_msgs/srv
[2.759s] -- Up-to-date: /home/ubuntu/BumperBot_V1/install/bumperbot_msgs/include/bumperbot_msgs/bumperbot_msgs/srv/detail
[2.759s] -- Installing: /home/ubuntu/BumperBot_V1/install/bumperbot_msgs/include/bumperbot_msgs/bumperbot_msgs/srv/detail/get_transform__rosidl_typesupport_fastrtps_c.h
[2.759s] -- Installing: /home/ubuntu/BumperBot_V1/install/bumperbot_msgs/include/bumperbot_msgs/bumperbot_msgs/srv/detail/add_two_ints__rosidl_typesupport_fastrtps_c.h
[2.759s] -- Installing: /home/ubuntu/BumperBot_V1/install/bumperbot_msgs/lib/libbumperbot_msgs__rosidl_typesupport_fastrtps_c.so
[2.759s] -- Set runtime path of "/home/ubuntu/BumperBot_V1/install/bumperbot_msgs/lib/libbumperbot_msgs__rosidl_typesupport_fastrtps_c.so" to ""
[2.759s] -- Up-to-date: /home/ubuntu/BumperBot_V1/install/bumperbot_msgs/include/bumperbot_msgs/bumperbot_msgs
[2.759s] -- Up-to-date: /home/ubuntu/BumperBot_V1/install/bumperbot_msgs/include/bumperbot_msgs/bumperbot_msgs/msg
[2.759s] -- Installing: /home/ubuntu/BumperBot_V1/install/bumperbot_msgs/include/bumperbot_msgs/bumperbot_msgs/msg/rosidl_generator_cpp__visibility_control.hpp
[2.760s] -- Up-to-date: /home/ubuntu/BumperBot_V1/install/bumperbot_msgs/include/bumperbot_msgs/bumperbot_msgs/srv
[2.760s] -- Installing: /home/ubuntu/BumperBot_V1/install/bumperbot_msgs/include/bumperbot_msgs/bumperbot_msgs/srv/add_two_ints.hpp
[2.760s] -- Installing: /home/ubuntu/BumperBot_V1/install/bumperbot_msgs/include/bumperbot_msgs/bumperbot_msgs/srv/get_transform.hpp
[2.760s] -- Up-to-date: /home/ubuntu/BumperBot_V1/install/bumperbot_msgs/include/bumperbot_msgs/bumperbot_msgs/srv/detail
[2.760s] -- Installing: /home/ubuntu/BumperBot_V1/install/bumperbot_msgs/include/bumperbot_msgs/bumperbot_msgs/srv/detail/get_transform__struct.hpp
[2.760s] -- Installing: /home/ubuntu/BumperBot_V1/install/bumperbot_msgs/include/bumperbot_msgs/bumperbot_msgs/srv/detail/add_two_ints__struct.hpp
[2.760s] -- Installing: /home/ubuntu/BumperBot_V1/install/bumperbot_msgs/include/bumperbot_msgs/bumperbot_msgs/srv/detail/get_transform__type_support.hpp
[2.760s] -- Installing: /home/ubuntu/BumperBot_V1/install/bumperbot_msgs/include/bumperbot_msgs/bumperbot_msgs/srv/detail/add_two_ints__type_support.hpp
[2.760s] -- Installing: /home/ubuntu/BumperBot_V1/install/bumperbot_msgs/include/bumperbot_msgs/bumperbot_msgs/srv/detail/get_transform__builder.hpp
[2.760s] -- Installing: /home/ubuntu/BumperBot_V1/install/bumperbot_msgs/include/bumperbot_msgs/bumperbot_msgs/srv/detail/add_two_ints__traits.hpp
[2.760s] -- Installing: /home/ubuntu/BumperBot_V1/install/bumperbot_msgs/include/bumperbot_msgs/bumperbot_msgs/srv/detail/get_transform__traits.hpp
[2.760s] -- Installing: /home/ubuntu/BumperBot_V1/install/bumperbot_msgs/include/bumperbot_msgs/bumperbot_msgs/srv/detail/add_two_ints__builder.hpp
[2.761s] -- Up-to-date: /home/ubuntu/BumperBot_V1/install/bumperbot_msgs/include/bumperbot_msgs/bumperbot_msgs
[2.761s] -- Up-to-date: /home/ubuntu/BumperBot_V1/install/bumperbot_msgs/include/bumperbot_msgs/bumperbot_msgs/msg
[2.761s] -- Installing: /home/ubuntu/BumperBot_V1/install/bumperbot_msgs/include/bumperbot_msgs/bumperbot_msgs/msg/rosidl_typesupport_fastrtps_cpp__visibility_control.h
[2.761s] -- Up-to-date: /home/ubuntu/BumperBot_V1/install/bumperbot_msgs/include/bumperbot_msgs/bumperbot_msgs/srv
[2.761s] -- Up-to-date: /home/ubuntu/BumperBot_V1/install/bumperbot_msgs/include/bumperbot_msgs/bumperbot_msgs/srv/detail
[2.761s] -- Installing: /home/ubuntu/BumperBot_V1/install/bumperbot_msgs/include/bumperbot_msgs/bumperbot_msgs/srv/detail/get_transform__rosidl_typesupport_fastrtps_cpp.hpp
[2.761s] -- Installing: /home/ubuntu/BumperBot_V1/install/bumperbot_msgs/include/bumperbot_msgs/bumperbot_msgs/srv/detail/add_two_ints__rosidl_typesupport_fastrtps_cpp.hpp
[2.761s] -- Installing: /home/ubuntu/BumperBot_V1/install/bumperbot_msgs/include/bumperbot_msgs/bumperbot_msgs/srv/detail/dds_fastrtps
[2.761s] -- Installing: /home/ubuntu/BumperBot_V1/install/bumperbot_msgs/lib/libbumperbot_msgs__rosidl_typesupport_fastrtps_cpp.so
[2.761s] -- Set runtime path of "/home/ubuntu/BumperBot_V1/install/bumperbot_msgs/lib/libbumperbot_msgs__rosidl_typesupport_fastrtps_cpp.so" to ""
[2.761s] -- Up-to-date: /home/ubuntu/BumperBot_V1/install/bumperbot_msgs/include/bumperbot_msgs/bumperbot_msgs
[2.762s] -- Up-to-date: /home/ubuntu/BumperBot_V1/install/bumperbot_msgs/include/bumperbot_msgs/bumperbot_msgs/msg
[2.762s] -- Installing: /home/ubuntu/BumperBot_V1/install/bumperbot_msgs/include/bumperbot_msgs/bumperbot_msgs/msg/rosidl_typesupport_introspection_c__visibility_control.h
[2.762s] -- Up-to-date: /home/ubuntu/BumperBot_V1/install/bumperbot_msgs/include/bumperbot_msgs/bumperbot_msgs/srv
[2.762s] -- Up-to-date: /home/ubuntu/BumperBot_V1/install/bumperbot_msgs/include/bumperbot_msgs/bumperbot_msgs/srv/detail
[2.762s] -- Installing: /home/ubuntu/BumperBot_V1/install/bumperbot_msgs/include/bumperbot_msgs/bumperbot_msgs/srv/detail/add_two_ints__rosidl_typesupport_introspection_c.h
[2.762s] -- Installing: /home/ubuntu/BumperBot_V1/install/bumperbot_msgs/include/bumperbot_msgs/bumperbot_msgs/srv/detail/get_transform__type_support.c
[2.762s] -- Installing: /home/ubuntu/BumperBot_V1/install/bumperbot_msgs/include/bumperbot_msgs/bumperbot_msgs/srv/detail/add_two_ints__type_support.c
[2.762s] -- Installing: /home/ubuntu/BumperBot_V1/install/bumperbot_msgs/include/bumperbot_msgs/bumperbot_msgs/srv/detail/get_transform__rosidl_typesupport_introspection_c.h
[2.762s] -- Installing: /home/ubuntu/BumperBot_V1/install/bumperbot_msgs/lib/libbumperbot_msgs__rosidl_typesupport_introspection_c.so
[2.762s] -- Set runtime path of "/home/ubuntu/BumperBot_V1/install/bumperbot_msgs/lib/libbumperbot_msgs__rosidl_typesupport_introspection_c.so" to ""
[2.763s] -- Installing: /home/ubuntu/BumperBot_V1/install/bumperbot_msgs/lib/libbumperbot_msgs__rosidl_typesupport_c.so
[2.763s] -- Set runtime path of "/home/ubuntu/BumperBot_V1/install/bumperbot_msgs/lib/libbumperbot_msgs__rosidl_typesupport_c.so" to ""
[2.763s] -- Up-to-date: /home/ubuntu/BumperBot_V1/install/bumperbot_msgs/include/bumperbot_msgs/bumperbot_msgs
[2.763s] -- Up-to-date: /home/ubuntu/BumperBot_V1/install/bumperbot_msgs/include/bumperbot_msgs/bumperbot_msgs/srv
[2.763s] -- Up-to-date: /home/ubuntu/BumperBot_V1/install/bumperbot_msgs/include/bumperbot_msgs/bumperbot_msgs/srv/detail
[2.763s] -- Installing: /home/ubuntu/BumperBot_V1/install/bumperbot_msgs/include/bumperbot_msgs/bumperbot_msgs/srv/detail/get_transform__type_support.cpp
[2.763s] -- Installing: /home/ubuntu/BumperBot_V1/install/bumperbot_msgs/include/bumperbot_msgs/bumperbot_msgs/srv/detail/get_transform__rosidl_typesupport_introspection_cpp.hpp
[2.763s] -- Installing: /home/ubuntu/BumperBot_V1/install/bumperbot_msgs/include/bumperbot_msgs/bumperbot_msgs/srv/detail/add_two_ints__rosidl_typesupport_introspection_cpp.hpp
[2.763s] -- Installing: /home/ubuntu/BumperBot_V1/install/bumperbot_msgs/include/bumperbot_msgs/bumperbot_msgs/srv/detail/add_two_ints__type_support.cpp
[2.763s] -- Installing: /home/ubuntu/BumperBot_V1/install/bumperbot_msgs/lib/libbumperbot_msgs__rosidl_typesupport_introspection_cpp.so
[2.764s] -- Set runtime path of "/home/ubuntu/BumperBot_V1/install/bumperbot_msgs/lib/libbumperbot_msgs__rosidl_typesupport_introspection_cpp.so" to ""
[2.764s] -- Installing: /home/ubuntu/BumperBot_V1/install/bumperbot_msgs/lib/libbumperbot_msgs__rosidl_typesupport_cpp.so
[2.764s] -- Set runtime path of "/home/ubuntu/BumperBot_V1/install/bumperbot_msgs/lib/libbumperbot_msgs__rosidl_typesupport_cpp.so" to ""
[2.764s] -- Installing: /home/ubuntu/BumperBot_V1/install/bumperbot_msgs/share/bumperbot_msgs/environment/pythonpath.sh
[2.764s] -- Installing: /home/ubuntu/BumperBot_V1/install/bumperbot_msgs/share/bumperbot_msgs/environment/pythonpath.dsv
[2.764s] -- Installing: /home/ubuntu/BumperBot_V1/install/bumperbot_msgs/local/lib/python3.10/dist-packages/bumperbot_msgs-0.0.0-py3.10.egg-info
[2.765s] -- Installing: /home/ubuntu/BumperBot_V1/install/bumperbot_msgs/local/lib/python3.10/dist-packages/bumperbot_msgs-0.0.0-py3.10.egg-info/PKG-INFO
[2.765s] -- Installing: /home/ubuntu/BumperBot_V1/install/bumperbot_msgs/local/lib/python3.10/dist-packages/bumperbot_msgs-0.0.0-py3.10.egg-info/SOURCES.txt
[2.765s] -- Installing: /home/ubuntu/BumperBot_V1/install/bumperbot_msgs/local/lib/python3.10/dist-packages/bumperbot_msgs-0.0.0-py3.10.egg-info/top_level.txt
[2.765s] -- Installing: /home/ubuntu/BumperBot_V1/install/bumperbot_msgs/local/lib/python3.10/dist-packages/bumperbot_msgs-0.0.0-py3.10.egg-info/dependency_links.txt
[2.765s] -- Installing: /home/ubuntu/BumperBot_V1/install/bumperbot_msgs/local/lib/python3.10/dist-packages/bumperbot_msgs
[2.765s] -- Installing: /home/ubuntu/BumperBot_V1/install/bumperbot_msgs/local/lib/python3.10/dist-packages/bumperbot_msgs/libbumperbot_msgs__rosidl_generator_py.so
[2.765s] -- Installing: /home/ubuntu/BumperBot_V1/install/bumperbot_msgs/local/lib/python3.10/dist-packages/bumperbot_msgs/bumperbot_msgs_s__rosidl_typesupport_fastrtps_c.cpython-310-aarch64-linux-gnu.so
[2.765s] -- Installing: /home/ubuntu/BumperBot_V1/install/bumperbot_msgs/local/lib/python3.10/dist-packages/bumperbot_msgs/bumperbot_msgs_s__rosidl_typesupport_introspection_c.cpython-310-aarch64-linux-gnu.so
[2.765s] -- Installing: /home/ubuntu/BumperBot_V1/install/bumperbot_msgs/local/lib/python3.10/dist-packages/bumperbot_msgs/_bumperbot_msgs_s.ep.rosidl_typesupport_introspection_c.c
[2.766s] -- Installing: /home/ubuntu/BumperBot_V1/install/bumperbot_msgs/local/lib/python3.10/dist-packages/bumperbot_msgs/__init__.py
[2.766s] -- Installing: /home/ubuntu/BumperBot_V1/install/bumperbot_msgs/local/lib/python3.10/dist-packages/bumperbot_msgs/srv
[2.766s] -- Installing: /home/ubuntu/BumperBot_V1/install/bumperbot_msgs/local/lib/python3.10/dist-packages/bumperbot_msgs/srv/_add_two_ints_s.c
[2.766s] -- Installing: /home/ubuntu/BumperBot_V1/install/bumperbot_msgs/local/lib/python3.10/dist-packages/bumperbot_msgs/srv/_get_transform_s.c
[2.766s] -- Installing: /home/ubuntu/BumperBot_V1/install/bumperbot_msgs/local/lib/python3.10/dist-packages/bumperbot_msgs/srv/_get_transform.py
[2.767s] -- Installing: /home/ubuntu/BumperBot_V1/install/bumperbot_msgs/local/lib/python3.10/dist-packages/bumperbot_msgs/srv/_add_two_ints.py
[2.767s] -- Installing: /home/ubuntu/BumperBot_V1/install/bumperbot_msgs/local/lib/python3.10/dist-packages/bumperbot_msgs/srv/__init__.py
[2.767s] -- Installing: /home/ubuntu/BumperBot_V1/install/bumperbot_msgs/local/lib/python3.10/dist-packages/bumperbot_msgs/bumperbot_msgs_s__rosidl_typesupport_c.cpython-310-aarch64-linux-gnu.so
[2.767s] -- Installing: /home/ubuntu/BumperBot_V1/install/bumperbot_msgs/local/lib/python3.10/dist-packages/bumperbot_msgs/_bumperbot_msgs_s.ep.rosidl_typesupport_fastrtps_c.c
[2.767s] -- Installing: /home/ubuntu/BumperBot_V1/install/bumperbot_msgs/local/lib/python3.10/dist-packages/bumperbot_msgs/_bumperbot_msgs_s.ep.rosidl_typesupport_c.c
[2.813s] Listing '/home/ubuntu/BumperBot_V1/install/bumperbot_msgs/local/lib/python3.10/dist-packages/bumperbot_msgs'...
[2.813s] Compiling '/home/ubuntu/BumperBot_V1/install/bumperbot_msgs/local/lib/python3.10/dist-packages/bumperbot_msgs/__init__.py'...
[2.813s] Listing '/home/ubuntu/BumperBot_V1/install/bumperbot_msgs/local/lib/python3.10/dist-packages/bumperbot_msgs/srv'...
[2.813s] Compiling '/home/ubuntu/BumperBot_V1/install/bumperbot_msgs/local/lib/python3.10/dist-packages/bumperbot_msgs/srv/__init__.py'...
[2.813s] Compiling '/home/ubuntu/BumperBot_V1/install/bumperbot_msgs/local/lib/python3.10/dist-packages/bumperbot_msgs/srv/_add_two_ints.py'...
[2.813s] Compiling '/home/ubuntu/BumperBot_V1/install/bumperbot_msgs/local/lib/python3.10/dist-packages/bumperbot_msgs/srv/_get_transform.py'...
[2.822s] -- Installing: /home/ubuntu/BumperBot_V1/install/bumperbot_msgs/local/lib/python3.10/dist-packages/bumperbot_msgs/bumperbot_msgs_s__rosidl_typesupport_fastrtps_c.cpython-310-aarch64-linux-gnu.so
[2.822s] -- Set runtime path of "/home/ubuntu/BumperBot_V1/install/bumperbot_msgs/local/lib/python3.10/dist-packages/bumperbot_msgs/bumperbot_msgs_s__rosidl_typesupport_fastrtps_c.cpython-310-aarch64-linux-gnu.so" to ""
[2.822s] -- Installing: /home/ubuntu/BumperBot_V1/install/bumperbot_msgs/local/lib/python3.10/dist-packages/bumperbot_msgs/bumperbot_msgs_s__rosidl_typesupport_introspection_c.cpython-310-aarch64-linux-gnu.so
[2.825s] -- Set runtime path of "/home/ubuntu/BumperBot_V1/install/bumperbot_msgs/local/lib/python3.10/dist-packages/bumperbot_msgs/bumperbot_msgs_s__rosidl_typesupport_introspection_c.cpython-310-aarch64-linux-gnu.so" to ""
[2.825s] -- Installing: /home/ubuntu/BumperBot_V1/install/bumperbot_msgs/local/lib/python3.10/dist-packages/bumperbot_msgs/bumperbot_msgs_s__rosidl_typesupport_c.cpython-310-aarch64-linux-gnu.so
[2.825s] -- Set runtime path of "/home/ubuntu/BumperBot_V1/install/bumperbot_msgs/local/lib/python3.10/dist-packages/bumperbot_msgs/bumperbot_msgs_s__rosidl_typesupport_c.cpython-310-aarch64-linux-gnu.so" to ""
[2.825s] -- Installing: /home/ubuntu/BumperBot_V1/install/bumperbot_msgs/lib/libbumperbot_msgs__rosidl_generator_py.so
[2.825s] -- Set runtime path of "/home/ubuntu/BumperBot_V1/install/bumperbot_msgs/lib/libbumperbot_msgs__rosidl_generator_py.so" to ""
[2.825s] -- Installing: /home/ubuntu/BumperBot_V1/install/bumperbot_msgs/share/bumperbot_msgs/srv/AddTwoInts.idl
[2.825s] -- Installing: /home/ubuntu/BumperBot_V1/install/bumperbot_msgs/share/bumperbot_msgs/srv/GetTransform.idl
[2.825s] -- Installing: /home/ubuntu/BumperBot_V1/install/bumperbot_msgs/share/bumperbot_msgs/srv/AddTwoInts.srv
[2.825s] -- Installing: /home/ubuntu/BumperBot_V1/install/bumperbot_msgs/share/bumperbot_msgs/srv/AddTwoInts_Request.msg
[2.826s] -- Installing: /home/ubuntu/BumperBot_V1/install/bumperbot_msgs/share/bumperbot_msgs/srv/AddTwoInts_Response.msg
[2.826s] -- Installing: /home/ubuntu/BumperBot_V1/install/bumperbot_msgs/share/bumperbot_msgs/srv/GetTransform.srv
[2.826s] -- Installing: /home/ubuntu/BumperBot_V1/install/bumperbot_msgs/share/bumperbot_msgs/srv/GetTransform_Request.msg
[2.826s] -- Installing: /home/ubuntu/BumperBot_V1/install/bumperbot_msgs/share/bumperbot_msgs/srv/GetTransform_Response.msg
[2.826s] -- Installing: /home/ubuntu/BumperBot_V1/install/bumperbot_msgs/share/ament_index/resource_index/package_run_dependencies/bumperbot_msgs
[2.827s] -- Installing: /home/ubuntu/BumperBot_V1/install/bumperbot_msgs/share/ament_index/resource_index/parent_prefix_path/bumperbot_msgs
[2.827s] -- Installing: /home/ubuntu/BumperBot_V1/install/bumperbot_msgs/share/bumperbot_msgs/environment/ament_prefix_path.sh
[2.827s] -- Installing: /home/ubuntu/BumperBot_V1/install/bumperbot_msgs/share/bumperbot_msgs/environment/ament_prefix_path.dsv
[2.827s] -- Installing: /home/ubuntu/BumperBot_V1/install/bumperbot_msgs/share/bumperbot_msgs/environment/path.sh
[2.828s] -- Installing: /home/ubuntu/BumperBot_V1/install/bumperbot_msgs/share/bumperbot_msgs/environment/path.dsv
[2.828s] -- Installing: /home/ubuntu/BumperBot_V1/install/bumperbot_msgs/share/bumperbot_msgs/local_setup.bash
[2.828s] -- Installing: /home/ubuntu/BumperBot_V1/install/bumperbot_msgs/share/bumperbot_msgs/local_setup.sh
[2.828s] -- Installing: /home/ubuntu/BumperBot_V1/install/bumperbot_msgs/share/bumperbot_msgs/local_setup.zsh
[2.828s] -- Installing: /home/ubuntu/BumperBot_V1/install/bumperbot_msgs/share/bumperbot_msgs/local_setup.dsv
[2.829s] -- Installing: /home/ubuntu/BumperBot_V1/install/bumperbot_msgs/share/bumperbot_msgs/package.dsv
[2.829s] -- Installing: /home/ubuntu/BumperBot_V1/install/bumperbot_msgs/share/ament_index/resource_index/packages/bumperbot_msgs
[2.829s] -- Installing: /home/ubuntu/BumperBot_V1/install/bumperbot_msgs/share/bumperbot_msgs/cmake/export_bumperbot_msgs__rosidl_generator_cExport.cmake
[2.829s] -- Installing: /home/ubuntu/BumperBot_V1/install/bumperbot_msgs/share/bumperbot_msgs/cmake/export_bumperbot_msgs__rosidl_generator_cExport-noconfig.cmake
[2.829s] -- Installing: /home/ubuntu/BumperBot_V1/install/bumperbot_msgs/share/bumperbot_msgs/cmake/export_bumperbot_msgs__rosidl_typesupport_fastrtps_cExport.cmake
[2.830s] -- Installing: /home/ubuntu/BumperBot_V1/install/bumperbot_msgs/share/bumperbot_msgs/cmake/export_bumperbot_msgs__rosidl_typesupport_fastrtps_cExport-noconfig.cmake
[2.830s] -- Installing: /home/ubuntu/BumperBot_V1/install/bumperbot_msgs/share/bumperbot_msgs/cmake/export_bumperbot_msgs__rosidl_generator_cppExport.cmake
[2.830s] -- Installing: /home/ubuntu/BumperBot_V1/install/bumperbot_msgs/share/bumperbot_msgs/cmake/export_bumperbot_msgs__rosidl_typesupport_fastrtps_cppExport.cmake
[2.830s] -- Installing: /home/ubuntu/BumperBot_V1/install/bumperbot_msgs/share/bumperbot_msgs/cmake/export_bumperbot_msgs__rosidl_typesupport_fastrtps_cppExport-noconfig.cmake
[2.830s] -- Installing: /home/ubuntu/BumperBot_V1/install/bumperbot_msgs/share/bumperbot_msgs/cmake/bumperbot_msgs__rosidl_typesupport_introspection_cExport.cmake
[2.830s] -- Installing: /home/ubuntu/BumperBot_V1/install/bumperbot_msgs/share/bumperbot_msgs/cmake/bumperbot_msgs__rosidl_typesupport_introspection_cExport-noconfig.cmake
[2.831s] -- Installing: /home/ubuntu/BumperBot_V1/install/bumperbot_msgs/share/bumperbot_msgs/cmake/bumperbot_msgs__rosidl_typesupport_cExport.cmake
[2.831s] -- Installing: /home/ubuntu/BumperBot_V1/install/bumperbot_msgs/share/bumperbot_msgs/cmake/bumperbot_msgs__rosidl_typesupport_cExport-noconfig.cmake
[2.831s] -- Installing: /home/ubuntu/BumperBot_V1/install/bumperbot_msgs/share/bumperbot_msgs/cmake/bumperbot_msgs__rosidl_typesupport_introspection_cppExport.cmake
[2.831s] -- Installing: /home/ubuntu/BumperBot_V1/install/bumperbot_msgs/share/bumperbot_msgs/cmake/bumperbot_msgs__rosidl_typesupport_introspection_cppExport-noconfig.cmake
[2.831s] -- Installing: /home/ubuntu/BumperBot_V1/install/bumperbot_msgs/share/bumperbot_msgs/cmake/bumperbot_msgs__rosidl_typesupport_cppExport.cmake
[2.831s] -- Installing: /home/ubuntu/BumperBot_V1/install/bumperbot_msgs/share/bumperbot_msgs/cmake/bumperbot_msgs__rosidl_typesupport_cppExport-noconfig.cmake
[2.832s] -- Installing: /home/ubuntu/BumperBot_V1/install/bumperbot_msgs/share/bumperbot_msgs/cmake/export_bumperbot_msgs__rosidl_generator_pyExport.cmake
[2.832s] -- Installing: /home/ubuntu/BumperBot_V1/install/bumperbot_msgs/share/bumperbot_msgs/cmake/export_bumperbot_msgs__rosidl_generator_pyExport-noconfig.cmake
[2.832s] -- Installing: /home/ubuntu/BumperBot_V1/install/bumperbot_msgs/share/bumperbot_msgs/cmake/rosidl_cmake-extras.cmake
[2.832s] -- Installing: /home/ubuntu/BumperBot_V1/install/bumperbot_msgs/share/bumperbot_msgs/cmake/ament_cmake_export_dependencies-extras.cmake
[2.832s] -- Installing: /home/ubuntu/BumperBot_V1/install/bumperbot_msgs/share/bumperbot_msgs/cmake/ament_cmake_export_include_directories-extras.cmake
[2.832s] -- Installing: /home/ubuntu/BumperBot_V1/install/bumperbot_msgs/share/bumperbot_msgs/cmake/ament_cmake_export_libraries-extras.cmake
[2.833s] -- Installing: /home/ubuntu/BumperBot_V1/install/bumperbot_msgs/share/bumperbot_msgs/cmake/ament_cmake_export_targets-extras.cmake
[2.833s] -- Installing: /home/ubuntu/BumperBot_V1/install/bumperbot_msgs/share/bumperbot_msgs/cmake/rosidl_cmake_export_typesupport_targets-extras.cmake
[2.833s] -- Installing: /home/ubuntu/BumperBot_V1/install/bumperbot_msgs/share/bumperbot_msgs/cmake/rosidl_cmake_export_typesupport_libraries-extras.cmake
[2.833s] -- Installing: /home/ubuntu/BumperBot_V1/install/bumperbot_msgs/share/bumperbot_msgs/cmake/bumperbot_msgsConfig.cmake
[2.833s] -- Installing: /home/ubuntu/BumperBot_V1/install/bumperbot_msgs/share/bumperbot_msgs/cmake/bumperbot_msgsConfig-version.cmake
[2.833s] -- Installing: /home/ubuntu/BumperBot_V1/install/bumperbot_msgs/share/bumperbot_msgs/package.xml
[2.851s] Invoked command in '/home/ubuntu/BumperBot_V1/build/bumperbot_msgs' returned '0': CMAKE_PREFIX_PATH=/opt/ros/humble /usr/bin/cmake --install /home/ubuntu/BumperBot_V1/build/bumperbot_msgs
