[0.126s] Invoking command in '/home/chaitanya/bumperbot_ws/build/bumperbot_controller': CMAKE_PREFIX_PATH=/opt/ros/humble /usr/bin/cmake --build /home/chaitanya/bumperbot_ws/build/bumperbot_controller -- -j4 -l4
[0.583s] [35m[1mConsolidate compiler generated dependencies of target noisy_controller[0m
[0.608s] [35m[1mConsolidate compiler generated dependencies of target simple_controller[0m
[0.990s] [ 50%] Built target simple_controller
[1.029s] [100%] Built target noisy_controller
[1.030s] [100%] Built target ament_cmake_python_copy_bumperbot_controller
[4.167s] running egg_info
[4.187s] writing bumperbot_controller.egg-info/PKG-INFO
[4.208s] writing dependency_links to bumperbot_controller.egg-info/dependency_links.txt
[4.222s] writing top-level names to bumperbot_controller.egg-info/top_level.txt
[4.266s] reading manifest file 'bumperbot_controller.egg-info/SOURCES.txt'
[4.279s] writing manifest file 'bumperbot_controller.egg-info/SOURCES.txt'
[4.605s] [100%] Built target ament_cmake_python_build_bumperbot_controller_egg
[4.786s] Invoked command in '/home/chaitanya/bumperbot_ws/build/bumperbot_controller' returned '0': CMAKE_PREFIX_PATH=/opt/ros/humble /usr/bin/cmake --build /home/chaitanya/bumperbot_ws/build/bumperbot_controller -- -j4 -l4
[4.997s] Invoking command in '/home/chaitanya/bumperbot_ws/build/bumperbot_controller': CMAKE_PREFIX_PATH=/opt/ros/humble /usr/bin/cmake --install /home/chaitanya/bumperbot_ws/build/bumperbot_controller
[5.073s] -- Install configuration: ""
[5.074s] -- Up-to-date: /home/chaitanya/bumperbot_ws/install/bumperbot_controller/share/bumperbot_controller/environment/pythonpath.sh
[5.075s] -- Up-to-date: /home/chaitanya/bumperbot_ws/install/bumperbot_controller/share/bumperbot_controller/environment/pythonpath.dsv
[5.076s] -- Up-to-date: /home/chaitanya/bumperbot_ws/install/bumperbot_controller/local/lib/python3.10/dist-packages/bumperbot_controller-0.0.0-py3.10.egg-info
[5.077s] -- Installing: /home/chaitanya/bumperbot_ws/install/bumperbot_controller/local/lib/python3.10/dist-packages/bumperbot_controller-0.0.0-py3.10.egg-info/PKG-INFO
[5.078s] -- Installing: /home/chaitanya/bumperbot_ws/install/bumperbot_controller/local/lib/python3.10/dist-packages/bumperbot_controller-0.0.0-py3.10.egg-info/top_level.txt
[5.079s] -- Installing: /home/chaitanya/bumperbot_ws/install/bumperbot_controller/local/lib/python3.10/dist-packages/bumperbot_controller-0.0.0-py3.10.egg-info/dependency_links.txt
[5.080s] -- Installing: /home/chaitanya/bumperbot_ws/install/bumperbot_controller/local/lib/python3.10/dist-packages/bumperbot_controller-0.0.0-py3.10.egg-info/SOURCES.txt
[5.081s] -- Up-to-date: /home/chaitanya/bumperbot_ws/install/bumperbot_controller/local/lib/python3.10/dist-packages/bumperbot_controller
[5.081s] -- Up-to-date: /home/chaitanya/bumperbot_ws/install/bumperbot_controller/local/lib/python3.10/dist-packages/bumperbot_controller/simple_controller.py
[5.082s] -- Up-to-date: /home/chaitanya/bumperbot_ws/install/bumperbot_controller/local/lib/python3.10/dist-packages/bumperbot_controller/__init__.py
[5.083s] -- Up-to-date: /home/chaitanya/bumperbot_ws/install/bumperbot_controller/local/lib/python3.10/dist-packages/bumperbot_controller/noisy_controller.py
[5.309s] Listing '/home/chaitanya/bumperbot_ws/install/bumperbot_controller/local/lib/python3.10/dist-packages/bumperbot_controller'...
[5.371s] -- Up-to-date: /home/chaitanya/bumperbot_ws/install/bumperbot_controller/include/include
[5.371s] -- Up-to-date: /home/chaitanya/bumperbot_ws/install/bumperbot_controller/include/include/bumperbot_controller
[5.372s] -- Up-to-date: /home/chaitanya/bumperbot_ws/install/bumperbot_controller/include/include/bumperbot_controller/noisy_controller.hpp
[5.372s] -- Up-to-date: /home/chaitanya/bumperbot_ws/install/bumperbot_controller/include/include/bumperbot_controller/simple_controller.hpp
[5.373s] -- Up-to-date: /home/chaitanya/bumperbot_ws/install/bumperbot_controller/lib/bumperbot_controller/simple_controller
[5.378s] -- Up-to-date: /home/chaitanya/bumperbot_ws/install/bumperbot_controller/lib/bumperbot_controller/noisy_controller
[5.380s] -- Up-to-date: /home/chaitanya/bumperbot_ws/install/bumperbot_controller/share/bumperbot_controller/launch
[5.383s] -- Up-to-date: /home/chaitanya/bumperbot_ws/install/bumperbot_controller/share/bumperbot_controller/launch/controller.launch.py
[5.384s] -- Up-to-date: /home/chaitanya/bumperbot_ws/install/bumperbot_controller/share/bumperbot_controller/launch/joystick_teleop.launch.py
[5.387s] -- Up-to-date: /home/chaitanya/bumperbot_ws/install/bumperbot_controller/share/bumperbot_controller/config
[5.389s] -- Up-to-date: /home/chaitanya/bumperbot_ws/install/bumperbot_controller/share/bumperbot_controller/config/joy_teleop.yaml
[5.390s] -- Up-to-date: /home/chaitanya/bumperbot_ws/install/bumperbot_controller/share/bumperbot_controller/config/joy_config.yaml
[5.391s] -- Up-to-date: /home/chaitanya/bumperbot_ws/install/bumperbot_controller/share/bumperbot_controller/config/bumperbot_controllers.yaml
[5.392s] -- Up-to-date: /home/chaitanya/bumperbot_ws/install/bumperbot_controller/lib/bumperbot_controller/simple_controller.py
[5.395s] -- Up-to-date: /home/chaitanya/bumperbot_ws/install/bumperbot_controller/lib/bumperbot_controller/noisy_controller.py
[5.403s] -- Up-to-date: /home/chaitanya/bumperbot_ws/install/bumperbot_controller/share/ament_index/resource_index/package_run_dependencies/bumperbot_controller
[5.405s] -- Up-to-date: /home/chaitanya/bumperbot_ws/install/bumperbot_controller/share/ament_index/resource_index/parent_prefix_path/bumperbot_controller
[5.406s] -- Up-to-date: /home/chaitanya/bumperbot_ws/install/bumperbot_controller/share/bumperbot_controller/environment/ament_prefix_path.sh
[5.406s] -- Up-to-date: /home/chaitanya/bumperbot_ws/install/bumperbot_controller/share/bumperbot_controller/environment/ament_prefix_path.dsv
[5.408s] -- Up-to-date: /home/chaitanya/bumperbot_ws/install/bumperbot_controller/share/bumperbot_controller/environment/path.sh
[5.409s] -- Up-to-date: /home/chaitanya/bumperbot_ws/install/bumperbot_controller/share/bumperbot_controller/environment/path.dsv
[5.445s] -- Up-to-date: /home/chaitanya/bumperbot_ws/install/bumperbot_controller/share/bumperbot_controller/local_setup.bash
[5.446s] -- Up-to-date: /home/chaitanya/bumperbot_ws/install/bumperbot_controller/share/bumperbot_controller/local_setup.sh
[5.447s] -- Up-to-date: /home/chaitanya/bumperbot_ws/install/bumperbot_controller/share/bumperbot_controller/local_setup.zsh
[5.447s] -- Up-to-date: /home/chaitanya/bumperbot_ws/install/bumperbot_controller/share/bumperbot_controller/local_setup.dsv
[5.448s] -- Installing: /home/chaitanya/bumperbot_ws/install/bumperbot_controller/share/bumperbot_controller/package.dsv
[5.448s] -- Up-to-date: /home/chaitanya/bumperbot_ws/install/bumperbot_controller/share/ament_index/resource_index/packages/bumperbot_controller
[5.449s] -- Up-to-date: /home/chaitanya/bumperbot_ws/install/bumperbot_controller/share/bumperbot_controller/cmake/bumperbot_controllerConfig.cmake
[5.449s] -- Up-to-date: /home/chaitanya/bumperbot_ws/install/bumperbot_controller/share/bumperbot_controller/cmake/bumperbot_controllerConfig-version.cmake
[5.454s] -- Up-to-date: /home/chaitanya/bumperbot_ws/install/bumperbot_controller/share/bumperbot_controller/package.xml
[5.455s] Invoked command in '/home/chaitanya/bumperbot_ws/build/bumperbot_controller' returned '0': CMAKE_PREFIX_PATH=/opt/ros/humble /usr/bin/cmake --install /home/chaitanya/bumperbot_ws/build/bumperbot_controller
