[7.233s] Invoking command in '/home/chaitanya/bumperbot_ws/src/bumperbot_py_examples': AMENT_PREFIX_PATH=/home/chaitanya/bumperbot_ws/install/bumperbot_msgs:${AMENT_PREFIX_PATH} CMAKE_PREFIX_PATH=/home/chaitanya/bumperbot_ws/install/bumperbot_msgs LD_LIBRARY_PATH=/home/chaitanya/bumperbot_ws/install/bumperbot_msgs/lib:${LD_LIBRARY_PATH} PYTHONPATH=/home/chaitanya/bumperbot_ws/build/bumperbot_py_examples/prefix_override:/usr/lib/python3/dist-packages/colcon_core/task/python/colcon_distutils_commands:/home/chaitanya/bumperbot_ws/install/bumperbot_py_examples/lib/python3.10/site-packages:/home/chaitanya/bumperbot_ws/install/bumperbot_msgs/local/lib/python3.10/dist-packages:${PYTHONPATH} /usr/bin/python3 -W ignore:setup.py install is deprecated -W ignore:easy_install command is deprecated setup.py egg_info --egg-base ../../build/bumperbot_py_examples build --build-base /home/chaitanya/bumperbot_ws/build/bumperbot_py_examples/build install --record /home/chaitanya/bumperbot_ws/build/bumperbot_py_examples/install.log --single-version-externally-managed install_data
[8.801s] running egg_info
[8.804s] creating ../../build/bumperbot_py_examples/bumperbot_py_examples.egg-info
[8.806s] writing ../../build/bumperbot_py_examples/bumperbot_py_examples.egg-info/PKG-INFO
[8.811s] writing dependency_links to ../../build/bumperbot_py_examples/bumperbot_py_examples.egg-info/dependency_links.txt
[8.814s] writing entry points to ../../build/bumperbot_py_examples/bumperbot_py_examples.egg-info/entry_points.txt
[8.819s] writing requirements to ../../build/bumperbot_py_examples/bumperbot_py_examples.egg-info/requires.txt
[8.819s] writing top-level names to ../../build/bumperbot_py_examples/bumperbot_py_examples.egg-info/top_level.txt
[8.820s] writing manifest file '../../build/bumperbot_py_examples/bumperbot_py_examples.egg-info/SOURCES.txt'
[8.833s] reading manifest file '../../build/bumperbot_py_examples/bumperbot_py_examples.egg-info/SOURCES.txt'
[8.840s] writing manifest file '../../build/bumperbot_py_examples/bumperbot_py_examples.egg-info/SOURCES.txt'
[8.843s] running build
[8.844s] running build_py
[8.845s] creating /home/chaitanya/bumperbot_ws/build/bumperbot_py_examples/build
[8.845s] creating /home/chaitanya/bumperbot_ws/build/bumperbot_py_examples/build/lib
[8.846s] creating /home/chaitanya/bumperbot_ws/build/bumperbot_py_examples/build/lib/bumperbot_py_examples
[8.846s] copying bumperbot_py_examples/simple_tf_kinematics.py -> /home/chaitanya/bumperbot_ws/build/bumperbot_py_examples/build/lib/bumperbot_py_examples
[8.848s] copying bumperbot_py_examples/simple_service_server.py -> /home/chaitanya/bumperbot_ws/build/bumperbot_py_examples/build/lib/bumperbot_py_examples
[8.852s] copying bumperbot_py_examples/simple_service_client.py -> /home/chaitanya/bumperbot_ws/build/bumperbot_py_examples/build/lib/bumperbot_py_examples
[8.856s] copying bumperbot_py_examples/simple_publisher.py -> /home/chaitanya/bumperbot_ws/build/bumperbot_py_examples/build/lib/bumperbot_py_examples
[8.864s] copying bumperbot_py_examples/simple_subscriber.py -> /home/chaitanya/bumperbot_ws/build/bumperbot_py_examples/build/lib/bumperbot_py_examples
[8.868s] copying bumperbot_py_examples/__init__.py -> /home/chaitanya/bumperbot_ws/build/bumperbot_py_examples/build/lib/bumperbot_py_examples
[8.870s] copying bumperbot_py_examples/simple_turtlesim_kinematics.py -> /home/chaitanya/bumperbot_ws/build/bumperbot_py_examples/build/lib/bumperbot_py_examples
[8.873s] copying bumperbot_py_examples/simple_parameter.py -> /home/chaitanya/bumperbot_ws/build/bumperbot_py_examples/build/lib/bumperbot_py_examples
[8.877s] running install
[8.879s] running install_lib
[8.886s] creating /home/chaitanya/bumperbot_ws/install/bumperbot_py_examples/lib/python3.10/site-packages/bumperbot_py_examples
[8.887s] copying /home/chaitanya/bumperbot_ws/build/bumperbot_py_examples/build/lib/bumperbot_py_examples/simple_tf_kinematics.py -> /home/chaitanya/bumperbot_ws/install/bumperbot_py_examples/lib/python3.10/site-packages/bumperbot_py_examples
[8.889s] copying /home/chaitanya/bumperbot_ws/build/bumperbot_py_examples/build/lib/bumperbot_py_examples/simple_service_server.py -> /home/chaitanya/bumperbot_ws/install/bumperbot_py_examples/lib/python3.10/site-packages/bumperbot_py_examples
[8.892s] copying /home/chaitanya/bumperbot_ws/build/bumperbot_py_examples/build/lib/bumperbot_py_examples/simple_service_client.py -> /home/chaitanya/bumperbot_ws/install/bumperbot_py_examples/lib/python3.10/site-packages/bumperbot_py_examples
[8.892s] copying /home/chaitanya/bumperbot_ws/build/bumperbot_py_examples/build/lib/bumperbot_py_examples/simple_publisher.py -> /home/chaitanya/bumperbot_ws/install/bumperbot_py_examples/lib/python3.10/site-packages/bumperbot_py_examples
[8.896s] copying /home/chaitanya/bumperbot_ws/build/bumperbot_py_examples/build/lib/bumperbot_py_examples/simple_subscriber.py -> /home/chaitanya/bumperbot_ws/install/bumperbot_py_examples/lib/python3.10/site-packages/bumperbot_py_examples
[8.896s] copying /home/chaitanya/bumperbot_ws/build/bumperbot_py_examples/build/lib/bumperbot_py_examples/__init__.py -> /home/chaitanya/bumperbot_ws/install/bumperbot_py_examples/lib/python3.10/site-packages/bumperbot_py_examples
[8.897s] copying /home/chaitanya/bumperbot_ws/build/bumperbot_py_examples/build/lib/bumperbot_py_examples/simple_turtlesim_kinematics.py -> /home/chaitanya/bumperbot_ws/install/bumperbot_py_examples/lib/python3.10/site-packages/bumperbot_py_examples
[8.900s] copying /home/chaitanya/bumperbot_ws/build/bumperbot_py_examples/build/lib/bumperbot_py_examples/simple_parameter.py -> /home/chaitanya/bumperbot_ws/install/bumperbot_py_examples/lib/python3.10/site-packages/bumperbot_py_examples
[8.902s] byte-compiling /home/chaitanya/bumperbot_ws/install/bumperbot_py_examples/lib/python3.10/site-packages/bumperbot_py_examples/simple_tf_kinematics.py to simple_tf_kinematics.cpython-310.pyc
[8.905s] byte-compiling /home/chaitanya/bumperbot_ws/install/bumperbot_py_examples/lib/python3.10/site-packages/bumperbot_py_examples/simple_service_server.py to simple_service_server.cpython-310.pyc
[8.906s] byte-compiling /home/chaitanya/bumperbot_ws/install/bumperbot_py_examples/lib/python3.10/site-packages/bumperbot_py_examples/simple_service_client.py to simple_service_client.cpython-310.pyc
[8.908s] byte-compiling /home/chaitanya/bumperbot_ws/install/bumperbot_py_examples/lib/python3.10/site-packages/bumperbot_py_examples/simple_publisher.py to simple_publisher.cpython-310.pyc
[8.911s] byte-compiling /home/chaitanya/bumperbot_ws/install/bumperbot_py_examples/lib/python3.10/site-packages/bumperbot_py_examples/simple_subscriber.py to simple_subscriber.cpython-310.pyc
[8.914s] byte-compiling /home/chaitanya/bumperbot_ws/install/bumperbot_py_examples/lib/python3.10/site-packages/bumperbot_py_examples/__init__.py to __init__.cpython-310.pyc
[8.916s] byte-compiling /home/chaitanya/bumperbot_ws/install/bumperbot_py_examples/lib/python3.10/site-packages/bumperbot_py_examples/simple_turtlesim_kinematics.py to simple_turtlesim_kinematics.cpython-310.pyc
[8.920s] byte-compiling /home/chaitanya/bumperbot_ws/install/bumperbot_py_examples/lib/python3.10/site-packages/bumperbot_py_examples/simple_parameter.py to simple_parameter.cpython-310.pyc
[8.923s] running install_data
[8.924s] creating /home/chaitanya/bumperbot_ws/install/bumperbot_py_examples/share/ament_index
[8.926s] creating /home/chaitanya/bumperbot_ws/install/bumperbot_py_examples/share/ament_index/resource_index
[8.927s] creating /home/chaitanya/bumperbot_ws/install/bumperbot_py_examples/share/ament_index/resource_index/packages
[8.928s] copying resource/bumperbot_py_examples -> /home/chaitanya/bumperbot_ws/install/bumperbot_py_examples/share/ament_index/resource_index/packages
[8.929s] copying package.xml -> /home/chaitanya/bumperbot_ws/install/bumperbot_py_examples/share/bumperbot_py_examples
[8.930s] running install_egg_info
[8.937s] Copying ../../build/bumperbot_py_examples/bumperbot_py_examples.egg-info to /home/chaitanya/bumperbot_ws/install/bumperbot_py_examples/lib/python3.10/site-packages/bumperbot_py_examples-0.0.0-py3.10.egg-info
[8.949s] running install_scripts
[9.072s] Installing simple_parameter script to /home/chaitanya/bumperbot_ws/install/bumperbot_py_examples/lib/bumperbot_py_examples
[9.077s] Installing simple_publisher script to /home/chaitanya/bumperbot_ws/install/bumperbot_py_examples/lib/bumperbot_py_examples
[9.079s] Installing simple_service_client script to /home/chaitanya/bumperbot_ws/install/bumperbot_py_examples/lib/bumperbot_py_examples
[9.083s] Installing simple_service_server script to /home/chaitanya/bumperbot_ws/install/bumperbot_py_examples/lib/bumperbot_py_examples
[9.084s] Installing simple_subscriber script to /home/chaitanya/bumperbot_ws/install/bumperbot_py_examples/lib/bumperbot_py_examples
[9.085s] Installing simple_tf_kinematics script to /home/chaitanya/bumperbot_ws/install/bumperbot_py_examples/lib/bumperbot_py_examples
[9.087s] Installing simple_turtlesim_kinematics script to /home/chaitanya/bumperbot_ws/install/bumperbot_py_examples/lib/bumperbot_py_examples
[9.095s] writing list of installed files to '/home/chaitanya/bumperbot_ws/build/bumperbot_py_examples/install.log'
[9.276s] Invoked command in '/home/chaitanya/bumperbot_ws/src/bumperbot_py_examples' returned '0': AMENT_PREFIX_PATH=/home/chaitanya/bumperbot_ws/install/bumperbot_msgs:${AMENT_PREFIX_PATH} CMAKE_PREFIX_PATH=/home/chaitanya/bumperbot_ws/install/bumperbot_msgs LD_LIBRARY_PATH=/home/chaitanya/bumperbot_ws/install/bumperbot_msgs/lib:${LD_LIBRARY_PATH} PYTHONPATH=/home/chaitanya/bumperbot_ws/build/bumperbot_py_examples/prefix_override:/usr/lib/python3/dist-packages/colcon_core/task/python/colcon_distutils_commands:/home/chaitanya/bumperbot_ws/install/bumperbot_py_examples/lib/python3.10/site-packages:/home/chaitanya/bumperbot_ws/install/bumperbot_msgs/local/lib/python3.10/dist-packages:${PYTHONPATH} /usr/bin/python3 -W ignore:setup.py install is deprecated -W ignore:easy_install command is deprecated setup.py egg_info --egg-base ../../build/bumperbot_py_examples build --build-base /home/chaitanya/bumperbot_ws/build/bumperbot_py_examples/build install --record /home/chaitanya/bumperbot_ws/build/bumperbot_py_examples/install.log --single-version-externally-managed install_data
