[12.230s] Invoking command in '/home/chaitanya/bumperbot_ws/src/bumperbot_py_examples': CMAKE_PREFIX_PATH=/home/chaitanya/bumperbot_ws/install/bumperbot_msgs:/home/chaitanya/bumperbot_ws/install/bumperbot_cpp_examples:/home/chaitanya/bumperbot_ws/install/bumperbot_localization:/home/chaitanya/bumperbot_ws/install/bumperbot_firmware:/home/chaitanya/bumperbot_ws/install/bumperbot_description:/home/chaitanya/bumperbot_ws/install/bumperbot_controller PYTHONPATH=/home/chaitanya/bumperbot_ws/build/bumperbot_py_examples/prefix_override:/usr/lib/python3/dist-packages/colcon_core/task/python/colcon_distutils_commands:/home/chaitanya/bumperbot_ws/install/bumperbot_py_examples/lib/python3.10/site-packages:${PYTHONPATH} /usr/bin/python3 -W ignore:setup.py install is deprecated -W ignore:easy_install command is deprecated setup.py egg_info --egg-base ../../build/bumperbot_py_examples build --build-base /home/chaitanya/bumperbot_ws/build/bumperbot_py_examples/build install --record /home/chaitanya/bumperbot_ws/build/bumperbot_py_examples/install.log --single-version-externally-managed install_data
[205.351s] running egg_info
[206.036s] writing ../../build/bumperbot_py_examples/bumperbot_py_examples.egg-info/PKG-INFO
[206.131s] writing dependency_links to ../../build/bumperbot_py_examples/bumperbot_py_examples.egg-info/dependency_links.txt
[206.133s] writing entry points to ../../build/bumperbot_py_examples/bumperbot_py_examples.egg-info/entry_points.txt
[206.198s] writing requirements to ../../build/bumperbot_py_examples/bumperbot_py_examples.egg-info/requires.txt
[206.200s] writing top-level names to ../../build/bumperbot_py_examples/bumperbot_py_examples.egg-info/top_level.txt
[209.996s] reading manifest file '../../build/bumperbot_py_examples/bumperbot_py_examples.egg-info/SOURCES.txt'
[210.375s] writing manifest file '../../build/bumperbot_py_examples/bumperbot_py_examples.egg-info/SOURCES.txt'
[210.425s] running build
[210.425s] running build_py
[210.615s] running install
[210.821s] running install_lib
[217.696s] running install_data
[218.186s] running install_egg_info
[221.578s] removing '/home/chaitanya/bumperbot_ws/install/bumperbot_py_examples/lib/python3.10/site-packages/bumperbot_py_examples-0.0.0-py3.10.egg-info' (and everything under it)
[221.813s] Copying ../../build/bumperbot_py_examples/bumperbot_py_examples.egg-info to /home/chaitanya/bumperbot_ws/install/bumperbot_py_examples/lib/python3.10/site-packages/bumperbot_py_examples-0.0.0-py3.10.egg-info
[222.543s] running install_scripts
[268.906s] Installing simple_parameter script to /home/chaitanya/bumperbot_ws/install/bumperbot_py_examples/lib/bumperbot_py_examples
[269.086s] Installing simple_publisher script to /home/chaitanya/bumperbot_ws/install/bumperbot_py_examples/lib/bumperbot_py_examples
[269.087s] Installing simple_service_client script to /home/chaitanya/bumperbot_ws/install/bumperbot_py_examples/lib/bumperbot_py_examples
[269.087s] Installing simple_service_server script to /home/chaitanya/bumperbot_ws/install/bumperbot_py_examples/lib/bumperbot_py_examples
[269.088s] Installing simple_subscriber script to /home/chaitanya/bumperbot_ws/install/bumperbot_py_examples/lib/bumperbot_py_examples
[269.088s] Installing simple_tf_kinematics script to /home/chaitanya/bumperbot_ws/install/bumperbot_py_examples/lib/bumperbot_py_examples
[269.089s] Installing simple_turtlesim_kinematics script to /home/chaitanya/bumperbot_ws/install/bumperbot_py_examples/lib/bumperbot_py_examples
[269.439s] writing list of installed files to '/home/chaitanya/bumperbot_ws/build/bumperbot_py_examples/install.log'
[276.278s] Invoked command in '/home/chaitanya/bumperbot_ws/src/bumperbot_py_examples' returned '0': CMAKE_PREFIX_PATH=/home/chaitanya/bumperbot_ws/install/bumperbot_msgs:/home/chaitanya/bumperbot_ws/install/bumperbot_cpp_examples:/home/chaitanya/bumperbot_ws/install/bumperbot_localization:/home/chaitanya/bumperbot_ws/install/bumperbot_firmware:/home/chaitanya/bumperbot_ws/install/bumperbot_description:/home/chaitanya/bumperbot_ws/install/bumperbot_controller PYTHONPATH=/home/chaitanya/bumperbot_ws/build/bumperbot_py_examples/prefix_override:/usr/lib/python3/dist-packages/colcon_core/task/python/colcon_distutils_commands:/home/chaitanya/bumperbot_ws/install/bumperbot_py_examples/lib/python3.10/site-packages:${PYTHONPATH} /usr/bin/python3 -W ignore:setup.py install is deprecated -W ignore:easy_install command is deprecated setup.py egg_info --egg-base ../../build/bumperbot_py_examples build --build-base /home/chaitanya/bumperbot_ws/build/bumperbot_py_examples/build install --record /home/chaitanya/bumperbot_ws/build/bumperbot_py_examples/install.log --single-version-externally-managed install_data
